<?xml version="1.0" encoding="utf-8" standalone="yes"?>
<!--Tiled2Unity generated xml data-->
<!--Do not modify by hand-->
<!--Last exported: 19/04/2018 2:45:47 AM-->
<Tiled2Unity version="1.0.13.2">
  <AssignMaterial mesh="test-area_mesh_0001" material="roguelikeSheet_transparent" />
  <AssignMaterial mesh="test-area_mesh_0002" material="roguelikeSheet_transparent" />
  <AssignMaterial mesh="test-area_mesh_0003" material="roguelikeSheet_transparent" />
  <AssignMaterial mesh="test-area_mesh_0004" material="roguelikeSheet_transparent" />
  <AssignMaterial mesh="test-area_mesh_0005" material="red-collision-box" />
  <Prefab name="test-area" orientation="Orthogonal" staggerAxis="Y" staggerIndex="Odd" hexSideLength="0" numLayers="5" numTilesWide="75" numTilesHigh="75" tileWidth="16" tileHeight="16" exportScale="1" mapWidthInPixels="1200" mapHeightInPixels="1200" backgroundColor="#808080">
    <GameObject name="Tile Layer 1" x="0" y="0" z="0">
      <TileLayer offsetX="0" offsetY="0" />
      <GameObject name="roguelikeSheet_transparent" x="0" y="0" mesh="test-area_mesh_0001" sortingLayerName="" sortingOrder="0" opacity="1" />
      <GameObject name="Collision">
        <PolygonCollider2D>
          <Path>576,-223 575,-223 575,-208 560,-208 560,-207 512,-207 512,-208 496,-208 496,-271 495,-271 495,-288 512,-288 512,-287 576,-287</Path>
        </PolygonCollider2D>
      </GameObject>
    </GameObject>
    <GameObject name="Tile Layer 2" x="0" y="0" z="0">
      <TileLayer offsetX="0" offsetY="0" />
      <GameObject name="roguelikeSheet_transparent" x="0" y="0" mesh="test-area_mesh_0002" sortingLayerName="" sortingOrder="1" opacity="1" />
    </GameObject>
    <GameObject name="House" x="0" y="0" z="0">
      <TileLayer offsetX="0" offsetY="0" />
      <GameObject name="roguelikeSheet_transparent" x="0" y="0" mesh="test-area_mesh_0003" sortingLayerName="" sortingOrder="2" opacity="1" />
      <GameObject name="Collision">
        <PolygonCollider2D>
          <Path>944,-336 944,-288 928,-288 928,-272 895,-272 895,-288 879,-288 879,-336</Path>
        </PolygonCollider2D>
      </GameObject>
    </GameObject>
    <GameObject name="Objects" x="0" y="0" z="0">
      <TileLayer offsetX="0" offsetY="0" />
      <GameObject name="roguelikeSheet_transparent" x="0" y="0" mesh="test-area_mesh_0004" sortingLayerName="World object" sortingOrder="3" opacity="1" />
      <GameObject name="Collision">
        <PolygonCollider2D>
          <Path>624,-159 608,-159 608,-176 624,-176</Path>
          <Path>784,-175 767,-175 767,-192 784,-192</Path>
          <Path>608,-207 592,-207 592,-224 608,-224</Path>
          <Path>832,-223 816,-223 816,-240 832,-240</Path>
          <Path>752,-223 736,-223 736,-240 752,-240</Path>
          <Path>704,-223 688,-223 688,-240 704,-240</Path>
          <Path>911,-240 896,-240 896,-255 911,-255</Path>
          <Path>895,-256 880,-256 880,-271 895,-271</Path>
          <Path>720,-271 703,-271 703,-288 720,-288</Path>
          <Path>608,-271 592,-271 592,-288 608,-288</Path>
          <Path>943,-272 943,-255 928,-255 928,-256 927,-256 927,-239 912,-239 912,-271 911,-271 911,-256 896,-256 896,-287 895,-287 895,-272 880,-272 880,-304 896,-304 896,-288 912,-288 912,-287 928,-287 928,-303 944,-303 944,-272</Path>
          <Path>752,-303 735,-303 735,-320 752,-320</Path>
          <Path>784,-319 767,-319 767,-336 784,-336</Path>
          <Path>640,-319 623,-319 623,-336 640,-336</Path>
          <Path>560,-319 543,-319 543,-336 560,-336</Path>
          <Path>736,-351 719,-351 719,-368 736,-368</Path>
          <Path>544,-367 527,-367 527,-384 544,-384</Path>
          <Path>784,-383 767,-383 767,-400 784,-400</Path>
          <Path>672,-383 655,-383 655,-400 672,-400</Path>
          <Path>640,-415 623,-415 623,-432 640,-432</Path>
          <Path>832,-431 815,-431 815,-448 832,-448</Path>
        </PolygonCollider2D>
      </GameObject>
    </GameObject>
    <GameObject name="Collision-layer" x="0" y="0" z="0">
      <TileLayer offsetX="0" offsetY="0" />
      <GameObject name="red-collision-box" x="0" y="0" mesh="test-area_mesh_0005" sortingLayerName="" sortingOrder="4" opacity="1" />
      <GameObject name="Collision">
        <PolygonCollider2D>
          <Path>624,-63 1200,-63 1200,-48 624,-48</Path>
          <Path>1200,-64 1184,-64 1184,-79 1200,-79</Path>
          <Path>1200,-80 1184,-80 1184,-95 1200,-95</Path>
          <Path>1200,-96 1184,-96 1184,-111 1200,-111</Path>
          <Path>1200,-112 1184,-112 1184,-127 1200,-127</Path>
          <Path>1200,-128 1184,-128 1184,-143 1200,-143</Path>
          <Path>1200,-144 1184,-144 1184,-159 1200,-159</Path>
          <Path>1200,-160 1184,-160 1184,-175 1200,-175</Path>
          <Path>1200,-176 1184,-176 1184,-191 1200,-191</Path>
          <Path>1200,-192 1184,-192 1184,-207 1200,-207</Path>
          <Path>1200,-208 1184,-208 1184,-223 1200,-223</Path>
          <Path>1200,-224 1184,-224 1184,-239 1200,-239</Path>
          <Path>1200,-240 1184,-240 1184,-255 1200,-255</Path>
          <Path>1200,-256 1184,-256 1184,-271 1200,-271</Path>
          <Path>1200,-272 1184,-272 1184,-287 1200,-287</Path>
          <Path>1200,-288 1184,-288 1184,-303 1200,-303</Path>
          <Path>1200,-304 1184,-304 1184,-319 1200,-319</Path>
          <Path>1040,-319 1072,-319 1072,-304 1040,-304</Path>
          <Path>1200,-320 1184,-320 1184,-335 1200,-335</Path>
          <Path>1040,-335 1072,-335 1072,-320 1040,-320</Path>
          <Path>1200,-336 1184,-336 1184,-351 1200,-351</Path>
          <Path>1040,-351 1072,-351 1072,-336 1040,-336</Path>
          <Path>1200,-352 1184,-352 1184,-367 1200,-367</Path>
          <Path>1040,-367 1072,-367 1072,-352 1040,-352</Path>
          <Path>1200,-368 1184,-368 1184,-383 1200,-383</Path>
          <Path>1040,-383 1072,-383 1072,-368 1040,-368</Path>
          <Path>1200,-384 1184,-384 1184,-399 1200,-399</Path>
          <Path>1200,-400 1184,-400 1184,-415 1200,-415</Path>
          <Path>1200,-416 1184,-416 1184,-431 1200,-431</Path>
          <Path>1200,-432 1184,-432 1184,-447 1200,-447</Path>
          <Path>1200,-448 1184,-448 1184,-463 1200,-463</Path>
          <Path>1200,-464 1184,-464 1184,-479 1200,-479</Path>
          <Path>1200,-480 1184,-480 1184,-495 1200,-495</Path>
          <Path>1200,-496 1184,-496 1184,-511 1200,-511</Path>
          <Path>1200,-512 1184,-512 1184,-527 1200,-527</Path>
          <Path>1200,-528 1184,-528 1184,-543 1200,-543</Path>
          <Path>1200,-544 1184,-544 1184,-559 1200,-559</Path>
          <Path>1200,-560 1184,-560 1184,-575 1200,-575</Path>
          <Path>1200,-576 1184,-576 1184,-591 1200,-591</Path>
          <Path>1200,-592 1184,-592 1184,-607 1200,-607</Path>
          <Path>608,-623 1200,-623 1200,-608 608,-608</Path>
        </PolygonCollider2D>
      </GameObject>
    </GameObject>
    <GameObject name="Object Layer 1" x="0" y="0" z="0">
      <ObjectLayer offsetX="0" offsetY="0" color="#ff808080" />
      <GameObject name="RectangleObject" x="286" y="-26" rotation="0" layer="">
        <RectangleObjectComponent tmx-object-id="3" tmx-object-name="" tmx-object-type="" tmx-object-x="286" tmx-object-y="26" tmx-object-width="338" tmx-object-height="38" tmx-object-rotation="0" />
        <BoxCollider2D width="338" height="38" />
      </GameObject>
      <GameObject name="RectangleObject" x="286" y="-63" rotation="0" layer="">
        <RectangleObjectComponent tmx-object-id="5" tmx-object-name="" tmx-object-type="" tmx-object-x="286" tmx-object-y="63" tmx-object-width="39" tmx-object-height="571" tmx-object-rotation="0" />
        <BoxCollider2D width="39" height="571" />
      </GameObject>
      <GameObject name="PolylineObject" x="777.5" y="-159" rotation="0" layer="">
        <PolylineObjectComponent tmx-object-id="7" tmx-object-name="" tmx-object-type="" tmx-object-x="777.5" tmx-object-y="159" tmx-object-width="0" tmx-object-height="0" tmx-object-rotation="0" />
        <EdgeCollider2D>
          <Points>0,0 -10.5,-26 6.5,-27.5 0.5,0</Points>
        </EdgeCollider2D>
      </GameObject>
      <GameObject name="PolylineObject" x="498" y="-217.25" rotation="0" layer="">
        <PolylineObjectComponent tmx-object-id="9" tmx-object-name="" tmx-object-type="" tmx-object-x="498" tmx-object-y="217.25" tmx-object-width="0" tmx-object-height="0" tmx-object-rotation="0" />
        <EdgeCollider2D>
          <Points>0,0 6.5,6.5 72.75,6.25 76,0.25 76.25,-61.25 67,-69.5 4.5,-69.25 -1,-62 -1,1.5</Points>
        </EdgeCollider2D>
      </GameObject>
      <GameObject name="PolylineObject" x="547.75" y="-335.25" rotation="0" layer="">
        <PolylineObjectComponent tmx-object-id="8" tmx-object-name="" tmx-object-type="" tmx-object-x="547.75" tmx-object-y="335.25" tmx-object-width="0" tmx-object-height="0" tmx-object-rotation="0" />
        <EdgeCollider2D>
          <Points>0,0 3,4 5.75,4 7.25,1.25 7,-1.5 0.5,-0.75</Points>
        </EdgeCollider2D>
      </GameObject>
      <GameObject name="RectangleObject" x="326" y="-607" rotation="0" layer="">
        <RectangleObjectComponent tmx-object-id="6" tmx-object-name="" tmx-object-type="" tmx-object-x="326" tmx-object-y="607" tmx-object-width="285" tmx-object-height="22" tmx-object-rotation="0" />
        <BoxCollider2D width="285" height="22" />
      </GameObject>
    </GameObject>
  </Prefab>
  <ImportMesh filename="test-area_mesh_0001.obj">IyBUaWxlZDJVbml0eSBnZW5lcmF0ZWQgZmlsZS4gRG8gbm90IG1vZGlmeSBieSBoYW5kLg0KIyBXYXZlZnJvbnQgZmlsZSBmb3IgJ3Rlc3QtYXJlYV9tZXNoXzAwMDEub2JqJw0KDQojIFZlcnRpY2VzIChDb3VudCA9IDIyNDkyKQ0KdiAtMTE4NCAtMTYgMA0KdiAtMTIwMCAtMTYgMA0KdiAtMTIwMCAwIDANCnYgLTExODQgMCAwDQp2IC0xMTY4IC0xNiAwDQp2IC0xMTg0IC0xNiAwDQp2IC0xMTg0IDAgMA0KdiAtMTE2OCAwIDANCnYgLTExNTIgLTE2IDANCnYgLTExNjggLTE2IDANCnYgLTExNjggMCAwDQp2IC0xMTUyIDAgMA0KdiAtMTEzNiAtMTYgMA0KdiAtMTE1MiAtMTYgMA0KdiAtMTE1MiAwIDANCnYgLTExMzYgMCAwDQp2IC0xMTIwIC0xNiAwDQp2IC0xMTM2IC0xNiAwDQp2IC0xMTM2IDAgMA0KdiAtMTEyMCAwIDANCnYgLTExMDQgLTE2IDANCnYgLTExMjAgLTE2IDANCnYgLTExMjAgMCAwDQp2IC0xMTA0IDAgMA0KdiAtMTA4OCAtMTYgMA0KdiAtMTEwNCAtMTYgMA0KdiAtMTEwNCAwIDANCnYgLTEwODggMCAwDQp2IC0xMDcyIC0xNiAwDQp2IC0xMDg4IC0xNiAwDQp2IC0xMDg4IDAgMA0KdiAtMTA3MiAwIDANCnYgLTEwNTYgLTE2IDANCnYgLTEwNzIgLTE2IDANCnYgLTEwNzIgMCAwDQp2IC0xMDU2IDAgMA0KdiAtMTA0MCAtMTYgMA0KdiAtMTA1NiAtMTYgMA0KdiAtMTA1NiAwIDANCnYgLTEwNDAgMCAwDQp2IC0xMDI0IC0xNiAwDQp2IC0xMDQwIC0xNiAwDQp2IC0xMDQwIDAgMA0KdiAtMTAyNCAwIDANCnYgLTEwMDggLTE2IDANCnYgLTEwMjQgLTE2IDANCnYgLTEwMjQgMCAwDQp2IC0xMDA4IDAgMA0KdiAtOTkyIC0xNiAwDQp2IC0xMDA4IC0xNiAwDQp2IC0xMDA4IDAgMA0KdiAtOTkyIDAgMA0KdiAtOTc2IC0xNiAwDQp2IC05OTIgLTE2IDANCnYgLTk5MiAwIDANCnYgLTk3NiAwIDANCnYgLTk2MCAtMTYgMA0KdiAtOTc2IC0xNiAwDQp2IC05NzYgMCAwDQp2IC05NjAgMCAwDQp2IC05NDQgLTE2IDANCnYgLTk2MCAtMTYgMA0KdiAtOTYwIDAgMA0KdiAtOTQ0IDAgMA0KdiAtOTI4IC0xNiAwDQp2IC05NDQgLTE2IDANCnYgLTk0NCAwIDANCnYgLTkyOCAwIDANCnYgLTkxMiAtMTYgMA0KdiAtOTI4IC0xNiAwDQp2IC05MjggMCAwDQp2IC05MTIgMCAwDQp2IC04OTYgLTE2IDANCnYgLTkxMiAtMTYgMA0KdiAtOTEyIDAgMA0KdiAtODk2IDAgMA0KdiAtODgwIC0xNiAwDQp2IC04OTYgLTE2IDANCnYgLTg5NiAwIDANCnYgLTg4MCAwIDANCnYgLTg2NCAtMTYgMA0KdiAtODgwIC0xNiAwDQp2IC04ODAgMCAwDQp2IC04NjQgMCAwDQp2IC04NDggLTE2IDANCnYgLTg2NCAtMTYgMA0KdiAtODY0IDAgMA0KdiAtODQ4IDAgMA0KdiAtODMyIC0xNiAwDQp2IC04NDggLTE2IDANCnYgLTg0OCAwIDANCnYgLTgzMiAwIDANCnYgLTgxNiAtMTYgMA0KdiAtODMyIC0xNiAwDQp2IC04MzIgMCAwDQp2IC04MTYgMCAwDQp2IC04MDAgLTE2IDANCnYgLTgxNiAtMTYgMA0KdiAtODE2IDAgMA0KdiAtODAwIDAgMA0KdiAtNzg0IC0xNiAwDQp2IC04MDAgLTE2IDANCnYgLTgwMCAwIDANCnYgLTc4NCAwIDANCnYgLTc2OCAtMTYgMA0KdiAtNzg0IC0xNiAwDQp2IC03ODQgMCAwDQp2IC03NjggMCAwDQp2IC03NTIgLTE2IDANCnYgLTc2OCAtMTYgMA0KdiAtNzY4IDAgMA0KdiAtNzUyIDAgMA0KdiAtNzM2IC0xNiAwDQp2IC03NTIgLTE2IDANCnYgLTc1MiAwIDANCnYgLTczNiAwIDANCnYgLTcyMCAtMTYgMA0KdiAtNzM2IC0xNiAwDQp2IC03MzYgMCAwDQp2IC03MjAgMCAwDQp2IC03MDQgLTE2IDANCnYgLTcyMCAtMTYgMA0KdiAtNzIwIDAgMA0KdiAtNzA0IDAgMA0KdiAtNjg4IC0xNiAwDQp2IC03MDQgLTE2IDANCnYgLTcwNCAwIDANCnYgLTY4OCAwIDANCnYgLTY3MiAtMTYgMA0KdiAtNjg4IC0xNiAwDQp2IC02ODggMCAwDQp2IC02NzIgMCAwDQp2IC02NTYgLTE2IDANCnYgLTY3MiAtMTYgMA0KdiAtNjcyIDAgMA0KdiAtNjU2IDAgMA0KdiAtNjQwIC0xNiAwDQp2IC02NTYgLTE2IDANCnYgLTY1NiAwIDANCnYgLTY0MCAwIDANCnYgLTYyNCAtMTYgMA0KdiAtNjQwIC0xNiAwDQp2IC02NDAgMCAwDQp2IC02MjQgMCAwDQp2IC02MDggLTE2IDANCnYgLTYyNCAtMTYgMA0KdiAtNjI0IDAgMA0KdiAtNjA4IDAgMA0KdiAtNTkyIC0xNiAwDQp2IC02MDggLTE2IDANCnYgLTYwOCAwIDANCnYgLTU5MiAwIDANCnYgLTU3NiAtMTYgMA0KdiAtNTkyIC0xNiAwDQp2IC01OTIgMCAwDQp2IC01NzYgMCAwDQp2IC01NjAgLTE2IDANCnYgLTU3NiAtMTYgMA0KdiAtNTc2IDAgMA0KdiAtNTYwIDAgMA0KdiAtNTQ0IC0xNiAwDQp2IC01NjAgLTE2IDANCnYgLTU2MCAwIDANCnYgLTU0NCAwIDANCnYgLTUyOCAtMTYgMA0KdiAtNTQ0IC0xNiAwDQp2IC01NDQgMCAwDQp2IC01MjggMCAwDQp2IC01MTIgLTE2IDANCnYgLTUyOCAtMTYgMA0KdiAtNTI4IDAgMA0KdiAtNTEyIDAgMA0KdiAtNDk2IC0xNiAwDQp2IC01MTIgLTE2IDANCnYgLTUxMiAwIDANCnYgLTQ5NiAwIDANCnYgLTQ4MCAtMTYgMA0KdiAtNDk2IC0xNiAwDQp2IC00OTYgMCAwDQp2IC00ODAgMCAwDQp2IC00NjQgLTE2IDANCnYgLTQ4MCAtMTYgMA0KdiAtNDgwIDAgMA0KdiAtNDY0IDAgMA0KdiAtNDQ4IC0xNiAwDQp2IC00NjQgLTE2IDANCnYgLTQ2NCAwIDANCnYgLTQ0OCAwIDANCnYgLTQzMiAtMTYgMA0KdiAtNDQ4IC0xNiAwDQp2IC00NDggMCAwDQp2IC00MzIgMCAwDQp2IC00MTYgLTE2IDANCnYgLTQzMiAtMTYgMA0KdiAtNDMyIDAgMA0KdiAtNDE2IDAgMA0KdiAtNDAwIC0xNiAwDQp2IC00MTYgLTE2IDANCnYgLTQxNiAwIDANCnYgLTQwMCAwIDANCnYgLTM4NCAtMTYgMA0KdiAtNDAwIC0xNiAwDQp2IC00MDAgMCAwDQp2IC0zODQgMCAwDQp2IC0zNjggLTE2IDANCnYgLTM4NCAtMTYgMA0KdiAtMzg0IDAgMA0KdiAtMzY4IDAgMA0KdiAtMzUyIC0xNiAwDQp2IC0zNjggLTE2IDANCnYgLTM2OCAwIDANCnYgLTM1MiAwIDANCnYgLTMzNiAtMTYgMA0KdiAtMzUyIC0xNiAwDQp2IC0zNTIgMCAwDQp2IC0zMzYgMCAwDQp2IC0zMjAgLTE2IDANCnYgLTMzNiAtMTYgMA0KdiAtMzM2IDAgMA0KdiAtMzIwIDAgMA0KdiAtMzA0IC0xNiAwDQp2IC0zMjAgLTE2IDANCnYgLTMyMCAwIDANCnYgLTMwNCAwIDANCnYgLTI4OCAtMTYgMA0KdiAtMzA0IC0xNiAwDQp2IC0zMDQgMCAwDQp2IC0yODggMCAwDQp2IC0yNzIgLTE2IDANCnYgLTI4OCAtMTYgMA0KdiAtMjg4IDAgMA0KdiAtMjcyIDAgMA0KdiAtMjU2IC0xNiAwDQp2IC0yNzIgLTE2IDANCnYgLTI3MiAwIDANCnYgLTI1NiAwIDANCnYgLTI0MCAtMTYgMA0KdiAtMjU2IC0xNiAwDQp2IC0yNTYgMCAwDQp2IC0yNDAgMCAwDQp2IC0yMjQgLTE2IDANCnYgLTI0MCAtMTYgMA0KdiAtMjQwIDAgMA0KdiAtMjI0IDAgMA0KdiAtMjA4IC0xNiAwDQp2IC0yMjQgLTE2IDANCnYgLTIyNCAwIDANCnYgLTIwOCAwIDANCnYgLTE5MiAtMTYgMA0KdiAtMjA4IC0xNiAwDQp2IC0yMDggMCAwDQp2IC0xOTIgMCAwDQp2IC0xNzYgLTE2IDANCnYgLTE5MiAtMTYgMA0KdiAtMTkyIDAgMA0KdiAtMTc2IDAgMA0KdiAtMTYwIC0xNiAwDQp2IC0xNzYgLTE2IDANCnYgLTE3NiAwIDANCnYgLTE2MCAwIDANCnYgLTE0NCAtMTYgMA0KdiAtMTYwIC0xNiAwDQp2IC0xNjAgMCAwDQp2IC0xNDQgMCAwDQp2IC0xMjggLTE2IDANCnYgLTE0NCAtMTYgMA0KdiAtMTQ0IDAgMA0KdiAtMTI4IDAgMA0KdiAtMTEyIC0xNiAwDQp2IC0xMjggLTE2IDANCnYgLTEyOCAwIDANCnYgLTExMiAwIDANCnYgLTk2IC0xNiAwDQp2IC0xMTIgLTE2IDANCnYgLTExMiAwIDANCnYgLTk2IDAgMA0KdiAtODAgLTE2IDANCnYgLTk2IC0xNiAwDQp2IC05NiAwIDANCnYgLTgwIDAgMA0KdiAtNjQgLTE2IDANCnYgLTgwIC0xNiAwDQp2IC04MCAwIDANCnYgLTY0IDAgMA0KdiAtNDggLTE2IDANCnYgLTY0IC0xNiAwDQp2IC02NCAwIDANCnYgLTQ4IDAgMA0KdiAtMzIgLTE2IDANCnYgLTQ4IC0xNiAwDQp2IC00OCAwIDANCnYgLTMyIDAgMA0KdiAtMTYgLTE2IDANCnYgLTMyIC0xNiAwDQp2IC0zMiAwIDANCnYgLTE2IDAgMA0KdiAwIC0xNiAwDQp2IC0xNiAtMTYgMA0KdiAtMTYgMCAwDQp2IDAgMCAwDQp2IC0xMTg0IC0zMiAwDQp2IC0xMjAwIC0zMiAwDQp2IC0xMjAwIC0xNiAwDQp2IC0xMTg0IC0xNiAwDQp2IC0xMTY4IC0zMiAwDQp2IC0xMTg0IC0zMiAwDQp2IC0xMTg0IC0xNiAwDQp2IC0xMTY4IC0xNiAwDQp2IC0xMTUyIC0zMiAwDQp2IC0xMTY4IC0zMiAwDQp2IC0xMTY4IC0xNiAwDQp2IC0xMTUyIC0xNiAwDQp2IC0xMTM2IC0zMiAwDQp2IC0xMTUyIC0zMiAwDQp2IC0xMTUyIC0xNiAwDQp2IC0xMTM2IC0xNiAwDQp2IC0xMTIwIC0zMiAwDQp2IC0xMTM2IC0zMiAwDQp2IC0xMTM2IC0xNiAwDQp2IC0xMTIwIC0xNiAwDQp2IC0xMTA0IC0zMiAwDQp2IC0xMTIwIC0zMiAwDQp2IC0xMTIwIC0xNiAwDQp2IC0xMTA0IC0xNiAwDQp2IC0xMDg4IC0zMiAwDQp2IC0xMTA0IC0zMiAwDQp2IC0xMTA0IC0xNiAwDQp2IC0xMDg4IC0xNiAwDQp2IC0xMDcyIC0zMiAwDQp2IC0xMDg4IC0zMiAwDQp2IC0xMDg4IC0xNiAwDQp2IC0xMDcyIC0xNiAwDQp2IC0xMDU2IC0zMiAwDQp2IC0xMDcyIC0zMiAwDQp2IC0xMDcyIC0xNiAwDQp2IC0xMDU2IC0xNiAwDQp2IC0xMDQwIC0zMiAwDQp2IC0xMDU2IC0zMiAwDQp2IC0xMDU2IC0xNiAwDQp2IC0xMDQwIC0xNiAwDQp2IC0xMDI0IC0zMiAwDQp2IC0xMDQwIC0zMiAwDQp2IC0xMDQwIC0xNiAwDQp2IC0xMDI0IC0xNiAwDQp2IC0xMDA4IC0zMiAwDQp2IC0xMDI0IC0zMiAwDQp2IC0xMDI0IC0xNiAwDQp2IC0xMDA4IC0xNiAwDQp2IC05OTIgLTMyIDANCnYgLTEwMDggLTMyIDANCnYgLTEwMDggLTE2IDANCnYgLTk5MiAtMTYgMA0KdiAtOTc2IC0zMiAwDQp2IC05OTIgLTMyIDANCnYgLTk5MiAtMTYgMA0KdiAtOTc2IC0xNiAwDQp2IC05NjAgLTMyIDANCnYgLTk3NiAtMzIgMA0KdiAtOTc2IC0xNiAwDQp2IC05NjAgLTE2IDANCnYgLTk0NCAtMzIgMA0KdiAtOTYwIC0zMiAwDQp2IC05NjAgLTE2IDANCnYgLTk0NCAtMTYgMA0KdiAtOTI4IC0zMiAwDQp2IC05NDQgLTMyIDANCnYgLTk0NCAtMTYgMA0KdiAtOTI4IC0xNiAwDQp2IC05MTIgLTMyIDANCnYgLTkyOCAtMzIgMA0KdiAtOTI4IC0xNiAwDQp2IC05MTIgLTE2IDANCnYgLTg5NiAtMzIgMA0KdiAtOTEyIC0zMiAwDQp2IC05MTIgLTE2IDANCnYgLTg5NiAtMTYgMA0KdiAtODgwIC0zMiAwDQp2IC04OTYgLTMyIDANCnYgLTg5NiAtMTYgMA0KdiAtODgwIC0xNiAwDQp2IC04NjQgLTMyIDANCnYgLTg4MCAtMzIgMA0KdiAtODgwIC0xNiAwDQp2IC04NjQgLTE2IDANCnYgLTg0OCAtMzIgMA0KdiAtODY0IC0zMiAwDQp2IC04NjQgLTE2IDANCnYgLTg0OCAtMTYgMA0KdiAtODMyIC0zMiAwDQp2IC04NDggLTMyIDANCnYgLTg0OCAtMTYgMA0KdiAtODMyIC0xNiAwDQp2IC04MTYgLTMyIDANCnYgLTgzMiAtMzIgMA0KdiAtODMyIC0xNiAwDQp2IC04MTYgLTE2IDANCnYgLTgwMCAtMzIgMA0KdiAtODE2IC0zMiAwDQp2IC04MTYgLTE2IDANCnYgLTgwMCAtMTYgMA0KdiAtNzg0IC0zMiAwDQp2IC04MDAgLTMyIDANCnYgLTgwMCAtMTYgMA0KdiAtNzg0IC0xNiAwDQp2IC03NjggLTMyIDANCnYgLTc4NCAtMzIgMA0KdiAtNzg0IC0xNiAwDQp2IC03NjggLTE2IDANCnYgLTc1MiAtMzIgMA0KdiAtNzY4IC0zMiAwDQp2IC03NjggLTE2IDANCnYgLTc1MiAtMTYgMA0KdiAtNzM2IC0zMiAwDQp2IC03NTIgLTMyIDANCnYgLTc1MiAtMTYgMA0KdiAtNzM2IC0xNiAwDQp2IC03MjAgLTMyIDANCnYgLTczNiAtMzIgMA0KdiAtNzM2IC0xNiAwDQp2IC03MjAgLTE2IDANCnYgLTcwNCAtMzIgMA0KdiAtNzIwIC0zMiAwDQp2IC03MjAgLTE2IDANCnYgLTcwNCAtMTYgMA0KdiAtNjg4IC0zMiAwDQp2IC03MDQgLTMyIDANCnYgLTcwNCAtMTYgMA0KdiAtNjg4IC0xNiAwDQp2IC02NzIgLTMyIDANCnYgLTY4OCAtMzIgMA0KdiAtNjg4IC0xNiAwDQp2IC02NzIgLTE2IDANCnYgLTY1NiAtMzIgMA0KdiAtNjcyIC0zMiAwDQp2IC02NzIgLTE2IDANCnYgLTY1NiAtMTYgMA0KdiAtNjQwIC0zMiAwDQp2IC02NTYgLTMyIDANCnYgLTY1NiAtMTYgMA0KdiAtNjQwIC0xNiAwDQp2IC02MjQgLTMyIDANCnYgLTY0MCAtMzIgMA0KdiAtNjQwIC0xNiAwDQp2IC02MjQgLTE2IDANCnYgLTYwOCAtMzIgMA0KdiAtNjI0IC0zMiAwDQp2IC02MjQgLTE2IDANCnYgLTYwOCAtMTYgMA0KdiAtNTkyIC0zMiAwDQp2IC02MDggLTMyIDANCnYgLTYwOCAtMTYgMA0KdiAtNTkyIC0xNiAwDQp2IC01NzYgLTMyIDANCnYgLTU5MiAtMzIgMA0KdiAtNTkyIC0xNiAwDQp2IC01NzYgLTE2IDANCnYgLTU2MCAtMzIgMA0KdiAtNTc2IC0zMiAwDQp2IC01NzYgLTE2IDANCnYgLTU2MCAtMTYgMA0KdiAtNTQ0IC0zMiAwDQp2IC01NjAgLTMyIDANCnYgLTU2MCAtMTYgMA0KdiAtNTQ0IC0xNiAwDQp2IC01MjggLTMyIDANCnYgLTU0NCAtMzIgMA0KdiAtNTQ0IC0xNiAwDQp2IC01MjggLTE2IDANCnYgLTUxMiAtMzIgMA0KdiAtNTI4IC0zMiAwDQp2IC01MjggLTE2IDANCnYgLTUxMiAtMTYgMA0KdiAtNDk2IC0zMiAwDQp2IC01MTIgLTMyIDANCnYgLTUxMiAtMTYgMA0KdiAtNDk2IC0xNiAwDQp2IC00ODAgLTMyIDANCnYgLTQ5NiAtMzIgMA0KdiAtNDk2IC0xNiAwDQp2IC00ODAgLTE2IDANCnYgLTQ2NCAtMzIgMA0KdiAtNDgwIC0zMiAwDQp2IC00ODAgLTE2IDANCnYgLTQ2NCAtMTYgMA0KdiAtNDQ4IC0zMiAwDQp2IC00NjQgLTMyIDANCnYgLTQ2NCAtMTYgMA0KdiAtNDQ4IC0xNiAwDQp2IC00MzIgLTMyIDANCnYgLTQ0OCAtMzIgMA0KdiAtNDQ4IC0xNiAwDQp2IC00MzIgLTE2IDANCnYgLTQxNiAtMzIgMA0KdiAtNDMyIC0zMiAwDQp2IC00MzIgLTE2IDANCnYgLTQxNiAtMTYgMA0KdiAtNDAwIC0zMiAwDQp2IC00MTYgLTMyIDANCnYgLTQxNiAtMTYgMA0KdiAtNDAwIC0xNiAwDQp2IC0zODQgLTMyIDANCnYgLTQwMCAtMzIgMA0KdiAtNDAwIC0xNiAwDQp2IC0zODQgLTE2IDANCnYgLTM2OCAtMzIgMA0KdiAtMzg0IC0zMiAwDQp2IC0zODQgLTE2IDANCnYgLTM2OCAtMTYgMA0KdiAtMzUyIC0zMiAwDQp2IC0zNjggLTMyIDANCnYgLTM2OCAtMTYgMA0KdiAtMzUyIC0xNiAwDQp2IC0zMzYgLTMyIDANCnYgLTM1MiAtMzIgMA0KdiAtMzUyIC0xNiAwDQp2IC0zMzYgLTE2IDANCnYgLTMyMCAtMzIgMA0KdiAtMzM2IC0zMiAwDQp2IC0zMzYgLTE2IDANCnYgLTMyMCAtMTYgMA0KdiAtMzA0IC0zMiAwDQp2IC0zMjAgLTMyIDANCnYgLTMyMCAtMTYgMA0KdiAtMzA0IC0xNiAwDQp2IC0yODggLTMyIDANCnYgLTMwNCAtMzIgMA0KdiAtMzA0IC0xNiAwDQp2IC0yODggLTE2IDANCnYgLTI3MiAtMzIgMA0KdiAtMjg4IC0zMiAwDQp2IC0yODggLTE2IDANCnYgLTI3MiAtMTYgMA0KdiAtMjU2IC0zMiAwDQp2IC0yNzIgLTMyIDANCnYgLTI3MiAtMTYgMA0KdiAtMjU2IC0xNiAwDQp2IC0yNDAgLTMyIDANCnYgLTI1NiAtMzIgMA0KdiAtMjU2IC0xNiAwDQp2IC0yNDAgLTE2IDANCnYgLTIyNCAtMzIgMA0KdiAtMjQwIC0zMiAwDQp2IC0yNDAgLTE2IDANCnYgLTIyNCAtMTYgMA0KdiAtMjA4IC0zMiAwDQp2IC0yMjQgLTMyIDANCnYgLTIyNCAtMTYgMA0KdiAtMjA4IC0xNiAwDQp2IC0xOTIgLTMyIDANCnYgLTIwOCAtMzIgMA0KdiAtMjA4IC0xNiAwDQp2IC0xOTIgLTE2IDANCnYgLTE3NiAtMzIgMA0KdiAtMTkyIC0zMiAwDQp2IC0xOTIgLTE2IDANCnYgLTE3NiAtMTYgMA0KdiAtMTYwIC0zMiAwDQp2IC0xNzYgLTMyIDANCnYgLTE3NiAtMTYgMA0KdiAtMTYwIC0xNiAwDQp2IC0xNDQgLTMyIDANCnYgLTE2MCAtMzIgMA0KdiAtMTYwIC0xNiAwDQp2IC0xNDQgLTE2IDANCnYgLTEyOCAtMzIgMA0KdiAtMTQ0IC0zMiAwDQp2IC0xNDQgLTE2IDANCnYgLTEyOCAtMTYgMA0KdiAtMTEyIC0zMiAwDQp2IC0xMjggLTMyIDANCnYgLTEyOCAtMTYgMA0KdiAtMTEyIC0xNiAwDQp2IC05NiAtMzIgMA0KdiAtMTEyIC0zMiAwDQp2IC0xMTIgLTE2IDANCnYgLTk2IC0xNiAwDQp2IC04MCAtMzIgMA0KdiAtOTYgLTMyIDANCnYgLTk2IC0xNiAwDQp2IC04MCAtMTYgMA0KdiAtNjQgLTMyIDANCnYgLTgwIC0zMiAwDQp2IC04MCAtMTYgMA0KdiAtNjQgLTE2IDANCnYgLTQ4IC0zMiAwDQp2IC02NCAtMzIgMA0KdiAtNjQgLTE2IDANCnYgLTQ4IC0xNiAwDQp2IC0zMiAtMzIgMA0KdiAtNDggLTMyIDANCnYgLTQ4IC0xNiAwDQp2IC0zMiAtMTYgMA0KdiAtMTYgLTMyIDANCnYgLTMyIC0zMiAwDQp2IC0zMiAtMTYgMA0KdiAtMTYgLTE2IDANCnYgMCAtMzIgMA0KdiAtMTYgLTMyIDANCnYgLTE2IC0xNiAwDQp2IDAgLTE2IDANCnYgLTExODQgLTQ4IDANCnYgLTEyMDAgLTQ4IDANCnYgLTEyMDAgLTMyIDANCnYgLTExODQgLTMyIDANCnYgLTExNjggLTQ4IDANCnYgLTExODQgLTQ4IDANCnYgLTExODQgLTMyIDANCnYgLTExNjggLTMyIDANCnYgLTExNTIgLTQ4IDANCnYgLTExNjggLTQ4IDANCnYgLTExNjggLTMyIDANCnYgLTExNTIgLTMyIDANCnYgLTExMzYgLTQ4IDANCnYgLTExNTIgLTQ4IDANCnYgLTExNTIgLTMyIDANCnYgLTExMzYgLTMyIDANCnYgLTExMjAgLTQ4IDANCnYgLTExMzYgLTQ4IDANCnYgLTExMzYgLTMyIDANCnYgLTExMjAgLTMyIDANCnYgLTExMDQgLTQ4IDANCnYgLTExMjAgLTQ4IDANCnYgLTExMjAgLTMyIDANCnYgLTExMDQgLTMyIDANCnYgLTEwODggLTQ4IDANCnYgLTExMDQgLTQ4IDANCnYgLTExMDQgLTMyIDANCnYgLTEwODggLTMyIDANCnYgLTEwNzIgLTQ4IDANCnYgLTEwODggLTQ4IDANCnYgLTEwODggLTMyIDANCnYgLTEwNzIgLTMyIDANCnYgLTEwNTYgLTQ4IDANCnYgLTEwNzIgLTQ4IDANCnYgLTEwNzIgLTMyIDANCnYgLTEwNTYgLTMyIDANCnYgLTEwNDAgLTQ4IDANCnYgLTEwNTYgLTQ4IDANCnYgLTEwNTYgLTMyIDANCnYgLTEwNDAgLTMyIDANCnYgLTEwMjQgLTQ4IDANCnYgLTEwNDAgLTQ4IDANCnYgLTEwNDAgLTMyIDANCnYgLTEwMjQgLTMyIDANCnYgLTEwMDggLTQ4IDANCnYgLTEwMjQgLTQ4IDANCnYgLTEwMjQgLTMyIDANCnYgLTEwMDggLTMyIDANCnYgLTk5MiAtNDggMA0KdiAtMTAwOCAtNDggMA0KdiAtMTAwOCAtMzIgMA0KdiAtOTkyIC0zMiAwDQp2IC05NzYgLTQ4IDANCnYgLTk5MiAtNDggMA0KdiAtOTkyIC0zMiAwDQp2IC05NzYgLTMyIDANCnYgLTk2MCAtNDggMA0KdiAtOTc2IC00OCAwDQp2IC05NzYgLTMyIDANCnYgLTk2MCAtMzIgMA0KdiAtOTQ0IC00OCAwDQp2IC05NjAgLTQ4IDANCnYgLTk2MCAtMzIgMA0KdiAtOTQ0IC0zMiAwDQp2IC05MjggLTQ4IDANCnYgLTk0NCAtNDggMA0KdiAtOTQ0IC0zMiAwDQp2IC05MjggLTMyIDANCnYgLTkxMiAtNDggMA0KdiAtOTI4IC00OCAwDQp2IC05MjggLTMyIDANCnYgLTkxMiAtMzIgMA0KdiAtODk2IC00OCAwDQp2IC05MTIgLTQ4IDANCnYgLTkxMiAtMzIgMA0KdiAtODk2IC0zMiAwDQp2IC04ODAgLTQ4IDANCnYgLTg5NiAtNDggMA0KdiAtODk2IC0zMiAwDQp2IC04ODAgLTMyIDANCnYgLTg2NCAtNDggMA0KdiAtODgwIC00OCAwDQp2IC04ODAgLTMyIDANCnYgLTg2NCAtMzIgMA0KdiAtODQ4IC00OCAwDQp2IC04NjQgLTQ4IDANCnYgLTg2NCAtMzIgMA0KdiAtODQ4IC0zMiAwDQp2IC04MzIgLTQ4IDANCnYgLTg0OCAtNDggMA0KdiAtODQ4IC0zMiAwDQp2IC04MzIgLTMyIDANCnYgLTgxNiAtNDggMA0KdiAtODMyIC00OCAwDQp2IC04MzIgLTMyIDANCnYgLTgxNiAtMzIgMA0KdiAtODAwIC00OCAwDQp2IC04MTYgLTQ4IDANCnYgLTgxNiAtMzIgMA0KdiAtODAwIC0zMiAwDQp2IC03ODQgLTQ4IDANCnYgLTgwMCAtNDggMA0KdiAtODAwIC0zMiAwDQp2IC03ODQgLTMyIDANCnYgLTc2OCAtNDggMA0KdiAtNzg0IC00OCAwDQp2IC03ODQgLTMyIDANCnYgLTc2OCAtMzIgMA0KdiAtNzUyIC00OCAwDQp2IC03NjggLTQ4IDANCnYgLTc2OCAtMzIgMA0KdiAtNzUyIC0zMiAwDQp2IC03MzYgLTQ4IDANCnYgLTc1MiAtNDggMA0KdiAtNzUyIC0zMiAwDQp2IC03MzYgLTMyIDANCnYgLTcyMCAtNDggMA0KdiAtNzM2IC00OCAwDQp2IC03MzYgLTMyIDANCnYgLTcyMCAtMzIgMA0KdiAtNzA0IC00OCAwDQp2IC03MjAgLTQ4IDANCnYgLTcyMCAtMzIgMA0KdiAtNzA0IC0zMiAwDQp2IC02ODggLTQ4IDANCnYgLTcwNCAtNDggMA0KdiAtNzA0IC0zMiAwDQp2IC02ODggLTMyIDANCnYgLTY3MiAtNDggMA0KdiAtNjg4IC00OCAwDQp2IC02ODggLTMyIDANCnYgLTY3MiAtMzIgMA0KdiAtNjU2IC00OCAwDQp2IC02NzIgLTQ4IDANCnYgLTY3MiAtMzIgMA0KdiAtNjU2IC0zMiAwDQp2IC02NDAgLTQ4IDANCnYgLTY1NiAtNDggMA0KdiAtNjU2IC0zMiAwDQp2IC02NDAgLTMyIDANCnYgLTYyNCAtNDggMA0KdiAtNjQwIC00OCAwDQp2IC02NDAgLTMyIDANCnYgLTYyNCAtMzIgMA0KdiAtNjA4IC00OCAwDQp2IC02MjQgLTQ4IDANCnYgLTYyNCAtMzIgMA0KdiAtNjA4IC0zMiAwDQp2IC01OTIgLTQ4IDANCnYgLTYwOCAtNDggMA0KdiAtNjA4IC0zMiAwDQp2IC01OTIgLTMyIDANCnYgLTU3NiAtNDggMA0KdiAtNTkyIC00OCAwDQp2IC01OTIgLTMyIDANCnYgLTU3NiAtMzIgMA0KdiAtNTYwIC00OCAwDQp2IC01NzYgLTQ4IDANCnYgLTU3NiAtMzIgMA0KdiAtNTYwIC0zMiAwDQp2IC01NDQgLTQ4IDANCnYgLTU2MCAtNDggMA0KdiAtNTYwIC0zMiAwDQp2IC01NDQgLTMyIDANCnYgLTUyOCAtNDggMA0KdiAtNTQ0IC00OCAwDQp2IC01NDQgLTMyIDANCnYgLTUyOCAtMzIgMA0KdiAtNTEyIC00OCAwDQp2IC01MjggLTQ4IDANCnYgLTUyOCAtMzIgMA0KdiAtNTEyIC0zMiAwDQp2IC00OTYgLTQ4IDANCnYgLTUxMiAtNDggMA0KdiAtNTEyIC0zMiAwDQp2IC00OTYgLTMyIDANCnYgLTQ4MCAtNDggMA0KdiAtNDk2IC00OCAwDQp2IC00OTYgLTMyIDANCnYgLTQ4MCAtMzIgMA0KdiAtNDY0IC00OCAwDQp2IC00ODAgLTQ4IDANCnYgLTQ4MCAtMzIgMA0KdiAtNDY0IC0zMiAwDQp2IC00NDggLTQ4IDANCnYgLTQ2NCAtNDggMA0KdiAtNDY0IC0zMiAwDQp2IC00NDggLTMyIDANCnYgLTQzMiAtNDggMA0KdiAtNDQ4IC00OCAwDQp2IC00NDggLTMyIDANCnYgLTQzMiAtMzIgMA0KdiAtNDE2IC00OCAwDQp2IC00MzIgLTQ4IDANCnYgLTQzMiAtMzIgMA0KdiAtNDE2IC0zMiAwDQp2IC00MDAgLTQ4IDANCnYgLTQxNiAtNDggMA0KdiAtNDE2IC0zMiAwDQp2IC00MDAgLTMyIDANCnYgLTM4NCAtNDggMA0KdiAtNDAwIC00OCAwDQp2IC00MDAgLTMyIDANCnYgLTM4NCAtMzIgMA0KdiAtMzY4IC00OCAwDQp2IC0zODQgLTQ4IDANCnYgLTM4NCAtMzIgMA0KdiAtMzY4IC0zMiAwDQp2IC0zNTIgLTQ4IDANCnYgLTM2OCAtNDggMA0KdiAtMzY4IC0zMiAwDQp2IC0zNTIgLTMyIDANCnYgLTMzNiAtNDggMA0KdiAtMzUyIC00OCAwDQp2IC0zNTIgLTMyIDANCnYgLTMzNiAtMzIgMA0KdiAtMzIwIC00OCAwDQp2IC0zMzYgLTQ4IDANCnYgLTMzNiAtMzIgMA0KdiAtMzIwIC0zMiAwDQp2IC0zMDQgLTQ4IDANCnYgLTMyMCAtNDggMA0KdiAtMzIwIC0zMiAwDQp2IC0zMDQgLTMyIDANCnYgLTI4OCAtNDggMA0KdiAtMzA0IC00OCAwDQp2IC0zMDQgLTMyIDANCnYgLTI4OCAtMzIgMA0KdiAtMjcyIC00OCAwDQp2IC0yODggLTQ4IDANCnYgLTI4OCAtMzIgMA0KdiAtMjcyIC0zMiAwDQp2IC0yNTYgLTQ4IDANCnYgLTI3MiAtNDggMA0KdiAtMjcyIC0zMiAwDQp2IC0yNTYgLTMyIDANCnYgLTI0MCAtNDggMA0KdiAtMjU2IC00OCAwDQp2IC0yNTYgLTMyIDANCnYgLTI0MCAtMzIgMA0KdiAtMjI0IC00OCAwDQp2IC0yNDAgLTQ4IDANCnYgLTI0MCAtMzIgMA0KdiAtMjI0IC0zMiAwDQp2IC0yMDggLTQ4IDANCnYgLTIyNCAtNDggMA0KdiAtMjI0IC0zMiAwDQp2IC0yMDggLTMyIDANCnYgLTE5MiAtNDggMA0KdiAtMjA4IC00OCAwDQp2IC0yMDggLTMyIDANCnYgLTE5MiAtMzIgMA0KdiAtMTc2IC00OCAwDQp2IC0xOTIgLTQ4IDANCnYgLTE5MiAtMzIgMA0KdiAtMTc2IC0zMiAwDQp2IC0xNjAgLTQ4IDANCnYgLTE3NiAtNDggMA0KdiAtMTc2IC0zMiAwDQp2IC0xNjAgLTMyIDANCnYgLTE0NCAtNDggMA0KdiAtMTYwIC00OCAwDQp2IC0xNjAgLTMyIDANCnYgLTE0NCAtMzIgMA0KdiAtMTI4IC00OCAwDQp2IC0xNDQgLTQ4IDANCnYgLTE0NCAtMzIgMA0KdiAtMTI4IC0zMiAwDQp2IC0xMTIgLTQ4IDANCnYgLTEyOCAtNDggMA0KdiAtMTI4IC0zMiAwDQp2IC0xMTIgLTMyIDANCnYgLTk2IC00OCAwDQp2IC0xMTIgLTQ4IDANCnYgLTExMiAtMzIgMA0KdiAtOTYgLTMyIDANCnYgLTgwIC00OCAwDQp2IC05NiAtNDggMA0KdiAtOTYgLTMyIDANCnYgLTgwIC0zMiAwDQp2IC02NCAtNDggMA0KdiAtODAgLTQ4IDANCnYgLTgwIC0zMiAwDQp2IC02NCAtMzIgMA0KdiAtNDggLTQ4IDANCnYgLTY0IC00OCAwDQp2IC02NCAtMzIgMA0KdiAtNDggLTMyIDANCnYgLTMyIC00OCAwDQp2IC00OCAtNDggMA0KdiAtNDggLTMyIDANCnYgLTMyIC0zMiAwDQp2IC0xNiAtNDggMA0KdiAtMzIgLTQ4IDANCnYgLTMyIC0zMiAwDQp2IC0xNiAtMzIgMA0KdiAwIC00OCAwDQp2IC0xNiAtNDggMA0KdiAtMTYgLTMyIDANCnYgMCAtMzIgMA0KdiAtMTE4NCAtNjQgMA0KdiAtMTIwMCAtNjQgMA0KdiAtMTIwMCAtNDggMA0KdiAtMTE4NCAtNDggMA0KdiAtMTE2OCAtNjQgMA0KdiAtMTE4NCAtNjQgMA0KdiAtMTE4NCAtNDggMA0KdiAtMTE2OCAtNDggMA0KdiAtMTE1MiAtNjQgMA0KdiAtMTE2OCAtNjQgMA0KdiAtMTE2OCAtNDggMA0KdiAtMTE1MiAtNDggMA0KdiAtMTEzNiAtNjQgMA0KdiAtMTE1MiAtNjQgMA0KdiAtMTE1MiAtNDggMA0KdiAtMTEzNiAtNDggMA0KdiAtMTEyMCAtNjQgMA0KdiAtMTEzNiAtNjQgMA0KdiAtMTEzNiAtNDggMA0KdiAtMTEyMCAtNDggMA0KdiAtMTEwNCAtNjQgMA0KdiAtMTEyMCAtNjQgMA0KdiAtMTEyMCAtNDggMA0KdiAtMTEwNCAtNDggMA0KdiAtMTA4OCAtNjQgMA0KdiAtMTEwNCAtNjQgMA0KdiAtMTEwNCAtNDggMA0KdiAtMTA4OCAtNDggMA0KdiAtMTA3MiAtNjQgMA0KdiAtMTA4OCAtNjQgMA0KdiAtMTA4OCAtNDggMA0KdiAtMTA3MiAtNDggMA0KdiAtMTA1NiAtNjQgMA0KdiAtMTA3MiAtNjQgMA0KdiAtMTA3MiAtNDggMA0KdiAtMTA1NiAtNDggMA0KdiAtMTA0MCAtNjQgMA0KdiAtMTA1NiAtNjQgMA0KdiAtMTA1NiAtNDggMA0KdiAtMTA0MCAtNDggMA0KdiAtMTAyNCAtNjQgMA0KdiAtMTA0MCAtNjQgMA0KdiAtMTA0MCAtNDggMA0KdiAtMTAyNCAtNDggMA0KdiAtMTAwOCAtNjQgMA0KdiAtMTAyNCAtNjQgMA0KdiAtMTAyNCAtNDggMA0KdiAtMTAwOCAtNDggMA0KdiAtOTkyIC02NCAwDQp2IC0xMDA4IC02NCAwDQp2IC0xMDA4IC00OCAwDQp2IC05OTIgLTQ4IDANCnYgLTk3NiAtNjQgMA0KdiAtOTkyIC02NCAwDQp2IC05OTIgLTQ4IDANCnYgLTk3NiAtNDggMA0KdiAtOTYwIC02NCAwDQp2IC05NzYgLTY0IDANCnYgLTk3NiAtNDggMA0KdiAtOTYwIC00OCAwDQp2IC05NDQgLTY0IDANCnYgLTk2MCAtNjQgMA0KdiAtOTYwIC00OCAwDQp2IC05NDQgLTQ4IDANCnYgLTkyOCAtNjQgMA0KdiAtOTQ0IC02NCAwDQp2IC05NDQgLTQ4IDANCnYgLTkyOCAtNDggMA0KdiAtOTEyIC02NCAwDQp2IC05MjggLTY0IDANCnYgLTkyOCAtNDggMA0KdiAtOTEyIC00OCAwDQp2IC04OTYgLTY0IDANCnYgLTkxMiAtNjQgMA0KdiAtOTEyIC00OCAwDQp2IC04OTYgLTQ4IDANCnYgLTg4MCAtNjQgMA0KdiAtODk2IC02NCAwDQp2IC04OTYgLTQ4IDANCnYgLTg4MCAtNDggMA0KdiAtODY0IC02NCAwDQp2IC04ODAgLTY0IDANCnYgLTg4MCAtNDggMA0KdiAtODY0IC00OCAwDQp2IC04NDggLTY0IDANCnYgLTg2NCAtNjQgMA0KdiAtODY0IC00OCAwDQp2IC04NDggLTQ4IDANCnYgLTgzMiAtNjQgMA0KdiAtODQ4IC02NCAwDQp2IC04NDggLTQ4IDANCnYgLTgzMiAtNDggMA0KdiAtODE2IC02NCAwDQp2IC04MzIgLTY0IDANCnYgLTgzMiAtNDggMA0KdiAtODE2IC00OCAwDQp2IC04MDAgLTY0IDANCnYgLTgxNiAtNjQgMA0KdiAtODE2IC00OCAwDQp2IC04MDAgLTQ4IDANCnYgLTc4NCAtNjQgMA0KdiAtODAwIC02NCAwDQp2IC04MDAgLTQ4IDANCnYgLTc4NCAtNDggMA0KdiAtNzY4IC02NCAwDQp2IC03ODQgLTY0IDANCnYgLTc4NCAtNDggMA0KdiAtNzY4IC00OCAwDQp2IC03NTIgLTY0IDANCnYgLTc2OCAtNjQgMA0KdiAtNzY4IC00OCAwDQp2IC03NTIgLTQ4IDANCnYgLTczNiAtNjQgMA0KdiAtNzUyIC02NCAwDQp2IC03NTIgLTQ4IDANCnYgLTczNiAtNDggMA0KdiAtNzIwIC02NCAwDQp2IC03MzYgLTY0IDANCnYgLTczNiAtNDggMA0KdiAtNzIwIC00OCAwDQp2IC03MDQgLTY0IDANCnYgLTcyMCAtNjQgMA0KdiAtNzIwIC00OCAwDQp2IC03MDQgLTQ4IDANCnYgLTY4OCAtNjQgMA0KdiAtNzA0IC02NCAwDQp2IC03MDQgLTQ4IDANCnYgLTY4OCAtNDggMA0KdiAtNjcyIC02NCAwDQp2IC02ODggLTY0IDANCnYgLTY4OCAtNDggMA0KdiAtNjcyIC00OCAwDQp2IC02NTYgLTY0IDANCnYgLTY3MiAtNjQgMA0KdiAtNjcyIC00OCAwDQp2IC02NTYgLTQ4IDANCnYgLTY0MCAtNjQgMA0KdiAtNjU2IC02NCAwDQp2IC02NTYgLTQ4IDANCnYgLTY0MCAtNDggMA0KdiAtNjI0IC02NCAwDQp2IC02NDAgLTY0IDANCnYgLTY0MCAtNDggMA0KdiAtNjI0IC00OCAwDQp2IC02MDggLTY0IDANCnYgLTYyNCAtNjQgMA0KdiAtNjI0IC00OCAwDQp2IC02MDggLTQ4IDANCnYgLTU5MiAtNjQgMA0KdiAtNjA4IC02NCAwDQp2IC02MDggLTQ4IDANCnYgLTU5MiAtNDggMA0KdiAtNTc2IC02NCAwDQp2IC01OTIgLTY0IDANCnYgLTU5MiAtNDggMA0KdiAtNTc2IC00OCAwDQp2IC01NjAgLTY0IDANCnYgLTU3NiAtNjQgMA0KdiAtNTc2IC00OCAwDQp2IC01NjAgLTQ4IDANCnYgLTU0NCAtNjQgMA0KdiAtNTYwIC02NCAwDQp2IC01NjAgLTQ4IDANCnYgLTU0NCAtNDggMA0KdiAtNTI4IC02NCAwDQp2IC01NDQgLTY0IDANCnYgLTU0NCAtNDggMA0KdiAtNTI4IC00OCAwDQp2IC01MTIgLTY0IDANCnYgLTUyOCAtNjQgMA0KdiAtNTI4IC00OCAwDQp2IC01MTIgLTQ4IDANCnYgLTQ5NiAtNjQgMA0KdiAtNTEyIC02NCAwDQp2IC01MTIgLTQ4IDANCnYgLTQ5NiAtNDggMA0KdiAtNDgwIC02NCAwDQp2IC00OTYgLTY0IDANCnYgLTQ5NiAtNDggMA0KdiAtNDgwIC00OCAwDQp2IC00NjQgLTY0IDANCnYgLTQ4MCAtNjQgMA0KdiAtNDgwIC00OCAwDQp2IC00NjQgLTQ4IDANCnYgLTQ0OCAtNjQgMA0KdiAtNDY0IC02NCAwDQp2IC00NjQgLTQ4IDANCnYgLTQ0OCAtNDggMA0KdiAtNDMyIC02NCAwDQp2IC00NDggLTY0IDANCnYgLTQ0OCAtNDggMA0KdiAtNDMyIC00OCAwDQp2IC00MTYgLTY0IDANCnYgLTQzMiAtNjQgMA0KdiAtNDMyIC00OCAwDQp2IC00MTYgLTQ4IDANCnYgLTQwMCAtNjQgMA0KdiAtNDE2IC02NCAwDQp2IC00MTYgLTQ4IDANCnYgLTQwMCAtNDggMA0KdiAtMzg0IC02NCAwDQp2IC00MDAgLTY0IDANCnYgLTQwMCAtNDggMA0KdiAtMzg0IC00OCAwDQp2IC0zNjggLTY0IDANCnYgLTM4NCAtNjQgMA0KdiAtMzg0IC00OCAwDQp2IC0zNjggLTQ4IDANCnYgLTM1MiAtNjQgMA0KdiAtMzY4IC02NCAwDQp2IC0zNjggLTQ4IDANCnYgLTM1MiAtNDggMA0KdiAtMzM2IC02NCAwDQp2IC0zNTIgLTY0IDANCnYgLTM1MiAtNDggMA0KdiAtMzM2IC00OCAwDQp2IC0zMjAgLTY0IDANCnYgLTMzNiAtNjQgMA0KdiAtMzM2IC00OCAwDQp2IC0zMjAgLTQ4IDANCnYgLTMwNCAtNjQgMA0KdiAtMzIwIC02NCAwDQp2IC0zMjAgLTQ4IDANCnYgLTMwNCAtNDggMA0KdiAtMjg4IC02NCAwDQp2IC0zMDQgLTY0IDANCnYgLTMwNCAtNDggMA0KdiAtMjg4IC00OCAwDQp2IC0yNzIgLTY0IDANCnYgLTI4OCAtNjQgMA0KdiAtMjg4IC00OCAwDQp2IC0yNzIgLTQ4IDANCnYgLTI1NiAtNjQgMA0KdiAtMjcyIC02NCAwDQp2IC0yNzIgLTQ4IDANCnYgLTI1NiAtNDggMA0KdiAtMjQwIC02NCAwDQp2IC0yNTYgLTY0IDANCnYgLTI1NiAtNDggMA0KdiAtMjQwIC00OCAwDQp2IC0yMjQgLTY0IDANCnYgLTI0MCAtNjQgMA0KdiAtMjQwIC00OCAwDQp2IC0yMjQgLTQ4IDANCnYgLTIwOCAtNjQgMA0KdiAtMjI0IC02NCAwDQp2IC0yMjQgLTQ4IDANCnYgLTIwOCAtNDggMA0KdiAtMTkyIC02NCAwDQp2IC0yMDggLTY0IDANCnYgLTIwOCAtNDggMA0KdiAtMTkyIC00OCAwDQp2IC0xNzYgLTY0IDANCnYgLTE5MiAtNjQgMA0KdiAtMTkyIC00OCAwDQp2IC0xNzYgLTQ4IDANCnYgLTE2MCAtNjQgMA0KdiAtMTc2IC02NCAwDQp2IC0xNzYgLTQ4IDANCnYgLTE2MCAtNDggMA0KdiAtMTQ0IC02NCAwDQp2IC0xNjAgLTY0IDANCnYgLTE2MCAtNDggMA0KdiAtMTQ0IC00OCAwDQp2IC0xMjggLTY0IDANCnYgLTE0NCAtNjQgMA0KdiAtMTQ0IC00OCAwDQp2IC0xMjggLTQ4IDANCnYgLTExMiAtNjQgMA0KdiAtMTI4IC02NCAwDQp2IC0xMjggLTQ4IDANCnYgLTExMiAtNDggMA0KdiAtOTYgLTY0IDANCnYgLTExMiAtNjQgMA0KdiAtMTEyIC00OCAwDQp2IC05NiAtNDggMA0KdiAtODAgLTY0IDANCnYgLTk2IC02NCAwDQp2IC05NiAtNDggMA0KdiAtODAgLTQ4IDANCnYgLTY0IC02NCAwDQp2IC04MCAtNjQgMA0KdiAtODAgLTQ4IDANCnYgLTY0IC00OCAwDQp2IC00OCAtNjQgMA0KdiAtNjQgLTY0IDANCnYgLTY0IC00OCAwDQp2IC00OCAtNDggMA0KdiAtMzIgLTY0IDANCnYgLTQ4IC02NCAwDQp2IC00OCAtNDggMA0KdiAtMzIgLTQ4IDANCnYgLTE2IC02NCAwDQp2IC0zMiAtNjQgMA0KdiAtMzIgLTQ4IDANCnYgLTE2IC00OCAwDQp2IDAgLTY0IDANCnYgLTE2IC02NCAwDQp2IC0xNiAtNDggMA0KdiAwIC00OCAwDQp2IC0xMTg0IC04MCAwDQp2IC0xMjAwIC04MCAwDQp2IC0xMjAwIC02NCAwDQp2IC0xMTg0IC02NCAwDQp2IC0xMTY4IC04MCAwDQp2IC0xMTg0IC04MCAwDQp2IC0xMTg0IC02NCAwDQp2IC0xMTY4IC02NCAwDQp2IC0xMTUyIC04MCAwDQp2IC0xMTY4IC04MCAwDQp2IC0xMTY4IC02NCAwDQp2IC0xMTUyIC02NCAwDQp2IC0xMTM2IC04MCAwDQp2IC0xMTUyIC04MCAwDQp2IC0xMTUyIC02NCAwDQp2IC0xMTM2IC02NCAwDQp2IC0xMTIwIC04MCAwDQp2IC0xMTM2IC04MCAwDQp2IC0xMTM2IC02NCAwDQp2IC0xMTIwIC02NCAwDQp2IC0xMTA0IC04MCAwDQp2IC0xMTIwIC04MCAwDQp2IC0xMTIwIC02NCAwDQp2IC0xMTA0IC02NCAwDQp2IC0xMDg4IC04MCAwDQp2IC0xMTA0IC04MCAwDQp2IC0xMTA0IC02NCAwDQp2IC0xMDg4IC02NCAwDQp2IC0xMDcyIC04MCAwDQp2IC0xMDg4IC04MCAwDQp2IC0xMDg4IC02NCAwDQp2IC0xMDcyIC02NCAwDQp2IC0xMDU2IC04MCAwDQp2IC0xMDcyIC04MCAwDQp2IC0xMDcyIC02NCAwDQp2IC0xMDU2IC02NCAwDQp2IC0xMDQwIC04MCAwDQp2IC0xMDU2IC04MCAwDQp2IC0xMDU2IC02NCAwDQp2IC0xMDQwIC02NCAwDQp2IC0xMDI0IC04MCAwDQp2IC0xMDQwIC04MCAwDQp2IC0xMDQwIC02NCAwDQp2IC0xMDI0IC02NCAwDQp2IC0xMDA4IC04MCAwDQp2IC0xMDI0IC04MCAwDQp2IC0xMDI0IC02NCAwDQp2IC0xMDA4IC02NCAwDQp2IC05OTIgLTgwIDANCnYgLTEwMDggLTgwIDANCnYgLTEwMDggLTY0IDANCnYgLTk5MiAtNjQgMA0KdiAtOTc2IC04MCAwDQp2IC05OTIgLTgwIDANCnYgLTk5MiAtNjQgMA0KdiAtOTc2IC02NCAwDQp2IC05NjAgLTgwIDANCnYgLTk3NiAtODAgMA0KdiAtOTc2IC02NCAwDQp2IC05NjAgLTY0IDANCnYgLTk0NCAtODAgMA0KdiAtOTYwIC04MCAwDQp2IC05NjAgLTY0IDANCnYgLTk0NCAtNjQgMA0KdiAtOTI4IC04MCAwDQp2IC05NDQgLTgwIDANCnYgLTk0NCAtNjQgMA0KdiAtOTI4IC02NCAwDQp2IC05MTIgLTgwIDANCnYgLTkyOCAtODAgMA0KdiAtOTI4IC02NCAwDQp2IC05MTIgLTY0IDANCnYgLTg5NiAtODAgMA0KdiAtOTEyIC04MCAwDQp2IC05MTIgLTY0IDANCnYgLTg5NiAtNjQgMA0KdiAtODgwIC04MCAwDQp2IC04OTYgLTgwIDANCnYgLTg5NiAtNjQgMA0KdiAtODgwIC02NCAwDQp2IC04NjQgLTgwIDANCnYgLTg4MCAtODAgMA0KdiAtODgwIC02NCAwDQp2IC04NjQgLTY0IDANCnYgLTg0OCAtODAgMA0KdiAtODY0IC04MCAwDQp2IC04NjQgLTY0IDANCnYgLTg0OCAtNjQgMA0KdiAtODMyIC04MCAwDQp2IC04NDggLTgwIDANCnYgLTg0OCAtNjQgMA0KdiAtODMyIC02NCAwDQp2IC04MTYgLTgwIDANCnYgLTgzMiAtODAgMA0KdiAtODMyIC02NCAwDQp2IC04MTYgLTY0IDANCnYgLTgwMCAtODAgMA0KdiAtODE2IC04MCAwDQp2IC04MTYgLTY0IDANCnYgLTgwMCAtNjQgMA0KdiAtNzg0IC04MCAwDQp2IC04MDAgLTgwIDANCnYgLTgwMCAtNjQgMA0KdiAtNzg0IC02NCAwDQp2IC03NjggLTgwIDANCnYgLTc4NCAtODAgMA0KdiAtNzg0IC02NCAwDQp2IC03NjggLTY0IDANCnYgLTc1MiAtODAgMA0KdiAtNzY4IC04MCAwDQp2IC03NjggLTY0IDANCnYgLTc1MiAtNjQgMA0KdiAtNzM2IC04MCAwDQp2IC03NTIgLTgwIDANCnYgLTc1MiAtNjQgMA0KdiAtNzM2IC02NCAwDQp2IC03MjAgLTgwIDANCnYgLTczNiAtODAgMA0KdiAtNzM2IC02NCAwDQp2IC03MjAgLTY0IDANCnYgLTcwNCAtODAgMA0KdiAtNzIwIC04MCAwDQp2IC03MjAgLTY0IDANCnYgLTcwNCAtNjQgMA0KdiAtNjg4IC04MCAwDQp2IC03MDQgLTgwIDANCnYgLTcwNCAtNjQgMA0KdiAtNjg4IC02NCAwDQp2IC02NzIgLTgwIDANCnYgLTY4OCAtODAgMA0KdiAtNjg4IC02NCAwDQp2IC02NzIgLTY0IDANCnYgLTY1NiAtODAgMA0KdiAtNjcyIC04MCAwDQp2IC02NzIgLTY0IDANCnYgLTY1NiAtNjQgMA0KdiAtNjQwIC04MCAwDQp2IC02NTYgLTgwIDANCnYgLTY1NiAtNjQgMA0KdiAtNjQwIC02NCAwDQp2IC02MjQgLTgwIDANCnYgLTY0MCAtODAgMA0KdiAtNjQwIC02NCAwDQp2IC02MjQgLTY0IDANCnYgLTYwOCAtODAgMA0KdiAtNjI0IC04MCAwDQp2IC02MjQgLTY0IDANCnYgLTYwOCAtNjQgMA0KdiAtNTkyIC04MCAwDQp2IC02MDggLTgwIDANCnYgLTYwOCAtNjQgMA0KdiAtNTkyIC02NCAwDQp2IC01NzYgLTgwIDANCnYgLTU5MiAtODAgMA0KdiAtNTkyIC02NCAwDQp2IC01NzYgLTY0IDANCnYgLTU2MCAtODAgMA0KdiAtNTc2IC04MCAwDQp2IC01NzYgLTY0IDANCnYgLTU2MCAtNjQgMA0KdiAtNTQ0IC04MCAwDQp2IC01NjAgLTgwIDANCnYgLTU2MCAtNjQgMA0KdiAtNTQ0IC02NCAwDQp2IC01MjggLTgwIDANCnYgLTU0NCAtODAgMA0KdiAtNTQ0IC02NCAwDQp2IC01MjggLTY0IDANCnYgLTUxMiAtODAgMA0KdiAtNTI4IC04MCAwDQp2IC01MjggLTY0IDANCnYgLTUxMiAtNjQgMA0KdiAtNDk2IC04MCAwDQp2IC01MTIgLTgwIDANCnYgLTUxMiAtNjQgMA0KdiAtNDk2IC02NCAwDQp2IC00ODAgLTgwIDANCnYgLTQ5NiAtODAgMA0KdiAtNDk2IC02NCAwDQp2IC00ODAgLTY0IDANCnYgLTQ2NCAtODAgMA0KdiAtNDgwIC04MCAwDQp2IC00ODAgLTY0IDANCnYgLTQ2NCAtNjQgMA0KdiAtNDQ4IC04MCAwDQp2IC00NjQgLTgwIDANCnYgLTQ2NCAtNjQgMA0KdiAtNDQ4IC02NCAwDQp2IC00MzIgLTgwIDANCnYgLTQ0OCAtODAgMA0KdiAtNDQ4IC02NCAwDQp2IC00MzIgLTY0IDANCnYgLTQxNiAtODAgMA0KdiAtNDMyIC04MCAwDQp2IC00MzIgLTY0IDANCnYgLTQxNiAtNjQgMA0KdiAtNDAwIC04MCAwDQp2IC00MTYgLTgwIDANCnYgLTQxNiAtNjQgMA0KdiAtNDAwIC02NCAwDQp2IC0zODQgLTgwIDANCnYgLTQwMCAtODAgMA0KdiAtNDAwIC02NCAwDQp2IC0zODQgLTY0IDANCnYgLTM2OCAtODAgMA0KdiAtMzg0IC04MCAwDQp2IC0zODQgLTY0IDANCnYgLTM2OCAtNjQgMA0KdiAtMzUyIC04MCAwDQp2IC0zNjggLTgwIDANCnYgLTM2OCAtNjQgMA0KdiAtMzUyIC02NCAwDQp2IC0zMzYgLTgwIDANCnYgLTM1MiAtODAgMA0KdiAtMzUyIC02NCAwDQp2IC0zMzYgLTY0IDANCnYgLTMyMCAtODAgMA0KdiAtMzM2IC04MCAwDQp2IC0zMzYgLTY0IDANCnYgLTMyMCAtNjQgMA0KdiAtMzA0IC04MCAwDQp2IC0zMjAgLTgwIDANCnYgLTMyMCAtNjQgMA0KdiAtMzA0IC02NCAwDQp2IC0yODggLTgwIDANCnYgLTMwNCAtODAgMA0KdiAtMzA0IC02NCAwDQp2IC0yODggLTY0IDANCnYgLTI3MiAtODAgMA0KdiAtMjg4IC04MCAwDQp2IC0yODggLTY0IDANCnYgLTI3MiAtNjQgMA0KdiAtMjU2IC04MCAwDQp2IC0yNzIgLTgwIDANCnYgLTI3MiAtNjQgMA0KdiAtMjU2IC02NCAwDQp2IC0yNDAgLTgwIDANCnYgLTI1NiAtODAgMA0KdiAtMjU2IC02NCAwDQp2IC0yNDAgLTY0IDANCnYgLTIyNCAtODAgMA0KdiAtMjQwIC04MCAwDQp2IC0yNDAgLTY0IDANCnYgLTIyNCAtNjQgMA0KdiAtMjA4IC04MCAwDQp2IC0yMjQgLTgwIDANCnYgLTIyNCAtNjQgMA0KdiAtMjA4IC02NCAwDQp2IC0xOTIgLTgwIDANCnYgLTIwOCAtODAgMA0KdiAtMjA4IC02NCAwDQp2IC0xOTIgLTY0IDANCnYgLTE3NiAtODAgMA0KdiAtMTkyIC04MCAwDQp2IC0xOTIgLTY0IDANCnYgLTE3NiAtNjQgMA0KdiAtMTYwIC04MCAwDQp2IC0xNzYgLTgwIDANCnYgLTE3NiAtNjQgMA0KdiAtMTYwIC02NCAwDQp2IC0xNDQgLTgwIDANCnYgLTE2MCAtODAgMA0KdiAtMTYwIC02NCAwDQp2IC0xNDQgLTY0IDANCnYgLTEyOCAtODAgMA0KdiAtMTQ0IC04MCAwDQp2IC0xNDQgLTY0IDANCnYgLTEyOCAtNjQgMA0KdiAtMTEyIC04MCAwDQp2IC0xMjggLTgwIDANCnYgLTEyOCAtNjQgMA0KdiAtMTEyIC02NCAwDQp2IC05NiAtODAgMA0KdiAtMTEyIC04MCAwDQp2IC0xMTIgLTY0IDANCnYgLTk2IC02NCAwDQp2IC04MCAtODAgMA0KdiAtOTYgLTgwIDANCnYgLTk2IC02NCAwDQp2IC04MCAtNjQgMA0KdiAtNjQgLTgwIDANCnYgLTgwIC04MCAwDQp2IC04MCAtNjQgMA0KdiAtNjQgLTY0IDANCnYgLTQ4IC04MCAwDQp2IC02NCAtODAgMA0KdiAtNjQgLTY0IDANCnYgLTQ4IC02NCAwDQp2IC0zMiAtODAgMA0KdiAtNDggLTgwIDANCnYgLTQ4IC02NCAwDQp2IC0zMiAtNjQgMA0KdiAtMTYgLTgwIDANCnYgLTMyIC04MCAwDQp2IC0zMiAtNjQgMA0KdiAtMTYgLTY0IDANCnYgMCAtODAgMA0KdiAtMTYgLTgwIDANCnYgLTE2IC02NCAwDQp2IDAgLTY0IDANCnYgLTExODQgLTk2IDANCnYgLTEyMDAgLTk2IDANCnYgLTEyMDAgLTgwIDANCnYgLTExODQgLTgwIDANCnYgLTExNjggLTk2IDANCnYgLTExODQgLTk2IDANCnYgLTExODQgLTgwIDANCnYgLTExNjggLTgwIDANCnYgLTExNTIgLTk2IDANCnYgLTExNjggLTk2IDANCnYgLTExNjggLTgwIDANCnYgLTExNTIgLTgwIDANCnYgLTExMzYgLTk2IDANCnYgLTExNTIgLTk2IDANCnYgLTExNTIgLTgwIDANCnYgLTExMzYgLTgwIDANCnYgLTExMjAgLTk2IDANCnYgLTExMzYgLTk2IDANCnYgLTExMzYgLTgwIDANCnYgLTExMjAgLTgwIDANCnYgLTExMDQgLTk2IDANCnYgLTExMjAgLTk2IDANCnYgLTExMjAgLTgwIDANCnYgLTExMDQgLTgwIDANCnYgLTEwODggLTk2IDANCnYgLTExMDQgLTk2IDANCnYgLTExMDQgLTgwIDANCnYgLTEwODggLTgwIDANCnYgLTEwNzIgLTk2IDANCnYgLTEwODggLTk2IDANCnYgLTEwODggLTgwIDANCnYgLTEwNzIgLTgwIDANCnYgLTEwNTYgLTk2IDANCnYgLTEwNzIgLTk2IDANCnYgLTEwNzIgLTgwIDANCnYgLTEwNTYgLTgwIDANCnYgLTEwNDAgLTk2IDANCnYgLTEwNTYgLTk2IDANCnYgLTEwNTYgLTgwIDANCnYgLTEwNDAgLTgwIDANCnYgLTEwMjQgLTk2IDANCnYgLTEwNDAgLTk2IDANCnYgLTEwNDAgLTgwIDANCnYgLTEwMjQgLTgwIDANCnYgLTEwMDggLTk2IDANCnYgLTEwMjQgLTk2IDANCnYgLTEwMjQgLTgwIDANCnYgLTEwMDggLTgwIDANCnYgLTk5MiAtOTYgMA0KdiAtMTAwOCAtOTYgMA0KdiAtMTAwOCAtODAgMA0KdiAtOTkyIC04MCAwDQp2IC05NzYgLTk2IDANCnYgLTk5MiAtOTYgMA0KdiAtOTkyIC04MCAwDQp2IC05NzYgLTgwIDANCnYgLTk2MCAtOTYgMA0KdiAtOTc2IC05NiAwDQp2IC05NzYgLTgwIDANCnYgLTk2MCAtODAgMA0KdiAtOTQ0IC05NiAwDQp2IC05NjAgLTk2IDANCnYgLTk2MCAtODAgMA0KdiAtOTQ0IC04MCAwDQp2IC05MjggLTk2IDANCnYgLTk0NCAtOTYgMA0KdiAtOTQ0IC04MCAwDQp2IC05MjggLTgwIDANCnYgLTkxMiAtOTYgMA0KdiAtOTI4IC05NiAwDQp2IC05MjggLTgwIDANCnYgLTkxMiAtODAgMA0KdiAtODk2IC05NiAwDQp2IC05MTIgLTk2IDANCnYgLTkxMiAtODAgMA0KdiAtODk2IC04MCAwDQp2IC04ODAgLTk2IDANCnYgLTg5NiAtOTYgMA0KdiAtODk2IC04MCAwDQp2IC04ODAgLTgwIDANCnYgLTg2NCAtOTYgMA0KdiAtODgwIC05NiAwDQp2IC04ODAgLTgwIDANCnYgLTg2NCAtODAgMA0KdiAtODQ4IC05NiAwDQp2IC04NjQgLTk2IDANCnYgLTg2NCAtODAgMA0KdiAtODQ4IC04MCAwDQp2IC04MzIgLTk2IDANCnYgLTg0OCAtOTYgMA0KdiAtODQ4IC04MCAwDQp2IC04MzIgLTgwIDANCnYgLTgxNiAtOTYgMA0KdiAtODMyIC05NiAwDQp2IC04MzIgLTgwIDANCnYgLTgxNiAtODAgMA0KdiAtODAwIC05NiAwDQp2IC04MTYgLTk2IDANCnYgLTgxNiAtODAgMA0KdiAtODAwIC04MCAwDQp2IC03ODQgLTk2IDANCnYgLTgwMCAtOTYgMA0KdiAtODAwIC04MCAwDQp2IC03ODQgLTgwIDANCnYgLTc2OCAtOTYgMA0KdiAtNzg0IC05NiAwDQp2IC03ODQgLTgwIDANCnYgLTc2OCAtODAgMA0KdiAtNzUyIC05NiAwDQp2IC03NjggLTk2IDANCnYgLTc2OCAtODAgMA0KdiAtNzUyIC04MCAwDQp2IC03MzYgLTk2IDANCnYgLTc1MiAtOTYgMA0KdiAtNzUyIC04MCAwDQp2IC03MzYgLTgwIDANCnYgLTcyMCAtOTYgMA0KdiAtNzM2IC05NiAwDQp2IC03MzYgLTgwIDANCnYgLTcyMCAtODAgMA0KdiAtNzA0IC05NiAwDQp2IC03MjAgLTk2IDANCnYgLTcyMCAtODAgMA0KdiAtNzA0IC04MCAwDQp2IC02ODggLTk2IDANCnYgLTcwNCAtOTYgMA0KdiAtNzA0IC04MCAwDQp2IC02ODggLTgwIDANCnYgLTY3MiAtOTYgMA0KdiAtNjg4IC05NiAwDQp2IC02ODggLTgwIDANCnYgLTY3MiAtODAgMA0KdiAtNjU2IC05NiAwDQp2IC02NzIgLTk2IDANCnYgLTY3MiAtODAgMA0KdiAtNjU2IC04MCAwDQp2IC02NDAgLTk2IDANCnYgLTY1NiAtOTYgMA0KdiAtNjU2IC04MCAwDQp2IC02NDAgLTgwIDANCnYgLTYyNCAtOTYgMA0KdiAtNjQwIC05NiAwDQp2IC02NDAgLTgwIDANCnYgLTYyNCAtODAgMA0KdiAtNjA4IC05NiAwDQp2IC02MjQgLTk2IDANCnYgLTYyNCAtODAgMA0KdiAtNjA4IC04MCAwDQp2IC01OTIgLTk2IDANCnYgLTYwOCAtOTYgMA0KdiAtNjA4IC04MCAwDQp2IC01OTIgLTgwIDANCnYgLTU3NiAtOTYgMA0KdiAtNTkyIC05NiAwDQp2IC01OTIgLTgwIDANCnYgLTU3NiAtODAgMA0KdiAtNTYwIC05NiAwDQp2IC01NzYgLTk2IDANCnYgLTU3NiAtODAgMA0KdiAtNTYwIC04MCAwDQp2IC01NDQgLTk2IDANCnYgLTU2MCAtOTYgMA0KdiAtNTYwIC04MCAwDQp2IC01NDQgLTgwIDANCnYgLTUyOCAtOTYgMA0KdiAtNTQ0IC05NiAwDQp2IC01NDQgLTgwIDANCnYgLTUyOCAtODAgMA0KdiAtNTEyIC05NiAwDQp2IC01MjggLTk2IDANCnYgLTUyOCAtODAgMA0KdiAtNTEyIC04MCAwDQp2IC00OTYgLTk2IDANCnYgLTUxMiAtOTYgMA0KdiAtNTEyIC04MCAwDQp2IC00OTYgLTgwIDANCnYgLTQ4MCAtOTYgMA0KdiAtNDk2IC05NiAwDQp2IC00OTYgLTgwIDANCnYgLTQ4MCAtODAgMA0KdiAtNDY0IC05NiAwDQp2IC00ODAgLTk2IDANCnYgLTQ4MCAtODAgMA0KdiAtNDY0IC04MCAwDQp2IC00NDggLTk2IDANCnYgLTQ2NCAtOTYgMA0KdiAtNDY0IC04MCAwDQp2IC00NDggLTgwIDANCnYgLTQzMiAtOTYgMA0KdiAtNDQ4IC05NiAwDQp2IC00NDggLTgwIDANCnYgLTQzMiAtODAgMA0KdiAtNDE2IC05NiAwDQp2IC00MzIgLTk2IDANCnYgLTQzMiAtODAgMA0KdiAtNDE2IC04MCAwDQp2IC00MDAgLTk2IDANCnYgLTQxNiAtOTYgMA0KdiAtNDE2IC04MCAwDQp2IC00MDAgLTgwIDANCnYgLTM4NCAtOTYgMA0KdiAtNDAwIC05NiAwDQp2IC00MDAgLTgwIDANCnYgLTM4NCAtODAgMA0KdiAtMzY4IC05NiAwDQp2IC0zODQgLTk2IDANCnYgLTM4NCAtODAgMA0KdiAtMzY4IC04MCAwDQp2IC0zNTIgLTk2IDANCnYgLTM2OCAtOTYgMA0KdiAtMzY4IC04MCAwDQp2IC0zNTIgLTgwIDANCnYgLTMzNiAtOTYgMA0KdiAtMzUyIC05NiAwDQp2IC0zNTIgLTgwIDANCnYgLTMzNiAtODAgMA0KdiAtMzIwIC05NiAwDQp2IC0zMzYgLTk2IDANCnYgLTMzNiAtODAgMA0KdiAtMzIwIC04MCAwDQp2IC0zMDQgLTk2IDANCnYgLTMyMCAtOTYgMA0KdiAtMzIwIC04MCAwDQp2IC0zMDQgLTgwIDANCnYgLTI4OCAtOTYgMA0KdiAtMzA0IC05NiAwDQp2IC0zMDQgLTgwIDANCnYgLTI4OCAtODAgMA0KdiAtMjcyIC05NiAwDQp2IC0yODggLTk2IDANCnYgLTI4OCAtODAgMA0KdiAtMjcyIC04MCAwDQp2IC0yNTYgLTk2IDANCnYgLTI3MiAtOTYgMA0KdiAtMjcyIC04MCAwDQp2IC0yNTYgLTgwIDANCnYgLTI0MCAtOTYgMA0KdiAtMjU2IC05NiAwDQp2IC0yNTYgLTgwIDANCnYgLTI0MCAtODAgMA0KdiAtMjI0IC05NiAwDQp2IC0yNDAgLTk2IDANCnYgLTI0MCAtODAgMA0KdiAtMjI0IC04MCAwDQp2IC0yMDggLTk2IDANCnYgLTIyNCAtOTYgMA0KdiAtMjI0IC04MCAwDQp2IC0yMDggLTgwIDANCnYgLTE5MiAtOTYgMA0KdiAtMjA4IC05NiAwDQp2IC0yMDggLTgwIDANCnYgLTE5MiAtODAgMA0KdiAtMTc2IC05NiAwDQp2IC0xOTIgLTk2IDANCnYgLTE5MiAtODAgMA0KdiAtMTc2IC04MCAwDQp2IC0xNjAgLTk2IDANCnYgLTE3NiAtOTYgMA0KdiAtMTc2IC04MCAwDQp2IC0xNjAgLTgwIDANCnYgLTE0NCAtOTYgMA0KdiAtMTYwIC05NiAwDQp2IC0xNjAgLTgwIDANCnYgLTE0NCAtODAgMA0KdiAtMTI4IC05NiAwDQp2IC0xNDQgLTk2IDANCnYgLTE0NCAtODAgMA0KdiAtMTI4IC04MCAwDQp2IC0xMTIgLTk2IDANCnYgLTEyOCAtOTYgMA0KdiAtMTI4IC04MCAwDQp2IC0xMTIgLTgwIDANCnYgLTk2IC05NiAwDQp2IC0xMTIgLTk2IDANCnYgLTExMiAtODAgMA0KdiAtOTYgLTgwIDANCnYgLTgwIC05NiAwDQp2IC05NiAtOTYgMA0KdiAtOTYgLTgwIDANCnYgLTgwIC04MCAwDQp2IC02NCAtOTYgMA0KdiAtODAgLTk2IDANCnYgLTgwIC04MCAwDQp2IC02NCAtODAgMA0KdiAtNDggLTk2IDANCnYgLTY0IC05NiAwDQp2IC02NCAtODAgMA0KdiAtNDggLTgwIDANCnYgLTMyIC05NiAwDQp2IC00OCAtOTYgMA0KdiAtNDggLTgwIDANCnYgLTMyIC04MCAwDQp2IC0xNiAtOTYgMA0KdiAtMzIgLTk2IDANCnYgLTMyIC04MCAwDQp2IC0xNiAtODAgMA0KdiAwIC05NiAwDQp2IC0xNiAtOTYgMA0KdiAtMTYgLTgwIDANCnYgMCAtODAgMA0KdiAtMTE4NCAtMTEyIDANCnYgLTEyMDAgLTExMiAwDQp2IC0xMjAwIC05NiAwDQp2IC0xMTg0IC05NiAwDQp2IC0xMTY4IC0xMTIgMA0KdiAtMTE4NCAtMTEyIDANCnYgLTExODQgLTk2IDANCnYgLTExNjggLTk2IDANCnYgLTExNTIgLTExMiAwDQp2IC0xMTY4IC0xMTIgMA0KdiAtMTE2OCAtOTYgMA0KdiAtMTE1MiAtOTYgMA0KdiAtMTEzNiAtMTEyIDANCnYgLTExNTIgLTExMiAwDQp2IC0xMTUyIC05NiAwDQp2IC0xMTM2IC05NiAwDQp2IC0xMTIwIC0xMTIgMA0KdiAtMTEzNiAtMTEyIDANCnYgLTExMzYgLTk2IDANCnYgLTExMjAgLTk2IDANCnYgLTExMDQgLTExMiAwDQp2IC0xMTIwIC0xMTIgMA0KdiAtMTEyMCAtOTYgMA0KdiAtMTEwNCAtOTYgMA0KdiAtMTA4OCAtMTEyIDANCnYgLTExMDQgLTExMiAwDQp2IC0xMTA0IC05NiAwDQp2IC0xMDg4IC05NiAwDQp2IC0xMDcyIC0xMTIgMA0KdiAtMTA4OCAtMTEyIDANCnYgLTEwODggLTk2IDANCnYgLTEwNzIgLTk2IDANCnYgLTEwNTYgLTExMiAwDQp2IC0xMDcyIC0xMTIgMA0KdiAtMTA3MiAtOTYgMA0KdiAtMTA1NiAtOTYgMA0KdiAtMTA0MCAtMTEyIDANCnYgLTEwNTYgLTExMiAwDQp2IC0xMDU2IC05NiAwDQp2IC0xMDQwIC05NiAwDQp2IC0xMDI0IC0xMTIgMA0KdiAtMTA0MCAtMTEyIDANCnYgLTEwNDAgLTk2IDANCnYgLTEwMjQgLTk2IDANCnYgLTEwMDggLTExMiAwDQp2IC0xMDI0IC0xMTIgMA0KdiAtMTAyNCAtOTYgMA0KdiAtMTAwOCAtOTYgMA0KdiAtOTkyIC0xMTIgMA0KdiAtMTAwOCAtMTEyIDANCnYgLTEwMDggLTk2IDANCnYgLTk5MiAtOTYgMA0KdiAtOTc2IC0xMTIgMA0KdiAtOTkyIC0xMTIgMA0KdiAtOTkyIC05NiAwDQp2IC05NzYgLTk2IDANCnYgLTk2MCAtMTEyIDANCnYgLTk3NiAtMTEyIDANCnYgLTk3NiAtOTYgMA0KdiAtOTYwIC05NiAwDQp2IC05NDQgLTExMiAwDQp2IC05NjAgLTExMiAwDQp2IC05NjAgLTk2IDANCnYgLTk0NCAtOTYgMA0KdiAtOTI4IC0xMTIgMA0KdiAtOTQ0IC0xMTIgMA0KdiAtOTQ0IC05NiAwDQp2IC05MjggLTk2IDANCnYgLTkxMiAtMTEyIDANCnYgLTkyOCAtMTEyIDANCnYgLTkyOCAtOTYgMA0KdiAtOTEyIC05NiAwDQp2IC04OTYgLTExMiAwDQp2IC05MTIgLTExMiAwDQp2IC05MTIgLTk2IDANCnYgLTg5NiAtOTYgMA0KdiAtODgwIC0xMTIgMA0KdiAtODk2IC0xMTIgMA0KdiAtODk2IC05NiAwDQp2IC04ODAgLTk2IDANCnYgLTg2NCAtMTEyIDANCnYgLTg4MCAtMTEyIDANCnYgLTg4MCAtOTYgMA0KdiAtODY0IC05NiAwDQp2IC04NDggLTExMiAwDQp2IC04NjQgLTExMiAwDQp2IC04NjQgLTk2IDANCnYgLTg0OCAtOTYgMA0KdiAtODMyIC0xMTIgMA0KdiAtODQ4IC0xMTIgMA0KdiAtODQ4IC05NiAwDQp2IC04MzIgLTk2IDANCnYgLTgxNiAtMTEyIDANCnYgLTgzMiAtMTEyIDANCnYgLTgzMiAtOTYgMA0KdiAtODE2IC05NiAwDQp2IC04MDAgLTExMiAwDQp2IC04MTYgLTExMiAwDQp2IC04MTYgLTk2IDANCnYgLTgwMCAtOTYgMA0KdiAtNzg0IC0xMTIgMA0KdiAtODAwIC0xMTIgMA0KdiAtODAwIC05NiAwDQp2IC03ODQgLTk2IDANCnYgLTc2OCAtMTEyIDANCnYgLTc4NCAtMTEyIDANCnYgLTc4NCAtOTYgMA0KdiAtNzY4IC05NiAwDQp2IC03NTIgLTExMiAwDQp2IC03NjggLTExMiAwDQp2IC03NjggLTk2IDANCnYgLTc1MiAtOTYgMA0KdiAtNzM2IC0xMTIgMA0KdiAtNzUyIC0xMTIgMA0KdiAtNzUyIC05NiAwDQp2IC03MzYgLTk2IDANCnYgLTcyMCAtMTEyIDANCnYgLTczNiAtMTEyIDANCnYgLTczNiAtOTYgMA0KdiAtNzIwIC05NiAwDQp2IC03MDQgLTExMiAwDQp2IC03MjAgLTExMiAwDQp2IC03MjAgLTk2IDANCnYgLTcwNCAtOTYgMA0KdiAtNjg4IC0xMTIgMA0KdiAtNzA0IC0xMTIgMA0KdiAtNzA0IC05NiAwDQp2IC02ODggLTk2IDANCnYgLTY3MiAtMTEyIDANCnYgLTY4OCAtMTEyIDANCnYgLTY4OCAtOTYgMA0KdiAtNjcyIC05NiAwDQp2IC02NTYgLTExMiAwDQp2IC02NzIgLTExMiAwDQp2IC02NzIgLTk2IDANCnYgLTY1NiAtOTYgMA0KdiAtNjQwIC0xMTIgMA0KdiAtNjU2IC0xMTIgMA0KdiAtNjU2IC05NiAwDQp2IC02NDAgLTk2IDANCnYgLTYyNCAtMTEyIDANCnYgLTY0MCAtMTEyIDANCnYgLTY0MCAtOTYgMA0KdiAtNjI0IC05NiAwDQp2IC02MDggLTExMiAwDQp2IC02MjQgLTExMiAwDQp2IC02MjQgLTk2IDANCnYgLTYwOCAtOTYgMA0KdiAtNTkyIC0xMTIgMA0KdiAtNjA4IC0xMTIgMA0KdiAtNjA4IC05NiAwDQp2IC01OTIgLTk2IDANCnYgLTU3NiAtMTEyIDANCnYgLTU5MiAtMTEyIDANCnYgLTU5MiAtOTYgMA0KdiAtNTc2IC05NiAwDQp2IC01NjAgLTExMiAwDQp2IC01NzYgLTExMiAwDQp2IC01NzYgLTk2IDANCnYgLTU2MCAtOTYgMA0KdiAtNTQ0IC0xMTIgMA0KdiAtNTYwIC0xMTIgMA0KdiAtNTYwIC05NiAwDQp2IC01NDQgLTk2IDANCnYgLTUyOCAtMTEyIDANCnYgLTU0NCAtMTEyIDANCnYgLTU0NCAtOTYgMA0KdiAtNTI4IC05NiAwDQp2IC01MTIgLTExMiAwDQp2IC01MjggLTExMiAwDQp2IC01MjggLTk2IDANCnYgLTUxMiAtOTYgMA0KdiAtNDk2IC0xMTIgMA0KdiAtNTEyIC0xMTIgMA0KdiAtNTEyIC05NiAwDQp2IC00OTYgLTk2IDANCnYgLTQ4MCAtMTEyIDANCnYgLTQ5NiAtMTEyIDANCnYgLTQ5NiAtOTYgMA0KdiAtNDgwIC05NiAwDQp2IC00NjQgLTExMiAwDQp2IC00ODAgLTExMiAwDQp2IC00ODAgLTk2IDANCnYgLTQ2NCAtOTYgMA0KdiAtNDQ4IC0xMTIgMA0KdiAtNDY0IC0xMTIgMA0KdiAtNDY0IC05NiAwDQp2IC00NDggLTk2IDANCnYgLTQzMiAtMTEyIDANCnYgLTQ0OCAtMTEyIDANCnYgLTQ0OCAtOTYgMA0KdiAtNDMyIC05NiAwDQp2IC00MTYgLTExMiAwDQp2IC00MzIgLTExMiAwDQp2IC00MzIgLTk2IDANCnYgLTQxNiAtOTYgMA0KdiAtNDAwIC0xMTIgMA0KdiAtNDE2IC0xMTIgMA0KdiAtNDE2IC05NiAwDQp2IC00MDAgLTk2IDANCnYgLTM4NCAtMTEyIDANCnYgLTQwMCAtMTEyIDANCnYgLTQwMCAtOTYgMA0KdiAtMzg0IC05NiAwDQp2IC0zNjggLTExMiAwDQp2IC0zODQgLTExMiAwDQp2IC0zODQgLTk2IDANCnYgLTM2OCAtOTYgMA0KdiAtMzUyIC0xMTIgMA0KdiAtMzY4IC0xMTIgMA0KdiAtMzY4IC05NiAwDQp2IC0zNTIgLTk2IDANCnYgLTMzNiAtMTEyIDANCnYgLTM1MiAtMTEyIDANCnYgLTM1MiAtOTYgMA0KdiAtMzM2IC05NiAwDQp2IC0zMjAgLTExMiAwDQp2IC0zMzYgLTExMiAwDQp2IC0zMzYgLTk2IDANCnYgLTMyMCAtOTYgMA0KdiAtMzA0IC0xMTIgMA0KdiAtMzIwIC0xMTIgMA0KdiAtMzIwIC05NiAwDQp2IC0zMDQgLTk2IDANCnYgLTI4OCAtMTEyIDANCnYgLTMwNCAtMTEyIDANCnYgLTMwNCAtOTYgMA0KdiAtMjg4IC05NiAwDQp2IC0yNzIgLTExMiAwDQp2IC0yODggLTExMiAwDQp2IC0yODggLTk2IDANCnYgLTI3MiAtOTYgMA0KdiAtMjU2IC0xMTIgMA0KdiAtMjcyIC0xMTIgMA0KdiAtMjcyIC05NiAwDQp2IC0yNTYgLTk2IDANCnYgLTI0MCAtMTEyIDANCnYgLTI1NiAtMTEyIDANCnYgLTI1NiAtOTYgMA0KdiAtMjQwIC05NiAwDQp2IC0yMjQgLTExMiAwDQp2IC0yNDAgLTExMiAwDQp2IC0yNDAgLTk2IDANCnYgLTIyNCAtOTYgMA0KdiAtMjA4IC0xMTIgMA0KdiAtMjI0IC0xMTIgMA0KdiAtMjI0IC05NiAwDQp2IC0yMDggLTk2IDANCnYgLTE5MiAtMTEyIDANCnYgLTIwOCAtMTEyIDANCnYgLTIwOCAtOTYgMA0KdiAtMTkyIC05NiAwDQp2IC0xNzYgLTExMiAwDQp2IC0xOTIgLTExMiAwDQp2IC0xOTIgLTk2IDANCnYgLTE3NiAtOTYgMA0KdiAtMTYwIC0xMTIgMA0KdiAtMTc2IC0xMTIgMA0KdiAtMTc2IC05NiAwDQp2IC0xNjAgLTk2IDANCnYgLTE0NCAtMTEyIDANCnYgLTE2MCAtMTEyIDANCnYgLTE2MCAtOTYgMA0KdiAtMTQ0IC05NiAwDQp2IC0xMjggLTExMiAwDQp2IC0xNDQgLTExMiAwDQp2IC0xNDQgLTk2IDANCnYgLTEyOCAtOTYgMA0KdiAtMTEyIC0xMTIgMA0KdiAtMTI4IC0xMTIgMA0KdiAtMTI4IC05NiAwDQp2IC0xMTIgLTk2IDANCnYgLTk2IC0xMTIgMA0KdiAtMTEyIC0xMTIgMA0KdiAtMTEyIC05NiAwDQp2IC05NiAtOTYgMA0KdiAtODAgLTExMiAwDQp2IC05NiAtMTEyIDANCnYgLTk2IC05NiAwDQp2IC04MCAtOTYgMA0KdiAtNjQgLTExMiAwDQp2IC04MCAtMTEyIDANCnYgLTgwIC05NiAwDQp2IC02NCAtOTYgMA0KdiAtNDggLTExMiAwDQp2IC02NCAtMTEyIDANCnYgLTY0IC05NiAwDQp2IC00OCAtOTYgMA0KdiAtMzIgLTExMiAwDQp2IC00OCAtMTEyIDANCnYgLTQ4IC05NiAwDQp2IC0zMiAtOTYgMA0KdiAtMTYgLTExMiAwDQp2IC0zMiAtMTEyIDANCnYgLTMyIC05NiAwDQp2IC0xNiAtOTYgMA0KdiAwIC0xMTIgMA0KdiAtMTYgLTExMiAwDQp2IC0xNiAtOTYgMA0KdiAwIC05NiAwDQp2IC0xMTg0IC0xMjggMA0KdiAtMTIwMCAtMTI4IDANCnYgLTEyMDAgLTExMiAwDQp2IC0xMTg0IC0xMTIgMA0KdiAtMTE2OCAtMTI4IDANCnYgLTExODQgLTEyOCAwDQp2IC0xMTg0IC0xMTIgMA0KdiAtMTE2OCAtMTEyIDANCnYgLTExNTIgLTEyOCAwDQp2IC0xMTY4IC0xMjggMA0KdiAtMTE2OCAtMTEyIDANCnYgLTExNTIgLTExMiAwDQp2IC0xMTM2IC0xMjggMA0KdiAtMTE1MiAtMTI4IDANCnYgLTExNTIgLTExMiAwDQp2IC0xMTM2IC0xMTIgMA0KdiAtMTEyMCAtMTI4IDANCnYgLTExMzYgLTEyOCAwDQp2IC0xMTM2IC0xMTIgMA0KdiAtMTEyMCAtMTEyIDANCnYgLTExMDQgLTEyOCAwDQp2IC0xMTIwIC0xMjggMA0KdiAtMTEyMCAtMTEyIDANCnYgLTExMDQgLTExMiAwDQp2IC0xMDg4IC0xMjggMA0KdiAtMTEwNCAtMTI4IDANCnYgLTExMDQgLTExMiAwDQp2IC0xMDg4IC0xMTIgMA0KdiAtMTA3MiAtMTI4IDANCnYgLTEwODggLTEyOCAwDQp2IC0xMDg4IC0xMTIgMA0KdiAtMTA3MiAtMTEyIDANCnYgLTEwNTYgLTEyOCAwDQp2IC0xMDcyIC0xMjggMA0KdiAtMTA3MiAtMTEyIDANCnYgLTEwNTYgLTExMiAwDQp2IC0xMDQwIC0xMjggMA0KdiAtMTA1NiAtMTI4IDANCnYgLTEwNTYgLTExMiAwDQp2IC0xMDQwIC0xMTIgMA0KdiAtMTAyNCAtMTI4IDANCnYgLTEwNDAgLTEyOCAwDQp2IC0xMDQwIC0xMTIgMA0KdiAtMTAyNCAtMTEyIDANCnYgLTEwMDggLTEyOCAwDQp2IC0xMDI0IC0xMjggMA0KdiAtMTAyNCAtMTEyIDANCnYgLTEwMDggLTExMiAwDQp2IC05OTIgLTEyOCAwDQp2IC0xMDA4IC0xMjggMA0KdiAtMTAwOCAtMTEyIDANCnYgLTk5MiAtMTEyIDANCnYgLTk3NiAtMTI4IDANCnYgLTk5MiAtMTI4IDANCnYgLTk5MiAtMTEyIDANCnYgLTk3NiAtMTEyIDANCnYgLTk2MCAtMTI4IDANCnYgLTk3NiAtMTI4IDANCnYgLTk3NiAtMTEyIDANCnYgLTk2MCAtMTEyIDANCnYgLTk0NCAtMTI4IDANCnYgLTk2MCAtMTI4IDANCnYgLTk2MCAtMTEyIDANCnYgLTk0NCAtMTEyIDANCnYgLTkyOCAtMTI4IDANCnYgLTk0NCAtMTI4IDANCnYgLTk0NCAtMTEyIDANCnYgLTkyOCAtMTEyIDANCnYgLTkxMiAtMTI4IDANCnYgLTkyOCAtMTI4IDANCnYgLTkyOCAtMTEyIDANCnYgLTkxMiAtMTEyIDANCnYgLTg5NiAtMTI4IDANCnYgLTkxMiAtMTI4IDANCnYgLTkxMiAtMTEyIDANCnYgLTg5NiAtMTEyIDANCnYgLTg4MCAtMTI4IDANCnYgLTg5NiAtMTI4IDANCnYgLTg5NiAtMTEyIDANCnYgLTg4MCAtMTEyIDANCnYgLTg2NCAtMTI4IDANCnYgLTg4MCAtMTI4IDANCnYgLTg4MCAtMTEyIDANCnYgLTg2NCAtMTEyIDANCnYgLTg0OCAtMTI4IDANCnYgLTg2NCAtMTI4IDANCnYgLTg2NCAtMTEyIDANCnYgLTg0OCAtMTEyIDANCnYgLTgzMiAtMTI4IDANCnYgLTg0OCAtMTI4IDANCnYgLTg0OCAtMTEyIDANCnYgLTgzMiAtMTEyIDANCnYgLTgxNiAtMTI4IDANCnYgLTgzMiAtMTI4IDANCnYgLTgzMiAtMTEyIDANCnYgLTgxNiAtMTEyIDANCnYgLTgwMCAtMTI4IDANCnYgLTgxNiAtMTI4IDANCnYgLTgxNiAtMTEyIDANCnYgLTgwMCAtMTEyIDANCnYgLTc4NCAtMTI4IDANCnYgLTgwMCAtMTI4IDANCnYgLTgwMCAtMTEyIDANCnYgLTc4NCAtMTEyIDANCnYgLTc2OCAtMTI4IDANCnYgLTc4NCAtMTI4IDANCnYgLTc4NCAtMTEyIDANCnYgLTc2OCAtMTEyIDANCnYgLTc1MiAtMTI4IDANCnYgLTc2OCAtMTI4IDANCnYgLTc2OCAtMTEyIDANCnYgLTc1MiAtMTEyIDANCnYgLTczNiAtMTI4IDANCnYgLTc1MiAtMTI4IDANCnYgLTc1MiAtMTEyIDANCnYgLTczNiAtMTEyIDANCnYgLTcyMCAtMTI4IDANCnYgLTczNiAtMTI4IDANCnYgLTczNiAtMTEyIDANCnYgLTcyMCAtMTEyIDANCnYgLTcwNCAtMTI4IDANCnYgLTcyMCAtMTI4IDANCnYgLTcyMCAtMTEyIDANCnYgLTcwNCAtMTEyIDANCnYgLTY4OCAtMTI4IDANCnYgLTcwNCAtMTI4IDANCnYgLTcwNCAtMTEyIDANCnYgLTY4OCAtMTEyIDANCnYgLTY3MiAtMTI4IDANCnYgLTY4OCAtMTI4IDANCnYgLTY4OCAtMTEyIDANCnYgLTY3MiAtMTEyIDANCnYgLTY1NiAtMTI4IDANCnYgLTY3MiAtMTI4IDANCnYgLTY3MiAtMTEyIDANCnYgLTY1NiAtMTEyIDANCnYgLTY0MCAtMTI4IDANCnYgLTY1NiAtMTI4IDANCnYgLTY1NiAtMTEyIDANCnYgLTY0MCAtMTEyIDANCnYgLTYyNCAtMTI4IDANCnYgLTY0MCAtMTI4IDANCnYgLTY0MCAtMTEyIDANCnYgLTYyNCAtMTEyIDANCnYgLTYwOCAtMTI4IDANCnYgLTYyNCAtMTI4IDANCnYgLTYyNCAtMTEyIDANCnYgLTYwOCAtMTEyIDANCnYgLTU5MiAtMTI4IDANCnYgLTYwOCAtMTI4IDANCnYgLTYwOCAtMTEyIDANCnYgLTU5MiAtMTEyIDANCnYgLTU3NiAtMTI4IDANCnYgLTU5MiAtMTI4IDANCnYgLTU5MiAtMTEyIDANCnYgLTU3NiAtMTEyIDANCnYgLTU2MCAtMTI4IDANCnYgLTU3NiAtMTI4IDANCnYgLTU3NiAtMTEyIDANCnYgLTU2MCAtMTEyIDANCnYgLTU0NCAtMTI4IDANCnYgLTU2MCAtMTI4IDANCnYgLTU2MCAtMTEyIDANCnYgLTU0NCAtMTEyIDANCnYgLTUyOCAtMTI4IDANCnYgLTU0NCAtMTI4IDANCnYgLTU0NCAtMTEyIDANCnYgLTUyOCAtMTEyIDANCnYgLTUxMiAtMTI4IDANCnYgLTUyOCAtMTI4IDANCnYgLTUyOCAtMTEyIDANCnYgLTUxMiAtMTEyIDANCnYgLTQ5NiAtMTI4IDANCnYgLTUxMiAtMTI4IDANCnYgLTUxMiAtMTEyIDANCnYgLTQ5NiAtMTEyIDANCnYgLTQ4MCAtMTI4IDANCnYgLTQ5NiAtMTI4IDANCnYgLTQ5NiAtMTEyIDANCnYgLTQ4MCAtMTEyIDANCnYgLTQ2NCAtMTI4IDANCnYgLTQ4MCAtMTI4IDANCnYgLTQ4MCAtMTEyIDANCnYgLTQ2NCAtMTEyIDANCnYgLTQ0OCAtMTI4IDANCnYgLTQ2NCAtMTI4IDANCnYgLTQ2NCAtMTEyIDANCnYgLTQ0OCAtMTEyIDANCnYgLTQzMiAtMTI4IDANCnYgLTQ0OCAtMTI4IDANCnYgLTQ0OCAtMTEyIDANCnYgLTQzMiAtMTEyIDANCnYgLTQxNiAtMTI4IDANCnYgLTQzMiAtMTI4IDANCnYgLTQzMiAtMTEyIDANCnYgLTQxNiAtMTEyIDANCnYgLTQwMCAtMTI4IDANCnYgLTQxNiAtMTI4IDANCnYgLTQxNiAtMTEyIDANCnYgLTQwMCAtMTEyIDANCnYgLTM4NCAtMTI4IDANCnYgLTQwMCAtMTI4IDANCnYgLTQwMCAtMTEyIDANCnYgLTM4NCAtMTEyIDANCnYgLTM2OCAtMTI4IDANCnYgLTM4NCAtMTI4IDANCnYgLTM4NCAtMTEyIDANCnYgLTM2OCAtMTEyIDANCnYgLTM1MiAtMTI4IDANCnYgLTM2OCAtMTI4IDANCnYgLTM2OCAtMTEyIDANCnYgLTM1MiAtMTEyIDANCnYgLTMzNiAtMTI4IDANCnYgLTM1MiAtMTI4IDANCnYgLTM1MiAtMTEyIDANCnYgLTMzNiAtMTEyIDANCnYgLTMyMCAtMTI4IDANCnYgLTMzNiAtMTI4IDANCnYgLTMzNiAtMTEyIDANCnYgLTMyMCAtMTEyIDANCnYgLTMwNCAtMTI4IDANCnYgLTMyMCAtMTI4IDANCnYgLTMyMCAtMTEyIDANCnYgLTMwNCAtMTEyIDANCnYgLTI4OCAtMTI4IDANCnYgLTMwNCAtMTI4IDANCnYgLTMwNCAtMTEyIDANCnYgLTI4OCAtMTEyIDANCnYgLTI3MiAtMTI4IDANCnYgLTI4OCAtMTI4IDANCnYgLTI4OCAtMTEyIDANCnYgLTI3MiAtMTEyIDANCnYgLTI1NiAtMTI4IDANCnYgLTI3MiAtMTI4IDANCnYgLTI3MiAtMTEyIDANCnYgLTI1NiAtMTEyIDANCnYgLTI0MCAtMTI4IDANCnYgLTI1NiAtMTI4IDANCnYgLTI1NiAtMTEyIDANCnYgLTI0MCAtMTEyIDANCnYgLTIyNCAtMTI4IDANCnYgLTI0MCAtMTI4IDANCnYgLTI0MCAtMTEyIDANCnYgLTIyNCAtMTEyIDANCnYgLTIwOCAtMTI4IDANCnYgLTIyNCAtMTI4IDANCnYgLTIyNCAtMTEyIDANCnYgLTIwOCAtMTEyIDANCnYgLTE5MiAtMTI4IDANCnYgLTIwOCAtMTI4IDANCnYgLTIwOCAtMTEyIDANCnYgLTE5MiAtMTEyIDANCnYgLTE3NiAtMTI4IDANCnYgLTE5MiAtMTI4IDANCnYgLTE5MiAtMTEyIDANCnYgLTE3NiAtMTEyIDANCnYgLTE2MCAtMTI4IDANCnYgLTE3NiAtMTI4IDANCnYgLTE3NiAtMTEyIDANCnYgLTE2MCAtMTEyIDANCnYgLTE0NCAtMTI4IDANCnYgLTE2MCAtMTI4IDANCnYgLTE2MCAtMTEyIDANCnYgLTE0NCAtMTEyIDANCnYgLTEyOCAtMTI4IDANCnYgLTE0NCAtMTI4IDANCnYgLTE0NCAtMTEyIDANCnYgLTEyOCAtMTEyIDANCnYgLTExMiAtMTI4IDANCnYgLTEyOCAtMTI4IDANCnYgLTEyOCAtMTEyIDANCnYgLTExMiAtMTEyIDANCnYgLTk2IC0xMjggMA0KdiAtMTEyIC0xMjggMA0KdiAtMTEyIC0xMTIgMA0KdiAtOTYgLTExMiAwDQp2IC04MCAtMTI4IDANCnYgLTk2IC0xMjggMA0KdiAtOTYgLTExMiAwDQp2IC04MCAtMTEyIDANCnYgLTY0IC0xMjggMA0KdiAtODAgLTEyOCAwDQp2IC04MCAtMTEyIDANCnYgLTY0IC0xMTIgMA0KdiAtNDggLTEyOCAwDQp2IC02NCAtMTI4IDANCnYgLTY0IC0xMTIgMA0KdiAtNDggLTExMiAwDQp2IC0zMiAtMTI4IDANCnYgLTQ4IC0xMjggMA0KdiAtNDggLTExMiAwDQp2IC0zMiAtMTEyIDANCnYgLTE2IC0xMjggMA0KdiAtMzIgLTEyOCAwDQp2IC0zMiAtMTEyIDANCnYgLTE2IC0xMTIgMA0KdiAwIC0xMjggMA0KdiAtMTYgLTEyOCAwDQp2IC0xNiAtMTEyIDANCnYgMCAtMTEyIDANCnYgLTExODQgLTE0NCAwDQp2IC0xMjAwIC0xNDQgMA0KdiAtMTIwMCAtMTI4IDANCnYgLTExODQgLTEyOCAwDQp2IC0xMTY4IC0xNDQgMA0KdiAtMTE4NCAtMTQ0IDANCnYgLTExODQgLTEyOCAwDQp2IC0xMTY4IC0xMjggMA0KdiAtMTE1MiAtMTQ0IDANCnYgLTExNjggLTE0NCAwDQp2IC0xMTY4IC0xMjggMA0KdiAtMTE1MiAtMTI4IDANCnYgLTExMzYgLTE0NCAwDQp2IC0xMTUyIC0xNDQgMA0KdiAtMTE1MiAtMTI4IDANCnYgLTExMzYgLTEyOCAwDQp2IC0xMTIwIC0xNDQgMA0KdiAtMTEzNiAtMTQ0IDANCnYgLTExMzYgLTEyOCAwDQp2IC0xMTIwIC0xMjggMA0KdiAtMTEwNCAtMTQ0IDANCnYgLTExMjAgLTE0NCAwDQp2IC0xMTIwIC0xMjggMA0KdiAtMTEwNCAtMTI4IDANCnYgLTEwODggLTE0NCAwDQp2IC0xMTA0IC0xNDQgMA0KdiAtMTEwNCAtMTI4IDANCnYgLTEwODggLTEyOCAwDQp2IC0xMDcyIC0xNDQgMA0KdiAtMTA4OCAtMTQ0IDANCnYgLTEwODggLTEyOCAwDQp2IC0xMDcyIC0xMjggMA0KdiAtMTA1NiAtMTQ0IDANCnYgLTEwNzIgLTE0NCAwDQp2IC0xMDcyIC0xMjggMA0KdiAtMTA1NiAtMTI4IDANCnYgLTEwNDAgLTE0NCAwDQp2IC0xMDU2IC0xNDQgMA0KdiAtMTA1NiAtMTI4IDANCnYgLTEwNDAgLTEyOCAwDQp2IC0xMDI0IC0xNDQgMA0KdiAtMTA0MCAtMTQ0IDANCnYgLTEwNDAgLTEyOCAwDQp2IC0xMDI0IC0xMjggMA0KdiAtMTAwOCAtMTQ0IDANCnYgLTEwMjQgLTE0NCAwDQp2IC0xMDI0IC0xMjggMA0KdiAtMTAwOCAtMTI4IDANCnYgLTk5MiAtMTQ0IDANCnYgLTEwMDggLTE0NCAwDQp2IC0xMDA4IC0xMjggMA0KdiAtOTkyIC0xMjggMA0KdiAtOTc2IC0xNDQgMA0KdiAtOTkyIC0xNDQgMA0KdiAtOTkyIC0xMjggMA0KdiAtOTc2IC0xMjggMA0KdiAtOTYwIC0xNDQgMA0KdiAtOTc2IC0xNDQgMA0KdiAtOTc2IC0xMjggMA0KdiAtOTYwIC0xMjggMA0KdiAtOTQ0IC0xNDQgMA0KdiAtOTYwIC0xNDQgMA0KdiAtOTYwIC0xMjggMA0KdiAtOTQ0IC0xMjggMA0KdiAtOTI4IC0xNDQgMA0KdiAtOTQ0IC0xNDQgMA0KdiAtOTQ0IC0xMjggMA0KdiAtOTI4IC0xMjggMA0KdiAtOTEyIC0xNDQgMA0KdiAtOTI4IC0xNDQgMA0KdiAtOTI4IC0xMjggMA0KdiAtOTEyIC0xMjggMA0KdiAtODk2IC0xNDQgMA0KdiAtOTEyIC0xNDQgMA0KdiAtOTEyIC0xMjggMA0KdiAtODk2IC0xMjggMA0KdiAtODgwIC0xNDQgMA0KdiAtODk2IC0xNDQgMA0KdiAtODk2IC0xMjggMA0KdiAtODgwIC0xMjggMA0KdiAtODY0IC0xNDQgMA0KdiAtODgwIC0xNDQgMA0KdiAtODgwIC0xMjggMA0KdiAtODY0IC0xMjggMA0KdiAtODQ4IC0xNDQgMA0KdiAtODY0IC0xNDQgMA0KdiAtODY0IC0xMjggMA0KdiAtODQ4IC0xMjggMA0KdiAtODMyIC0xNDQgMA0KdiAtODQ4IC0xNDQgMA0KdiAtODQ4IC0xMjggMA0KdiAtODMyIC0xMjggMA0KdiAtODE2IC0xNDQgMA0KdiAtODMyIC0xNDQgMA0KdiAtODMyIC0xMjggMA0KdiAtODE2IC0xMjggMA0KdiAtODAwIC0xNDQgMA0KdiAtODE2IC0xNDQgMA0KdiAtODE2IC0xMjggMA0KdiAtODAwIC0xMjggMA0KdiAtNzg0IC0xNDQgMA0KdiAtODAwIC0xNDQgMA0KdiAtODAwIC0xMjggMA0KdiAtNzg0IC0xMjggMA0KdiAtNzY4IC0xNDQgMA0KdiAtNzg0IC0xNDQgMA0KdiAtNzg0IC0xMjggMA0KdiAtNzY4IC0xMjggMA0KdiAtNzUyIC0xNDQgMA0KdiAtNzY4IC0xNDQgMA0KdiAtNzY4IC0xMjggMA0KdiAtNzUyIC0xMjggMA0KdiAtNzM2IC0xNDQgMA0KdiAtNzUyIC0xNDQgMA0KdiAtNzUyIC0xMjggMA0KdiAtNzM2IC0xMjggMA0KdiAtNzIwIC0xNDQgMA0KdiAtNzM2IC0xNDQgMA0KdiAtNzM2IC0xMjggMA0KdiAtNzIwIC0xMjggMA0KdiAtNzA0IC0xNDQgMA0KdiAtNzIwIC0xNDQgMA0KdiAtNzIwIC0xMjggMA0KdiAtNzA0IC0xMjggMA0KdiAtNjg4IC0xNDQgMA0KdiAtNzA0IC0xNDQgMA0KdiAtNzA0IC0xMjggMA0KdiAtNjg4IC0xMjggMA0KdiAtNjcyIC0xNDQgMA0KdiAtNjg4IC0xNDQgMA0KdiAtNjg4IC0xMjggMA0KdiAtNjcyIC0xMjggMA0KdiAtNjU2IC0xNDQgMA0KdiAtNjcyIC0xNDQgMA0KdiAtNjcyIC0xMjggMA0KdiAtNjU2IC0xMjggMA0KdiAtNjQwIC0xNDQgMA0KdiAtNjU2IC0xNDQgMA0KdiAtNjU2IC0xMjggMA0KdiAtNjQwIC0xMjggMA0KdiAtNjI0IC0xNDQgMA0KdiAtNjQwIC0xNDQgMA0KdiAtNjQwIC0xMjggMA0KdiAtNjI0IC0xMjggMA0KdiAtNjA4IC0xNDQgMA0KdiAtNjI0IC0xNDQgMA0KdiAtNjI0IC0xMjggMA0KdiAtNjA4IC0xMjggMA0KdiAtNTkyIC0xNDQgMA0KdiAtNjA4IC0xNDQgMA0KdiAtNjA4IC0xMjggMA0KdiAtNTkyIC0xMjggMA0KdiAtNTc2IC0xNDQgMA0KdiAtNTkyIC0xNDQgMA0KdiAtNTkyIC0xMjggMA0KdiAtNTc2IC0xMjggMA0KdiAtNTYwIC0xNDQgMA0KdiAtNTc2IC0xNDQgMA0KdiAtNTc2IC0xMjggMA0KdiAtNTYwIC0xMjggMA0KdiAtNTQ0IC0xNDQgMA0KdiAtNTYwIC0xNDQgMA0KdiAtNTYwIC0xMjggMA0KdiAtNTQ0IC0xMjggMA0KdiAtNTI4IC0xNDQgMA0KdiAtNTQ0IC0xNDQgMA0KdiAtNTQ0IC0xMjggMA0KdiAtNTI4IC0xMjggMA0KdiAtNTEyIC0xNDQgMA0KdiAtNTI4IC0xNDQgMA0KdiAtNTI4IC0xMjggMA0KdiAtNTEyIC0xMjggMA0KdiAtNDk2IC0xNDQgMA0KdiAtNTEyIC0xNDQgMA0KdiAtNTEyIC0xMjggMA0KdiAtNDk2IC0xMjggMA0KdiAtNDgwIC0xNDQgMA0KdiAtNDk2IC0xNDQgMA0KdiAtNDk2IC0xMjggMA0KdiAtNDgwIC0xMjggMA0KdiAtNDY0IC0xNDQgMA0KdiAtNDgwIC0xNDQgMA0KdiAtNDgwIC0xMjggMA0KdiAtNDY0IC0xMjggMA0KdiAtNDQ4IC0xNDQgMA0KdiAtNDY0IC0xNDQgMA0KdiAtNDY0IC0xMjggMA0KdiAtNDQ4IC0xMjggMA0KdiAtNDMyIC0xNDQgMA0KdiAtNDQ4IC0xNDQgMA0KdiAtNDQ4IC0xMjggMA0KdiAtNDMyIC0xMjggMA0KdiAtNDE2IC0xNDQgMA0KdiAtNDMyIC0xNDQgMA0KdiAtNDMyIC0xMjggMA0KdiAtNDE2IC0xMjggMA0KdiAtNDAwIC0xNDQgMA0KdiAtNDE2IC0xNDQgMA0KdiAtNDE2IC0xMjggMA0KdiAtNDAwIC0xMjggMA0KdiAtMzg0IC0xNDQgMA0KdiAtNDAwIC0xNDQgMA0KdiAtNDAwIC0xMjggMA0KdiAtMzg0IC0xMjggMA0KdiAtMzY4IC0xNDQgMA0KdiAtMzg0IC0xNDQgMA0KdiAtMzg0IC0xMjggMA0KdiAtMzY4IC0xMjggMA0KdiAtMzUyIC0xNDQgMA0KdiAtMzY4IC0xNDQgMA0KdiAtMzY4IC0xMjggMA0KdiAtMzUyIC0xMjggMA0KdiAtMzM2IC0xNDQgMA0KdiAtMzUyIC0xNDQgMA0KdiAtMzUyIC0xMjggMA0KdiAtMzM2IC0xMjggMA0KdiAtMzIwIC0xNDQgMA0KdiAtMzM2IC0xNDQgMA0KdiAtMzM2IC0xMjggMA0KdiAtMzIwIC0xMjggMA0KdiAtMzA0IC0xNDQgMA0KdiAtMzIwIC0xNDQgMA0KdiAtMzIwIC0xMjggMA0KdiAtMzA0IC0xMjggMA0KdiAtMjg4IC0xNDQgMA0KdiAtMzA0IC0xNDQgMA0KdiAtMzA0IC0xMjggMA0KdiAtMjg4IC0xMjggMA0KdiAtMjcyIC0xNDQgMA0KdiAtMjg4IC0xNDQgMA0KdiAtMjg4IC0xMjggMA0KdiAtMjcyIC0xMjggMA0KdiAtMjU2IC0xNDQgMA0KdiAtMjcyIC0xNDQgMA0KdiAtMjcyIC0xMjggMA0KdiAtMjU2IC0xMjggMA0KdiAtMjQwIC0xNDQgMA0KdiAtMjU2IC0xNDQgMA0KdiAtMjU2IC0xMjggMA0KdiAtMjQwIC0xMjggMA0KdiAtMjI0IC0xNDQgMA0KdiAtMjQwIC0xNDQgMA0KdiAtMjQwIC0xMjggMA0KdiAtMjI0IC0xMjggMA0KdiAtMjA4IC0xNDQgMA0KdiAtMjI0IC0xNDQgMA0KdiAtMjI0IC0xMjggMA0KdiAtMjA4IC0xMjggMA0KdiAtMTkyIC0xNDQgMA0KdiAtMjA4IC0xNDQgMA0KdiAtMjA4IC0xMjggMA0KdiAtMTkyIC0xMjggMA0KdiAtMTc2IC0xNDQgMA0KdiAtMTkyIC0xNDQgMA0KdiAtMTkyIC0xMjggMA0KdiAtMTc2IC0xMjggMA0KdiAtMTYwIC0xNDQgMA0KdiAtMTc2IC0xNDQgMA0KdiAtMTc2IC0xMjggMA0KdiAtMTYwIC0xMjggMA0KdiAtMTQ0IC0xNDQgMA0KdiAtMTYwIC0xNDQgMA0KdiAtMTYwIC0xMjggMA0KdiAtMTQ0IC0xMjggMA0KdiAtMTI4IC0xNDQgMA0KdiAtMTQ0IC0xNDQgMA0KdiAtMTQ0IC0xMjggMA0KdiAtMTI4IC0xMjggMA0KdiAtMTEyIC0xNDQgMA0KdiAtMTI4IC0xNDQgMA0KdiAtMTI4IC0xMjggMA0KdiAtMTEyIC0xMjggMA0KdiAtOTYgLTE0NCAwDQp2IC0xMTIgLTE0NCAwDQp2IC0xMTIgLTEyOCAwDQp2IC05NiAtMTI4IDANCnYgLTgwIC0xNDQgMA0KdiAtOTYgLTE0NCAwDQp2IC05NiAtMTI4IDANCnYgLTgwIC0xMjggMA0KdiAtNjQgLTE0NCAwDQp2IC04MCAtMTQ0IDANCnYgLTgwIC0xMjggMA0KdiAtNjQgLTEyOCAwDQp2IC00OCAtMTQ0IDANCnYgLTY0IC0xNDQgMA0KdiAtNjQgLTEyOCAwDQp2IC00OCAtMTI4IDANCnYgLTMyIC0xNDQgMA0KdiAtNDggLTE0NCAwDQp2IC00OCAtMTI4IDANCnYgLTMyIC0xMjggMA0KdiAtMTYgLTE0NCAwDQp2IC0zMiAtMTQ0IDANCnYgLTMyIC0xMjggMA0KdiAtMTYgLTEyOCAwDQp2IDAgLTE0NCAwDQp2IC0xNiAtMTQ0IDANCnYgLTE2IC0xMjggMA0KdiAwIC0xMjggMA0KdiAtMTE4NCAtMTYwIDANCnYgLTEyMDAgLTE2MCAwDQp2IC0xMjAwIC0xNDQgMA0KdiAtMTE4NCAtMTQ0IDANCnYgLTExNjggLTE2MCAwDQp2IC0xMTg0IC0xNjAgMA0KdiAtMTE4NCAtMTQ0IDANCnYgLTExNjggLTE0NCAwDQp2IC0xMTUyIC0xNjAgMA0KdiAtMTE2OCAtMTYwIDANCnYgLTExNjggLTE0NCAwDQp2IC0xMTUyIC0xNDQgMA0KdiAtMTEzNiAtMTYwIDANCnYgLTExNTIgLTE2MCAwDQp2IC0xMTUyIC0xNDQgMA0KdiAtMTEzNiAtMTQ0IDANCnYgLTExMjAgLTE2MCAwDQp2IC0xMTM2IC0xNjAgMA0KdiAtMTEzNiAtMTQ0IDANCnYgLTExMjAgLTE0NCAwDQp2IC0xMTA0IC0xNjAgMA0KdiAtMTEyMCAtMTYwIDANCnYgLTExMjAgLTE0NCAwDQp2IC0xMTA0IC0xNDQgMA0KdiAtMTA4OCAtMTYwIDANCnYgLTExMDQgLTE2MCAwDQp2IC0xMTA0IC0xNDQgMA0KdiAtMTA4OCAtMTQ0IDANCnYgLTEwNzIgLTE2MCAwDQp2IC0xMDg4IC0xNjAgMA0KdiAtMTA4OCAtMTQ0IDANCnYgLTEwNzIgLTE0NCAwDQp2IC0xMDU2IC0xNjAgMA0KdiAtMTA3MiAtMTYwIDANCnYgLTEwNzIgLTE0NCAwDQp2IC0xMDU2IC0xNDQgMA0KdiAtMTA0MCAtMTYwIDANCnYgLTEwNTYgLTE2MCAwDQp2IC0xMDU2IC0xNDQgMA0KdiAtMTA0MCAtMTQ0IDANCnYgLTEwMjQgLTE2MCAwDQp2IC0xMDQwIC0xNjAgMA0KdiAtMTA0MCAtMTQ0IDANCnYgLTEwMjQgLTE0NCAwDQp2IC0xMDA4IC0xNjAgMA0KdiAtMTAyNCAtMTYwIDANCnYgLTEwMjQgLTE0NCAwDQp2IC0xMDA4IC0xNDQgMA0KdiAtOTkyIC0xNjAgMA0KdiAtMTAwOCAtMTYwIDANCnYgLTEwMDggLTE0NCAwDQp2IC05OTIgLTE0NCAwDQp2IC05NzYgLTE2MCAwDQp2IC05OTIgLTE2MCAwDQp2IC05OTIgLTE0NCAwDQp2IC05NzYgLTE0NCAwDQp2IC05NjAgLTE2MCAwDQp2IC05NzYgLTE2MCAwDQp2IC05NzYgLTE0NCAwDQp2IC05NjAgLTE0NCAwDQp2IC05NDQgLTE2MCAwDQp2IC05NjAgLTE2MCAwDQp2IC05NjAgLTE0NCAwDQp2IC05NDQgLTE0NCAwDQp2IC05MjggLTE2MCAwDQp2IC05NDQgLTE2MCAwDQp2IC05NDQgLTE0NCAwDQp2IC05MjggLTE0NCAwDQp2IC05MTIgLTE2MCAwDQp2IC05MjggLTE2MCAwDQp2IC05MjggLTE0NCAwDQp2IC05MTIgLTE0NCAwDQp2IC04OTYgLTE2MCAwDQp2IC05MTIgLTE2MCAwDQp2IC05MTIgLTE0NCAwDQp2IC04OTYgLTE0NCAwDQp2IC04ODAgLTE2MCAwDQp2IC04OTYgLTE2MCAwDQp2IC04OTYgLTE0NCAwDQp2IC04ODAgLTE0NCAwDQp2IC04NjQgLTE2MCAwDQp2IC04ODAgLTE2MCAwDQp2IC04ODAgLTE0NCAwDQp2IC04NjQgLTE0NCAwDQp2IC04NDggLTE2MCAwDQp2IC04NjQgLTE2MCAwDQp2IC04NjQgLTE0NCAwDQp2IC04NDggLTE0NCAwDQp2IC04MzIgLTE2MCAwDQp2IC04NDggLTE2MCAwDQp2IC04NDggLTE0NCAwDQp2IC04MzIgLTE0NCAwDQp2IC04MTYgLTE2MCAwDQp2IC04MzIgLTE2MCAwDQp2IC04MzIgLTE0NCAwDQp2IC04MTYgLTE0NCAwDQp2IC04MDAgLTE2MCAwDQp2IC04MTYgLTE2MCAwDQp2IC04MTYgLTE0NCAwDQp2IC04MDAgLTE0NCAwDQp2IC03ODQgLTE2MCAwDQp2IC04MDAgLTE2MCAwDQp2IC04MDAgLTE0NCAwDQp2IC03ODQgLTE0NCAwDQp2IC03NjggLTE2MCAwDQp2IC03ODQgLTE2MCAwDQp2IC03ODQgLTE0NCAwDQp2IC03NjggLTE0NCAwDQp2IC03NTIgLTE2MCAwDQp2IC03NjggLTE2MCAwDQp2IC03NjggLTE0NCAwDQp2IC03NTIgLTE0NCAwDQp2IC03MzYgLTE2MCAwDQp2IC03NTIgLTE2MCAwDQp2IC03NTIgLTE0NCAwDQp2IC03MzYgLTE0NCAwDQp2IC03MjAgLTE2MCAwDQp2IC03MzYgLTE2MCAwDQp2IC03MzYgLTE0NCAwDQp2IC03MjAgLTE0NCAwDQp2IC03MDQgLTE2MCAwDQp2IC03MjAgLTE2MCAwDQp2IC03MjAgLTE0NCAwDQp2IC03MDQgLTE0NCAwDQp2IC02ODggLTE2MCAwDQp2IC03MDQgLTE2MCAwDQp2IC03MDQgLTE0NCAwDQp2IC02ODggLTE0NCAwDQp2IC02NzIgLTE2MCAwDQp2IC02ODggLTE2MCAwDQp2IC02ODggLTE0NCAwDQp2IC02NzIgLTE0NCAwDQp2IC02NTYgLTE2MCAwDQp2IC02NzIgLTE2MCAwDQp2IC02NzIgLTE0NCAwDQp2IC02NTYgLTE0NCAwDQp2IC02NDAgLTE2MCAwDQp2IC02NTYgLTE2MCAwDQp2IC02NTYgLTE0NCAwDQp2IC02NDAgLTE0NCAwDQp2IC02MjQgLTE2MCAwDQp2IC02NDAgLTE2MCAwDQp2IC02NDAgLTE0NCAwDQp2IC02MjQgLTE0NCAwDQp2IC02MDggLTE2MCAwDQp2IC02MjQgLTE2MCAwDQp2IC02MjQgLTE0NCAwDQp2IC02MDggLTE0NCAwDQp2IC01OTIgLTE2MCAwDQp2IC02MDggLTE2MCAwDQp2IC02MDggLTE0NCAwDQp2IC01OTIgLTE0NCAwDQp2IC01NzYgLTE2MCAwDQp2IC01OTIgLTE2MCAwDQp2IC01OTIgLTE0NCAwDQp2IC01NzYgLTE0NCAwDQp2IC01NjAgLTE2MCAwDQp2IC01NzYgLTE2MCAwDQp2IC01NzYgLTE0NCAwDQp2IC01NjAgLTE0NCAwDQp2IC01NDQgLTE2MCAwDQp2IC01NjAgLTE2MCAwDQp2IC01NjAgLTE0NCAwDQp2IC01NDQgLTE0NCAwDQp2IC01MjggLTE2MCAwDQp2IC01NDQgLTE2MCAwDQp2IC01NDQgLTE0NCAwDQp2IC01MjggLTE0NCAwDQp2IC01MTIgLTE2MCAwDQp2IC01MjggLTE2MCAwDQp2IC01MjggLTE0NCAwDQp2IC01MTIgLTE0NCAwDQp2IC00OTYgLTE2MCAwDQp2IC01MTIgLTE2MCAwDQp2IC01MTIgLTE0NCAwDQp2IC00OTYgLTE0NCAwDQp2IC00ODAgLTE2MCAwDQp2IC00OTYgLTE2MCAwDQp2IC00OTYgLTE0NCAwDQp2IC00ODAgLTE0NCAwDQp2IC00NjQgLTE2MCAwDQp2IC00ODAgLTE2MCAwDQp2IC00ODAgLTE0NCAwDQp2IC00NjQgLTE0NCAwDQp2IC00NDggLTE2MCAwDQp2IC00NjQgLTE2MCAwDQp2IC00NjQgLTE0NCAwDQp2IC00NDggLTE0NCAwDQp2IC00MzIgLTE2MCAwDQp2IC00NDggLTE2MCAwDQp2IC00NDggLTE0NCAwDQp2IC00MzIgLTE0NCAwDQp2IC00MTYgLTE2MCAwDQp2IC00MzIgLTE2MCAwDQp2IC00MzIgLTE0NCAwDQp2IC00MTYgLTE0NCAwDQp2IC00MDAgLTE2MCAwDQp2IC00MTYgLTE2MCAwDQp2IC00MTYgLTE0NCAwDQp2IC00MDAgLTE0NCAwDQp2IC0zODQgLTE2MCAwDQp2IC00MDAgLTE2MCAwDQp2IC00MDAgLTE0NCAwDQp2IC0zODQgLTE0NCAwDQp2IC0zNjggLTE2MCAwDQp2IC0zODQgLTE2MCAwDQp2IC0zODQgLTE0NCAwDQp2IC0zNjggLTE0NCAwDQp2IC0zNTIgLTE2MCAwDQp2IC0zNjggLTE2MCAwDQp2IC0zNjggLTE0NCAwDQp2IC0zNTIgLTE0NCAwDQp2IC0zMzYgLTE2MCAwDQp2IC0zNTIgLTE2MCAwDQp2IC0zNTIgLTE0NCAwDQp2IC0zMzYgLTE0NCAwDQp2IC0zMjAgLTE2MCAwDQp2IC0zMzYgLTE2MCAwDQp2IC0zMzYgLTE0NCAwDQp2IC0zMjAgLTE0NCAwDQp2IC0zMDQgLTE2MCAwDQp2IC0zMjAgLTE2MCAwDQp2IC0zMjAgLTE0NCAwDQp2IC0zMDQgLTE0NCAwDQp2IC0yODggLTE2MCAwDQp2IC0zMDQgLTE2MCAwDQp2IC0zMDQgLTE0NCAwDQp2IC0yODggLTE0NCAwDQp2IC0yNzIgLTE2MCAwDQp2IC0yODggLTE2MCAwDQp2IC0yODggLTE0NCAwDQp2IC0yNzIgLTE0NCAwDQp2IC0yNTYgLTE2MCAwDQp2IC0yNzIgLTE2MCAwDQp2IC0yNzIgLTE0NCAwDQp2IC0yNTYgLTE0NCAwDQp2IC0yNDAgLTE2MCAwDQp2IC0yNTYgLTE2MCAwDQp2IC0yNTYgLTE0NCAwDQp2IC0yNDAgLTE0NCAwDQp2IC0yMjQgLTE2MCAwDQp2IC0yNDAgLTE2MCAwDQp2IC0yNDAgLTE0NCAwDQp2IC0yMjQgLTE0NCAwDQp2IC0yMDggLTE2MCAwDQp2IC0yMjQgLTE2MCAwDQp2IC0yMjQgLTE0NCAwDQp2IC0yMDggLTE0NCAwDQp2IC0xOTIgLTE2MCAwDQp2IC0yMDggLTE2MCAwDQp2IC0yMDggLTE0NCAwDQp2IC0xOTIgLTE0NCAwDQp2IC0xNzYgLTE2MCAwDQp2IC0xOTIgLTE2MCAwDQp2IC0xOTIgLTE0NCAwDQp2IC0xNzYgLTE0NCAwDQp2IC0xNjAgLTE2MCAwDQp2IC0xNzYgLTE2MCAwDQp2IC0xNzYgLTE0NCAwDQp2IC0xNjAgLTE0NCAwDQp2IC0xNDQgLTE2MCAwDQp2IC0xNjAgLTE2MCAwDQp2IC0xNjAgLTE0NCAwDQp2IC0xNDQgLTE0NCAwDQp2IC0xMjggLTE2MCAwDQp2IC0xNDQgLTE2MCAwDQp2IC0xNDQgLTE0NCAwDQp2IC0xMjggLTE0NCAwDQp2IC0xMTIgLTE2MCAwDQp2IC0xMjggLTE2MCAwDQp2IC0xMjggLTE0NCAwDQp2IC0xMTIgLTE0NCAwDQp2IC05NiAtMTYwIDANCnYgLTExMiAtMTYwIDANCnYgLTExMiAtMTQ0IDANCnYgLTk2IC0xNDQgMA0KdiAtODAgLTE2MCAwDQp2IC05NiAtMTYwIDANCnYgLTk2IC0xNDQgMA0KdiAtODAgLTE0NCAwDQp2IC02NCAtMTYwIDANCnYgLTgwIC0xNjAgMA0KdiAtODAgLTE0NCAwDQp2IC02NCAtMTQ0IDANCnYgLTQ4IC0xNjAgMA0KdiAtNjQgLTE2MCAwDQp2IC02NCAtMTQ0IDANCnYgLTQ4IC0xNDQgMA0KdiAtMzIgLTE2MCAwDQp2IC00OCAtMTYwIDANCnYgLTQ4IC0xNDQgMA0KdiAtMzIgLTE0NCAwDQp2IC0xNiAtMTYwIDANCnYgLTMyIC0xNjAgMA0KdiAtMzIgLTE0NCAwDQp2IC0xNiAtMTQ0IDANCnYgMCAtMTYwIDANCnYgLTE2IC0xNjAgMA0KdiAtMTYgLTE0NCAwDQp2IDAgLTE0NCAwDQp2IC0xMTg0IC0xNzYgMA0KdiAtMTIwMCAtMTc2IDANCnYgLTEyMDAgLTE2MCAwDQp2IC0xMTg0IC0xNjAgMA0KdiAtMTE2OCAtMTc2IDANCnYgLTExODQgLTE3NiAwDQp2IC0xMTg0IC0xNjAgMA0KdiAtMTE2OCAtMTYwIDANCnYgLTExNTIgLTE3NiAwDQp2IC0xMTY4IC0xNzYgMA0KdiAtMTE2OCAtMTYwIDANCnYgLTExNTIgLTE2MCAwDQp2IC0xMTM2IC0xNzYgMA0KdiAtMTE1MiAtMTc2IDANCnYgLTExNTIgLTE2MCAwDQp2IC0xMTM2IC0xNjAgMA0KdiAtMTEyMCAtMTc2IDANCnYgLTExMzYgLTE3NiAwDQp2IC0xMTM2IC0xNjAgMA0KdiAtMTEyMCAtMTYwIDANCnYgLTExMDQgLTE3NiAwDQp2IC0xMTIwIC0xNzYgMA0KdiAtMTEyMCAtMTYwIDANCnYgLTExMDQgLTE2MCAwDQp2IC0xMDg4IC0xNzYgMA0KdiAtMTEwNCAtMTc2IDANCnYgLTExMDQgLTE2MCAwDQp2IC0xMDg4IC0xNjAgMA0KdiAtMTA3MiAtMTc2IDANCnYgLTEwODggLTE3NiAwDQp2IC0xMDg4IC0xNjAgMA0KdiAtMTA3MiAtMTYwIDANCnYgLTEwNTYgLTE3NiAwDQp2IC0xMDcyIC0xNzYgMA0KdiAtMTA3MiAtMTYwIDANCnYgLTEwNTYgLTE2MCAwDQp2IC0xMDQwIC0xNzYgMA0KdiAtMTA1NiAtMTc2IDANCnYgLTEwNTYgLTE2MCAwDQp2IC0xMDQwIC0xNjAgMA0KdiAtMTAyNCAtMTc2IDANCnYgLTEwNDAgLTE3NiAwDQp2IC0xMDQwIC0xNjAgMA0KdiAtMTAyNCAtMTYwIDANCnYgLTEwMDggLTE3NiAwDQp2IC0xMDI0IC0xNzYgMA0KdiAtMTAyNCAtMTYwIDANCnYgLTEwMDggLTE2MCAwDQp2IC05OTIgLTE3NiAwDQp2IC0xMDA4IC0xNzYgMA0KdiAtMTAwOCAtMTYwIDANCnYgLTk5MiAtMTYwIDANCnYgLTk3NiAtMTc2IDANCnYgLTk5MiAtMTc2IDANCnYgLTk5MiAtMTYwIDANCnYgLTk3NiAtMTYwIDANCnYgLTk2MCAtMTc2IDANCnYgLTk3NiAtMTc2IDANCnYgLTk3NiAtMTYwIDANCnYgLTk2MCAtMTYwIDANCnYgLTk0NCAtMTc2IDANCnYgLTk2MCAtMTc2IDANCnYgLTk2MCAtMTYwIDANCnYgLTk0NCAtMTYwIDANCnYgLTkyOCAtMTc2IDANCnYgLTk0NCAtMTc2IDANCnYgLTk0NCAtMTYwIDANCnYgLTkyOCAtMTYwIDANCnYgLTkxMiAtMTc2IDANCnYgLTkyOCAtMTc2IDANCnYgLTkyOCAtMTYwIDANCnYgLTkxMiAtMTYwIDANCnYgLTg5NiAtMTc2IDANCnYgLTkxMiAtMTc2IDANCnYgLTkxMiAtMTYwIDANCnYgLTg5NiAtMTYwIDANCnYgLTg4MCAtMTc2IDANCnYgLTg5NiAtMTc2IDANCnYgLTg5NiAtMTYwIDANCnYgLTg4MCAtMTYwIDANCnYgLTg2NCAtMTc2IDANCnYgLTg4MCAtMTc2IDANCnYgLTg4MCAtMTYwIDANCnYgLTg2NCAtMTYwIDANCnYgLTg0OCAtMTc2IDANCnYgLTg2NCAtMTc2IDANCnYgLTg2NCAtMTYwIDANCnYgLTg0OCAtMTYwIDANCnYgLTgzMiAtMTc2IDANCnYgLTg0OCAtMTc2IDANCnYgLTg0OCAtMTYwIDANCnYgLTgzMiAtMTYwIDANCnYgLTgxNiAtMTc2IDANCnYgLTgzMiAtMTc2IDANCnYgLTgzMiAtMTYwIDANCnYgLTgxNiAtMTYwIDANCnYgLTgwMCAtMTc2IDANCnYgLTgxNiAtMTc2IDANCnYgLTgxNiAtMTYwIDANCnYgLTgwMCAtMTYwIDANCnYgLTc4NCAtMTc2IDANCnYgLTgwMCAtMTc2IDANCnYgLTgwMCAtMTYwIDANCnYgLTc4NCAtMTYwIDANCnYgLTc2OCAtMTc2IDANCnYgLTc4NCAtMTc2IDANCnYgLTc4NCAtMTYwIDANCnYgLTc2OCAtMTYwIDANCnYgLTc1MiAtMTc2IDANCnYgLTc2OCAtMTc2IDANCnYgLTc2OCAtMTYwIDANCnYgLTc1MiAtMTYwIDANCnYgLTczNiAtMTc2IDANCnYgLTc1MiAtMTc2IDANCnYgLTc1MiAtMTYwIDANCnYgLTczNiAtMTYwIDANCnYgLTcyMCAtMTc2IDANCnYgLTczNiAtMTc2IDANCnYgLTczNiAtMTYwIDANCnYgLTcyMCAtMTYwIDANCnYgLTcwNCAtMTc2IDANCnYgLTcyMCAtMTc2IDANCnYgLTcyMCAtMTYwIDANCnYgLTcwNCAtMTYwIDANCnYgLTY4OCAtMTc2IDANCnYgLTcwNCAtMTc2IDANCnYgLTcwNCAtMTYwIDANCnYgLTY4OCAtMTYwIDANCnYgLTY3MiAtMTc2IDANCnYgLTY4OCAtMTc2IDANCnYgLTY4OCAtMTYwIDANCnYgLTY3MiAtMTYwIDANCnYgLTY1NiAtMTc2IDANCnYgLTY3MiAtMTc2IDANCnYgLTY3MiAtMTYwIDANCnYgLTY1NiAtMTYwIDANCnYgLTY0MCAtMTc2IDANCnYgLTY1NiAtMTc2IDANCnYgLTY1NiAtMTYwIDANCnYgLTY0MCAtMTYwIDANCnYgLTYyNCAtMTc2IDANCnYgLTY0MCAtMTc2IDANCnYgLTY0MCAtMTYwIDANCnYgLTYyNCAtMTYwIDANCnYgLTYwOCAtMTc2IDANCnYgLTYyNCAtMTc2IDANCnYgLTYyNCAtMTYwIDANCnYgLTYwOCAtMTYwIDANCnYgLTU5MiAtMTc2IDANCnYgLTYwOCAtMTc2IDANCnYgLTYwOCAtMTYwIDANCnYgLTU5MiAtMTYwIDANCnYgLTU3NiAtMTc2IDANCnYgLTU5MiAtMTc2IDANCnYgLTU5MiAtMTYwIDANCnYgLTU3NiAtMTYwIDANCnYgLTU2MCAtMTc2IDANCnYgLTU3NiAtMTc2IDANCnYgLTU3NiAtMTYwIDANCnYgLTU2MCAtMTYwIDANCnYgLTU0NCAtMTc2IDANCnYgLTU2MCAtMTc2IDANCnYgLTU2MCAtMTYwIDANCnYgLTU0NCAtMTYwIDANCnYgLTUyOCAtMTc2IDANCnYgLTU0NCAtMTc2IDANCnYgLTU0NCAtMTYwIDANCnYgLTUyOCAtMTYwIDANCnYgLTUxMiAtMTc2IDANCnYgLTUyOCAtMTc2IDANCnYgLTUyOCAtMTYwIDANCnYgLTUxMiAtMTYwIDANCnYgLTQ5NiAtMTc2IDANCnYgLTUxMiAtMTc2IDANCnYgLTUxMiAtMTYwIDANCnYgLTQ5NiAtMTYwIDANCnYgLTQ4MCAtMTc2IDANCnYgLTQ5NiAtMTc2IDANCnYgLTQ5NiAtMTYwIDANCnYgLTQ4MCAtMTYwIDANCnYgLTQ2NCAtMTc2IDANCnYgLTQ4MCAtMTc2IDANCnYgLTQ4MCAtMTYwIDANCnYgLTQ2NCAtMTYwIDANCnYgLTQ0OCAtMTc2IDANCnYgLTQ2NCAtMTc2IDANCnYgLTQ2NCAtMTYwIDANCnYgLTQ0OCAtMTYwIDANCnYgLTQzMiAtMTc2IDANCnYgLTQ0OCAtMTc2IDANCnYgLTQ0OCAtMTYwIDANCnYgLTQzMiAtMTYwIDANCnYgLTQxNiAtMTc2IDANCnYgLTQzMiAtMTc2IDANCnYgLTQzMiAtMTYwIDANCnYgLTQxNiAtMTYwIDANCnYgLTQwMCAtMTc2IDANCnYgLTQxNiAtMTc2IDANCnYgLTQxNiAtMTYwIDANCnYgLTQwMCAtMTYwIDANCnYgLTM4NCAtMTc2IDANCnYgLTQwMCAtMTc2IDANCnYgLTQwMCAtMTYwIDANCnYgLTM4NCAtMTYwIDANCnYgLTM2OCAtMTc2IDANCnYgLTM4NCAtMTc2IDANCnYgLTM4NCAtMTYwIDANCnYgLTM2OCAtMTYwIDANCnYgLTM1MiAtMTc2IDANCnYgLTM2OCAtMTc2IDANCnYgLTM2OCAtMTYwIDANCnYgLTM1MiAtMTYwIDANCnYgLTMzNiAtMTc2IDANCnYgLTM1MiAtMTc2IDANCnYgLTM1MiAtMTYwIDANCnYgLTMzNiAtMTYwIDANCnYgLTMyMCAtMTc2IDANCnYgLTMzNiAtMTc2IDANCnYgLTMzNiAtMTYwIDANCnYgLTMyMCAtMTYwIDANCnYgLTMwNCAtMTc2IDANCnYgLTMyMCAtMTc2IDANCnYgLTMyMCAtMTYwIDANCnYgLTMwNCAtMTYwIDANCnYgLTI4OCAtMTc2IDANCnYgLTMwNCAtMTc2IDANCnYgLTMwNCAtMTYwIDANCnYgLTI4OCAtMTYwIDANCnYgLTI3MiAtMTc2IDANCnYgLTI4OCAtMTc2IDANCnYgLTI4OCAtMTYwIDANCnYgLTI3MiAtMTYwIDANCnYgLTI1NiAtMTc2IDANCnYgLTI3MiAtMTc2IDANCnYgLTI3MiAtMTYwIDANCnYgLTI1NiAtMTYwIDANCnYgLTI0MCAtMTc2IDANCnYgLTI1NiAtMTc2IDANCnYgLTI1NiAtMTYwIDANCnYgLTI0MCAtMTYwIDANCnYgLTIyNCAtMTc2IDANCnYgLTI0MCAtMTc2IDANCnYgLTI0MCAtMTYwIDANCnYgLTIyNCAtMTYwIDANCnYgLTIwOCAtMTc2IDANCnYgLTIyNCAtMTc2IDANCnYgLTIyNCAtMTYwIDANCnYgLTIwOCAtMTYwIDANCnYgLTE5MiAtMTc2IDANCnYgLTIwOCAtMTc2IDANCnYgLTIwOCAtMTYwIDANCnYgLTE5MiAtMTYwIDANCnYgLTE3NiAtMTc2IDANCnYgLTE5MiAtMTc2IDANCnYgLTE5MiAtMTYwIDANCnYgLTE3NiAtMTYwIDANCnYgLTE2MCAtMTc2IDANCnYgLTE3NiAtMTc2IDANCnYgLTE3NiAtMTYwIDANCnYgLTE2MCAtMTYwIDANCnYgLTE0NCAtMTc2IDANCnYgLTE2MCAtMTc2IDANCnYgLTE2MCAtMTYwIDANCnYgLTE0NCAtMTYwIDANCnYgLTEyOCAtMTc2IDANCnYgLTE0NCAtMTc2IDANCnYgLTE0NCAtMTYwIDANCnYgLTEyOCAtMTYwIDANCnYgLTExMiAtMTc2IDANCnYgLTEyOCAtMTc2IDANCnYgLTEyOCAtMTYwIDANCnYgLTExMiAtMTYwIDANCnYgLTk2IC0xNzYgMA0KdiAtMTEyIC0xNzYgMA0KdiAtMTEyIC0xNjAgMA0KdiAtOTYgLTE2MCAwDQp2IC04MCAtMTc2IDANCnYgLTk2IC0xNzYgMA0KdiAtOTYgLTE2MCAwDQp2IC04MCAtMTYwIDANCnYgLTY0IC0xNzYgMA0KdiAtODAgLTE3NiAwDQp2IC04MCAtMTYwIDANCnYgLTY0IC0xNjAgMA0KdiAtNDggLTE3NiAwDQp2IC02NCAtMTc2IDANCnYgLTY0IC0xNjAgMA0KdiAtNDggLTE2MCAwDQp2IC0zMiAtMTc2IDANCnYgLTQ4IC0xNzYgMA0KdiAtNDggLTE2MCAwDQp2IC0zMiAtMTYwIDANCnYgLTE2IC0xNzYgMA0KdiAtMzIgLTE3NiAwDQp2IC0zMiAtMTYwIDANCnYgLTE2IC0xNjAgMA0KdiAwIC0xNzYgMA0KdiAtMTYgLTE3NiAwDQp2IC0xNiAtMTYwIDANCnYgMCAtMTYwIDANCnYgLTExODQgLTE5MiAwDQp2IC0xMjAwIC0xOTIgMA0KdiAtMTIwMCAtMTc2IDANCnYgLTExODQgLTE3NiAwDQp2IC0xMTY4IC0xOTIgMA0KdiAtMTE4NCAtMTkyIDANCnYgLTExODQgLTE3NiAwDQp2IC0xMTY4IC0xNzYgMA0KdiAtMTE1MiAtMTkyIDANCnYgLTExNjggLTE5MiAwDQp2IC0xMTY4IC0xNzYgMA0KdiAtMTE1MiAtMTc2IDANCnYgLTExMzYgLTE5MiAwDQp2IC0xMTUyIC0xOTIgMA0KdiAtMTE1MiAtMTc2IDANCnYgLTExMzYgLTE3NiAwDQp2IC0xMTIwIC0xOTIgMA0KdiAtMTEzNiAtMTkyIDANCnYgLTExMzYgLTE3NiAwDQp2IC0xMTIwIC0xNzYgMA0KdiAtMTEwNCAtMTkyIDANCnYgLTExMjAgLTE5MiAwDQp2IC0xMTIwIC0xNzYgMA0KdiAtMTEwNCAtMTc2IDANCnYgLTEwODggLTE5MiAwDQp2IC0xMTA0IC0xOTIgMA0KdiAtMTEwNCAtMTc2IDANCnYgLTEwODggLTE3NiAwDQp2IC0xMDcyIC0xOTIgMA0KdiAtMTA4OCAtMTkyIDANCnYgLTEwODggLTE3NiAwDQp2IC0xMDcyIC0xNzYgMA0KdiAtMTA1NiAtMTkyIDANCnYgLTEwNzIgLTE5MiAwDQp2IC0xMDcyIC0xNzYgMA0KdiAtMTA1NiAtMTc2IDANCnYgLTEwNDAgLTE5MiAwDQp2IC0xMDU2IC0xOTIgMA0KdiAtMTA1NiAtMTc2IDANCnYgLTEwNDAgLTE3NiAwDQp2IC0xMDI0IC0xOTIgMA0KdiAtMTA0MCAtMTkyIDANCnYgLTEwNDAgLTE3NiAwDQp2IC0xMDI0IC0xNzYgMA0KdiAtMTAwOCAtMTkyIDANCnYgLTEwMjQgLTE5MiAwDQp2IC0xMDI0IC0xNzYgMA0KdiAtMTAwOCAtMTc2IDANCnYgLTk5MiAtMTkyIDANCnYgLTEwMDggLTE5MiAwDQp2IC0xMDA4IC0xNzYgMA0KdiAtOTkyIC0xNzYgMA0KdiAtOTc2IC0xOTIgMA0KdiAtOTkyIC0xOTIgMA0KdiAtOTkyIC0xNzYgMA0KdiAtOTc2IC0xNzYgMA0KdiAtOTYwIC0xOTIgMA0KdiAtOTc2IC0xOTIgMA0KdiAtOTc2IC0xNzYgMA0KdiAtOTYwIC0xNzYgMA0KdiAtOTQ0IC0xOTIgMA0KdiAtOTYwIC0xOTIgMA0KdiAtOTYwIC0xNzYgMA0KdiAtOTQ0IC0xNzYgMA0KdiAtOTI4IC0xOTIgMA0KdiAtOTQ0IC0xOTIgMA0KdiAtOTQ0IC0xNzYgMA0KdiAtOTI4IC0xNzYgMA0KdiAtOTEyIC0xOTIgMA0KdiAtOTI4IC0xOTIgMA0KdiAtOTI4IC0xNzYgMA0KdiAtOTEyIC0xNzYgMA0KdiAtODk2IC0xOTIgMA0KdiAtOTEyIC0xOTIgMA0KdiAtOTEyIC0xNzYgMA0KdiAtODk2IC0xNzYgMA0KdiAtODgwIC0xOTIgMA0KdiAtODk2IC0xOTIgMA0KdiAtODk2IC0xNzYgMA0KdiAtODgwIC0xNzYgMA0KdiAtODY0IC0xOTIgMA0KdiAtODgwIC0xOTIgMA0KdiAtODgwIC0xNzYgMA0KdiAtODY0IC0xNzYgMA0KdiAtODQ4IC0xOTIgMA0KdiAtODY0IC0xOTIgMA0KdiAtODY0IC0xNzYgMA0KdiAtODQ4IC0xNzYgMA0KdiAtODMyIC0xOTIgMA0KdiAtODQ4IC0xOTIgMA0KdiAtODQ4IC0xNzYgMA0KdiAtODMyIC0xNzYgMA0KdiAtODE2IC0xOTIgMA0KdiAtODMyIC0xOTIgMA0KdiAtODMyIC0xNzYgMA0KdiAtODE2IC0xNzYgMA0KdiAtODAwIC0xOTIgMA0KdiAtODE2IC0xOTIgMA0KdiAtODE2IC0xNzYgMA0KdiAtODAwIC0xNzYgMA0KdiAtNzg0IC0xOTIgMA0KdiAtODAwIC0xOTIgMA0KdiAtODAwIC0xNzYgMA0KdiAtNzg0IC0xNzYgMA0KdiAtNzY4IC0xOTIgMA0KdiAtNzg0IC0xOTIgMA0KdiAtNzg0IC0xNzYgMA0KdiAtNzY4IC0xNzYgMA0KdiAtNzUyIC0xOTIgMA0KdiAtNzY4IC0xOTIgMA0KdiAtNzY4IC0xNzYgMA0KdiAtNzUyIC0xNzYgMA0KdiAtNzM2IC0xOTIgMA0KdiAtNzUyIC0xOTIgMA0KdiAtNzUyIC0xNzYgMA0KdiAtNzM2IC0xNzYgMA0KdiAtNzIwIC0xOTIgMA0KdiAtNzM2IC0xOTIgMA0KdiAtNzM2IC0xNzYgMA0KdiAtNzIwIC0xNzYgMA0KdiAtNzA0IC0xOTIgMA0KdiAtNzIwIC0xOTIgMA0KdiAtNzIwIC0xNzYgMA0KdiAtNzA0IC0xNzYgMA0KdiAtNjg4IC0xOTIgMA0KdiAtNzA0IC0xOTIgMA0KdiAtNzA0IC0xNzYgMA0KdiAtNjg4IC0xNzYgMA0KdiAtNjcyIC0xOTIgMA0KdiAtNjg4IC0xOTIgMA0KdiAtNjg4IC0xNzYgMA0KdiAtNjcyIC0xNzYgMA0KdiAtNjU2IC0xOTIgMA0KdiAtNjcyIC0xOTIgMA0KdiAtNjcyIC0xNzYgMA0KdiAtNjU2IC0xNzYgMA0KdiAtNjQwIC0xOTIgMA0KdiAtNjU2IC0xOTIgMA0KdiAtNjU2IC0xNzYgMA0KdiAtNjQwIC0xNzYgMA0KdiAtNjI0IC0xOTIgMA0KdiAtNjQwIC0xOTIgMA0KdiAtNjQwIC0xNzYgMA0KdiAtNjI0IC0xNzYgMA0KdiAtNjA4IC0xOTIgMA0KdiAtNjI0IC0xOTIgMA0KdiAtNjI0IC0xNzYgMA0KdiAtNjA4IC0xNzYgMA0KdiAtNTkyIC0xOTIgMA0KdiAtNjA4IC0xOTIgMA0KdiAtNjA4IC0xNzYgMA0KdiAtNTkyIC0xNzYgMA0KdiAtNTc2IC0xOTIgMA0KdiAtNTkyIC0xOTIgMA0KdiAtNTkyIC0xNzYgMA0KdiAtNTc2IC0xNzYgMA0KdiAtNTYwIC0xOTIgMA0KdiAtNTc2IC0xOTIgMA0KdiAtNTc2IC0xNzYgMA0KdiAtNTYwIC0xNzYgMA0KdiAtNTQ0IC0xOTIgMA0KdiAtNTYwIC0xOTIgMA0KdiAtNTYwIC0xNzYgMA0KdiAtNTQ0IC0xNzYgMA0KdiAtNTI4IC0xOTIgMA0KdiAtNTQ0IC0xOTIgMA0KdiAtNTQ0IC0xNzYgMA0KdiAtNTI4IC0xNzYgMA0KdiAtNTEyIC0xOTIgMA0KdiAtNTI4IC0xOTIgMA0KdiAtNTI4IC0xNzYgMA0KdiAtNTEyIC0xNzYgMA0KdiAtNDk2IC0xOTIgMA0KdiAtNTEyIC0xOTIgMA0KdiAtNTEyIC0xNzYgMA0KdiAtNDk2IC0xNzYgMA0KdiAtNDgwIC0xOTIgMA0KdiAtNDk2IC0xOTIgMA0KdiAtNDk2IC0xNzYgMA0KdiAtNDgwIC0xNzYgMA0KdiAtNDY0IC0xOTIgMA0KdiAtNDgwIC0xOTIgMA0KdiAtNDgwIC0xNzYgMA0KdiAtNDY0IC0xNzYgMA0KdiAtNDQ4IC0xOTIgMA0KdiAtNDY0IC0xOTIgMA0KdiAtNDY0IC0xNzYgMA0KdiAtNDQ4IC0xNzYgMA0KdiAtNDMyIC0xOTIgMA0KdiAtNDQ4IC0xOTIgMA0KdiAtNDQ4IC0xNzYgMA0KdiAtNDMyIC0xNzYgMA0KdiAtNDE2IC0xOTIgMA0KdiAtNDMyIC0xOTIgMA0KdiAtNDMyIC0xNzYgMA0KdiAtNDE2IC0xNzYgMA0KdiAtNDAwIC0xOTIgMA0KdiAtNDE2IC0xOTIgMA0KdiAtNDE2IC0xNzYgMA0KdiAtNDAwIC0xNzYgMA0KdiAtMzg0IC0xOTIgMA0KdiAtNDAwIC0xOTIgMA0KdiAtNDAwIC0xNzYgMA0KdiAtMzg0IC0xNzYgMA0KdiAtMzY4IC0xOTIgMA0KdiAtMzg0IC0xOTIgMA0KdiAtMzg0IC0xNzYgMA0KdiAtMzY4IC0xNzYgMA0KdiAtMzUyIC0xOTIgMA0KdiAtMzY4IC0xOTIgMA0KdiAtMzY4IC0xNzYgMA0KdiAtMzUyIC0xNzYgMA0KdiAtMzM2IC0xOTIgMA0KdiAtMzUyIC0xOTIgMA0KdiAtMzUyIC0xNzYgMA0KdiAtMzM2IC0xNzYgMA0KdiAtMzIwIC0xOTIgMA0KdiAtMzM2IC0xOTIgMA0KdiAtMzM2IC0xNzYgMA0KdiAtMzIwIC0xNzYgMA0KdiAtMzA0IC0xOTIgMA0KdiAtMzIwIC0xOTIgMA0KdiAtMzIwIC0xNzYgMA0KdiAtMzA0IC0xNzYgMA0KdiAtMjg4IC0xOTIgMA0KdiAtMzA0IC0xOTIgMA0KdiAtMzA0IC0xNzYgMA0KdiAtMjg4IC0xNzYgMA0KdiAtMjcyIC0xOTIgMA0KdiAtMjg4IC0xOTIgMA0KdiAtMjg4IC0xNzYgMA0KdiAtMjcyIC0xNzYgMA0KdiAtMjU2IC0xOTIgMA0KdiAtMjcyIC0xOTIgMA0KdiAtMjcyIC0xNzYgMA0KdiAtMjU2IC0xNzYgMA0KdiAtMjQwIC0xOTIgMA0KdiAtMjU2IC0xOTIgMA0KdiAtMjU2IC0xNzYgMA0KdiAtMjQwIC0xNzYgMA0KdiAtMjI0IC0xOTIgMA0KdiAtMjQwIC0xOTIgMA0KdiAtMjQwIC0xNzYgMA0KdiAtMjI0IC0xNzYgMA0KdiAtMjA4IC0xOTIgMA0KdiAtMjI0IC0xOTIgMA0KdiAtMjI0IC0xNzYgMA0KdiAtMjA4IC0xNzYgMA0KdiAtMTkyIC0xOTIgMA0KdiAtMjA4IC0xOTIgMA0KdiAtMjA4IC0xNzYgMA0KdiAtMTkyIC0xNzYgMA0KdiAtMTc2IC0xOTIgMA0KdiAtMTkyIC0xOTIgMA0KdiAtMTkyIC0xNzYgMA0KdiAtMTc2IC0xNzYgMA0KdiAtMTYwIC0xOTIgMA0KdiAtMTc2IC0xOTIgMA0KdiAtMTc2IC0xNzYgMA0KdiAtMTYwIC0xNzYgMA0KdiAtMTQ0IC0xOTIgMA0KdiAtMTYwIC0xOTIgMA0KdiAtMTYwIC0xNzYgMA0KdiAtMTQ0IC0xNzYgMA0KdiAtMTI4IC0xOTIgMA0KdiAtMTQ0IC0xOTIgMA0KdiAtMTQ0IC0xNzYgMA0KdiAtMTI4IC0xNzYgMA0KdiAtMTEyIC0xOTIgMA0KdiAtMTI4IC0xOTIgMA0KdiAtMTI4IC0xNzYgMA0KdiAtMTEyIC0xNzYgMA0KdiAtOTYgLTE5MiAwDQp2IC0xMTIgLTE5MiAwDQp2IC0xMTIgLTE3NiAwDQp2IC05NiAtMTc2IDANCnYgLTgwIC0xOTIgMA0KdiAtOTYgLTE5MiAwDQp2IC05NiAtMTc2IDANCnYgLTgwIC0xNzYgMA0KdiAtNjQgLTE5MiAwDQp2IC04MCAtMTkyIDANCnYgLTgwIC0xNzYgMA0KdiAtNjQgLTE3NiAwDQp2IC00OCAtMTkyIDANCnYgLTY0IC0xOTIgMA0KdiAtNjQgLTE3NiAwDQp2IC00OCAtMTc2IDANCnYgLTMyIC0xOTIgMA0KdiAtNDggLTE5MiAwDQp2IC00OCAtMTc2IDANCnYgLTMyIC0xNzYgMA0KdiAtMTYgLTE5MiAwDQp2IC0zMiAtMTkyIDANCnYgLTMyIC0xNzYgMA0KdiAtMTYgLTE3NiAwDQp2IDAgLTE5MiAwDQp2IC0xNiAtMTkyIDANCnYgLTE2IC0xNzYgMA0KdiAwIC0xNzYgMA0KdiAtMTE4NCAtMjA4IDANCnYgLTEyMDAgLTIwOCAwDQp2IC0xMjAwIC0xOTIgMA0KdiAtMTE4NCAtMTkyIDANCnYgLTExNjggLTIwOCAwDQp2IC0xMTg0IC0yMDggMA0KdiAtMTE4NCAtMTkyIDANCnYgLTExNjggLTE5MiAwDQp2IC0xMTUyIC0yMDggMA0KdiAtMTE2OCAtMjA4IDANCnYgLTExNjggLTE5MiAwDQp2IC0xMTUyIC0xOTIgMA0KdiAtMTEzNiAtMjA4IDANCnYgLTExNTIgLTIwOCAwDQp2IC0xMTUyIC0xOTIgMA0KdiAtMTEzNiAtMTkyIDANCnYgLTExMjAgLTIwOCAwDQp2IC0xMTM2IC0yMDggMA0KdiAtMTEzNiAtMTkyIDANCnYgLTExMjAgLTE5MiAwDQp2IC0xMTA0IC0yMDggMA0KdiAtMTEyMCAtMjA4IDANCnYgLTExMjAgLTE5MiAwDQp2IC0xMTA0IC0xOTIgMA0KdiAtMTA4OCAtMjA4IDANCnYgLTExMDQgLTIwOCAwDQp2IC0xMTA0IC0xOTIgMA0KdiAtMTA4OCAtMTkyIDANCnYgLTEwNzIgLTIwOCAwDQp2IC0xMDg4IC0yMDggMA0KdiAtMTA4OCAtMTkyIDANCnYgLTEwNzIgLTE5MiAwDQp2IC0xMDU2IC0yMDggMA0KdiAtMTA3MiAtMjA4IDANCnYgLTEwNzIgLTE5MiAwDQp2IC0xMDU2IC0xOTIgMA0KdiAtMTA0MCAtMjA4IDANCnYgLTEwNTYgLTIwOCAwDQp2IC0xMDU2IC0xOTIgMA0KdiAtMTA0MCAtMTkyIDANCnYgLTEwMjQgLTIwOCAwDQp2IC0xMDQwIC0yMDggMA0KdiAtMTA0MCAtMTkyIDANCnYgLTEwMjQgLTE5MiAwDQp2IC0xMDA4IC0yMDggMA0KdiAtMTAyNCAtMjA4IDANCnYgLTEwMjQgLTE5MiAwDQp2IC0xMDA4IC0xOTIgMA0KdiAtOTkyIC0yMDggMA0KdiAtMTAwOCAtMjA4IDANCnYgLTEwMDggLTE5MiAwDQp2IC05OTIgLTE5MiAwDQp2IC05NzYgLTIwOCAwDQp2IC05OTIgLTIwOCAwDQp2IC05OTIgLTE5MiAwDQp2IC05NzYgLTE5MiAwDQp2IC05NjAgLTIwOCAwDQp2IC05NzYgLTIwOCAwDQp2IC05NzYgLTE5MiAwDQp2IC05NjAgLTE5MiAwDQp2IC05NDQgLTIwOCAwDQp2IC05NjAgLTIwOCAwDQp2IC05NjAgLTE5MiAwDQp2IC05NDQgLTE5MiAwDQp2IC05MjggLTIwOCAwDQp2IC05NDQgLTIwOCAwDQp2IC05NDQgLTE5MiAwDQp2IC05MjggLTE5MiAwDQp2IC05MTIgLTIwOCAwDQp2IC05MjggLTIwOCAwDQp2IC05MjggLTE5MiAwDQp2IC05MTIgLTE5MiAwDQp2IC04OTYgLTIwOCAwDQp2IC05MTIgLTIwOCAwDQp2IC05MTIgLTE5MiAwDQp2IC04OTYgLTE5MiAwDQp2IC04ODAgLTIwOCAwDQp2IC04OTYgLTIwOCAwDQp2IC04OTYgLTE5MiAwDQp2IC04ODAgLTE5MiAwDQp2IC04NjQgLTIwOCAwDQp2IC04ODAgLTIwOCAwDQp2IC04ODAgLTE5MiAwDQp2IC04NjQgLTE5MiAwDQp2IC04NDggLTIwOCAwDQp2IC04NjQgLTIwOCAwDQp2IC04NjQgLTE5MiAwDQp2IC04NDggLTE5MiAwDQp2IC04MzIgLTIwOCAwDQp2IC04NDggLTIwOCAwDQp2IC04NDggLTE5MiAwDQp2IC04MzIgLTE5MiAwDQp2IC04MTYgLTIwOCAwDQp2IC04MzIgLTIwOCAwDQp2IC04MzIgLTE5MiAwDQp2IC04MTYgLTE5MiAwDQp2IC04MDAgLTIwOCAwDQp2IC04MTYgLTIwOCAwDQp2IC04MTYgLTE5MiAwDQp2IC04MDAgLTE5MiAwDQp2IC03ODQgLTIwOCAwDQp2IC04MDAgLTIwOCAwDQp2IC04MDAgLTE5MiAwDQp2IC03ODQgLTE5MiAwDQp2IC03NjggLTIwOCAwDQp2IC03ODQgLTIwOCAwDQp2IC03ODQgLTE5MiAwDQp2IC03NjggLTE5MiAwDQp2IC03NTIgLTIwOCAwDQp2IC03NjggLTIwOCAwDQp2IC03NjggLTE5MiAwDQp2IC03NTIgLTE5MiAwDQp2IC03MzYgLTIwOCAwDQp2IC03NTIgLTIwOCAwDQp2IC03NTIgLTE5MiAwDQp2IC03MzYgLTE5MiAwDQp2IC03MjAgLTIwOCAwDQp2IC03MzYgLTIwOCAwDQp2IC03MzYgLTE5MiAwDQp2IC03MjAgLTE5MiAwDQp2IC03MDQgLTIwOCAwDQp2IC03MjAgLTIwOCAwDQp2IC03MjAgLTE5MiAwDQp2IC03MDQgLTE5MiAwDQp2IC02ODggLTIwOCAwDQp2IC03MDQgLTIwOCAwDQp2IC03MDQgLTE5MiAwDQp2IC02ODggLTE5MiAwDQp2IC02NzIgLTIwOCAwDQp2IC02ODggLTIwOCAwDQp2IC02ODggLTE5MiAwDQp2IC02NzIgLTE5MiAwDQp2IC02NTYgLTIwOCAwDQp2IC02NzIgLTIwOCAwDQp2IC02NzIgLTE5MiAwDQp2IC02NTYgLTE5MiAwDQp2IC02NDAgLTIwOCAwDQp2IC02NTYgLTIwOCAwDQp2IC02NTYgLTE5MiAwDQp2IC02NDAgLTE5MiAwDQp2IC02MjQgLTIwOCAwDQp2IC02NDAgLTIwOCAwDQp2IC02NDAgLTE5MiAwDQp2IC02MjQgLTE5MiAwDQp2IC02MDggLTIwOCAwDQp2IC02MjQgLTIwOCAwDQp2IC02MjQgLTE5MiAwDQp2IC02MDggLTE5MiAwDQp2IC01OTIgLTIwOCAwDQp2IC02MDggLTIwOCAwDQp2IC02MDggLTE5MiAwDQp2IC01OTIgLTE5MiAwDQp2IC01NzYgLTIwOCAwDQp2IC01OTIgLTIwOCAwDQp2IC01OTIgLTE5MiAwDQp2IC01NzYgLTE5MiAwDQp2IC01NjAgLTIwOCAwDQp2IC01NzYgLTIwOCAwDQp2IC01NzYgLTE5MiAwDQp2IC01NjAgLTE5MiAwDQp2IC01NDQgLTIwOCAwDQp2IC01NjAgLTIwOCAwDQp2IC01NjAgLTE5MiAwDQp2IC01NDQgLTE5MiAwDQp2IC01MjggLTIwOCAwDQp2IC01NDQgLTIwOCAwDQp2IC01NDQgLTE5MiAwDQp2IC01MjggLTE5MiAwDQp2IC01MTIgLTIwOCAwDQp2IC01MjggLTIwOCAwDQp2IC01MjggLTE5MiAwDQp2IC01MTIgLTE5MiAwDQp2IC00OTYgLTIwOCAwDQp2IC01MTIgLTIwOCAwDQp2IC01MTIgLTE5MiAwDQp2IC00OTYgLTE5MiAwDQp2IC00ODAgLTIwOCAwDQp2IC00OTYgLTIwOCAwDQp2IC00OTYgLTE5MiAwDQp2IC00ODAgLTE5MiAwDQp2IC00NjQgLTIwOCAwDQp2IC00ODAgLTIwOCAwDQp2IC00ODAgLTE5MiAwDQp2IC00NjQgLTE5MiAwDQp2IC00NDggLTIwOCAwDQp2IC00NjQgLTIwOCAwDQp2IC00NjQgLTE5MiAwDQp2IC00NDggLTE5MiAwDQp2IC00MzIgLTIwOCAwDQp2IC00NDggLTIwOCAwDQp2IC00NDggLTE5MiAwDQp2IC00MzIgLTE5MiAwDQp2IC00MTYgLTIwOCAwDQp2IC00MzIgLTIwOCAwDQp2IC00MzIgLTE5MiAwDQp2IC00MTYgLTE5MiAwDQp2IC00MDAgLTIwOCAwDQp2IC00MTYgLTIwOCAwDQp2IC00MTYgLTE5MiAwDQp2IC00MDAgLTE5MiAwDQp2IC0zODQgLTIwOCAwDQp2IC00MDAgLTIwOCAwDQp2IC00MDAgLTE5MiAwDQp2IC0zODQgLTE5MiAwDQp2IC0zNjggLTIwOCAwDQp2IC0zODQgLTIwOCAwDQp2IC0zODQgLTE5MiAwDQp2IC0zNjggLTE5MiAwDQp2IC0zNTIgLTIwOCAwDQp2IC0zNjggLTIwOCAwDQp2IC0zNjggLTE5MiAwDQp2IC0zNTIgLTE5MiAwDQp2IC0zMzYgLTIwOCAwDQp2IC0zNTIgLTIwOCAwDQp2IC0zNTIgLTE5MiAwDQp2IC0zMzYgLTE5MiAwDQp2IC0zMjAgLTIwOCAwDQp2IC0zMzYgLTIwOCAwDQp2IC0zMzYgLTE5MiAwDQp2IC0zMjAgLTE5MiAwDQp2IC0zMDQgLTIwOCAwDQp2IC0zMjAgLTIwOCAwDQp2IC0zMjAgLTE5MiAwDQp2IC0zMDQgLTE5MiAwDQp2IC0yODggLTIwOCAwDQp2IC0zMDQgLTIwOCAwDQp2IC0zMDQgLTE5MiAwDQp2IC0yODggLTE5MiAwDQp2IC0yNzIgLTIwOCAwDQp2IC0yODggLTIwOCAwDQp2IC0yODggLTE5MiAwDQp2IC0yNzIgLTE5MiAwDQp2IC0yNTYgLTIwOCAwDQp2IC0yNzIgLTIwOCAwDQp2IC0yNzIgLTE5MiAwDQp2IC0yNTYgLTE5MiAwDQp2IC0yNDAgLTIwOCAwDQp2IC0yNTYgLTIwOCAwDQp2IC0yNTYgLTE5MiAwDQp2IC0yNDAgLTE5MiAwDQp2IC0yMjQgLTIwOCAwDQp2IC0yNDAgLTIwOCAwDQp2IC0yNDAgLTE5MiAwDQp2IC0yMjQgLTE5MiAwDQp2IC0yMDggLTIwOCAwDQp2IC0yMjQgLTIwOCAwDQp2IC0yMjQgLTE5MiAwDQp2IC0yMDggLTE5MiAwDQp2IC0xOTIgLTIwOCAwDQp2IC0yMDggLTIwOCAwDQp2IC0yMDggLTE5MiAwDQp2IC0xOTIgLTE5MiAwDQp2IC0xNzYgLTIwOCAwDQp2IC0xOTIgLTIwOCAwDQp2IC0xOTIgLTE5MiAwDQp2IC0xNzYgLTE5MiAwDQp2IC0xNjAgLTIwOCAwDQp2IC0xNzYgLTIwOCAwDQp2IC0xNzYgLTE5MiAwDQp2IC0xNjAgLTE5MiAwDQp2IC0xNDQgLTIwOCAwDQp2IC0xNjAgLTIwOCAwDQp2IC0xNjAgLTE5MiAwDQp2IC0xNDQgLTE5MiAwDQp2IC0xMjggLTIwOCAwDQp2IC0xNDQgLTIwOCAwDQp2IC0xNDQgLTE5MiAwDQp2IC0xMjggLTE5MiAwDQp2IC0xMTIgLTIwOCAwDQp2IC0xMjggLTIwOCAwDQp2IC0xMjggLTE5MiAwDQp2IC0xMTIgLTE5MiAwDQp2IC05NiAtMjA4IDANCnYgLTExMiAtMjA4IDANCnYgLTExMiAtMTkyIDANCnYgLTk2IC0xOTIgMA0KdiAtODAgLTIwOCAwDQp2IC05NiAtMjA4IDANCnYgLTk2IC0xOTIgMA0KdiAtODAgLTE5MiAwDQp2IC02NCAtMjA4IDANCnYgLTgwIC0yMDggMA0KdiAtODAgLTE5MiAwDQp2IC02NCAtMTkyIDANCnYgLTQ4IC0yMDggMA0KdiAtNjQgLTIwOCAwDQp2IC02NCAtMTkyIDANCnYgLTQ4IC0xOTIgMA0KdiAtMzIgLTIwOCAwDQp2IC00OCAtMjA4IDANCnYgLTQ4IC0xOTIgMA0KdiAtMzIgLTE5MiAwDQp2IC0xNiAtMjA4IDANCnYgLTMyIC0yMDggMA0KdiAtMzIgLTE5MiAwDQp2IC0xNiAtMTkyIDANCnYgMCAtMjA4IDANCnYgLTE2IC0yMDggMA0KdiAtMTYgLTE5MiAwDQp2IDAgLTE5MiAwDQp2IC0xMTg0IC0yMjQgMA0KdiAtMTIwMCAtMjI0IDANCnYgLTEyMDAgLTIwOCAwDQp2IC0xMTg0IC0yMDggMA0KdiAtMTE2OCAtMjI0IDANCnYgLTExODQgLTIyNCAwDQp2IC0xMTg0IC0yMDggMA0KdiAtMTE2OCAtMjA4IDANCnYgLTExNTIgLTIyNCAwDQp2IC0xMTY4IC0yMjQgMA0KdiAtMTE2OCAtMjA4IDANCnYgLTExNTIgLTIwOCAwDQp2IC0xMTM2IC0yMjQgMA0KdiAtMTE1MiAtMjI0IDANCnYgLTExNTIgLTIwOCAwDQp2IC0xMTM2IC0yMDggMA0KdiAtMTEyMCAtMjI0IDANCnYgLTExMzYgLTIyNCAwDQp2IC0xMTM2IC0yMDggMA0KdiAtMTEyMCAtMjA4IDANCnYgLTExMDQgLTIyNCAwDQp2IC0xMTIwIC0yMjQgMA0KdiAtMTEyMCAtMjA4IDANCnYgLTExMDQgLTIwOCAwDQp2IC0xMDg4IC0yMjQgMA0KdiAtMTEwNCAtMjI0IDANCnYgLTExMDQgLTIwOCAwDQp2IC0xMDg4IC0yMDggMA0KdiAtMTA3MiAtMjI0IDANCnYgLTEwODggLTIyNCAwDQp2IC0xMDg4IC0yMDggMA0KdiAtMTA3MiAtMjA4IDANCnYgLTEwNTYgLTIyNCAwDQp2IC0xMDcyIC0yMjQgMA0KdiAtMTA3MiAtMjA4IDANCnYgLTEwNTYgLTIwOCAwDQp2IC0xMDQwIC0yMjQgMA0KdiAtMTA1NiAtMjI0IDANCnYgLTEwNTYgLTIwOCAwDQp2IC0xMDQwIC0yMDggMA0KdiAtMTAyNCAtMjI0IDANCnYgLTEwNDAgLTIyNCAwDQp2IC0xMDQwIC0yMDggMA0KdiAtMTAyNCAtMjA4IDANCnYgLTEwMDggLTIyNCAwDQp2IC0xMDI0IC0yMjQgMA0KdiAtMTAyNCAtMjA4IDANCnYgLTEwMDggLTIwOCAwDQp2IC05OTIgLTIyNCAwDQp2IC0xMDA4IC0yMjQgMA0KdiAtMTAwOCAtMjA4IDANCnYgLTk5MiAtMjA4IDANCnYgLTk3NiAtMjI0IDANCnYgLTk5MiAtMjI0IDANCnYgLTk5MiAtMjA4IDANCnYgLTk3NiAtMjA4IDANCnYgLTk2MCAtMjI0IDANCnYgLTk3NiAtMjI0IDANCnYgLTk3NiAtMjA4IDANCnYgLTk2MCAtMjA4IDANCnYgLTk0NCAtMjI0IDANCnYgLTk2MCAtMjI0IDANCnYgLTk2MCAtMjA4IDANCnYgLTk0NCAtMjA4IDANCnYgLTkyOCAtMjI0IDANCnYgLTk0NCAtMjI0IDANCnYgLTk0NCAtMjA4IDANCnYgLTkyOCAtMjA4IDANCnYgLTkxMiAtMjI0IDANCnYgLTkyOCAtMjI0IDANCnYgLTkyOCAtMjA4IDANCnYgLTkxMiAtMjA4IDANCnYgLTg5NiAtMjI0IDANCnYgLTkxMiAtMjI0IDANCnYgLTkxMiAtMjA4IDANCnYgLTg5NiAtMjA4IDANCnYgLTg4MCAtMjI0IDANCnYgLTg5NiAtMjI0IDANCnYgLTg5NiAtMjA4IDANCnYgLTg4MCAtMjA4IDANCnYgLTg2NCAtMjI0IDANCnYgLTg4MCAtMjI0IDANCnYgLTg4MCAtMjA4IDANCnYgLTg2NCAtMjA4IDANCnYgLTg0OCAtMjI0IDANCnYgLTg2NCAtMjI0IDANCnYgLTg2NCAtMjA4IDANCnYgLTg0OCAtMjA4IDANCnYgLTgxNiAtMjI0IDANCnYgLTgzMiAtMjI0IDANCnYgLTgzMiAtMjA4IDANCnYgLTgxNiAtMjA4IDANCnYgLTgwMCAtMjI0IDANCnYgLTgxNiAtMjI0IDANCnYgLTgxNiAtMjA4IDANCnYgLTgwMCAtMjA4IDANCnYgLTc4NCAtMjI0IDANCnYgLTgwMCAtMjI0IDANCnYgLTgwMCAtMjA4IDANCnYgLTc4NCAtMjA4IDANCnYgLTc2OCAtMjI0IDANCnYgLTc4NCAtMjI0IDANCnYgLTc4NCAtMjA4IDANCnYgLTc2OCAtMjA4IDANCnYgLTc1MiAtMjI0IDANCnYgLTc2OCAtMjI0IDANCnYgLTc2OCAtMjA4IDANCnYgLTc1MiAtMjA4IDANCnYgLTczNiAtMjI0IDANCnYgLTc1MiAtMjI0IDANCnYgLTc1MiAtMjA4IDANCnYgLTczNiAtMjA4IDANCnYgLTcyMCAtMjI0IDANCnYgLTczNiAtMjI0IDANCnYgLTczNiAtMjA4IDANCnYgLTcyMCAtMjA4IDANCnYgLTcwNCAtMjI0IDANCnYgLTcyMCAtMjI0IDANCnYgLTcyMCAtMjA4IDANCnYgLTcwNCAtMjA4IDANCnYgLTY4OCAtMjI0IDANCnYgLTcwNCAtMjI0IDANCnYgLTcwNCAtMjA4IDANCnYgLTY4OCAtMjA4IDANCnYgLTY3MiAtMjI0IDANCnYgLTY4OCAtMjI0IDANCnYgLTY4OCAtMjA4IDANCnYgLTY3MiAtMjA4IDANCnYgLTY1NiAtMjI0IDANCnYgLTY3MiAtMjI0IDANCnYgLTY3MiAtMjA4IDANCnYgLTY1NiAtMjA4IDANCnYgLTY0MCAtMjI0IDANCnYgLTY1NiAtMjI0IDANCnYgLTY1NiAtMjA4IDANCnYgLTY0MCAtMjA4IDANCnYgLTYyNCAtMjI0IDANCnYgLTY0MCAtMjI0IDANCnYgLTY0MCAtMjA4IDANCnYgLTYyNCAtMjA4IDANCnYgLTYwOCAtMjI0IDANCnYgLTYyNCAtMjI0IDANCnYgLTYyNCAtMjA4IDANCnYgLTYwOCAtMjA4IDANCnYgLTU5MiAtMjI0IDANCnYgLTYwOCAtMjI0IDANCnYgLTYwOCAtMjA4IDANCnYgLTU5MiAtMjA4IDANCnYgLTU3NiAtMjI0IDANCnYgLTU5MiAtMjI0IDANCnYgLTU5MiAtMjA4IDANCnYgLTU3NiAtMjA4IDANCnYgLTU2MCAtMjI0IDANCnYgLTU3NiAtMjI0IDANCnYgLTU3NiAtMjA4IDANCnYgLTU2MCAtMjA4IDANCnYgLTU0NCAtMjI0IDANCnYgLTU2MCAtMjI0IDANCnYgLTU2MCAtMjA4IDANCnYgLTU0NCAtMjA4IDANCnYgLTUyOCAtMjI0IDANCnYgLTU0NCAtMjI0IDANCnYgLTU0NCAtMjA4IDANCnYgLTUyOCAtMjA4IDANCnYgLTUxMiAtMjI0IDANCnYgLTUyOCAtMjI0IDANCnYgLTUyOCAtMjA4IDANCnYgLTUxMiAtMjA4IDANCnYgLTQ5NiAtMjI0IDANCnYgLTUxMiAtMjI0IDANCnYgLTUxMiAtMjA4IDANCnYgLTQ5NiAtMjA4IDANCnYgLTQ4MCAtMjI0IDANCnYgLTQ5NiAtMjI0IDANCnYgLTQ5NiAtMjA4IDANCnYgLTQ4MCAtMjA4IDANCnYgLTQ2NCAtMjI0IDANCnYgLTQ4MCAtMjI0IDANCnYgLTQ4MCAtMjA4IDANCnYgLTQ2NCAtMjA4IDANCnYgLTQ0OCAtMjI0IDANCnYgLTQ2NCAtMjI0IDANCnYgLTQ2NCAtMjA4IDANCnYgLTQ0OCAtMjA4IDANCnYgLTQzMiAtMjI0IDANCnYgLTQ0OCAtMjI0IDANCnYgLTQ0OCAtMjA4IDANCnYgLTQzMiAtMjA4IDANCnYgLTQxNiAtMjI0IDANCnYgLTQzMiAtMjI0IDANCnYgLTQzMiAtMjA4IDANCnYgLTQxNiAtMjA4IDANCnYgLTQwMCAtMjI0IDANCnYgLTQxNiAtMjI0IDANCnYgLTQxNiAtMjA4IDANCnYgLTQwMCAtMjA4IDANCnYgLTM4NCAtMjI0IDANCnYgLTQwMCAtMjI0IDANCnYgLTQwMCAtMjA4IDANCnYgLTM4NCAtMjA4IDANCnYgLTM2OCAtMjI0IDANCnYgLTM4NCAtMjI0IDANCnYgLTM4NCAtMjA4IDANCnYgLTM2OCAtMjA4IDANCnYgLTM1MiAtMjI0IDANCnYgLTM2OCAtMjI0IDANCnYgLTM2OCAtMjA4IDANCnYgLTM1MiAtMjA4IDANCnYgLTMzNiAtMjI0IDANCnYgLTM1MiAtMjI0IDANCnYgLTM1MiAtMjA4IDANCnYgLTMzNiAtMjA4IDANCnYgLTMyMCAtMjI0IDANCnYgLTMzNiAtMjI0IDANCnYgLTMzNiAtMjA4IDANCnYgLTMyMCAtMjA4IDANCnYgLTMwNCAtMjI0IDANCnYgLTMyMCAtMjI0IDANCnYgLTMyMCAtMjA4IDANCnYgLTMwNCAtMjA4IDANCnYgLTI4OCAtMjI0IDANCnYgLTMwNCAtMjI0IDANCnYgLTMwNCAtMjA4IDANCnYgLTI4OCAtMjA4IDANCnYgLTI3MiAtMjI0IDANCnYgLTI4OCAtMjI0IDANCnYgLTI4OCAtMjA4IDANCnYgLTI3MiAtMjA4IDANCnYgLTI1NiAtMjI0IDANCnYgLTI3MiAtMjI0IDANCnYgLTI3MiAtMjA4IDANCnYgLTI1NiAtMjA4IDANCnYgLTI0MCAtMjI0IDANCnYgLTI1NiAtMjI0IDANCnYgLTI1NiAtMjA4IDANCnYgLTI0MCAtMjA4IDANCnYgLTIyNCAtMjI0IDANCnYgLTI0MCAtMjI0IDANCnYgLTI0MCAtMjA4IDANCnYgLTIyNCAtMjA4IDANCnYgLTIwOCAtMjI0IDANCnYgLTIyNCAtMjI0IDANCnYgLTIyNCAtMjA4IDANCnYgLTIwOCAtMjA4IDANCnYgLTE5MiAtMjI0IDANCnYgLTIwOCAtMjI0IDANCnYgLTIwOCAtMjA4IDANCnYgLTE5MiAtMjA4IDANCnYgLTE3NiAtMjI0IDANCnYgLTE5MiAtMjI0IDANCnYgLTE5MiAtMjA4IDANCnYgLTE3NiAtMjA4IDANCnYgLTE2MCAtMjI0IDANCnYgLTE3NiAtMjI0IDANCnYgLTE3NiAtMjA4IDANCnYgLTE2MCAtMjA4IDANCnYgLTE0NCAtMjI0IDANCnYgLTE2MCAtMjI0IDANCnYgLTE2MCAtMjA4IDANCnYgLTE0NCAtMjA4IDANCnYgLTEyOCAtMjI0IDANCnYgLTE0NCAtMjI0IDANCnYgLTE0NCAtMjA4IDANCnYgLTEyOCAtMjA4IDANCnYgLTExMiAtMjI0IDANCnYgLTEyOCAtMjI0IDANCnYgLTEyOCAtMjA4IDANCnYgLTExMiAtMjA4IDANCnYgLTk2IC0yMjQgMA0KdiAtMTEyIC0yMjQgMA0KdiAtMTEyIC0yMDggMA0KdiAtOTYgLTIwOCAwDQp2IC04MCAtMjI0IDANCnYgLTk2IC0yMjQgMA0KdiAtOTYgLTIwOCAwDQp2IC04MCAtMjA4IDANCnYgLTY0IC0yMjQgMA0KdiAtODAgLTIyNCAwDQp2IC04MCAtMjA4IDANCnYgLTY0IC0yMDggMA0KdiAtNDggLTIyNCAwDQp2IC02NCAtMjI0IDANCnYgLTY0IC0yMDggMA0KdiAtNDggLTIwOCAwDQp2IC0zMiAtMjI0IDANCnYgLTQ4IC0yMjQgMA0KdiAtNDggLTIwOCAwDQp2IC0zMiAtMjA4IDANCnYgLTE2IC0yMjQgMA0KdiAtMzIgLTIyNCAwDQp2IC0zMiAtMjA4IDANCnYgLTE2IC0yMDggMA0KdiAwIC0yMjQgMA0KdiAtMTYgLTIyNCAwDQp2IC0xNiAtMjA4IDANCnYgMCAtMjA4IDANCnYgLTExODQgLTI0MCAwDQp2IC0xMjAwIC0yNDAgMA0KdiAtMTIwMCAtMjI0IDANCnYgLTExODQgLTIyNCAwDQp2IC0xMTY4IC0yNDAgMA0KdiAtMTE4NCAtMjQwIDANCnYgLTExODQgLTIyNCAwDQp2IC0xMTY4IC0yMjQgMA0KdiAtMTE1MiAtMjQwIDANCnYgLTExNjggLTI0MCAwDQp2IC0xMTY4IC0yMjQgMA0KdiAtMTE1MiAtMjI0IDANCnYgLTExMzYgLTI0MCAwDQp2IC0xMTUyIC0yNDAgMA0KdiAtMTE1MiAtMjI0IDANCnYgLTExMzYgLTIyNCAwDQp2IC0xMTIwIC0yNDAgMA0KdiAtMTEzNiAtMjQwIDANCnYgLTExMzYgLTIyNCAwDQp2IC0xMTIwIC0yMjQgMA0KdiAtMTEwNCAtMjQwIDANCnYgLTExMjAgLTI0MCAwDQp2IC0xMTIwIC0yMjQgMA0KdiAtMTEwNCAtMjI0IDANCnYgLTEwODggLTI0MCAwDQp2IC0xMTA0IC0yNDAgMA0KdiAtMTEwNCAtMjI0IDANCnYgLTEwODggLTIyNCAwDQp2IC0xMDcyIC0yNDAgMA0KdiAtMTA4OCAtMjQwIDANCnYgLTEwODggLTIyNCAwDQp2IC0xMDcyIC0yMjQgMA0KdiAtMTA1NiAtMjQwIDANCnYgLTEwNzIgLTI0MCAwDQp2IC0xMDcyIC0yMjQgMA0KdiAtMTA1NiAtMjI0IDANCnYgLTEwNDAgLTI0MCAwDQp2IC0xMDU2IC0yNDAgMA0KdiAtMTA1NiAtMjI0IDANCnYgLTEwNDAgLTIyNCAwDQp2IC0xMDI0IC0yNDAgMA0KdiAtMTA0MCAtMjQwIDANCnYgLTEwNDAgLTIyNCAwDQp2IC0xMDI0IC0yMjQgMA0KdiAtMTAwOCAtMjQwIDANCnYgLTEwMjQgLTI0MCAwDQp2IC0xMDI0IC0yMjQgMA0KdiAtMTAwOCAtMjI0IDANCnYgLTk5MiAtMjQwIDANCnYgLTEwMDggLTI0MCAwDQp2IC0xMDA4IC0yMjQgMA0KdiAtOTkyIC0yMjQgMA0KdiAtOTc2IC0yNDAgMA0KdiAtOTkyIC0yNDAgMA0KdiAtOTkyIC0yMjQgMA0KdiAtOTc2IC0yMjQgMA0KdiAtOTYwIC0yNDAgMA0KdiAtOTc2IC0yNDAgMA0KdiAtOTc2IC0yMjQgMA0KdiAtOTYwIC0yMjQgMA0KdiAtOTQ0IC0yNDAgMA0KdiAtOTYwIC0yNDAgMA0KdiAtOTYwIC0yMjQgMA0KdiAtOTQ0IC0yMjQgMA0KdiAtOTI4IC0yNDAgMA0KdiAtOTQ0IC0yNDAgMA0KdiAtOTQ0IC0yMjQgMA0KdiAtOTI4IC0yMjQgMA0KdiAtOTEyIC0yNDAgMA0KdiAtOTI4IC0yNDAgMA0KdiAtOTI4IC0yMjQgMA0KdiAtOTEyIC0yMjQgMA0KdiAtODk2IC0yNDAgMA0KdiAtOTEyIC0yNDAgMA0KdiAtOTEyIC0yMjQgMA0KdiAtODk2IC0yMjQgMA0KdiAtODY0IC0yNDAgMA0KdiAtODgwIC0yNDAgMA0KdiAtODgwIC0yMjQgMA0KdiAtODY0IC0yMjQgMA0KdiAtODQ4IC0yNDAgMA0KdiAtODY0IC0yNDAgMA0KdiAtODY0IC0yMjQgMA0KdiAtODQ4IC0yMjQgMA0KdiAtODMyIC0yNDAgMA0KdiAtODQ4IC0yNDAgMA0KdiAtODQ4IC0yMjQgMA0KdiAtODMyIC0yMjQgMA0KdiAtODE2IC0yNDAgMA0KdiAtODMyIC0yNDAgMA0KdiAtODMyIC0yMjQgMA0KdiAtODE2IC0yMjQgMA0KdiAtODAwIC0yNDAgMA0KdiAtODE2IC0yNDAgMA0KdiAtODE2IC0yMjQgMA0KdiAtODAwIC0yMjQgMA0KdiAtNzg0IC0yNDAgMA0KdiAtODAwIC0yNDAgMA0KdiAtODAwIC0yMjQgMA0KdiAtNzg0IC0yMjQgMA0KdiAtNzY4IC0yNDAgMA0KdiAtNzg0IC0yNDAgMA0KdiAtNzg0IC0yMjQgMA0KdiAtNzY4IC0yMjQgMA0KdiAtNzUyIC0yNDAgMA0KdiAtNzY4IC0yNDAgMA0KdiAtNzY4IC0yMjQgMA0KdiAtNzUyIC0yMjQgMA0KdiAtNzM2IC0yNDAgMA0KdiAtNzUyIC0yNDAgMA0KdiAtNzUyIC0yMjQgMA0KdiAtNzM2IC0yMjQgMA0KdiAtNzIwIC0yNDAgMA0KdiAtNzM2IC0yNDAgMA0KdiAtNzM2IC0yMjQgMA0KdiAtNzIwIC0yMjQgMA0KdiAtNzA0IC0yNDAgMA0KdiAtNzIwIC0yNDAgMA0KdiAtNzIwIC0yMjQgMA0KdiAtNzA0IC0yMjQgMA0KdiAtNjg4IC0yNDAgMA0KdiAtNzA0IC0yNDAgMA0KdiAtNzA0IC0yMjQgMA0KdiAtNjg4IC0yMjQgMA0KdiAtNjcyIC0yNDAgMA0KdiAtNjg4IC0yNDAgMA0KdiAtNjg4IC0yMjQgMA0KdiAtNjcyIC0yMjQgMA0KdiAtNjU2IC0yNDAgMA0KdiAtNjcyIC0yNDAgMA0KdiAtNjcyIC0yMjQgMA0KdiAtNjU2IC0yMjQgMA0KdiAtNjQwIC0yNDAgMA0KdiAtNjU2IC0yNDAgMA0KdiAtNjU2IC0yMjQgMA0KdiAtNjQwIC0yMjQgMA0KdiAtNjI0IC0yNDAgMA0KdiAtNjQwIC0yNDAgMA0KdiAtNjQwIC0yMjQgMA0KdiAtNjI0IC0yMjQgMA0KdiAtNjA4IC0yNDAgMA0KdiAtNjI0IC0yNDAgMA0KdiAtNjI0IC0yMjQgMA0KdiAtNjA4IC0yMjQgMA0KdiAtNTkyIC0yNDAgMA0KdiAtNjA4IC0yNDAgMA0KdiAtNjA4IC0yMjQgMA0KdiAtNTkyIC0yMjQgMA0KdiAtNTc2IC0yNDAgMA0KdiAtNTkyIC0yNDAgMA0KdiAtNTkyIC0yMjQgMA0KdiAtNTc2IC0yMjQgMA0KdiAtNTYwIC0yNDAgMA0KdiAtNTc2IC0yNDAgMA0KdiAtNTc2IC0yMjQgMA0KdiAtNTYwIC0yMjQgMA0KdiAtNTQ0IC0yNDAgMA0KdiAtNTYwIC0yNDAgMA0KdiAtNTYwIC0yMjQgMA0KdiAtNTQ0IC0yMjQgMA0KdiAtNTI4IC0yNDAgMA0KdiAtNTQ0IC0yNDAgMA0KdiAtNTQ0IC0yMjQgMA0KdiAtNTI4IC0yMjQgMA0KdiAtNTEyIC0yNDAgMA0KdiAtNTI4IC0yNDAgMA0KdiAtNTI4IC0yMjQgMA0KdiAtNTEyIC0yMjQgMA0KdiAtNDk2IC0yNDAgMA0KdiAtNTEyIC0yNDAgMA0KdiAtNTEyIC0yMjQgMA0KdiAtNDk2IC0yMjQgMA0KdiAtNDgwIC0yNDAgMA0KdiAtNDk2IC0yNDAgMA0KdiAtNDk2IC0yMjQgMA0KdiAtNDgwIC0yMjQgMA0KdiAtNDY0IC0yNDAgMA0KdiAtNDgwIC0yNDAgMA0KdiAtNDgwIC0yMjQgMA0KdiAtNDY0IC0yMjQgMA0KdiAtNDQ4IC0yNDAgMA0KdiAtNDY0IC0yNDAgMA0KdiAtNDY0IC0yMjQgMA0KdiAtNDQ4IC0yMjQgMA0KdiAtNDMyIC0yNDAgMA0KdiAtNDQ4IC0yNDAgMA0KdiAtNDQ4IC0yMjQgMA0KdiAtNDMyIC0yMjQgMA0KdiAtNDE2IC0yNDAgMA0KdiAtNDMyIC0yNDAgMA0KdiAtNDMyIC0yMjQgMA0KdiAtNDE2IC0yMjQgMA0KdiAtNDAwIC0yNDAgMA0KdiAtNDE2IC0yNDAgMA0KdiAtNDE2IC0yMjQgMA0KdiAtNDAwIC0yMjQgMA0KdiAtMzg0IC0yNDAgMA0KdiAtNDAwIC0yNDAgMA0KdiAtNDAwIC0yMjQgMA0KdiAtMzg0IC0yMjQgMA0KdiAtMzY4IC0yNDAgMA0KdiAtMzg0IC0yNDAgMA0KdiAtMzg0IC0yMjQgMA0KdiAtMzY4IC0yMjQgMA0KdiAtMzUyIC0yNDAgMA0KdiAtMzY4IC0yNDAgMA0KdiAtMzY4IC0yMjQgMA0KdiAtMzUyIC0yMjQgMA0KdiAtMzM2IC0yNDAgMA0KdiAtMzUyIC0yNDAgMA0KdiAtMzUyIC0yMjQgMA0KdiAtMzM2IC0yMjQgMA0KdiAtMzIwIC0yNDAgMA0KdiAtMzM2IC0yNDAgMA0KdiAtMzM2IC0yMjQgMA0KdiAtMzIwIC0yMjQgMA0KdiAtMzA0IC0yNDAgMA0KdiAtMzIwIC0yNDAgMA0KdiAtMzIwIC0yMjQgMA0KdiAtMzA0IC0yMjQgMA0KdiAtMjg4IC0yNDAgMA0KdiAtMzA0IC0yNDAgMA0KdiAtMzA0IC0yMjQgMA0KdiAtMjg4IC0yMjQgMA0KdiAtMjcyIC0yNDAgMA0KdiAtMjg4IC0yNDAgMA0KdiAtMjg4IC0yMjQgMA0KdiAtMjcyIC0yMjQgMA0KdiAtMjU2IC0yNDAgMA0KdiAtMjcyIC0yNDAgMA0KdiAtMjcyIC0yMjQgMA0KdiAtMjU2IC0yMjQgMA0KdiAtMjQwIC0yNDAgMA0KdiAtMjU2IC0yNDAgMA0KdiAtMjU2IC0yMjQgMA0KdiAtMjQwIC0yMjQgMA0KdiAtMjI0IC0yNDAgMA0KdiAtMjQwIC0yNDAgMA0KdiAtMjQwIC0yMjQgMA0KdiAtMjI0IC0yMjQgMA0KdiAtMjA4IC0yNDAgMA0KdiAtMjI0IC0yNDAgMA0KdiAtMjI0IC0yMjQgMA0KdiAtMjA4IC0yMjQgMA0KdiAtMTkyIC0yNDAgMA0KdiAtMjA4IC0yNDAgMA0KdiAtMjA4IC0yMjQgMA0KdiAtMTkyIC0yMjQgMA0KdiAtMTc2IC0yNDAgMA0KdiAtMTkyIC0yNDAgMA0KdiAtMTkyIC0yMjQgMA0KdiAtMTc2IC0yMjQgMA0KdiAtMTYwIC0yNDAgMA0KdiAtMTc2IC0yNDAgMA0KdiAtMTc2IC0yMjQgMA0KdiAtMTYwIC0yMjQgMA0KdiAtMTQ0IC0yNDAgMA0KdiAtMTYwIC0yNDAgMA0KdiAtMTYwIC0yMjQgMA0KdiAtMTQ0IC0yMjQgMA0KdiAtMTI4IC0yNDAgMA0KdiAtMTQ0IC0yNDAgMA0KdiAtMTQ0IC0yMjQgMA0KdiAtMTI4IC0yMjQgMA0KdiAtMTEyIC0yNDAgMA0KdiAtMTI4IC0yNDAgMA0KdiAtMTI4IC0yMjQgMA0KdiAtMTEyIC0yMjQgMA0KdiAtOTYgLTI0MCAwDQp2IC0xMTIgLTI0MCAwDQp2IC0xMTIgLTIyNCAwDQp2IC05NiAtMjI0IDANCnYgLTgwIC0yNDAgMA0KdiAtOTYgLTI0MCAwDQp2IC05NiAtMjI0IDANCnYgLTgwIC0yMjQgMA0KdiAtNjQgLTI0MCAwDQp2IC04MCAtMjQwIDANCnYgLTgwIC0yMjQgMA0KdiAtNjQgLTIyNCAwDQp2IC00OCAtMjQwIDANCnYgLTY0IC0yNDAgMA0KdiAtNjQgLTIyNCAwDQp2IC00OCAtMjI0IDANCnYgLTMyIC0yNDAgMA0KdiAtNDggLTI0MCAwDQp2IC00OCAtMjI0IDANCnYgLTMyIC0yMjQgMA0KdiAtMTYgLTI0MCAwDQp2IC0zMiAtMjQwIDANCnYgLTMyIC0yMjQgMA0KdiAtMTYgLTIyNCAwDQp2IDAgLTI0MCAwDQp2IC0xNiAtMjQwIDANCnYgLTE2IC0yMjQgMA0KdiAwIC0yMjQgMA0KdiAtMTE4NCAtMjU2IDANCnYgLTEyMDAgLTI1NiAwDQp2IC0xMjAwIC0yNDAgMA0KdiAtMTE4NCAtMjQwIDANCnYgLTExNjggLTI1NiAwDQp2IC0xMTg0IC0yNTYgMA0KdiAtMTE4NCAtMjQwIDANCnYgLTExNjggLTI0MCAwDQp2IC0xMTUyIC0yNTYgMA0KdiAtMTE2OCAtMjU2IDANCnYgLTExNjggLTI0MCAwDQp2IC0xMTUyIC0yNDAgMA0KdiAtMTEzNiAtMjU2IDANCnYgLTExNTIgLTI1NiAwDQp2IC0xMTUyIC0yNDAgMA0KdiAtMTEzNiAtMjQwIDANCnYgLTExMjAgLTI1NiAwDQp2IC0xMTM2IC0yNTYgMA0KdiAtMTEzNiAtMjQwIDANCnYgLTExMjAgLTI0MCAwDQp2IC0xMTA0IC0yNTYgMA0KdiAtMTEyMCAtMjU2IDANCnYgLTExMjAgLTI0MCAwDQp2IC0xMTA0IC0yNDAgMA0KdiAtMTA4OCAtMjU2IDANCnYgLTExMDQgLTI1NiAwDQp2IC0xMTA0IC0yNDAgMA0KdiAtMTA4OCAtMjQwIDANCnYgLTEwNzIgLTI1NiAwDQp2IC0xMDg4IC0yNTYgMA0KdiAtMTA4OCAtMjQwIDANCnYgLTEwNzIgLTI0MCAwDQp2IC0xMDU2IC0yNTYgMA0KdiAtMTA3MiAtMjU2IDANCnYgLTEwNzIgLTI0MCAwDQp2IC0xMDU2IC0yNDAgMA0KdiAtMTA0MCAtMjU2IDANCnYgLTEwNTYgLTI1NiAwDQp2IC0xMDU2IC0yNDAgMA0KdiAtMTA0MCAtMjQwIDANCnYgLTEwMjQgLTI1NiAwDQp2IC0xMDQwIC0yNTYgMA0KdiAtMTA0MCAtMjQwIDANCnYgLTEwMjQgLTI0MCAwDQp2IC0xMDA4IC0yNTYgMA0KdiAtMTAyNCAtMjU2IDANCnYgLTEwMjQgLTI0MCAwDQp2IC0xMDA4IC0yNDAgMA0KdiAtOTkyIC0yNTYgMA0KdiAtMTAwOCAtMjU2IDANCnYgLTEwMDggLTI0MCAwDQp2IC05OTIgLTI0MCAwDQp2IC05NzYgLTI1NiAwDQp2IC05OTIgLTI1NiAwDQp2IC05OTIgLTI0MCAwDQp2IC05NzYgLTI0MCAwDQp2IC05NjAgLTI1NiAwDQp2IC05NzYgLTI1NiAwDQp2IC05NzYgLTI0MCAwDQp2IC05NjAgLTI0MCAwDQp2IC05NDQgLTI1NiAwDQp2IC05NjAgLTI1NiAwDQp2IC05NjAgLTI0MCAwDQp2IC05NDQgLTI0MCAwDQp2IC05MjggLTI1NiAwDQp2IC05NDQgLTI1NiAwDQp2IC05NDQgLTI0MCAwDQp2IC05MjggLTI0MCAwDQp2IC05MTIgLTI1NiAwDQp2IC05MjggLTI1NiAwDQp2IC05MjggLTI0MCAwDQp2IC05MTIgLTI0MCAwDQp2IC04OTYgLTI1NiAwDQp2IC05MTIgLTI1NiAwDQp2IC05MTIgLTI0MCAwDQp2IC04OTYgLTI0MCAwDQp2IC04ODAgLTI1NiAwDQp2IC04OTYgLTI1NiAwDQp2IC04OTYgLTI0MCAwDQp2IC04ODAgLTI0MCAwDQp2IC04NjQgLTI1NiAwDQp2IC04ODAgLTI1NiAwDQp2IC04ODAgLTI0MCAwDQp2IC04NjQgLTI0MCAwDQp2IC04NDggLTI1NiAwDQp2IC04NjQgLTI1NiAwDQp2IC04NjQgLTI0MCAwDQp2IC04NDggLTI0MCAwDQp2IC04MzIgLTI1NiAwDQp2IC04NDggLTI1NiAwDQp2IC04NDggLTI0MCAwDQp2IC04MzIgLTI0MCAwDQp2IC04MTYgLTI1NiAwDQp2IC04MzIgLTI1NiAwDQp2IC04MzIgLTI0MCAwDQp2IC04MTYgLTI0MCAwDQp2IC04MDAgLTI1NiAwDQp2IC04MTYgLTI1NiAwDQp2IC04MTYgLTI0MCAwDQp2IC04MDAgLTI0MCAwDQp2IC03ODQgLTI1NiAwDQp2IC04MDAgLTI1NiAwDQp2IC04MDAgLTI0MCAwDQp2IC03ODQgLTI0MCAwDQp2IC03NjggLTI1NiAwDQp2IC03ODQgLTI1NiAwDQp2IC03ODQgLTI0MCAwDQp2IC03NjggLTI0MCAwDQp2IC03NTIgLTI1NiAwDQp2IC03NjggLTI1NiAwDQp2IC03NjggLTI0MCAwDQp2IC03NTIgLTI0MCAwDQp2IC03MzYgLTI1NiAwDQp2IC03NTIgLTI1NiAwDQp2IC03NTIgLTI0MCAwDQp2IC03MzYgLTI0MCAwDQp2IC03MjAgLTI1NiAwDQp2IC03MzYgLTI1NiAwDQp2IC03MzYgLTI0MCAwDQp2IC03MjAgLTI0MCAwDQp2IC03MDQgLTI1NiAwDQp2IC03MjAgLTI1NiAwDQp2IC03MjAgLTI0MCAwDQp2IC03MDQgLTI0MCAwDQp2IC02ODggLTI1NiAwDQp2IC03MDQgLTI1NiAwDQp2IC03MDQgLTI0MCAwDQp2IC02ODggLTI0MCAwDQp2IC02NzIgLTI1NiAwDQp2IC02ODggLTI1NiAwDQp2IC02ODggLTI0MCAwDQp2IC02NzIgLTI0MCAwDQp2IC02NTYgLTI1NiAwDQp2IC02NzIgLTI1NiAwDQp2IC02NzIgLTI0MCAwDQp2IC02NTYgLTI0MCAwDQp2IC02NDAgLTI1NiAwDQp2IC02NTYgLTI1NiAwDQp2IC02NTYgLTI0MCAwDQp2IC02NDAgLTI0MCAwDQp2IC02MjQgLTI1NiAwDQp2IC02NDAgLTI1NiAwDQp2IC02NDAgLTI0MCAwDQp2IC02MjQgLTI0MCAwDQp2IC02MDggLTI1NiAwDQp2IC02MjQgLTI1NiAwDQp2IC02MjQgLTI0MCAwDQp2IC02MDggLTI0MCAwDQp2IC01OTIgLTI1NiAwDQp2IC02MDggLTI1NiAwDQp2IC02MDggLTI0MCAwDQp2IC01OTIgLTI0MCAwDQp2IC01NzYgLTI1NiAwDQp2IC01OTIgLTI1NiAwDQp2IC01OTIgLTI0MCAwDQp2IC01NzYgLTI0MCAwDQp2IC01NjAgLTI1NiAwDQp2IC01NzYgLTI1NiAwDQp2IC01NzYgLTI0MCAwDQp2IC01NjAgLTI0MCAwDQp2IC01NDQgLTI1NiAwDQp2IC01NjAgLTI1NiAwDQp2IC01NjAgLTI0MCAwDQp2IC01NDQgLTI0MCAwDQp2IC01MjggLTI1NiAwDQp2IC01NDQgLTI1NiAwDQp2IC01NDQgLTI0MCAwDQp2IC01MjggLTI0MCAwDQp2IC01MTIgLTI1NiAwDQp2IC01MjggLTI1NiAwDQp2IC01MjggLTI0MCAwDQp2IC01MTIgLTI0MCAwDQp2IC00OTYgLTI1NiAwDQp2IC01MTIgLTI1NiAwDQp2IC01MTIgLTI0MCAwDQp2IC00OTYgLTI0MCAwDQp2IC00ODAgLTI1NiAwDQp2IC00OTYgLTI1NiAwDQp2IC00OTYgLTI0MCAwDQp2IC00ODAgLTI0MCAwDQp2IC00NjQgLTI1NiAwDQp2IC00ODAgLTI1NiAwDQp2IC00ODAgLTI0MCAwDQp2IC00NjQgLTI0MCAwDQp2IC00NDggLTI1NiAwDQp2IC00NjQgLTI1NiAwDQp2IC00NjQgLTI0MCAwDQp2IC00NDggLTI0MCAwDQp2IC00MzIgLTI1NiAwDQp2IC00NDggLTI1NiAwDQp2IC00NDggLTI0MCAwDQp2IC00MzIgLTI0MCAwDQp2IC00MTYgLTI1NiAwDQp2IC00MzIgLTI1NiAwDQp2IC00MzIgLTI0MCAwDQp2IC00MTYgLTI0MCAwDQp2IC00MDAgLTI1NiAwDQp2IC00MTYgLTI1NiAwDQp2IC00MTYgLTI0MCAwDQp2IC00MDAgLTI0MCAwDQp2IC0zODQgLTI1NiAwDQp2IC00MDAgLTI1NiAwDQp2IC00MDAgLTI0MCAwDQp2IC0zODQgLTI0MCAwDQp2IC0zNjggLTI1NiAwDQp2IC0zODQgLTI1NiAwDQp2IC0zODQgLTI0MCAwDQp2IC0zNjggLTI0MCAwDQp2IC0zNTIgLTI1NiAwDQp2IC0zNjggLTI1NiAwDQp2IC0zNjggLTI0MCAwDQp2IC0zNTIgLTI0MCAwDQp2IC0zMzYgLTI1NiAwDQp2IC0zNTIgLTI1NiAwDQp2IC0zNTIgLTI0MCAwDQp2IC0zMzYgLTI0MCAwDQp2IC0zMjAgLTI1NiAwDQp2IC0zMzYgLTI1NiAwDQp2IC0zMzYgLTI0MCAwDQp2IC0zMjAgLTI0MCAwDQp2IC0zMDQgLTI1NiAwDQp2IC0zMjAgLTI1NiAwDQp2IC0zMjAgLTI0MCAwDQp2IC0zMDQgLTI0MCAwDQp2IC0yODggLTI1NiAwDQp2IC0zMDQgLTI1NiAwDQp2IC0zMDQgLTI0MCAwDQp2IC0yODggLTI0MCAwDQp2IC0yNzIgLTI1NiAwDQp2IC0yODggLTI1NiAwDQp2IC0yODggLTI0MCAwDQp2IC0yNzIgLTI0MCAwDQp2IC0yNTYgLTI1NiAwDQp2IC0yNzIgLTI1NiAwDQp2IC0yNzIgLTI0MCAwDQp2IC0yNTYgLTI0MCAwDQp2IC0yNDAgLTI1NiAwDQp2IC0yNTYgLTI1NiAwDQp2IC0yNTYgLTI0MCAwDQp2IC0yNDAgLTI0MCAwDQp2IC0yMjQgLTI1NiAwDQp2IC0yNDAgLTI1NiAwDQp2IC0yNDAgLTI0MCAwDQp2IC0yMjQgLTI0MCAwDQp2IC0yMDggLTI1NiAwDQp2IC0yMjQgLTI1NiAwDQp2IC0yMjQgLTI0MCAwDQp2IC0yMDggLTI0MCAwDQp2IC0xOTIgLTI1NiAwDQp2IC0yMDggLTI1NiAwDQp2IC0yMDggLTI0MCAwDQp2IC0xOTIgLTI0MCAwDQp2IC0xNzYgLTI1NiAwDQp2IC0xOTIgLTI1NiAwDQp2IC0xOTIgLTI0MCAwDQp2IC0xNzYgLTI0MCAwDQp2IC0xNjAgLTI1NiAwDQp2IC0xNzYgLTI1NiAwDQp2IC0xNzYgLTI0MCAwDQp2IC0xNjAgLTI0MCAwDQp2IC0xNDQgLTI1NiAwDQp2IC0xNjAgLTI1NiAwDQp2IC0xNjAgLTI0MCAwDQp2IC0xNDQgLTI0MCAwDQp2IC0xMjggLTI1NiAwDQp2IC0xNDQgLTI1NiAwDQp2IC0xNDQgLTI0MCAwDQp2IC0xMjggLTI0MCAwDQp2IC0xMTIgLTI1NiAwDQp2IC0xMjggLTI1NiAwDQp2IC0xMjggLTI0MCAwDQp2IC0xMTIgLTI0MCAwDQp2IC05NiAtMjU2IDANCnYgLTExMiAtMjU2IDANCnYgLTExMiAtMjQwIDANCnYgLTk2IC0yNDAgMA0KdiAtODAgLTI1NiAwDQp2IC05NiAtMjU2IDANCnYgLTk2IC0yNDAgMA0KdiAtODAgLTI0MCAwDQp2IC02NCAtMjU2IDANCnYgLTgwIC0yNTYgMA0KdiAtODAgLTI0MCAwDQp2IC02NCAtMjQwIDANCnYgLTQ4IC0yNTYgMA0KdiAtNjQgLTI1NiAwDQp2IC02NCAtMjQwIDANCnYgLTQ4IC0yNDAgMA0KdiAtMzIgLTI1NiAwDQp2IC00OCAtMjU2IDANCnYgLTQ4IC0yNDAgMA0KdiAtMzIgLTI0MCAwDQp2IC0xNiAtMjU2IDANCnYgLTMyIC0yNTYgMA0KdiAtMzIgLTI0MCAwDQp2IC0xNiAtMjQwIDANCnYgMCAtMjU2IDANCnYgLTE2IC0yNTYgMA0KdiAtMTYgLTI0MCAwDQp2IDAgLTI0MCAwDQp2IC0xMTg0IC0yNzIgMA0KdiAtMTIwMCAtMjcyIDANCnYgLTEyMDAgLTI1NiAwDQp2IC0xMTg0IC0yNTYgMA0KdiAtMTE2OCAtMjcyIDANCnYgLTExODQgLTI3MiAwDQp2IC0xMTg0IC0yNTYgMA0KdiAtMTE2OCAtMjU2IDANCnYgLTExNTIgLTI3MiAwDQp2IC0xMTY4IC0yNzIgMA0KdiAtMTE2OCAtMjU2IDANCnYgLTExNTIgLTI1NiAwDQp2IC0xMTM2IC0yNzIgMA0KdiAtMTE1MiAtMjcyIDANCnYgLTExNTIgLTI1NiAwDQp2IC0xMTM2IC0yNTYgMA0KdiAtMTEyMCAtMjcyIDANCnYgLTExMzYgLTI3MiAwDQp2IC0xMTM2IC0yNTYgMA0KdiAtMTEyMCAtMjU2IDANCnYgLTExMDQgLTI3MiAwDQp2IC0xMTIwIC0yNzIgMA0KdiAtMTEyMCAtMjU2IDANCnYgLTExMDQgLTI1NiAwDQp2IC0xMDg4IC0yNzIgMA0KdiAtMTEwNCAtMjcyIDANCnYgLTExMDQgLTI1NiAwDQp2IC0xMDg4IC0yNTYgMA0KdiAtMTA3MiAtMjcyIDANCnYgLTEwODggLTI3MiAwDQp2IC0xMDg4IC0yNTYgMA0KdiAtMTA3MiAtMjU2IDANCnYgLTEwNTYgLTI3MiAwDQp2IC0xMDcyIC0yNzIgMA0KdiAtMTA3MiAtMjU2IDANCnYgLTEwNTYgLTI1NiAwDQp2IC0xMDQwIC0yNzIgMA0KdiAtMTA1NiAtMjcyIDANCnYgLTEwNTYgLTI1NiAwDQp2IC0xMDQwIC0yNTYgMA0KdiAtMTAyNCAtMjcyIDANCnYgLTEwNDAgLTI3MiAwDQp2IC0xMDQwIC0yNTYgMA0KdiAtMTAyNCAtMjU2IDANCnYgLTEwMDggLTI3MiAwDQp2IC0xMDI0IC0yNzIgMA0KdiAtMTAyNCAtMjU2IDANCnYgLTEwMDggLTI1NiAwDQp2IC05OTIgLTI3MiAwDQp2IC0xMDA4IC0yNzIgMA0KdiAtMTAwOCAtMjU2IDANCnYgLTk5MiAtMjU2IDANCnYgLTk3NiAtMjcyIDANCnYgLTk5MiAtMjcyIDANCnYgLTk5MiAtMjU2IDANCnYgLTk3NiAtMjU2IDANCnYgLTk2MCAtMjcyIDANCnYgLTk3NiAtMjcyIDANCnYgLTk3NiAtMjU2IDANCnYgLTk2MCAtMjU2IDANCnYgLTk0NCAtMjcyIDANCnYgLTk2MCAtMjcyIDANCnYgLTk2MCAtMjU2IDANCnYgLTk0NCAtMjU2IDANCnYgLTkyOCAtMjcyIDANCnYgLTk0NCAtMjcyIDANCnYgLTk0NCAtMjU2IDANCnYgLTkyOCAtMjU2IDANCnYgLTkxMiAtMjcyIDANCnYgLTkyOCAtMjcyIDANCnYgLTkyOCAtMjU2IDANCnYgLTkxMiAtMjU2IDANCnYgLTg5NiAtMjcyIDANCnYgLTkxMiAtMjcyIDANCnYgLTkxMiAtMjU2IDANCnYgLTg5NiAtMjU2IDANCnYgLTg4MCAtMjcyIDANCnYgLTg5NiAtMjcyIDANCnYgLTg5NiAtMjU2IDANCnYgLTg4MCAtMjU2IDANCnYgLTg2NCAtMjcyIDANCnYgLTg4MCAtMjcyIDANCnYgLTg4MCAtMjU2IDANCnYgLTg2NCAtMjU2IDANCnYgLTg0OCAtMjcyIDANCnYgLTg2NCAtMjcyIDANCnYgLTg2NCAtMjU2IDANCnYgLTg0OCAtMjU2IDANCnYgLTgzMiAtMjcyIDANCnYgLTg0OCAtMjcyIDANCnYgLTg0OCAtMjU2IDANCnYgLTgzMiAtMjU2IDANCnYgLTgxNiAtMjcyIDANCnYgLTgzMiAtMjcyIDANCnYgLTgzMiAtMjU2IDANCnYgLTgxNiAtMjU2IDANCnYgLTgwMCAtMjcyIDANCnYgLTgxNiAtMjcyIDANCnYgLTgxNiAtMjU2IDANCnYgLTgwMCAtMjU2IDANCnYgLTc4NCAtMjcyIDANCnYgLTgwMCAtMjcyIDANCnYgLTgwMCAtMjU2IDANCnYgLTc4NCAtMjU2IDANCnYgLTc2OCAtMjcyIDANCnYgLTc4NCAtMjcyIDANCnYgLTc4NCAtMjU2IDANCnYgLTc2OCAtMjU2IDANCnYgLTc1MiAtMjcyIDANCnYgLTc2OCAtMjcyIDANCnYgLTc2OCAtMjU2IDANCnYgLTc1MiAtMjU2IDANCnYgLTczNiAtMjcyIDANCnYgLTc1MiAtMjcyIDANCnYgLTc1MiAtMjU2IDANCnYgLTczNiAtMjU2IDANCnYgLTcyMCAtMjcyIDANCnYgLTczNiAtMjcyIDANCnYgLTczNiAtMjU2IDANCnYgLTcyMCAtMjU2IDANCnYgLTcwNCAtMjcyIDANCnYgLTcyMCAtMjcyIDANCnYgLTcyMCAtMjU2IDANCnYgLTcwNCAtMjU2IDANCnYgLTY4OCAtMjcyIDANCnYgLTcwNCAtMjcyIDANCnYgLTcwNCAtMjU2IDANCnYgLTY4OCAtMjU2IDANCnYgLTY3MiAtMjcyIDANCnYgLTY4OCAtMjcyIDANCnYgLTY4OCAtMjU2IDANCnYgLTY3MiAtMjU2IDANCnYgLTY1NiAtMjcyIDANCnYgLTY3MiAtMjcyIDANCnYgLTY3MiAtMjU2IDANCnYgLTY1NiAtMjU2IDANCnYgLTY0MCAtMjcyIDANCnYgLTY1NiAtMjcyIDANCnYgLTY1NiAtMjU2IDANCnYgLTY0MCAtMjU2IDANCnYgLTYyNCAtMjcyIDANCnYgLTY0MCAtMjcyIDANCnYgLTY0MCAtMjU2IDANCnYgLTYyNCAtMjU2IDANCnYgLTYwOCAtMjcyIDANCnYgLTYyNCAtMjcyIDANCnYgLTYyNCAtMjU2IDANCnYgLTYwOCAtMjU2IDANCnYgLTU5MiAtMjcyIDANCnYgLTYwOCAtMjcyIDANCnYgLTYwOCAtMjU2IDANCnYgLTU5MiAtMjU2IDANCnYgLTU3NiAtMjcyIDANCnYgLTU5MiAtMjcyIDANCnYgLTU5MiAtMjU2IDANCnYgLTU3NiAtMjU2IDANCnYgLTU2MCAtMjcyIDANCnYgLTU3NiAtMjcyIDANCnYgLTU3NiAtMjU2IDANCnYgLTU2MCAtMjU2IDANCnYgLTU0NCAtMjcyIDANCnYgLTU2MCAtMjcyIDANCnYgLTU2MCAtMjU2IDANCnYgLTU0NCAtMjU2IDANCnYgLTUyOCAtMjcyIDANCnYgLTU0NCAtMjcyIDANCnYgLTU0NCAtMjU2IDANCnYgLTUyOCAtMjU2IDANCnYgLTUxMiAtMjcyIDANCnYgLTUyOCAtMjcyIDANCnYgLTUyOCAtMjU2IDANCnYgLTUxMiAtMjU2IDANCnYgLTQ5NiAtMjcyIDANCnYgLTUxMiAtMjcyIDANCnYgLTUxMiAtMjU2IDANCnYgLTQ5NiAtMjU2IDANCnYgLTQ4MCAtMjcyIDANCnYgLTQ5NiAtMjcyIDANCnYgLTQ5NiAtMjU2IDANCnYgLTQ4MCAtMjU2IDANCnYgLTQ2NCAtMjcyIDANCnYgLTQ4MCAtMjcyIDANCnYgLTQ4MCAtMjU2IDANCnYgLTQ2NCAtMjU2IDANCnYgLTQ0OCAtMjcyIDANCnYgLTQ2NCAtMjcyIDANCnYgLTQ2NCAtMjU2IDANCnYgLTQ0OCAtMjU2IDANCnYgLTQzMiAtMjcyIDANCnYgLTQ0OCAtMjcyIDANCnYgLTQ0OCAtMjU2IDANCnYgLTQzMiAtMjU2IDANCnYgLTQxNiAtMjcyIDANCnYgLTQzMiAtMjcyIDANCnYgLTQzMiAtMjU2IDANCnYgLTQxNiAtMjU2IDANCnYgLTQwMCAtMjcyIDANCnYgLTQxNiAtMjcyIDANCnYgLTQxNiAtMjU2IDANCnYgLTQwMCAtMjU2IDANCnYgLTM4NCAtMjcyIDANCnYgLTQwMCAtMjcyIDANCnYgLTQwMCAtMjU2IDANCnYgLTM4NCAtMjU2IDANCnYgLTM2OCAtMjcyIDANCnYgLTM4NCAtMjcyIDANCnYgLTM4NCAtMjU2IDANCnYgLTM2OCAtMjU2IDANCnYgLTM1MiAtMjcyIDANCnYgLTM2OCAtMjcyIDANCnYgLTM2OCAtMjU2IDANCnYgLTM1MiAtMjU2IDANCnYgLTMzNiAtMjcyIDANCnYgLTM1MiAtMjcyIDANCnYgLTM1MiAtMjU2IDANCnYgLTMzNiAtMjU2IDANCnYgLTMyMCAtMjcyIDANCnYgLTMzNiAtMjcyIDANCnYgLTMzNiAtMjU2IDANCnYgLTMyMCAtMjU2IDANCnYgLTMwNCAtMjcyIDANCnYgLTMyMCAtMjcyIDANCnYgLTMyMCAtMjU2IDANCnYgLTMwNCAtMjU2IDANCnYgLTI4OCAtMjcyIDANCnYgLTMwNCAtMjcyIDANCnYgLTMwNCAtMjU2IDANCnYgLTI4OCAtMjU2IDANCnYgLTI3MiAtMjcyIDANCnYgLTI4OCAtMjcyIDANCnYgLTI4OCAtMjU2IDANCnYgLTI3MiAtMjU2IDANCnYgLTI1NiAtMjcyIDANCnYgLTI3MiAtMjcyIDANCnYgLTI3MiAtMjU2IDANCnYgLTI1NiAtMjU2IDANCnYgLTI0MCAtMjcyIDANCnYgLTI1NiAtMjcyIDANCnYgLTI1NiAtMjU2IDANCnYgLTI0MCAtMjU2IDANCnYgLTIyNCAtMjcyIDANCnYgLTI0MCAtMjcyIDANCnYgLTI0MCAtMjU2IDANCnYgLTIyNCAtMjU2IDANCnYgLTIwOCAtMjcyIDANCnYgLTIyNCAtMjcyIDANCnYgLTIyNCAtMjU2IDANCnYgLTIwOCAtMjU2IDANCnYgLTE5MiAtMjcyIDANCnYgLTIwOCAtMjcyIDANCnYgLTIwOCAtMjU2IDANCnYgLTE5MiAtMjU2IDANCnYgLTE3NiAtMjcyIDANCnYgLTE5MiAtMjcyIDANCnYgLTE5MiAtMjU2IDANCnYgLTE3NiAtMjU2IDANCnYgLTE2MCAtMjcyIDANCnYgLTE3NiAtMjcyIDANCnYgLTE3NiAtMjU2IDANCnYgLTE2MCAtMjU2IDANCnYgLTE0NCAtMjcyIDANCnYgLTE2MCAtMjcyIDANCnYgLTE2MCAtMjU2IDANCnYgLTE0NCAtMjU2IDANCnYgLTEyOCAtMjcyIDANCnYgLTE0NCAtMjcyIDANCnYgLTE0NCAtMjU2IDANCnYgLTEyOCAtMjU2IDANCnYgLTExMiAtMjcyIDANCnYgLTEyOCAtMjcyIDANCnYgLTEyOCAtMjU2IDANCnYgLTExMiAtMjU2IDANCnYgLTk2IC0yNzIgMA0KdiAtMTEyIC0yNzIgMA0KdiAtMTEyIC0yNTYgMA0KdiAtOTYgLTI1NiAwDQp2IC04MCAtMjcyIDANCnYgLTk2IC0yNzIgMA0KdiAtOTYgLTI1NiAwDQp2IC04MCAtMjU2IDANCnYgLTY0IC0yNzIgMA0KdiAtODAgLTI3MiAwDQp2IC04MCAtMjU2IDANCnYgLTY0IC0yNTYgMA0KdiAtNDggLTI3MiAwDQp2IC02NCAtMjcyIDANCnYgLTY0IC0yNTYgMA0KdiAtNDggLTI1NiAwDQp2IC0zMiAtMjcyIDANCnYgLTQ4IC0yNzIgMA0KdiAtNDggLTI1NiAwDQp2IC0zMiAtMjU2IDANCnYgLTE2IC0yNzIgMA0KdiAtMzIgLTI3MiAwDQp2IC0zMiAtMjU2IDANCnYgLTE2IC0yNTYgMA0KdiAwIC0yNzIgMA0KdiAtMTYgLTI3MiAwDQp2IC0xNiAtMjU2IDANCnYgMCAtMjU2IDANCnYgLTExODQgLTI4OCAwDQp2IC0xMjAwIC0yODggMA0KdiAtMTIwMCAtMjcyIDANCnYgLTExODQgLTI3MiAwDQp2IC0xMTY4IC0yODggMA0KdiAtMTE4NCAtMjg4IDANCnYgLTExODQgLTI3MiAwDQp2IC0xMTY4IC0yNzIgMA0KdiAtMTE1MiAtMjg4IDANCnYgLTExNjggLTI4OCAwDQp2IC0xMTY4IC0yNzIgMA0KdiAtMTE1MiAtMjcyIDANCnYgLTExMzYgLTI4OCAwDQp2IC0xMTUyIC0yODggMA0KdiAtMTE1MiAtMjcyIDANCnYgLTExMzYgLTI3MiAwDQp2IC0xMTIwIC0yODggMA0KdiAtMTEzNiAtMjg4IDANCnYgLTExMzYgLTI3MiAwDQp2IC0xMTIwIC0yNzIgMA0KdiAtMTEwNCAtMjg4IDANCnYgLTExMjAgLTI4OCAwDQp2IC0xMTIwIC0yNzIgMA0KdiAtMTEwNCAtMjcyIDANCnYgLTEwODggLTI4OCAwDQp2IC0xMTA0IC0yODggMA0KdiAtMTEwNCAtMjcyIDANCnYgLTEwODggLTI3MiAwDQp2IC0xMDcyIC0yODggMA0KdiAtMTA4OCAtMjg4IDANCnYgLTEwODggLTI3MiAwDQp2IC0xMDcyIC0yNzIgMA0KdiAtMTA1NiAtMjg4IDANCnYgLTEwNzIgLTI4OCAwDQp2IC0xMDcyIC0yNzIgMA0KdiAtMTA1NiAtMjcyIDANCnYgLTEwNDAgLTI4OCAwDQp2IC0xMDU2IC0yODggMA0KdiAtMTA1NiAtMjcyIDANCnYgLTEwNDAgLTI3MiAwDQp2IC0xMDI0IC0yODggMA0KdiAtMTA0MCAtMjg4IDANCnYgLTEwNDAgLTI3MiAwDQp2IC0xMDI0IC0yNzIgMA0KdiAtMTAwOCAtMjg4IDANCnYgLTEwMjQgLTI4OCAwDQp2IC0xMDI0IC0yNzIgMA0KdiAtMTAwOCAtMjcyIDANCnYgLTk5MiAtMjg4IDANCnYgLTEwMDggLTI4OCAwDQp2IC0xMDA4IC0yNzIgMA0KdiAtOTkyIC0yNzIgMA0KdiAtOTc2IC0yODggMA0KdiAtOTkyIC0yODggMA0KdiAtOTkyIC0yNzIgMA0KdiAtOTc2IC0yNzIgMA0KdiAtOTYwIC0yODggMA0KdiAtOTc2IC0yODggMA0KdiAtOTc2IC0yNzIgMA0KdiAtOTYwIC0yNzIgMA0KdiAtOTQ0IC0yODggMA0KdiAtOTYwIC0yODggMA0KdiAtOTYwIC0yNzIgMA0KdiAtOTQ0IC0yNzIgMA0KdiAtOTI4IC0yODggMA0KdiAtOTQ0IC0yODggMA0KdiAtOTQ0IC0yNzIgMA0KdiAtOTI4IC0yNzIgMA0KdiAtOTEyIC0yODggMA0KdiAtOTI4IC0yODggMA0KdiAtOTI4IC0yNzIgMA0KdiAtOTEyIC0yNzIgMA0KdiAtODk2IC0yODggMA0KdiAtOTEyIC0yODggMA0KdiAtOTEyIC0yNzIgMA0KdiAtODk2IC0yNzIgMA0KdiAtODgwIC0yODggMA0KdiAtODk2IC0yODggMA0KdiAtODk2IC0yNzIgMA0KdiAtODgwIC0yNzIgMA0KdiAtODY0IC0yODggMA0KdiAtODgwIC0yODggMA0KdiAtODgwIC0yNzIgMA0KdiAtODY0IC0yNzIgMA0KdiAtODQ4IC0yODggMA0KdiAtODY0IC0yODggMA0KdiAtODY0IC0yNzIgMA0KdiAtODQ4IC0yNzIgMA0KdiAtODMyIC0yODggMA0KdiAtODQ4IC0yODggMA0KdiAtODQ4IC0yNzIgMA0KdiAtODMyIC0yNzIgMA0KdiAtODE2IC0yODggMA0KdiAtODMyIC0yODggMA0KdiAtODMyIC0yNzIgMA0KdiAtODE2IC0yNzIgMA0KdiAtODAwIC0yODggMA0KdiAtODE2IC0yODggMA0KdiAtODE2IC0yNzIgMA0KdiAtODAwIC0yNzIgMA0KdiAtNzg0IC0yODggMA0KdiAtODAwIC0yODggMA0KdiAtODAwIC0yNzIgMA0KdiAtNzg0IC0yNzIgMA0KdiAtNzY4IC0yODggMA0KdiAtNzg0IC0yODggMA0KdiAtNzg0IC0yNzIgMA0KdiAtNzY4IC0yNzIgMA0KdiAtNzUyIC0yODggMA0KdiAtNzY4IC0yODggMA0KdiAtNzY4IC0yNzIgMA0KdiAtNzUyIC0yNzIgMA0KdiAtNzM2IC0yODggMA0KdiAtNzUyIC0yODggMA0KdiAtNzUyIC0yNzIgMA0KdiAtNzM2IC0yNzIgMA0KdiAtNzIwIC0yODggMA0KdiAtNzM2IC0yODggMA0KdiAtNzM2IC0yNzIgMA0KdiAtNzIwIC0yNzIgMA0KdiAtNzA0IC0yODggMA0KdiAtNzIwIC0yODggMA0KdiAtNzIwIC0yNzIgMA0KdiAtNzA0IC0yNzIgMA0KdiAtNjg4IC0yODggMA0KdiAtNzA0IC0yODggMA0KdiAtNzA0IC0yNzIgMA0KdiAtNjg4IC0yNzIgMA0KdiAtNjcyIC0yODggMA0KdiAtNjg4IC0yODggMA0KdiAtNjg4IC0yNzIgMA0KdiAtNjcyIC0yNzIgMA0KdiAtNjU2IC0yODggMA0KdiAtNjcyIC0yODggMA0KdiAtNjcyIC0yNzIgMA0KdiAtNjU2IC0yNzIgMA0KdiAtNjQwIC0yODggMA0KdiAtNjU2IC0yODggMA0KdiAtNjU2IC0yNzIgMA0KdiAtNjQwIC0yNzIgMA0KdiAtNjI0IC0yODggMA0KdiAtNjQwIC0yODggMA0KdiAtNjQwIC0yNzIgMA0KdiAtNjI0IC0yNzIgMA0KdiAtNjA4IC0yODggMA0KdiAtNjI0IC0yODggMA0KdiAtNjI0IC0yNzIgMA0KdiAtNjA4IC0yNzIgMA0KdiAtNTkyIC0yODggMA0KdiAtNjA4IC0yODggMA0KdiAtNjA4IC0yNzIgMA0KdiAtNTkyIC0yNzIgMA0KdiAtNTc2IC0yODggMA0KdiAtNTkyIC0yODggMA0KdiAtNTkyIC0yNzIgMA0KdiAtNTc2IC0yNzIgMA0KdiAtNTYwIC0yODggMA0KdiAtNTc2IC0yODggMA0KdiAtNTc2IC0yNzIgMA0KdiAtNTYwIC0yNzIgMA0KdiAtNTQ0IC0yODggMA0KdiAtNTYwIC0yODggMA0KdiAtNTYwIC0yNzIgMA0KdiAtNTQ0IC0yNzIgMA0KdiAtNTI4IC0yODggMA0KdiAtNTQ0IC0yODggMA0KdiAtNTQ0IC0yNzIgMA0KdiAtNTI4IC0yNzIgMA0KdiAtNTEyIC0yODggMA0KdiAtNTI4IC0yODggMA0KdiAtNTI4IC0yNzIgMA0KdiAtNTEyIC0yNzIgMA0KdiAtNDk2IC0yODggMA0KdiAtNTEyIC0yODggMA0KdiAtNTEyIC0yNzIgMA0KdiAtNDk2IC0yNzIgMA0KdiAtNDgwIC0yODggMA0KdiAtNDk2IC0yODggMA0KdiAtNDk2IC0yNzIgMA0KdiAtNDgwIC0yNzIgMA0KdiAtNDY0IC0yODggMA0KdiAtNDgwIC0yODggMA0KdiAtNDgwIC0yNzIgMA0KdiAtNDY0IC0yNzIgMA0KdiAtNDQ4IC0yODggMA0KdiAtNDY0IC0yODggMA0KdiAtNDY0IC0yNzIgMA0KdiAtNDQ4IC0yNzIgMA0KdiAtNDMyIC0yODggMA0KdiAtNDQ4IC0yODggMA0KdiAtNDQ4IC0yNzIgMA0KdiAtNDMyIC0yNzIgMA0KdiAtNDE2IC0yODggMA0KdiAtNDMyIC0yODggMA0KdiAtNDMyIC0yNzIgMA0KdiAtNDE2IC0yNzIgMA0KdiAtNDAwIC0yODggMA0KdiAtNDE2IC0yODggMA0KdiAtNDE2IC0yNzIgMA0KdiAtNDAwIC0yNzIgMA0KdiAtMzg0IC0yODggMA0KdiAtNDAwIC0yODggMA0KdiAtNDAwIC0yNzIgMA0KdiAtMzg0IC0yNzIgMA0KdiAtMzY4IC0yODggMA0KdiAtMzg0IC0yODggMA0KdiAtMzg0IC0yNzIgMA0KdiAtMzY4IC0yNzIgMA0KdiAtMzUyIC0yODggMA0KdiAtMzY4IC0yODggMA0KdiAtMzY4IC0yNzIgMA0KdiAtMzUyIC0yNzIgMA0KdiAtMzM2IC0yODggMA0KdiAtMzUyIC0yODggMA0KdiAtMzUyIC0yNzIgMA0KdiAtMzM2IC0yNzIgMA0KdiAtMzIwIC0yODggMA0KdiAtMzM2IC0yODggMA0KdiAtMzM2IC0yNzIgMA0KdiAtMzIwIC0yNzIgMA0KdiAtMzA0IC0yODggMA0KdiAtMzIwIC0yODggMA0KdiAtMzIwIC0yNzIgMA0KdiAtMzA0IC0yNzIgMA0KdiAtMjg4IC0yODggMA0KdiAtMzA0IC0yODggMA0KdiAtMzA0IC0yNzIgMA0KdiAtMjg4IC0yNzIgMA0KdiAtMjcyIC0yODggMA0KdiAtMjg4IC0yODggMA0KdiAtMjg4IC0yNzIgMA0KdiAtMjcyIC0yNzIgMA0KdiAtMjU2IC0yODggMA0KdiAtMjcyIC0yODggMA0KdiAtMjcyIC0yNzIgMA0KdiAtMjU2IC0yNzIgMA0KdiAtMjQwIC0yODggMA0KdiAtMjU2IC0yODggMA0KdiAtMjU2IC0yNzIgMA0KdiAtMjQwIC0yNzIgMA0KdiAtMjI0IC0yODggMA0KdiAtMjQwIC0yODggMA0KdiAtMjQwIC0yNzIgMA0KdiAtMjI0IC0yNzIgMA0KdiAtMjA4IC0yODggMA0KdiAtMjI0IC0yODggMA0KdiAtMjI0IC0yNzIgMA0KdiAtMjA4IC0yNzIgMA0KdiAtMTkyIC0yODggMA0KdiAtMjA4IC0yODggMA0KdiAtMjA4IC0yNzIgMA0KdiAtMTkyIC0yNzIgMA0KdiAtMTc2IC0yODggMA0KdiAtMTkyIC0yODggMA0KdiAtMTkyIC0yNzIgMA0KdiAtMTc2IC0yNzIgMA0KdiAtMTYwIC0yODggMA0KdiAtMTc2IC0yODggMA0KdiAtMTc2IC0yNzIgMA0KdiAtMTYwIC0yNzIgMA0KdiAtMTQ0IC0yODggMA0KdiAtMTYwIC0yODggMA0KdiAtMTYwIC0yNzIgMA0KdiAtMTQ0IC0yNzIgMA0KdiAtMTI4IC0yODggMA0KdiAtMTQ0IC0yODggMA0KdiAtMTQ0IC0yNzIgMA0KdiAtMTI4IC0yNzIgMA0KdiAtMTEyIC0yODggMA0KdiAtMTI4IC0yODggMA0KdiAtMTI4IC0yNzIgMA0KdiAtMTEyIC0yNzIgMA0KdiAtOTYgLTI4OCAwDQp2IC0xMTIgLTI4OCAwDQp2IC0xMTIgLTI3MiAwDQp2IC05NiAtMjcyIDANCnYgLTgwIC0yODggMA0KdiAtOTYgLTI4OCAwDQp2IC05NiAtMjcyIDANCnYgLTgwIC0yNzIgMA0KdiAtNjQgLTI4OCAwDQp2IC04MCAtMjg4IDANCnYgLTgwIC0yNzIgMA0KdiAtNjQgLTI3MiAwDQp2IC00OCAtMjg4IDANCnYgLTY0IC0yODggMA0KdiAtNjQgLTI3MiAwDQp2IC00OCAtMjcyIDANCnYgLTMyIC0yODggMA0KdiAtNDggLTI4OCAwDQp2IC00OCAtMjcyIDANCnYgLTMyIC0yNzIgMA0KdiAtMTYgLTI4OCAwDQp2IC0zMiAtMjg4IDANCnYgLTMyIC0yNzIgMA0KdiAtMTYgLTI3MiAwDQp2IDAgLTI4OCAwDQp2IC0xNiAtMjg4IDANCnYgLTE2IC0yNzIgMA0KdiAwIC0yNzIgMA0KdiAtMTE4NCAtMzA0IDANCnYgLTEyMDAgLTMwNCAwDQp2IC0xMjAwIC0yODggMA0KdiAtMTE4NCAtMjg4IDANCnYgLTExNjggLTMwNCAwDQp2IC0xMTg0IC0zMDQgMA0KdiAtMTE4NCAtMjg4IDANCnYgLTExNjggLTI4OCAwDQp2IC0xMTUyIC0zMDQgMA0KdiAtMTE2OCAtMzA0IDANCnYgLTExNjggLTI4OCAwDQp2IC0xMTUyIC0yODggMA0KdiAtMTEzNiAtMzA0IDANCnYgLTExNTIgLTMwNCAwDQp2IC0xMTUyIC0yODggMA0KdiAtMTEzNiAtMjg4IDANCnYgLTExMjAgLTMwNCAwDQp2IC0xMTM2IC0zMDQgMA0KdiAtMTEzNiAtMjg4IDANCnYgLTExMjAgLTI4OCAwDQp2IC0xMTA0IC0zMDQgMA0KdiAtMTEyMCAtMzA0IDANCnYgLTExMjAgLTI4OCAwDQp2IC0xMTA0IC0yODggMA0KdiAtMTA4OCAtMzA0IDANCnYgLTExMDQgLTMwNCAwDQp2IC0xMTA0IC0yODggMA0KdiAtMTA4OCAtMjg4IDANCnYgLTEwNzIgLTMwNCAwDQp2IC0xMDg4IC0zMDQgMA0KdiAtMTA4OCAtMjg4IDANCnYgLTEwNzIgLTI4OCAwDQp2IC0xMDU2IC0zMDQgMA0KdiAtMTA3MiAtMzA0IDANCnYgLTEwNzIgLTI4OCAwDQp2IC0xMDU2IC0yODggMA0KdiAtMTA0MCAtMzA0IDANCnYgLTEwNTYgLTMwNCAwDQp2IC0xMDU2IC0yODggMA0KdiAtMTA0MCAtMjg4IDANCnYgLTEwMjQgLTMwNCAwDQp2IC0xMDQwIC0zMDQgMA0KdiAtMTA0MCAtMjg4IDANCnYgLTEwMjQgLTI4OCAwDQp2IC0xMDA4IC0zMDQgMA0KdiAtMTAyNCAtMzA0IDANCnYgLTEwMjQgLTI4OCAwDQp2IC0xMDA4IC0yODggMA0KdiAtOTkyIC0zMDQgMA0KdiAtMTAwOCAtMzA0IDANCnYgLTEwMDggLTI4OCAwDQp2IC05OTIgLTI4OCAwDQp2IC05NzYgLTMwNCAwDQp2IC05OTIgLTMwNCAwDQp2IC05OTIgLTI4OCAwDQp2IC05NzYgLTI4OCAwDQp2IC05NjAgLTMwNCAwDQp2IC05NzYgLTMwNCAwDQp2IC05NzYgLTI4OCAwDQp2IC05NjAgLTI4OCAwDQp2IC05NDQgLTMwNCAwDQp2IC05NjAgLTMwNCAwDQp2IC05NjAgLTI4OCAwDQp2IC05NDQgLTI4OCAwDQp2IC05MjggLTMwNCAwDQp2IC05NDQgLTMwNCAwDQp2IC05NDQgLTI4OCAwDQp2IC05MjggLTI4OCAwDQp2IC05MTIgLTMwNCAwDQp2IC05MjggLTMwNCAwDQp2IC05MjggLTI4OCAwDQp2IC05MTIgLTI4OCAwDQp2IC04OTYgLTMwNCAwDQp2IC05MTIgLTMwNCAwDQp2IC05MTIgLTI4OCAwDQp2IC04OTYgLTI4OCAwDQp2IC04ODAgLTMwNCAwDQp2IC04OTYgLTMwNCAwDQp2IC04OTYgLTI4OCAwDQp2IC04ODAgLTI4OCAwDQp2IC04NjQgLTMwNCAwDQp2IC04ODAgLTMwNCAwDQp2IC04ODAgLTI4OCAwDQp2IC04NjQgLTI4OCAwDQp2IC04NDggLTMwNCAwDQp2IC04NjQgLTMwNCAwDQp2IC04NjQgLTI4OCAwDQp2IC04NDggLTI4OCAwDQp2IC04MzIgLTMwNCAwDQp2IC04NDggLTMwNCAwDQp2IC04NDggLTI4OCAwDQp2IC04MzIgLTI4OCAwDQp2IC04MTYgLTMwNCAwDQp2IC04MzIgLTMwNCAwDQp2IC04MzIgLTI4OCAwDQp2IC04MTYgLTI4OCAwDQp2IC04MDAgLTMwNCAwDQp2IC04MTYgLTMwNCAwDQp2IC04MTYgLTI4OCAwDQp2IC04MDAgLTI4OCAwDQp2IC03ODQgLTMwNCAwDQp2IC04MDAgLTMwNCAwDQp2IC04MDAgLTI4OCAwDQp2IC03ODQgLTI4OCAwDQp2IC03NjggLTMwNCAwDQp2IC03ODQgLTMwNCAwDQp2IC03ODQgLTI4OCAwDQp2IC03NjggLTI4OCAwDQp2IC03NTIgLTMwNCAwDQp2IC03NjggLTMwNCAwDQp2IC03NjggLTI4OCAwDQp2IC03NTIgLTI4OCAwDQp2IC03MzYgLTMwNCAwDQp2IC03NTIgLTMwNCAwDQp2IC03NTIgLTI4OCAwDQp2IC03MzYgLTI4OCAwDQp2IC03MjAgLTMwNCAwDQp2IC03MzYgLTMwNCAwDQp2IC03MzYgLTI4OCAwDQp2IC03MjAgLTI4OCAwDQp2IC03MDQgLTMwNCAwDQp2IC03MjAgLTMwNCAwDQp2IC03MjAgLTI4OCAwDQp2IC03MDQgLTI4OCAwDQp2IC02ODggLTMwNCAwDQp2IC03MDQgLTMwNCAwDQp2IC03MDQgLTI4OCAwDQp2IC02ODggLTI4OCAwDQp2IC02NzIgLTMwNCAwDQp2IC02ODggLTMwNCAwDQp2IC02ODggLTI4OCAwDQp2IC02NzIgLTI4OCAwDQp2IC02NTYgLTMwNCAwDQp2IC02NzIgLTMwNCAwDQp2IC02NzIgLTI4OCAwDQp2IC02NTYgLTI4OCAwDQp2IC02NDAgLTMwNCAwDQp2IC02NTYgLTMwNCAwDQp2IC02NTYgLTI4OCAwDQp2IC02NDAgLTI4OCAwDQp2IC02MjQgLTMwNCAwDQp2IC02NDAgLTMwNCAwDQp2IC02NDAgLTI4OCAwDQp2IC02MjQgLTI4OCAwDQp2IC02MDggLTMwNCAwDQp2IC02MjQgLTMwNCAwDQp2IC02MjQgLTI4OCAwDQp2IC02MDggLTI4OCAwDQp2IC01OTIgLTMwNCAwDQp2IC02MDggLTMwNCAwDQp2IC02MDggLTI4OCAwDQp2IC01OTIgLTI4OCAwDQp2IC01NzYgLTMwNCAwDQp2IC01OTIgLTMwNCAwDQp2IC01OTIgLTI4OCAwDQp2IC01NzYgLTI4OCAwDQp2IC01NjAgLTMwNCAwDQp2IC01NzYgLTMwNCAwDQp2IC01NzYgLTI4OCAwDQp2IC01NjAgLTI4OCAwDQp2IC01NDQgLTMwNCAwDQp2IC01NjAgLTMwNCAwDQp2IC01NjAgLTI4OCAwDQp2IC01NDQgLTI4OCAwDQp2IC01MjggLTMwNCAwDQp2IC01NDQgLTMwNCAwDQp2IC01NDQgLTI4OCAwDQp2IC01MjggLTI4OCAwDQp2IC01MTIgLTMwNCAwDQp2IC01MjggLTMwNCAwDQp2IC01MjggLTI4OCAwDQp2IC01MTIgLTI4OCAwDQp2IC00OTYgLTMwNCAwDQp2IC01MTIgLTMwNCAwDQp2IC01MTIgLTI4OCAwDQp2IC00OTYgLTI4OCAwDQp2IC00ODAgLTMwNCAwDQp2IC00OTYgLTMwNCAwDQp2IC00OTYgLTI4OCAwDQp2IC00ODAgLTI4OCAwDQp2IC00NjQgLTMwNCAwDQp2IC00ODAgLTMwNCAwDQp2IC00ODAgLTI4OCAwDQp2IC00NjQgLTI4OCAwDQp2IC00NDggLTMwNCAwDQp2IC00NjQgLTMwNCAwDQp2IC00NjQgLTI4OCAwDQp2IC00NDggLTI4OCAwDQp2IC00MzIgLTMwNCAwDQp2IC00NDggLTMwNCAwDQp2IC00NDggLTI4OCAwDQp2IC00MzIgLTI4OCAwDQp2IC00MTYgLTMwNCAwDQp2IC00MzIgLTMwNCAwDQp2IC00MzIgLTI4OCAwDQp2IC00MTYgLTI4OCAwDQp2IC00MDAgLTMwNCAwDQp2IC00MTYgLTMwNCAwDQp2IC00MTYgLTI4OCAwDQp2IC00MDAgLTI4OCAwDQp2IC0zODQgLTMwNCAwDQp2IC00MDAgLTMwNCAwDQp2IC00MDAgLTI4OCAwDQp2IC0zODQgLTI4OCAwDQp2IC0zNjggLTMwNCAwDQp2IC0zODQgLTMwNCAwDQp2IC0zODQgLTI4OCAwDQp2IC0zNjggLTI4OCAwDQp2IC0zNTIgLTMwNCAwDQp2IC0zNjggLTMwNCAwDQp2IC0zNjggLTI4OCAwDQp2IC0zNTIgLTI4OCAwDQp2IC0zMzYgLTMwNCAwDQp2IC0zNTIgLTMwNCAwDQp2IC0zNTIgLTI4OCAwDQp2IC0zMzYgLTI4OCAwDQp2IC0zMjAgLTMwNCAwDQp2IC0zMzYgLTMwNCAwDQp2IC0zMzYgLTI4OCAwDQp2IC0zMjAgLTI4OCAwDQp2IC0zMDQgLTMwNCAwDQp2IC0zMjAgLTMwNCAwDQp2IC0zMjAgLTI4OCAwDQp2IC0zMDQgLTI4OCAwDQp2IC0yODggLTMwNCAwDQp2IC0zMDQgLTMwNCAwDQp2IC0zMDQgLTI4OCAwDQp2IC0yODggLTI4OCAwDQp2IC0yNzIgLTMwNCAwDQp2IC0yODggLTMwNCAwDQp2IC0yODggLTI4OCAwDQp2IC0yNzIgLTI4OCAwDQp2IC0yNTYgLTMwNCAwDQp2IC0yNzIgLTMwNCAwDQp2IC0yNzIgLTI4OCAwDQp2IC0yNTYgLTI4OCAwDQp2IC0yNDAgLTMwNCAwDQp2IC0yNTYgLTMwNCAwDQp2IC0yNTYgLTI4OCAwDQp2IC0yNDAgLTI4OCAwDQp2IC0yMjQgLTMwNCAwDQp2IC0yNDAgLTMwNCAwDQp2IC0yNDAgLTI4OCAwDQp2IC0yMjQgLTI4OCAwDQp2IC0yMDggLTMwNCAwDQp2IC0yMjQgLTMwNCAwDQp2IC0yMjQgLTI4OCAwDQp2IC0yMDggLTI4OCAwDQp2IC0xOTIgLTMwNCAwDQp2IC0yMDggLTMwNCAwDQp2IC0yMDggLTI4OCAwDQp2IC0xOTIgLTI4OCAwDQp2IC0xNzYgLTMwNCAwDQp2IC0xOTIgLTMwNCAwDQp2IC0xOTIgLTI4OCAwDQp2IC0xNzYgLTI4OCAwDQp2IC0xNjAgLTMwNCAwDQp2IC0xNzYgLTMwNCAwDQp2IC0xNzYgLTI4OCAwDQp2IC0xNjAgLTI4OCAwDQp2IC0xNDQgLTMwNCAwDQp2IC0xNjAgLTMwNCAwDQp2IC0xNjAgLTI4OCAwDQp2IC0xNDQgLTI4OCAwDQp2IC0xMjggLTMwNCAwDQp2IC0xNDQgLTMwNCAwDQp2IC0xNDQgLTI4OCAwDQp2IC0xMjggLTI4OCAwDQp2IC0xMTIgLTMwNCAwDQp2IC0xMjggLTMwNCAwDQp2IC0xMjggLTI4OCAwDQp2IC0xMTIgLTI4OCAwDQp2IC05NiAtMzA0IDANCnYgLTExMiAtMzA0IDANCnYgLTExMiAtMjg4IDANCnYgLTk2IC0yODggMA0KdiAtODAgLTMwNCAwDQp2IC05NiAtMzA0IDANCnYgLTk2IC0yODggMA0KdiAtODAgLTI4OCAwDQp2IC02NCAtMzA0IDANCnYgLTgwIC0zMDQgMA0KdiAtODAgLTI4OCAwDQp2IC02NCAtMjg4IDANCnYgLTQ4IC0zMDQgMA0KdiAtNjQgLTMwNCAwDQp2IC02NCAtMjg4IDANCnYgLTQ4IC0yODggMA0KdiAtMzIgLTMwNCAwDQp2IC00OCAtMzA0IDANCnYgLTQ4IC0yODggMA0KdiAtMzIgLTI4OCAwDQp2IC0xNiAtMzA0IDANCnYgLTMyIC0zMDQgMA0KdiAtMzIgLTI4OCAwDQp2IC0xNiAtMjg4IDANCnYgMCAtMzA0IDANCnYgLTE2IC0zMDQgMA0KdiAtMTYgLTI4OCAwDQp2IDAgLTI4OCAwDQp2IC0xMTg0IC0zMjAgMA0KdiAtMTIwMCAtMzIwIDANCnYgLTEyMDAgLTMwNCAwDQp2IC0xMTg0IC0zMDQgMA0KdiAtMTE2OCAtMzIwIDANCnYgLTExODQgLTMyMCAwDQp2IC0xMTg0IC0zMDQgMA0KdiAtMTE2OCAtMzA0IDANCnYgLTExNTIgLTMyMCAwDQp2IC0xMTY4IC0zMjAgMA0KdiAtMTE2OCAtMzA0IDANCnYgLTExNTIgLTMwNCAwDQp2IC0xMTM2IC0zMjAgMA0KdiAtMTE1MiAtMzIwIDANCnYgLTExNTIgLTMwNCAwDQp2IC0xMTM2IC0zMDQgMA0KdiAtMTEyMCAtMzIwIDANCnYgLTExMzYgLTMyMCAwDQp2IC0xMTM2IC0zMDQgMA0KdiAtMTEyMCAtMzA0IDANCnYgLTExMDQgLTMyMCAwDQp2IC0xMTIwIC0zMjAgMA0KdiAtMTEyMCAtMzA0IDANCnYgLTExMDQgLTMwNCAwDQp2IC0xMDg4IC0zMjAgMA0KdiAtMTEwNCAtMzIwIDANCnYgLTExMDQgLTMwNCAwDQp2IC0xMDg4IC0zMDQgMA0KdiAtMTA3MiAtMzIwIDANCnYgLTEwODggLTMyMCAwDQp2IC0xMDg4IC0zMDQgMA0KdiAtMTA3MiAtMzA0IDANCnYgLTEwNTYgLTMyMCAwDQp2IC0xMDcyIC0zMjAgMA0KdiAtMTA3MiAtMzA0IDANCnYgLTEwNTYgLTMwNCAwDQp2IC0xMDQwIC0zMjAgMA0KdiAtMTA1NiAtMzIwIDANCnYgLTEwNTYgLTMwNCAwDQp2IC0xMDQwIC0zMDQgMA0KdiAtMTAyNCAtMzIwIDANCnYgLTEwNDAgLTMyMCAwDQp2IC0xMDQwIC0zMDQgMA0KdiAtMTAyNCAtMzA0IDANCnYgLTEwMDggLTMyMCAwDQp2IC0xMDI0IC0zMjAgMA0KdiAtMTAyNCAtMzA0IDANCnYgLTEwMDggLTMwNCAwDQp2IC05OTIgLTMyMCAwDQp2IC0xMDA4IC0zMjAgMA0KdiAtMTAwOCAtMzA0IDANCnYgLTk5MiAtMzA0IDANCnYgLTk3NiAtMzIwIDANCnYgLTk5MiAtMzIwIDANCnYgLTk5MiAtMzA0IDANCnYgLTk3NiAtMzA0IDANCnYgLTk2MCAtMzIwIDANCnYgLTk3NiAtMzIwIDANCnYgLTk3NiAtMzA0IDANCnYgLTk2MCAtMzA0IDANCnYgLTk0NCAtMzIwIDANCnYgLTk2MCAtMzIwIDANCnYgLTk2MCAtMzA0IDANCnYgLTk0NCAtMzA0IDANCnYgLTkyOCAtMzIwIDANCnYgLTk0NCAtMzIwIDANCnYgLTk0NCAtMzA0IDANCnYgLTkyOCAtMzA0IDANCnYgLTkxMiAtMzIwIDANCnYgLTkyOCAtMzIwIDANCnYgLTkyOCAtMzA0IDANCnYgLTkxMiAtMzA0IDANCnYgLTg5NiAtMzIwIDANCnYgLTkxMiAtMzIwIDANCnYgLTkxMiAtMzA0IDANCnYgLTg5NiAtMzA0IDANCnYgLTg4MCAtMzIwIDANCnYgLTg5NiAtMzIwIDANCnYgLTg5NiAtMzA0IDANCnYgLTg4MCAtMzA0IDANCnYgLTg2NCAtMzIwIDANCnYgLTg4MCAtMzIwIDANCnYgLTg4MCAtMzA0IDANCnYgLTg2NCAtMzA0IDANCnYgLTg0OCAtMzIwIDANCnYgLTg2NCAtMzIwIDANCnYgLTg2NCAtMzA0IDANCnYgLTg0OCAtMzA0IDANCnYgLTgzMiAtMzIwIDANCnYgLTg0OCAtMzIwIDANCnYgLTg0OCAtMzA0IDANCnYgLTgzMiAtMzA0IDANCnYgLTgxNiAtMzIwIDANCnYgLTgzMiAtMzIwIDANCnYgLTgzMiAtMzA0IDANCnYgLTgxNiAtMzA0IDANCnYgLTgwMCAtMzIwIDANCnYgLTgxNiAtMzIwIDANCnYgLTgxNiAtMzA0IDANCnYgLTgwMCAtMzA0IDANCnYgLTc4NCAtMzIwIDANCnYgLTgwMCAtMzIwIDANCnYgLTgwMCAtMzA0IDANCnYgLTc4NCAtMzA0IDANCnYgLTc2OCAtMzIwIDANCnYgLTc4NCAtMzIwIDANCnYgLTc4NCAtMzA0IDANCnYgLTc2OCAtMzA0IDANCnYgLTc1MiAtMzIwIDANCnYgLTc2OCAtMzIwIDANCnYgLTc2OCAtMzA0IDANCnYgLTc1MiAtMzA0IDANCnYgLTczNiAtMzIwIDANCnYgLTc1MiAtMzIwIDANCnYgLTc1MiAtMzA0IDANCnYgLTczNiAtMzA0IDANCnYgLTcyMCAtMzIwIDANCnYgLTczNiAtMzIwIDANCnYgLTczNiAtMzA0IDANCnYgLTcyMCAtMzA0IDANCnYgLTcwNCAtMzIwIDANCnYgLTcyMCAtMzIwIDANCnYgLTcyMCAtMzA0IDANCnYgLTcwNCAtMzA0IDANCnYgLTY4OCAtMzIwIDANCnYgLTcwNCAtMzIwIDANCnYgLTcwNCAtMzA0IDANCnYgLTY4OCAtMzA0IDANCnYgLTY3MiAtMzIwIDANCnYgLTY4OCAtMzIwIDANCnYgLTY4OCAtMzA0IDANCnYgLTY3MiAtMzA0IDANCnYgLTY1NiAtMzIwIDANCnYgLTY3MiAtMzIwIDANCnYgLTY3MiAtMzA0IDANCnYgLTY1NiAtMzA0IDANCnYgLTY0MCAtMzIwIDANCnYgLTY1NiAtMzIwIDANCnYgLTY1NiAtMzA0IDANCnYgLTY0MCAtMzA0IDANCnYgLTYyNCAtMzIwIDANCnYgLTY0MCAtMzIwIDANCnYgLTY0MCAtMzA0IDANCnYgLTYyNCAtMzA0IDANCnYgLTYwOCAtMzIwIDANCnYgLTYyNCAtMzIwIDANCnYgLTYyNCAtMzA0IDANCnYgLTYwOCAtMzA0IDANCnYgLTU5MiAtMzIwIDANCnYgLTYwOCAtMzIwIDANCnYgLTYwOCAtMzA0IDANCnYgLTU5MiAtMzA0IDANCnYgLTU3NiAtMzIwIDANCnYgLTU5MiAtMzIwIDANCnYgLTU5MiAtMzA0IDANCnYgLTU3NiAtMzA0IDANCnYgLTU2MCAtMzIwIDANCnYgLTU3NiAtMzIwIDANCnYgLTU3NiAtMzA0IDANCnYgLTU2MCAtMzA0IDANCnYgLTU0NCAtMzIwIDANCnYgLTU2MCAtMzIwIDANCnYgLTU2MCAtMzA0IDANCnYgLTU0NCAtMzA0IDANCnYgLTUyOCAtMzIwIDANCnYgLTU0NCAtMzIwIDANCnYgLTU0NCAtMzA0IDANCnYgLTUyOCAtMzA0IDANCnYgLTUxMiAtMzIwIDANCnYgLTUyOCAtMzIwIDANCnYgLTUyOCAtMzA0IDANCnYgLTUxMiAtMzA0IDANCnYgLTQ5NiAtMzIwIDANCnYgLTUxMiAtMzIwIDANCnYgLTUxMiAtMzA0IDANCnYgLTQ5NiAtMzA0IDANCnYgLTQ4MCAtMzIwIDANCnYgLTQ5NiAtMzIwIDANCnYgLTQ5NiAtMzA0IDANCnYgLTQ4MCAtMzA0IDANCnYgLTQ2NCAtMzIwIDANCnYgLTQ4MCAtMzIwIDANCnYgLTQ4MCAtMzA0IDANCnYgLTQ2NCAtMzA0IDANCnYgLTQ0OCAtMzIwIDANCnYgLTQ2NCAtMzIwIDANCnYgLTQ2NCAtMzA0IDANCnYgLTQ0OCAtMzA0IDANCnYgLTQzMiAtMzIwIDANCnYgLTQ0OCAtMzIwIDANCnYgLTQ0OCAtMzA0IDANCnYgLTQzMiAtMzA0IDANCnYgLTQxNiAtMzIwIDANCnYgLTQzMiAtMzIwIDANCnYgLTQzMiAtMzA0IDANCnYgLTQxNiAtMzA0IDANCnYgLTQwMCAtMzIwIDANCnYgLTQxNiAtMzIwIDANCnYgLTQxNiAtMzA0IDANCnYgLTQwMCAtMzA0IDANCnYgLTM4NCAtMzIwIDANCnYgLTQwMCAtMzIwIDANCnYgLTQwMCAtMzA0IDANCnYgLTM4NCAtMzA0IDANCnYgLTM2OCAtMzIwIDANCnYgLTM4NCAtMzIwIDANCnYgLTM4NCAtMzA0IDANCnYgLTM2OCAtMzA0IDANCnYgLTM1MiAtMzIwIDANCnYgLTM2OCAtMzIwIDANCnYgLTM2OCAtMzA0IDANCnYgLTM1MiAtMzA0IDANCnYgLTMzNiAtMzIwIDANCnYgLTM1MiAtMzIwIDANCnYgLTM1MiAtMzA0IDANCnYgLTMzNiAtMzA0IDANCnYgLTMyMCAtMzIwIDANCnYgLTMzNiAtMzIwIDANCnYgLTMzNiAtMzA0IDANCnYgLTMyMCAtMzA0IDANCnYgLTMwNCAtMzIwIDANCnYgLTMyMCAtMzIwIDANCnYgLTMyMCAtMzA0IDANCnYgLTMwNCAtMzA0IDANCnYgLTI4OCAtMzIwIDANCnYgLTMwNCAtMzIwIDANCnYgLTMwNCAtMzA0IDANCnYgLTI4OCAtMzA0IDANCnYgLTI3MiAtMzIwIDANCnYgLTI4OCAtMzIwIDANCnYgLTI4OCAtMzA0IDANCnYgLTI3MiAtMzA0IDANCnYgLTI1NiAtMzIwIDANCnYgLTI3MiAtMzIwIDANCnYgLTI3MiAtMzA0IDANCnYgLTI1NiAtMzA0IDANCnYgLTI0MCAtMzIwIDANCnYgLTI1NiAtMzIwIDANCnYgLTI1NiAtMzA0IDANCnYgLTI0MCAtMzA0IDANCnYgLTIyNCAtMzIwIDANCnYgLTI0MCAtMzIwIDANCnYgLTI0MCAtMzA0IDANCnYgLTIyNCAtMzA0IDANCnYgLTIwOCAtMzIwIDANCnYgLTIyNCAtMzIwIDANCnYgLTIyNCAtMzA0IDANCnYgLTIwOCAtMzA0IDANCnYgLTE5MiAtMzIwIDANCnYgLTIwOCAtMzIwIDANCnYgLTIwOCAtMzA0IDANCnYgLTE5MiAtMzA0IDANCnYgLTE3NiAtMzIwIDANCnYgLTE5MiAtMzIwIDANCnYgLTE5MiAtMzA0IDANCnYgLTE3NiAtMzA0IDANCnYgLTE2MCAtMzIwIDANCnYgLTE3NiAtMzIwIDANCnYgLTE3NiAtMzA0IDANCnYgLTE2MCAtMzA0IDANCnYgLTE0NCAtMzIwIDANCnYgLTE2MCAtMzIwIDANCnYgLTE2MCAtMzA0IDANCnYgLTE0NCAtMzA0IDANCnYgLTEyOCAtMzIwIDANCnYgLTE0NCAtMzIwIDANCnYgLTE0NCAtMzA0IDANCnYgLTEyOCAtMzA0IDANCnYgLTExMiAtMzIwIDANCnYgLTEyOCAtMzIwIDANCnYgLTEyOCAtMzA0IDANCnYgLTExMiAtMzA0IDANCnYgLTk2IC0zMjAgMA0KdiAtMTEyIC0zMjAgMA0KdiAtMTEyIC0zMDQgMA0KdiAtOTYgLTMwNCAwDQp2IC04MCAtMzIwIDANCnYgLTk2IC0zMjAgMA0KdiAtOTYgLTMwNCAwDQp2IC04MCAtMzA0IDANCnYgLTY0IC0zMjAgMA0KdiAtODAgLTMyMCAwDQp2IC04MCAtMzA0IDANCnYgLTY0IC0zMDQgMA0KdiAtNDggLTMyMCAwDQp2IC02NCAtMzIwIDANCnYgLTY0IC0zMDQgMA0KdiAtNDggLTMwNCAwDQp2IC0zMiAtMzIwIDANCnYgLTQ4IC0zMjAgMA0KdiAtNDggLTMwNCAwDQp2IC0zMiAtMzA0IDANCnYgLTE2IC0zMjAgMA0KdiAtMzIgLTMyMCAwDQp2IC0zMiAtMzA0IDANCnYgLTE2IC0zMDQgMA0KdiAwIC0zMjAgMA0KdiAtMTYgLTMyMCAwDQp2IC0xNiAtMzA0IDANCnYgMCAtMzA0IDANCnYgLTExODQgLTMzNiAwDQp2IC0xMjAwIC0zMzYgMA0KdiAtMTIwMCAtMzIwIDANCnYgLTExODQgLTMyMCAwDQp2IC0xMTY4IC0zMzYgMA0KdiAtMTE4NCAtMzM2IDANCnYgLTExODQgLTMyMCAwDQp2IC0xMTY4IC0zMjAgMA0KdiAtMTE1MiAtMzM2IDANCnYgLTExNjggLTMzNiAwDQp2IC0xMTY4IC0zMjAgMA0KdiAtMTE1MiAtMzIwIDANCnYgLTExMzYgLTMzNiAwDQp2IC0xMTUyIC0zMzYgMA0KdiAtMTE1MiAtMzIwIDANCnYgLTExMzYgLTMyMCAwDQp2IC0xMTIwIC0zMzYgMA0KdiAtMTEzNiAtMzM2IDANCnYgLTExMzYgLTMyMCAwDQp2IC0xMTIwIC0zMjAgMA0KdiAtMTEwNCAtMzM2IDANCnYgLTExMjAgLTMzNiAwDQp2IC0xMTIwIC0zMjAgMA0KdiAtMTEwNCAtMzIwIDANCnYgLTEwODggLTMzNiAwDQp2IC0xMTA0IC0zMzYgMA0KdiAtMTEwNCAtMzIwIDANCnYgLTEwODggLTMyMCAwDQp2IC0xMDcyIC0zMzYgMA0KdiAtMTA4OCAtMzM2IDANCnYgLTEwODggLTMyMCAwDQp2IC0xMDcyIC0zMjAgMA0KdiAtMTA1NiAtMzM2IDANCnYgLTEwNzIgLTMzNiAwDQp2IC0xMDcyIC0zMjAgMA0KdiAtMTA1NiAtMzIwIDANCnYgLTEwNDAgLTMzNiAwDQp2IC0xMDU2IC0zMzYgMA0KdiAtMTA1NiAtMzIwIDANCnYgLTEwNDAgLTMyMCAwDQp2IC0xMDI0IC0zMzYgMA0KdiAtMTA0MCAtMzM2IDANCnYgLTEwNDAgLTMyMCAwDQp2IC0xMDI0IC0zMjAgMA0KdiAtMTAwOCAtMzM2IDANCnYgLTEwMjQgLTMzNiAwDQp2IC0xMDI0IC0zMjAgMA0KdiAtMTAwOCAtMzIwIDANCnYgLTk5MiAtMzM2IDANCnYgLTEwMDggLTMzNiAwDQp2IC0xMDA4IC0zMjAgMA0KdiAtOTkyIC0zMjAgMA0KdiAtOTc2IC0zMzYgMA0KdiAtOTkyIC0zMzYgMA0KdiAtOTkyIC0zMjAgMA0KdiAtOTc2IC0zMjAgMA0KdiAtOTYwIC0zMzYgMA0KdiAtOTc2IC0zMzYgMA0KdiAtOTc2IC0zMjAgMA0KdiAtOTYwIC0zMjAgMA0KdiAtOTQ0IC0zMzYgMA0KdiAtOTYwIC0zMzYgMA0KdiAtOTYwIC0zMjAgMA0KdiAtOTQ0IC0zMjAgMA0KdiAtOTI4IC0zMzYgMA0KdiAtOTQ0IC0zMzYgMA0KdiAtOTQ0IC0zMjAgMA0KdiAtOTI4IC0zMjAgMA0KdiAtOTEyIC0zMzYgMA0KdiAtOTI4IC0zMzYgMA0KdiAtOTI4IC0zMjAgMA0KdiAtOTEyIC0zMjAgMA0KdiAtODk2IC0zMzYgMA0KdiAtOTEyIC0zMzYgMA0KdiAtOTEyIC0zMjAgMA0KdiAtODk2IC0zMjAgMA0KdiAtODgwIC0zMzYgMA0KdiAtODk2IC0zMzYgMA0KdiAtODk2IC0zMjAgMA0KdiAtODgwIC0zMjAgMA0KdiAtODY0IC0zMzYgMA0KdiAtODgwIC0zMzYgMA0KdiAtODgwIC0zMjAgMA0KdiAtODY0IC0zMjAgMA0KdiAtODQ4IC0zMzYgMA0KdiAtODY0IC0zMzYgMA0KdiAtODY0IC0zMjAgMA0KdiAtODQ4IC0zMjAgMA0KdiAtODMyIC0zMzYgMA0KdiAtODQ4IC0zMzYgMA0KdiAtODQ4IC0zMjAgMA0KdiAtODMyIC0zMjAgMA0KdiAtODE2IC0zMzYgMA0KdiAtODMyIC0zMzYgMA0KdiAtODMyIC0zMjAgMA0KdiAtODE2IC0zMjAgMA0KdiAtODAwIC0zMzYgMA0KdiAtODE2IC0zMzYgMA0KdiAtODE2IC0zMjAgMA0KdiAtODAwIC0zMjAgMA0KdiAtNzg0IC0zMzYgMA0KdiAtODAwIC0zMzYgMA0KdiAtODAwIC0zMjAgMA0KdiAtNzg0IC0zMjAgMA0KdiAtNzY4IC0zMzYgMA0KdiAtNzg0IC0zMzYgMA0KdiAtNzg0IC0zMjAgMA0KdiAtNzY4IC0zMjAgMA0KdiAtNzUyIC0zMzYgMA0KdiAtNzY4IC0zMzYgMA0KdiAtNzY4IC0zMjAgMA0KdiAtNzUyIC0zMjAgMA0KdiAtNzM2IC0zMzYgMA0KdiAtNzUyIC0zMzYgMA0KdiAtNzUyIC0zMjAgMA0KdiAtNzM2IC0zMjAgMA0KdiAtNzIwIC0zMzYgMA0KdiAtNzM2IC0zMzYgMA0KdiAtNzM2IC0zMjAgMA0KdiAtNzIwIC0zMjAgMA0KdiAtNzA0IC0zMzYgMA0KdiAtNzIwIC0zMzYgMA0KdiAtNzIwIC0zMjAgMA0KdiAtNzA0IC0zMjAgMA0KdiAtNjg4IC0zMzYgMA0KdiAtNzA0IC0zMzYgMA0KdiAtNzA0IC0zMjAgMA0KdiAtNjg4IC0zMjAgMA0KdiAtNjcyIC0zMzYgMA0KdiAtNjg4IC0zMzYgMA0KdiAtNjg4IC0zMjAgMA0KdiAtNjcyIC0zMjAgMA0KdiAtNjU2IC0zMzYgMA0KdiAtNjcyIC0zMzYgMA0KdiAtNjcyIC0zMjAgMA0KdiAtNjU2IC0zMjAgMA0KdiAtNjQwIC0zMzYgMA0KdiAtNjU2IC0zMzYgMA0KdiAtNjU2IC0zMjAgMA0KdiAtNjQwIC0zMjAgMA0KdiAtNjI0IC0zMzYgMA0KdiAtNjQwIC0zMzYgMA0KdiAtNjQwIC0zMjAgMA0KdiAtNjI0IC0zMjAgMA0KdiAtNjA4IC0zMzYgMA0KdiAtNjI0IC0zMzYgMA0KdiAtNjI0IC0zMjAgMA0KdiAtNjA4IC0zMjAgMA0KdiAtNTkyIC0zMzYgMA0KdiAtNjA4IC0zMzYgMA0KdiAtNjA4IC0zMjAgMA0KdiAtNTkyIC0zMjAgMA0KdiAtNTc2IC0zMzYgMA0KdiAtNTkyIC0zMzYgMA0KdiAtNTkyIC0zMjAgMA0KdiAtNTc2IC0zMjAgMA0KdiAtNTYwIC0zMzYgMA0KdiAtNTc2IC0zMzYgMA0KdiAtNTc2IC0zMjAgMA0KdiAtNTYwIC0zMjAgMA0KdiAtNTQ0IC0zMzYgMA0KdiAtNTYwIC0zMzYgMA0KdiAtNTYwIC0zMjAgMA0KdiAtNTQ0IC0zMjAgMA0KdiAtNTI4IC0zMzYgMA0KdiAtNTQ0IC0zMzYgMA0KdiAtNTQ0IC0zMjAgMA0KdiAtNTI4IC0zMjAgMA0KdiAtNTEyIC0zMzYgMA0KdiAtNTI4IC0zMzYgMA0KdiAtNTI4IC0zMjAgMA0KdiAtNTEyIC0zMjAgMA0KdiAtNDk2IC0zMzYgMA0KdiAtNTEyIC0zMzYgMA0KdiAtNTEyIC0zMjAgMA0KdiAtNDk2IC0zMjAgMA0KdiAtNDgwIC0zMzYgMA0KdiAtNDk2IC0zMzYgMA0KdiAtNDk2IC0zMjAgMA0KdiAtNDgwIC0zMjAgMA0KdiAtNDY0IC0zMzYgMA0KdiAtNDgwIC0zMzYgMA0KdiAtNDgwIC0zMjAgMA0KdiAtNDY0IC0zMjAgMA0KdiAtNDQ4IC0zMzYgMA0KdiAtNDY0IC0zMzYgMA0KdiAtNDY0IC0zMjAgMA0KdiAtNDQ4IC0zMjAgMA0KdiAtNDMyIC0zMzYgMA0KdiAtNDQ4IC0zMzYgMA0KdiAtNDQ4IC0zMjAgMA0KdiAtNDMyIC0zMjAgMA0KdiAtNDE2IC0zMzYgMA0KdiAtNDMyIC0zMzYgMA0KdiAtNDMyIC0zMjAgMA0KdiAtNDE2IC0zMjAgMA0KdiAtNDAwIC0zMzYgMA0KdiAtNDE2IC0zMzYgMA0KdiAtNDE2IC0zMjAgMA0KdiAtNDAwIC0zMjAgMA0KdiAtMzg0IC0zMzYgMA0KdiAtNDAwIC0zMzYgMA0KdiAtNDAwIC0zMjAgMA0KdiAtMzg0IC0zMjAgMA0KdiAtMzY4IC0zMzYgMA0KdiAtMzg0IC0zMzYgMA0KdiAtMzg0IC0zMjAgMA0KdiAtMzY4IC0zMjAgMA0KdiAtMzUyIC0zMzYgMA0KdiAtMzY4IC0zMzYgMA0KdiAtMzY4IC0zMjAgMA0KdiAtMzUyIC0zMjAgMA0KdiAtMzM2IC0zMzYgMA0KdiAtMzUyIC0zMzYgMA0KdiAtMzUyIC0zMjAgMA0KdiAtMzM2IC0zMjAgMA0KdiAtMzIwIC0zMzYgMA0KdiAtMzM2IC0zMzYgMA0KdiAtMzM2IC0zMjAgMA0KdiAtMzIwIC0zMjAgMA0KdiAtMzA0IC0zMzYgMA0KdiAtMzIwIC0zMzYgMA0KdiAtMzIwIC0zMjAgMA0KdiAtMzA0IC0zMjAgMA0KdiAtMjg4IC0zMzYgMA0KdiAtMzA0IC0zMzYgMA0KdiAtMzA0IC0zMjAgMA0KdiAtMjg4IC0zMjAgMA0KdiAtMjcyIC0zMzYgMA0KdiAtMjg4IC0zMzYgMA0KdiAtMjg4IC0zMjAgMA0KdiAtMjcyIC0zMjAgMA0KdiAtMjU2IC0zMzYgMA0KdiAtMjcyIC0zMzYgMA0KdiAtMjcyIC0zMjAgMA0KdiAtMjU2IC0zMjAgMA0KdiAtMjQwIC0zMzYgMA0KdiAtMjU2IC0zMzYgMA0KdiAtMjU2IC0zMjAgMA0KdiAtMjQwIC0zMjAgMA0KdiAtMjI0IC0zMzYgMA0KdiAtMjQwIC0zMzYgMA0KdiAtMjQwIC0zMjAgMA0KdiAtMjI0IC0zMjAgMA0KdiAtMjA4IC0zMzYgMA0KdiAtMjI0IC0zMzYgMA0KdiAtMjI0IC0zMjAgMA0KdiAtMjA4IC0zMjAgMA0KdiAtMTkyIC0zMzYgMA0KdiAtMjA4IC0zMzYgMA0KdiAtMjA4IC0zMjAgMA0KdiAtMTkyIC0zMjAgMA0KdiAtMTc2IC0zMzYgMA0KdiAtMTkyIC0zMzYgMA0KdiAtMTkyIC0zMjAgMA0KdiAtMTc2IC0zMjAgMA0KdiAtMTYwIC0zMzYgMA0KdiAtMTc2IC0zMzYgMA0KdiAtMTc2IC0zMjAgMA0KdiAtMTYwIC0zMjAgMA0KdiAtMTQ0IC0zMzYgMA0KdiAtMTYwIC0zMzYgMA0KdiAtMTYwIC0zMjAgMA0KdiAtMTQ0IC0zMjAgMA0KdiAtMTI4IC0zMzYgMA0KdiAtMTQ0IC0zMzYgMA0KdiAtMTQ0IC0zMjAgMA0KdiAtMTI4IC0zMjAgMA0KdiAtMTEyIC0zMzYgMA0KdiAtMTI4IC0zMzYgMA0KdiAtMTI4IC0zMjAgMA0KdiAtMTEyIC0zMjAgMA0KdiAtOTYgLTMzNiAwDQp2IC0xMTIgLTMzNiAwDQp2IC0xMTIgLTMyMCAwDQp2IC05NiAtMzIwIDANCnYgLTgwIC0zMzYgMA0KdiAtOTYgLTMzNiAwDQp2IC05NiAtMzIwIDANCnYgLTgwIC0zMjAgMA0KdiAtNjQgLTMzNiAwDQp2IC04MCAtMzM2IDANCnYgLTgwIC0zMjAgMA0KdiAtNjQgLTMyMCAwDQp2IC00OCAtMzM2IDANCnYgLTY0IC0zMzYgMA0KdiAtNjQgLTMyMCAwDQp2IC00OCAtMzIwIDANCnYgLTMyIC0zMzYgMA0KdiAtNDggLTMzNiAwDQp2IC00OCAtMzIwIDANCnYgLTMyIC0zMjAgMA0KdiAtMTYgLTMzNiAwDQp2IC0zMiAtMzM2IDANCnYgLTMyIC0zMjAgMA0KdiAtMTYgLTMyMCAwDQp2IDAgLTMzNiAwDQp2IC0xNiAtMzM2IDANCnYgLTE2IC0zMjAgMA0KdiAwIC0zMjAgMA0KdiAtMTE4NCAtMzUyIDANCnYgLTEyMDAgLTM1MiAwDQp2IC0xMjAwIC0zMzYgMA0KdiAtMTE4NCAtMzM2IDANCnYgLTExNjggLTM1MiAwDQp2IC0xMTg0IC0zNTIgMA0KdiAtMTE4NCAtMzM2IDANCnYgLTExNjggLTMzNiAwDQp2IC0xMTUyIC0zNTIgMA0KdiAtMTE2OCAtMzUyIDANCnYgLTExNjggLTMzNiAwDQp2IC0xMTUyIC0zMzYgMA0KdiAtMTEzNiAtMzUyIDANCnYgLTExNTIgLTM1MiAwDQp2IC0xMTUyIC0zMzYgMA0KdiAtMTEzNiAtMzM2IDANCnYgLTExMjAgLTM1MiAwDQp2IC0xMTM2IC0zNTIgMA0KdiAtMTEzNiAtMzM2IDANCnYgLTExMjAgLTMzNiAwDQp2IC0xMTA0IC0zNTIgMA0KdiAtMTEyMCAtMzUyIDANCnYgLTExMjAgLTMzNiAwDQp2IC0xMTA0IC0zMzYgMA0KdiAtMTA4OCAtMzUyIDANCnYgLTExMDQgLTM1MiAwDQp2IC0xMTA0IC0zMzYgMA0KdiAtMTA4OCAtMzM2IDANCnYgLTEwNzIgLTM1MiAwDQp2IC0xMDg4IC0zNTIgMA0KdiAtMTA4OCAtMzM2IDANCnYgLTEwNzIgLTMzNiAwDQp2IC0xMDU2IC0zNTIgMA0KdiAtMTA3MiAtMzUyIDANCnYgLTEwNzIgLTMzNiAwDQp2IC0xMDU2IC0zMzYgMA0KdiAtMTA0MCAtMzUyIDANCnYgLTEwNTYgLTM1MiAwDQp2IC0xMDU2IC0zMzYgMA0KdiAtMTA0MCAtMzM2IDANCnYgLTEwMjQgLTM1MiAwDQp2IC0xMDQwIC0zNTIgMA0KdiAtMTA0MCAtMzM2IDANCnYgLTEwMjQgLTMzNiAwDQp2IC0xMDA4IC0zNTIgMA0KdiAtMTAyNCAtMzUyIDANCnYgLTEwMjQgLTMzNiAwDQp2IC0xMDA4IC0zMzYgMA0KdiAtOTkyIC0zNTIgMA0KdiAtMTAwOCAtMzUyIDANCnYgLTEwMDggLTMzNiAwDQp2IC05OTIgLTMzNiAwDQp2IC05NzYgLTM1MiAwDQp2IC05OTIgLTM1MiAwDQp2IC05OTIgLTMzNiAwDQp2IC05NzYgLTMzNiAwDQp2IC05NjAgLTM1MiAwDQp2IC05NzYgLTM1MiAwDQp2IC05NzYgLTMzNiAwDQp2IC05NjAgLTMzNiAwDQp2IC05NDQgLTM1MiAwDQp2IC05NjAgLTM1MiAwDQp2IC05NjAgLTMzNiAwDQp2IC05NDQgLTMzNiAwDQp2IC05MjggLTM1MiAwDQp2IC05NDQgLTM1MiAwDQp2IC05NDQgLTMzNiAwDQp2IC05MjggLTMzNiAwDQp2IC05MTIgLTM1MiAwDQp2IC05MjggLTM1MiAwDQp2IC05MjggLTMzNiAwDQp2IC05MTIgLTMzNiAwDQp2IC04OTYgLTM1MiAwDQp2IC05MTIgLTM1MiAwDQp2IC05MTIgLTMzNiAwDQp2IC04OTYgLTMzNiAwDQp2IC04ODAgLTM1MiAwDQp2IC04OTYgLTM1MiAwDQp2IC04OTYgLTMzNiAwDQp2IC04ODAgLTMzNiAwDQp2IC04NjQgLTM1MiAwDQp2IC04ODAgLTM1MiAwDQp2IC04ODAgLTMzNiAwDQp2IC04NjQgLTMzNiAwDQp2IC04NDggLTM1MiAwDQp2IC04NjQgLTM1MiAwDQp2IC04NjQgLTMzNiAwDQp2IC04NDggLTMzNiAwDQp2IC04MzIgLTM1MiAwDQp2IC04NDggLTM1MiAwDQp2IC04NDggLTMzNiAwDQp2IC04MzIgLTMzNiAwDQp2IC04MTYgLTM1MiAwDQp2IC04MzIgLTM1MiAwDQp2IC04MzIgLTMzNiAwDQp2IC04MTYgLTMzNiAwDQp2IC04MDAgLTM1MiAwDQp2IC04MTYgLTM1MiAwDQp2IC04MTYgLTMzNiAwDQp2IC04MDAgLTMzNiAwDQp2IC03ODQgLTM1MiAwDQp2IC04MDAgLTM1MiAwDQp2IC04MDAgLTMzNiAwDQp2IC03ODQgLTMzNiAwDQp2IC03NjggLTM1MiAwDQp2IC03ODQgLTM1MiAwDQp2IC03ODQgLTMzNiAwDQp2IC03NjggLTMzNiAwDQp2IC03NTIgLTM1MiAwDQp2IC03NjggLTM1MiAwDQp2IC03NjggLTMzNiAwDQp2IC03NTIgLTMzNiAwDQp2IC03MzYgLTM1MiAwDQp2IC03NTIgLTM1MiAwDQp2IC03NTIgLTMzNiAwDQp2IC03MzYgLTMzNiAwDQp2IC03MjAgLTM1MiAwDQp2IC03MzYgLTM1MiAwDQp2IC03MzYgLTMzNiAwDQp2IC03MjAgLTMzNiAwDQp2IC03MDQgLTM1MiAwDQp2IC03MjAgLTM1MiAwDQp2IC03MjAgLTMzNiAwDQp2IC03MDQgLTMzNiAwDQp2IC02ODggLTM1MiAwDQp2IC03MDQgLTM1MiAwDQp2IC03MDQgLTMzNiAwDQp2IC02ODggLTMzNiAwDQp2IC02NzIgLTM1MiAwDQp2IC02ODggLTM1MiAwDQp2IC02ODggLTMzNiAwDQp2IC02NzIgLTMzNiAwDQp2IC02NTYgLTM1MiAwDQp2IC02NzIgLTM1MiAwDQp2IC02NzIgLTMzNiAwDQp2IC02NTYgLTMzNiAwDQp2IC02NDAgLTM1MiAwDQp2IC02NTYgLTM1MiAwDQp2IC02NTYgLTMzNiAwDQp2IC02NDAgLTMzNiAwDQp2IC02MjQgLTM1MiAwDQp2IC02NDAgLTM1MiAwDQp2IC02NDAgLTMzNiAwDQp2IC02MjQgLTMzNiAwDQp2IC02MDggLTM1MiAwDQp2IC02MjQgLTM1MiAwDQp2IC02MjQgLTMzNiAwDQp2IC02MDggLTMzNiAwDQp2IC01OTIgLTM1MiAwDQp2IC02MDggLTM1MiAwDQp2IC02MDggLTMzNiAwDQp2IC01OTIgLTMzNiAwDQp2IC01NzYgLTM1MiAwDQp2IC01OTIgLTM1MiAwDQp2IC01OTIgLTMzNiAwDQp2IC01NzYgLTMzNiAwDQp2IC01NjAgLTM1MiAwDQp2IC01NzYgLTM1MiAwDQp2IC01NzYgLTMzNiAwDQp2IC01NjAgLTMzNiAwDQp2IC01NDQgLTM1MiAwDQp2IC01NjAgLTM1MiAwDQp2IC01NjAgLTMzNiAwDQp2IC01NDQgLTMzNiAwDQp2IC01MjggLTM1MiAwDQp2IC01NDQgLTM1MiAwDQp2IC01NDQgLTMzNiAwDQp2IC01MjggLTMzNiAwDQp2IC01MTIgLTM1MiAwDQp2IC01MjggLTM1MiAwDQp2IC01MjggLTMzNiAwDQp2IC01MTIgLTMzNiAwDQp2IC00OTYgLTM1MiAwDQp2IC01MTIgLTM1MiAwDQp2IC01MTIgLTMzNiAwDQp2IC00OTYgLTMzNiAwDQp2IC00ODAgLTM1MiAwDQp2IC00OTYgLTM1MiAwDQp2IC00OTYgLTMzNiAwDQp2IC00ODAgLTMzNiAwDQp2IC00NjQgLTM1MiAwDQp2IC00ODAgLTM1MiAwDQp2IC00ODAgLTMzNiAwDQp2IC00NjQgLTMzNiAwDQp2IC00NDggLTM1MiAwDQp2IC00NjQgLTM1MiAwDQp2IC00NjQgLTMzNiAwDQp2IC00NDggLTMzNiAwDQp2IC00MzIgLTM1MiAwDQp2IC00NDggLTM1MiAwDQp2IC00NDggLTMzNiAwDQp2IC00MzIgLTMzNiAwDQp2IC00MTYgLTM1MiAwDQp2IC00MzIgLTM1MiAwDQp2IC00MzIgLTMzNiAwDQp2IC00MTYgLTMzNiAwDQp2IC00MDAgLTM1MiAwDQp2IC00MTYgLTM1MiAwDQp2IC00MTYgLTMzNiAwDQp2IC00MDAgLTMzNiAwDQp2IC0zODQgLTM1MiAwDQp2IC00MDAgLTM1MiAwDQp2IC00MDAgLTMzNiAwDQp2IC0zODQgLTMzNiAwDQp2IC0zNjggLTM1MiAwDQp2IC0zODQgLTM1MiAwDQp2IC0zODQgLTMzNiAwDQp2IC0zNjggLTMzNiAwDQp2IC0zNTIgLTM1MiAwDQp2IC0zNjggLTM1MiAwDQp2IC0zNjggLTMzNiAwDQp2IC0zNTIgLTMzNiAwDQp2IC0zMzYgLTM1MiAwDQp2IC0zNTIgLTM1MiAwDQp2IC0zNTIgLTMzNiAwDQp2IC0zMzYgLTMzNiAwDQp2IC0zMjAgLTM1MiAwDQp2IC0zMzYgLTM1MiAwDQp2IC0zMzYgLTMzNiAwDQp2IC0zMjAgLTMzNiAwDQp2IC0zMDQgLTM1MiAwDQp2IC0zMjAgLTM1MiAwDQp2IC0zMjAgLTMzNiAwDQp2IC0zMDQgLTMzNiAwDQp2IC0yODggLTM1MiAwDQp2IC0zMDQgLTM1MiAwDQp2IC0zMDQgLTMzNiAwDQp2IC0yODggLTMzNiAwDQp2IC0yNzIgLTM1MiAwDQp2IC0yODggLTM1MiAwDQp2IC0yODggLTMzNiAwDQp2IC0yNzIgLTMzNiAwDQp2IC0yNTYgLTM1MiAwDQp2IC0yNzIgLTM1MiAwDQp2IC0yNzIgLTMzNiAwDQp2IC0yNTYgLTMzNiAwDQp2IC0yNDAgLTM1MiAwDQp2IC0yNTYgLTM1MiAwDQp2IC0yNTYgLTMzNiAwDQp2IC0yNDAgLTMzNiAwDQp2IC0yMjQgLTM1MiAwDQp2IC0yNDAgLTM1MiAwDQp2IC0yNDAgLTMzNiAwDQp2IC0yMjQgLTMzNiAwDQp2IC0yMDggLTM1MiAwDQp2IC0yMjQgLTM1MiAwDQp2IC0yMjQgLTMzNiAwDQp2IC0yMDggLTMzNiAwDQp2IC0xOTIgLTM1MiAwDQp2IC0yMDggLTM1MiAwDQp2IC0yMDggLTMzNiAwDQp2IC0xOTIgLTMzNiAwDQp2IC0xNzYgLTM1MiAwDQp2IC0xOTIgLTM1MiAwDQp2IC0xOTIgLTMzNiAwDQp2IC0xNzYgLTMzNiAwDQp2IC0xNjAgLTM1MiAwDQp2IC0xNzYgLTM1MiAwDQp2IC0xNzYgLTMzNiAwDQp2IC0xNjAgLTMzNiAwDQp2IC0xNDQgLTM1MiAwDQp2IC0xNjAgLTM1MiAwDQp2IC0xNjAgLTMzNiAwDQp2IC0xNDQgLTMzNiAwDQp2IC0xMjggLTM1MiAwDQp2IC0xNDQgLTM1MiAwDQp2IC0xNDQgLTMzNiAwDQp2IC0xMjggLTMzNiAwDQp2IC0xMTIgLTM1MiAwDQp2IC0xMjggLTM1MiAwDQp2IC0xMjggLTMzNiAwDQp2IC0xMTIgLTMzNiAwDQp2IC05NiAtMzUyIDANCnYgLTExMiAtMzUyIDANCnYgLTExMiAtMzM2IDANCnYgLTk2IC0zMzYgMA0KdiAtODAgLTM1MiAwDQp2IC05NiAtMzUyIDANCnYgLTk2IC0zMzYgMA0KdiAtODAgLTMzNiAwDQp2IC02NCAtMzUyIDANCnYgLTgwIC0zNTIgMA0KdiAtODAgLTMzNiAwDQp2IC02NCAtMzM2IDANCnYgLTQ4IC0zNTIgMA0KdiAtNjQgLTM1MiAwDQp2IC02NCAtMzM2IDANCnYgLTQ4IC0zMzYgMA0KdiAtMzIgLTM1MiAwDQp2IC00OCAtMzUyIDANCnYgLTQ4IC0zMzYgMA0KdiAtMzIgLTMzNiAwDQp2IC0xNiAtMzUyIDANCnYgLTMyIC0zNTIgMA0KdiAtMzIgLTMzNiAwDQp2IC0xNiAtMzM2IDANCnYgMCAtMzUyIDANCnYgLTE2IC0zNTIgMA0KdiAtMTYgLTMzNiAwDQp2IDAgLTMzNiAwDQp2IC0xMTg0IC0zNjggMA0KdiAtMTIwMCAtMzY4IDANCnYgLTEyMDAgLTM1MiAwDQp2IC0xMTg0IC0zNTIgMA0KdiAtMTE2OCAtMzY4IDANCnYgLTExODQgLTM2OCAwDQp2IC0xMTg0IC0zNTIgMA0KdiAtMTE2OCAtMzUyIDANCnYgLTExNTIgLTM2OCAwDQp2IC0xMTY4IC0zNjggMA0KdiAtMTE2OCAtMzUyIDANCnYgLTExNTIgLTM1MiAwDQp2IC0xMTM2IC0zNjggMA0KdiAtMTE1MiAtMzY4IDANCnYgLTExNTIgLTM1MiAwDQp2IC0xMTM2IC0zNTIgMA0KdiAtMTEyMCAtMzY4IDANCnYgLTExMzYgLTM2OCAwDQp2IC0xMTM2IC0zNTIgMA0KdiAtMTEyMCAtMzUyIDANCnYgLTExMDQgLTM2OCAwDQp2IC0xMTIwIC0zNjggMA0KdiAtMTEyMCAtMzUyIDANCnYgLTExMDQgLTM1MiAwDQp2IC0xMDg4IC0zNjggMA0KdiAtMTEwNCAtMzY4IDANCnYgLTExMDQgLTM1MiAwDQp2IC0xMDg4IC0zNTIgMA0KdiAtMTA3MiAtMzY4IDANCnYgLTEwODggLTM2OCAwDQp2IC0xMDg4IC0zNTIgMA0KdiAtMTA3MiAtMzUyIDANCnYgLTEwNTYgLTM2OCAwDQp2IC0xMDcyIC0zNjggMA0KdiAtMTA3MiAtMzUyIDANCnYgLTEwNTYgLTM1MiAwDQp2IC0xMDQwIC0zNjggMA0KdiAtMTA1NiAtMzY4IDANCnYgLTEwNTYgLTM1MiAwDQp2IC0xMDQwIC0zNTIgMA0KdiAtMTAyNCAtMzY4IDANCnYgLTEwNDAgLTM2OCAwDQp2IC0xMDQwIC0zNTIgMA0KdiAtMTAyNCAtMzUyIDANCnYgLTEwMDggLTM2OCAwDQp2IC0xMDI0IC0zNjggMA0KdiAtMTAyNCAtMzUyIDANCnYgLTEwMDggLTM1MiAwDQp2IC05OTIgLTM2OCAwDQp2IC0xMDA4IC0zNjggMA0KdiAtMTAwOCAtMzUyIDANCnYgLTk5MiAtMzUyIDANCnYgLTk3NiAtMzY4IDANCnYgLTk5MiAtMzY4IDANCnYgLTk5MiAtMzUyIDANCnYgLTk3NiAtMzUyIDANCnYgLTk2MCAtMzY4IDANCnYgLTk3NiAtMzY4IDANCnYgLTk3NiAtMzUyIDANCnYgLTk2MCAtMzUyIDANCnYgLTk0NCAtMzY4IDANCnYgLTk2MCAtMzY4IDANCnYgLTk2MCAtMzUyIDANCnYgLTk0NCAtMzUyIDANCnYgLTkyOCAtMzY4IDANCnYgLTk0NCAtMzY4IDANCnYgLTk0NCAtMzUyIDANCnYgLTkyOCAtMzUyIDANCnYgLTkxMiAtMzY4IDANCnYgLTkyOCAtMzY4IDANCnYgLTkyOCAtMzUyIDANCnYgLTkxMiAtMzUyIDANCnYgLTg5NiAtMzY4IDANCnYgLTkxMiAtMzY4IDANCnYgLTkxMiAtMzUyIDANCnYgLTg5NiAtMzUyIDANCnYgLTg4MCAtMzY4IDANCnYgLTg5NiAtMzY4IDANCnYgLTg5NiAtMzUyIDANCnYgLTg4MCAtMzUyIDANCnYgLTg2NCAtMzY4IDANCnYgLTg4MCAtMzY4IDANCnYgLTg4MCAtMzUyIDANCnYgLTg2NCAtMzUyIDANCnYgLTg0OCAtMzY4IDANCnYgLTg2NCAtMzY4IDANCnYgLTg2NCAtMzUyIDANCnYgLTg0OCAtMzUyIDANCnYgLTgzMiAtMzY4IDANCnYgLTg0OCAtMzY4IDANCnYgLTg0OCAtMzUyIDANCnYgLTgzMiAtMzUyIDANCnYgLTgxNiAtMzY4IDANCnYgLTgzMiAtMzY4IDANCnYgLTgzMiAtMzUyIDANCnYgLTgxNiAtMzUyIDANCnYgLTgwMCAtMzY4IDANCnYgLTgxNiAtMzY4IDANCnYgLTgxNiAtMzUyIDANCnYgLTgwMCAtMzUyIDANCnYgLTc4NCAtMzY4IDANCnYgLTgwMCAtMzY4IDANCnYgLTgwMCAtMzUyIDANCnYgLTc4NCAtMzUyIDANCnYgLTc2OCAtMzY4IDANCnYgLTc4NCAtMzY4IDANCnYgLTc4NCAtMzUyIDANCnYgLTc2OCAtMzUyIDANCnYgLTc1MiAtMzY4IDANCnYgLTc2OCAtMzY4IDANCnYgLTc2OCAtMzUyIDANCnYgLTc1MiAtMzUyIDANCnYgLTczNiAtMzY4IDANCnYgLTc1MiAtMzY4IDANCnYgLTc1MiAtMzUyIDANCnYgLTczNiAtMzUyIDANCnYgLTcyMCAtMzY4IDANCnYgLTczNiAtMzY4IDANCnYgLTczNiAtMzUyIDANCnYgLTcyMCAtMzUyIDANCnYgLTcwNCAtMzY4IDANCnYgLTcyMCAtMzY4IDANCnYgLTcyMCAtMzUyIDANCnYgLTcwNCAtMzUyIDANCnYgLTY4OCAtMzY4IDANCnYgLTcwNCAtMzY4IDANCnYgLTcwNCAtMzUyIDANCnYgLTY4OCAtMzUyIDANCnYgLTY3MiAtMzY4IDANCnYgLTY4OCAtMzY4IDANCnYgLTY4OCAtMzUyIDANCnYgLTY3MiAtMzUyIDANCnYgLTY1NiAtMzY4IDANCnYgLTY3MiAtMzY4IDANCnYgLTY3MiAtMzUyIDANCnYgLTY1NiAtMzUyIDANCnYgLTY0MCAtMzY4IDANCnYgLTY1NiAtMzY4IDANCnYgLTY1NiAtMzUyIDANCnYgLTY0MCAtMzUyIDANCnYgLTYyNCAtMzY4IDANCnYgLTY0MCAtMzY4IDANCnYgLTY0MCAtMzUyIDANCnYgLTYyNCAtMzUyIDANCnYgLTYwOCAtMzY4IDANCnYgLTYyNCAtMzY4IDANCnYgLTYyNCAtMzUyIDANCnYgLTYwOCAtMzUyIDANCnYgLTU5MiAtMzY4IDANCnYgLTYwOCAtMzY4IDANCnYgLTYwOCAtMzUyIDANCnYgLTU5MiAtMzUyIDANCnYgLTU3NiAtMzY4IDANCnYgLTU5MiAtMzY4IDANCnYgLTU5MiAtMzUyIDANCnYgLTU3NiAtMzUyIDANCnYgLTU2MCAtMzY4IDANCnYgLTU3NiAtMzY4IDANCnYgLTU3NiAtMzUyIDANCnYgLTU2MCAtMzUyIDANCnYgLTU0NCAtMzY4IDANCnYgLTU2MCAtMzY4IDANCnYgLTU2MCAtMzUyIDANCnYgLTU0NCAtMzUyIDANCnYgLTUyOCAtMzY4IDANCnYgLTU0NCAtMzY4IDANCnYgLTU0NCAtMzUyIDANCnYgLTUyOCAtMzUyIDANCnYgLTUxMiAtMzY4IDANCnYgLTUyOCAtMzY4IDANCnYgLTUyOCAtMzUyIDANCnYgLTUxMiAtMzUyIDANCnYgLTQ5NiAtMzY4IDANCnYgLTUxMiAtMzY4IDANCnYgLTUxMiAtMzUyIDANCnYgLTQ5NiAtMzUyIDANCnYgLTQ4MCAtMzY4IDANCnYgLTQ5NiAtMzY4IDANCnYgLTQ5NiAtMzUyIDANCnYgLTQ4MCAtMzUyIDANCnYgLTQ2NCAtMzY4IDANCnYgLTQ4MCAtMzY4IDANCnYgLTQ4MCAtMzUyIDANCnYgLTQ2NCAtMzUyIDANCnYgLTQ0OCAtMzY4IDANCnYgLTQ2NCAtMzY4IDANCnYgLTQ2NCAtMzUyIDANCnYgLTQ0OCAtMzUyIDANCnYgLTQzMiAtMzY4IDANCnYgLTQ0OCAtMzY4IDANCnYgLTQ0OCAtMzUyIDANCnYgLTQzMiAtMzUyIDANCnYgLTQxNiAtMzY4IDANCnYgLTQzMiAtMzY4IDANCnYgLTQzMiAtMzUyIDANCnYgLTQxNiAtMzUyIDANCnYgLTQwMCAtMzY4IDANCnYgLTQxNiAtMzY4IDANCnYgLTQxNiAtMzUyIDANCnYgLTQwMCAtMzUyIDANCnYgLTM4NCAtMzY4IDANCnYgLTQwMCAtMzY4IDANCnYgLTQwMCAtMzUyIDANCnYgLTM4NCAtMzUyIDANCnYgLTM2OCAtMzY4IDANCnYgLTM4NCAtMzY4IDANCnYgLTM4NCAtMzUyIDANCnYgLTM2OCAtMzUyIDANCnYgLTM1MiAtMzY4IDANCnYgLTM2OCAtMzY4IDANCnYgLTM2OCAtMzUyIDANCnYgLTM1MiAtMzUyIDANCnYgLTMzNiAtMzY4IDANCnYgLTM1MiAtMzY4IDANCnYgLTM1MiAtMzUyIDANCnYgLTMzNiAtMzUyIDANCnYgLTMyMCAtMzY4IDANCnYgLTMzNiAtMzY4IDANCnYgLTMzNiAtMzUyIDANCnYgLTMyMCAtMzUyIDANCnYgLTMwNCAtMzY4IDANCnYgLTMyMCAtMzY4IDANCnYgLTMyMCAtMzUyIDANCnYgLTMwNCAtMzUyIDANCnYgLTI4OCAtMzY4IDANCnYgLTMwNCAtMzY4IDANCnYgLTMwNCAtMzUyIDANCnYgLTI4OCAtMzUyIDANCnYgLTI3MiAtMzY4IDANCnYgLTI4OCAtMzY4IDANCnYgLTI4OCAtMzUyIDANCnYgLTI3MiAtMzUyIDANCnYgLTI1NiAtMzY4IDANCnYgLTI3MiAtMzY4IDANCnYgLTI3MiAtMzUyIDANCnYgLTI1NiAtMzUyIDANCnYgLTI0MCAtMzY4IDANCnYgLTI1NiAtMzY4IDANCnYgLTI1NiAtMzUyIDANCnYgLTI0MCAtMzUyIDANCnYgLTIyNCAtMzY4IDANCnYgLTI0MCAtMzY4IDANCnYgLTI0MCAtMzUyIDANCnYgLTIyNCAtMzUyIDANCnYgLTIwOCAtMzY4IDANCnYgLTIyNCAtMzY4IDANCnYgLTIyNCAtMzUyIDANCnYgLTIwOCAtMzUyIDANCnYgLTE5MiAtMzY4IDANCnYgLTIwOCAtMzY4IDANCnYgLTIwOCAtMzUyIDANCnYgLTE5MiAtMzUyIDANCnYgLTE3NiAtMzY4IDANCnYgLTE5MiAtMzY4IDANCnYgLTE5MiAtMzUyIDANCnYgLTE3NiAtMzUyIDANCnYgLTE2MCAtMzY4IDANCnYgLTE3NiAtMzY4IDANCnYgLTE3NiAtMzUyIDANCnYgLTE2MCAtMzUyIDANCnYgLTE0NCAtMzY4IDANCnYgLTE2MCAtMzY4IDANCnYgLTE2MCAtMzUyIDANCnYgLTE0NCAtMzUyIDANCnYgLTEyOCAtMzY4IDANCnYgLTE0NCAtMzY4IDANCnYgLTE0NCAtMzUyIDANCnYgLTEyOCAtMzUyIDANCnYgLTExMiAtMzY4IDANCnYgLTEyOCAtMzY4IDANCnYgLTEyOCAtMzUyIDANCnYgLTExMiAtMzUyIDANCnYgLTk2IC0zNjggMA0KdiAtMTEyIC0zNjggMA0KdiAtMTEyIC0zNTIgMA0KdiAtOTYgLTM1MiAwDQp2IC04MCAtMzY4IDANCnYgLTk2IC0zNjggMA0KdiAtOTYgLTM1MiAwDQp2IC04MCAtMzUyIDANCnYgLTY0IC0zNjggMA0KdiAtODAgLTM2OCAwDQp2IC04MCAtMzUyIDANCnYgLTY0IC0zNTIgMA0KdiAtNDggLTM2OCAwDQp2IC02NCAtMzY4IDANCnYgLTY0IC0zNTIgMA0KdiAtNDggLTM1MiAwDQp2IC0zMiAtMzY4IDANCnYgLTQ4IC0zNjggMA0KdiAtNDggLTM1MiAwDQp2IC0zMiAtMzUyIDANCnYgLTE2IC0zNjggMA0KdiAtMzIgLTM2OCAwDQp2IC0zMiAtMzUyIDANCnYgLTE2IC0zNTIgMA0KdiAwIC0zNjggMA0KdiAtMTYgLTM2OCAwDQp2IC0xNiAtMzUyIDANCnYgMCAtMzUyIDANCnYgLTExODQgLTM4NCAwDQp2IC0xMjAwIC0zODQgMA0KdiAtMTIwMCAtMzY4IDANCnYgLTExODQgLTM2OCAwDQp2IC0xMTY4IC0zODQgMA0KdiAtMTE4NCAtMzg0IDANCnYgLTExODQgLTM2OCAwDQp2IC0xMTY4IC0zNjggMA0KdiAtMTE1MiAtMzg0IDANCnYgLTExNjggLTM4NCAwDQp2IC0xMTY4IC0zNjggMA0KdiAtMTE1MiAtMzY4IDANCnYgLTExMzYgLTM4NCAwDQp2IC0xMTUyIC0zODQgMA0KdiAtMTE1MiAtMzY4IDANCnYgLTExMzYgLTM2OCAwDQp2IC0xMTIwIC0zODQgMA0KdiAtMTEzNiAtMzg0IDANCnYgLTExMzYgLTM2OCAwDQp2IC0xMTIwIC0zNjggMA0KdiAtMTEwNCAtMzg0IDANCnYgLTExMjAgLTM4NCAwDQp2IC0xMTIwIC0zNjggMA0KdiAtMTEwNCAtMzY4IDANCnYgLTEwODggLTM4NCAwDQp2IC0xMTA0IC0zODQgMA0KdiAtMTEwNCAtMzY4IDANCnYgLTEwODggLTM2OCAwDQp2IC0xMDcyIC0zODQgMA0KdiAtMTA4OCAtMzg0IDANCnYgLTEwODggLTM2OCAwDQp2IC0xMDcyIC0zNjggMA0KdiAtMTA1NiAtMzg0IDANCnYgLTEwNzIgLTM4NCAwDQp2IC0xMDcyIC0zNjggMA0KdiAtMTA1NiAtMzY4IDANCnYgLTEwNDAgLTM4NCAwDQp2IC0xMDU2IC0zODQgMA0KdiAtMTA1NiAtMzY4IDANCnYgLTEwNDAgLTM2OCAwDQp2IC0xMDI0IC0zODQgMA0KdiAtMTA0MCAtMzg0IDANCnYgLTEwNDAgLTM2OCAwDQp2IC0xMDI0IC0zNjggMA0KdiAtMTAwOCAtMzg0IDANCnYgLTEwMjQgLTM4NCAwDQp2IC0xMDI0IC0zNjggMA0KdiAtMTAwOCAtMzY4IDANCnYgLTk5MiAtMzg0IDANCnYgLTEwMDggLTM4NCAwDQp2IC0xMDA4IC0zNjggMA0KdiAtOTkyIC0zNjggMA0KdiAtOTc2IC0zODQgMA0KdiAtOTkyIC0zODQgMA0KdiAtOTkyIC0zNjggMA0KdiAtOTc2IC0zNjggMA0KdiAtOTYwIC0zODQgMA0KdiAtOTc2IC0zODQgMA0KdiAtOTc2IC0zNjggMA0KdiAtOTYwIC0zNjggMA0KdiAtOTQ0IC0zODQgMA0KdiAtOTYwIC0zODQgMA0KdiAtOTYwIC0zNjggMA0KdiAtOTQ0IC0zNjggMA0KdiAtOTI4IC0zODQgMA0KdiAtOTQ0IC0zODQgMA0KdiAtOTQ0IC0zNjggMA0KdiAtOTI4IC0zNjggMA0KdiAtOTEyIC0zODQgMA0KdiAtOTI4IC0zODQgMA0KdiAtOTI4IC0zNjggMA0KdiAtOTEyIC0zNjggMA0KdiAtODk2IC0zODQgMA0KdiAtOTEyIC0zODQgMA0KdiAtOTEyIC0zNjggMA0KdiAtODk2IC0zNjggMA0KdiAtODgwIC0zODQgMA0KdiAtODk2IC0zODQgMA0KdiAtODk2IC0zNjggMA0KdiAtODgwIC0zNjggMA0KdiAtODY0IC0zODQgMA0KdiAtODgwIC0zODQgMA0KdiAtODgwIC0zNjggMA0KdiAtODY0IC0zNjggMA0KdiAtODQ4IC0zODQgMA0KdiAtODY0IC0zODQgMA0KdiAtODY0IC0zNjggMA0KdiAtODQ4IC0zNjggMA0KdiAtODMyIC0zODQgMA0KdiAtODQ4IC0zODQgMA0KdiAtODQ4IC0zNjggMA0KdiAtODMyIC0zNjggMA0KdiAtODE2IC0zODQgMA0KdiAtODMyIC0zODQgMA0KdiAtODMyIC0zNjggMA0KdiAtODE2IC0zNjggMA0KdiAtODAwIC0zODQgMA0KdiAtODE2IC0zODQgMA0KdiAtODE2IC0zNjggMA0KdiAtODAwIC0zNjggMA0KdiAtNzg0IC0zODQgMA0KdiAtODAwIC0zODQgMA0KdiAtODAwIC0zNjggMA0KdiAtNzg0IC0zNjggMA0KdiAtNzY4IC0zODQgMA0KdiAtNzg0IC0zODQgMA0KdiAtNzg0IC0zNjggMA0KdiAtNzY4IC0zNjggMA0KdiAtNzUyIC0zODQgMA0KdiAtNzY4IC0zODQgMA0KdiAtNzY4IC0zNjggMA0KdiAtNzUyIC0zNjggMA0KdiAtNzM2IC0zODQgMA0KdiAtNzUyIC0zODQgMA0KdiAtNzUyIC0zNjggMA0KdiAtNzM2IC0zNjggMA0KdiAtNzIwIC0zODQgMA0KdiAtNzM2IC0zODQgMA0KdiAtNzM2IC0zNjggMA0KdiAtNzIwIC0zNjggMA0KdiAtNzA0IC0zODQgMA0KdiAtNzIwIC0zODQgMA0KdiAtNzIwIC0zNjggMA0KdiAtNzA0IC0zNjggMA0KdiAtNjg4IC0zODQgMA0KdiAtNzA0IC0zODQgMA0KdiAtNzA0IC0zNjggMA0KdiAtNjg4IC0zNjggMA0KdiAtNjcyIC0zODQgMA0KdiAtNjg4IC0zODQgMA0KdiAtNjg4IC0zNjggMA0KdiAtNjcyIC0zNjggMA0KdiAtNjU2IC0zODQgMA0KdiAtNjcyIC0zODQgMA0KdiAtNjcyIC0zNjggMA0KdiAtNjU2IC0zNjggMA0KdiAtNjQwIC0zODQgMA0KdiAtNjU2IC0zODQgMA0KdiAtNjU2IC0zNjggMA0KdiAtNjQwIC0zNjggMA0KdiAtNjI0IC0zODQgMA0KdiAtNjQwIC0zODQgMA0KdiAtNjQwIC0zNjggMA0KdiAtNjI0IC0zNjggMA0KdiAtNjA4IC0zODQgMA0KdiAtNjI0IC0zODQgMA0KdiAtNjI0IC0zNjggMA0KdiAtNjA4IC0zNjggMA0KdiAtNTkyIC0zODQgMA0KdiAtNjA4IC0zODQgMA0KdiAtNjA4IC0zNjggMA0KdiAtNTkyIC0zNjggMA0KdiAtNTc2IC0zODQgMA0KdiAtNTkyIC0zODQgMA0KdiAtNTkyIC0zNjggMA0KdiAtNTc2IC0zNjggMA0KdiAtNTYwIC0zODQgMA0KdiAtNTc2IC0zODQgMA0KdiAtNTc2IC0zNjggMA0KdiAtNTYwIC0zNjggMA0KdiAtNTQ0IC0zODQgMA0KdiAtNTYwIC0zODQgMA0KdiAtNTYwIC0zNjggMA0KdiAtNTQ0IC0zNjggMA0KdiAtNTI4IC0zODQgMA0KdiAtNTQ0IC0zODQgMA0KdiAtNTQ0IC0zNjggMA0KdiAtNTI4IC0zNjggMA0KdiAtNTEyIC0zODQgMA0KdiAtNTI4IC0zODQgMA0KdiAtNTI4IC0zNjggMA0KdiAtNTEyIC0zNjggMA0KdiAtNDk2IC0zODQgMA0KdiAtNTEyIC0zODQgMA0KdiAtNTEyIC0zNjggMA0KdiAtNDk2IC0zNjggMA0KdiAtNDgwIC0zODQgMA0KdiAtNDk2IC0zODQgMA0KdiAtNDk2IC0zNjggMA0KdiAtNDgwIC0zNjggMA0KdiAtNDY0IC0zODQgMA0KdiAtNDgwIC0zODQgMA0KdiAtNDgwIC0zNjggMA0KdiAtNDY0IC0zNjggMA0KdiAtNDQ4IC0zODQgMA0KdiAtNDY0IC0zODQgMA0KdiAtNDY0IC0zNjggMA0KdiAtNDQ4IC0zNjggMA0KdiAtNDMyIC0zODQgMA0KdiAtNDQ4IC0zODQgMA0KdiAtNDQ4IC0zNjggMA0KdiAtNDMyIC0zNjggMA0KdiAtNDE2IC0zODQgMA0KdiAtNDMyIC0zODQgMA0KdiAtNDMyIC0zNjggMA0KdiAtNDE2IC0zNjggMA0KdiAtNDAwIC0zODQgMA0KdiAtNDE2IC0zODQgMA0KdiAtNDE2IC0zNjggMA0KdiAtNDAwIC0zNjggMA0KdiAtMzg0IC0zODQgMA0KdiAtNDAwIC0zODQgMA0KdiAtNDAwIC0zNjggMA0KdiAtMzg0IC0zNjggMA0KdiAtMzY4IC0zODQgMA0KdiAtMzg0IC0zODQgMA0KdiAtMzg0IC0zNjggMA0KdiAtMzY4IC0zNjggMA0KdiAtMzUyIC0zODQgMA0KdiAtMzY4IC0zODQgMA0KdiAtMzY4IC0zNjggMA0KdiAtMzUyIC0zNjggMA0KdiAtMzM2IC0zODQgMA0KdiAtMzUyIC0zODQgMA0KdiAtMzUyIC0zNjggMA0KdiAtMzM2IC0zNjggMA0KdiAtMzIwIC0zODQgMA0KdiAtMzM2IC0zODQgMA0KdiAtMzM2IC0zNjggMA0KdiAtMzIwIC0zNjggMA0KdiAtMzA0IC0zODQgMA0KdiAtMzIwIC0zODQgMA0KdiAtMzIwIC0zNjggMA0KdiAtMzA0IC0zNjggMA0KdiAtMjg4IC0zODQgMA0KdiAtMzA0IC0zODQgMA0KdiAtMzA0IC0zNjggMA0KdiAtMjg4IC0zNjggMA0KdiAtMjcyIC0zODQgMA0KdiAtMjg4IC0zODQgMA0KdiAtMjg4IC0zNjggMA0KdiAtMjcyIC0zNjggMA0KdiAtMjU2IC0zODQgMA0KdiAtMjcyIC0zODQgMA0KdiAtMjcyIC0zNjggMA0KdiAtMjU2IC0zNjggMA0KdiAtMjQwIC0zODQgMA0KdiAtMjU2IC0zODQgMA0KdiAtMjU2IC0zNjggMA0KdiAtMjQwIC0zNjggMA0KdiAtMjI0IC0zODQgMA0KdiAtMjQwIC0zODQgMA0KdiAtMjQwIC0zNjggMA0KdiAtMjI0IC0zNjggMA0KdiAtMjA4IC0zODQgMA0KdiAtMjI0IC0zODQgMA0KdiAtMjI0IC0zNjggMA0KdiAtMjA4IC0zNjggMA0KdiAtMTkyIC0zODQgMA0KdiAtMjA4IC0zODQgMA0KdiAtMjA4IC0zNjggMA0KdiAtMTkyIC0zNjggMA0KdiAtMTc2IC0zODQgMA0KdiAtMTkyIC0zODQgMA0KdiAtMTkyIC0zNjggMA0KdiAtMTc2IC0zNjggMA0KdiAtMTYwIC0zODQgMA0KdiAtMTc2IC0zODQgMA0KdiAtMTc2IC0zNjggMA0KdiAtMTYwIC0zNjggMA0KdiAtMTQ0IC0zODQgMA0KdiAtMTYwIC0zODQgMA0KdiAtMTYwIC0zNjggMA0KdiAtMTQ0IC0zNjggMA0KdiAtMTI4IC0zODQgMA0KdiAtMTQ0IC0zODQgMA0KdiAtMTQ0IC0zNjggMA0KdiAtMTI4IC0zNjggMA0KdiAtMTEyIC0zODQgMA0KdiAtMTI4IC0zODQgMA0KdiAtMTI4IC0zNjggMA0KdiAtMTEyIC0zNjggMA0KdiAtOTYgLTM4NCAwDQp2IC0xMTIgLTM4NCAwDQp2IC0xMTIgLTM2OCAwDQp2IC05NiAtMzY4IDANCnYgLTgwIC0zODQgMA0KdiAtOTYgLTM4NCAwDQp2IC05NiAtMzY4IDANCnYgLTgwIC0zNjggMA0KdiAtNjQgLTM4NCAwDQp2IC04MCAtMzg0IDANCnYgLTgwIC0zNjggMA0KdiAtNjQgLTM2OCAwDQp2IC00OCAtMzg0IDANCnYgLTY0IC0zODQgMA0KdiAtNjQgLTM2OCAwDQp2IC00OCAtMzY4IDANCnYgLTMyIC0zODQgMA0KdiAtNDggLTM4NCAwDQp2IC00OCAtMzY4IDANCnYgLTMyIC0zNjggMA0KdiAtMTYgLTM4NCAwDQp2IC0zMiAtMzg0IDANCnYgLTMyIC0zNjggMA0KdiAtMTYgLTM2OCAwDQp2IDAgLTM4NCAwDQp2IC0xNiAtMzg0IDANCnYgLTE2IC0zNjggMA0KdiAwIC0zNjggMA0KdiAtMTE4NCAtNDAwIDANCnYgLTEyMDAgLTQwMCAwDQp2IC0xMjAwIC0zODQgMA0KdiAtMTE4NCAtMzg0IDANCnYgLTExNjggLTQwMCAwDQp2IC0xMTg0IC00MDAgMA0KdiAtMTE4NCAtMzg0IDANCnYgLTExNjggLTM4NCAwDQp2IC0xMTUyIC00MDAgMA0KdiAtMTE2OCAtNDAwIDANCnYgLTExNjggLTM4NCAwDQp2IC0xMTUyIC0zODQgMA0KdiAtMTEzNiAtNDAwIDANCnYgLTExNTIgLTQwMCAwDQp2IC0xMTUyIC0zODQgMA0KdiAtMTEzNiAtMzg0IDANCnYgLTExMjAgLTQwMCAwDQp2IC0xMTM2IC00MDAgMA0KdiAtMTEzNiAtMzg0IDANCnYgLTExMjAgLTM4NCAwDQp2IC0xMTA0IC00MDAgMA0KdiAtMTEyMCAtNDAwIDANCnYgLTExMjAgLTM4NCAwDQp2IC0xMTA0IC0zODQgMA0KdiAtMTA4OCAtNDAwIDANCnYgLTExMDQgLTQwMCAwDQp2IC0xMTA0IC0zODQgMA0KdiAtMTA4OCAtMzg0IDANCnYgLTEwNzIgLTQwMCAwDQp2IC0xMDg4IC00MDAgMA0KdiAtMTA4OCAtMzg0IDANCnYgLTEwNzIgLTM4NCAwDQp2IC0xMDU2IC00MDAgMA0KdiAtMTA3MiAtNDAwIDANCnYgLTEwNzIgLTM4NCAwDQp2IC0xMDU2IC0zODQgMA0KdiAtMTA0MCAtNDAwIDANCnYgLTEwNTYgLTQwMCAwDQp2IC0xMDU2IC0zODQgMA0KdiAtMTA0MCAtMzg0IDANCnYgLTEwMjQgLTQwMCAwDQp2IC0xMDQwIC00MDAgMA0KdiAtMTA0MCAtMzg0IDANCnYgLTEwMjQgLTM4NCAwDQp2IC0xMDA4IC00MDAgMA0KdiAtMTAyNCAtNDAwIDANCnYgLTEwMjQgLTM4NCAwDQp2IC0xMDA4IC0zODQgMA0KdiAtOTkyIC00MDAgMA0KdiAtMTAwOCAtNDAwIDANCnYgLTEwMDggLTM4NCAwDQp2IC05OTIgLTM4NCAwDQp2IC05NzYgLTQwMCAwDQp2IC05OTIgLTQwMCAwDQp2IC05OTIgLTM4NCAwDQp2IC05NzYgLTM4NCAwDQp2IC05NjAgLTQwMCAwDQp2IC05NzYgLTQwMCAwDQp2IC05NzYgLTM4NCAwDQp2IC05NjAgLTM4NCAwDQp2IC05NDQgLTQwMCAwDQp2IC05NjAgLTQwMCAwDQp2IC05NjAgLTM4NCAwDQp2IC05NDQgLTM4NCAwDQp2IC05MjggLTQwMCAwDQp2IC05NDQgLTQwMCAwDQp2IC05NDQgLTM4NCAwDQp2IC05MjggLTM4NCAwDQp2IC05MTIgLTQwMCAwDQp2IC05MjggLTQwMCAwDQp2IC05MjggLTM4NCAwDQp2IC05MTIgLTM4NCAwDQp2IC04OTYgLTQwMCAwDQp2IC05MTIgLTQwMCAwDQp2IC05MTIgLTM4NCAwDQp2IC04OTYgLTM4NCAwDQp2IC04ODAgLTQwMCAwDQp2IC04OTYgLTQwMCAwDQp2IC04OTYgLTM4NCAwDQp2IC04ODAgLTM4NCAwDQp2IC04NjQgLTQwMCAwDQp2IC04ODAgLTQwMCAwDQp2IC04ODAgLTM4NCAwDQp2IC04NjQgLTM4NCAwDQp2IC04NDggLTQwMCAwDQp2IC04NjQgLTQwMCAwDQp2IC04NjQgLTM4NCAwDQp2IC04NDggLTM4NCAwDQp2IC04MzIgLTQwMCAwDQp2IC04NDggLTQwMCAwDQp2IC04NDggLTM4NCAwDQp2IC04MzIgLTM4NCAwDQp2IC04MTYgLTQwMCAwDQp2IC04MzIgLTQwMCAwDQp2IC04MzIgLTM4NCAwDQp2IC04MTYgLTM4NCAwDQp2IC04MDAgLTQwMCAwDQp2IC04MTYgLTQwMCAwDQp2IC04MTYgLTM4NCAwDQp2IC04MDAgLTM4NCAwDQp2IC03ODQgLTQwMCAwDQp2IC04MDAgLTQwMCAwDQp2IC04MDAgLTM4NCAwDQp2IC03ODQgLTM4NCAwDQp2IC03NjggLTQwMCAwDQp2IC03ODQgLTQwMCAwDQp2IC03ODQgLTM4NCAwDQp2IC03NjggLTM4NCAwDQp2IC03NTIgLTQwMCAwDQp2IC03NjggLTQwMCAwDQp2IC03NjggLTM4NCAwDQp2IC03NTIgLTM4NCAwDQp2IC03MzYgLTQwMCAwDQp2IC03NTIgLTQwMCAwDQp2IC03NTIgLTM4NCAwDQp2IC03MzYgLTM4NCAwDQp2IC03MjAgLTQwMCAwDQp2IC03MzYgLTQwMCAwDQp2IC03MzYgLTM4NCAwDQp2IC03MjAgLTM4NCAwDQp2IC03MDQgLTQwMCAwDQp2IC03MjAgLTQwMCAwDQp2IC03MjAgLTM4NCAwDQp2IC03MDQgLTM4NCAwDQp2IC02ODggLTQwMCAwDQp2IC03MDQgLTQwMCAwDQp2IC03MDQgLTM4NCAwDQp2IC02ODggLTM4NCAwDQp2IC02NzIgLTQwMCAwDQp2IC02ODggLTQwMCAwDQp2IC02ODggLTM4NCAwDQp2IC02NzIgLTM4NCAwDQp2IC02NTYgLTQwMCAwDQp2IC02NzIgLTQwMCAwDQp2IC02NzIgLTM4NCAwDQp2IC02NTYgLTM4NCAwDQp2IC02NDAgLTQwMCAwDQp2IC02NTYgLTQwMCAwDQp2IC02NTYgLTM4NCAwDQp2IC02NDAgLTM4NCAwDQp2IC02MjQgLTQwMCAwDQp2IC02NDAgLTQwMCAwDQp2IC02NDAgLTM4NCAwDQp2IC02MjQgLTM4NCAwDQp2IC02MDggLTQwMCAwDQp2IC02MjQgLTQwMCAwDQp2IC02MjQgLTM4NCAwDQp2IC02MDggLTM4NCAwDQp2IC01OTIgLTQwMCAwDQp2IC02MDggLTQwMCAwDQp2IC02MDggLTM4NCAwDQp2IC01OTIgLTM4NCAwDQp2IC01NzYgLTQwMCAwDQp2IC01OTIgLTQwMCAwDQp2IC01OTIgLTM4NCAwDQp2IC01NzYgLTM4NCAwDQp2IC01NjAgLTQwMCAwDQp2IC01NzYgLTQwMCAwDQp2IC01NzYgLTM4NCAwDQp2IC01NjAgLTM4NCAwDQp2IC01NDQgLTQwMCAwDQp2IC01NjAgLTQwMCAwDQp2IC01NjAgLTM4NCAwDQp2IC01NDQgLTM4NCAwDQp2IC01MjggLTQwMCAwDQp2IC01NDQgLTQwMCAwDQp2IC01NDQgLTM4NCAwDQp2IC01MjggLTM4NCAwDQp2IC01MTIgLTQwMCAwDQp2IC01MjggLTQwMCAwDQp2IC01MjggLTM4NCAwDQp2IC01MTIgLTM4NCAwDQp2IC00OTYgLTQwMCAwDQp2IC01MTIgLTQwMCAwDQp2IC01MTIgLTM4NCAwDQp2IC00OTYgLTM4NCAwDQp2IC00ODAgLTQwMCAwDQp2IC00OTYgLTQwMCAwDQp2IC00OTYgLTM4NCAwDQp2IC00ODAgLTM4NCAwDQp2IC00NjQgLTQwMCAwDQp2IC00ODAgLTQwMCAwDQp2IC00ODAgLTM4NCAwDQp2IC00NjQgLTM4NCAwDQp2IC00NDggLTQwMCAwDQp2IC00NjQgLTQwMCAwDQp2IC00NjQgLTM4NCAwDQp2IC00NDggLTM4NCAwDQp2IC00MzIgLTQwMCAwDQp2IC00NDggLTQwMCAwDQp2IC00NDggLTM4NCAwDQp2IC00MzIgLTM4NCAwDQp2IC00MTYgLTQwMCAwDQp2IC00MzIgLTQwMCAwDQp2IC00MzIgLTM4NCAwDQp2IC00MTYgLTM4NCAwDQp2IC00MDAgLTQwMCAwDQp2IC00MTYgLTQwMCAwDQp2IC00MTYgLTM4NCAwDQp2IC00MDAgLTM4NCAwDQp2IC0zODQgLTQwMCAwDQp2IC00MDAgLTQwMCAwDQp2IC00MDAgLTM4NCAwDQp2IC0zODQgLTM4NCAwDQp2IC0zNjggLTQwMCAwDQp2IC0zODQgLTQwMCAwDQp2IC0zODQgLTM4NCAwDQp2IC0zNjggLTM4NCAwDQp2IC0zNTIgLTQwMCAwDQp2IC0zNjggLTQwMCAwDQp2IC0zNjggLTM4NCAwDQp2IC0zNTIgLTM4NCAwDQp2IC0zMzYgLTQwMCAwDQp2IC0zNTIgLTQwMCAwDQp2IC0zNTIgLTM4NCAwDQp2IC0zMzYgLTM4NCAwDQp2IC0zMjAgLTQwMCAwDQp2IC0zMzYgLTQwMCAwDQp2IC0zMzYgLTM4NCAwDQp2IC0zMjAgLTM4NCAwDQp2IC0zMDQgLTQwMCAwDQp2IC0zMjAgLTQwMCAwDQp2IC0zMjAgLTM4NCAwDQp2IC0zMDQgLTM4NCAwDQp2IC0yODggLTQwMCAwDQp2IC0zMDQgLTQwMCAwDQp2IC0zMDQgLTM4NCAwDQp2IC0yODggLTM4NCAwDQp2IC0yNzIgLTQwMCAwDQp2IC0yODggLTQwMCAwDQp2IC0yODggLTM4NCAwDQp2IC0yNzIgLTM4NCAwDQp2IC0yNTYgLTQwMCAwDQp2IC0yNzIgLTQwMCAwDQp2IC0yNzIgLTM4NCAwDQp2IC0yNTYgLTM4NCAwDQp2IC0yNDAgLTQwMCAwDQp2IC0yNTYgLTQwMCAwDQp2IC0yNTYgLTM4NCAwDQp2IC0yNDAgLTM4NCAwDQp2IC0yMjQgLTQwMCAwDQp2IC0yNDAgLTQwMCAwDQp2IC0yNDAgLTM4NCAwDQp2IC0yMjQgLTM4NCAwDQp2IC0yMDggLTQwMCAwDQp2IC0yMjQgLTQwMCAwDQp2IC0yMjQgLTM4NCAwDQp2IC0yMDggLTM4NCAwDQp2IC0xOTIgLTQwMCAwDQp2IC0yMDggLTQwMCAwDQp2IC0yMDggLTM4NCAwDQp2IC0xOTIgLTM4NCAwDQp2IC0xNzYgLTQwMCAwDQp2IC0xOTIgLTQwMCAwDQp2IC0xOTIgLTM4NCAwDQp2IC0xNzYgLTM4NCAwDQp2IC0xNjAgLTQwMCAwDQp2IC0xNzYgLTQwMCAwDQp2IC0xNzYgLTM4NCAwDQp2IC0xNjAgLTM4NCAwDQp2IC0xNDQgLTQwMCAwDQp2IC0xNjAgLTQwMCAwDQp2IC0xNjAgLTM4NCAwDQp2IC0xNDQgLTM4NCAwDQp2IC0xMjggLTQwMCAwDQp2IC0xNDQgLTQwMCAwDQp2IC0xNDQgLTM4NCAwDQp2IC0xMjggLTM4NCAwDQp2IC0xMTIgLTQwMCAwDQp2IC0xMjggLTQwMCAwDQp2IC0xMjggLTM4NCAwDQp2IC0xMTIgLTM4NCAwDQp2IC05NiAtNDAwIDANCnYgLTExMiAtNDAwIDANCnYgLTExMiAtMzg0IDANCnYgLTk2IC0zODQgMA0KdiAtODAgLTQwMCAwDQp2IC05NiAtNDAwIDANCnYgLTk2IC0zODQgMA0KdiAtODAgLTM4NCAwDQp2IC02NCAtNDAwIDANCnYgLTgwIC00MDAgMA0KdiAtODAgLTM4NCAwDQp2IC02NCAtMzg0IDANCnYgLTQ4IC00MDAgMA0KdiAtNjQgLTQwMCAwDQp2IC02NCAtMzg0IDANCnYgLTQ4IC0zODQgMA0KdiAtMzIgLTQwMCAwDQp2IC00OCAtNDAwIDANCnYgLTQ4IC0zODQgMA0KdiAtMzIgLTM4NCAwDQp2IC0xNiAtNDAwIDANCnYgLTMyIC00MDAgMA0KdiAtMzIgLTM4NCAwDQp2IC0xNiAtMzg0IDANCnYgMCAtNDAwIDANCnYgLTE2IC00MDAgMA0KdiAtMTYgLTM4NCAwDQp2IDAgLTM4NCAwDQp2IC0xMTg0IC00MTYgMA0KdiAtMTIwMCAtNDE2IDANCnYgLTEyMDAgLTQwMCAwDQp2IC0xMTg0IC00MDAgMA0KdiAtMTE2OCAtNDE2IDANCnYgLTExODQgLTQxNiAwDQp2IC0xMTg0IC00MDAgMA0KdiAtMTE2OCAtNDAwIDANCnYgLTExNTIgLTQxNiAwDQp2IC0xMTY4IC00MTYgMA0KdiAtMTE2OCAtNDAwIDANCnYgLTExNTIgLTQwMCAwDQp2IC0xMTM2IC00MTYgMA0KdiAtMTE1MiAtNDE2IDANCnYgLTExNTIgLTQwMCAwDQp2IC0xMTM2IC00MDAgMA0KdiAtMTEyMCAtNDE2IDANCnYgLTExMzYgLTQxNiAwDQp2IC0xMTM2IC00MDAgMA0KdiAtMTEyMCAtNDAwIDANCnYgLTExMDQgLTQxNiAwDQp2IC0xMTIwIC00MTYgMA0KdiAtMTEyMCAtNDAwIDANCnYgLTExMDQgLTQwMCAwDQp2IC0xMDg4IC00MTYgMA0KdiAtMTEwNCAtNDE2IDANCnYgLTExMDQgLTQwMCAwDQp2IC0xMDg4IC00MDAgMA0KdiAtMTA3MiAtNDE2IDANCnYgLTEwODggLTQxNiAwDQp2IC0xMDg4IC00MDAgMA0KdiAtMTA3MiAtNDAwIDANCnYgLTEwNTYgLTQxNiAwDQp2IC0xMDcyIC00MTYgMA0KdiAtMTA3MiAtNDAwIDANCnYgLTEwNTYgLTQwMCAwDQp2IC0xMDQwIC00MTYgMA0KdiAtMTA1NiAtNDE2IDANCnYgLTEwNTYgLTQwMCAwDQp2IC0xMDQwIC00MDAgMA0KdiAtMTAyNCAtNDE2IDANCnYgLTEwNDAgLTQxNiAwDQp2IC0xMDQwIC00MDAgMA0KdiAtMTAyNCAtNDAwIDANCnYgLTEwMDggLTQxNiAwDQp2IC0xMDI0IC00MTYgMA0KdiAtMTAyNCAtNDAwIDANCnYgLTEwMDggLTQwMCAwDQp2IC05OTIgLTQxNiAwDQp2IC0xMDA4IC00MTYgMA0KdiAtMTAwOCAtNDAwIDANCnYgLTk5MiAtNDAwIDANCnYgLTk3NiAtNDE2IDANCnYgLTk5MiAtNDE2IDANCnYgLTk5MiAtNDAwIDANCnYgLTk3NiAtNDAwIDANCnYgLTk2MCAtNDE2IDANCnYgLTk3NiAtNDE2IDANCnYgLTk3NiAtNDAwIDANCnYgLTk2MCAtNDAwIDANCnYgLTk0NCAtNDE2IDANCnYgLTk2MCAtNDE2IDANCnYgLTk2MCAtNDAwIDANCnYgLTk0NCAtNDAwIDANCnYgLTkyOCAtNDE2IDANCnYgLTk0NCAtNDE2IDANCnYgLTk0NCAtNDAwIDANCnYgLTkyOCAtNDAwIDANCnYgLTkxMiAtNDE2IDANCnYgLTkyOCAtNDE2IDANCnYgLTkyOCAtNDAwIDANCnYgLTkxMiAtNDAwIDANCnYgLTg5NiAtNDE2IDANCnYgLTkxMiAtNDE2IDANCnYgLTkxMiAtNDAwIDANCnYgLTg5NiAtNDAwIDANCnYgLTg4MCAtNDE2IDANCnYgLTg5NiAtNDE2IDANCnYgLTg5NiAtNDAwIDANCnYgLTg4MCAtNDAwIDANCnYgLTg2NCAtNDE2IDANCnYgLTg4MCAtNDE2IDANCnYgLTg4MCAtNDAwIDANCnYgLTg2NCAtNDAwIDANCnYgLTg0OCAtNDE2IDANCnYgLTg2NCAtNDE2IDANCnYgLTg2NCAtNDAwIDANCnYgLTg0OCAtNDAwIDANCnYgLTgzMiAtNDE2IDANCnYgLTg0OCAtNDE2IDANCnYgLTg0OCAtNDAwIDANCnYgLTgzMiAtNDAwIDANCnYgLTgxNiAtNDE2IDANCnYgLTgzMiAtNDE2IDANCnYgLTgzMiAtNDAwIDANCnYgLTgxNiAtNDAwIDANCnYgLTgwMCAtNDE2IDANCnYgLTgxNiAtNDE2IDANCnYgLTgxNiAtNDAwIDANCnYgLTgwMCAtNDAwIDANCnYgLTc4NCAtNDE2IDANCnYgLTgwMCAtNDE2IDANCnYgLTgwMCAtNDAwIDANCnYgLTc4NCAtNDAwIDANCnYgLTc2OCAtNDE2IDANCnYgLTc4NCAtNDE2IDANCnYgLTc4NCAtNDAwIDANCnYgLTc2OCAtNDAwIDANCnYgLTc1MiAtNDE2IDANCnYgLTc2OCAtNDE2IDANCnYgLTc2OCAtNDAwIDANCnYgLTc1MiAtNDAwIDANCnYgLTczNiAtNDE2IDANCnYgLTc1MiAtNDE2IDANCnYgLTc1MiAtNDAwIDANCnYgLTczNiAtNDAwIDANCnYgLTcyMCAtNDE2IDANCnYgLTczNiAtNDE2IDANCnYgLTczNiAtNDAwIDANCnYgLTcyMCAtNDAwIDANCnYgLTcwNCAtNDE2IDANCnYgLTcyMCAtNDE2IDANCnYgLTcyMCAtNDAwIDANCnYgLTcwNCAtNDAwIDANCnYgLTY4OCAtNDE2IDANCnYgLTcwNCAtNDE2IDANCnYgLTcwNCAtNDAwIDANCnYgLTY4OCAtNDAwIDANCnYgLTY3MiAtNDE2IDANCnYgLTY4OCAtNDE2IDANCnYgLTY4OCAtNDAwIDANCnYgLTY3MiAtNDAwIDANCnYgLTY1NiAtNDE2IDANCnYgLTY3MiAtNDE2IDANCnYgLTY3MiAtNDAwIDANCnYgLTY1NiAtNDAwIDANCnYgLTY0MCAtNDE2IDANCnYgLTY1NiAtNDE2IDANCnYgLTY1NiAtNDAwIDANCnYgLTY0MCAtNDAwIDANCnYgLTYyNCAtNDE2IDANCnYgLTY0MCAtNDE2IDANCnYgLTY0MCAtNDAwIDANCnYgLTYyNCAtNDAwIDANCnYgLTYwOCAtNDE2IDANCnYgLTYyNCAtNDE2IDANCnYgLTYyNCAtNDAwIDANCnYgLTYwOCAtNDAwIDANCnYgLTU5MiAtNDE2IDANCnYgLTYwOCAtNDE2IDANCnYgLTYwOCAtNDAwIDANCnYgLTU5MiAtNDAwIDANCnYgLTU3NiAtNDE2IDANCnYgLTU5MiAtNDE2IDANCnYgLTU5MiAtNDAwIDANCnYgLTU3NiAtNDAwIDANCnYgLTU2MCAtNDE2IDANCnYgLTU3NiAtNDE2IDANCnYgLTU3NiAtNDAwIDANCnYgLTU2MCAtNDAwIDANCnYgLTU0NCAtNDE2IDANCnYgLTU2MCAtNDE2IDANCnYgLTU2MCAtNDAwIDANCnYgLTU0NCAtNDAwIDANCnYgLTUyOCAtNDE2IDANCnYgLTU0NCAtNDE2IDANCnYgLTU0NCAtNDAwIDANCnYgLTUyOCAtNDAwIDANCnYgLTUxMiAtNDE2IDANCnYgLTUyOCAtNDE2IDANCnYgLTUyOCAtNDAwIDANCnYgLTUxMiAtNDAwIDANCnYgLTQ5NiAtNDE2IDANCnYgLTUxMiAtNDE2IDANCnYgLTUxMiAtNDAwIDANCnYgLTQ5NiAtNDAwIDANCnYgLTQ4MCAtNDE2IDANCnYgLTQ5NiAtNDE2IDANCnYgLTQ5NiAtNDAwIDANCnYgLTQ4MCAtNDAwIDANCnYgLTQ2NCAtNDE2IDANCnYgLTQ4MCAtNDE2IDANCnYgLTQ4MCAtNDAwIDANCnYgLTQ2NCAtNDAwIDANCnYgLTQ0OCAtNDE2IDANCnYgLTQ2NCAtNDE2IDANCnYgLTQ2NCAtNDAwIDANCnYgLTQ0OCAtNDAwIDANCnYgLTQzMiAtNDE2IDANCnYgLTQ0OCAtNDE2IDANCnYgLTQ0OCAtNDAwIDANCnYgLTQzMiAtNDAwIDANCnYgLTQxNiAtNDE2IDANCnYgLTQzMiAtNDE2IDANCnYgLTQzMiAtNDAwIDANCnYgLTQxNiAtNDAwIDANCnYgLTQwMCAtNDE2IDANCnYgLTQxNiAtNDE2IDANCnYgLTQxNiAtNDAwIDANCnYgLTQwMCAtNDAwIDANCnYgLTM4NCAtNDE2IDANCnYgLTQwMCAtNDE2IDANCnYgLTQwMCAtNDAwIDANCnYgLTM4NCAtNDAwIDANCnYgLTM2OCAtNDE2IDANCnYgLTM4NCAtNDE2IDANCnYgLTM4NCAtNDAwIDANCnYgLTM2OCAtNDAwIDANCnYgLTM1MiAtNDE2IDANCnYgLTM2OCAtNDE2IDANCnYgLTM2OCAtNDAwIDANCnYgLTM1MiAtNDAwIDANCnYgLTMzNiAtNDE2IDANCnYgLTM1MiAtNDE2IDANCnYgLTM1MiAtNDAwIDANCnYgLTMzNiAtNDAwIDANCnYgLTMyMCAtNDE2IDANCnYgLTMzNiAtNDE2IDANCnYgLTMzNiAtNDAwIDANCnYgLTMyMCAtNDAwIDANCnYgLTMwNCAtNDE2IDANCnYgLTMyMCAtNDE2IDANCnYgLTMyMCAtNDAwIDANCnYgLTMwNCAtNDAwIDANCnYgLTI4OCAtNDE2IDANCnYgLTMwNCAtNDE2IDANCnYgLTMwNCAtNDAwIDANCnYgLTI4OCAtNDAwIDANCnYgLTI3MiAtNDE2IDANCnYgLTI4OCAtNDE2IDANCnYgLTI4OCAtNDAwIDANCnYgLTI3MiAtNDAwIDANCnYgLTI1NiAtNDE2IDANCnYgLTI3MiAtNDE2IDANCnYgLTI3MiAtNDAwIDANCnYgLTI1NiAtNDAwIDANCnYgLTI0MCAtNDE2IDANCnYgLTI1NiAtNDE2IDANCnYgLTI1NiAtNDAwIDANCnYgLTI0MCAtNDAwIDANCnYgLTIyNCAtNDE2IDANCnYgLTI0MCAtNDE2IDANCnYgLTI0MCAtNDAwIDANCnYgLTIyNCAtNDAwIDANCnYgLTIwOCAtNDE2IDANCnYgLTIyNCAtNDE2IDANCnYgLTIyNCAtNDAwIDANCnYgLTIwOCAtNDAwIDANCnYgLTE5MiAtNDE2IDANCnYgLTIwOCAtNDE2IDANCnYgLTIwOCAtNDAwIDANCnYgLTE5MiAtNDAwIDANCnYgLTE3NiAtNDE2IDANCnYgLTE5MiAtNDE2IDANCnYgLTE5MiAtNDAwIDANCnYgLTE3NiAtNDAwIDANCnYgLTE2MCAtNDE2IDANCnYgLTE3NiAtNDE2IDANCnYgLTE3NiAtNDAwIDANCnYgLTE2MCAtNDAwIDANCnYgLTE0NCAtNDE2IDANCnYgLTE2MCAtNDE2IDANCnYgLTE2MCAtNDAwIDANCnYgLTE0NCAtNDAwIDANCnYgLTEyOCAtNDE2IDANCnYgLTE0NCAtNDE2IDANCnYgLTE0NCAtNDAwIDANCnYgLTEyOCAtNDAwIDANCnYgLTExMiAtNDE2IDANCnYgLTEyOCAtNDE2IDANCnYgLTEyOCAtNDAwIDANCnYgLTExMiAtNDAwIDANCnYgLTk2IC00MTYgMA0KdiAtMTEyIC00MTYgMA0KdiAtMTEyIC00MDAgMA0KdiAtOTYgLTQwMCAwDQp2IC04MCAtNDE2IDANCnYgLTk2IC00MTYgMA0KdiAtOTYgLTQwMCAwDQp2IC04MCAtNDAwIDANCnYgLTY0IC00MTYgMA0KdiAtODAgLTQxNiAwDQp2IC04MCAtNDAwIDANCnYgLTY0IC00MDAgMA0KdiAtNDggLTQxNiAwDQp2IC02NCAtNDE2IDANCnYgLTY0IC00MDAgMA0KdiAtNDggLTQwMCAwDQp2IC0zMiAtNDE2IDANCnYgLTQ4IC00MTYgMA0KdiAtNDggLTQwMCAwDQp2IC0zMiAtNDAwIDANCnYgLTE2IC00MTYgMA0KdiAtMzIgLTQxNiAwDQp2IC0zMiAtNDAwIDANCnYgLTE2IC00MDAgMA0KdiAwIC00MTYgMA0KdiAtMTYgLTQxNiAwDQp2IC0xNiAtNDAwIDANCnYgMCAtNDAwIDANCnYgLTExODQgLTQzMiAwDQp2IC0xMjAwIC00MzIgMA0KdiAtMTIwMCAtNDE2IDANCnYgLTExODQgLTQxNiAwDQp2IC0xMTY4IC00MzIgMA0KdiAtMTE4NCAtNDMyIDANCnYgLTExODQgLTQxNiAwDQp2IC0xMTY4IC00MTYgMA0KdiAtMTE1MiAtNDMyIDANCnYgLTExNjggLTQzMiAwDQp2IC0xMTY4IC00MTYgMA0KdiAtMTE1MiAtNDE2IDANCnYgLTExMzYgLTQzMiAwDQp2IC0xMTUyIC00MzIgMA0KdiAtMTE1MiAtNDE2IDANCnYgLTExMzYgLTQxNiAwDQp2IC0xMTIwIC00MzIgMA0KdiAtMTEzNiAtNDMyIDANCnYgLTExMzYgLTQxNiAwDQp2IC0xMTIwIC00MTYgMA0KdiAtMTEwNCAtNDMyIDANCnYgLTExMjAgLTQzMiAwDQp2IC0xMTIwIC00MTYgMA0KdiAtMTEwNCAtNDE2IDANCnYgLTEwODggLTQzMiAwDQp2IC0xMTA0IC00MzIgMA0KdiAtMTEwNCAtNDE2IDANCnYgLTEwODggLTQxNiAwDQp2IC0xMDcyIC00MzIgMA0KdiAtMTA4OCAtNDMyIDANCnYgLTEwODggLTQxNiAwDQp2IC0xMDcyIC00MTYgMA0KdiAtMTA1NiAtNDMyIDANCnYgLTEwNzIgLTQzMiAwDQp2IC0xMDcyIC00MTYgMA0KdiAtMTA1NiAtNDE2IDANCnYgLTEwNDAgLTQzMiAwDQp2IC0xMDU2IC00MzIgMA0KdiAtMTA1NiAtNDE2IDANCnYgLTEwNDAgLTQxNiAwDQp2IC0xMDI0IC00MzIgMA0KdiAtMTA0MCAtNDMyIDANCnYgLTEwNDAgLTQxNiAwDQp2IC0xMDI0IC00MTYgMA0KdiAtMTAwOCAtNDMyIDANCnYgLTEwMjQgLTQzMiAwDQp2IC0xMDI0IC00MTYgMA0KdiAtMTAwOCAtNDE2IDANCnYgLTk5MiAtNDMyIDANCnYgLTEwMDggLTQzMiAwDQp2IC0xMDA4IC00MTYgMA0KdiAtOTkyIC00MTYgMA0KdiAtOTc2IC00MzIgMA0KdiAtOTkyIC00MzIgMA0KdiAtOTkyIC00MTYgMA0KdiAtOTc2IC00MTYgMA0KdiAtOTYwIC00MzIgMA0KdiAtOTc2IC00MzIgMA0KdiAtOTc2IC00MTYgMA0KdiAtOTYwIC00MTYgMA0KdiAtOTQ0IC00MzIgMA0KdiAtOTYwIC00MzIgMA0KdiAtOTYwIC00MTYgMA0KdiAtOTQ0IC00MTYgMA0KdiAtOTI4IC00MzIgMA0KdiAtOTQ0IC00MzIgMA0KdiAtOTQ0IC00MTYgMA0KdiAtOTI4IC00MTYgMA0KdiAtOTEyIC00MzIgMA0KdiAtOTI4IC00MzIgMA0KdiAtOTI4IC00MTYgMA0KdiAtOTEyIC00MTYgMA0KdiAtODk2IC00MzIgMA0KdiAtOTEyIC00MzIgMA0KdiAtOTEyIC00MTYgMA0KdiAtODk2IC00MTYgMA0KdiAtODgwIC00MzIgMA0KdiAtODk2IC00MzIgMA0KdiAtODk2IC00MTYgMA0KdiAtODgwIC00MTYgMA0KdiAtODY0IC00MzIgMA0KdiAtODgwIC00MzIgMA0KdiAtODgwIC00MTYgMA0KdiAtODY0IC00MTYgMA0KdiAtODQ4IC00MzIgMA0KdiAtODY0IC00MzIgMA0KdiAtODY0IC00MTYgMA0KdiAtODQ4IC00MTYgMA0KdiAtODMyIC00MzIgMA0KdiAtODQ4IC00MzIgMA0KdiAtODQ4IC00MTYgMA0KdiAtODMyIC00MTYgMA0KdiAtODE2IC00MzIgMA0KdiAtODMyIC00MzIgMA0KdiAtODMyIC00MTYgMA0KdiAtODE2IC00MTYgMA0KdiAtODAwIC00MzIgMA0KdiAtODE2IC00MzIgMA0KdiAtODE2IC00MTYgMA0KdiAtODAwIC00MTYgMA0KdiAtNzg0IC00MzIgMA0KdiAtODAwIC00MzIgMA0KdiAtODAwIC00MTYgMA0KdiAtNzg0IC00MTYgMA0KdiAtNzY4IC00MzIgMA0KdiAtNzg0IC00MzIgMA0KdiAtNzg0IC00MTYgMA0KdiAtNzY4IC00MTYgMA0KdiAtNzUyIC00MzIgMA0KdiAtNzY4IC00MzIgMA0KdiAtNzY4IC00MTYgMA0KdiAtNzUyIC00MTYgMA0KdiAtNzM2IC00MzIgMA0KdiAtNzUyIC00MzIgMA0KdiAtNzUyIC00MTYgMA0KdiAtNzM2IC00MTYgMA0KdiAtNzIwIC00MzIgMA0KdiAtNzM2IC00MzIgMA0KdiAtNzM2IC00MTYgMA0KdiAtNzIwIC00MTYgMA0KdiAtNzA0IC00MzIgMA0KdiAtNzIwIC00MzIgMA0KdiAtNzIwIC00MTYgMA0KdiAtNzA0IC00MTYgMA0KdiAtNjg4IC00MzIgMA0KdiAtNzA0IC00MzIgMA0KdiAtNzA0IC00MTYgMA0KdiAtNjg4IC00MTYgMA0KdiAtNjcyIC00MzIgMA0KdiAtNjg4IC00MzIgMA0KdiAtNjg4IC00MTYgMA0KdiAtNjcyIC00MTYgMA0KdiAtNjU2IC00MzIgMA0KdiAtNjcyIC00MzIgMA0KdiAtNjcyIC00MTYgMA0KdiAtNjU2IC00MTYgMA0KdiAtNjQwIC00MzIgMA0KdiAtNjU2IC00MzIgMA0KdiAtNjU2IC00MTYgMA0KdiAtNjQwIC00MTYgMA0KdiAtNjI0IC00MzIgMA0KdiAtNjQwIC00MzIgMA0KdiAtNjQwIC00MTYgMA0KdiAtNjI0IC00MTYgMA0KdiAtNjA4IC00MzIgMA0KdiAtNjI0IC00MzIgMA0KdiAtNjI0IC00MTYgMA0KdiAtNjA4IC00MTYgMA0KdiAtNTkyIC00MzIgMA0KdiAtNjA4IC00MzIgMA0KdiAtNjA4IC00MTYgMA0KdiAtNTkyIC00MTYgMA0KdiAtNTc2IC00MzIgMA0KdiAtNTkyIC00MzIgMA0KdiAtNTkyIC00MTYgMA0KdiAtNTc2IC00MTYgMA0KdiAtNTYwIC00MzIgMA0KdiAtNTc2IC00MzIgMA0KdiAtNTc2IC00MTYgMA0KdiAtNTYwIC00MTYgMA0KdiAtNTQ0IC00MzIgMA0KdiAtNTYwIC00MzIgMA0KdiAtNTYwIC00MTYgMA0KdiAtNTQ0IC00MTYgMA0KdiAtNTI4IC00MzIgMA0KdiAtNTQ0IC00MzIgMA0KdiAtNTQ0IC00MTYgMA0KdiAtNTI4IC00MTYgMA0KdiAtNTEyIC00MzIgMA0KdiAtNTI4IC00MzIgMA0KdiAtNTI4IC00MTYgMA0KdiAtNTEyIC00MTYgMA0KdiAtNDk2IC00MzIgMA0KdiAtNTEyIC00MzIgMA0KdiAtNTEyIC00MTYgMA0KdiAtNDk2IC00MTYgMA0KdiAtNDgwIC00MzIgMA0KdiAtNDk2IC00MzIgMA0KdiAtNDk2IC00MTYgMA0KdiAtNDgwIC00MTYgMA0KdiAtNDY0IC00MzIgMA0KdiAtNDgwIC00MzIgMA0KdiAtNDgwIC00MTYgMA0KdiAtNDY0IC00MTYgMA0KdiAtNDQ4IC00MzIgMA0KdiAtNDY0IC00MzIgMA0KdiAtNDY0IC00MTYgMA0KdiAtNDQ4IC00MTYgMA0KdiAtNDMyIC00MzIgMA0KdiAtNDQ4IC00MzIgMA0KdiAtNDQ4IC00MTYgMA0KdiAtNDMyIC00MTYgMA0KdiAtNDE2IC00MzIgMA0KdiAtNDMyIC00MzIgMA0KdiAtNDMyIC00MTYgMA0KdiAtNDE2IC00MTYgMA0KdiAtNDAwIC00MzIgMA0KdiAtNDE2IC00MzIgMA0KdiAtNDE2IC00MTYgMA0KdiAtNDAwIC00MTYgMA0KdiAtMzg0IC00MzIgMA0KdiAtNDAwIC00MzIgMA0KdiAtNDAwIC00MTYgMA0KdiAtMzg0IC00MTYgMA0KdiAtMzY4IC00MzIgMA0KdiAtMzg0IC00MzIgMA0KdiAtMzg0IC00MTYgMA0KdiAtMzY4IC00MTYgMA0KdiAtMzUyIC00MzIgMA0KdiAtMzY4IC00MzIgMA0KdiAtMzY4IC00MTYgMA0KdiAtMzUyIC00MTYgMA0KdiAtMzM2IC00MzIgMA0KdiAtMzUyIC00MzIgMA0KdiAtMzUyIC00MTYgMA0KdiAtMzM2IC00MTYgMA0KdiAtMzIwIC00MzIgMA0KdiAtMzM2IC00MzIgMA0KdiAtMzM2IC00MTYgMA0KdiAtMzIwIC00MTYgMA0KdiAtMzA0IC00MzIgMA0KdiAtMzIwIC00MzIgMA0KdiAtMzIwIC00MTYgMA0KdiAtMzA0IC00MTYgMA0KdiAtMjg4IC00MzIgMA0KdiAtMzA0IC00MzIgMA0KdiAtMzA0IC00MTYgMA0KdiAtMjg4IC00MTYgMA0KdiAtMjcyIC00MzIgMA0KdiAtMjg4IC00MzIgMA0KdiAtMjg4IC00MTYgMA0KdiAtMjcyIC00MTYgMA0KdiAtMjU2IC00MzIgMA0KdiAtMjcyIC00MzIgMA0KdiAtMjcyIC00MTYgMA0KdiAtMjU2IC00MTYgMA0KdiAtMjQwIC00MzIgMA0KdiAtMjU2IC00MzIgMA0KdiAtMjU2IC00MTYgMA0KdiAtMjQwIC00MTYgMA0KdiAtMjI0IC00MzIgMA0KdiAtMjQwIC00MzIgMA0KdiAtMjQwIC00MTYgMA0KdiAtMjI0IC00MTYgMA0KdiAtMjA4IC00MzIgMA0KdiAtMjI0IC00MzIgMA0KdiAtMjI0IC00MTYgMA0KdiAtMjA4IC00MTYgMA0KdiAtMTkyIC00MzIgMA0KdiAtMjA4IC00MzIgMA0KdiAtMjA4IC00MTYgMA0KdiAtMTkyIC00MTYgMA0KdiAtMTc2IC00MzIgMA0KdiAtMTkyIC00MzIgMA0KdiAtMTkyIC00MTYgMA0KdiAtMTc2IC00MTYgMA0KdiAtMTYwIC00MzIgMA0KdiAtMTc2IC00MzIgMA0KdiAtMTc2IC00MTYgMA0KdiAtMTYwIC00MTYgMA0KdiAtMTQ0IC00MzIgMA0KdiAtMTYwIC00MzIgMA0KdiAtMTYwIC00MTYgMA0KdiAtMTQ0IC00MTYgMA0KdiAtMTI4IC00MzIgMA0KdiAtMTQ0IC00MzIgMA0KdiAtMTQ0IC00MTYgMA0KdiAtMTI4IC00MTYgMA0KdiAtMTEyIC00MzIgMA0KdiAtMTI4IC00MzIgMA0KdiAtMTI4IC00MTYgMA0KdiAtMTEyIC00MTYgMA0KdiAtOTYgLTQzMiAwDQp2IC0xMTIgLTQzMiAwDQp2IC0xMTIgLTQxNiAwDQp2IC05NiAtNDE2IDANCnYgLTgwIC00MzIgMA0KdiAtOTYgLTQzMiAwDQp2IC05NiAtNDE2IDANCnYgLTgwIC00MTYgMA0KdiAtNjQgLTQzMiAwDQp2IC04MCAtNDMyIDANCnYgLTgwIC00MTYgMA0KdiAtNjQgLTQxNiAwDQp2IC00OCAtNDMyIDANCnYgLTY0IC00MzIgMA0KdiAtNjQgLTQxNiAwDQp2IC00OCAtNDE2IDANCnYgLTMyIC00MzIgMA0KdiAtNDggLTQzMiAwDQp2IC00OCAtNDE2IDANCnYgLTMyIC00MTYgMA0KdiAtMTYgLTQzMiAwDQp2IC0zMiAtNDMyIDANCnYgLTMyIC00MTYgMA0KdiAtMTYgLTQxNiAwDQp2IDAgLTQzMiAwDQp2IC0xNiAtNDMyIDANCnYgLTE2IC00MTYgMA0KdiAwIC00MTYgMA0KdiAtMTE4NCAtNDQ4IDANCnYgLTEyMDAgLTQ0OCAwDQp2IC0xMjAwIC00MzIgMA0KdiAtMTE4NCAtNDMyIDANCnYgLTExNjggLTQ0OCAwDQp2IC0xMTg0IC00NDggMA0KdiAtMTE4NCAtNDMyIDANCnYgLTExNjggLTQzMiAwDQp2IC0xMTUyIC00NDggMA0KdiAtMTE2OCAtNDQ4IDANCnYgLTExNjggLTQzMiAwDQp2IC0xMTUyIC00MzIgMA0KdiAtMTEzNiAtNDQ4IDANCnYgLTExNTIgLTQ0OCAwDQp2IC0xMTUyIC00MzIgMA0KdiAtMTEzNiAtNDMyIDANCnYgLTExMjAgLTQ0OCAwDQp2IC0xMTM2IC00NDggMA0KdiAtMTEzNiAtNDMyIDANCnYgLTExMjAgLTQzMiAwDQp2IC0xMTA0IC00NDggMA0KdiAtMTEyMCAtNDQ4IDANCnYgLTExMjAgLTQzMiAwDQp2IC0xMTA0IC00MzIgMA0KdiAtMTA4OCAtNDQ4IDANCnYgLTExMDQgLTQ0OCAwDQp2IC0xMTA0IC00MzIgMA0KdiAtMTA4OCAtNDMyIDANCnYgLTEwNzIgLTQ0OCAwDQp2IC0xMDg4IC00NDggMA0KdiAtMTA4OCAtNDMyIDANCnYgLTEwNzIgLTQzMiAwDQp2IC0xMDU2IC00NDggMA0KdiAtMTA3MiAtNDQ4IDANCnYgLTEwNzIgLTQzMiAwDQp2IC0xMDU2IC00MzIgMA0KdiAtMTA0MCAtNDQ4IDANCnYgLTEwNTYgLTQ0OCAwDQp2IC0xMDU2IC00MzIgMA0KdiAtMTA0MCAtNDMyIDANCnYgLTEwMjQgLTQ0OCAwDQp2IC0xMDQwIC00NDggMA0KdiAtMTA0MCAtNDMyIDANCnYgLTEwMjQgLTQzMiAwDQp2IC0xMDA4IC00NDggMA0KdiAtMTAyNCAtNDQ4IDANCnYgLTEwMjQgLTQzMiAwDQp2IC0xMDA4IC00MzIgMA0KdiAtOTkyIC00NDggMA0KdiAtMTAwOCAtNDQ4IDANCnYgLTEwMDggLTQzMiAwDQp2IC05OTIgLTQzMiAwDQp2IC05NzYgLTQ0OCAwDQp2IC05OTIgLTQ0OCAwDQp2IC05OTIgLTQzMiAwDQp2IC05NzYgLTQzMiAwDQp2IC05NjAgLTQ0OCAwDQp2IC05NzYgLTQ0OCAwDQp2IC05NzYgLTQzMiAwDQp2IC05NjAgLTQzMiAwDQp2IC05NDQgLTQ0OCAwDQp2IC05NjAgLTQ0OCAwDQp2IC05NjAgLTQzMiAwDQp2IC05NDQgLTQzMiAwDQp2IC05MjggLTQ0OCAwDQp2IC05NDQgLTQ0OCAwDQp2IC05NDQgLTQzMiAwDQp2IC05MjggLTQzMiAwDQp2IC05MTIgLTQ0OCAwDQp2IC05MjggLTQ0OCAwDQp2IC05MjggLTQzMiAwDQp2IC05MTIgLTQzMiAwDQp2IC04OTYgLTQ0OCAwDQp2IC05MTIgLTQ0OCAwDQp2IC05MTIgLTQzMiAwDQp2IC04OTYgLTQzMiAwDQp2IC04ODAgLTQ0OCAwDQp2IC04OTYgLTQ0OCAwDQp2IC04OTYgLTQzMiAwDQp2IC04ODAgLTQzMiAwDQp2IC04NjQgLTQ0OCAwDQp2IC04ODAgLTQ0OCAwDQp2IC04ODAgLTQzMiAwDQp2IC04NjQgLTQzMiAwDQp2IC04NDggLTQ0OCAwDQp2IC04NjQgLTQ0OCAwDQp2IC04NjQgLTQzMiAwDQp2IC04NDggLTQzMiAwDQp2IC04MzIgLTQ0OCAwDQp2IC04NDggLTQ0OCAwDQp2IC04NDggLTQzMiAwDQp2IC04MzIgLTQzMiAwDQp2IC04MTYgLTQ0OCAwDQp2IC04MzIgLTQ0OCAwDQp2IC04MzIgLTQzMiAwDQp2IC04MTYgLTQzMiAwDQp2IC04MDAgLTQ0OCAwDQp2IC04MTYgLTQ0OCAwDQp2IC04MTYgLTQzMiAwDQp2IC04MDAgLTQzMiAwDQp2IC03ODQgLTQ0OCAwDQp2IC04MDAgLTQ0OCAwDQp2IC04MDAgLTQzMiAwDQp2IC03ODQgLTQzMiAwDQp2IC03NjggLTQ0OCAwDQp2IC03ODQgLTQ0OCAwDQp2IC03ODQgLTQzMiAwDQp2IC03NjggLTQzMiAwDQp2IC03NTIgLTQ0OCAwDQp2IC03NjggLTQ0OCAwDQp2IC03NjggLTQzMiAwDQp2IC03NTIgLTQzMiAwDQp2IC03MzYgLTQ0OCAwDQp2IC03NTIgLTQ0OCAwDQp2IC03NTIgLTQzMiAwDQp2IC03MzYgLTQzMiAwDQp2IC03MjAgLTQ0OCAwDQp2IC03MzYgLTQ0OCAwDQp2IC03MzYgLTQzMiAwDQp2IC03MjAgLTQzMiAwDQp2IC03MDQgLTQ0OCAwDQp2IC03MjAgLTQ0OCAwDQp2IC03MjAgLTQzMiAwDQp2IC03MDQgLTQzMiAwDQp2IC02ODggLTQ0OCAwDQp2IC03MDQgLTQ0OCAwDQp2IC03MDQgLTQzMiAwDQp2IC02ODggLTQzMiAwDQp2IC02NzIgLTQ0OCAwDQp2IC02ODggLTQ0OCAwDQp2IC02ODggLTQzMiAwDQp2IC02NzIgLTQzMiAwDQp2IC02NTYgLTQ0OCAwDQp2IC02NzIgLTQ0OCAwDQp2IC02NzIgLTQzMiAwDQp2IC02NTYgLTQzMiAwDQp2IC02NDAgLTQ0OCAwDQp2IC02NTYgLTQ0OCAwDQp2IC02NTYgLTQzMiAwDQp2IC02NDAgLTQzMiAwDQp2IC02MjQgLTQ0OCAwDQp2IC02NDAgLTQ0OCAwDQp2IC02NDAgLTQzMiAwDQp2IC02MjQgLTQzMiAwDQp2IC02MDggLTQ0OCAwDQp2IC02MjQgLTQ0OCAwDQp2IC02MjQgLTQzMiAwDQp2IC02MDggLTQzMiAwDQp2IC01OTIgLTQ0OCAwDQp2IC02MDggLTQ0OCAwDQp2IC02MDggLTQzMiAwDQp2IC01OTIgLTQzMiAwDQp2IC01NzYgLTQ0OCAwDQp2IC01OTIgLTQ0OCAwDQp2IC01OTIgLTQzMiAwDQp2IC01NzYgLTQzMiAwDQp2IC01NjAgLTQ0OCAwDQp2IC01NzYgLTQ0OCAwDQp2IC01NzYgLTQzMiAwDQp2IC01NjAgLTQzMiAwDQp2IC01NDQgLTQ0OCAwDQp2IC01NjAgLTQ0OCAwDQp2IC01NjAgLTQzMiAwDQp2IC01NDQgLTQzMiAwDQp2IC01MjggLTQ0OCAwDQp2IC01NDQgLTQ0OCAwDQp2IC01NDQgLTQzMiAwDQp2IC01MjggLTQzMiAwDQp2IC01MTIgLTQ0OCAwDQp2IC01MjggLTQ0OCAwDQp2IC01MjggLTQzMiAwDQp2IC01MTIgLTQzMiAwDQp2IC00OTYgLTQ0OCAwDQp2IC01MTIgLTQ0OCAwDQp2IC01MTIgLTQzMiAwDQp2IC00OTYgLTQzMiAwDQp2IC00ODAgLTQ0OCAwDQp2IC00OTYgLTQ0OCAwDQp2IC00OTYgLTQzMiAwDQp2IC00ODAgLTQzMiAwDQp2IC00NjQgLTQ0OCAwDQp2IC00ODAgLTQ0OCAwDQp2IC00ODAgLTQzMiAwDQp2IC00NjQgLTQzMiAwDQp2IC00NDggLTQ0OCAwDQp2IC00NjQgLTQ0OCAwDQp2IC00NjQgLTQzMiAwDQp2IC00NDggLTQzMiAwDQp2IC00MzIgLTQ0OCAwDQp2IC00NDggLTQ0OCAwDQp2IC00NDggLTQzMiAwDQp2IC00MzIgLTQzMiAwDQp2IC00MTYgLTQ0OCAwDQp2IC00MzIgLTQ0OCAwDQp2IC00MzIgLTQzMiAwDQp2IC00MTYgLTQzMiAwDQp2IC00MDAgLTQ0OCAwDQp2IC00MTYgLTQ0OCAwDQp2IC00MTYgLTQzMiAwDQp2IC00MDAgLTQzMiAwDQp2IC0zODQgLTQ0OCAwDQp2IC00MDAgLTQ0OCAwDQp2IC00MDAgLTQzMiAwDQp2IC0zODQgLTQzMiAwDQp2IC0zNjggLTQ0OCAwDQp2IC0zODQgLTQ0OCAwDQp2IC0zODQgLTQzMiAwDQp2IC0zNjggLTQzMiAwDQp2IC0zNTIgLTQ0OCAwDQp2IC0zNjggLTQ0OCAwDQp2IC0zNjggLTQzMiAwDQp2IC0zNTIgLTQzMiAwDQp2IC0zMzYgLTQ0OCAwDQp2IC0zNTIgLTQ0OCAwDQp2IC0zNTIgLTQzMiAwDQp2IC0zMzYgLTQzMiAwDQp2IC0zMjAgLTQ0OCAwDQp2IC0zMzYgLTQ0OCAwDQp2IC0zMzYgLTQzMiAwDQp2IC0zMjAgLTQzMiAwDQp2IC0zMDQgLTQ0OCAwDQp2IC0zMjAgLTQ0OCAwDQp2IC0zMjAgLTQzMiAwDQp2IC0zMDQgLTQzMiAwDQp2IC0yODggLTQ0OCAwDQp2IC0zMDQgLTQ0OCAwDQp2IC0zMDQgLTQzMiAwDQp2IC0yODggLTQzMiAwDQp2IC0yNzIgLTQ0OCAwDQp2IC0yODggLTQ0OCAwDQp2IC0yODggLTQzMiAwDQp2IC0yNzIgLTQzMiAwDQp2IC0yNTYgLTQ0OCAwDQp2IC0yNzIgLTQ0OCAwDQp2IC0yNzIgLTQzMiAwDQp2IC0yNTYgLTQzMiAwDQp2IC0yNDAgLTQ0OCAwDQp2IC0yNTYgLTQ0OCAwDQp2IC0yNTYgLTQzMiAwDQp2IC0yNDAgLTQzMiAwDQp2IC0yMjQgLTQ0OCAwDQp2IC0yNDAgLTQ0OCAwDQp2IC0yNDAgLTQzMiAwDQp2IC0yMjQgLTQzMiAwDQp2IC0yMDggLTQ0OCAwDQp2IC0yMjQgLTQ0OCAwDQp2IC0yMjQgLTQzMiAwDQp2IC0yMDggLTQzMiAwDQp2IC0xOTIgLTQ0OCAwDQp2IC0yMDggLTQ0OCAwDQp2IC0yMDggLTQzMiAwDQp2IC0xOTIgLTQzMiAwDQp2IC0xNzYgLTQ0OCAwDQp2IC0xOTIgLTQ0OCAwDQp2IC0xOTIgLTQzMiAwDQp2IC0xNzYgLTQzMiAwDQp2IC0xNjAgLTQ0OCAwDQp2IC0xNzYgLTQ0OCAwDQp2IC0xNzYgLTQzMiAwDQp2IC0xNjAgLTQzMiAwDQp2IC0xNDQgLTQ0OCAwDQp2IC0xNjAgLTQ0OCAwDQp2IC0xNjAgLTQzMiAwDQp2IC0xNDQgLTQzMiAwDQp2IC0xMjggLTQ0OCAwDQp2IC0xNDQgLTQ0OCAwDQp2IC0xNDQgLTQzMiAwDQp2IC0xMjggLTQzMiAwDQp2IC0xMTIgLTQ0OCAwDQp2IC0xMjggLTQ0OCAwDQp2IC0xMjggLTQzMiAwDQp2IC0xMTIgLTQzMiAwDQp2IC05NiAtNDQ4IDANCnYgLTExMiAtNDQ4IDANCnYgLTExMiAtNDMyIDANCnYgLTk2IC00MzIgMA0KdiAtODAgLTQ0OCAwDQp2IC05NiAtNDQ4IDANCnYgLTk2IC00MzIgMA0KdiAtODAgLTQzMiAwDQp2IC02NCAtNDQ4IDANCnYgLTgwIC00NDggMA0KdiAtODAgLTQzMiAwDQp2IC02NCAtNDMyIDANCnYgLTQ4IC00NDggMA0KdiAtNjQgLTQ0OCAwDQp2IC02NCAtNDMyIDANCnYgLTQ4IC00MzIgMA0KdiAtMzIgLTQ0OCAwDQp2IC00OCAtNDQ4IDANCnYgLTQ4IC00MzIgMA0KdiAtMzIgLTQzMiAwDQp2IC0xNiAtNDQ4IDANCnYgLTMyIC00NDggMA0KdiAtMzIgLTQzMiAwDQp2IC0xNiAtNDMyIDANCnYgMCAtNDQ4IDANCnYgLTE2IC00NDggMA0KdiAtMTYgLTQzMiAwDQp2IDAgLTQzMiAwDQp2IC0xMTg0IC00NjQgMA0KdiAtMTIwMCAtNDY0IDANCnYgLTEyMDAgLTQ0OCAwDQp2IC0xMTg0IC00NDggMA0KdiAtMTE2OCAtNDY0IDANCnYgLTExODQgLTQ2NCAwDQp2IC0xMTg0IC00NDggMA0KdiAtMTE2OCAtNDQ4IDANCnYgLTExNTIgLTQ2NCAwDQp2IC0xMTY4IC00NjQgMA0KdiAtMTE2OCAtNDQ4IDANCnYgLTExNTIgLTQ0OCAwDQp2IC0xMTM2IC00NjQgMA0KdiAtMTE1MiAtNDY0IDANCnYgLTExNTIgLTQ0OCAwDQp2IC0xMTM2IC00NDggMA0KdiAtMTEyMCAtNDY0IDANCnYgLTExMzYgLTQ2NCAwDQp2IC0xMTM2IC00NDggMA0KdiAtMTEyMCAtNDQ4IDANCnYgLTExMDQgLTQ2NCAwDQp2IC0xMTIwIC00NjQgMA0KdiAtMTEyMCAtNDQ4IDANCnYgLTExMDQgLTQ0OCAwDQp2IC0xMDg4IC00NjQgMA0KdiAtMTEwNCAtNDY0IDANCnYgLTExMDQgLTQ0OCAwDQp2IC0xMDg4IC00NDggMA0KdiAtMTA3MiAtNDY0IDANCnYgLTEwODggLTQ2NCAwDQp2IC0xMDg4IC00NDggMA0KdiAtMTA3MiAtNDQ4IDANCnYgLTEwNTYgLTQ2NCAwDQp2IC0xMDcyIC00NjQgMA0KdiAtMTA3MiAtNDQ4IDANCnYgLTEwNTYgLTQ0OCAwDQp2IC0xMDQwIC00NjQgMA0KdiAtMTA1NiAtNDY0IDANCnYgLTEwNTYgLTQ0OCAwDQp2IC0xMDQwIC00NDggMA0KdiAtMTAyNCAtNDY0IDANCnYgLTEwNDAgLTQ2NCAwDQp2IC0xMDQwIC00NDggMA0KdiAtMTAyNCAtNDQ4IDANCnYgLTEwMDggLTQ2NCAwDQp2IC0xMDI0IC00NjQgMA0KdiAtMTAyNCAtNDQ4IDANCnYgLTEwMDggLTQ0OCAwDQp2IC05OTIgLTQ2NCAwDQp2IC0xMDA4IC00NjQgMA0KdiAtMTAwOCAtNDQ4IDANCnYgLTk5MiAtNDQ4IDANCnYgLTk3NiAtNDY0IDANCnYgLTk5MiAtNDY0IDANCnYgLTk5MiAtNDQ4IDANCnYgLTk3NiAtNDQ4IDANCnYgLTk2MCAtNDY0IDANCnYgLTk3NiAtNDY0IDANCnYgLTk3NiAtNDQ4IDANCnYgLTk2MCAtNDQ4IDANCnYgLTk0NCAtNDY0IDANCnYgLTk2MCAtNDY0IDANCnYgLTk2MCAtNDQ4IDANCnYgLTk0NCAtNDQ4IDANCnYgLTkyOCAtNDY0IDANCnYgLTk0NCAtNDY0IDANCnYgLTk0NCAtNDQ4IDANCnYgLTkyOCAtNDQ4IDANCnYgLTkxMiAtNDY0IDANCnYgLTkyOCAtNDY0IDANCnYgLTkyOCAtNDQ4IDANCnYgLTkxMiAtNDQ4IDANCnYgLTg5NiAtNDY0IDANCnYgLTkxMiAtNDY0IDANCnYgLTkxMiAtNDQ4IDANCnYgLTg5NiAtNDQ4IDANCnYgLTg4MCAtNDY0IDANCnYgLTg5NiAtNDY0IDANCnYgLTg5NiAtNDQ4IDANCnYgLTg4MCAtNDQ4IDANCnYgLTg2NCAtNDY0IDANCnYgLTg4MCAtNDY0IDANCnYgLTg4MCAtNDQ4IDANCnYgLTg2NCAtNDQ4IDANCnYgLTg0OCAtNDY0IDANCnYgLTg2NCAtNDY0IDANCnYgLTg2NCAtNDQ4IDANCnYgLTg0OCAtNDQ4IDANCnYgLTgzMiAtNDY0IDANCnYgLTg0OCAtNDY0IDANCnYgLTg0OCAtNDQ4IDANCnYgLTgzMiAtNDQ4IDANCnYgLTgxNiAtNDY0IDANCnYgLTgzMiAtNDY0IDANCnYgLTgzMiAtNDQ4IDANCnYgLTgxNiAtNDQ4IDANCnYgLTgwMCAtNDY0IDANCnYgLTgxNiAtNDY0IDANCnYgLTgxNiAtNDQ4IDANCnYgLTgwMCAtNDQ4IDANCnYgLTc4NCAtNDY0IDANCnYgLTgwMCAtNDY0IDANCnYgLTgwMCAtNDQ4IDANCnYgLTc4NCAtNDQ4IDANCnYgLTc2OCAtNDY0IDANCnYgLTc4NCAtNDY0IDANCnYgLTc4NCAtNDQ4IDANCnYgLTc2OCAtNDQ4IDANCnYgLTc1MiAtNDY0IDANCnYgLTc2OCAtNDY0IDANCnYgLTc2OCAtNDQ4IDANCnYgLTc1MiAtNDQ4IDANCnYgLTczNiAtNDY0IDANCnYgLTc1MiAtNDY0IDANCnYgLTc1MiAtNDQ4IDANCnYgLTczNiAtNDQ4IDANCnYgLTcyMCAtNDY0IDANCnYgLTczNiAtNDY0IDANCnYgLTczNiAtNDQ4IDANCnYgLTcyMCAtNDQ4IDANCnYgLTcwNCAtNDY0IDANCnYgLTcyMCAtNDY0IDANCnYgLTcyMCAtNDQ4IDANCnYgLTcwNCAtNDQ4IDANCnYgLTY4OCAtNDY0IDANCnYgLTcwNCAtNDY0IDANCnYgLTcwNCAtNDQ4IDANCnYgLTY4OCAtNDQ4IDANCnYgLTY3MiAtNDY0IDANCnYgLTY4OCAtNDY0IDANCnYgLTY4OCAtNDQ4IDANCnYgLTY3MiAtNDQ4IDANCnYgLTY1NiAtNDY0IDANCnYgLTY3MiAtNDY0IDANCnYgLTY3MiAtNDQ4IDANCnYgLTY1NiAtNDQ4IDANCnYgLTY0MCAtNDY0IDANCnYgLTY1NiAtNDY0IDANCnYgLTY1NiAtNDQ4IDANCnYgLTY0MCAtNDQ4IDANCnYgLTYyNCAtNDY0IDANCnYgLTY0MCAtNDY0IDANCnYgLTY0MCAtNDQ4IDANCnYgLTYyNCAtNDQ4IDANCnYgLTYwOCAtNDY0IDANCnYgLTYyNCAtNDY0IDANCnYgLTYyNCAtNDQ4IDANCnYgLTYwOCAtNDQ4IDANCnYgLTU5MiAtNDY0IDANCnYgLTYwOCAtNDY0IDANCnYgLTYwOCAtNDQ4IDANCnYgLTU5MiAtNDQ4IDANCnYgLTU3NiAtNDY0IDANCnYgLTU5MiAtNDY0IDANCnYgLTU5MiAtNDQ4IDANCnYgLTU3NiAtNDQ4IDANCnYgLTU2MCAtNDY0IDANCnYgLTU3NiAtNDY0IDANCnYgLTU3NiAtNDQ4IDANCnYgLTU2MCAtNDQ4IDANCnYgLTU0NCAtNDY0IDANCnYgLTU2MCAtNDY0IDANCnYgLTU2MCAtNDQ4IDANCnYgLTU0NCAtNDQ4IDANCnYgLTUyOCAtNDY0IDANCnYgLTU0NCAtNDY0IDANCnYgLTU0NCAtNDQ4IDANCnYgLTUyOCAtNDQ4IDANCnYgLTUxMiAtNDY0IDANCnYgLTUyOCAtNDY0IDANCnYgLTUyOCAtNDQ4IDANCnYgLTUxMiAtNDQ4IDANCnYgLTQ5NiAtNDY0IDANCnYgLTUxMiAtNDY0IDANCnYgLTUxMiAtNDQ4IDANCnYgLTQ5NiAtNDQ4IDANCnYgLTQ4MCAtNDY0IDANCnYgLTQ5NiAtNDY0IDANCnYgLTQ5NiAtNDQ4IDANCnYgLTQ4MCAtNDQ4IDANCnYgLTQ2NCAtNDY0IDANCnYgLTQ4MCAtNDY0IDANCnYgLTQ4MCAtNDQ4IDANCnYgLTQ2NCAtNDQ4IDANCnYgLTQ0OCAtNDY0IDANCnYgLTQ2NCAtNDY0IDANCnYgLTQ2NCAtNDQ4IDANCnYgLTQ0OCAtNDQ4IDANCnYgLTQzMiAtNDY0IDANCnYgLTQ0OCAtNDY0IDANCnYgLTQ0OCAtNDQ4IDANCnYgLTQzMiAtNDQ4IDANCnYgLTQxNiAtNDY0IDANCnYgLTQzMiAtNDY0IDANCnYgLTQzMiAtNDQ4IDANCnYgLTQxNiAtNDQ4IDANCnYgLTQwMCAtNDY0IDANCnYgLTQxNiAtNDY0IDANCnYgLTQxNiAtNDQ4IDANCnYgLTQwMCAtNDQ4IDANCnYgLTM4NCAtNDY0IDANCnYgLTQwMCAtNDY0IDANCnYgLTQwMCAtNDQ4IDANCnYgLTM4NCAtNDQ4IDANCnYgLTM2OCAtNDY0IDANCnYgLTM4NCAtNDY0IDANCnYgLTM4NCAtNDQ4IDANCnYgLTM2OCAtNDQ4IDANCnYgLTM1MiAtNDY0IDANCnYgLTM2OCAtNDY0IDANCnYgLTM2OCAtNDQ4IDANCnYgLTM1MiAtNDQ4IDANCnYgLTMzNiAtNDY0IDANCnYgLTM1MiAtNDY0IDANCnYgLTM1MiAtNDQ4IDANCnYgLTMzNiAtNDQ4IDANCnYgLTMyMCAtNDY0IDANCnYgLTMzNiAtNDY0IDANCnYgLTMzNiAtNDQ4IDANCnYgLTMyMCAtNDQ4IDANCnYgLTMwNCAtNDY0IDANCnYgLTMyMCAtNDY0IDANCnYgLTMyMCAtNDQ4IDANCnYgLTMwNCAtNDQ4IDANCnYgLTI4OCAtNDY0IDANCnYgLTMwNCAtNDY0IDANCnYgLTMwNCAtNDQ4IDANCnYgLTI4OCAtNDQ4IDANCnYgLTI3MiAtNDY0IDANCnYgLTI4OCAtNDY0IDANCnYgLTI4OCAtNDQ4IDANCnYgLTI3MiAtNDQ4IDANCnYgLTI1NiAtNDY0IDANCnYgLTI3MiAtNDY0IDANCnYgLTI3MiAtNDQ4IDANCnYgLTI1NiAtNDQ4IDANCnYgLTI0MCAtNDY0IDANCnYgLTI1NiAtNDY0IDANCnYgLTI1NiAtNDQ4IDANCnYgLTI0MCAtNDQ4IDANCnYgLTIyNCAtNDY0IDANCnYgLTI0MCAtNDY0IDANCnYgLTI0MCAtNDQ4IDANCnYgLTIyNCAtNDQ4IDANCnYgLTIwOCAtNDY0IDANCnYgLTIyNCAtNDY0IDANCnYgLTIyNCAtNDQ4IDANCnYgLTIwOCAtNDQ4IDANCnYgLTE5MiAtNDY0IDANCnYgLTIwOCAtNDY0IDANCnYgLTIwOCAtNDQ4IDANCnYgLTE5MiAtNDQ4IDANCnYgLTE3NiAtNDY0IDANCnYgLTE5MiAtNDY0IDANCnYgLTE5MiAtNDQ4IDANCnYgLTE3NiAtNDQ4IDANCnYgLTE2MCAtNDY0IDANCnYgLTE3NiAtNDY0IDANCnYgLTE3NiAtNDQ4IDANCnYgLTE2MCAtNDQ4IDANCnYgLTE0NCAtNDY0IDANCnYgLTE2MCAtNDY0IDANCnYgLTE2MCAtNDQ4IDANCnYgLTE0NCAtNDQ4IDANCnYgLTEyOCAtNDY0IDANCnYgLTE0NCAtNDY0IDANCnYgLTE0NCAtNDQ4IDANCnYgLTEyOCAtNDQ4IDANCnYgLTExMiAtNDY0IDANCnYgLTEyOCAtNDY0IDANCnYgLTEyOCAtNDQ4IDANCnYgLTExMiAtNDQ4IDANCnYgLTk2IC00NjQgMA0KdiAtMTEyIC00NjQgMA0KdiAtMTEyIC00NDggMA0KdiAtOTYgLTQ0OCAwDQp2IC04MCAtNDY0IDANCnYgLTk2IC00NjQgMA0KdiAtOTYgLTQ0OCAwDQp2IC04MCAtNDQ4IDANCnYgLTY0IC00NjQgMA0KdiAtODAgLTQ2NCAwDQp2IC04MCAtNDQ4IDANCnYgLTY0IC00NDggMA0KdiAtNDggLTQ2NCAwDQp2IC02NCAtNDY0IDANCnYgLTY0IC00NDggMA0KdiAtNDggLTQ0OCAwDQp2IC0zMiAtNDY0IDANCnYgLTQ4IC00NjQgMA0KdiAtNDggLTQ0OCAwDQp2IC0zMiAtNDQ4IDANCnYgLTE2IC00NjQgMA0KdiAtMzIgLTQ2NCAwDQp2IC0zMiAtNDQ4IDANCnYgLTE2IC00NDggMA0KdiAwIC00NjQgMA0KdiAtMTYgLTQ2NCAwDQp2IC0xNiAtNDQ4IDANCnYgMCAtNDQ4IDANCnYgLTExODQgLTQ4MCAwDQp2IC0xMjAwIC00ODAgMA0KdiAtMTIwMCAtNDY0IDANCnYgLTExODQgLTQ2NCAwDQp2IC0xMTY4IC00ODAgMA0KdiAtMTE4NCAtNDgwIDANCnYgLTExODQgLTQ2NCAwDQp2IC0xMTY4IC00NjQgMA0KdiAtMTE1MiAtNDgwIDANCnYgLTExNjggLTQ4MCAwDQp2IC0xMTY4IC00NjQgMA0KdiAtMTE1MiAtNDY0IDANCnYgLTExMzYgLTQ4MCAwDQp2IC0xMTUyIC00ODAgMA0KdiAtMTE1MiAtNDY0IDANCnYgLTExMzYgLTQ2NCAwDQp2IC0xMTIwIC00ODAgMA0KdiAtMTEzNiAtNDgwIDANCnYgLTExMzYgLTQ2NCAwDQp2IC0xMTIwIC00NjQgMA0KdiAtMTEwNCAtNDgwIDANCnYgLTExMjAgLTQ4MCAwDQp2IC0xMTIwIC00NjQgMA0KdiAtMTEwNCAtNDY0IDANCnYgLTEwODggLTQ4MCAwDQp2IC0xMTA0IC00ODAgMA0KdiAtMTEwNCAtNDY0IDANCnYgLTEwODggLTQ2NCAwDQp2IC0xMDcyIC00ODAgMA0KdiAtMTA4OCAtNDgwIDANCnYgLTEwODggLTQ2NCAwDQp2IC0xMDcyIC00NjQgMA0KdiAtMTA1NiAtNDgwIDANCnYgLTEwNzIgLTQ4MCAwDQp2IC0xMDcyIC00NjQgMA0KdiAtMTA1NiAtNDY0IDANCnYgLTEwNDAgLTQ4MCAwDQp2IC0xMDU2IC00ODAgMA0KdiAtMTA1NiAtNDY0IDANCnYgLTEwNDAgLTQ2NCAwDQp2IC0xMDI0IC00ODAgMA0KdiAtMTA0MCAtNDgwIDANCnYgLTEwNDAgLTQ2NCAwDQp2IC0xMDI0IC00NjQgMA0KdiAtMTAwOCAtNDgwIDANCnYgLTEwMjQgLTQ4MCAwDQp2IC0xMDI0IC00NjQgMA0KdiAtMTAwOCAtNDY0IDANCnYgLTk5MiAtNDgwIDANCnYgLTEwMDggLTQ4MCAwDQp2IC0xMDA4IC00NjQgMA0KdiAtOTkyIC00NjQgMA0KdiAtOTc2IC00ODAgMA0KdiAtOTkyIC00ODAgMA0KdiAtOTkyIC00NjQgMA0KdiAtOTc2IC00NjQgMA0KdiAtOTYwIC00ODAgMA0KdiAtOTc2IC00ODAgMA0KdiAtOTc2IC00NjQgMA0KdiAtOTYwIC00NjQgMA0KdiAtOTQ0IC00ODAgMA0KdiAtOTYwIC00ODAgMA0KdiAtOTYwIC00NjQgMA0KdiAtOTQ0IC00NjQgMA0KdiAtOTI4IC00ODAgMA0KdiAtOTQ0IC00ODAgMA0KdiAtOTQ0IC00NjQgMA0KdiAtOTI4IC00NjQgMA0KdiAtOTEyIC00ODAgMA0KdiAtOTI4IC00ODAgMA0KdiAtOTI4IC00NjQgMA0KdiAtOTEyIC00NjQgMA0KdiAtODk2IC00ODAgMA0KdiAtOTEyIC00ODAgMA0KdiAtOTEyIC00NjQgMA0KdiAtODk2IC00NjQgMA0KdiAtODgwIC00ODAgMA0KdiAtODk2IC00ODAgMA0KdiAtODk2IC00NjQgMA0KdiAtODgwIC00NjQgMA0KdiAtODY0IC00ODAgMA0KdiAtODgwIC00ODAgMA0KdiAtODgwIC00NjQgMA0KdiAtODY0IC00NjQgMA0KdiAtODQ4IC00ODAgMA0KdiAtODY0IC00ODAgMA0KdiAtODY0IC00NjQgMA0KdiAtODQ4IC00NjQgMA0KdiAtODMyIC00ODAgMA0KdiAtODQ4IC00ODAgMA0KdiAtODQ4IC00NjQgMA0KdiAtODMyIC00NjQgMA0KdiAtODE2IC00ODAgMA0KdiAtODMyIC00ODAgMA0KdiAtODMyIC00NjQgMA0KdiAtODE2IC00NjQgMA0KdiAtODAwIC00ODAgMA0KdiAtODE2IC00ODAgMA0KdiAtODE2IC00NjQgMA0KdiAtODAwIC00NjQgMA0KdiAtNzg0IC00ODAgMA0KdiAtODAwIC00ODAgMA0KdiAtODAwIC00NjQgMA0KdiAtNzg0IC00NjQgMA0KdiAtNzY4IC00ODAgMA0KdiAtNzg0IC00ODAgMA0KdiAtNzg0IC00NjQgMA0KdiAtNzY4IC00NjQgMA0KdiAtNzUyIC00ODAgMA0KdiAtNzY4IC00ODAgMA0KdiAtNzY4IC00NjQgMA0KdiAtNzUyIC00NjQgMA0KdiAtNzM2IC00ODAgMA0KdiAtNzUyIC00ODAgMA0KdiAtNzUyIC00NjQgMA0KdiAtNzM2IC00NjQgMA0KdiAtNzIwIC00ODAgMA0KdiAtNzM2IC00ODAgMA0KdiAtNzM2IC00NjQgMA0KdiAtNzIwIC00NjQgMA0KdiAtNzA0IC00ODAgMA0KdiAtNzIwIC00ODAgMA0KdiAtNzIwIC00NjQgMA0KdiAtNzA0IC00NjQgMA0KdiAtNjg4IC00ODAgMA0KdiAtNzA0IC00ODAgMA0KdiAtNzA0IC00NjQgMA0KdiAtNjg4IC00NjQgMA0KdiAtNjcyIC00ODAgMA0KdiAtNjg4IC00ODAgMA0KdiAtNjg4IC00NjQgMA0KdiAtNjcyIC00NjQgMA0KdiAtNjU2IC00ODAgMA0KdiAtNjcyIC00ODAgMA0KdiAtNjcyIC00NjQgMA0KdiAtNjU2IC00NjQgMA0KdiAtNjQwIC00ODAgMA0KdiAtNjU2IC00ODAgMA0KdiAtNjU2IC00NjQgMA0KdiAtNjQwIC00NjQgMA0KdiAtNjI0IC00ODAgMA0KdiAtNjQwIC00ODAgMA0KdiAtNjQwIC00NjQgMA0KdiAtNjI0IC00NjQgMA0KdiAtNjA4IC00ODAgMA0KdiAtNjI0IC00ODAgMA0KdiAtNjI0IC00NjQgMA0KdiAtNjA4IC00NjQgMA0KdiAtNTkyIC00ODAgMA0KdiAtNjA4IC00ODAgMA0KdiAtNjA4IC00NjQgMA0KdiAtNTkyIC00NjQgMA0KdiAtNTc2IC00ODAgMA0KdiAtNTkyIC00ODAgMA0KdiAtNTkyIC00NjQgMA0KdiAtNTc2IC00NjQgMA0KdiAtNTYwIC00ODAgMA0KdiAtNTc2IC00ODAgMA0KdiAtNTc2IC00NjQgMA0KdiAtNTYwIC00NjQgMA0KdiAtNTQ0IC00ODAgMA0KdiAtNTYwIC00ODAgMA0KdiAtNTYwIC00NjQgMA0KdiAtNTQ0IC00NjQgMA0KdiAtNTI4IC00ODAgMA0KdiAtNTQ0IC00ODAgMA0KdiAtNTQ0IC00NjQgMA0KdiAtNTI4IC00NjQgMA0KdiAtNTEyIC00ODAgMA0KdiAtNTI4IC00ODAgMA0KdiAtNTI4IC00NjQgMA0KdiAtNTEyIC00NjQgMA0KdiAtNDk2IC00ODAgMA0KdiAtNTEyIC00ODAgMA0KdiAtNTEyIC00NjQgMA0KdiAtNDk2IC00NjQgMA0KdiAtNDgwIC00ODAgMA0KdiAtNDk2IC00ODAgMA0KdiAtNDk2IC00NjQgMA0KdiAtNDgwIC00NjQgMA0KdiAtNDY0IC00ODAgMA0KdiAtNDgwIC00ODAgMA0KdiAtNDgwIC00NjQgMA0KdiAtNDY0IC00NjQgMA0KdiAtNDQ4IC00ODAgMA0KdiAtNDY0IC00ODAgMA0KdiAtNDY0IC00NjQgMA0KdiAtNDQ4IC00NjQgMA0KdiAtNDMyIC00ODAgMA0KdiAtNDQ4IC00ODAgMA0KdiAtNDQ4IC00NjQgMA0KdiAtNDMyIC00NjQgMA0KdiAtNDE2IC00ODAgMA0KdiAtNDMyIC00ODAgMA0KdiAtNDMyIC00NjQgMA0KdiAtNDE2IC00NjQgMA0KdiAtNDAwIC00ODAgMA0KdiAtNDE2IC00ODAgMA0KdiAtNDE2IC00NjQgMA0KdiAtNDAwIC00NjQgMA0KdiAtMzg0IC00ODAgMA0KdiAtNDAwIC00ODAgMA0KdiAtNDAwIC00NjQgMA0KdiAtMzg0IC00NjQgMA0KdiAtMzY4IC00ODAgMA0KdiAtMzg0IC00ODAgMA0KdiAtMzg0IC00NjQgMA0KdiAtMzY4IC00NjQgMA0KdiAtMzUyIC00ODAgMA0KdiAtMzY4IC00ODAgMA0KdiAtMzY4IC00NjQgMA0KdiAtMzUyIC00NjQgMA0KdiAtMzM2IC00ODAgMA0KdiAtMzUyIC00ODAgMA0KdiAtMzUyIC00NjQgMA0KdiAtMzM2IC00NjQgMA0KdiAtMzIwIC00ODAgMA0KdiAtMzM2IC00ODAgMA0KdiAtMzM2IC00NjQgMA0KdiAtMzIwIC00NjQgMA0KdiAtMzA0IC00ODAgMA0KdiAtMzIwIC00ODAgMA0KdiAtMzIwIC00NjQgMA0KdiAtMzA0IC00NjQgMA0KdiAtMjg4IC00ODAgMA0KdiAtMzA0IC00ODAgMA0KdiAtMzA0IC00NjQgMA0KdiAtMjg4IC00NjQgMA0KdiAtMjcyIC00ODAgMA0KdiAtMjg4IC00ODAgMA0KdiAtMjg4IC00NjQgMA0KdiAtMjcyIC00NjQgMA0KdiAtMjU2IC00ODAgMA0KdiAtMjcyIC00ODAgMA0KdiAtMjcyIC00NjQgMA0KdiAtMjU2IC00NjQgMA0KdiAtMjQwIC00ODAgMA0KdiAtMjU2IC00ODAgMA0KdiAtMjU2IC00NjQgMA0KdiAtMjQwIC00NjQgMA0KdiAtMjI0IC00ODAgMA0KdiAtMjQwIC00ODAgMA0KdiAtMjQwIC00NjQgMA0KdiAtMjI0IC00NjQgMA0KdiAtMjA4IC00ODAgMA0KdiAtMjI0IC00ODAgMA0KdiAtMjI0IC00NjQgMA0KdiAtMjA4IC00NjQgMA0KdiAtMTkyIC00ODAgMA0KdiAtMjA4IC00ODAgMA0KdiAtMjA4IC00NjQgMA0KdiAtMTkyIC00NjQgMA0KdiAtMTc2IC00ODAgMA0KdiAtMTkyIC00ODAgMA0KdiAtMTkyIC00NjQgMA0KdiAtMTc2IC00NjQgMA0KdiAtMTYwIC00ODAgMA0KdiAtMTc2IC00ODAgMA0KdiAtMTc2IC00NjQgMA0KdiAtMTYwIC00NjQgMA0KdiAtMTQ0IC00ODAgMA0KdiAtMTYwIC00ODAgMA0KdiAtMTYwIC00NjQgMA0KdiAtMTQ0IC00NjQgMA0KdiAtMTI4IC00ODAgMA0KdiAtMTQ0IC00ODAgMA0KdiAtMTQ0IC00NjQgMA0KdiAtMTI4IC00NjQgMA0KdiAtMTEyIC00ODAgMA0KdiAtMTI4IC00ODAgMA0KdiAtMTI4IC00NjQgMA0KdiAtMTEyIC00NjQgMA0KdiAtOTYgLTQ4MCAwDQp2IC0xMTIgLTQ4MCAwDQp2IC0xMTIgLTQ2NCAwDQp2IC05NiAtNDY0IDANCnYgLTgwIC00ODAgMA0KdiAtOTYgLTQ4MCAwDQp2IC05NiAtNDY0IDANCnYgLTgwIC00NjQgMA0KdiAtNjQgLTQ4MCAwDQp2IC04MCAtNDgwIDANCnYgLTgwIC00NjQgMA0KdiAtNjQgLTQ2NCAwDQp2IC00OCAtNDgwIDANCnYgLTY0IC00ODAgMA0KdiAtNjQgLTQ2NCAwDQp2IC00OCAtNDY0IDANCnYgLTMyIC00ODAgMA0KdiAtNDggLTQ4MCAwDQp2IC00OCAtNDY0IDANCnYgLTMyIC00NjQgMA0KdiAtMTYgLTQ4MCAwDQp2IC0zMiAtNDgwIDANCnYgLTMyIC00NjQgMA0KdiAtMTYgLTQ2NCAwDQp2IDAgLTQ4MCAwDQp2IC0xNiAtNDgwIDANCnYgLTE2IC00NjQgMA0KdiAwIC00NjQgMA0KdiAtMTE4NCAtNDk2IDANCnYgLTEyMDAgLTQ5NiAwDQp2IC0xMjAwIC00ODAgMA0KdiAtMTE4NCAtNDgwIDANCnYgLTExNjggLTQ5NiAwDQp2IC0xMTg0IC00OTYgMA0KdiAtMTE4NCAtNDgwIDANCnYgLTExNjggLTQ4MCAwDQp2IC0xMTUyIC00OTYgMA0KdiAtMTE2OCAtNDk2IDANCnYgLTExNjggLTQ4MCAwDQp2IC0xMTUyIC00ODAgMA0KdiAtMTEzNiAtNDk2IDANCnYgLTExNTIgLTQ5NiAwDQp2IC0xMTUyIC00ODAgMA0KdiAtMTEzNiAtNDgwIDANCnYgLTExMjAgLTQ5NiAwDQp2IC0xMTM2IC00OTYgMA0KdiAtMTEzNiAtNDgwIDANCnYgLTExMjAgLTQ4MCAwDQp2IC0xMTA0IC00OTYgMA0KdiAtMTEyMCAtNDk2IDANCnYgLTExMjAgLTQ4MCAwDQp2IC0xMTA0IC00ODAgMA0KdiAtMTA4OCAtNDk2IDANCnYgLTExMDQgLTQ5NiAwDQp2IC0xMTA0IC00ODAgMA0KdiAtMTA4OCAtNDgwIDANCnYgLTEwNzIgLTQ5NiAwDQp2IC0xMDg4IC00OTYgMA0KdiAtMTA4OCAtNDgwIDANCnYgLTEwNzIgLTQ4MCAwDQp2IC0xMDU2IC00OTYgMA0KdiAtMTA3MiAtNDk2IDANCnYgLTEwNzIgLTQ4MCAwDQp2IC0xMDU2IC00ODAgMA0KdiAtMTA0MCAtNDk2IDANCnYgLTEwNTYgLTQ5NiAwDQp2IC0xMDU2IC00ODAgMA0KdiAtMTA0MCAtNDgwIDANCnYgLTEwMjQgLTQ5NiAwDQp2IC0xMDQwIC00OTYgMA0KdiAtMTA0MCAtNDgwIDANCnYgLTEwMjQgLTQ4MCAwDQp2IC0xMDA4IC00OTYgMA0KdiAtMTAyNCAtNDk2IDANCnYgLTEwMjQgLTQ4MCAwDQp2IC0xMDA4IC00ODAgMA0KdiAtOTkyIC00OTYgMA0KdiAtMTAwOCAtNDk2IDANCnYgLTEwMDggLTQ4MCAwDQp2IC05OTIgLTQ4MCAwDQp2IC05NzYgLTQ5NiAwDQp2IC05OTIgLTQ5NiAwDQp2IC05OTIgLTQ4MCAwDQp2IC05NzYgLTQ4MCAwDQp2IC05NjAgLTQ5NiAwDQp2IC05NzYgLTQ5NiAwDQp2IC05NzYgLTQ4MCAwDQp2IC05NjAgLTQ4MCAwDQp2IC05NDQgLTQ5NiAwDQp2IC05NjAgLTQ5NiAwDQp2IC05NjAgLTQ4MCAwDQp2IC05NDQgLTQ4MCAwDQp2IC05MjggLTQ5NiAwDQp2IC05NDQgLTQ5NiAwDQp2IC05NDQgLTQ4MCAwDQp2IC05MjggLTQ4MCAwDQp2IC05MTIgLTQ5NiAwDQp2IC05MjggLTQ5NiAwDQp2IC05MjggLTQ4MCAwDQp2IC05MTIgLTQ4MCAwDQp2IC04OTYgLTQ5NiAwDQp2IC05MTIgLTQ5NiAwDQp2IC05MTIgLTQ4MCAwDQp2IC04OTYgLTQ4MCAwDQp2IC04ODAgLTQ5NiAwDQp2IC04OTYgLTQ5NiAwDQp2IC04OTYgLTQ4MCAwDQp2IC04ODAgLTQ4MCAwDQp2IC04NjQgLTQ5NiAwDQp2IC04ODAgLTQ5NiAwDQp2IC04ODAgLTQ4MCAwDQp2IC04NjQgLTQ4MCAwDQp2IC04NDggLTQ5NiAwDQp2IC04NjQgLTQ5NiAwDQp2IC04NjQgLTQ4MCAwDQp2IC04NDggLTQ4MCAwDQp2IC04MzIgLTQ5NiAwDQp2IC04NDggLTQ5NiAwDQp2IC04NDggLTQ4MCAwDQp2IC04MzIgLTQ4MCAwDQp2IC04MTYgLTQ5NiAwDQp2IC04MzIgLTQ5NiAwDQp2IC04MzIgLTQ4MCAwDQp2IC04MTYgLTQ4MCAwDQp2IC04MDAgLTQ5NiAwDQp2IC04MTYgLTQ5NiAwDQp2IC04MTYgLTQ4MCAwDQp2IC04MDAgLTQ4MCAwDQp2IC03ODQgLTQ5NiAwDQp2IC04MDAgLTQ5NiAwDQp2IC04MDAgLTQ4MCAwDQp2IC03ODQgLTQ4MCAwDQp2IC03NjggLTQ5NiAwDQp2IC03ODQgLTQ5NiAwDQp2IC03ODQgLTQ4MCAwDQp2IC03NjggLTQ4MCAwDQp2IC03NTIgLTQ5NiAwDQp2IC03NjggLTQ5NiAwDQp2IC03NjggLTQ4MCAwDQp2IC03NTIgLTQ4MCAwDQp2IC03MzYgLTQ5NiAwDQp2IC03NTIgLTQ5NiAwDQp2IC03NTIgLTQ4MCAwDQp2IC03MzYgLTQ4MCAwDQp2IC03MjAgLTQ5NiAwDQp2IC03MzYgLTQ5NiAwDQp2IC03MzYgLTQ4MCAwDQp2IC03MjAgLTQ4MCAwDQp2IC03MDQgLTQ5NiAwDQp2IC03MjAgLTQ5NiAwDQp2IC03MjAgLTQ4MCAwDQp2IC03MDQgLTQ4MCAwDQp2IC02ODggLTQ5NiAwDQp2IC03MDQgLTQ5NiAwDQp2IC03MDQgLTQ4MCAwDQp2IC02ODggLTQ4MCAwDQp2IC02NzIgLTQ5NiAwDQp2IC02ODggLTQ5NiAwDQp2IC02ODggLTQ4MCAwDQp2IC02NzIgLTQ4MCAwDQp2IC02NTYgLTQ5NiAwDQp2IC02NzIgLTQ5NiAwDQp2IC02NzIgLTQ4MCAwDQp2IC02NTYgLTQ4MCAwDQp2IC02NDAgLTQ5NiAwDQp2IC02NTYgLTQ5NiAwDQp2IC02NTYgLTQ4MCAwDQp2IC02NDAgLTQ4MCAwDQp2IC02MjQgLTQ5NiAwDQp2IC02NDAgLTQ5NiAwDQp2IC02NDAgLTQ4MCAwDQp2IC02MjQgLTQ4MCAwDQp2IC02MDggLTQ5NiAwDQp2IC02MjQgLTQ5NiAwDQp2IC02MjQgLTQ4MCAwDQp2IC02MDggLTQ4MCAwDQp2IC01OTIgLTQ5NiAwDQp2IC02MDggLTQ5NiAwDQp2IC02MDggLTQ4MCAwDQp2IC01OTIgLTQ4MCAwDQp2IC01NzYgLTQ5NiAwDQp2IC01OTIgLTQ5NiAwDQp2IC01OTIgLTQ4MCAwDQp2IC01NzYgLTQ4MCAwDQp2IC01NjAgLTQ5NiAwDQp2IC01NzYgLTQ5NiAwDQp2IC01NzYgLTQ4MCAwDQp2IC01NjAgLTQ4MCAwDQp2IC01NDQgLTQ5NiAwDQp2IC01NjAgLTQ5NiAwDQp2IC01NjAgLTQ4MCAwDQp2IC01NDQgLTQ4MCAwDQp2IC01MjggLTQ5NiAwDQp2IC01NDQgLTQ5NiAwDQp2IC01NDQgLTQ4MCAwDQp2IC01MjggLTQ4MCAwDQp2IC01MTIgLTQ5NiAwDQp2IC01MjggLTQ5NiAwDQp2IC01MjggLTQ4MCAwDQp2IC01MTIgLTQ4MCAwDQp2IC00OTYgLTQ5NiAwDQp2IC01MTIgLTQ5NiAwDQp2IC01MTIgLTQ4MCAwDQp2IC00OTYgLTQ4MCAwDQp2IC00ODAgLTQ5NiAwDQp2IC00OTYgLTQ5NiAwDQp2IC00OTYgLTQ4MCAwDQp2IC00ODAgLTQ4MCAwDQp2IC00NjQgLTQ5NiAwDQp2IC00ODAgLTQ5NiAwDQp2IC00ODAgLTQ4MCAwDQp2IC00NjQgLTQ4MCAwDQp2IC00NDggLTQ5NiAwDQp2IC00NjQgLTQ5NiAwDQp2IC00NjQgLTQ4MCAwDQp2IC00NDggLTQ4MCAwDQp2IC00MzIgLTQ5NiAwDQp2IC00NDggLTQ5NiAwDQp2IC00NDggLTQ4MCAwDQp2IC00MzIgLTQ4MCAwDQp2IC00MTYgLTQ5NiAwDQp2IC00MzIgLTQ5NiAwDQp2IC00MzIgLTQ4MCAwDQp2IC00MTYgLTQ4MCAwDQp2IC00MDAgLTQ5NiAwDQp2IC00MTYgLTQ5NiAwDQp2IC00MTYgLTQ4MCAwDQp2IC00MDAgLTQ4MCAwDQp2IC0zODQgLTQ5NiAwDQp2IC00MDAgLTQ5NiAwDQp2IC00MDAgLTQ4MCAwDQp2IC0zODQgLTQ4MCAwDQp2IC0zNjggLTQ5NiAwDQp2IC0zODQgLTQ5NiAwDQp2IC0zODQgLTQ4MCAwDQp2IC0zNjggLTQ4MCAwDQp2IC0zNTIgLTQ5NiAwDQp2IC0zNjggLTQ5NiAwDQp2IC0zNjggLTQ4MCAwDQp2IC0zNTIgLTQ4MCAwDQp2IC0zMzYgLTQ5NiAwDQp2IC0zNTIgLTQ5NiAwDQp2IC0zNTIgLTQ4MCAwDQp2IC0zMzYgLTQ4MCAwDQp2IC0zMjAgLTQ5NiAwDQp2IC0zMzYgLTQ5NiAwDQp2IC0zMzYgLTQ4MCAwDQp2IC0zMjAgLTQ4MCAwDQp2IC0zMDQgLTQ5NiAwDQp2IC0zMjAgLTQ5NiAwDQp2IC0zMjAgLTQ4MCAwDQp2IC0zMDQgLTQ4MCAwDQp2IC0yODggLTQ5NiAwDQp2IC0zMDQgLTQ5NiAwDQp2IC0zMDQgLTQ4MCAwDQp2IC0yODggLTQ4MCAwDQp2IC0yNzIgLTQ5NiAwDQp2IC0yODggLTQ5NiAwDQp2IC0yODggLTQ4MCAwDQp2IC0yNzIgLTQ4MCAwDQp2IC0yNTYgLTQ5NiAwDQp2IC0yNzIgLTQ5NiAwDQp2IC0yNzIgLTQ4MCAwDQp2IC0yNTYgLTQ4MCAwDQp2IC0yNDAgLTQ5NiAwDQp2IC0yNTYgLTQ5NiAwDQp2IC0yNTYgLTQ4MCAwDQp2IC0yNDAgLTQ4MCAwDQp2IC0yMjQgLTQ5NiAwDQp2IC0yNDAgLTQ5NiAwDQp2IC0yNDAgLTQ4MCAwDQp2IC0yMjQgLTQ4MCAwDQp2IC0yMDggLTQ5NiAwDQp2IC0yMjQgLTQ5NiAwDQp2IC0yMjQgLTQ4MCAwDQp2IC0yMDggLTQ4MCAwDQp2IC0xOTIgLTQ5NiAwDQp2IC0yMDggLTQ5NiAwDQp2IC0yMDggLTQ4MCAwDQp2IC0xOTIgLTQ4MCAwDQp2IC0xNzYgLTQ5NiAwDQp2IC0xOTIgLTQ5NiAwDQp2IC0xOTIgLTQ4MCAwDQp2IC0xNzYgLTQ4MCAwDQp2IC0xNjAgLTQ5NiAwDQp2IC0xNzYgLTQ5NiAwDQp2IC0xNzYgLTQ4MCAwDQp2IC0xNjAgLTQ4MCAwDQp2IC0xNDQgLTQ5NiAwDQp2IC0xNjAgLTQ5NiAwDQp2IC0xNjAgLTQ4MCAwDQp2IC0xNDQgLTQ4MCAwDQp2IC0xMjggLTQ5NiAwDQp2IC0xNDQgLTQ5NiAwDQp2IC0xNDQgLTQ4MCAwDQp2IC0xMjggLTQ4MCAwDQp2IC0xMTIgLTQ5NiAwDQp2IC0xMjggLTQ5NiAwDQp2IC0xMjggLTQ4MCAwDQp2IC0xMTIgLTQ4MCAwDQp2IC05NiAtNDk2IDANCnYgLTExMiAtNDk2IDANCnYgLTExMiAtNDgwIDANCnYgLTk2IC00ODAgMA0KdiAtODAgLTQ5NiAwDQp2IC05NiAtNDk2IDANCnYgLTk2IC00ODAgMA0KdiAtODAgLTQ4MCAwDQp2IC02NCAtNDk2IDANCnYgLTgwIC00OTYgMA0KdiAtODAgLTQ4MCAwDQp2IC02NCAtNDgwIDANCnYgLTQ4IC00OTYgMA0KdiAtNjQgLTQ5NiAwDQp2IC02NCAtNDgwIDANCnYgLTQ4IC00ODAgMA0KdiAtMzIgLTQ5NiAwDQp2IC00OCAtNDk2IDANCnYgLTQ4IC00ODAgMA0KdiAtMzIgLTQ4MCAwDQp2IC0xNiAtNDk2IDANCnYgLTMyIC00OTYgMA0KdiAtMzIgLTQ4MCAwDQp2IC0xNiAtNDgwIDANCnYgMCAtNDk2IDANCnYgLTE2IC00OTYgMA0KdiAtMTYgLTQ4MCAwDQp2IDAgLTQ4MCAwDQp2IC0xMTg0IC01MTIgMA0KdiAtMTIwMCAtNTEyIDANCnYgLTEyMDAgLTQ5NiAwDQp2IC0xMTg0IC00OTYgMA0KdiAtMTE2OCAtNTEyIDANCnYgLTExODQgLTUxMiAwDQp2IC0xMTg0IC00OTYgMA0KdiAtMTE2OCAtNDk2IDANCnYgLTExNTIgLTUxMiAwDQp2IC0xMTY4IC01MTIgMA0KdiAtMTE2OCAtNDk2IDANCnYgLTExNTIgLTQ5NiAwDQp2IC0xMTM2IC01MTIgMA0KdiAtMTE1MiAtNTEyIDANCnYgLTExNTIgLTQ5NiAwDQp2IC0xMTM2IC00OTYgMA0KdiAtMTEyMCAtNTEyIDANCnYgLTExMzYgLTUxMiAwDQp2IC0xMTM2IC00OTYgMA0KdiAtMTEyMCAtNDk2IDANCnYgLTExMDQgLTUxMiAwDQp2IC0xMTIwIC01MTIgMA0KdiAtMTEyMCAtNDk2IDANCnYgLTExMDQgLTQ5NiAwDQp2IC0xMDg4IC01MTIgMA0KdiAtMTEwNCAtNTEyIDANCnYgLTExMDQgLTQ5NiAwDQp2IC0xMDg4IC00OTYgMA0KdiAtMTA3MiAtNTEyIDANCnYgLTEwODggLTUxMiAwDQp2IC0xMDg4IC00OTYgMA0KdiAtMTA3MiAtNDk2IDANCnYgLTEwNTYgLTUxMiAwDQp2IC0xMDcyIC01MTIgMA0KdiAtMTA3MiAtNDk2IDANCnYgLTEwNTYgLTQ5NiAwDQp2IC0xMDQwIC01MTIgMA0KdiAtMTA1NiAtNTEyIDANCnYgLTEwNTYgLTQ5NiAwDQp2IC0xMDQwIC00OTYgMA0KdiAtMTAyNCAtNTEyIDANCnYgLTEwNDAgLTUxMiAwDQp2IC0xMDQwIC00OTYgMA0KdiAtMTAyNCAtNDk2IDANCnYgLTEwMDggLTUxMiAwDQp2IC0xMDI0IC01MTIgMA0KdiAtMTAyNCAtNDk2IDANCnYgLTEwMDggLTQ5NiAwDQp2IC05OTIgLTUxMiAwDQp2IC0xMDA4IC01MTIgMA0KdiAtMTAwOCAtNDk2IDANCnYgLTk5MiAtNDk2IDANCnYgLTk3NiAtNTEyIDANCnYgLTk5MiAtNTEyIDANCnYgLTk5MiAtNDk2IDANCnYgLTk3NiAtNDk2IDANCnYgLTk2MCAtNTEyIDANCnYgLTk3NiAtNTEyIDANCnYgLTk3NiAtNDk2IDANCnYgLTk2MCAtNDk2IDANCnYgLTk0NCAtNTEyIDANCnYgLTk2MCAtNTEyIDANCnYgLTk2MCAtNDk2IDANCnYgLTk0NCAtNDk2IDANCnYgLTkyOCAtNTEyIDANCnYgLTk0NCAtNTEyIDANCnYgLTk0NCAtNDk2IDANCnYgLTkyOCAtNDk2IDANCnYgLTkxMiAtNTEyIDANCnYgLTkyOCAtNTEyIDANCnYgLTkyOCAtNDk2IDANCnYgLTkxMiAtNDk2IDANCnYgLTg5NiAtNTEyIDANCnYgLTkxMiAtNTEyIDANCnYgLTkxMiAtNDk2IDANCnYgLTg5NiAtNDk2IDANCnYgLTg4MCAtNTEyIDANCnYgLTg5NiAtNTEyIDANCnYgLTg5NiAtNDk2IDANCnYgLTg4MCAtNDk2IDANCnYgLTg2NCAtNTEyIDANCnYgLTg4MCAtNTEyIDANCnYgLTg4MCAtNDk2IDANCnYgLTg2NCAtNDk2IDANCnYgLTg0OCAtNTEyIDANCnYgLTg2NCAtNTEyIDANCnYgLTg2NCAtNDk2IDANCnYgLTg0OCAtNDk2IDANCnYgLTgzMiAtNTEyIDANCnYgLTg0OCAtNTEyIDANCnYgLTg0OCAtNDk2IDANCnYgLTgzMiAtNDk2IDANCnYgLTgxNiAtNTEyIDANCnYgLTgzMiAtNTEyIDANCnYgLTgzMiAtNDk2IDANCnYgLTgxNiAtNDk2IDANCnYgLTgwMCAtNTEyIDANCnYgLTgxNiAtNTEyIDANCnYgLTgxNiAtNDk2IDANCnYgLTgwMCAtNDk2IDANCnYgLTc4NCAtNTEyIDANCnYgLTgwMCAtNTEyIDANCnYgLTgwMCAtNDk2IDANCnYgLTc4NCAtNDk2IDANCnYgLTc2OCAtNTEyIDANCnYgLTc4NCAtNTEyIDANCnYgLTc4NCAtNDk2IDANCnYgLTc2OCAtNDk2IDANCnYgLTc1MiAtNTEyIDANCnYgLTc2OCAtNTEyIDANCnYgLTc2OCAtNDk2IDANCnYgLTc1MiAtNDk2IDANCnYgLTczNiAtNTEyIDANCnYgLTc1MiAtNTEyIDANCnYgLTc1MiAtNDk2IDANCnYgLTczNiAtNDk2IDANCnYgLTcyMCAtNTEyIDANCnYgLTczNiAtNTEyIDANCnYgLTczNiAtNDk2IDANCnYgLTcyMCAtNDk2IDANCnYgLTcwNCAtNTEyIDANCnYgLTcyMCAtNTEyIDANCnYgLTcyMCAtNDk2IDANCnYgLTcwNCAtNDk2IDANCnYgLTY4OCAtNTEyIDANCnYgLTcwNCAtNTEyIDANCnYgLTcwNCAtNDk2IDANCnYgLTY4OCAtNDk2IDANCnYgLTY3MiAtNTEyIDANCnYgLTY4OCAtNTEyIDANCnYgLTY4OCAtNDk2IDANCnYgLTY3MiAtNDk2IDANCnYgLTY1NiAtNTEyIDANCnYgLTY3MiAtNTEyIDANCnYgLTY3MiAtNDk2IDANCnYgLTY1NiAtNDk2IDANCnYgLTY0MCAtNTEyIDANCnYgLTY1NiAtNTEyIDANCnYgLTY1NiAtNDk2IDANCnYgLTY0MCAtNDk2IDANCnYgLTYyNCAtNTEyIDANCnYgLTY0MCAtNTEyIDANCnYgLTY0MCAtNDk2IDANCnYgLTYyNCAtNDk2IDANCnYgLTYwOCAtNTEyIDANCnYgLTYyNCAtNTEyIDANCnYgLTYyNCAtNDk2IDANCnYgLTYwOCAtNDk2IDANCnYgLTU5MiAtNTEyIDANCnYgLTYwOCAtNTEyIDANCnYgLTYwOCAtNDk2IDANCnYgLTU5MiAtNDk2IDANCnYgLTU3NiAtNTEyIDANCnYgLTU5MiAtNTEyIDANCnYgLTU5MiAtNDk2IDANCnYgLTU3NiAtNDk2IDANCnYgLTU2MCAtNTEyIDANCnYgLTU3NiAtNTEyIDANCnYgLTU3NiAtNDk2IDANCnYgLTU2MCAtNDk2IDANCnYgLTU0NCAtNTEyIDANCnYgLTU2MCAtNTEyIDANCnYgLTU2MCAtNDk2IDANCnYgLTU0NCAtNDk2IDANCnYgLTUyOCAtNTEyIDANCnYgLTU0NCAtNTEyIDANCnYgLTU0NCAtNDk2IDANCnYgLTUyOCAtNDk2IDANCnYgLTUxMiAtNTEyIDANCnYgLTUyOCAtNTEyIDANCnYgLTUyOCAtNDk2IDANCnYgLTUxMiAtNDk2IDANCnYgLTQ5NiAtNTEyIDANCnYgLTUxMiAtNTEyIDANCnYgLTUxMiAtNDk2IDANCnYgLTQ5NiAtNDk2IDANCnYgLTQ4MCAtNTEyIDANCnYgLTQ5NiAtNTEyIDANCnYgLTQ5NiAtNDk2IDANCnYgLTQ4MCAtNDk2IDANCnYgLTQ2NCAtNTEyIDANCnYgLTQ4MCAtNTEyIDANCnYgLTQ4MCAtNDk2IDANCnYgLTQ2NCAtNDk2IDANCnYgLTQ0OCAtNTEyIDANCnYgLTQ2NCAtNTEyIDANCnYgLTQ2NCAtNDk2IDANCnYgLTQ0OCAtNDk2IDANCnYgLTQzMiAtNTEyIDANCnYgLTQ0OCAtNTEyIDANCnYgLTQ0OCAtNDk2IDANCnYgLTQzMiAtNDk2IDANCnYgLTQxNiAtNTEyIDANCnYgLTQzMiAtNTEyIDANCnYgLTQzMiAtNDk2IDANCnYgLTQxNiAtNDk2IDANCnYgLTQwMCAtNTEyIDANCnYgLTQxNiAtNTEyIDANCnYgLTQxNiAtNDk2IDANCnYgLTQwMCAtNDk2IDANCnYgLTM4NCAtNTEyIDANCnYgLTQwMCAtNTEyIDANCnYgLTQwMCAtNDk2IDANCnYgLTM4NCAtNDk2IDANCnYgLTM2OCAtNTEyIDANCnYgLTM4NCAtNTEyIDANCnYgLTM4NCAtNDk2IDANCnYgLTM2OCAtNDk2IDANCnYgLTM1MiAtNTEyIDANCnYgLTM2OCAtNTEyIDANCnYgLTM2OCAtNDk2IDANCnYgLTM1MiAtNDk2IDANCnYgLTMzNiAtNTEyIDANCnYgLTM1MiAtNTEyIDANCnYgLTM1MiAtNDk2IDANCnYgLTMzNiAtNDk2IDANCnYgLTMyMCAtNTEyIDANCnYgLTMzNiAtNTEyIDANCnYgLTMzNiAtNDk2IDANCnYgLTMyMCAtNDk2IDANCnYgLTMwNCAtNTEyIDANCnYgLTMyMCAtNTEyIDANCnYgLTMyMCAtNDk2IDANCnYgLTMwNCAtNDk2IDANCnYgLTI4OCAtNTEyIDANCnYgLTMwNCAtNTEyIDANCnYgLTMwNCAtNDk2IDANCnYgLTI4OCAtNDk2IDANCnYgLTI3MiAtNTEyIDANCnYgLTI4OCAtNTEyIDANCnYgLTI4OCAtNDk2IDANCnYgLTI3MiAtNDk2IDANCnYgLTI1NiAtNTEyIDANCnYgLTI3MiAtNTEyIDANCnYgLTI3MiAtNDk2IDANCnYgLTI1NiAtNDk2IDANCnYgLTI0MCAtNTEyIDANCnYgLTI1NiAtNTEyIDANCnYgLTI1NiAtNDk2IDANCnYgLTI0MCAtNDk2IDANCnYgLTIyNCAtNTEyIDANCnYgLTI0MCAtNTEyIDANCnYgLTI0MCAtNDk2IDANCnYgLTIyNCAtNDk2IDANCnYgLTIwOCAtNTEyIDANCnYgLTIyNCAtNTEyIDANCnYgLTIyNCAtNDk2IDANCnYgLTIwOCAtNDk2IDANCnYgLTE5MiAtNTEyIDANCnYgLTIwOCAtNTEyIDANCnYgLTIwOCAtNDk2IDANCnYgLTE5MiAtNDk2IDANCnYgLTE3NiAtNTEyIDANCnYgLTE5MiAtNTEyIDANCnYgLTE5MiAtNDk2IDANCnYgLTE3NiAtNDk2IDANCnYgLTE2MCAtNTEyIDANCnYgLTE3NiAtNTEyIDANCnYgLTE3NiAtNDk2IDANCnYgLTE2MCAtNDk2IDANCnYgLTE0NCAtNTEyIDANCnYgLTE2MCAtNTEyIDANCnYgLTE2MCAtNDk2IDANCnYgLTE0NCAtNDk2IDANCnYgLTEyOCAtNTEyIDANCnYgLTE0NCAtNTEyIDANCnYgLTE0NCAtNDk2IDANCnYgLTEyOCAtNDk2IDANCnYgLTExMiAtNTEyIDANCnYgLTEyOCAtNTEyIDANCnYgLTEyOCAtNDk2IDANCnYgLTExMiAtNDk2IDANCnYgLTk2IC01MTIgMA0KdiAtMTEyIC01MTIgMA0KdiAtMTEyIC00OTYgMA0KdiAtOTYgLTQ5NiAwDQp2IC04MCAtNTEyIDANCnYgLTk2IC01MTIgMA0KdiAtOTYgLTQ5NiAwDQp2IC04MCAtNDk2IDANCnYgLTY0IC01MTIgMA0KdiAtODAgLTUxMiAwDQp2IC04MCAtNDk2IDANCnYgLTY0IC00OTYgMA0KdiAtNDggLTUxMiAwDQp2IC02NCAtNTEyIDANCnYgLTY0IC00OTYgMA0KdiAtNDggLTQ5NiAwDQp2IC0zMiAtNTEyIDANCnYgLTQ4IC01MTIgMA0KdiAtNDggLTQ5NiAwDQp2IC0zMiAtNDk2IDANCnYgLTE2IC01MTIgMA0KdiAtMzIgLTUxMiAwDQp2IC0zMiAtNDk2IDANCnYgLTE2IC00OTYgMA0KdiAwIC01MTIgMA0KdiAtMTYgLTUxMiAwDQp2IC0xNiAtNDk2IDANCnYgMCAtNDk2IDANCnYgLTExODQgLTUyOCAwDQp2IC0xMjAwIC01MjggMA0KdiAtMTIwMCAtNTEyIDANCnYgLTExODQgLTUxMiAwDQp2IC0xMTY4IC01MjggMA0KdiAtMTE4NCAtNTI4IDANCnYgLTExODQgLTUxMiAwDQp2IC0xMTY4IC01MTIgMA0KdiAtMTE1MiAtNTI4IDANCnYgLTExNjggLTUyOCAwDQp2IC0xMTY4IC01MTIgMA0KdiAtMTE1MiAtNTEyIDANCnYgLTExMzYgLTUyOCAwDQp2IC0xMTUyIC01MjggMA0KdiAtMTE1MiAtNTEyIDANCnYgLTExMzYgLTUxMiAwDQp2IC0xMTIwIC01MjggMA0KdiAtMTEzNiAtNTI4IDANCnYgLTExMzYgLTUxMiAwDQp2IC0xMTIwIC01MTIgMA0KdiAtMTEwNCAtNTI4IDANCnYgLTExMjAgLTUyOCAwDQp2IC0xMTIwIC01MTIgMA0KdiAtMTEwNCAtNTEyIDANCnYgLTEwODggLTUyOCAwDQp2IC0xMTA0IC01MjggMA0KdiAtMTEwNCAtNTEyIDANCnYgLTEwODggLTUxMiAwDQp2IC0xMDcyIC01MjggMA0KdiAtMTA4OCAtNTI4IDANCnYgLTEwODggLTUxMiAwDQp2IC0xMDcyIC01MTIgMA0KdiAtMTA1NiAtNTI4IDANCnYgLTEwNzIgLTUyOCAwDQp2IC0xMDcyIC01MTIgMA0KdiAtMTA1NiAtNTEyIDANCnYgLTEwNDAgLTUyOCAwDQp2IC0xMDU2IC01MjggMA0KdiAtMTA1NiAtNTEyIDANCnYgLTEwNDAgLTUxMiAwDQp2IC0xMDI0IC01MjggMA0KdiAtMTA0MCAtNTI4IDANCnYgLTEwNDAgLTUxMiAwDQp2IC0xMDI0IC01MTIgMA0KdiAtMTAwOCAtNTI4IDANCnYgLTEwMjQgLTUyOCAwDQp2IC0xMDI0IC01MTIgMA0KdiAtMTAwOCAtNTEyIDANCnYgLTk5MiAtNTI4IDANCnYgLTEwMDggLTUyOCAwDQp2IC0xMDA4IC01MTIgMA0KdiAtOTkyIC01MTIgMA0KdiAtOTc2IC01MjggMA0KdiAtOTkyIC01MjggMA0KdiAtOTkyIC01MTIgMA0KdiAtOTc2IC01MTIgMA0KdiAtOTYwIC01MjggMA0KdiAtOTc2IC01MjggMA0KdiAtOTc2IC01MTIgMA0KdiAtOTYwIC01MTIgMA0KdiAtOTQ0IC01MjggMA0KdiAtOTYwIC01MjggMA0KdiAtOTYwIC01MTIgMA0KdiAtOTQ0IC01MTIgMA0KdiAtOTI4IC01MjggMA0KdiAtOTQ0IC01MjggMA0KdiAtOTQ0IC01MTIgMA0KdiAtOTI4IC01MTIgMA0KdiAtOTEyIC01MjggMA0KdiAtOTI4IC01MjggMA0KdiAtOTI4IC01MTIgMA0KdiAtOTEyIC01MTIgMA0KdiAtODk2IC01MjggMA0KdiAtOTEyIC01MjggMA0KdiAtOTEyIC01MTIgMA0KdiAtODk2IC01MTIgMA0KdiAtODgwIC01MjggMA0KdiAtODk2IC01MjggMA0KdiAtODk2IC01MTIgMA0KdiAtODgwIC01MTIgMA0KdiAtODY0IC01MjggMA0KdiAtODgwIC01MjggMA0KdiAtODgwIC01MTIgMA0KdiAtODY0IC01MTIgMA0KdiAtODQ4IC01MjggMA0KdiAtODY0IC01MjggMA0KdiAtODY0IC01MTIgMA0KdiAtODQ4IC01MTIgMA0KdiAtODMyIC01MjggMA0KdiAtODQ4IC01MjggMA0KdiAtODQ4IC01MTIgMA0KdiAtODMyIC01MTIgMA0KdiAtODE2IC01MjggMA0KdiAtODMyIC01MjggMA0KdiAtODMyIC01MTIgMA0KdiAtODE2IC01MTIgMA0KdiAtODAwIC01MjggMA0KdiAtODE2IC01MjggMA0KdiAtODE2IC01MTIgMA0KdiAtODAwIC01MTIgMA0KdiAtNzg0IC01MjggMA0KdiAtODAwIC01MjggMA0KdiAtODAwIC01MTIgMA0KdiAtNzg0IC01MTIgMA0KdiAtNzY4IC01MjggMA0KdiAtNzg0IC01MjggMA0KdiAtNzg0IC01MTIgMA0KdiAtNzY4IC01MTIgMA0KdiAtNzUyIC01MjggMA0KdiAtNzY4IC01MjggMA0KdiAtNzY4IC01MTIgMA0KdiAtNzUyIC01MTIgMA0KdiAtNzM2IC01MjggMA0KdiAtNzUyIC01MjggMA0KdiAtNzUyIC01MTIgMA0KdiAtNzM2IC01MTIgMA0KdiAtNzIwIC01MjggMA0KdiAtNzM2IC01MjggMA0KdiAtNzM2IC01MTIgMA0KdiAtNzIwIC01MTIgMA0KdiAtNzA0IC01MjggMA0KdiAtNzIwIC01MjggMA0KdiAtNzIwIC01MTIgMA0KdiAtNzA0IC01MTIgMA0KdiAtNjg4IC01MjggMA0KdiAtNzA0IC01MjggMA0KdiAtNzA0IC01MTIgMA0KdiAtNjg4IC01MTIgMA0KdiAtNjcyIC01MjggMA0KdiAtNjg4IC01MjggMA0KdiAtNjg4IC01MTIgMA0KdiAtNjcyIC01MTIgMA0KdiAtNjU2IC01MjggMA0KdiAtNjcyIC01MjggMA0KdiAtNjcyIC01MTIgMA0KdiAtNjU2IC01MTIgMA0KdiAtNjQwIC01MjggMA0KdiAtNjU2IC01MjggMA0KdiAtNjU2IC01MTIgMA0KdiAtNjQwIC01MTIgMA0KdiAtNjI0IC01MjggMA0KdiAtNjQwIC01MjggMA0KdiAtNjQwIC01MTIgMA0KdiAtNjI0IC01MTIgMA0KdiAtNjA4IC01MjggMA0KdiAtNjI0IC01MjggMA0KdiAtNjI0IC01MTIgMA0KdiAtNjA4IC01MTIgMA0KdiAtNTkyIC01MjggMA0KdiAtNjA4IC01MjggMA0KdiAtNjA4IC01MTIgMA0KdiAtNTkyIC01MTIgMA0KdiAtNTc2IC01MjggMA0KdiAtNTkyIC01MjggMA0KdiAtNTkyIC01MTIgMA0KdiAtNTc2IC01MTIgMA0KdiAtNTYwIC01MjggMA0KdiAtNTc2IC01MjggMA0KdiAtNTc2IC01MTIgMA0KdiAtNTYwIC01MTIgMA0KdiAtNTQ0IC01MjggMA0KdiAtNTYwIC01MjggMA0KdiAtNTYwIC01MTIgMA0KdiAtNTQ0IC01MTIgMA0KdiAtNTI4IC01MjggMA0KdiAtNTQ0IC01MjggMA0KdiAtNTQ0IC01MTIgMA0KdiAtNTI4IC01MTIgMA0KdiAtNTEyIC01MjggMA0KdiAtNTI4IC01MjggMA0KdiAtNTI4IC01MTIgMA0KdiAtNTEyIC01MTIgMA0KdiAtNDk2IC01MjggMA0KdiAtNTEyIC01MjggMA0KdiAtNTEyIC01MTIgMA0KdiAtNDk2IC01MTIgMA0KdiAtNDgwIC01MjggMA0KdiAtNDk2IC01MjggMA0KdiAtNDk2IC01MTIgMA0KdiAtNDgwIC01MTIgMA0KdiAtNDY0IC01MjggMA0KdiAtNDgwIC01MjggMA0KdiAtNDgwIC01MTIgMA0KdiAtNDY0IC01MTIgMA0KdiAtNDQ4IC01MjggMA0KdiAtNDY0IC01MjggMA0KdiAtNDY0IC01MTIgMA0KdiAtNDQ4IC01MTIgMA0KdiAtNDMyIC01MjggMA0KdiAtNDQ4IC01MjggMA0KdiAtNDQ4IC01MTIgMA0KdiAtNDMyIC01MTIgMA0KdiAtNDE2IC01MjggMA0KdiAtNDMyIC01MjggMA0KdiAtNDMyIC01MTIgMA0KdiAtNDE2IC01MTIgMA0KdiAtNDAwIC01MjggMA0KdiAtNDE2IC01MjggMA0KdiAtNDE2IC01MTIgMA0KdiAtNDAwIC01MTIgMA0KdiAtMzg0IC01MjggMA0KdiAtNDAwIC01MjggMA0KdiAtNDAwIC01MTIgMA0KdiAtMzg0IC01MTIgMA0KdiAtMzY4IC01MjggMA0KdiAtMzg0IC01MjggMA0KdiAtMzg0IC01MTIgMA0KdiAtMzY4IC01MTIgMA0KdiAtMzUyIC01MjggMA0KdiAtMzY4IC01MjggMA0KdiAtMzY4IC01MTIgMA0KdiAtMzUyIC01MTIgMA0KdiAtMzM2IC01MjggMA0KdiAtMzUyIC01MjggMA0KdiAtMzUyIC01MTIgMA0KdiAtMzM2IC01MTIgMA0KdiAtMzIwIC01MjggMA0KdiAtMzM2IC01MjggMA0KdiAtMzM2IC01MTIgMA0KdiAtMzIwIC01MTIgMA0KdiAtMzA0IC01MjggMA0KdiAtMzIwIC01MjggMA0KdiAtMzIwIC01MTIgMA0KdiAtMzA0IC01MTIgMA0KdiAtMjg4IC01MjggMA0KdiAtMzA0IC01MjggMA0KdiAtMzA0IC01MTIgMA0KdiAtMjg4IC01MTIgMA0KdiAtMjcyIC01MjggMA0KdiAtMjg4IC01MjggMA0KdiAtMjg4IC01MTIgMA0KdiAtMjcyIC01MTIgMA0KdiAtMjU2IC01MjggMA0KdiAtMjcyIC01MjggMA0KdiAtMjcyIC01MTIgMA0KdiAtMjU2IC01MTIgMA0KdiAtMjQwIC01MjggMA0KdiAtMjU2IC01MjggMA0KdiAtMjU2IC01MTIgMA0KdiAtMjQwIC01MTIgMA0KdiAtMjI0IC01MjggMA0KdiAtMjQwIC01MjggMA0KdiAtMjQwIC01MTIgMA0KdiAtMjI0IC01MTIgMA0KdiAtMjA4IC01MjggMA0KdiAtMjI0IC01MjggMA0KdiAtMjI0IC01MTIgMA0KdiAtMjA4IC01MTIgMA0KdiAtMTkyIC01MjggMA0KdiAtMjA4IC01MjggMA0KdiAtMjA4IC01MTIgMA0KdiAtMTkyIC01MTIgMA0KdiAtMTc2IC01MjggMA0KdiAtMTkyIC01MjggMA0KdiAtMTkyIC01MTIgMA0KdiAtMTc2IC01MTIgMA0KdiAtMTYwIC01MjggMA0KdiAtMTc2IC01MjggMA0KdiAtMTc2IC01MTIgMA0KdiAtMTYwIC01MTIgMA0KdiAtMTQ0IC01MjggMA0KdiAtMTYwIC01MjggMA0KdiAtMTYwIC01MTIgMA0KdiAtMTQ0IC01MTIgMA0KdiAtMTI4IC01MjggMA0KdiAtMTQ0IC01MjggMA0KdiAtMTQ0IC01MTIgMA0KdiAtMTI4IC01MTIgMA0KdiAtMTEyIC01MjggMA0KdiAtMTI4IC01MjggMA0KdiAtMTI4IC01MTIgMA0KdiAtMTEyIC01MTIgMA0KdiAtOTYgLTUyOCAwDQp2IC0xMTIgLTUyOCAwDQp2IC0xMTIgLTUxMiAwDQp2IC05NiAtNTEyIDANCnYgLTgwIC01MjggMA0KdiAtOTYgLTUyOCAwDQp2IC05NiAtNTEyIDANCnYgLTgwIC01MTIgMA0KdiAtNjQgLTUyOCAwDQp2IC04MCAtNTI4IDANCnYgLTgwIC01MTIgMA0KdiAtNjQgLTUxMiAwDQp2IC00OCAtNTI4IDANCnYgLTY0IC01MjggMA0KdiAtNjQgLTUxMiAwDQp2IC00OCAtNTEyIDANCnYgLTMyIC01MjggMA0KdiAtNDggLTUyOCAwDQp2IC00OCAtNTEyIDANCnYgLTMyIC01MTIgMA0KdiAtMTYgLTUyOCAwDQp2IC0zMiAtNTI4IDANCnYgLTMyIC01MTIgMA0KdiAtMTYgLTUxMiAwDQp2IDAgLTUyOCAwDQp2IC0xNiAtNTI4IDANCnYgLTE2IC01MTIgMA0KdiAwIC01MTIgMA0KdiAtMTE4NCAtNTQ0IDANCnYgLTEyMDAgLTU0NCAwDQp2IC0xMjAwIC01MjggMA0KdiAtMTE4NCAtNTI4IDANCnYgLTExNjggLTU0NCAwDQp2IC0xMTg0IC01NDQgMA0KdiAtMTE4NCAtNTI4IDANCnYgLTExNjggLTUyOCAwDQp2IC0xMTUyIC01NDQgMA0KdiAtMTE2OCAtNTQ0IDANCnYgLTExNjggLTUyOCAwDQp2IC0xMTUyIC01MjggMA0KdiAtMTEzNiAtNTQ0IDANCnYgLTExNTIgLTU0NCAwDQp2IC0xMTUyIC01MjggMA0KdiAtMTEzNiAtNTI4IDANCnYgLTExMjAgLTU0NCAwDQp2IC0xMTM2IC01NDQgMA0KdiAtMTEzNiAtNTI4IDANCnYgLTExMjAgLTUyOCAwDQp2IC0xMTA0IC01NDQgMA0KdiAtMTEyMCAtNTQ0IDANCnYgLTExMjAgLTUyOCAwDQp2IC0xMTA0IC01MjggMA0KdiAtMTA4OCAtNTQ0IDANCnYgLTExMDQgLTU0NCAwDQp2IC0xMTA0IC01MjggMA0KdiAtMTA4OCAtNTI4IDANCnYgLTEwNzIgLTU0NCAwDQp2IC0xMDg4IC01NDQgMA0KdiAtMTA4OCAtNTI4IDANCnYgLTEwNzIgLTUyOCAwDQp2IC0xMDU2IC01NDQgMA0KdiAtMTA3MiAtNTQ0IDANCnYgLTEwNzIgLTUyOCAwDQp2IC0xMDU2IC01MjggMA0KdiAtMTA0MCAtNTQ0IDANCnYgLTEwNTYgLTU0NCAwDQp2IC0xMDU2IC01MjggMA0KdiAtMTA0MCAtNTI4IDANCnYgLTEwMjQgLTU0NCAwDQp2IC0xMDQwIC01NDQgMA0KdiAtMTA0MCAtNTI4IDANCnYgLTEwMjQgLTUyOCAwDQp2IC0xMDA4IC01NDQgMA0KdiAtMTAyNCAtNTQ0IDANCnYgLTEwMjQgLTUyOCAwDQp2IC0xMDA4IC01MjggMA0KdiAtOTkyIC01NDQgMA0KdiAtMTAwOCAtNTQ0IDANCnYgLTEwMDggLTUyOCAwDQp2IC05OTIgLTUyOCAwDQp2IC05NzYgLTU0NCAwDQp2IC05OTIgLTU0NCAwDQp2IC05OTIgLTUyOCAwDQp2IC05NzYgLTUyOCAwDQp2IC05NjAgLTU0NCAwDQp2IC05NzYgLTU0NCAwDQp2IC05NzYgLTUyOCAwDQp2IC05NjAgLTUyOCAwDQp2IC05NDQgLTU0NCAwDQp2IC05NjAgLTU0NCAwDQp2IC05NjAgLTUyOCAwDQp2IC05NDQgLTUyOCAwDQp2IC05MjggLTU0NCAwDQp2IC05NDQgLTU0NCAwDQp2IC05NDQgLTUyOCAwDQp2IC05MjggLTUyOCAwDQp2IC05MTIgLTU0NCAwDQp2IC05MjggLTU0NCAwDQp2IC05MjggLTUyOCAwDQp2IC05MTIgLTUyOCAwDQp2IC04OTYgLTU0NCAwDQp2IC05MTIgLTU0NCAwDQp2IC05MTIgLTUyOCAwDQp2IC04OTYgLTUyOCAwDQp2IC04ODAgLTU0NCAwDQp2IC04OTYgLTU0NCAwDQp2IC04OTYgLTUyOCAwDQp2IC04ODAgLTUyOCAwDQp2IC04NjQgLTU0NCAwDQp2IC04ODAgLTU0NCAwDQp2IC04ODAgLTUyOCAwDQp2IC04NjQgLTUyOCAwDQp2IC04NDggLTU0NCAwDQp2IC04NjQgLTU0NCAwDQp2IC04NjQgLTUyOCAwDQp2IC04NDggLTUyOCAwDQp2IC04MzIgLTU0NCAwDQp2IC04NDggLTU0NCAwDQp2IC04NDggLTUyOCAwDQp2IC04MzIgLTUyOCAwDQp2IC04MTYgLTU0NCAwDQp2IC04MzIgLTU0NCAwDQp2IC04MzIgLTUyOCAwDQp2IC04MTYgLTUyOCAwDQp2IC04MDAgLTU0NCAwDQp2IC04MTYgLTU0NCAwDQp2IC04MTYgLTUyOCAwDQp2IC04MDAgLTUyOCAwDQp2IC03ODQgLTU0NCAwDQp2IC04MDAgLTU0NCAwDQp2IC04MDAgLTUyOCAwDQp2IC03ODQgLTUyOCAwDQp2IC03NjggLTU0NCAwDQp2IC03ODQgLTU0NCAwDQp2IC03ODQgLTUyOCAwDQp2IC03NjggLTUyOCAwDQp2IC03NTIgLTU0NCAwDQp2IC03NjggLTU0NCAwDQp2IC03NjggLTUyOCAwDQp2IC03NTIgLTUyOCAwDQp2IC03MzYgLTU0NCAwDQp2IC03NTIgLTU0NCAwDQp2IC03NTIgLTUyOCAwDQp2IC03MzYgLTUyOCAwDQp2IC03MjAgLTU0NCAwDQp2IC03MzYgLTU0NCAwDQp2IC03MzYgLTUyOCAwDQp2IC03MjAgLTUyOCAwDQp2IC03MDQgLTU0NCAwDQp2IC03MjAgLTU0NCAwDQp2IC03MjAgLTUyOCAwDQp2IC03MDQgLTUyOCAwDQp2IC02ODggLTU0NCAwDQp2IC03MDQgLTU0NCAwDQp2IC03MDQgLTUyOCAwDQp2IC02ODggLTUyOCAwDQp2IC02NzIgLTU0NCAwDQp2IC02ODggLTU0NCAwDQp2IC02ODggLTUyOCAwDQp2IC02NzIgLTUyOCAwDQp2IC02NTYgLTU0NCAwDQp2IC02NzIgLTU0NCAwDQp2IC02NzIgLTUyOCAwDQp2IC02NTYgLTUyOCAwDQp2IC02NDAgLTU0NCAwDQp2IC02NTYgLTU0NCAwDQp2IC02NTYgLTUyOCAwDQp2IC02NDAgLTUyOCAwDQp2IC02MjQgLTU0NCAwDQp2IC02NDAgLTU0NCAwDQp2IC02NDAgLTUyOCAwDQp2IC02MjQgLTUyOCAwDQp2IC02MDggLTU0NCAwDQp2IC02MjQgLTU0NCAwDQp2IC02MjQgLTUyOCAwDQp2IC02MDggLTUyOCAwDQp2IC01OTIgLTU0NCAwDQp2IC02MDggLTU0NCAwDQp2IC02MDggLTUyOCAwDQp2IC01OTIgLTUyOCAwDQp2IC01NzYgLTU0NCAwDQp2IC01OTIgLTU0NCAwDQp2IC01OTIgLTUyOCAwDQp2IC01NzYgLTUyOCAwDQp2IC01NjAgLTU0NCAwDQp2IC01NzYgLTU0NCAwDQp2IC01NzYgLTUyOCAwDQp2IC01NjAgLTUyOCAwDQp2IC01NDQgLTU0NCAwDQp2IC01NjAgLTU0NCAwDQp2IC01NjAgLTUyOCAwDQp2IC01NDQgLTUyOCAwDQp2IC01MjggLTU0NCAwDQp2IC01NDQgLTU0NCAwDQp2IC01NDQgLTUyOCAwDQp2IC01MjggLTUyOCAwDQp2IC01MTIgLTU0NCAwDQp2IC01MjggLTU0NCAwDQp2IC01MjggLTUyOCAwDQp2IC01MTIgLTUyOCAwDQp2IC00OTYgLTU0NCAwDQp2IC01MTIgLTU0NCAwDQp2IC01MTIgLTUyOCAwDQp2IC00OTYgLTUyOCAwDQp2IC00ODAgLTU0NCAwDQp2IC00OTYgLTU0NCAwDQp2IC00OTYgLTUyOCAwDQp2IC00ODAgLTUyOCAwDQp2IC00NjQgLTU0NCAwDQp2IC00ODAgLTU0NCAwDQp2IC00ODAgLTUyOCAwDQp2IC00NjQgLTUyOCAwDQp2IC00NDggLTU0NCAwDQp2IC00NjQgLTU0NCAwDQp2IC00NjQgLTUyOCAwDQp2IC00NDggLTUyOCAwDQp2IC00MzIgLTU0NCAwDQp2IC00NDggLTU0NCAwDQp2IC00NDggLTUyOCAwDQp2IC00MzIgLTUyOCAwDQp2IC00MTYgLTU0NCAwDQp2IC00MzIgLTU0NCAwDQp2IC00MzIgLTUyOCAwDQp2IC00MTYgLTUyOCAwDQp2IC00MDAgLTU0NCAwDQp2IC00MTYgLTU0NCAwDQp2IC00MTYgLTUyOCAwDQp2IC00MDAgLTUyOCAwDQp2IC0zODQgLTU0NCAwDQp2IC00MDAgLTU0NCAwDQp2IC00MDAgLTUyOCAwDQp2IC0zODQgLTUyOCAwDQp2IC0zNjggLTU0NCAwDQp2IC0zODQgLTU0NCAwDQp2IC0zODQgLTUyOCAwDQp2IC0zNjggLTUyOCAwDQp2IC0zNTIgLTU0NCAwDQp2IC0zNjggLTU0NCAwDQp2IC0zNjggLTUyOCAwDQp2IC0zNTIgLTUyOCAwDQp2IC0zMzYgLTU0NCAwDQp2IC0zNTIgLTU0NCAwDQp2IC0zNTIgLTUyOCAwDQp2IC0zMzYgLTUyOCAwDQp2IC0zMjAgLTU0NCAwDQp2IC0zMzYgLTU0NCAwDQp2IC0zMzYgLTUyOCAwDQp2IC0zMjAgLTUyOCAwDQp2IC0zMDQgLTU0NCAwDQp2IC0zMjAgLTU0NCAwDQp2IC0zMjAgLTUyOCAwDQp2IC0zMDQgLTUyOCAwDQp2IC0yODggLTU0NCAwDQp2IC0zMDQgLTU0NCAwDQp2IC0zMDQgLTUyOCAwDQp2IC0yODggLTUyOCAwDQp2IC0yNzIgLTU0NCAwDQp2IC0yODggLTU0NCAwDQp2IC0yODggLTUyOCAwDQp2IC0yNzIgLTUyOCAwDQp2IC0yNTYgLTU0NCAwDQp2IC0yNzIgLTU0NCAwDQp2IC0yNzIgLTUyOCAwDQp2IC0yNTYgLTUyOCAwDQp2IC0yNDAgLTU0NCAwDQp2IC0yNTYgLTU0NCAwDQp2IC0yNTYgLTUyOCAwDQp2IC0yNDAgLTUyOCAwDQp2IC0yMjQgLTU0NCAwDQp2IC0yNDAgLTU0NCAwDQp2IC0yNDAgLTUyOCAwDQp2IC0yMjQgLTUyOCAwDQp2IC0yMDggLTU0NCAwDQp2IC0yMjQgLTU0NCAwDQp2IC0yMjQgLTUyOCAwDQp2IC0yMDggLTUyOCAwDQp2IC0xOTIgLTU0NCAwDQp2IC0yMDggLTU0NCAwDQp2IC0yMDggLTUyOCAwDQp2IC0xOTIgLTUyOCAwDQp2IC0xNzYgLTU0NCAwDQp2IC0xOTIgLTU0NCAwDQp2IC0xOTIgLTUyOCAwDQp2IC0xNzYgLTUyOCAwDQp2IC0xNjAgLTU0NCAwDQp2IC0xNzYgLTU0NCAwDQp2IC0xNzYgLTUyOCAwDQp2IC0xNjAgLTUyOCAwDQp2IC0xNDQgLTU0NCAwDQp2IC0xNjAgLTU0NCAwDQp2IC0xNjAgLTUyOCAwDQp2IC0xNDQgLTUyOCAwDQp2IC0xMjggLTU0NCAwDQp2IC0xNDQgLTU0NCAwDQp2IC0xNDQgLTUyOCAwDQp2IC0xMjggLTUyOCAwDQp2IC0xMTIgLTU0NCAwDQp2IC0xMjggLTU0NCAwDQp2IC0xMjggLTUyOCAwDQp2IC0xMTIgLTUyOCAwDQp2IC05NiAtNTQ0IDANCnYgLTExMiAtNTQ0IDANCnYgLTExMiAtNTI4IDANCnYgLTk2IC01MjggMA0KdiAtODAgLTU0NCAwDQp2IC05NiAtNTQ0IDANCnYgLTk2IC01MjggMA0KdiAtODAgLTUyOCAwDQp2IC02NCAtNTQ0IDANCnYgLTgwIC01NDQgMA0KdiAtODAgLTUyOCAwDQp2IC02NCAtNTI4IDANCnYgLTQ4IC01NDQgMA0KdiAtNjQgLTU0NCAwDQp2IC02NCAtNTI4IDANCnYgLTQ4IC01MjggMA0KdiAtMzIgLTU0NCAwDQp2IC00OCAtNTQ0IDANCnYgLTQ4IC01MjggMA0KdiAtMzIgLTUyOCAwDQp2IC0xNiAtNTQ0IDANCnYgLTMyIC01NDQgMA0KdiAtMzIgLTUyOCAwDQp2IC0xNiAtNTI4IDANCnYgMCAtNTQ0IDANCnYgLTE2IC01NDQgMA0KdiAtMTYgLTUyOCAwDQp2IDAgLTUyOCAwDQp2IC0xMTg0IC01NjAgMA0KdiAtMTIwMCAtNTYwIDANCnYgLTEyMDAgLTU0NCAwDQp2IC0xMTg0IC01NDQgMA0KdiAtMTE2OCAtNTYwIDANCnYgLTExODQgLTU2MCAwDQp2IC0xMTg0IC01NDQgMA0KdiAtMTE2OCAtNTQ0IDANCnYgLTExNTIgLTU2MCAwDQp2IC0xMTY4IC01NjAgMA0KdiAtMTE2OCAtNTQ0IDANCnYgLTExNTIgLTU0NCAwDQp2IC0xMTM2IC01NjAgMA0KdiAtMTE1MiAtNTYwIDANCnYgLTExNTIgLTU0NCAwDQp2IC0xMTM2IC01NDQgMA0KdiAtMTEyMCAtNTYwIDANCnYgLTExMzYgLTU2MCAwDQp2IC0xMTM2IC01NDQgMA0KdiAtMTEyMCAtNTQ0IDANCnYgLTExMDQgLTU2MCAwDQp2IC0xMTIwIC01NjAgMA0KdiAtMTEyMCAtNTQ0IDANCnYgLTExMDQgLTU0NCAwDQp2IC0xMDg4IC01NjAgMA0KdiAtMTEwNCAtNTYwIDANCnYgLTExMDQgLTU0NCAwDQp2IC0xMDg4IC01NDQgMA0KdiAtMTA3MiAtNTYwIDANCnYgLTEwODggLTU2MCAwDQp2IC0xMDg4IC01NDQgMA0KdiAtMTA3MiAtNTQ0IDANCnYgLTEwNTYgLTU2MCAwDQp2IC0xMDcyIC01NjAgMA0KdiAtMTA3MiAtNTQ0IDANCnYgLTEwNTYgLTU0NCAwDQp2IC0xMDQwIC01NjAgMA0KdiAtMTA1NiAtNTYwIDANCnYgLTEwNTYgLTU0NCAwDQp2IC0xMDQwIC01NDQgMA0KdiAtMTAyNCAtNTYwIDANCnYgLTEwNDAgLTU2MCAwDQp2IC0xMDQwIC01NDQgMA0KdiAtMTAyNCAtNTQ0IDANCnYgLTEwMDggLTU2MCAwDQp2IC0xMDI0IC01NjAgMA0KdiAtMTAyNCAtNTQ0IDANCnYgLTEwMDggLTU0NCAwDQp2IC05OTIgLTU2MCAwDQp2IC0xMDA4IC01NjAgMA0KdiAtMTAwOCAtNTQ0IDANCnYgLTk5MiAtNTQ0IDANCnYgLTk3NiAtNTYwIDANCnYgLTk5MiAtNTYwIDANCnYgLTk5MiAtNTQ0IDANCnYgLTk3NiAtNTQ0IDANCnYgLTk2MCAtNTYwIDANCnYgLTk3NiAtNTYwIDANCnYgLTk3NiAtNTQ0IDANCnYgLTk2MCAtNTQ0IDANCnYgLTk0NCAtNTYwIDANCnYgLTk2MCAtNTYwIDANCnYgLTk2MCAtNTQ0IDANCnYgLTk0NCAtNTQ0IDANCnYgLTkyOCAtNTYwIDANCnYgLTk0NCAtNTYwIDANCnYgLTk0NCAtNTQ0IDANCnYgLTkyOCAtNTQ0IDANCnYgLTkxMiAtNTYwIDANCnYgLTkyOCAtNTYwIDANCnYgLTkyOCAtNTQ0IDANCnYgLTkxMiAtNTQ0IDANCnYgLTg5NiAtNTYwIDANCnYgLTkxMiAtNTYwIDANCnYgLTkxMiAtNTQ0IDANCnYgLTg5NiAtNTQ0IDANCnYgLTg4MCAtNTYwIDANCnYgLTg5NiAtNTYwIDANCnYgLTg5NiAtNTQ0IDANCnYgLTg4MCAtNTQ0IDANCnYgLTg2NCAtNTYwIDANCnYgLTg4MCAtNTYwIDANCnYgLTg4MCAtNTQ0IDANCnYgLTg2NCAtNTQ0IDANCnYgLTg0OCAtNTYwIDANCnYgLTg2NCAtNTYwIDANCnYgLTg2NCAtNTQ0IDANCnYgLTg0OCAtNTQ0IDANCnYgLTgzMiAtNTYwIDANCnYgLTg0OCAtNTYwIDANCnYgLTg0OCAtNTQ0IDANCnYgLTgzMiAtNTQ0IDANCnYgLTgxNiAtNTYwIDANCnYgLTgzMiAtNTYwIDANCnYgLTgzMiAtNTQ0IDANCnYgLTgxNiAtNTQ0IDANCnYgLTgwMCAtNTYwIDANCnYgLTgxNiAtNTYwIDANCnYgLTgxNiAtNTQ0IDANCnYgLTgwMCAtNTQ0IDANCnYgLTc4NCAtNTYwIDANCnYgLTgwMCAtNTYwIDANCnYgLTgwMCAtNTQ0IDANCnYgLTc4NCAtNTQ0IDANCnYgLTc2OCAtNTYwIDANCnYgLTc4NCAtNTYwIDANCnYgLTc4NCAtNTQ0IDANCnYgLTc2OCAtNTQ0IDANCnYgLTc1MiAtNTYwIDANCnYgLTc2OCAtNTYwIDANCnYgLTc2OCAtNTQ0IDANCnYgLTc1MiAtNTQ0IDANCnYgLTczNiAtNTYwIDANCnYgLTc1MiAtNTYwIDANCnYgLTc1MiAtNTQ0IDANCnYgLTczNiAtNTQ0IDANCnYgLTcyMCAtNTYwIDANCnYgLTczNiAtNTYwIDANCnYgLTczNiAtNTQ0IDANCnYgLTcyMCAtNTQ0IDANCnYgLTcwNCAtNTYwIDANCnYgLTcyMCAtNTYwIDANCnYgLTcyMCAtNTQ0IDANCnYgLTcwNCAtNTQ0IDANCnYgLTY4OCAtNTYwIDANCnYgLTcwNCAtNTYwIDANCnYgLTcwNCAtNTQ0IDANCnYgLTY4OCAtNTQ0IDANCnYgLTY3MiAtNTYwIDANCnYgLTY4OCAtNTYwIDANCnYgLTY4OCAtNTQ0IDANCnYgLTY3MiAtNTQ0IDANCnYgLTY1NiAtNTYwIDANCnYgLTY3MiAtNTYwIDANCnYgLTY3MiAtNTQ0IDANCnYgLTY1NiAtNTQ0IDANCnYgLTY0MCAtNTYwIDANCnYgLTY1NiAtNTYwIDANCnYgLTY1NiAtNTQ0IDANCnYgLTY0MCAtNTQ0IDANCnYgLTYyNCAtNTYwIDANCnYgLTY0MCAtNTYwIDANCnYgLTY0MCAtNTQ0IDANCnYgLTYyNCAtNTQ0IDANCnYgLTYwOCAtNTYwIDANCnYgLTYyNCAtNTYwIDANCnYgLTYyNCAtNTQ0IDANCnYgLTYwOCAtNTQ0IDANCnYgLTU5MiAtNTYwIDANCnYgLTYwOCAtNTYwIDANCnYgLTYwOCAtNTQ0IDANCnYgLTU5MiAtNTQ0IDANCnYgLTU3NiAtNTYwIDANCnYgLTU5MiAtNTYwIDANCnYgLTU5MiAtNTQ0IDANCnYgLTU3NiAtNTQ0IDANCnYgLTU2MCAtNTYwIDANCnYgLTU3NiAtNTYwIDANCnYgLTU3NiAtNTQ0IDANCnYgLTU2MCAtNTQ0IDANCnYgLTU0NCAtNTYwIDANCnYgLTU2MCAtNTYwIDANCnYgLTU2MCAtNTQ0IDANCnYgLTU0NCAtNTQ0IDANCnYgLTUyOCAtNTYwIDANCnYgLTU0NCAtNTYwIDANCnYgLTU0NCAtNTQ0IDANCnYgLTUyOCAtNTQ0IDANCnYgLTUxMiAtNTYwIDANCnYgLTUyOCAtNTYwIDANCnYgLTUyOCAtNTQ0IDANCnYgLTUxMiAtNTQ0IDANCnYgLTQ5NiAtNTYwIDANCnYgLTUxMiAtNTYwIDANCnYgLTUxMiAtNTQ0IDANCnYgLTQ5NiAtNTQ0IDANCnYgLTQ4MCAtNTYwIDANCnYgLTQ5NiAtNTYwIDANCnYgLTQ5NiAtNTQ0IDANCnYgLTQ4MCAtNTQ0IDANCnYgLTQ2NCAtNTYwIDANCnYgLTQ4MCAtNTYwIDANCnYgLTQ4MCAtNTQ0IDANCnYgLTQ2NCAtNTQ0IDANCnYgLTQ0OCAtNTYwIDANCnYgLTQ2NCAtNTYwIDANCnYgLTQ2NCAtNTQ0IDANCnYgLTQ0OCAtNTQ0IDANCnYgLTQzMiAtNTYwIDANCnYgLTQ0OCAtNTYwIDANCnYgLTQ0OCAtNTQ0IDANCnYgLTQzMiAtNTQ0IDANCnYgLTQxNiAtNTYwIDANCnYgLTQzMiAtNTYwIDANCnYgLTQzMiAtNTQ0IDANCnYgLTQxNiAtNTQ0IDANCnYgLTQwMCAtNTYwIDANCnYgLTQxNiAtNTYwIDANCnYgLTQxNiAtNTQ0IDANCnYgLTQwMCAtNTQ0IDANCnYgLTM4NCAtNTYwIDANCnYgLTQwMCAtNTYwIDANCnYgLTQwMCAtNTQ0IDANCnYgLTM4NCAtNTQ0IDANCnYgLTM2OCAtNTYwIDANCnYgLTM4NCAtNTYwIDANCnYgLTM4NCAtNTQ0IDANCnYgLTM2OCAtNTQ0IDANCnYgLTM1MiAtNTYwIDANCnYgLTM2OCAtNTYwIDANCnYgLTM2OCAtNTQ0IDANCnYgLTM1MiAtNTQ0IDANCnYgLTMzNiAtNTYwIDANCnYgLTM1MiAtNTYwIDANCnYgLTM1MiAtNTQ0IDANCnYgLTMzNiAtNTQ0IDANCnYgLTMyMCAtNTYwIDANCnYgLTMzNiAtNTYwIDANCnYgLTMzNiAtNTQ0IDANCnYgLTMyMCAtNTQ0IDANCnYgLTMwNCAtNTYwIDANCnYgLTMyMCAtNTYwIDANCnYgLTMyMCAtNTQ0IDANCnYgLTMwNCAtNTQ0IDANCnYgLTI4OCAtNTYwIDANCnYgLTMwNCAtNTYwIDANCnYgLTMwNCAtNTQ0IDANCnYgLTI4OCAtNTQ0IDANCnYgLTI3MiAtNTYwIDANCnYgLTI4OCAtNTYwIDANCnYgLTI4OCAtNTQ0IDANCnYgLTI3MiAtNTQ0IDANCnYgLTI1NiAtNTYwIDANCnYgLTI3MiAtNTYwIDANCnYgLTI3MiAtNTQ0IDANCnYgLTI1NiAtNTQ0IDANCnYgLTI0MCAtNTYwIDANCnYgLTI1NiAtNTYwIDANCnYgLTI1NiAtNTQ0IDANCnYgLTI0MCAtNTQ0IDANCnYgLTIyNCAtNTYwIDANCnYgLTI0MCAtNTYwIDANCnYgLTI0MCAtNTQ0IDANCnYgLTIyNCAtNTQ0IDANCnYgLTIwOCAtNTYwIDANCnYgLTIyNCAtNTYwIDANCnYgLTIyNCAtNTQ0IDANCnYgLTIwOCAtNTQ0IDANCnYgLTE5MiAtNTYwIDANCnYgLTIwOCAtNTYwIDANCnYgLTIwOCAtNTQ0IDANCnYgLTE5MiAtNTQ0IDANCnYgLTE3NiAtNTYwIDANCnYgLTE5MiAtNTYwIDANCnYgLTE5MiAtNTQ0IDANCnYgLTE3NiAtNTQ0IDANCnYgLTE2MCAtNTYwIDANCnYgLTE3NiAtNTYwIDANCnYgLTE3NiAtNTQ0IDANCnYgLTE2MCAtNTQ0IDANCnYgLTE0NCAtNTYwIDANCnYgLTE2MCAtNTYwIDANCnYgLTE2MCAtNTQ0IDANCnYgLTE0NCAtNTQ0IDANCnYgLTEyOCAtNTYwIDANCnYgLTE0NCAtNTYwIDANCnYgLTE0NCAtNTQ0IDANCnYgLTEyOCAtNTQ0IDANCnYgLTExMiAtNTYwIDANCnYgLTEyOCAtNTYwIDANCnYgLTEyOCAtNTQ0IDANCnYgLTExMiAtNTQ0IDANCnYgLTk2IC01NjAgMA0KdiAtMTEyIC01NjAgMA0KdiAtMTEyIC01NDQgMA0KdiAtOTYgLTU0NCAwDQp2IC04MCAtNTYwIDANCnYgLTk2IC01NjAgMA0KdiAtOTYgLTU0NCAwDQp2IC04MCAtNTQ0IDANCnYgLTY0IC01NjAgMA0KdiAtODAgLTU2MCAwDQp2IC04MCAtNTQ0IDANCnYgLTY0IC01NDQgMA0KdiAtNDggLTU2MCAwDQp2IC02NCAtNTYwIDANCnYgLTY0IC01NDQgMA0KdiAtNDggLTU0NCAwDQp2IC0zMiAtNTYwIDANCnYgLTQ4IC01NjAgMA0KdiAtNDggLTU0NCAwDQp2IC0zMiAtNTQ0IDANCnYgLTE2IC01NjAgMA0KdiAtMzIgLTU2MCAwDQp2IC0zMiAtNTQ0IDANCnYgLTE2IC01NDQgMA0KdiAwIC01NjAgMA0KdiAtMTYgLTU2MCAwDQp2IC0xNiAtNTQ0IDANCnYgMCAtNTQ0IDANCnYgLTExODQgLTU3NiAwDQp2IC0xMjAwIC01NzYgMA0KdiAtMTIwMCAtNTYwIDANCnYgLTExODQgLTU2MCAwDQp2IC0xMTY4IC01NzYgMA0KdiAtMTE4NCAtNTc2IDANCnYgLTExODQgLTU2MCAwDQp2IC0xMTY4IC01NjAgMA0KdiAtMTE1MiAtNTc2IDANCnYgLTExNjggLTU3NiAwDQp2IC0xMTY4IC01NjAgMA0KdiAtMTE1MiAtNTYwIDANCnYgLTExMzYgLTU3NiAwDQp2IC0xMTUyIC01NzYgMA0KdiAtMTE1MiAtNTYwIDANCnYgLTExMzYgLTU2MCAwDQp2IC0xMTIwIC01NzYgMA0KdiAtMTEzNiAtNTc2IDANCnYgLTExMzYgLTU2MCAwDQp2IC0xMTIwIC01NjAgMA0KdiAtMTEwNCAtNTc2IDANCnYgLTExMjAgLTU3NiAwDQp2IC0xMTIwIC01NjAgMA0KdiAtMTEwNCAtNTYwIDANCnYgLTEwODggLTU3NiAwDQp2IC0xMTA0IC01NzYgMA0KdiAtMTEwNCAtNTYwIDANCnYgLTEwODggLTU2MCAwDQp2IC0xMDcyIC01NzYgMA0KdiAtMTA4OCAtNTc2IDANCnYgLTEwODggLTU2MCAwDQp2IC0xMDcyIC01NjAgMA0KdiAtMTA1NiAtNTc2IDANCnYgLTEwNzIgLTU3NiAwDQp2IC0xMDcyIC01NjAgMA0KdiAtMTA1NiAtNTYwIDANCnYgLTEwNDAgLTU3NiAwDQp2IC0xMDU2IC01NzYgMA0KdiAtMTA1NiAtNTYwIDANCnYgLTEwNDAgLTU2MCAwDQp2IC0xMDI0IC01NzYgMA0KdiAtMTA0MCAtNTc2IDANCnYgLTEwNDAgLTU2MCAwDQp2IC0xMDI0IC01NjAgMA0KdiAtMTAwOCAtNTc2IDANCnYgLTEwMjQgLTU3NiAwDQp2IC0xMDI0IC01NjAgMA0KdiAtMTAwOCAtNTYwIDANCnYgLTk5MiAtNTc2IDANCnYgLTEwMDggLTU3NiAwDQp2IC0xMDA4IC01NjAgMA0KdiAtOTkyIC01NjAgMA0KdiAtOTc2IC01NzYgMA0KdiAtOTkyIC01NzYgMA0KdiAtOTkyIC01NjAgMA0KdiAtOTc2IC01NjAgMA0KdiAtOTYwIC01NzYgMA0KdiAtOTc2IC01NzYgMA0KdiAtOTc2IC01NjAgMA0KdiAtOTYwIC01NjAgMA0KdiAtOTQ0IC01NzYgMA0KdiAtOTYwIC01NzYgMA0KdiAtOTYwIC01NjAgMA0KdiAtOTQ0IC01NjAgMA0KdiAtOTI4IC01NzYgMA0KdiAtOTQ0IC01NzYgMA0KdiAtOTQ0IC01NjAgMA0KdiAtOTI4IC01NjAgMA0KdiAtOTEyIC01NzYgMA0KdiAtOTI4IC01NzYgMA0KdiAtOTI4IC01NjAgMA0KdiAtOTEyIC01NjAgMA0KdiAtODk2IC01NzYgMA0KdiAtOTEyIC01NzYgMA0KdiAtOTEyIC01NjAgMA0KdiAtODk2IC01NjAgMA0KdiAtODgwIC01NzYgMA0KdiAtODk2IC01NzYgMA0KdiAtODk2IC01NjAgMA0KdiAtODgwIC01NjAgMA0KdiAtODY0IC01NzYgMA0KdiAtODgwIC01NzYgMA0KdiAtODgwIC01NjAgMA0KdiAtODY0IC01NjAgMA0KdiAtODQ4IC01NzYgMA0KdiAtODY0IC01NzYgMA0KdiAtODY0IC01NjAgMA0KdiAtODQ4IC01NjAgMA0KdiAtODMyIC01NzYgMA0KdiAtODQ4IC01NzYgMA0KdiAtODQ4IC01NjAgMA0KdiAtODMyIC01NjAgMA0KdiAtODE2IC01NzYgMA0KdiAtODMyIC01NzYgMA0KdiAtODMyIC01NjAgMA0KdiAtODE2IC01NjAgMA0KdiAtODAwIC01NzYgMA0KdiAtODE2IC01NzYgMA0KdiAtODE2IC01NjAgMA0KdiAtODAwIC01NjAgMA0KdiAtNzg0IC01NzYgMA0KdiAtODAwIC01NzYgMA0KdiAtODAwIC01NjAgMA0KdiAtNzg0IC01NjAgMA0KdiAtNzY4IC01NzYgMA0KdiAtNzg0IC01NzYgMA0KdiAtNzg0IC01NjAgMA0KdiAtNzY4IC01NjAgMA0KdiAtNzUyIC01NzYgMA0KdiAtNzY4IC01NzYgMA0KdiAtNzY4IC01NjAgMA0KdiAtNzUyIC01NjAgMA0KdiAtNzM2IC01NzYgMA0KdiAtNzUyIC01NzYgMA0KdiAtNzUyIC01NjAgMA0KdiAtNzM2IC01NjAgMA0KdiAtNzIwIC01NzYgMA0KdiAtNzM2IC01NzYgMA0KdiAtNzM2IC01NjAgMA0KdiAtNzIwIC01NjAgMA0KdiAtNzA0IC01NzYgMA0KdiAtNzIwIC01NzYgMA0KdiAtNzIwIC01NjAgMA0KdiAtNzA0IC01NjAgMA0KdiAtNjg4IC01NzYgMA0KdiAtNzA0IC01NzYgMA0KdiAtNzA0IC01NjAgMA0KdiAtNjg4IC01NjAgMA0KdiAtNjcyIC01NzYgMA0KdiAtNjg4IC01NzYgMA0KdiAtNjg4IC01NjAgMA0KdiAtNjcyIC01NjAgMA0KdiAtNjU2IC01NzYgMA0KdiAtNjcyIC01NzYgMA0KdiAtNjcyIC01NjAgMA0KdiAtNjU2IC01NjAgMA0KdiAtNjQwIC01NzYgMA0KdiAtNjU2IC01NzYgMA0KdiAtNjU2IC01NjAgMA0KdiAtNjQwIC01NjAgMA0KdiAtNjI0IC01NzYgMA0KdiAtNjQwIC01NzYgMA0KdiAtNjQwIC01NjAgMA0KdiAtNjI0IC01NjAgMA0KdiAtNjA4IC01NzYgMA0KdiAtNjI0IC01NzYgMA0KdiAtNjI0IC01NjAgMA0KdiAtNjA4IC01NjAgMA0KdiAtNTkyIC01NzYgMA0KdiAtNjA4IC01NzYgMA0KdiAtNjA4IC01NjAgMA0KdiAtNTkyIC01NjAgMA0KdiAtNTc2IC01NzYgMA0KdiAtNTkyIC01NzYgMA0KdiAtNTkyIC01NjAgMA0KdiAtNTc2IC01NjAgMA0KdiAtNTYwIC01NzYgMA0KdiAtNTc2IC01NzYgMA0KdiAtNTc2IC01NjAgMA0KdiAtNTYwIC01NjAgMA0KdiAtNTQ0IC01NzYgMA0KdiAtNTYwIC01NzYgMA0KdiAtNTYwIC01NjAgMA0KdiAtNTQ0IC01NjAgMA0KdiAtNTI4IC01NzYgMA0KdiAtNTQ0IC01NzYgMA0KdiAtNTQ0IC01NjAgMA0KdiAtNTI4IC01NjAgMA0KdiAtNTEyIC01NzYgMA0KdiAtNTI4IC01NzYgMA0KdiAtNTI4IC01NjAgMA0KdiAtNTEyIC01NjAgMA0KdiAtNDk2IC01NzYgMA0KdiAtNTEyIC01NzYgMA0KdiAtNTEyIC01NjAgMA0KdiAtNDk2IC01NjAgMA0KdiAtNDgwIC01NzYgMA0KdiAtNDk2IC01NzYgMA0KdiAtNDk2IC01NjAgMA0KdiAtNDgwIC01NjAgMA0KdiAtNDY0IC01NzYgMA0KdiAtNDgwIC01NzYgMA0KdiAtNDgwIC01NjAgMA0KdiAtNDY0IC01NjAgMA0KdiAtNDQ4IC01NzYgMA0KdiAtNDY0IC01NzYgMA0KdiAtNDY0IC01NjAgMA0KdiAtNDQ4IC01NjAgMA0KdiAtNDMyIC01NzYgMA0KdiAtNDQ4IC01NzYgMA0KdiAtNDQ4IC01NjAgMA0KdiAtNDMyIC01NjAgMA0KdiAtNDE2IC01NzYgMA0KdiAtNDMyIC01NzYgMA0KdiAtNDMyIC01NjAgMA0KdiAtNDE2IC01NjAgMA0KdiAtNDAwIC01NzYgMA0KdiAtNDE2IC01NzYgMA0KdiAtNDE2IC01NjAgMA0KdiAtNDAwIC01NjAgMA0KdiAtMzg0IC01NzYgMA0KdiAtNDAwIC01NzYgMA0KdiAtNDAwIC01NjAgMA0KdiAtMzg0IC01NjAgMA0KdiAtMzY4IC01NzYgMA0KdiAtMzg0IC01NzYgMA0KdiAtMzg0IC01NjAgMA0KdiAtMzY4IC01NjAgMA0KdiAtMzUyIC01NzYgMA0KdiAtMzY4IC01NzYgMA0KdiAtMzY4IC01NjAgMA0KdiAtMzUyIC01NjAgMA0KdiAtMzM2IC01NzYgMA0KdiAtMzUyIC01NzYgMA0KdiAtMzUyIC01NjAgMA0KdiAtMzM2IC01NjAgMA0KdiAtMzIwIC01NzYgMA0KdiAtMzM2IC01NzYgMA0KdiAtMzM2IC01NjAgMA0KdiAtMzIwIC01NjAgMA0KdiAtMzA0IC01NzYgMA0KdiAtMzIwIC01NzYgMA0KdiAtMzIwIC01NjAgMA0KdiAtMzA0IC01NjAgMA0KdiAtMjg4IC01NzYgMA0KdiAtMzA0IC01NzYgMA0KdiAtMzA0IC01NjAgMA0KdiAtMjg4IC01NjAgMA0KdiAtMjcyIC01NzYgMA0KdiAtMjg4IC01NzYgMA0KdiAtMjg4IC01NjAgMA0KdiAtMjcyIC01NjAgMA0KdiAtMjU2IC01NzYgMA0KdiAtMjcyIC01NzYgMA0KdiAtMjcyIC01NjAgMA0KdiAtMjU2IC01NjAgMA0KdiAtMjQwIC01NzYgMA0KdiAtMjU2IC01NzYgMA0KdiAtMjU2IC01NjAgMA0KdiAtMjQwIC01NjAgMA0KdiAtMjI0IC01NzYgMA0KdiAtMjQwIC01NzYgMA0KdiAtMjQwIC01NjAgMA0KdiAtMjI0IC01NjAgMA0KdiAtMjA4IC01NzYgMA0KdiAtMjI0IC01NzYgMA0KdiAtMjI0IC01NjAgMA0KdiAtMjA4IC01NjAgMA0KdiAtMTkyIC01NzYgMA0KdiAtMjA4IC01NzYgMA0KdiAtMjA4IC01NjAgMA0KdiAtMTkyIC01NjAgMA0KdiAtMTc2IC01NzYgMA0KdiAtMTkyIC01NzYgMA0KdiAtMTkyIC01NjAgMA0KdiAtMTc2IC01NjAgMA0KdiAtMTYwIC01NzYgMA0KdiAtMTc2IC01NzYgMA0KdiAtMTc2IC01NjAgMA0KdiAtMTYwIC01NjAgMA0KdiAtMTQ0IC01NzYgMA0KdiAtMTYwIC01NzYgMA0KdiAtMTYwIC01NjAgMA0KdiAtMTQ0IC01NjAgMA0KdiAtMTI4IC01NzYgMA0KdiAtMTQ0IC01NzYgMA0KdiAtMTQ0IC01NjAgMA0KdiAtMTI4IC01NjAgMA0KdiAtMTEyIC01NzYgMA0KdiAtMTI4IC01NzYgMA0KdiAtMTI4IC01NjAgMA0KdiAtMTEyIC01NjAgMA0KdiAtOTYgLTU3NiAwDQp2IC0xMTIgLTU3NiAwDQp2IC0xMTIgLTU2MCAwDQp2IC05NiAtNTYwIDANCnYgLTgwIC01NzYgMA0KdiAtOTYgLTU3NiAwDQp2IC05NiAtNTYwIDANCnYgLTgwIC01NjAgMA0KdiAtNjQgLTU3NiAwDQp2IC04MCAtNTc2IDANCnYgLTgwIC01NjAgMA0KdiAtNjQgLTU2MCAwDQp2IC00OCAtNTc2IDANCnYgLTY0IC01NzYgMA0KdiAtNjQgLTU2MCAwDQp2IC00OCAtNTYwIDANCnYgLTMyIC01NzYgMA0KdiAtNDggLTU3NiAwDQp2IC00OCAtNTYwIDANCnYgLTMyIC01NjAgMA0KdiAtMTYgLTU3NiAwDQp2IC0zMiAtNTc2IDANCnYgLTMyIC01NjAgMA0KdiAtMTYgLTU2MCAwDQp2IDAgLTU3NiAwDQp2IC0xNiAtNTc2IDANCnYgLTE2IC01NjAgMA0KdiAwIC01NjAgMA0KdiAtMTE4NCAtNTkyIDANCnYgLTEyMDAgLTU5MiAwDQp2IC0xMjAwIC01NzYgMA0KdiAtMTE4NCAtNTc2IDANCnYgLTExNjggLTU5MiAwDQp2IC0xMTg0IC01OTIgMA0KdiAtMTE4NCAtNTc2IDANCnYgLTExNjggLTU3NiAwDQp2IC0xMTUyIC01OTIgMA0KdiAtMTE2OCAtNTkyIDANCnYgLTExNjggLTU3NiAwDQp2IC0xMTUyIC01NzYgMA0KdiAtMTEzNiAtNTkyIDANCnYgLTExNTIgLTU5MiAwDQp2IC0xMTUyIC01NzYgMA0KdiAtMTEzNiAtNTc2IDANCnYgLTExMjAgLTU5MiAwDQp2IC0xMTM2IC01OTIgMA0KdiAtMTEzNiAtNTc2IDANCnYgLTExMjAgLTU3NiAwDQp2IC0xMTA0IC01OTIgMA0KdiAtMTEyMCAtNTkyIDANCnYgLTExMjAgLTU3NiAwDQp2IC0xMTA0IC01NzYgMA0KdiAtMTA4OCAtNTkyIDANCnYgLTExMDQgLTU5MiAwDQp2IC0xMTA0IC01NzYgMA0KdiAtMTA4OCAtNTc2IDANCnYgLTEwNzIgLTU5MiAwDQp2IC0xMDg4IC01OTIgMA0KdiAtMTA4OCAtNTc2IDANCnYgLTEwNzIgLTU3NiAwDQp2IC0xMDU2IC01OTIgMA0KdiAtMTA3MiAtNTkyIDANCnYgLTEwNzIgLTU3NiAwDQp2IC0xMDU2IC01NzYgMA0KdiAtMTA0MCAtNTkyIDANCnYgLTEwNTYgLTU5MiAwDQp2IC0xMDU2IC01NzYgMA0KdiAtMTA0MCAtNTc2IDANCnYgLTEwMjQgLTU5MiAwDQp2IC0xMDQwIC01OTIgMA0KdiAtMTA0MCAtNTc2IDANCnYgLTEwMjQgLTU3NiAwDQp2IC0xMDA4IC01OTIgMA0KdiAtMTAyNCAtNTkyIDANCnYgLTEwMjQgLTU3NiAwDQp2IC0xMDA4IC01NzYgMA0KdiAtOTkyIC01OTIgMA0KdiAtMTAwOCAtNTkyIDANCnYgLTEwMDggLTU3NiAwDQp2IC05OTIgLTU3NiAwDQp2IC05NzYgLTU5MiAwDQp2IC05OTIgLTU5MiAwDQp2IC05OTIgLTU3NiAwDQp2IC05NzYgLTU3NiAwDQp2IC05NjAgLTU5MiAwDQp2IC05NzYgLTU5MiAwDQp2IC05NzYgLTU3NiAwDQp2IC05NjAgLTU3NiAwDQp2IC05NDQgLTU5MiAwDQp2IC05NjAgLTU5MiAwDQp2IC05NjAgLTU3NiAwDQp2IC05NDQgLTU3NiAwDQp2IC05MjggLTU5MiAwDQp2IC05NDQgLTU5MiAwDQp2IC05NDQgLTU3NiAwDQp2IC05MjggLTU3NiAwDQp2IC05MTIgLTU5MiAwDQp2IC05MjggLTU5MiAwDQp2IC05MjggLTU3NiAwDQp2IC05MTIgLTU3NiAwDQp2IC04OTYgLTU5MiAwDQp2IC05MTIgLTU5MiAwDQp2IC05MTIgLTU3NiAwDQp2IC04OTYgLTU3NiAwDQp2IC04ODAgLTU5MiAwDQp2IC04OTYgLTU5MiAwDQp2IC04OTYgLTU3NiAwDQp2IC04ODAgLTU3NiAwDQp2IC04NjQgLTU5MiAwDQp2IC04ODAgLTU5MiAwDQp2IC04ODAgLTU3NiAwDQp2IC04NjQgLTU3NiAwDQp2IC04NDggLTU5MiAwDQp2IC04NjQgLTU5MiAwDQp2IC04NjQgLTU3NiAwDQp2IC04NDggLTU3NiAwDQp2IC04MzIgLTU5MiAwDQp2IC04NDggLTU5MiAwDQp2IC04NDggLTU3NiAwDQp2IC04MzIgLTU3NiAwDQp2IC04MTYgLTU5MiAwDQp2IC04MzIgLTU5MiAwDQp2IC04MzIgLTU3NiAwDQp2IC04MTYgLTU3NiAwDQp2IC04MDAgLTU5MiAwDQp2IC04MTYgLTU5MiAwDQp2IC04MTYgLTU3NiAwDQp2IC04MDAgLTU3NiAwDQp2IC03ODQgLTU5MiAwDQp2IC04MDAgLTU5MiAwDQp2IC04MDAgLTU3NiAwDQp2IC03ODQgLTU3NiAwDQp2IC03NjggLTU5MiAwDQp2IC03ODQgLTU5MiAwDQp2IC03ODQgLTU3NiAwDQp2IC03NjggLTU3NiAwDQp2IC03NTIgLTU5MiAwDQp2IC03NjggLTU5MiAwDQp2IC03NjggLTU3NiAwDQp2IC03NTIgLTU3NiAwDQp2IC03MzYgLTU5MiAwDQp2IC03NTIgLTU5MiAwDQp2IC03NTIgLTU3NiAwDQp2IC03MzYgLTU3NiAwDQp2IC03MjAgLTU5MiAwDQp2IC03MzYgLTU5MiAwDQp2IC03MzYgLTU3NiAwDQp2IC03MjAgLTU3NiAwDQp2IC03MDQgLTU5MiAwDQp2IC03MjAgLTU5MiAwDQp2IC03MjAgLTU3NiAwDQp2IC03MDQgLTU3NiAwDQp2IC02ODggLTU5MiAwDQp2IC03MDQgLTU5MiAwDQp2IC03MDQgLTU3NiAwDQp2IC02ODggLTU3NiAwDQp2IC02NzIgLTU5MiAwDQp2IC02ODggLTU5MiAwDQp2IC02ODggLTU3NiAwDQp2IC02NzIgLTU3NiAwDQp2IC02NTYgLTU5MiAwDQp2IC02NzIgLTU5MiAwDQp2IC02NzIgLTU3NiAwDQp2IC02NTYgLTU3NiAwDQp2IC02NDAgLTU5MiAwDQp2IC02NTYgLTU5MiAwDQp2IC02NTYgLTU3NiAwDQp2IC02NDAgLTU3NiAwDQp2IC02MjQgLTU5MiAwDQp2IC02NDAgLTU5MiAwDQp2IC02NDAgLTU3NiAwDQp2IC02MjQgLTU3NiAwDQp2IC02MDggLTU5MiAwDQp2IC02MjQgLTU5MiAwDQp2IC02MjQgLTU3NiAwDQp2IC02MDggLTU3NiAwDQp2IC01OTIgLTU5MiAwDQp2IC02MDggLTU5MiAwDQp2IC02MDggLTU3NiAwDQp2IC01OTIgLTU3NiAwDQp2IC01NzYgLTU5MiAwDQp2IC01OTIgLTU5MiAwDQp2IC01OTIgLTU3NiAwDQp2IC01NzYgLTU3NiAwDQp2IC01NjAgLTU5MiAwDQp2IC01NzYgLTU5MiAwDQp2IC01NzYgLTU3NiAwDQp2IC01NjAgLTU3NiAwDQp2IC01NDQgLTU5MiAwDQp2IC01NjAgLTU5MiAwDQp2IC01NjAgLTU3NiAwDQp2IC01NDQgLTU3NiAwDQp2IC01MjggLTU5MiAwDQp2IC01NDQgLTU5MiAwDQp2IC01NDQgLTU3NiAwDQp2IC01MjggLTU3NiAwDQp2IC01MTIgLTU5MiAwDQp2IC01MjggLTU5MiAwDQp2IC01MjggLTU3NiAwDQp2IC01MTIgLTU3NiAwDQp2IC00OTYgLTU5MiAwDQp2IC01MTIgLTU5MiAwDQp2IC01MTIgLTU3NiAwDQp2IC00OTYgLTU3NiAwDQp2IC00ODAgLTU5MiAwDQp2IC00OTYgLTU5MiAwDQp2IC00OTYgLTU3NiAwDQp2IC00ODAgLTU3NiAwDQp2IC00NjQgLTU5MiAwDQp2IC00ODAgLTU5MiAwDQp2IC00ODAgLTU3NiAwDQp2IC00NjQgLTU3NiAwDQp2IC00NDggLTU5MiAwDQp2IC00NjQgLTU5MiAwDQp2IC00NjQgLTU3NiAwDQp2IC00NDggLTU3NiAwDQp2IC00MzIgLTU5MiAwDQp2IC00NDggLTU5MiAwDQp2IC00NDggLTU3NiAwDQp2IC00MzIgLTU3NiAwDQp2IC00MTYgLTU5MiAwDQp2IC00MzIgLTU5MiAwDQp2IC00MzIgLTU3NiAwDQp2IC00MTYgLTU3NiAwDQp2IC00MDAgLTU5MiAwDQp2IC00MTYgLTU5MiAwDQp2IC00MTYgLTU3NiAwDQp2IC00MDAgLTU3NiAwDQp2IC0zODQgLTU5MiAwDQp2IC00MDAgLTU5MiAwDQp2IC00MDAgLTU3NiAwDQp2IC0zODQgLTU3NiAwDQp2IC0zNjggLTU5MiAwDQp2IC0zODQgLTU5MiAwDQp2IC0zODQgLTU3NiAwDQp2IC0zNjggLTU3NiAwDQp2IC0zNTIgLTU5MiAwDQp2IC0zNjggLTU5MiAwDQp2IC0zNjggLTU3NiAwDQp2IC0zNTIgLTU3NiAwDQp2IC0zMzYgLTU5MiAwDQp2IC0zNTIgLTU5MiAwDQp2IC0zNTIgLTU3NiAwDQp2IC0zMzYgLTU3NiAwDQp2IC0zMjAgLTU5MiAwDQp2IC0zMzYgLTU5MiAwDQp2IC0zMzYgLTU3NiAwDQp2IC0zMjAgLTU3NiAwDQp2IC0zMDQgLTU5MiAwDQp2IC0zMjAgLTU5MiAwDQp2IC0zMjAgLTU3NiAwDQp2IC0zMDQgLTU3NiAwDQp2IC0yODggLTU5MiAwDQp2IC0zMDQgLTU5MiAwDQp2IC0zMDQgLTU3NiAwDQp2IC0yODggLTU3NiAwDQp2IC0yNzIgLTU5MiAwDQp2IC0yODggLTU5MiAwDQp2IC0yODggLTU3NiAwDQp2IC0yNzIgLTU3NiAwDQp2IC0yNTYgLTU5MiAwDQp2IC0yNzIgLTU5MiAwDQp2IC0yNzIgLTU3NiAwDQp2IC0yNTYgLTU3NiAwDQp2IC0yNDAgLTU5MiAwDQp2IC0yNTYgLTU5MiAwDQp2IC0yNTYgLTU3NiAwDQp2IC0yNDAgLTU3NiAwDQp2IC0yMjQgLTU5MiAwDQp2IC0yNDAgLTU5MiAwDQp2IC0yNDAgLTU3NiAwDQp2IC0yMjQgLTU3NiAwDQp2IC0yMDggLTU5MiAwDQp2IC0yMjQgLTU5MiAwDQp2IC0yMjQgLTU3NiAwDQp2IC0yMDggLTU3NiAwDQp2IC0xOTIgLTU5MiAwDQp2IC0yMDggLTU5MiAwDQp2IC0yMDggLTU3NiAwDQp2IC0xOTIgLTU3NiAwDQp2IC0xNzYgLTU5MiAwDQp2IC0xOTIgLTU5MiAwDQp2IC0xOTIgLTU3NiAwDQp2IC0xNzYgLTU3NiAwDQp2IC0xNjAgLTU5MiAwDQp2IC0xNzYgLTU5MiAwDQp2IC0xNzYgLTU3NiAwDQp2IC0xNjAgLTU3NiAwDQp2IC0xNDQgLTU5MiAwDQp2IC0xNjAgLTU5MiAwDQp2IC0xNjAgLTU3NiAwDQp2IC0xNDQgLTU3NiAwDQp2IC0xMjggLTU5MiAwDQp2IC0xNDQgLTU5MiAwDQp2IC0xNDQgLTU3NiAwDQp2IC0xMjggLTU3NiAwDQp2IC0xMTIgLTU5MiAwDQp2IC0xMjggLTU5MiAwDQp2IC0xMjggLTU3NiAwDQp2IC0xMTIgLTU3NiAwDQp2IC05NiAtNTkyIDANCnYgLTExMiAtNTkyIDANCnYgLTExMiAtNTc2IDANCnYgLTk2IC01NzYgMA0KdiAtODAgLTU5MiAwDQp2IC05NiAtNTkyIDANCnYgLTk2IC01NzYgMA0KdiAtODAgLTU3NiAwDQp2IC02NCAtNTkyIDANCnYgLTgwIC01OTIgMA0KdiAtODAgLTU3NiAwDQp2IC02NCAtNTc2IDANCnYgLTQ4IC01OTIgMA0KdiAtNjQgLTU5MiAwDQp2IC02NCAtNTc2IDANCnYgLTQ4IC01NzYgMA0KdiAtMzIgLTU5MiAwDQp2IC00OCAtNTkyIDANCnYgLTQ4IC01NzYgMA0KdiAtMzIgLTU3NiAwDQp2IC0xNiAtNTkyIDANCnYgLTMyIC01OTIgMA0KdiAtMzIgLTU3NiAwDQp2IC0xNiAtNTc2IDANCnYgMCAtNTkyIDANCnYgLTE2IC01OTIgMA0KdiAtMTYgLTU3NiAwDQp2IDAgLTU3NiAwDQp2IC0xMTg0IC02MDggMA0KdiAtMTIwMCAtNjA4IDANCnYgLTEyMDAgLTU5MiAwDQp2IC0xMTg0IC01OTIgMA0KdiAtMTE2OCAtNjA4IDANCnYgLTExODQgLTYwOCAwDQp2IC0xMTg0IC01OTIgMA0KdiAtMTE2OCAtNTkyIDANCnYgLTExNTIgLTYwOCAwDQp2IC0xMTY4IC02MDggMA0KdiAtMTE2OCAtNTkyIDANCnYgLTExNTIgLTU5MiAwDQp2IC0xMTM2IC02MDggMA0KdiAtMTE1MiAtNjA4IDANCnYgLTExNTIgLTU5MiAwDQp2IC0xMTM2IC01OTIgMA0KdiAtMTEyMCAtNjA4IDANCnYgLTExMzYgLTYwOCAwDQp2IC0xMTM2IC01OTIgMA0KdiAtMTEyMCAtNTkyIDANCnYgLTExMDQgLTYwOCAwDQp2IC0xMTIwIC02MDggMA0KdiAtMTEyMCAtNTkyIDANCnYgLTExMDQgLTU5MiAwDQp2IC0xMDg4IC02MDggMA0KdiAtMTEwNCAtNjA4IDANCnYgLTExMDQgLTU5MiAwDQp2IC0xMDg4IC01OTIgMA0KdiAtMTA3MiAtNjA4IDANCnYgLTEwODggLTYwOCAwDQp2IC0xMDg4IC01OTIgMA0KdiAtMTA3MiAtNTkyIDANCnYgLTEwNTYgLTYwOCAwDQp2IC0xMDcyIC02MDggMA0KdiAtMTA3MiAtNTkyIDANCnYgLTEwNTYgLTU5MiAwDQp2IC0xMDQwIC02MDggMA0KdiAtMTA1NiAtNjA4IDANCnYgLTEwNTYgLTU5MiAwDQp2IC0xMDQwIC01OTIgMA0KdiAtMTAyNCAtNjA4IDANCnYgLTEwNDAgLTYwOCAwDQp2IC0xMDQwIC01OTIgMA0KdiAtMTAyNCAtNTkyIDANCnYgLTEwMDggLTYwOCAwDQp2IC0xMDI0IC02MDggMA0KdiAtMTAyNCAtNTkyIDANCnYgLTEwMDggLTU5MiAwDQp2IC05OTIgLTYwOCAwDQp2IC0xMDA4IC02MDggMA0KdiAtMTAwOCAtNTkyIDANCnYgLTk5MiAtNTkyIDANCnYgLTk3NiAtNjA4IDANCnYgLTk5MiAtNjA4IDANCnYgLTk5MiAtNTkyIDANCnYgLTk3NiAtNTkyIDANCnYgLTk2MCAtNjA4IDANCnYgLTk3NiAtNjA4IDANCnYgLTk3NiAtNTkyIDANCnYgLTk2MCAtNTkyIDANCnYgLTk0NCAtNjA4IDANCnYgLTk2MCAtNjA4IDANCnYgLTk2MCAtNTkyIDANCnYgLTk0NCAtNTkyIDANCnYgLTkyOCAtNjA4IDANCnYgLTk0NCAtNjA4IDANCnYgLTk0NCAtNTkyIDANCnYgLTkyOCAtNTkyIDANCnYgLTkxMiAtNjA4IDANCnYgLTkyOCAtNjA4IDANCnYgLTkyOCAtNTkyIDANCnYgLTkxMiAtNTkyIDANCnYgLTg5NiAtNjA4IDANCnYgLTkxMiAtNjA4IDANCnYgLTkxMiAtNTkyIDANCnYgLTg5NiAtNTkyIDANCnYgLTg4MCAtNjA4IDANCnYgLTg5NiAtNjA4IDANCnYgLTg5NiAtNTkyIDANCnYgLTg4MCAtNTkyIDANCnYgLTg2NCAtNjA4IDANCnYgLTg4MCAtNjA4IDANCnYgLTg4MCAtNTkyIDANCnYgLTg2NCAtNTkyIDANCnYgLTg0OCAtNjA4IDANCnYgLTg2NCAtNjA4IDANCnYgLTg2NCAtNTkyIDANCnYgLTg0OCAtNTkyIDANCnYgLTgzMiAtNjA4IDANCnYgLTg0OCAtNjA4IDANCnYgLTg0OCAtNTkyIDANCnYgLTgzMiAtNTkyIDANCnYgLTgxNiAtNjA4IDANCnYgLTgzMiAtNjA4IDANCnYgLTgzMiAtNTkyIDANCnYgLTgxNiAtNTkyIDANCnYgLTgwMCAtNjA4IDANCnYgLTgxNiAtNjA4IDANCnYgLTgxNiAtNTkyIDANCnYgLTgwMCAtNTkyIDANCnYgLTc4NCAtNjA4IDANCnYgLTgwMCAtNjA4IDANCnYgLTgwMCAtNTkyIDANCnYgLTc4NCAtNTkyIDANCnYgLTc2OCAtNjA4IDANCnYgLTc4NCAtNjA4IDANCnYgLTc4NCAtNTkyIDANCnYgLTc2OCAtNTkyIDANCnYgLTc1MiAtNjA4IDANCnYgLTc2OCAtNjA4IDANCnYgLTc2OCAtNTkyIDANCnYgLTc1MiAtNTkyIDANCnYgLTczNiAtNjA4IDANCnYgLTc1MiAtNjA4IDANCnYgLTc1MiAtNTkyIDANCnYgLTczNiAtNTkyIDANCnYgLTcyMCAtNjA4IDANCnYgLTczNiAtNjA4IDANCnYgLTczNiAtNTkyIDANCnYgLTcyMCAtNTkyIDANCnYgLTcwNCAtNjA4IDANCnYgLTcyMCAtNjA4IDANCnYgLTcyMCAtNTkyIDANCnYgLTcwNCAtNTkyIDANCnYgLTY4OCAtNjA4IDANCnYgLTcwNCAtNjA4IDANCnYgLTcwNCAtNTkyIDANCnYgLTY4OCAtNTkyIDANCnYgLTY3MiAtNjA4IDANCnYgLTY4OCAtNjA4IDANCnYgLTY4OCAtNTkyIDANCnYgLTY3MiAtNTkyIDANCnYgLTY1NiAtNjA4IDANCnYgLTY3MiAtNjA4IDANCnYgLTY3MiAtNTkyIDANCnYgLTY1NiAtNTkyIDANCnYgLTY0MCAtNjA4IDANCnYgLTY1NiAtNjA4IDANCnYgLTY1NiAtNTkyIDANCnYgLTY0MCAtNTkyIDANCnYgLTYyNCAtNjA4IDANCnYgLTY0MCAtNjA4IDANCnYgLTY0MCAtNTkyIDANCnYgLTYyNCAtNTkyIDANCnYgLTYwOCAtNjA4IDANCnYgLTYyNCAtNjA4IDANCnYgLTYyNCAtNTkyIDANCnYgLTYwOCAtNTkyIDANCnYgLTU5MiAtNjA4IDANCnYgLTYwOCAtNjA4IDANCnYgLTYwOCAtNTkyIDANCnYgLTU5MiAtNTkyIDANCnYgLTU3NiAtNjA4IDANCnYgLTU5MiAtNjA4IDANCnYgLTU5MiAtNTkyIDANCnYgLTU3NiAtNTkyIDANCnYgLTU2MCAtNjA4IDANCnYgLTU3NiAtNjA4IDANCnYgLTU3NiAtNTkyIDANCnYgLTU2MCAtNTkyIDANCnYgLTU0NCAtNjA4IDANCnYgLTU2MCAtNjA4IDANCnYgLTU2MCAtNTkyIDANCnYgLTU0NCAtNTkyIDANCnYgLTUyOCAtNjA4IDANCnYgLTU0NCAtNjA4IDANCnYgLTU0NCAtNTkyIDANCnYgLTUyOCAtNTkyIDANCnYgLTUxMiAtNjA4IDANCnYgLTUyOCAtNjA4IDANCnYgLTUyOCAtNTkyIDANCnYgLTUxMiAtNTkyIDANCnYgLTQ5NiAtNjA4IDANCnYgLTUxMiAtNjA4IDANCnYgLTUxMiAtNTkyIDANCnYgLTQ5NiAtNTkyIDANCnYgLTQ4MCAtNjA4IDANCnYgLTQ5NiAtNjA4IDANCnYgLTQ5NiAtNTkyIDANCnYgLTQ4MCAtNTkyIDANCnYgLTQ2NCAtNjA4IDANCnYgLTQ4MCAtNjA4IDANCnYgLTQ4MCAtNTkyIDANCnYgLTQ2NCAtNTkyIDANCnYgLTQ0OCAtNjA4IDANCnYgLTQ2NCAtNjA4IDANCnYgLTQ2NCAtNTkyIDANCnYgLTQ0OCAtNTkyIDANCnYgLTQzMiAtNjA4IDANCnYgLTQ0OCAtNjA4IDANCnYgLTQ0OCAtNTkyIDANCnYgLTQzMiAtNTkyIDANCnYgLTQxNiAtNjA4IDANCnYgLTQzMiAtNjA4IDANCnYgLTQzMiAtNTkyIDANCnYgLTQxNiAtNTkyIDANCnYgLTQwMCAtNjA4IDANCnYgLTQxNiAtNjA4IDANCnYgLTQxNiAtNTkyIDANCnYgLTQwMCAtNTkyIDANCnYgLTM4NCAtNjA4IDANCnYgLTQwMCAtNjA4IDANCnYgLTQwMCAtNTkyIDANCnYgLTM4NCAtNTkyIDANCnYgLTM2OCAtNjA4IDANCnYgLTM4NCAtNjA4IDANCnYgLTM4NCAtNTkyIDANCnYgLTM2OCAtNTkyIDANCnYgLTM1MiAtNjA4IDANCnYgLTM2OCAtNjA4IDANCnYgLTM2OCAtNTkyIDANCnYgLTM1MiAtNTkyIDANCnYgLTMzNiAtNjA4IDANCnYgLTM1MiAtNjA4IDANCnYgLTM1MiAtNTkyIDANCnYgLTMzNiAtNTkyIDANCnYgLTMyMCAtNjA4IDANCnYgLTMzNiAtNjA4IDANCnYgLTMzNiAtNTkyIDANCnYgLTMyMCAtNTkyIDANCnYgLTMwNCAtNjA4IDANCnYgLTMyMCAtNjA4IDANCnYgLTMyMCAtNTkyIDANCnYgLTMwNCAtNTkyIDANCnYgLTI4OCAtNjA4IDANCnYgLTMwNCAtNjA4IDANCnYgLTMwNCAtNTkyIDANCnYgLTI4OCAtNTkyIDANCnYgLTI3MiAtNjA4IDANCnYgLTI4OCAtNjA4IDANCnYgLTI4OCAtNTkyIDANCnYgLTI3MiAtNTkyIDANCnYgLTI1NiAtNjA4IDANCnYgLTI3MiAtNjA4IDANCnYgLTI3MiAtNTkyIDANCnYgLTI1NiAtNTkyIDANCnYgLTI0MCAtNjA4IDANCnYgLTI1NiAtNjA4IDANCnYgLTI1NiAtNTkyIDANCnYgLTI0MCAtNTkyIDANCnYgLTIyNCAtNjA4IDANCnYgLTI0MCAtNjA4IDANCnYgLTI0MCAtNTkyIDANCnYgLTIyNCAtNTkyIDANCnYgLTIwOCAtNjA4IDANCnYgLTIyNCAtNjA4IDANCnYgLTIyNCAtNTkyIDANCnYgLTIwOCAtNTkyIDANCnYgLTE5MiAtNjA4IDANCnYgLTIwOCAtNjA4IDANCnYgLTIwOCAtNTkyIDANCnYgLTE5MiAtNTkyIDANCnYgLTE3NiAtNjA4IDANCnYgLTE5MiAtNjA4IDANCnYgLTE5MiAtNTkyIDANCnYgLTE3NiAtNTkyIDANCnYgLTE2MCAtNjA4IDANCnYgLTE3NiAtNjA4IDANCnYgLTE3NiAtNTkyIDANCnYgLTE2MCAtNTkyIDANCnYgLTE0NCAtNjA4IDANCnYgLTE2MCAtNjA4IDANCnYgLTE2MCAtNTkyIDANCnYgLTE0NCAtNTkyIDANCnYgLTEyOCAtNjA4IDANCnYgLTE0NCAtNjA4IDANCnYgLTE0NCAtNTkyIDANCnYgLTEyOCAtNTkyIDANCnYgLTExMiAtNjA4IDANCnYgLTEyOCAtNjA4IDANCnYgLTEyOCAtNTkyIDANCnYgLTExMiAtNTkyIDANCnYgLTk2IC02MDggMA0KdiAtMTEyIC02MDggMA0KdiAtMTEyIC01OTIgMA0KdiAtOTYgLTU5MiAwDQp2IC04MCAtNjA4IDANCnYgLTk2IC02MDggMA0KdiAtOTYgLTU5MiAwDQp2IC04MCAtNTkyIDANCnYgLTY0IC02MDggMA0KdiAtODAgLTYwOCAwDQp2IC04MCAtNTkyIDANCnYgLTY0IC01OTIgMA0KdiAtNDggLTYwOCAwDQp2IC02NCAtNjA4IDANCnYgLTY0IC01OTIgMA0KdiAtNDggLTU5MiAwDQp2IC0zMiAtNjA4IDANCnYgLTQ4IC02MDggMA0KdiAtNDggLTU5MiAwDQp2IC0zMiAtNTkyIDANCnYgLTE2IC02MDggMA0KdiAtMzIgLTYwOCAwDQp2IC0zMiAtNTkyIDANCnYgLTE2IC01OTIgMA0KdiAwIC02MDggMA0KdiAtMTYgLTYwOCAwDQp2IC0xNiAtNTkyIDANCnYgMCAtNTkyIDANCnYgLTExODQgLTYyNCAwDQp2IC0xMjAwIC02MjQgMA0KdiAtMTIwMCAtNjA4IDANCnYgLTExODQgLTYwOCAwDQp2IC0xMTY4IC02MjQgMA0KdiAtMTE4NCAtNjI0IDANCnYgLTExODQgLTYwOCAwDQp2IC0xMTY4IC02MDggMA0KdiAtMTE1MiAtNjI0IDANCnYgLTExNjggLTYyNCAwDQp2IC0xMTY4IC02MDggMA0KdiAtMTE1MiAtNjA4IDANCnYgLTExMzYgLTYyNCAwDQp2IC0xMTUyIC02MjQgMA0KdiAtMTE1MiAtNjA4IDANCnYgLTExMzYgLTYwOCAwDQp2IC0xMTIwIC02MjQgMA0KdiAtMTEzNiAtNjI0IDANCnYgLTExMzYgLTYwOCAwDQp2IC0xMTIwIC02MDggMA0KdiAtMTEwNCAtNjI0IDANCnYgLTExMjAgLTYyNCAwDQp2IC0xMTIwIC02MDggMA0KdiAtMTEwNCAtNjA4IDANCnYgLTEwODggLTYyNCAwDQp2IC0xMTA0IC02MjQgMA0KdiAtMTEwNCAtNjA4IDANCnYgLTEwODggLTYwOCAwDQp2IC0xMDcyIC02MjQgMA0KdiAtMTA4OCAtNjI0IDANCnYgLTEwODggLTYwOCAwDQp2IC0xMDcyIC02MDggMA0KdiAtMTA1NiAtNjI0IDANCnYgLTEwNzIgLTYyNCAwDQp2IC0xMDcyIC02MDggMA0KdiAtMTA1NiAtNjA4IDANCnYgLTEwNDAgLTYyNCAwDQp2IC0xMDU2IC02MjQgMA0KdiAtMTA1NiAtNjA4IDANCnYgLTEwNDAgLTYwOCAwDQp2IC0xMDI0IC02MjQgMA0KdiAtMTA0MCAtNjI0IDANCnYgLTEwNDAgLTYwOCAwDQp2IC0xMDI0IC02MDggMA0KdiAtMTAwOCAtNjI0IDANCnYgLTEwMjQgLTYyNCAwDQp2IC0xMDI0IC02MDggMA0KdiAtMTAwOCAtNjA4IDANCnYgLTk5MiAtNjI0IDANCnYgLTEwMDggLTYyNCAwDQp2IC0xMDA4IC02MDggMA0KdiAtOTkyIC02MDggMA0KdiAtOTc2IC02MjQgMA0KdiAtOTkyIC02MjQgMA0KdiAtOTkyIC02MDggMA0KdiAtOTc2IC02MDggMA0KdiAtOTYwIC02MjQgMA0KdiAtOTc2IC02MjQgMA0KdiAtOTc2IC02MDggMA0KdiAtOTYwIC02MDggMA0KdiAtOTQ0IC02MjQgMA0KdiAtOTYwIC02MjQgMA0KdiAtOTYwIC02MDggMA0KdiAtOTQ0IC02MDggMA0KdiAtOTI4IC02MjQgMA0KdiAtOTQ0IC02MjQgMA0KdiAtOTQ0IC02MDggMA0KdiAtOTI4IC02MDggMA0KdiAtOTEyIC02MjQgMA0KdiAtOTI4IC02MjQgMA0KdiAtOTI4IC02MDggMA0KdiAtOTEyIC02MDggMA0KdiAtODk2IC02MjQgMA0KdiAtOTEyIC02MjQgMA0KdiAtOTEyIC02MDggMA0KdiAtODk2IC02MDggMA0KdiAtODgwIC02MjQgMA0KdiAtODk2IC02MjQgMA0KdiAtODk2IC02MDggMA0KdiAtODgwIC02MDggMA0KdiAtODY0IC02MjQgMA0KdiAtODgwIC02MjQgMA0KdiAtODgwIC02MDggMA0KdiAtODY0IC02MDggMA0KdiAtODQ4IC02MjQgMA0KdiAtODY0IC02MjQgMA0KdiAtODY0IC02MDggMA0KdiAtODQ4IC02MDggMA0KdiAtODMyIC02MjQgMA0KdiAtODQ4IC02MjQgMA0KdiAtODQ4IC02MDggMA0KdiAtODMyIC02MDggMA0KdiAtODE2IC02MjQgMA0KdiAtODMyIC02MjQgMA0KdiAtODMyIC02MDggMA0KdiAtODE2IC02MDggMA0KdiAtODAwIC02MjQgMA0KdiAtODE2IC02MjQgMA0KdiAtODE2IC02MDggMA0KdiAtODAwIC02MDggMA0KdiAtNzg0IC02MjQgMA0KdiAtODAwIC02MjQgMA0KdiAtODAwIC02MDggMA0KdiAtNzg0IC02MDggMA0KdiAtNzY4IC02MjQgMA0KdiAtNzg0IC02MjQgMA0KdiAtNzg0IC02MDggMA0KdiAtNzY4IC02MDggMA0KdiAtNzUyIC02MjQgMA0KdiAtNzY4IC02MjQgMA0KdiAtNzY4IC02MDggMA0KdiAtNzUyIC02MDggMA0KdiAtNzM2IC02MjQgMA0KdiAtNzUyIC02MjQgMA0KdiAtNzUyIC02MDggMA0KdiAtNzM2IC02MDggMA0KdiAtNzIwIC02MjQgMA0KdiAtNzM2IC02MjQgMA0KdiAtNzM2IC02MDggMA0KdiAtNzIwIC02MDggMA0KdiAtNzA0IC02MjQgMA0KdiAtNzIwIC02MjQgMA0KdiAtNzIwIC02MDggMA0KdiAtNzA0IC02MDggMA0KdiAtNjg4IC02MjQgMA0KdiAtNzA0IC02MjQgMA0KdiAtNzA0IC02MDggMA0KdiAtNjg4IC02MDggMA0KdiAtNjcyIC02MjQgMA0KdiAtNjg4IC02MjQgMA0KdiAtNjg4IC02MDggMA0KdiAtNjcyIC02MDggMA0KdiAtNjU2IC02MjQgMA0KdiAtNjcyIC02MjQgMA0KdiAtNjcyIC02MDggMA0KdiAtNjU2IC02MDggMA0KdiAtNjQwIC02MjQgMA0KdiAtNjU2IC02MjQgMA0KdiAtNjU2IC02MDggMA0KdiAtNjQwIC02MDggMA0KdiAtNjI0IC02MjQgMA0KdiAtNjQwIC02MjQgMA0KdiAtNjQwIC02MDggMA0KdiAtNjI0IC02MDggMA0KdiAtNjA4IC02MjQgMA0KdiAtNjI0IC02MjQgMA0KdiAtNjI0IC02MDggMA0KdiAtNjA4IC02MDggMA0KdiAtNTkyIC02MjQgMA0KdiAtNjA4IC02MjQgMA0KdiAtNjA4IC02MDggMA0KdiAtNTkyIC02MDggMA0KdiAtNTc2IC02MjQgMA0KdiAtNTkyIC02MjQgMA0KdiAtNTkyIC02MDggMA0KdiAtNTc2IC02MDggMA0KdiAtNTYwIC02MjQgMA0KdiAtNTc2IC02MjQgMA0KdiAtNTc2IC02MDggMA0KdiAtNTYwIC02MDggMA0KdiAtNTQ0IC02MjQgMA0KdiAtNTYwIC02MjQgMA0KdiAtNTYwIC02MDggMA0KdiAtNTQ0IC02MDggMA0KdiAtNTI4IC02MjQgMA0KdiAtNTQ0IC02MjQgMA0KdiAtNTQ0IC02MDggMA0KdiAtNTI4IC02MDggMA0KdiAtNTEyIC02MjQgMA0KdiAtNTI4IC02MjQgMA0KdiAtNTI4IC02MDggMA0KdiAtNTEyIC02MDggMA0KdiAtNDk2IC02MjQgMA0KdiAtNTEyIC02MjQgMA0KdiAtNTEyIC02MDggMA0KdiAtNDk2IC02MDggMA0KdiAtNDgwIC02MjQgMA0KdiAtNDk2IC02MjQgMA0KdiAtNDk2IC02MDggMA0KdiAtNDgwIC02MDggMA0KdiAtNDY0IC02MjQgMA0KdiAtNDgwIC02MjQgMA0KdiAtNDgwIC02MDggMA0KdiAtNDY0IC02MDggMA0KdiAtNDQ4IC02MjQgMA0KdiAtNDY0IC02MjQgMA0KdiAtNDY0IC02MDggMA0KdiAtNDQ4IC02MDggMA0KdiAtNDMyIC02MjQgMA0KdiAtNDQ4IC02MjQgMA0KdiAtNDQ4IC02MDggMA0KdiAtNDMyIC02MDggMA0KdiAtNDE2IC02MjQgMA0KdiAtNDMyIC02MjQgMA0KdiAtNDMyIC02MDggMA0KdiAtNDE2IC02MDggMA0KdiAtNDAwIC02MjQgMA0KdiAtNDE2IC02MjQgMA0KdiAtNDE2IC02MDggMA0KdiAtNDAwIC02MDggMA0KdiAtMzg0IC02MjQgMA0KdiAtNDAwIC02MjQgMA0KdiAtNDAwIC02MDggMA0KdiAtMzg0IC02MDggMA0KdiAtMzY4IC02MjQgMA0KdiAtMzg0IC02MjQgMA0KdiAtMzg0IC02MDggMA0KdiAtMzY4IC02MDggMA0KdiAtMzUyIC02MjQgMA0KdiAtMzY4IC02MjQgMA0KdiAtMzY4IC02MDggMA0KdiAtMzUyIC02MDggMA0KdiAtMzM2IC02MjQgMA0KdiAtMzUyIC02MjQgMA0KdiAtMzUyIC02MDggMA0KdiAtMzM2IC02MDggMA0KdiAtMzIwIC02MjQgMA0KdiAtMzM2IC02MjQgMA0KdiAtMzM2IC02MDggMA0KdiAtMzIwIC02MDggMA0KdiAtMzA0IC02MjQgMA0KdiAtMzIwIC02MjQgMA0KdiAtMzIwIC02MDggMA0KdiAtMzA0IC02MDggMA0KdiAtMjg4IC02MjQgMA0KdiAtMzA0IC02MjQgMA0KdiAtMzA0IC02MDggMA0KdiAtMjg4IC02MDggMA0KdiAtMjcyIC02MjQgMA0KdiAtMjg4IC02MjQgMA0KdiAtMjg4IC02MDggMA0KdiAtMjcyIC02MDggMA0KdiAtMjU2IC02MjQgMA0KdiAtMjcyIC02MjQgMA0KdiAtMjcyIC02MDggMA0KdiAtMjU2IC02MDggMA0KdiAtMjQwIC02MjQgMA0KdiAtMjU2IC02MjQgMA0KdiAtMjU2IC02MDggMA0KdiAtMjQwIC02MDggMA0KdiAtMjI0IC02MjQgMA0KdiAtMjQwIC02MjQgMA0KdiAtMjQwIC02MDggMA0KdiAtMjI0IC02MDggMA0KdiAtMjA4IC02MjQgMA0KdiAtMjI0IC02MjQgMA0KdiAtMjI0IC02MDggMA0KdiAtMjA4IC02MDggMA0KdiAtMTkyIC02MjQgMA0KdiAtMjA4IC02MjQgMA0KdiAtMjA4IC02MDggMA0KdiAtMTkyIC02MDggMA0KdiAtMTc2IC02MjQgMA0KdiAtMTkyIC02MjQgMA0KdiAtMTkyIC02MDggMA0KdiAtMTc2IC02MDggMA0KdiAtMTYwIC02MjQgMA0KdiAtMTc2IC02MjQgMA0KdiAtMTc2IC02MDggMA0KdiAtMTYwIC02MDggMA0KdiAtMTQ0IC02MjQgMA0KdiAtMTYwIC02MjQgMA0KdiAtMTYwIC02MDggMA0KdiAtMTQ0IC02MDggMA0KdiAtMTI4IC02MjQgMA0KdiAtMTQ0IC02MjQgMA0KdiAtMTQ0IC02MDggMA0KdiAtMTI4IC02MDggMA0KdiAtMTEyIC02MjQgMA0KdiAtMTI4IC02MjQgMA0KdiAtMTI4IC02MDggMA0KdiAtMTEyIC02MDggMA0KdiAtOTYgLTYyNCAwDQp2IC0xMTIgLTYyNCAwDQp2IC0xMTIgLTYwOCAwDQp2IC05NiAtNjA4IDANCnYgLTgwIC02MjQgMA0KdiAtOTYgLTYyNCAwDQp2IC05NiAtNjA4IDANCnYgLTgwIC02MDggMA0KdiAtNjQgLTYyNCAwDQp2IC04MCAtNjI0IDANCnYgLTgwIC02MDggMA0KdiAtNjQgLTYwOCAwDQp2IC00OCAtNjI0IDANCnYgLTY0IC02MjQgMA0KdiAtNjQgLTYwOCAwDQp2IC00OCAtNjA4IDANCnYgLTMyIC02MjQgMA0KdiAtNDggLTYyNCAwDQp2IC00OCAtNjA4IDANCnYgLTMyIC02MDggMA0KdiAtMTYgLTYyNCAwDQp2IC0zMiAtNjI0IDANCnYgLTMyIC02MDggMA0KdiAtMTYgLTYwOCAwDQp2IDAgLTYyNCAwDQp2IC0xNiAtNjI0IDANCnYgLTE2IC02MDggMA0KdiAwIC02MDggMA0KdiAtMTE4NCAtNjQwIDANCnYgLTEyMDAgLTY0MCAwDQp2IC0xMjAwIC02MjQgMA0KdiAtMTE4NCAtNjI0IDANCnYgLTExNjggLTY0MCAwDQp2IC0xMTg0IC02NDAgMA0KdiAtMTE4NCAtNjI0IDANCnYgLTExNjggLTYyNCAwDQp2IC0xMTUyIC02NDAgMA0KdiAtMTE2OCAtNjQwIDANCnYgLTExNjggLTYyNCAwDQp2IC0xMTUyIC02MjQgMA0KdiAtMTEzNiAtNjQwIDANCnYgLTExNTIgLTY0MCAwDQp2IC0xMTUyIC02MjQgMA0KdiAtMTEzNiAtNjI0IDANCnYgLTExMjAgLTY0MCAwDQp2IC0xMTM2IC02NDAgMA0KdiAtMTEzNiAtNjI0IDANCnYgLTExMjAgLTYyNCAwDQp2IC0xMTA0IC02NDAgMA0KdiAtMTEyMCAtNjQwIDANCnYgLTExMjAgLTYyNCAwDQp2IC0xMTA0IC02MjQgMA0KdiAtMTA4OCAtNjQwIDANCnYgLTExMDQgLTY0MCAwDQp2IC0xMTA0IC02MjQgMA0KdiAtMTA4OCAtNjI0IDANCnYgLTEwNzIgLTY0MCAwDQp2IC0xMDg4IC02NDAgMA0KdiAtMTA4OCAtNjI0IDANCnYgLTEwNzIgLTYyNCAwDQp2IC0xMDU2IC02NDAgMA0KdiAtMTA3MiAtNjQwIDANCnYgLTEwNzIgLTYyNCAwDQp2IC0xMDU2IC02MjQgMA0KdiAtMTA0MCAtNjQwIDANCnYgLTEwNTYgLTY0MCAwDQp2IC0xMDU2IC02MjQgMA0KdiAtMTA0MCAtNjI0IDANCnYgLTEwMjQgLTY0MCAwDQp2IC0xMDQwIC02NDAgMA0KdiAtMTA0MCAtNjI0IDANCnYgLTEwMjQgLTYyNCAwDQp2IC0xMDA4IC02NDAgMA0KdiAtMTAyNCAtNjQwIDANCnYgLTEwMjQgLTYyNCAwDQp2IC0xMDA4IC02MjQgMA0KdiAtOTkyIC02NDAgMA0KdiAtMTAwOCAtNjQwIDANCnYgLTEwMDggLTYyNCAwDQp2IC05OTIgLTYyNCAwDQp2IC05NzYgLTY0MCAwDQp2IC05OTIgLTY0MCAwDQp2IC05OTIgLTYyNCAwDQp2IC05NzYgLTYyNCAwDQp2IC05NjAgLTY0MCAwDQp2IC05NzYgLTY0MCAwDQp2IC05NzYgLTYyNCAwDQp2IC05NjAgLTYyNCAwDQp2IC05NDQgLTY0MCAwDQp2IC05NjAgLTY0MCAwDQp2IC05NjAgLTYyNCAwDQp2IC05NDQgLTYyNCAwDQp2IC05MjggLTY0MCAwDQp2IC05NDQgLTY0MCAwDQp2IC05NDQgLTYyNCAwDQp2IC05MjggLTYyNCAwDQp2IC05MTIgLTY0MCAwDQp2IC05MjggLTY0MCAwDQp2IC05MjggLTYyNCAwDQp2IC05MTIgLTYyNCAwDQp2IC04OTYgLTY0MCAwDQp2IC05MTIgLTY0MCAwDQp2IC05MTIgLTYyNCAwDQp2IC04OTYgLTYyNCAwDQp2IC04ODAgLTY0MCAwDQp2IC04OTYgLTY0MCAwDQp2IC04OTYgLTYyNCAwDQp2IC04ODAgLTYyNCAwDQp2IC04NjQgLTY0MCAwDQp2IC04ODAgLTY0MCAwDQp2IC04ODAgLTYyNCAwDQp2IC04NjQgLTYyNCAwDQp2IC04NDggLTY0MCAwDQp2IC04NjQgLTY0MCAwDQp2IC04NjQgLTYyNCAwDQp2IC04NDggLTYyNCAwDQp2IC04MzIgLTY0MCAwDQp2IC04NDggLTY0MCAwDQp2IC04NDggLTYyNCAwDQp2IC04MzIgLTYyNCAwDQp2IC04MTYgLTY0MCAwDQp2IC04MzIgLTY0MCAwDQp2IC04MzIgLTYyNCAwDQp2IC04MTYgLTYyNCAwDQp2IC04MDAgLTY0MCAwDQp2IC04MTYgLTY0MCAwDQp2IC04MTYgLTYyNCAwDQp2IC04MDAgLTYyNCAwDQp2IC03ODQgLTY0MCAwDQp2IC04MDAgLTY0MCAwDQp2IC04MDAgLTYyNCAwDQp2IC03ODQgLTYyNCAwDQp2IC03NjggLTY0MCAwDQp2IC03ODQgLTY0MCAwDQp2IC03ODQgLTYyNCAwDQp2IC03NjggLTYyNCAwDQp2IC03NTIgLTY0MCAwDQp2IC03NjggLTY0MCAwDQp2IC03NjggLTYyNCAwDQp2IC03NTIgLTYyNCAwDQp2IC03MzYgLTY0MCAwDQp2IC03NTIgLTY0MCAwDQp2IC03NTIgLTYyNCAwDQp2IC03MzYgLTYyNCAwDQp2IC03MjAgLTY0MCAwDQp2IC03MzYgLTY0MCAwDQp2IC03MzYgLTYyNCAwDQp2IC03MjAgLTYyNCAwDQp2IC03MDQgLTY0MCAwDQp2IC03MjAgLTY0MCAwDQp2IC03MjAgLTYyNCAwDQp2IC03MDQgLTYyNCAwDQp2IC02ODggLTY0MCAwDQp2IC03MDQgLTY0MCAwDQp2IC03MDQgLTYyNCAwDQp2IC02ODggLTYyNCAwDQp2IC02NzIgLTY0MCAwDQp2IC02ODggLTY0MCAwDQp2IC02ODggLTYyNCAwDQp2IC02NzIgLTYyNCAwDQp2IC02NTYgLTY0MCAwDQp2IC02NzIgLTY0MCAwDQp2IC02NzIgLTYyNCAwDQp2IC02NTYgLTYyNCAwDQp2IC02NDAgLTY0MCAwDQp2IC02NTYgLTY0MCAwDQp2IC02NTYgLTYyNCAwDQp2IC02NDAgLTYyNCAwDQp2IC02MjQgLTY0MCAwDQp2IC02NDAgLTY0MCAwDQp2IC02NDAgLTYyNCAwDQp2IC02MjQgLTYyNCAwDQp2IC02MDggLTY0MCAwDQp2IC02MjQgLTY0MCAwDQp2IC02MjQgLTYyNCAwDQp2IC02MDggLTYyNCAwDQp2IC01OTIgLTY0MCAwDQp2IC02MDggLTY0MCAwDQp2IC02MDggLTYyNCAwDQp2IC01OTIgLTYyNCAwDQp2IC01NzYgLTY0MCAwDQp2IC01OTIgLTY0MCAwDQp2IC01OTIgLTYyNCAwDQp2IC01NzYgLTYyNCAwDQp2IC01NjAgLTY0MCAwDQp2IC01NzYgLTY0MCAwDQp2IC01NzYgLTYyNCAwDQp2IC01NjAgLTYyNCAwDQp2IC01NDQgLTY0MCAwDQp2IC01NjAgLTY0MCAwDQp2IC01NjAgLTYyNCAwDQp2IC01NDQgLTYyNCAwDQp2IC01MjggLTY0MCAwDQp2IC01NDQgLTY0MCAwDQp2IC01NDQgLTYyNCAwDQp2IC01MjggLTYyNCAwDQp2IC01MTIgLTY0MCAwDQp2IC01MjggLTY0MCAwDQp2IC01MjggLTYyNCAwDQp2IC01MTIgLTYyNCAwDQp2IC00OTYgLTY0MCAwDQp2IC01MTIgLTY0MCAwDQp2IC01MTIgLTYyNCAwDQp2IC00OTYgLTYyNCAwDQp2IC00ODAgLTY0MCAwDQp2IC00OTYgLTY0MCAwDQp2IC00OTYgLTYyNCAwDQp2IC00ODAgLTYyNCAwDQp2IC00NjQgLTY0MCAwDQp2IC00ODAgLTY0MCAwDQp2IC00ODAgLTYyNCAwDQp2IC00NjQgLTYyNCAwDQp2IC00NDggLTY0MCAwDQp2IC00NjQgLTY0MCAwDQp2IC00NjQgLTYyNCAwDQp2IC00NDggLTYyNCAwDQp2IC00MzIgLTY0MCAwDQp2IC00NDggLTY0MCAwDQp2IC00NDggLTYyNCAwDQp2IC00MzIgLTYyNCAwDQp2IC00MTYgLTY0MCAwDQp2IC00MzIgLTY0MCAwDQp2IC00MzIgLTYyNCAwDQp2IC00MTYgLTYyNCAwDQp2IC00MDAgLTY0MCAwDQp2IC00MTYgLTY0MCAwDQp2IC00MTYgLTYyNCAwDQp2IC00MDAgLTYyNCAwDQp2IC0zODQgLTY0MCAwDQp2IC00MDAgLTY0MCAwDQp2IC00MDAgLTYyNCAwDQp2IC0zODQgLTYyNCAwDQp2IC0zNjggLTY0MCAwDQp2IC0zODQgLTY0MCAwDQp2IC0zODQgLTYyNCAwDQp2IC0zNjggLTYyNCAwDQp2IC0zNTIgLTY0MCAwDQp2IC0zNjggLTY0MCAwDQp2IC0zNjggLTYyNCAwDQp2IC0zNTIgLTYyNCAwDQp2IC0zMzYgLTY0MCAwDQp2IC0zNTIgLTY0MCAwDQp2IC0zNTIgLTYyNCAwDQp2IC0zMzYgLTYyNCAwDQp2IC0zMjAgLTY0MCAwDQp2IC0zMzYgLTY0MCAwDQp2IC0zMzYgLTYyNCAwDQp2IC0zMjAgLTYyNCAwDQp2IC0zMDQgLTY0MCAwDQp2IC0zMjAgLTY0MCAwDQp2IC0zMjAgLTYyNCAwDQp2IC0zMDQgLTYyNCAwDQp2IC0yODggLTY0MCAwDQp2IC0zMDQgLTY0MCAwDQp2IC0zMDQgLTYyNCAwDQp2IC0yODggLTYyNCAwDQp2IC0yNzIgLTY0MCAwDQp2IC0yODggLTY0MCAwDQp2IC0yODggLTYyNCAwDQp2IC0yNzIgLTYyNCAwDQp2IC0yNTYgLTY0MCAwDQp2IC0yNzIgLTY0MCAwDQp2IC0yNzIgLTYyNCAwDQp2IC0yNTYgLTYyNCAwDQp2IC0yNDAgLTY0MCAwDQp2IC0yNTYgLTY0MCAwDQp2IC0yNTYgLTYyNCAwDQp2IC0yNDAgLTYyNCAwDQp2IC0yMjQgLTY0MCAwDQp2IC0yNDAgLTY0MCAwDQp2IC0yNDAgLTYyNCAwDQp2IC0yMjQgLTYyNCAwDQp2IC0yMDggLTY0MCAwDQp2IC0yMjQgLTY0MCAwDQp2IC0yMjQgLTYyNCAwDQp2IC0yMDggLTYyNCAwDQp2IC0xOTIgLTY0MCAwDQp2IC0yMDggLTY0MCAwDQp2IC0yMDggLTYyNCAwDQp2IC0xOTIgLTYyNCAwDQp2IC0xNzYgLTY0MCAwDQp2IC0xOTIgLTY0MCAwDQp2IC0xOTIgLTYyNCAwDQp2IC0xNzYgLTYyNCAwDQp2IC0xNjAgLTY0MCAwDQp2IC0xNzYgLTY0MCAwDQp2IC0xNzYgLTYyNCAwDQp2IC0xNjAgLTYyNCAwDQp2IC0xNDQgLTY0MCAwDQp2IC0xNjAgLTY0MCAwDQp2IC0xNjAgLTYyNCAwDQp2IC0xNDQgLTYyNCAwDQp2IC0xMjggLTY0MCAwDQp2IC0xNDQgLTY0MCAwDQp2IC0xNDQgLTYyNCAwDQp2IC0xMjggLTYyNCAwDQp2IC0xMTIgLTY0MCAwDQp2IC0xMjggLTY0MCAwDQp2IC0xMjggLTYyNCAwDQp2IC0xMTIgLTYyNCAwDQp2IC05NiAtNjQwIDANCnYgLTExMiAtNjQwIDANCnYgLTExMiAtNjI0IDANCnYgLTk2IC02MjQgMA0KdiAtODAgLTY0MCAwDQp2IC05NiAtNjQwIDANCnYgLTk2IC02MjQgMA0KdiAtODAgLTYyNCAwDQp2IC02NCAtNjQwIDANCnYgLTgwIC02NDAgMA0KdiAtODAgLTYyNCAwDQp2IC02NCAtNjI0IDANCnYgLTQ4IC02NDAgMA0KdiAtNjQgLTY0MCAwDQp2IC02NCAtNjI0IDANCnYgLTQ4IC02MjQgMA0KdiAtMzIgLTY0MCAwDQp2IC00OCAtNjQwIDANCnYgLTQ4IC02MjQgMA0KdiAtMzIgLTYyNCAwDQp2IC0xNiAtNjQwIDANCnYgLTMyIC02NDAgMA0KdiAtMzIgLTYyNCAwDQp2IC0xNiAtNjI0IDANCnYgMCAtNjQwIDANCnYgLTE2IC02NDAgMA0KdiAtMTYgLTYyNCAwDQp2IDAgLTYyNCAwDQp2IC0xMTg0IC02NTYgMA0KdiAtMTIwMCAtNjU2IDANCnYgLTEyMDAgLTY0MCAwDQp2IC0xMTg0IC02NDAgMA0KdiAtMTE2OCAtNjU2IDANCnYgLTExODQgLTY1NiAwDQp2IC0xMTg0IC02NDAgMA0KdiAtMTE2OCAtNjQwIDANCnYgLTExNTIgLTY1NiAwDQp2IC0xMTY4IC02NTYgMA0KdiAtMTE2OCAtNjQwIDANCnYgLTExNTIgLTY0MCAwDQp2IC0xMTM2IC02NTYgMA0KdiAtMTE1MiAtNjU2IDANCnYgLTExNTIgLTY0MCAwDQp2IC0xMTM2IC02NDAgMA0KdiAtMTEyMCAtNjU2IDANCnYgLTExMzYgLTY1NiAwDQp2IC0xMTM2IC02NDAgMA0KdiAtMTEyMCAtNjQwIDANCnYgLTExMDQgLTY1NiAwDQp2IC0xMTIwIC02NTYgMA0KdiAtMTEyMCAtNjQwIDANCnYgLTExMDQgLTY0MCAwDQp2IC0xMDg4IC02NTYgMA0KdiAtMTEwNCAtNjU2IDANCnYgLTExMDQgLTY0MCAwDQp2IC0xMDg4IC02NDAgMA0KdiAtMTA3MiAtNjU2IDANCnYgLTEwODggLTY1NiAwDQp2IC0xMDg4IC02NDAgMA0KdiAtMTA3MiAtNjQwIDANCnYgLTEwNTYgLTY1NiAwDQp2IC0xMDcyIC02NTYgMA0KdiAtMTA3MiAtNjQwIDANCnYgLTEwNTYgLTY0MCAwDQp2IC0xMDQwIC02NTYgMA0KdiAtMTA1NiAtNjU2IDANCnYgLTEwNTYgLTY0MCAwDQp2IC0xMDQwIC02NDAgMA0KdiAtMTAyNCAtNjU2IDANCnYgLTEwNDAgLTY1NiAwDQp2IC0xMDQwIC02NDAgMA0KdiAtMTAyNCAtNjQwIDANCnYgLTEwMDggLTY1NiAwDQp2IC0xMDI0IC02NTYgMA0KdiAtMTAyNCAtNjQwIDANCnYgLTEwMDggLTY0MCAwDQp2IC05OTIgLTY1NiAwDQp2IC0xMDA4IC02NTYgMA0KdiAtMTAwOCAtNjQwIDANCnYgLTk5MiAtNjQwIDANCnYgLTk3NiAtNjU2IDANCnYgLTk5MiAtNjU2IDANCnYgLTk5MiAtNjQwIDANCnYgLTk3NiAtNjQwIDANCnYgLTk2MCAtNjU2IDANCnYgLTk3NiAtNjU2IDANCnYgLTk3NiAtNjQwIDANCnYgLTk2MCAtNjQwIDANCnYgLTk0NCAtNjU2IDANCnYgLTk2MCAtNjU2IDANCnYgLTk2MCAtNjQwIDANCnYgLTk0NCAtNjQwIDANCnYgLTkyOCAtNjU2IDANCnYgLTk0NCAtNjU2IDANCnYgLTk0NCAtNjQwIDANCnYgLTkyOCAtNjQwIDANCnYgLTkxMiAtNjU2IDANCnYgLTkyOCAtNjU2IDANCnYgLTkyOCAtNjQwIDANCnYgLTkxMiAtNjQwIDANCnYgLTg5NiAtNjU2IDANCnYgLTkxMiAtNjU2IDANCnYgLTkxMiAtNjQwIDANCnYgLTg5NiAtNjQwIDANCnYgLTg4MCAtNjU2IDANCnYgLTg5NiAtNjU2IDANCnYgLTg5NiAtNjQwIDANCnYgLTg4MCAtNjQwIDANCnYgLTg2NCAtNjU2IDANCnYgLTg4MCAtNjU2IDANCnYgLTg4MCAtNjQwIDANCnYgLTg2NCAtNjQwIDANCnYgLTg0OCAtNjU2IDANCnYgLTg2NCAtNjU2IDANCnYgLTg2NCAtNjQwIDANCnYgLTg0OCAtNjQwIDANCnYgLTgzMiAtNjU2IDANCnYgLTg0OCAtNjU2IDANCnYgLTg0OCAtNjQwIDANCnYgLTgzMiAtNjQwIDANCnYgLTgxNiAtNjU2IDANCnYgLTgzMiAtNjU2IDANCnYgLTgzMiAtNjQwIDANCnYgLTgxNiAtNjQwIDANCnYgLTgwMCAtNjU2IDANCnYgLTgxNiAtNjU2IDANCnYgLTgxNiAtNjQwIDANCnYgLTgwMCAtNjQwIDANCnYgLTc4NCAtNjU2IDANCnYgLTgwMCAtNjU2IDANCnYgLTgwMCAtNjQwIDANCnYgLTc4NCAtNjQwIDANCnYgLTc2OCAtNjU2IDANCnYgLTc4NCAtNjU2IDANCnYgLTc4NCAtNjQwIDANCnYgLTc2OCAtNjQwIDANCnYgLTc1MiAtNjU2IDANCnYgLTc2OCAtNjU2IDANCnYgLTc2OCAtNjQwIDANCnYgLTc1MiAtNjQwIDANCnYgLTczNiAtNjU2IDANCnYgLTc1MiAtNjU2IDANCnYgLTc1MiAtNjQwIDANCnYgLTczNiAtNjQwIDANCnYgLTcyMCAtNjU2IDANCnYgLTczNiAtNjU2IDANCnYgLTczNiAtNjQwIDANCnYgLTcyMCAtNjQwIDANCnYgLTcwNCAtNjU2IDANCnYgLTcyMCAtNjU2IDANCnYgLTcyMCAtNjQwIDANCnYgLTcwNCAtNjQwIDANCnYgLTY4OCAtNjU2IDANCnYgLTcwNCAtNjU2IDANCnYgLTcwNCAtNjQwIDANCnYgLTY4OCAtNjQwIDANCnYgLTY3MiAtNjU2IDANCnYgLTY4OCAtNjU2IDANCnYgLTY4OCAtNjQwIDANCnYgLTY3MiAtNjQwIDANCnYgLTY1NiAtNjU2IDANCnYgLTY3MiAtNjU2IDANCnYgLTY3MiAtNjQwIDANCnYgLTY1NiAtNjQwIDANCnYgLTY0MCAtNjU2IDANCnYgLTY1NiAtNjU2IDANCnYgLTY1NiAtNjQwIDANCnYgLTY0MCAtNjQwIDANCnYgLTYyNCAtNjU2IDANCnYgLTY0MCAtNjU2IDANCnYgLTY0MCAtNjQwIDANCnYgLTYyNCAtNjQwIDANCnYgLTYwOCAtNjU2IDANCnYgLTYyNCAtNjU2IDANCnYgLTYyNCAtNjQwIDANCnYgLTYwOCAtNjQwIDANCnYgLTU5MiAtNjU2IDANCnYgLTYwOCAtNjU2IDANCnYgLTYwOCAtNjQwIDANCnYgLTU5MiAtNjQwIDANCnYgLTU3NiAtNjU2IDANCnYgLTU5MiAtNjU2IDANCnYgLTU5MiAtNjQwIDANCnYgLTU3NiAtNjQwIDANCnYgLTU2MCAtNjU2IDANCnYgLTU3NiAtNjU2IDANCnYgLTU3NiAtNjQwIDANCnYgLTU2MCAtNjQwIDANCnYgLTU0NCAtNjU2IDANCnYgLTU2MCAtNjU2IDANCnYgLTU2MCAtNjQwIDANCnYgLTU0NCAtNjQwIDANCnYgLTUyOCAtNjU2IDANCnYgLTU0NCAtNjU2IDANCnYgLTU0NCAtNjQwIDANCnYgLTUyOCAtNjQwIDANCnYgLTUxMiAtNjU2IDANCnYgLTUyOCAtNjU2IDANCnYgLTUyOCAtNjQwIDANCnYgLTUxMiAtNjQwIDANCnYgLTQ5NiAtNjU2IDANCnYgLTUxMiAtNjU2IDANCnYgLTUxMiAtNjQwIDANCnYgLTQ5NiAtNjQwIDANCnYgLTQ4MCAtNjU2IDANCnYgLTQ5NiAtNjU2IDANCnYgLTQ5NiAtNjQwIDANCnYgLTQ4MCAtNjQwIDANCnYgLTQ2NCAtNjU2IDANCnYgLTQ4MCAtNjU2IDANCnYgLTQ4MCAtNjQwIDANCnYgLTQ2NCAtNjQwIDANCnYgLTQ0OCAtNjU2IDANCnYgLTQ2NCAtNjU2IDANCnYgLTQ2NCAtNjQwIDANCnYgLTQ0OCAtNjQwIDANCnYgLTQzMiAtNjU2IDANCnYgLTQ0OCAtNjU2IDANCnYgLTQ0OCAtNjQwIDANCnYgLTQzMiAtNjQwIDANCnYgLTQxNiAtNjU2IDANCnYgLTQzMiAtNjU2IDANCnYgLTQzMiAtNjQwIDANCnYgLTQxNiAtNjQwIDANCnYgLTQwMCAtNjU2IDANCnYgLTQxNiAtNjU2IDANCnYgLTQxNiAtNjQwIDANCnYgLTQwMCAtNjQwIDANCnYgLTM4NCAtNjU2IDANCnYgLTQwMCAtNjU2IDANCnYgLTQwMCAtNjQwIDANCnYgLTM4NCAtNjQwIDANCnYgLTM2OCAtNjU2IDANCnYgLTM4NCAtNjU2IDANCnYgLTM4NCAtNjQwIDANCnYgLTM2OCAtNjQwIDANCnYgLTM1MiAtNjU2IDANCnYgLTM2OCAtNjU2IDANCnYgLTM2OCAtNjQwIDANCnYgLTM1MiAtNjQwIDANCnYgLTMzNiAtNjU2IDANCnYgLTM1MiAtNjU2IDANCnYgLTM1MiAtNjQwIDANCnYgLTMzNiAtNjQwIDANCnYgLTMyMCAtNjU2IDANCnYgLTMzNiAtNjU2IDANCnYgLTMzNiAtNjQwIDANCnYgLTMyMCAtNjQwIDANCnYgLTMwNCAtNjU2IDANCnYgLTMyMCAtNjU2IDANCnYgLTMyMCAtNjQwIDANCnYgLTMwNCAtNjQwIDANCnYgLTI4OCAtNjU2IDANCnYgLTMwNCAtNjU2IDANCnYgLTMwNCAtNjQwIDANCnYgLTI4OCAtNjQwIDANCnYgLTI3MiAtNjU2IDANCnYgLTI4OCAtNjU2IDANCnYgLTI4OCAtNjQwIDANCnYgLTI3MiAtNjQwIDANCnYgLTI1NiAtNjU2IDANCnYgLTI3MiAtNjU2IDANCnYgLTI3MiAtNjQwIDANCnYgLTI1NiAtNjQwIDANCnYgLTI0MCAtNjU2IDANCnYgLTI1NiAtNjU2IDANCnYgLTI1NiAtNjQwIDANCnYgLTI0MCAtNjQwIDANCnYgLTIyNCAtNjU2IDANCnYgLTI0MCAtNjU2IDANCnYgLTI0MCAtNjQwIDANCnYgLTIyNCAtNjQwIDANCnYgLTIwOCAtNjU2IDANCnYgLTIyNCAtNjU2IDANCnYgLTIyNCAtNjQwIDANCnYgLTIwOCAtNjQwIDANCnYgLTE5MiAtNjU2IDANCnYgLTIwOCAtNjU2IDANCnYgLTIwOCAtNjQwIDANCnYgLTE5MiAtNjQwIDANCnYgLTE3NiAtNjU2IDANCnYgLTE5MiAtNjU2IDANCnYgLTE5MiAtNjQwIDANCnYgLTE3NiAtNjQwIDANCnYgLTE2MCAtNjU2IDANCnYgLTE3NiAtNjU2IDANCnYgLTE3NiAtNjQwIDANCnYgLTE2MCAtNjQwIDANCnYgLTE0NCAtNjU2IDANCnYgLTE2MCAtNjU2IDANCnYgLTE2MCAtNjQwIDANCnYgLTE0NCAtNjQwIDANCnYgLTEyOCAtNjU2IDANCnYgLTE0NCAtNjU2IDANCnYgLTE0NCAtNjQwIDANCnYgLTEyOCAtNjQwIDANCnYgLTExMiAtNjU2IDANCnYgLTEyOCAtNjU2IDANCnYgLTEyOCAtNjQwIDANCnYgLTExMiAtNjQwIDANCnYgLTk2IC02NTYgMA0KdiAtMTEyIC02NTYgMA0KdiAtMTEyIC02NDAgMA0KdiAtOTYgLTY0MCAwDQp2IC04MCAtNjU2IDANCnYgLTk2IC02NTYgMA0KdiAtOTYgLTY0MCAwDQp2IC04MCAtNjQwIDANCnYgLTY0IC02NTYgMA0KdiAtODAgLTY1NiAwDQp2IC04MCAtNjQwIDANCnYgLTY0IC02NDAgMA0KdiAtNDggLTY1NiAwDQp2IC02NCAtNjU2IDANCnYgLTY0IC02NDAgMA0KdiAtNDggLTY0MCAwDQp2IC0zMiAtNjU2IDANCnYgLTQ4IC02NTYgMA0KdiAtNDggLTY0MCAwDQp2IC0zMiAtNjQwIDANCnYgLTE2IC02NTYgMA0KdiAtMzIgLTY1NiAwDQp2IC0zMiAtNjQwIDANCnYgLTE2IC02NDAgMA0KdiAwIC02NTYgMA0KdiAtMTYgLTY1NiAwDQp2IC0xNiAtNjQwIDANCnYgMCAtNjQwIDANCnYgLTExODQgLTY3MiAwDQp2IC0xMjAwIC02NzIgMA0KdiAtMTIwMCAtNjU2IDANCnYgLTExODQgLTY1NiAwDQp2IC0xMTY4IC02NzIgMA0KdiAtMTE4NCAtNjcyIDANCnYgLTExODQgLTY1NiAwDQp2IC0xMTY4IC02NTYgMA0KdiAtMTE1MiAtNjcyIDANCnYgLTExNjggLTY3MiAwDQp2IC0xMTY4IC02NTYgMA0KdiAtMTE1MiAtNjU2IDANCnYgLTExMzYgLTY3MiAwDQp2IC0xMTUyIC02NzIgMA0KdiAtMTE1MiAtNjU2IDANCnYgLTExMzYgLTY1NiAwDQp2IC0xMTIwIC02NzIgMA0KdiAtMTEzNiAtNjcyIDANCnYgLTExMzYgLTY1NiAwDQp2IC0xMTIwIC02NTYgMA0KdiAtMTEwNCAtNjcyIDANCnYgLTExMjAgLTY3MiAwDQp2IC0xMTIwIC02NTYgMA0KdiAtMTEwNCAtNjU2IDANCnYgLTEwODggLTY3MiAwDQp2IC0xMTA0IC02NzIgMA0KdiAtMTEwNCAtNjU2IDANCnYgLTEwODggLTY1NiAwDQp2IC0xMDcyIC02NzIgMA0KdiAtMTA4OCAtNjcyIDANCnYgLTEwODggLTY1NiAwDQp2IC0xMDcyIC02NTYgMA0KdiAtMTA1NiAtNjcyIDANCnYgLTEwNzIgLTY3MiAwDQp2IC0xMDcyIC02NTYgMA0KdiAtMTA1NiAtNjU2IDANCnYgLTEwNDAgLTY3MiAwDQp2IC0xMDU2IC02NzIgMA0KdiAtMTA1NiAtNjU2IDANCnYgLTEwNDAgLTY1NiAwDQp2IC0xMDI0IC02NzIgMA0KdiAtMTA0MCAtNjcyIDANCnYgLTEwNDAgLTY1NiAwDQp2IC0xMDI0IC02NTYgMA0KdiAtMTAwOCAtNjcyIDANCnYgLTEwMjQgLTY3MiAwDQp2IC0xMDI0IC02NTYgMA0KdiAtMTAwOCAtNjU2IDANCnYgLTk5MiAtNjcyIDANCnYgLTEwMDggLTY3MiAwDQp2IC0xMDA4IC02NTYgMA0KdiAtOTkyIC02NTYgMA0KdiAtOTc2IC02NzIgMA0KdiAtOTkyIC02NzIgMA0KdiAtOTkyIC02NTYgMA0KdiAtOTc2IC02NTYgMA0KdiAtOTYwIC02NzIgMA0KdiAtOTc2IC02NzIgMA0KdiAtOTc2IC02NTYgMA0KdiAtOTYwIC02NTYgMA0KdiAtOTQ0IC02NzIgMA0KdiAtOTYwIC02NzIgMA0KdiAtOTYwIC02NTYgMA0KdiAtOTQ0IC02NTYgMA0KdiAtOTI4IC02NzIgMA0KdiAtOTQ0IC02NzIgMA0KdiAtOTQ0IC02NTYgMA0KdiAtOTI4IC02NTYgMA0KdiAtOTEyIC02NzIgMA0KdiAtOTI4IC02NzIgMA0KdiAtOTI4IC02NTYgMA0KdiAtOTEyIC02NTYgMA0KdiAtODk2IC02NzIgMA0KdiAtOTEyIC02NzIgMA0KdiAtOTEyIC02NTYgMA0KdiAtODk2IC02NTYgMA0KdiAtODgwIC02NzIgMA0KdiAtODk2IC02NzIgMA0KdiAtODk2IC02NTYgMA0KdiAtODgwIC02NTYgMA0KdiAtODY0IC02NzIgMA0KdiAtODgwIC02NzIgMA0KdiAtODgwIC02NTYgMA0KdiAtODY0IC02NTYgMA0KdiAtODQ4IC02NzIgMA0KdiAtODY0IC02NzIgMA0KdiAtODY0IC02NTYgMA0KdiAtODQ4IC02NTYgMA0KdiAtODMyIC02NzIgMA0KdiAtODQ4IC02NzIgMA0KdiAtODQ4IC02NTYgMA0KdiAtODMyIC02NTYgMA0KdiAtODE2IC02NzIgMA0KdiAtODMyIC02NzIgMA0KdiAtODMyIC02NTYgMA0KdiAtODE2IC02NTYgMA0KdiAtODAwIC02NzIgMA0KdiAtODE2IC02NzIgMA0KdiAtODE2IC02NTYgMA0KdiAtODAwIC02NTYgMA0KdiAtNzg0IC02NzIgMA0KdiAtODAwIC02NzIgMA0KdiAtODAwIC02NTYgMA0KdiAtNzg0IC02NTYgMA0KdiAtNzY4IC02NzIgMA0KdiAtNzg0IC02NzIgMA0KdiAtNzg0IC02NTYgMA0KdiAtNzY4IC02NTYgMA0KdiAtNzUyIC02NzIgMA0KdiAtNzY4IC02NzIgMA0KdiAtNzY4IC02NTYgMA0KdiAtNzUyIC02NTYgMA0KdiAtNzM2IC02NzIgMA0KdiAtNzUyIC02NzIgMA0KdiAtNzUyIC02NTYgMA0KdiAtNzM2IC02NTYgMA0KdiAtNzIwIC02NzIgMA0KdiAtNzM2IC02NzIgMA0KdiAtNzM2IC02NTYgMA0KdiAtNzIwIC02NTYgMA0KdiAtNzA0IC02NzIgMA0KdiAtNzIwIC02NzIgMA0KdiAtNzIwIC02NTYgMA0KdiAtNzA0IC02NTYgMA0KdiAtNjg4IC02NzIgMA0KdiAtNzA0IC02NzIgMA0KdiAtNzA0IC02NTYgMA0KdiAtNjg4IC02NTYgMA0KdiAtNjcyIC02NzIgMA0KdiAtNjg4IC02NzIgMA0KdiAtNjg4IC02NTYgMA0KdiAtNjcyIC02NTYgMA0KdiAtNjU2IC02NzIgMA0KdiAtNjcyIC02NzIgMA0KdiAtNjcyIC02NTYgMA0KdiAtNjU2IC02NTYgMA0KdiAtNjQwIC02NzIgMA0KdiAtNjU2IC02NzIgMA0KdiAtNjU2IC02NTYgMA0KdiAtNjQwIC02NTYgMA0KdiAtNjI0IC02NzIgMA0KdiAtNjQwIC02NzIgMA0KdiAtNjQwIC02NTYgMA0KdiAtNjI0IC02NTYgMA0KdiAtNjA4IC02NzIgMA0KdiAtNjI0IC02NzIgMA0KdiAtNjI0IC02NTYgMA0KdiAtNjA4IC02NTYgMA0KdiAtNTkyIC02NzIgMA0KdiAtNjA4IC02NzIgMA0KdiAtNjA4IC02NTYgMA0KdiAtNTkyIC02NTYgMA0KdiAtNTc2IC02NzIgMA0KdiAtNTkyIC02NzIgMA0KdiAtNTkyIC02NTYgMA0KdiAtNTc2IC02NTYgMA0KdiAtNTYwIC02NzIgMA0KdiAtNTc2IC02NzIgMA0KdiAtNTc2IC02NTYgMA0KdiAtNTYwIC02NTYgMA0KdiAtNTQ0IC02NzIgMA0KdiAtNTYwIC02NzIgMA0KdiAtNTYwIC02NTYgMA0KdiAtNTQ0IC02NTYgMA0KdiAtNTI4IC02NzIgMA0KdiAtNTQ0IC02NzIgMA0KdiAtNTQ0IC02NTYgMA0KdiAtNTI4IC02NTYgMA0KdiAtNTEyIC02NzIgMA0KdiAtNTI4IC02NzIgMA0KdiAtNTI4IC02NTYgMA0KdiAtNTEyIC02NTYgMA0KdiAtNDk2IC02NzIgMA0KdiAtNTEyIC02NzIgMA0KdiAtNTEyIC02NTYgMA0KdiAtNDk2IC02NTYgMA0KdiAtNDgwIC02NzIgMA0KdiAtNDk2IC02NzIgMA0KdiAtNDk2IC02NTYgMA0KdiAtNDgwIC02NTYgMA0KdiAtNDY0IC02NzIgMA0KdiAtNDgwIC02NzIgMA0KdiAtNDgwIC02NTYgMA0KdiAtNDY0IC02NTYgMA0KdiAtNDQ4IC02NzIgMA0KdiAtNDY0IC02NzIgMA0KdiAtNDY0IC02NTYgMA0KdiAtNDQ4IC02NTYgMA0KdiAtNDMyIC02NzIgMA0KdiAtNDQ4IC02NzIgMA0KdiAtNDQ4IC02NTYgMA0KdiAtNDMyIC02NTYgMA0KdiAtNDE2IC02NzIgMA0KdiAtNDMyIC02NzIgMA0KdiAtNDMyIC02NTYgMA0KdiAtNDE2IC02NTYgMA0KdiAtNDAwIC02NzIgMA0KdiAtNDE2IC02NzIgMA0KdiAtNDE2IC02NTYgMA0KdiAtNDAwIC02NTYgMA0KdiAtMzg0IC02NzIgMA0KdiAtNDAwIC02NzIgMA0KdiAtNDAwIC02NTYgMA0KdiAtMzg0IC02NTYgMA0KdiAtMzY4IC02NzIgMA0KdiAtMzg0IC02NzIgMA0KdiAtMzg0IC02NTYgMA0KdiAtMzY4IC02NTYgMA0KdiAtMzUyIC02NzIgMA0KdiAtMzY4IC02NzIgMA0KdiAtMzY4IC02NTYgMA0KdiAtMzUyIC02NTYgMA0KdiAtMzM2IC02NzIgMA0KdiAtMzUyIC02NzIgMA0KdiAtMzUyIC02NTYgMA0KdiAtMzM2IC02NTYgMA0KdiAtMzIwIC02NzIgMA0KdiAtMzM2IC02NzIgMA0KdiAtMzM2IC02NTYgMA0KdiAtMzIwIC02NTYgMA0KdiAtMzA0IC02NzIgMA0KdiAtMzIwIC02NzIgMA0KdiAtMzIwIC02NTYgMA0KdiAtMzA0IC02NTYgMA0KdiAtMjg4IC02NzIgMA0KdiAtMzA0IC02NzIgMA0KdiAtMzA0IC02NTYgMA0KdiAtMjg4IC02NTYgMA0KdiAtMjcyIC02NzIgMA0KdiAtMjg4IC02NzIgMA0KdiAtMjg4IC02NTYgMA0KdiAtMjcyIC02NTYgMA0KdiAtMjU2IC02NzIgMA0KdiAtMjcyIC02NzIgMA0KdiAtMjcyIC02NTYgMA0KdiAtMjU2IC02NTYgMA0KdiAtMjQwIC02NzIgMA0KdiAtMjU2IC02NzIgMA0KdiAtMjU2IC02NTYgMA0KdiAtMjQwIC02NTYgMA0KdiAtMjI0IC02NzIgMA0KdiAtMjQwIC02NzIgMA0KdiAtMjQwIC02NTYgMA0KdiAtMjI0IC02NTYgMA0KdiAtMjA4IC02NzIgMA0KdiAtMjI0IC02NzIgMA0KdiAtMjI0IC02NTYgMA0KdiAtMjA4IC02NTYgMA0KdiAtMTkyIC02NzIgMA0KdiAtMjA4IC02NzIgMA0KdiAtMjA4IC02NTYgMA0KdiAtMTkyIC02NTYgMA0KdiAtMTc2IC02NzIgMA0KdiAtMTkyIC02NzIgMA0KdiAtMTkyIC02NTYgMA0KdiAtMTc2IC02NTYgMA0KdiAtMTYwIC02NzIgMA0KdiAtMTc2IC02NzIgMA0KdiAtMTc2IC02NTYgMA0KdiAtMTYwIC02NTYgMA0KdiAtMTQ0IC02NzIgMA0KdiAtMTYwIC02NzIgMA0KdiAtMTYwIC02NTYgMA0KdiAtMTQ0IC02NTYgMA0KdiAtMTI4IC02NzIgMA0KdiAtMTQ0IC02NzIgMA0KdiAtMTQ0IC02NTYgMA0KdiAtMTI4IC02NTYgMA0KdiAtMTEyIC02NzIgMA0KdiAtMTI4IC02NzIgMA0KdiAtMTI4IC02NTYgMA0KdiAtMTEyIC02NTYgMA0KdiAtOTYgLTY3MiAwDQp2IC0xMTIgLTY3MiAwDQp2IC0xMTIgLTY1NiAwDQp2IC05NiAtNjU2IDANCnYgLTgwIC02NzIgMA0KdiAtOTYgLTY3MiAwDQp2IC05NiAtNjU2IDANCnYgLTgwIC02NTYgMA0KdiAtNjQgLTY3MiAwDQp2IC04MCAtNjcyIDANCnYgLTgwIC02NTYgMA0KdiAtNjQgLTY1NiAwDQp2IC00OCAtNjcyIDANCnYgLTY0IC02NzIgMA0KdiAtNjQgLTY1NiAwDQp2IC00OCAtNjU2IDANCnYgLTMyIC02NzIgMA0KdiAtNDggLTY3MiAwDQp2IC00OCAtNjU2IDANCnYgLTMyIC02NTYgMA0KdiAtMTYgLTY3MiAwDQp2IC0zMiAtNjcyIDANCnYgLTMyIC02NTYgMA0KdiAtMTYgLTY1NiAwDQp2IDAgLTY3MiAwDQp2IC0xNiAtNjcyIDANCnYgLTE2IC02NTYgMA0KdiAwIC02NTYgMA0KdiAtMTE4NCAtNjg4IDANCnYgLTEyMDAgLTY4OCAwDQp2IC0xMjAwIC02NzIgMA0KdiAtMTE4NCAtNjcyIDANCnYgLTExNjggLTY4OCAwDQp2IC0xMTg0IC02ODggMA0KdiAtMTE4NCAtNjcyIDANCnYgLTExNjggLTY3MiAwDQp2IC0xMTUyIC02ODggMA0KdiAtMTE2OCAtNjg4IDANCnYgLTExNjggLTY3MiAwDQp2IC0xMTUyIC02NzIgMA0KdiAtMTEzNiAtNjg4IDANCnYgLTExNTIgLTY4OCAwDQp2IC0xMTUyIC02NzIgMA0KdiAtMTEzNiAtNjcyIDANCnYgLTExMjAgLTY4OCAwDQp2IC0xMTM2IC02ODggMA0KdiAtMTEzNiAtNjcyIDANCnYgLTExMjAgLTY3MiAwDQp2IC0xMTA0IC02ODggMA0KdiAtMTEyMCAtNjg4IDANCnYgLTExMjAgLTY3MiAwDQp2IC0xMTA0IC02NzIgMA0KdiAtMTA4OCAtNjg4IDANCnYgLTExMDQgLTY4OCAwDQp2IC0xMTA0IC02NzIgMA0KdiAtMTA4OCAtNjcyIDANCnYgLTEwNzIgLTY4OCAwDQp2IC0xMDg4IC02ODggMA0KdiAtMTA4OCAtNjcyIDANCnYgLTEwNzIgLTY3MiAwDQp2IC0xMDU2IC02ODggMA0KdiAtMTA3MiAtNjg4IDANCnYgLTEwNzIgLTY3MiAwDQp2IC0xMDU2IC02NzIgMA0KdiAtMTA0MCAtNjg4IDANCnYgLTEwNTYgLTY4OCAwDQp2IC0xMDU2IC02NzIgMA0KdiAtMTA0MCAtNjcyIDANCnYgLTEwMjQgLTY4OCAwDQp2IC0xMDQwIC02ODggMA0KdiAtMTA0MCAtNjcyIDANCnYgLTEwMjQgLTY3MiAwDQp2IC0xMDA4IC02ODggMA0KdiAtMTAyNCAtNjg4IDANCnYgLTEwMjQgLTY3MiAwDQp2IC0xMDA4IC02NzIgMA0KdiAtOTkyIC02ODggMA0KdiAtMTAwOCAtNjg4IDANCnYgLTEwMDggLTY3MiAwDQp2IC05OTIgLTY3MiAwDQp2IC05NzYgLTY4OCAwDQp2IC05OTIgLTY4OCAwDQp2IC05OTIgLTY3MiAwDQp2IC05NzYgLTY3MiAwDQp2IC05NjAgLTY4OCAwDQp2IC05NzYgLTY4OCAwDQp2IC05NzYgLTY3MiAwDQp2IC05NjAgLTY3MiAwDQp2IC05NDQgLTY4OCAwDQp2IC05NjAgLTY4OCAwDQp2IC05NjAgLTY3MiAwDQp2IC05NDQgLTY3MiAwDQp2IC05MjggLTY4OCAwDQp2IC05NDQgLTY4OCAwDQp2IC05NDQgLTY3MiAwDQp2IC05MjggLTY3MiAwDQp2IC05MTIgLTY4OCAwDQp2IC05MjggLTY4OCAwDQp2IC05MjggLTY3MiAwDQp2IC05MTIgLTY3MiAwDQp2IC04OTYgLTY4OCAwDQp2IC05MTIgLTY4OCAwDQp2IC05MTIgLTY3MiAwDQp2IC04OTYgLTY3MiAwDQp2IC04ODAgLTY4OCAwDQp2IC04OTYgLTY4OCAwDQp2IC04OTYgLTY3MiAwDQp2IC04ODAgLTY3MiAwDQp2IC04NjQgLTY4OCAwDQp2IC04ODAgLTY4OCAwDQp2IC04ODAgLTY3MiAwDQp2IC04NjQgLTY3MiAwDQp2IC04NDggLTY4OCAwDQp2IC04NjQgLTY4OCAwDQp2IC04NjQgLTY3MiAwDQp2IC04NDggLTY3MiAwDQp2IC04MzIgLTY4OCAwDQp2IC04NDggLTY4OCAwDQp2IC04NDggLTY3MiAwDQp2IC04MzIgLTY3MiAwDQp2IC04MTYgLTY4OCAwDQp2IC04MzIgLTY4OCAwDQp2IC04MzIgLTY3MiAwDQp2IC04MTYgLTY3MiAwDQp2IC04MDAgLTY4OCAwDQp2IC04MTYgLTY4OCAwDQp2IC04MTYgLTY3MiAwDQp2IC04MDAgLTY3MiAwDQp2IC03ODQgLTY4OCAwDQp2IC04MDAgLTY4OCAwDQp2IC04MDAgLTY3MiAwDQp2IC03ODQgLTY3MiAwDQp2IC03NjggLTY4OCAwDQp2IC03ODQgLTY4OCAwDQp2IC03ODQgLTY3MiAwDQp2IC03NjggLTY3MiAwDQp2IC03NTIgLTY4OCAwDQp2IC03NjggLTY4OCAwDQp2IC03NjggLTY3MiAwDQp2IC03NTIgLTY3MiAwDQp2IC03MzYgLTY4OCAwDQp2IC03NTIgLTY4OCAwDQp2IC03NTIgLTY3MiAwDQp2IC03MzYgLTY3MiAwDQp2IC03MjAgLTY4OCAwDQp2IC03MzYgLTY4OCAwDQp2IC03MzYgLTY3MiAwDQp2IC03MjAgLTY3MiAwDQp2IC03MDQgLTY4OCAwDQp2IC03MjAgLTY4OCAwDQp2IC03MjAgLTY3MiAwDQp2IC03MDQgLTY3MiAwDQp2IC02ODggLTY4OCAwDQp2IC03MDQgLTY4OCAwDQp2IC03MDQgLTY3MiAwDQp2IC02ODggLTY3MiAwDQp2IC02NzIgLTY4OCAwDQp2IC02ODggLTY4OCAwDQp2IC02ODggLTY3MiAwDQp2IC02NzIgLTY3MiAwDQp2IC02NTYgLTY4OCAwDQp2IC02NzIgLTY4OCAwDQp2IC02NzIgLTY3MiAwDQp2IC02NTYgLTY3MiAwDQp2IC02NDAgLTY4OCAwDQp2IC02NTYgLTY4OCAwDQp2IC02NTYgLTY3MiAwDQp2IC02NDAgLTY3MiAwDQp2IC02MjQgLTY4OCAwDQp2IC02NDAgLTY4OCAwDQp2IC02NDAgLTY3MiAwDQp2IC02MjQgLTY3MiAwDQp2IC02MDggLTY4OCAwDQp2IC02MjQgLTY4OCAwDQp2IC02MjQgLTY3MiAwDQp2IC02MDggLTY3MiAwDQp2IC01OTIgLTY4OCAwDQp2IC02MDggLTY4OCAwDQp2IC02MDggLTY3MiAwDQp2IC01OTIgLTY3MiAwDQp2IC01NzYgLTY4OCAwDQp2IC01OTIgLTY4OCAwDQp2IC01OTIgLTY3MiAwDQp2IC01NzYgLTY3MiAwDQp2IC01NjAgLTY4OCAwDQp2IC01NzYgLTY4OCAwDQp2IC01NzYgLTY3MiAwDQp2IC01NjAgLTY3MiAwDQp2IC01NDQgLTY4OCAwDQp2IC01NjAgLTY4OCAwDQp2IC01NjAgLTY3MiAwDQp2IC01NDQgLTY3MiAwDQp2IC01MjggLTY4OCAwDQp2IC01NDQgLTY4OCAwDQp2IC01NDQgLTY3MiAwDQp2IC01MjggLTY3MiAwDQp2IC01MTIgLTY4OCAwDQp2IC01MjggLTY4OCAwDQp2IC01MjggLTY3MiAwDQp2IC01MTIgLTY3MiAwDQp2IC00OTYgLTY4OCAwDQp2IC01MTIgLTY4OCAwDQp2IC01MTIgLTY3MiAwDQp2IC00OTYgLTY3MiAwDQp2IC00ODAgLTY4OCAwDQp2IC00OTYgLTY4OCAwDQp2IC00OTYgLTY3MiAwDQp2IC00ODAgLTY3MiAwDQp2IC00NjQgLTY4OCAwDQp2IC00ODAgLTY4OCAwDQp2IC00ODAgLTY3MiAwDQp2IC00NjQgLTY3MiAwDQp2IC00NDggLTY4OCAwDQp2IC00NjQgLTY4OCAwDQp2IC00NjQgLTY3MiAwDQp2IC00NDggLTY3MiAwDQp2IC00MzIgLTY4OCAwDQp2IC00NDggLTY4OCAwDQp2IC00NDggLTY3MiAwDQp2IC00MzIgLTY3MiAwDQp2IC00MTYgLTY4OCAwDQp2IC00MzIgLTY4OCAwDQp2IC00MzIgLTY3MiAwDQp2IC00MTYgLTY3MiAwDQp2IC00MDAgLTY4OCAwDQp2IC00MTYgLTY4OCAwDQp2IC00MTYgLTY3MiAwDQp2IC00MDAgLTY3MiAwDQp2IC0zODQgLTY4OCAwDQp2IC00MDAgLTY4OCAwDQp2IC00MDAgLTY3MiAwDQp2IC0zODQgLTY3MiAwDQp2IC0zNjggLTY4OCAwDQp2IC0zODQgLTY4OCAwDQp2IC0zODQgLTY3MiAwDQp2IC0zNjggLTY3MiAwDQp2IC0zNTIgLTY4OCAwDQp2IC0zNjggLTY4OCAwDQp2IC0zNjggLTY3MiAwDQp2IC0zNTIgLTY3MiAwDQp2IC0zMzYgLTY4OCAwDQp2IC0zNTIgLTY4OCAwDQp2IC0zNTIgLTY3MiAwDQp2IC0zMzYgLTY3MiAwDQp2IC0zMjAgLTY4OCAwDQp2IC0zMzYgLTY4OCAwDQp2IC0zMzYgLTY3MiAwDQp2IC0zMjAgLTY3MiAwDQp2IC0zMDQgLTY4OCAwDQp2IC0zMjAgLTY4OCAwDQp2IC0zMjAgLTY3MiAwDQp2IC0zMDQgLTY3MiAwDQp2IC0yODggLTY4OCAwDQp2IC0zMDQgLTY4OCAwDQp2IC0zMDQgLTY3MiAwDQp2IC0yODggLTY3MiAwDQp2IC0yNzIgLTY4OCAwDQp2IC0yODggLTY4OCAwDQp2IC0yODggLTY3MiAwDQp2IC0yNzIgLTY3MiAwDQp2IC0yNTYgLTY4OCAwDQp2IC0yNzIgLTY4OCAwDQp2IC0yNzIgLTY3MiAwDQp2IC0yNTYgLTY3MiAwDQp2IC0yNDAgLTY4OCAwDQp2IC0yNTYgLTY4OCAwDQp2IC0yNTYgLTY3MiAwDQp2IC0yNDAgLTY3MiAwDQp2IC0yMjQgLTY4OCAwDQp2IC0yNDAgLTY4OCAwDQp2IC0yNDAgLTY3MiAwDQp2IC0yMjQgLTY3MiAwDQp2IC0yMDggLTY4OCAwDQp2IC0yMjQgLTY4OCAwDQp2IC0yMjQgLTY3MiAwDQp2IC0yMDggLTY3MiAwDQp2IC0xOTIgLTY4OCAwDQp2IC0yMDggLTY4OCAwDQp2IC0yMDggLTY3MiAwDQp2IC0xOTIgLTY3MiAwDQp2IC0xNzYgLTY4OCAwDQp2IC0xOTIgLTY4OCAwDQp2IC0xOTIgLTY3MiAwDQp2IC0xNzYgLTY3MiAwDQp2IC0xNjAgLTY4OCAwDQp2IC0xNzYgLTY4OCAwDQp2IC0xNzYgLTY3MiAwDQp2IC0xNjAgLTY3MiAwDQp2IC0xNDQgLTY4OCAwDQp2IC0xNjAgLTY4OCAwDQp2IC0xNjAgLTY3MiAwDQp2IC0xNDQgLTY3MiAwDQp2IC0xMjggLTY4OCAwDQp2IC0xNDQgLTY4OCAwDQp2IC0xNDQgLTY3MiAwDQp2IC0xMjggLTY3MiAwDQp2IC0xMTIgLTY4OCAwDQp2IC0xMjggLTY4OCAwDQp2IC0xMjggLTY3MiAwDQp2IC0xMTIgLTY3MiAwDQp2IC05NiAtNjg4IDANCnYgLTExMiAtNjg4IDANCnYgLTExMiAtNjcyIDANCnYgLTk2IC02NzIgMA0KdiAtODAgLTY4OCAwDQp2IC05NiAtNjg4IDANCnYgLTk2IC02NzIgMA0KdiAtODAgLTY3MiAwDQp2IC02NCAtNjg4IDANCnYgLTgwIC02ODggMA0KdiAtODAgLTY3MiAwDQp2IC02NCAtNjcyIDANCnYgLTQ4IC02ODggMA0KdiAtNjQgLTY4OCAwDQp2IC02NCAtNjcyIDANCnYgLTQ4IC02NzIgMA0KdiAtMzIgLTY4OCAwDQp2IC00OCAtNjg4IDANCnYgLTQ4IC02NzIgMA0KdiAtMzIgLTY3MiAwDQp2IC0xNiAtNjg4IDANCnYgLTMyIC02ODggMA0KdiAtMzIgLTY3MiAwDQp2IC0xNiAtNjcyIDANCnYgMCAtNjg4IDANCnYgLTE2IC02ODggMA0KdiAtMTYgLTY3MiAwDQp2IDAgLTY3MiAwDQp2IC0xMTg0IC03MDQgMA0KdiAtMTIwMCAtNzA0IDANCnYgLTEyMDAgLTY4OCAwDQp2IC0xMTg0IC02ODggMA0KdiAtMTE2OCAtNzA0IDANCnYgLTExODQgLTcwNCAwDQp2IC0xMTg0IC02ODggMA0KdiAtMTE2OCAtNjg4IDANCnYgLTExNTIgLTcwNCAwDQp2IC0xMTY4IC03MDQgMA0KdiAtMTE2OCAtNjg4IDANCnYgLTExNTIgLTY4OCAwDQp2IC0xMTM2IC03MDQgMA0KdiAtMTE1MiAtNzA0IDANCnYgLTExNTIgLTY4OCAwDQp2IC0xMTM2IC02ODggMA0KdiAtMTEyMCAtNzA0IDANCnYgLTExMzYgLTcwNCAwDQp2IC0xMTM2IC02ODggMA0KdiAtMTEyMCAtNjg4IDANCnYgLTExMDQgLTcwNCAwDQp2IC0xMTIwIC03MDQgMA0KdiAtMTEyMCAtNjg4IDANCnYgLTExMDQgLTY4OCAwDQp2IC0xMDg4IC03MDQgMA0KdiAtMTEwNCAtNzA0IDANCnYgLTExMDQgLTY4OCAwDQp2IC0xMDg4IC02ODggMA0KdiAtMTA3MiAtNzA0IDANCnYgLTEwODggLTcwNCAwDQp2IC0xMDg4IC02ODggMA0KdiAtMTA3MiAtNjg4IDANCnYgLTEwNTYgLTcwNCAwDQp2IC0xMDcyIC03MDQgMA0KdiAtMTA3MiAtNjg4IDANCnYgLTEwNTYgLTY4OCAwDQp2IC0xMDQwIC03MDQgMA0KdiAtMTA1NiAtNzA0IDANCnYgLTEwNTYgLTY4OCAwDQp2IC0xMDQwIC02ODggMA0KdiAtMTAyNCAtNzA0IDANCnYgLTEwNDAgLTcwNCAwDQp2IC0xMDQwIC02ODggMA0KdiAtMTAyNCAtNjg4IDANCnYgLTEwMDggLTcwNCAwDQp2IC0xMDI0IC03MDQgMA0KdiAtMTAyNCAtNjg4IDANCnYgLTEwMDggLTY4OCAwDQp2IC05OTIgLTcwNCAwDQp2IC0xMDA4IC03MDQgMA0KdiAtMTAwOCAtNjg4IDANCnYgLTk5MiAtNjg4IDANCnYgLTk3NiAtNzA0IDANCnYgLTk5MiAtNzA0IDANCnYgLTk5MiAtNjg4IDANCnYgLTk3NiAtNjg4IDANCnYgLTk2MCAtNzA0IDANCnYgLTk3NiAtNzA0IDANCnYgLTk3NiAtNjg4IDANCnYgLTk2MCAtNjg4IDANCnYgLTk0NCAtNzA0IDANCnYgLTk2MCAtNzA0IDANCnYgLTk2MCAtNjg4IDANCnYgLTk0NCAtNjg4IDANCnYgLTkyOCAtNzA0IDANCnYgLTk0NCAtNzA0IDANCnYgLTk0NCAtNjg4IDANCnYgLTkyOCAtNjg4IDANCnYgLTkxMiAtNzA0IDANCnYgLTkyOCAtNzA0IDANCnYgLTkyOCAtNjg4IDANCnYgLTkxMiAtNjg4IDANCnYgLTg5NiAtNzA0IDANCnYgLTkxMiAtNzA0IDANCnYgLTkxMiAtNjg4IDANCnYgLTg5NiAtNjg4IDANCnYgLTg4MCAtNzA0IDANCnYgLTg5NiAtNzA0IDANCnYgLTg5NiAtNjg4IDANCnYgLTg4MCAtNjg4IDANCnYgLTg2NCAtNzA0IDANCnYgLTg4MCAtNzA0IDANCnYgLTg4MCAtNjg4IDANCnYgLTg2NCAtNjg4IDANCnYgLTg0OCAtNzA0IDANCnYgLTg2NCAtNzA0IDANCnYgLTg2NCAtNjg4IDANCnYgLTg0OCAtNjg4IDANCnYgLTgzMiAtNzA0IDANCnYgLTg0OCAtNzA0IDANCnYgLTg0OCAtNjg4IDANCnYgLTgzMiAtNjg4IDANCnYgLTgxNiAtNzA0IDANCnYgLTgzMiAtNzA0IDANCnYgLTgzMiAtNjg4IDANCnYgLTgxNiAtNjg4IDANCnYgLTgwMCAtNzA0IDANCnYgLTgxNiAtNzA0IDANCnYgLTgxNiAtNjg4IDANCnYgLTgwMCAtNjg4IDANCnYgLTc4NCAtNzA0IDANCnYgLTgwMCAtNzA0IDANCnYgLTgwMCAtNjg4IDANCnYgLTc4NCAtNjg4IDANCnYgLTc2OCAtNzA0IDANCnYgLTc4NCAtNzA0IDANCnYgLTc4NCAtNjg4IDANCnYgLTc2OCAtNjg4IDANCnYgLTc1MiAtNzA0IDANCnYgLTc2OCAtNzA0IDANCnYgLTc2OCAtNjg4IDANCnYgLTc1MiAtNjg4IDANCnYgLTczNiAtNzA0IDANCnYgLTc1MiAtNzA0IDANCnYgLTc1MiAtNjg4IDANCnYgLTczNiAtNjg4IDANCnYgLTcyMCAtNzA0IDANCnYgLTczNiAtNzA0IDANCnYgLTczNiAtNjg4IDANCnYgLTcyMCAtNjg4IDANCnYgLTcwNCAtNzA0IDANCnYgLTcyMCAtNzA0IDANCnYgLTcyMCAtNjg4IDANCnYgLTcwNCAtNjg4IDANCnYgLTY4OCAtNzA0IDANCnYgLTcwNCAtNzA0IDANCnYgLTcwNCAtNjg4IDANCnYgLTY4OCAtNjg4IDANCnYgLTY3MiAtNzA0IDANCnYgLTY4OCAtNzA0IDANCnYgLTY4OCAtNjg4IDANCnYgLTY3MiAtNjg4IDANCnYgLTY1NiAtNzA0IDANCnYgLTY3MiAtNzA0IDANCnYgLTY3MiAtNjg4IDANCnYgLTY1NiAtNjg4IDANCnYgLTY0MCAtNzA0IDANCnYgLTY1NiAtNzA0IDANCnYgLTY1NiAtNjg4IDANCnYgLTY0MCAtNjg4IDANCnYgLTYyNCAtNzA0IDANCnYgLTY0MCAtNzA0IDANCnYgLTY0MCAtNjg4IDANCnYgLTYyNCAtNjg4IDANCnYgLTYwOCAtNzA0IDANCnYgLTYyNCAtNzA0IDANCnYgLTYyNCAtNjg4IDANCnYgLTYwOCAtNjg4IDANCnYgLTU5MiAtNzA0IDANCnYgLTYwOCAtNzA0IDANCnYgLTYwOCAtNjg4IDANCnYgLTU5MiAtNjg4IDANCnYgLTU3NiAtNzA0IDANCnYgLTU5MiAtNzA0IDANCnYgLTU5MiAtNjg4IDANCnYgLTU3NiAtNjg4IDANCnYgLTU2MCAtNzA0IDANCnYgLTU3NiAtNzA0IDANCnYgLTU3NiAtNjg4IDANCnYgLTU2MCAtNjg4IDANCnYgLTU0NCAtNzA0IDANCnYgLTU2MCAtNzA0IDANCnYgLTU2MCAtNjg4IDANCnYgLTU0NCAtNjg4IDANCnYgLTUyOCAtNzA0IDANCnYgLTU0NCAtNzA0IDANCnYgLTU0NCAtNjg4IDANCnYgLTUyOCAtNjg4IDANCnYgLTUxMiAtNzA0IDANCnYgLTUyOCAtNzA0IDANCnYgLTUyOCAtNjg4IDANCnYgLTUxMiAtNjg4IDANCnYgLTQ5NiAtNzA0IDANCnYgLTUxMiAtNzA0IDANCnYgLTUxMiAtNjg4IDANCnYgLTQ5NiAtNjg4IDANCnYgLTQ4MCAtNzA0IDANCnYgLTQ5NiAtNzA0IDANCnYgLTQ5NiAtNjg4IDANCnYgLTQ4MCAtNjg4IDANCnYgLTQ2NCAtNzA0IDANCnYgLTQ4MCAtNzA0IDANCnYgLTQ4MCAtNjg4IDANCnYgLTQ2NCAtNjg4IDANCnYgLTQ0OCAtNzA0IDANCnYgLTQ2NCAtNzA0IDANCnYgLTQ2NCAtNjg4IDANCnYgLTQ0OCAtNjg4IDANCnYgLTQzMiAtNzA0IDANCnYgLTQ0OCAtNzA0IDANCnYgLTQ0OCAtNjg4IDANCnYgLTQzMiAtNjg4IDANCnYgLTQxNiAtNzA0IDANCnYgLTQzMiAtNzA0IDANCnYgLTQzMiAtNjg4IDANCnYgLTQxNiAtNjg4IDANCnYgLTQwMCAtNzA0IDANCnYgLTQxNiAtNzA0IDANCnYgLTQxNiAtNjg4IDANCnYgLTQwMCAtNjg4IDANCnYgLTM4NCAtNzA0IDANCnYgLTQwMCAtNzA0IDANCnYgLTQwMCAtNjg4IDANCnYgLTM4NCAtNjg4IDANCnYgLTM2OCAtNzA0IDANCnYgLTM4NCAtNzA0IDANCnYgLTM4NCAtNjg4IDANCnYgLTM2OCAtNjg4IDANCnYgLTM1MiAtNzA0IDANCnYgLTM2OCAtNzA0IDANCnYgLTM2OCAtNjg4IDANCnYgLTM1MiAtNjg4IDANCnYgLTMzNiAtNzA0IDANCnYgLTM1MiAtNzA0IDANCnYgLTM1MiAtNjg4IDANCnYgLTMzNiAtNjg4IDANCnYgLTMyMCAtNzA0IDANCnYgLTMzNiAtNzA0IDANCnYgLTMzNiAtNjg4IDANCnYgLTMyMCAtNjg4IDANCnYgLTMwNCAtNzA0IDANCnYgLTMyMCAtNzA0IDANCnYgLTMyMCAtNjg4IDANCnYgLTMwNCAtNjg4IDANCnYgLTI4OCAtNzA0IDANCnYgLTMwNCAtNzA0IDANCnYgLTMwNCAtNjg4IDANCnYgLTI4OCAtNjg4IDANCnYgLTI3MiAtNzA0IDANCnYgLTI4OCAtNzA0IDANCnYgLTI4OCAtNjg4IDANCnYgLTI3MiAtNjg4IDANCnYgLTI1NiAtNzA0IDANCnYgLTI3MiAtNzA0IDANCnYgLTI3MiAtNjg4IDANCnYgLTI1NiAtNjg4IDANCnYgLTI0MCAtNzA0IDANCnYgLTI1NiAtNzA0IDANCnYgLTI1NiAtNjg4IDANCnYgLTI0MCAtNjg4IDANCnYgLTIyNCAtNzA0IDANCnYgLTI0MCAtNzA0IDANCnYgLTI0MCAtNjg4IDANCnYgLTIyNCAtNjg4IDANCnYgLTIwOCAtNzA0IDANCnYgLTIyNCAtNzA0IDANCnYgLTIyNCAtNjg4IDANCnYgLTIwOCAtNjg4IDANCnYgLTE5MiAtNzA0IDANCnYgLTIwOCAtNzA0IDANCnYgLTIwOCAtNjg4IDANCnYgLTE5MiAtNjg4IDANCnYgLTE3NiAtNzA0IDANCnYgLTE5MiAtNzA0IDANCnYgLTE5MiAtNjg4IDANCnYgLTE3NiAtNjg4IDANCnYgLTE2MCAtNzA0IDANCnYgLTE3NiAtNzA0IDANCnYgLTE3NiAtNjg4IDANCnYgLTE2MCAtNjg4IDANCnYgLTE0NCAtNzA0IDANCnYgLTE2MCAtNzA0IDANCnYgLTE2MCAtNjg4IDANCnYgLTE0NCAtNjg4IDANCnYgLTEyOCAtNzA0IDANCnYgLTE0NCAtNzA0IDANCnYgLTE0NCAtNjg4IDANCnYgLTEyOCAtNjg4IDANCnYgLTExMiAtNzA0IDANCnYgLTEyOCAtNzA0IDANCnYgLTEyOCAtNjg4IDANCnYgLTExMiAtNjg4IDANCnYgLTk2IC03MDQgMA0KdiAtMTEyIC03MDQgMA0KdiAtMTEyIC02ODggMA0KdiAtOTYgLTY4OCAwDQp2IC04MCAtNzA0IDANCnYgLTk2IC03MDQgMA0KdiAtOTYgLTY4OCAwDQp2IC04MCAtNjg4IDANCnYgLTY0IC03MDQgMA0KdiAtODAgLTcwNCAwDQp2IC04MCAtNjg4IDANCnYgLTY0IC02ODggMA0KdiAtNDggLTcwNCAwDQp2IC02NCAtNzA0IDANCnYgLTY0IC02ODggMA0KdiAtNDggLTY4OCAwDQp2IC0zMiAtNzA0IDANCnYgLTQ4IC03MDQgMA0KdiAtNDggLTY4OCAwDQp2IC0zMiAtNjg4IDANCnYgLTE2IC03MDQgMA0KdiAtMzIgLTcwNCAwDQp2IC0zMiAtNjg4IDANCnYgLTE2IC02ODggMA0KdiAwIC03MDQgMA0KdiAtMTYgLTcwNCAwDQp2IC0xNiAtNjg4IDANCnYgMCAtNjg4IDANCnYgLTExODQgLTcyMCAwDQp2IC0xMjAwIC03MjAgMA0KdiAtMTIwMCAtNzA0IDANCnYgLTExODQgLTcwNCAwDQp2IC0xMTY4IC03MjAgMA0KdiAtMTE4NCAtNzIwIDANCnYgLTExODQgLTcwNCAwDQp2IC0xMTY4IC03MDQgMA0KdiAtMTE1MiAtNzIwIDANCnYgLTExNjggLTcyMCAwDQp2IC0xMTY4IC03MDQgMA0KdiAtMTE1MiAtNzA0IDANCnYgLTExMzYgLTcyMCAwDQp2IC0xMTUyIC03MjAgMA0KdiAtMTE1MiAtNzA0IDANCnYgLTExMzYgLTcwNCAwDQp2IC0xMTIwIC03MjAgMA0KdiAtMTEzNiAtNzIwIDANCnYgLTExMzYgLTcwNCAwDQp2IC0xMTIwIC03MDQgMA0KdiAtMTEwNCAtNzIwIDANCnYgLTExMjAgLTcyMCAwDQp2IC0xMTIwIC03MDQgMA0KdiAtMTEwNCAtNzA0IDANCnYgLTEwODggLTcyMCAwDQp2IC0xMTA0IC03MjAgMA0KdiAtMTEwNCAtNzA0IDANCnYgLTEwODggLTcwNCAwDQp2IC0xMDcyIC03MjAgMA0KdiAtMTA4OCAtNzIwIDANCnYgLTEwODggLTcwNCAwDQp2IC0xMDcyIC03MDQgMA0KdiAtMTA1NiAtNzIwIDANCnYgLTEwNzIgLTcyMCAwDQp2IC0xMDcyIC03MDQgMA0KdiAtMTA1NiAtNzA0IDANCnYgLTEwNDAgLTcyMCAwDQp2IC0xMDU2IC03MjAgMA0KdiAtMTA1NiAtNzA0IDANCnYgLTEwNDAgLTcwNCAwDQp2IC0xMDI0IC03MjAgMA0KdiAtMTA0MCAtNzIwIDANCnYgLTEwNDAgLTcwNCAwDQp2IC0xMDI0IC03MDQgMA0KdiAtMTAwOCAtNzIwIDANCnYgLTEwMjQgLTcyMCAwDQp2IC0xMDI0IC03MDQgMA0KdiAtMTAwOCAtNzA0IDANCnYgLTk5MiAtNzIwIDANCnYgLTEwMDggLTcyMCAwDQp2IC0xMDA4IC03MDQgMA0KdiAtOTkyIC03MDQgMA0KdiAtOTc2IC03MjAgMA0KdiAtOTkyIC03MjAgMA0KdiAtOTkyIC03MDQgMA0KdiAtOTc2IC03MDQgMA0KdiAtOTYwIC03MjAgMA0KdiAtOTc2IC03MjAgMA0KdiAtOTc2IC03MDQgMA0KdiAtOTYwIC03MDQgMA0KdiAtOTQ0IC03MjAgMA0KdiAtOTYwIC03MjAgMA0KdiAtOTYwIC03MDQgMA0KdiAtOTQ0IC03MDQgMA0KdiAtOTI4IC03MjAgMA0KdiAtOTQ0IC03MjAgMA0KdiAtOTQ0IC03MDQgMA0KdiAtOTI4IC03MDQgMA0KdiAtOTEyIC03MjAgMA0KdiAtOTI4IC03MjAgMA0KdiAtOTI4IC03MDQgMA0KdiAtOTEyIC03MDQgMA0KdiAtODk2IC03MjAgMA0KdiAtOTEyIC03MjAgMA0KdiAtOTEyIC03MDQgMA0KdiAtODk2IC03MDQgMA0KdiAtODgwIC03MjAgMA0KdiAtODk2IC03MjAgMA0KdiAtODk2IC03MDQgMA0KdiAtODgwIC03MDQgMA0KdiAtODY0IC03MjAgMA0KdiAtODgwIC03MjAgMA0KdiAtODgwIC03MDQgMA0KdiAtODY0IC03MDQgMA0KdiAtODQ4IC03MjAgMA0KdiAtODY0IC03MjAgMA0KdiAtODY0IC03MDQgMA0KdiAtODQ4IC03MDQgMA0KdiAtODMyIC03MjAgMA0KdiAtODQ4IC03MjAgMA0KdiAtODQ4IC03MDQgMA0KdiAtODMyIC03MDQgMA0KdiAtODE2IC03MjAgMA0KdiAtODMyIC03MjAgMA0KdiAtODMyIC03MDQgMA0KdiAtODE2IC03MDQgMA0KdiAtODAwIC03MjAgMA0KdiAtODE2IC03MjAgMA0KdiAtODE2IC03MDQgMA0KdiAtODAwIC03MDQgMA0KdiAtNzg0IC03MjAgMA0KdiAtODAwIC03MjAgMA0KdiAtODAwIC03MDQgMA0KdiAtNzg0IC03MDQgMA0KdiAtNzY4IC03MjAgMA0KdiAtNzg0IC03MjAgMA0KdiAtNzg0IC03MDQgMA0KdiAtNzY4IC03MDQgMA0KdiAtNzUyIC03MjAgMA0KdiAtNzY4IC03MjAgMA0KdiAtNzY4IC03MDQgMA0KdiAtNzUyIC03MDQgMA0KdiAtNzM2IC03MjAgMA0KdiAtNzUyIC03MjAgMA0KdiAtNzUyIC03MDQgMA0KdiAtNzM2IC03MDQgMA0KdiAtNzIwIC03MjAgMA0KdiAtNzM2IC03MjAgMA0KdiAtNzM2IC03MDQgMA0KdiAtNzIwIC03MDQgMA0KdiAtNzA0IC03MjAgMA0KdiAtNzIwIC03MjAgMA0KdiAtNzIwIC03MDQgMA0KdiAtNzA0IC03MDQgMA0KdiAtNjg4IC03MjAgMA0KdiAtNzA0IC03MjAgMA0KdiAtNzA0IC03MDQgMA0KdiAtNjg4IC03MDQgMA0KdiAtNjcyIC03MjAgMA0KdiAtNjg4IC03MjAgMA0KdiAtNjg4IC03MDQgMA0KdiAtNjcyIC03MDQgMA0KdiAtNjU2IC03MjAgMA0KdiAtNjcyIC03MjAgMA0KdiAtNjcyIC03MDQgMA0KdiAtNjU2IC03MDQgMA0KdiAtNjQwIC03MjAgMA0KdiAtNjU2IC03MjAgMA0KdiAtNjU2IC03MDQgMA0KdiAtNjQwIC03MDQgMA0KdiAtNjI0IC03MjAgMA0KdiAtNjQwIC03MjAgMA0KdiAtNjQwIC03MDQgMA0KdiAtNjI0IC03MDQgMA0KdiAtNjA4IC03MjAgMA0KdiAtNjI0IC03MjAgMA0KdiAtNjI0IC03MDQgMA0KdiAtNjA4IC03MDQgMA0KdiAtNTkyIC03MjAgMA0KdiAtNjA4IC03MjAgMA0KdiAtNjA4IC03MDQgMA0KdiAtNTkyIC03MDQgMA0KdiAtNTc2IC03MjAgMA0KdiAtNTkyIC03MjAgMA0KdiAtNTkyIC03MDQgMA0KdiAtNTc2IC03MDQgMA0KdiAtNTYwIC03MjAgMA0KdiAtNTc2IC03MjAgMA0KdiAtNTc2IC03MDQgMA0KdiAtNTYwIC03MDQgMA0KdiAtNTQ0IC03MjAgMA0KdiAtNTYwIC03MjAgMA0KdiAtNTYwIC03MDQgMA0KdiAtNTQ0IC03MDQgMA0KdiAtNTI4IC03MjAgMA0KdiAtNTQ0IC03MjAgMA0KdiAtNTQ0IC03MDQgMA0KdiAtNTI4IC03MDQgMA0KdiAtNTEyIC03MjAgMA0KdiAtNTI4IC03MjAgMA0KdiAtNTI4IC03MDQgMA0KdiAtNTEyIC03MDQgMA0KdiAtNDk2IC03MjAgMA0KdiAtNTEyIC03MjAgMA0KdiAtNTEyIC03MDQgMA0KdiAtNDk2IC03MDQgMA0KdiAtNDgwIC03MjAgMA0KdiAtNDk2IC03MjAgMA0KdiAtNDk2IC03MDQgMA0KdiAtNDgwIC03MDQgMA0KdiAtNDY0IC03MjAgMA0KdiAtNDgwIC03MjAgMA0KdiAtNDgwIC03MDQgMA0KdiAtNDY0IC03MDQgMA0KdiAtNDQ4IC03MjAgMA0KdiAtNDY0IC03MjAgMA0KdiAtNDY0IC03MDQgMA0KdiAtNDQ4IC03MDQgMA0KdiAtNDMyIC03MjAgMA0KdiAtNDQ4IC03MjAgMA0KdiAtNDQ4IC03MDQgMA0KdiAtNDMyIC03MDQgMA0KdiAtNDE2IC03MjAgMA0KdiAtNDMyIC03MjAgMA0KdiAtNDMyIC03MDQgMA0KdiAtNDE2IC03MDQgMA0KdiAtNDAwIC03MjAgMA0KdiAtNDE2IC03MjAgMA0KdiAtNDE2IC03MDQgMA0KdiAtNDAwIC03MDQgMA0KdiAtMzg0IC03MjAgMA0KdiAtNDAwIC03MjAgMA0KdiAtNDAwIC03MDQgMA0KdiAtMzg0IC03MDQgMA0KdiAtMzY4IC03MjAgMA0KdiAtMzg0IC03MjAgMA0KdiAtMzg0IC03MDQgMA0KdiAtMzY4IC03MDQgMA0KdiAtMzUyIC03MjAgMA0KdiAtMzY4IC03MjAgMA0KdiAtMzY4IC03MDQgMA0KdiAtMzUyIC03MDQgMA0KdiAtMzM2IC03MjAgMA0KdiAtMzUyIC03MjAgMA0KdiAtMzUyIC03MDQgMA0KdiAtMzM2IC03MDQgMA0KdiAtMzIwIC03MjAgMA0KdiAtMzM2IC03MjAgMA0KdiAtMzM2IC03MDQgMA0KdiAtMzIwIC03MDQgMA0KdiAtMzA0IC03MjAgMA0KdiAtMzIwIC03MjAgMA0KdiAtMzIwIC03MDQgMA0KdiAtMzA0IC03MDQgMA0KdiAtMjg4IC03MjAgMA0KdiAtMzA0IC03MjAgMA0KdiAtMzA0IC03MDQgMA0KdiAtMjg4IC03MDQgMA0KdiAtMjcyIC03MjAgMA0KdiAtMjg4IC03MjAgMA0KdiAtMjg4IC03MDQgMA0KdiAtMjcyIC03MDQgMA0KdiAtMjU2IC03MjAgMA0KdiAtMjcyIC03MjAgMA0KdiAtMjcyIC03MDQgMA0KdiAtMjU2IC03MDQgMA0KdiAtMjQwIC03MjAgMA0KdiAtMjU2IC03MjAgMA0KdiAtMjU2IC03MDQgMA0KdiAtMjQwIC03MDQgMA0KdiAtMjI0IC03MjAgMA0KdiAtMjQwIC03MjAgMA0KdiAtMjQwIC03MDQgMA0KdiAtMjI0IC03MDQgMA0KdiAtMjA4IC03MjAgMA0KdiAtMjI0IC03MjAgMA0KdiAtMjI0IC03MDQgMA0KdiAtMjA4IC03MDQgMA0KdiAtMTkyIC03MjAgMA0KdiAtMjA4IC03MjAgMA0KdiAtMjA4IC03MDQgMA0KdiAtMTkyIC03MDQgMA0KdiAtMTc2IC03MjAgMA0KdiAtMTkyIC03MjAgMA0KdiAtMTkyIC03MDQgMA0KdiAtMTc2IC03MDQgMA0KdiAtMTYwIC03MjAgMA0KdiAtMTc2IC03MjAgMA0KdiAtMTc2IC03MDQgMA0KdiAtMTYwIC03MDQgMA0KdiAtMTQ0IC03MjAgMA0KdiAtMTYwIC03MjAgMA0KdiAtMTYwIC03MDQgMA0KdiAtMTQ0IC03MDQgMA0KdiAtMTI4IC03MjAgMA0KdiAtMTQ0IC03MjAgMA0KdiAtMTQ0IC03MDQgMA0KdiAtMTI4IC03MDQgMA0KdiAtMTEyIC03MjAgMA0KdiAtMTI4IC03MjAgMA0KdiAtMTI4IC03MDQgMA0KdiAtMTEyIC03MDQgMA0KdiAtOTYgLTcyMCAwDQp2IC0xMTIgLTcyMCAwDQp2IC0xMTIgLTcwNCAwDQp2IC05NiAtNzA0IDANCnYgLTgwIC03MjAgMA0KdiAtOTYgLTcyMCAwDQp2IC05NiAtNzA0IDANCnYgLTgwIC03MDQgMA0KdiAtNjQgLTcyMCAwDQp2IC04MCAtNzIwIDANCnYgLTgwIC03MDQgMA0KdiAtNjQgLTcwNCAwDQp2IC00OCAtNzIwIDANCnYgLTY0IC03MjAgMA0KdiAtNjQgLTcwNCAwDQp2IC00OCAtNzA0IDANCnYgLTMyIC03MjAgMA0KdiAtNDggLTcyMCAwDQp2IC00OCAtNzA0IDANCnYgLTMyIC03MDQgMA0KdiAtMTYgLTcyMCAwDQp2IC0zMiAtNzIwIDANCnYgLTMyIC03MDQgMA0KdiAtMTYgLTcwNCAwDQp2IDAgLTcyMCAwDQp2IC0xNiAtNzIwIDANCnYgLTE2IC03MDQgMA0KdiAwIC03MDQgMA0KdiAtMTE4NCAtNzM2IDANCnYgLTEyMDAgLTczNiAwDQp2IC0xMjAwIC03MjAgMA0KdiAtMTE4NCAtNzIwIDANCnYgLTExNjggLTczNiAwDQp2IC0xMTg0IC03MzYgMA0KdiAtMTE4NCAtNzIwIDANCnYgLTExNjggLTcyMCAwDQp2IC0xMTUyIC03MzYgMA0KdiAtMTE2OCAtNzM2IDANCnYgLTExNjggLTcyMCAwDQp2IC0xMTUyIC03MjAgMA0KdiAtMTEzNiAtNzM2IDANCnYgLTExNTIgLTczNiAwDQp2IC0xMTUyIC03MjAgMA0KdiAtMTEzNiAtNzIwIDANCnYgLTExMjAgLTczNiAwDQp2IC0xMTM2IC03MzYgMA0KdiAtMTEzNiAtNzIwIDANCnYgLTExMjAgLTcyMCAwDQp2IC0xMTA0IC03MzYgMA0KdiAtMTEyMCAtNzM2IDANCnYgLTExMjAgLTcyMCAwDQp2IC0xMTA0IC03MjAgMA0KdiAtMTA4OCAtNzM2IDANCnYgLTExMDQgLTczNiAwDQp2IC0xMTA0IC03MjAgMA0KdiAtMTA4OCAtNzIwIDANCnYgLTEwNzIgLTczNiAwDQp2IC0xMDg4IC03MzYgMA0KdiAtMTA4OCAtNzIwIDANCnYgLTEwNzIgLTcyMCAwDQp2IC0xMDU2IC03MzYgMA0KdiAtMTA3MiAtNzM2IDANCnYgLTEwNzIgLTcyMCAwDQp2IC0xMDU2IC03MjAgMA0KdiAtMTA0MCAtNzM2IDANCnYgLTEwNTYgLTczNiAwDQp2IC0xMDU2IC03MjAgMA0KdiAtMTA0MCAtNzIwIDANCnYgLTEwMjQgLTczNiAwDQp2IC0xMDQwIC03MzYgMA0KdiAtMTA0MCAtNzIwIDANCnYgLTEwMjQgLTcyMCAwDQp2IC0xMDA4IC03MzYgMA0KdiAtMTAyNCAtNzM2IDANCnYgLTEwMjQgLTcyMCAwDQp2IC0xMDA4IC03MjAgMA0KdiAtOTkyIC03MzYgMA0KdiAtMTAwOCAtNzM2IDANCnYgLTEwMDggLTcyMCAwDQp2IC05OTIgLTcyMCAwDQp2IC05NzYgLTczNiAwDQp2IC05OTIgLTczNiAwDQp2IC05OTIgLTcyMCAwDQp2IC05NzYgLTcyMCAwDQp2IC05NjAgLTczNiAwDQp2IC05NzYgLTczNiAwDQp2IC05NzYgLTcyMCAwDQp2IC05NjAgLTcyMCAwDQp2IC05NDQgLTczNiAwDQp2IC05NjAgLTczNiAwDQp2IC05NjAgLTcyMCAwDQp2IC05NDQgLTcyMCAwDQp2IC05MjggLTczNiAwDQp2IC05NDQgLTczNiAwDQp2IC05NDQgLTcyMCAwDQp2IC05MjggLTcyMCAwDQp2IC05MTIgLTczNiAwDQp2IC05MjggLTczNiAwDQp2IC05MjggLTcyMCAwDQp2IC05MTIgLTcyMCAwDQp2IC04OTYgLTczNiAwDQp2IC05MTIgLTczNiAwDQp2IC05MTIgLTcyMCAwDQp2IC04OTYgLTcyMCAwDQp2IC04ODAgLTczNiAwDQp2IC04OTYgLTczNiAwDQp2IC04OTYgLTcyMCAwDQp2IC04ODAgLTcyMCAwDQp2IC04NjQgLTczNiAwDQp2IC04ODAgLTczNiAwDQp2IC04ODAgLTcyMCAwDQp2IC04NjQgLTcyMCAwDQp2IC04NDggLTczNiAwDQp2IC04NjQgLTczNiAwDQp2IC04NjQgLTcyMCAwDQp2IC04NDggLTcyMCAwDQp2IC04MzIgLTczNiAwDQp2IC04NDggLTczNiAwDQp2IC04NDggLTcyMCAwDQp2IC04MzIgLTcyMCAwDQp2IC04MTYgLTczNiAwDQp2IC04MzIgLTczNiAwDQp2IC04MzIgLTcyMCAwDQp2IC04MTYgLTcyMCAwDQp2IC04MDAgLTczNiAwDQp2IC04MTYgLTczNiAwDQp2IC04MTYgLTcyMCAwDQp2IC04MDAgLTcyMCAwDQp2IC03ODQgLTczNiAwDQp2IC04MDAgLTczNiAwDQp2IC04MDAgLTcyMCAwDQp2IC03ODQgLTcyMCAwDQp2IC03NjggLTczNiAwDQp2IC03ODQgLTczNiAwDQp2IC03ODQgLTcyMCAwDQp2IC03NjggLTcyMCAwDQp2IC03NTIgLTczNiAwDQp2IC03NjggLTczNiAwDQp2IC03NjggLTcyMCAwDQp2IC03NTIgLTcyMCAwDQp2IC03MzYgLTczNiAwDQp2IC03NTIgLTczNiAwDQp2IC03NTIgLTcyMCAwDQp2IC03MzYgLTcyMCAwDQp2IC03MjAgLTczNiAwDQp2IC03MzYgLTczNiAwDQp2IC03MzYgLTcyMCAwDQp2IC03MjAgLTcyMCAwDQp2IC03MDQgLTczNiAwDQp2IC03MjAgLTczNiAwDQp2IC03MjAgLTcyMCAwDQp2IC03MDQgLTcyMCAwDQp2IC02ODggLTczNiAwDQp2IC03MDQgLTczNiAwDQp2IC03MDQgLTcyMCAwDQp2IC02ODggLTcyMCAwDQp2IC02NzIgLTczNiAwDQp2IC02ODggLTczNiAwDQp2IC02ODggLTcyMCAwDQp2IC02NzIgLTcyMCAwDQp2IC02NTYgLTczNiAwDQp2IC02NzIgLTczNiAwDQp2IC02NzIgLTcyMCAwDQp2IC02NTYgLTcyMCAwDQp2IC02NDAgLTczNiAwDQp2IC02NTYgLTczNiAwDQp2IC02NTYgLTcyMCAwDQp2IC02NDAgLTcyMCAwDQp2IC02MjQgLTczNiAwDQp2IC02NDAgLTczNiAwDQp2IC02NDAgLTcyMCAwDQp2IC02MjQgLTcyMCAwDQp2IC02MDggLTczNiAwDQp2IC02MjQgLTczNiAwDQp2IC02MjQgLTcyMCAwDQp2IC02MDggLTcyMCAwDQp2IC01OTIgLTczNiAwDQp2IC02MDggLTczNiAwDQp2IC02MDggLTcyMCAwDQp2IC01OTIgLTcyMCAwDQp2IC01NzYgLTczNiAwDQp2IC01OTIgLTczNiAwDQp2IC01OTIgLTcyMCAwDQp2IC01NzYgLTcyMCAwDQp2IC01NjAgLTczNiAwDQp2IC01NzYgLTczNiAwDQp2IC01NzYgLTcyMCAwDQp2IC01NjAgLTcyMCAwDQp2IC01NDQgLTczNiAwDQp2IC01NjAgLTczNiAwDQp2IC01NjAgLTcyMCAwDQp2IC01NDQgLTcyMCAwDQp2IC01MjggLTczNiAwDQp2IC01NDQgLTczNiAwDQp2IC01NDQgLTcyMCAwDQp2IC01MjggLTcyMCAwDQp2IC01MTIgLTczNiAwDQp2IC01MjggLTczNiAwDQp2IC01MjggLTcyMCAwDQp2IC01MTIgLTcyMCAwDQp2IC00OTYgLTczNiAwDQp2IC01MTIgLTczNiAwDQp2IC01MTIgLTcyMCAwDQp2IC00OTYgLTcyMCAwDQp2IC00ODAgLTczNiAwDQp2IC00OTYgLTczNiAwDQp2IC00OTYgLTcyMCAwDQp2IC00ODAgLTcyMCAwDQp2IC00NjQgLTczNiAwDQp2IC00ODAgLTczNiAwDQp2IC00ODAgLTcyMCAwDQp2IC00NjQgLTcyMCAwDQp2IC00NDggLTczNiAwDQp2IC00NjQgLTczNiAwDQp2IC00NjQgLTcyMCAwDQp2IC00NDggLTcyMCAwDQp2IC00MzIgLTczNiAwDQp2IC00NDggLTczNiAwDQp2IC00NDggLTcyMCAwDQp2IC00MzIgLTcyMCAwDQp2IC00MTYgLTczNiAwDQp2IC00MzIgLTczNiAwDQp2IC00MzIgLTcyMCAwDQp2IC00MTYgLTcyMCAwDQp2IC00MDAgLTczNiAwDQp2IC00MTYgLTczNiAwDQp2IC00MTYgLTcyMCAwDQp2IC00MDAgLTcyMCAwDQp2IC0zODQgLTczNiAwDQp2IC00MDAgLTczNiAwDQp2IC00MDAgLTcyMCAwDQp2IC0zODQgLTcyMCAwDQp2IC0zNjggLTczNiAwDQp2IC0zODQgLTczNiAwDQp2IC0zODQgLTcyMCAwDQp2IC0zNjggLTcyMCAwDQp2IC0zNTIgLTczNiAwDQp2IC0zNjggLTczNiAwDQp2IC0zNjggLTcyMCAwDQp2IC0zNTIgLTcyMCAwDQp2IC0zMzYgLTczNiAwDQp2IC0zNTIgLTczNiAwDQp2IC0zNTIgLTcyMCAwDQp2IC0zMzYgLTcyMCAwDQp2IC0zMjAgLTczNiAwDQp2IC0zMzYgLTczNiAwDQp2IC0zMzYgLTcyMCAwDQp2IC0zMjAgLTcyMCAwDQp2IC0zMDQgLTczNiAwDQp2IC0zMjAgLTczNiAwDQp2IC0zMjAgLTcyMCAwDQp2IC0zMDQgLTcyMCAwDQp2IC0yODggLTczNiAwDQp2IC0zMDQgLTczNiAwDQp2IC0zMDQgLTcyMCAwDQp2IC0yODggLTcyMCAwDQp2IC0yNzIgLTczNiAwDQp2IC0yODggLTczNiAwDQp2IC0yODggLTcyMCAwDQp2IC0yNzIgLTcyMCAwDQp2IC0yNTYgLTczNiAwDQp2IC0yNzIgLTczNiAwDQp2IC0yNzIgLTcyMCAwDQp2IC0yNTYgLTcyMCAwDQp2IC0yNDAgLTczNiAwDQp2IC0yNTYgLTczNiAwDQp2IC0yNTYgLTcyMCAwDQp2IC0yNDAgLTcyMCAwDQp2IC0yMjQgLTczNiAwDQp2IC0yNDAgLTczNiAwDQp2IC0yNDAgLTcyMCAwDQp2IC0yMjQgLTcyMCAwDQp2IC0yMDggLTczNiAwDQp2IC0yMjQgLTczNiAwDQp2IC0yMjQgLTcyMCAwDQp2IC0yMDggLTcyMCAwDQp2IC0xOTIgLTczNiAwDQp2IC0yMDggLTczNiAwDQp2IC0yMDggLTcyMCAwDQp2IC0xOTIgLTcyMCAwDQp2IC0xNzYgLTczNiAwDQp2IC0xOTIgLTczNiAwDQp2IC0xOTIgLTcyMCAwDQp2IC0xNzYgLTcyMCAwDQp2IC0xNjAgLTczNiAwDQp2IC0xNzYgLTczNiAwDQp2IC0xNzYgLTcyMCAwDQp2IC0xNjAgLTcyMCAwDQp2IC0xNDQgLTczNiAwDQp2IC0xNjAgLTczNiAwDQp2IC0xNjAgLTcyMCAwDQp2IC0xNDQgLTcyMCAwDQp2IC0xMjggLTczNiAwDQp2IC0xNDQgLTczNiAwDQp2IC0xNDQgLTcyMCAwDQp2IC0xMjggLTcyMCAwDQp2IC0xMTIgLTczNiAwDQp2IC0xMjggLTczNiAwDQp2IC0xMjggLTcyMCAwDQp2IC0xMTIgLTcyMCAwDQp2IC05NiAtNzM2IDANCnYgLTExMiAtNzM2IDANCnYgLTExMiAtNzIwIDANCnYgLTk2IC03MjAgMA0KdiAtODAgLTczNiAwDQp2IC05NiAtNzM2IDANCnYgLTk2IC03MjAgMA0KdiAtODAgLTcyMCAwDQp2IC02NCAtNzM2IDANCnYgLTgwIC03MzYgMA0KdiAtODAgLTcyMCAwDQp2IC02NCAtNzIwIDANCnYgLTQ4IC03MzYgMA0KdiAtNjQgLTczNiAwDQp2IC02NCAtNzIwIDANCnYgLTQ4IC03MjAgMA0KdiAtMzIgLTczNiAwDQp2IC00OCAtNzM2IDANCnYgLTQ4IC03MjAgMA0KdiAtMzIgLTcyMCAwDQp2IC0xNiAtNzM2IDANCnYgLTMyIC03MzYgMA0KdiAtMzIgLTcyMCAwDQp2IC0xNiAtNzIwIDANCnYgMCAtNzM2IDANCnYgLTE2IC03MzYgMA0KdiAtMTYgLTcyMCAwDQp2IDAgLTcyMCAwDQp2IC0xMTg0IC03NTIgMA0KdiAtMTIwMCAtNzUyIDANCnYgLTEyMDAgLTczNiAwDQp2IC0xMTg0IC03MzYgMA0KdiAtMTE2OCAtNzUyIDANCnYgLTExODQgLTc1MiAwDQp2IC0xMTg0IC03MzYgMA0KdiAtMTE2OCAtNzM2IDANCnYgLTExNTIgLTc1MiAwDQp2IC0xMTY4IC03NTIgMA0KdiAtMTE2OCAtNzM2IDANCnYgLTExNTIgLTczNiAwDQp2IC0xMTM2IC03NTIgMA0KdiAtMTE1MiAtNzUyIDANCnYgLTExNTIgLTczNiAwDQp2IC0xMTM2IC03MzYgMA0KdiAtMTEyMCAtNzUyIDANCnYgLTExMzYgLTc1MiAwDQp2IC0xMTM2IC03MzYgMA0KdiAtMTEyMCAtNzM2IDANCnYgLTExMDQgLTc1MiAwDQp2IC0xMTIwIC03NTIgMA0KdiAtMTEyMCAtNzM2IDANCnYgLTExMDQgLTczNiAwDQp2IC0xMDg4IC03NTIgMA0KdiAtMTEwNCAtNzUyIDANCnYgLTExMDQgLTczNiAwDQp2IC0xMDg4IC03MzYgMA0KdiAtMTA3MiAtNzUyIDANCnYgLTEwODggLTc1MiAwDQp2IC0xMDg4IC03MzYgMA0KdiAtMTA3MiAtNzM2IDANCnYgLTEwNTYgLTc1MiAwDQp2IC0xMDcyIC03NTIgMA0KdiAtMTA3MiAtNzM2IDANCnYgLTEwNTYgLTczNiAwDQp2IC0xMDQwIC03NTIgMA0KdiAtMTA1NiAtNzUyIDANCnYgLTEwNTYgLTczNiAwDQp2IC0xMDQwIC03MzYgMA0KdiAtMTAyNCAtNzUyIDANCnYgLTEwNDAgLTc1MiAwDQp2IC0xMDQwIC03MzYgMA0KdiAtMTAyNCAtNzM2IDANCnYgLTEwMDggLTc1MiAwDQp2IC0xMDI0IC03NTIgMA0KdiAtMTAyNCAtNzM2IDANCnYgLTEwMDggLTczNiAwDQp2IC05OTIgLTc1MiAwDQp2IC0xMDA4IC03NTIgMA0KdiAtMTAwOCAtNzM2IDANCnYgLTk5MiAtNzM2IDANCnYgLTk3NiAtNzUyIDANCnYgLTk5MiAtNzUyIDANCnYgLTk5MiAtNzM2IDANCnYgLTk3NiAtNzM2IDANCnYgLTk2MCAtNzUyIDANCnYgLTk3NiAtNzUyIDANCnYgLTk3NiAtNzM2IDANCnYgLTk2MCAtNzM2IDANCnYgLTk0NCAtNzUyIDANCnYgLTk2MCAtNzUyIDANCnYgLTk2MCAtNzM2IDANCnYgLTk0NCAtNzM2IDANCnYgLTkyOCAtNzUyIDANCnYgLTk0NCAtNzUyIDANCnYgLTk0NCAtNzM2IDANCnYgLTkyOCAtNzM2IDANCnYgLTkxMiAtNzUyIDANCnYgLTkyOCAtNzUyIDANCnYgLTkyOCAtNzM2IDANCnYgLTkxMiAtNzM2IDANCnYgLTg5NiAtNzUyIDANCnYgLTkxMiAtNzUyIDANCnYgLTkxMiAtNzM2IDANCnYgLTg5NiAtNzM2IDANCnYgLTg4MCAtNzUyIDANCnYgLTg5NiAtNzUyIDANCnYgLTg5NiAtNzM2IDANCnYgLTg4MCAtNzM2IDANCnYgLTg2NCAtNzUyIDANCnYgLTg4MCAtNzUyIDANCnYgLTg4MCAtNzM2IDANCnYgLTg2NCAtNzM2IDANCnYgLTg0OCAtNzUyIDANCnYgLTg2NCAtNzUyIDANCnYgLTg2NCAtNzM2IDANCnYgLTg0OCAtNzM2IDANCnYgLTgzMiAtNzUyIDANCnYgLTg0OCAtNzUyIDANCnYgLTg0OCAtNzM2IDANCnYgLTgzMiAtNzM2IDANCnYgLTgxNiAtNzUyIDANCnYgLTgzMiAtNzUyIDANCnYgLTgzMiAtNzM2IDANCnYgLTgxNiAtNzM2IDANCnYgLTgwMCAtNzUyIDANCnYgLTgxNiAtNzUyIDANCnYgLTgxNiAtNzM2IDANCnYgLTgwMCAtNzM2IDANCnYgLTc4NCAtNzUyIDANCnYgLTgwMCAtNzUyIDANCnYgLTgwMCAtNzM2IDANCnYgLTc4NCAtNzM2IDANCnYgLTc2OCAtNzUyIDANCnYgLTc4NCAtNzUyIDANCnYgLTc4NCAtNzM2IDANCnYgLTc2OCAtNzM2IDANCnYgLTc1MiAtNzUyIDANCnYgLTc2OCAtNzUyIDANCnYgLTc2OCAtNzM2IDANCnYgLTc1MiAtNzM2IDANCnYgLTczNiAtNzUyIDANCnYgLTc1MiAtNzUyIDANCnYgLTc1MiAtNzM2IDANCnYgLTczNiAtNzM2IDANCnYgLTcyMCAtNzUyIDANCnYgLTczNiAtNzUyIDANCnYgLTczNiAtNzM2IDANCnYgLTcyMCAtNzM2IDANCnYgLTcwNCAtNzUyIDANCnYgLTcyMCAtNzUyIDANCnYgLTcyMCAtNzM2IDANCnYgLTcwNCAtNzM2IDANCnYgLTY4OCAtNzUyIDANCnYgLTcwNCAtNzUyIDANCnYgLTcwNCAtNzM2IDANCnYgLTY4OCAtNzM2IDANCnYgLTY3MiAtNzUyIDANCnYgLTY4OCAtNzUyIDANCnYgLTY4OCAtNzM2IDANCnYgLTY3MiAtNzM2IDANCnYgLTY1NiAtNzUyIDANCnYgLTY3MiAtNzUyIDANCnYgLTY3MiAtNzM2IDANCnYgLTY1NiAtNzM2IDANCnYgLTY0MCAtNzUyIDANCnYgLTY1NiAtNzUyIDANCnYgLTY1NiAtNzM2IDANCnYgLTY0MCAtNzM2IDANCnYgLTYyNCAtNzUyIDANCnYgLTY0MCAtNzUyIDANCnYgLTY0MCAtNzM2IDANCnYgLTYyNCAtNzM2IDANCnYgLTYwOCAtNzUyIDANCnYgLTYyNCAtNzUyIDANCnYgLTYyNCAtNzM2IDANCnYgLTYwOCAtNzM2IDANCnYgLTU5MiAtNzUyIDANCnYgLTYwOCAtNzUyIDANCnYgLTYwOCAtNzM2IDANCnYgLTU5MiAtNzM2IDANCnYgLTU3NiAtNzUyIDANCnYgLTU5MiAtNzUyIDANCnYgLTU5MiAtNzM2IDANCnYgLTU3NiAtNzM2IDANCnYgLTU2MCAtNzUyIDANCnYgLTU3NiAtNzUyIDANCnYgLTU3NiAtNzM2IDANCnYgLTU2MCAtNzM2IDANCnYgLTU0NCAtNzUyIDANCnYgLTU2MCAtNzUyIDANCnYgLTU2MCAtNzM2IDANCnYgLTU0NCAtNzM2IDANCnYgLTUyOCAtNzUyIDANCnYgLTU0NCAtNzUyIDANCnYgLTU0NCAtNzM2IDANCnYgLTUyOCAtNzM2IDANCnYgLTUxMiAtNzUyIDANCnYgLTUyOCAtNzUyIDANCnYgLTUyOCAtNzM2IDANCnYgLTUxMiAtNzM2IDANCnYgLTQ5NiAtNzUyIDANCnYgLTUxMiAtNzUyIDANCnYgLTUxMiAtNzM2IDANCnYgLTQ5NiAtNzM2IDANCnYgLTQ4MCAtNzUyIDANCnYgLTQ5NiAtNzUyIDANCnYgLTQ5NiAtNzM2IDANCnYgLTQ4MCAtNzM2IDANCnYgLTQ2NCAtNzUyIDANCnYgLTQ4MCAtNzUyIDANCnYgLTQ4MCAtNzM2IDANCnYgLTQ2NCAtNzM2IDANCnYgLTQ0OCAtNzUyIDANCnYgLTQ2NCAtNzUyIDANCnYgLTQ2NCAtNzM2IDANCnYgLTQ0OCAtNzM2IDANCnYgLTQzMiAtNzUyIDANCnYgLTQ0OCAtNzUyIDANCnYgLTQ0OCAtNzM2IDANCnYgLTQzMiAtNzM2IDANCnYgLTQxNiAtNzUyIDANCnYgLTQzMiAtNzUyIDANCnYgLTQzMiAtNzM2IDANCnYgLTQxNiAtNzM2IDANCnYgLTQwMCAtNzUyIDANCnYgLTQxNiAtNzUyIDANCnYgLTQxNiAtNzM2IDANCnYgLTQwMCAtNzM2IDANCnYgLTM4NCAtNzUyIDANCnYgLTQwMCAtNzUyIDANCnYgLTQwMCAtNzM2IDANCnYgLTM4NCAtNzM2IDANCnYgLTM2OCAtNzUyIDANCnYgLTM4NCAtNzUyIDANCnYgLTM4NCAtNzM2IDANCnYgLTM2OCAtNzM2IDANCnYgLTM1MiAtNzUyIDANCnYgLTM2OCAtNzUyIDANCnYgLTM2OCAtNzM2IDANCnYgLTM1MiAtNzM2IDANCnYgLTMzNiAtNzUyIDANCnYgLTM1MiAtNzUyIDANCnYgLTM1MiAtNzM2IDANCnYgLTMzNiAtNzM2IDANCnYgLTMyMCAtNzUyIDANCnYgLTMzNiAtNzUyIDANCnYgLTMzNiAtNzM2IDANCnYgLTMyMCAtNzM2IDANCnYgLTMwNCAtNzUyIDANCnYgLTMyMCAtNzUyIDANCnYgLTMyMCAtNzM2IDANCnYgLTMwNCAtNzM2IDANCnYgLTI4OCAtNzUyIDANCnYgLTMwNCAtNzUyIDANCnYgLTMwNCAtNzM2IDANCnYgLTI4OCAtNzM2IDANCnYgLTI3MiAtNzUyIDANCnYgLTI4OCAtNzUyIDANCnYgLTI4OCAtNzM2IDANCnYgLTI3MiAtNzM2IDANCnYgLTI1NiAtNzUyIDANCnYgLTI3MiAtNzUyIDANCnYgLTI3MiAtNzM2IDANCnYgLTI1NiAtNzM2IDANCnYgLTI0MCAtNzUyIDANCnYgLTI1NiAtNzUyIDANCnYgLTI1NiAtNzM2IDANCnYgLTI0MCAtNzM2IDANCnYgLTIyNCAtNzUyIDANCnYgLTI0MCAtNzUyIDANCnYgLTI0MCAtNzM2IDANCnYgLTIyNCAtNzM2IDANCnYgLTIwOCAtNzUyIDANCnYgLTIyNCAtNzUyIDANCnYgLTIyNCAtNzM2IDANCnYgLTIwOCAtNzM2IDANCnYgLTE5MiAtNzUyIDANCnYgLTIwOCAtNzUyIDANCnYgLTIwOCAtNzM2IDANCnYgLTE5MiAtNzM2IDANCnYgLTE3NiAtNzUyIDANCnYgLTE5MiAtNzUyIDANCnYgLTE5MiAtNzM2IDANCnYgLTE3NiAtNzM2IDANCnYgLTE2MCAtNzUyIDANCnYgLTE3NiAtNzUyIDANCnYgLTE3NiAtNzM2IDANCnYgLTE2MCAtNzM2IDANCnYgLTE0NCAtNzUyIDANCnYgLTE2MCAtNzUyIDANCnYgLTE2MCAtNzM2IDANCnYgLTE0NCAtNzM2IDANCnYgLTEyOCAtNzUyIDANCnYgLTE0NCAtNzUyIDANCnYgLTE0NCAtNzM2IDANCnYgLTEyOCAtNzM2IDANCnYgLTExMiAtNzUyIDANCnYgLTEyOCAtNzUyIDANCnYgLTEyOCAtNzM2IDANCnYgLTExMiAtNzM2IDANCnYgLTk2IC03NTIgMA0KdiAtMTEyIC03NTIgMA0KdiAtMTEyIC03MzYgMA0KdiAtOTYgLTczNiAwDQp2IC04MCAtNzUyIDANCnYgLTk2IC03NTIgMA0KdiAtOTYgLTczNiAwDQp2IC04MCAtNzM2IDANCnYgLTY0IC03NTIgMA0KdiAtODAgLTc1MiAwDQp2IC04MCAtNzM2IDANCnYgLTY0IC03MzYgMA0KdiAtNDggLTc1MiAwDQp2IC02NCAtNzUyIDANCnYgLTY0IC03MzYgMA0KdiAtNDggLTczNiAwDQp2IC0zMiAtNzUyIDANCnYgLTQ4IC03NTIgMA0KdiAtNDggLTczNiAwDQp2IC0zMiAtNzM2IDANCnYgLTE2IC03NTIgMA0KdiAtMzIgLTc1MiAwDQp2IC0zMiAtNzM2IDANCnYgLTE2IC03MzYgMA0KdiAwIC03NTIgMA0KdiAtMTYgLTc1MiAwDQp2IC0xNiAtNzM2IDANCnYgMCAtNzM2IDANCnYgLTExODQgLTc2OCAwDQp2IC0xMjAwIC03NjggMA0KdiAtMTIwMCAtNzUyIDANCnYgLTExODQgLTc1MiAwDQp2IC0xMTY4IC03NjggMA0KdiAtMTE4NCAtNzY4IDANCnYgLTExODQgLTc1MiAwDQp2IC0xMTY4IC03NTIgMA0KdiAtMTE1MiAtNzY4IDANCnYgLTExNjggLTc2OCAwDQp2IC0xMTY4IC03NTIgMA0KdiAtMTE1MiAtNzUyIDANCnYgLTExMzYgLTc2OCAwDQp2IC0xMTUyIC03NjggMA0KdiAtMTE1MiAtNzUyIDANCnYgLTExMzYgLTc1MiAwDQp2IC0xMTIwIC03NjggMA0KdiAtMTEzNiAtNzY4IDANCnYgLTExMzYgLTc1MiAwDQp2IC0xMTIwIC03NTIgMA0KdiAtMTEwNCAtNzY4IDANCnYgLTExMjAgLTc2OCAwDQp2IC0xMTIwIC03NTIgMA0KdiAtMTEwNCAtNzUyIDANCnYgLTEwODggLTc2OCAwDQp2IC0xMTA0IC03NjggMA0KdiAtMTEwNCAtNzUyIDANCnYgLTEwODggLTc1MiAwDQp2IC0xMDcyIC03NjggMA0KdiAtMTA4OCAtNzY4IDANCnYgLTEwODggLTc1MiAwDQp2IC0xMDcyIC03NTIgMA0KdiAtMTA1NiAtNzY4IDANCnYgLTEwNzIgLTc2OCAwDQp2IC0xMDcyIC03NTIgMA0KdiAtMTA1NiAtNzUyIDANCnYgLTEwNDAgLTc2OCAwDQp2IC0xMDU2IC03NjggMA0KdiAtMTA1NiAtNzUyIDANCnYgLTEwNDAgLTc1MiAwDQp2IC0xMDI0IC03NjggMA0KdiAtMTA0MCAtNzY4IDANCnYgLTEwNDAgLTc1MiAwDQp2IC0xMDI0IC03NTIgMA0KdiAtMTAwOCAtNzY4IDANCnYgLTEwMjQgLTc2OCAwDQp2IC0xMDI0IC03NTIgMA0KdiAtMTAwOCAtNzUyIDANCnYgLTk5MiAtNzY4IDANCnYgLTEwMDggLTc2OCAwDQp2IC0xMDA4IC03NTIgMA0KdiAtOTkyIC03NTIgMA0KdiAtOTc2IC03NjggMA0KdiAtOTkyIC03NjggMA0KdiAtOTkyIC03NTIgMA0KdiAtOTc2IC03NTIgMA0KdiAtOTYwIC03NjggMA0KdiAtOTc2IC03NjggMA0KdiAtOTc2IC03NTIgMA0KdiAtOTYwIC03NTIgMA0KdiAtOTQ0IC03NjggMA0KdiAtOTYwIC03NjggMA0KdiAtOTYwIC03NTIgMA0KdiAtOTQ0IC03NTIgMA0KdiAtOTI4IC03NjggMA0KdiAtOTQ0IC03NjggMA0KdiAtOTQ0IC03NTIgMA0KdiAtOTI4IC03NTIgMA0KdiAtOTEyIC03NjggMA0KdiAtOTI4IC03NjggMA0KdiAtOTI4IC03NTIgMA0KdiAtOTEyIC03NTIgMA0KdiAtODk2IC03NjggMA0KdiAtOTEyIC03NjggMA0KdiAtOTEyIC03NTIgMA0KdiAtODk2IC03NTIgMA0KdiAtODgwIC03NjggMA0KdiAtODk2IC03NjggMA0KdiAtODk2IC03NTIgMA0KdiAtODgwIC03NTIgMA0KdiAtODY0IC03NjggMA0KdiAtODgwIC03NjggMA0KdiAtODgwIC03NTIgMA0KdiAtODY0IC03NTIgMA0KdiAtODQ4IC03NjggMA0KdiAtODY0IC03NjggMA0KdiAtODY0IC03NTIgMA0KdiAtODQ4IC03NTIgMA0KdiAtODMyIC03NjggMA0KdiAtODQ4IC03NjggMA0KdiAtODQ4IC03NTIgMA0KdiAtODMyIC03NTIgMA0KdiAtODE2IC03NjggMA0KdiAtODMyIC03NjggMA0KdiAtODMyIC03NTIgMA0KdiAtODE2IC03NTIgMA0KdiAtODAwIC03NjggMA0KdiAtODE2IC03NjggMA0KdiAtODE2IC03NTIgMA0KdiAtODAwIC03NTIgMA0KdiAtNzg0IC03NjggMA0KdiAtODAwIC03NjggMA0KdiAtODAwIC03NTIgMA0KdiAtNzg0IC03NTIgMA0KdiAtNzY4IC03NjggMA0KdiAtNzg0IC03NjggMA0KdiAtNzg0IC03NTIgMA0KdiAtNzY4IC03NTIgMA0KdiAtNzUyIC03NjggMA0KdiAtNzY4IC03NjggMA0KdiAtNzY4IC03NTIgMA0KdiAtNzUyIC03NTIgMA0KdiAtNzM2IC03NjggMA0KdiAtNzUyIC03NjggMA0KdiAtNzUyIC03NTIgMA0KdiAtNzM2IC03NTIgMA0KdiAtNzIwIC03NjggMA0KdiAtNzM2IC03NjggMA0KdiAtNzM2IC03NTIgMA0KdiAtNzIwIC03NTIgMA0KdiAtNzA0IC03NjggMA0KdiAtNzIwIC03NjggMA0KdiAtNzIwIC03NTIgMA0KdiAtNzA0IC03NTIgMA0KdiAtNjg4IC03NjggMA0KdiAtNzA0IC03NjggMA0KdiAtNzA0IC03NTIgMA0KdiAtNjg4IC03NTIgMA0KdiAtNjcyIC03NjggMA0KdiAtNjg4IC03NjggMA0KdiAtNjg4IC03NTIgMA0KdiAtNjcyIC03NTIgMA0KdiAtNjU2IC03NjggMA0KdiAtNjcyIC03NjggMA0KdiAtNjcyIC03NTIgMA0KdiAtNjU2IC03NTIgMA0KdiAtNjQwIC03NjggMA0KdiAtNjU2IC03NjggMA0KdiAtNjU2IC03NTIgMA0KdiAtNjQwIC03NTIgMA0KdiAtNjI0IC03NjggMA0KdiAtNjQwIC03NjggMA0KdiAtNjQwIC03NTIgMA0KdiAtNjI0IC03NTIgMA0KdiAtNjA4IC03NjggMA0KdiAtNjI0IC03NjggMA0KdiAtNjI0IC03NTIgMA0KdiAtNjA4IC03NTIgMA0KdiAtNTkyIC03NjggMA0KdiAtNjA4IC03NjggMA0KdiAtNjA4IC03NTIgMA0KdiAtNTkyIC03NTIgMA0KdiAtNTc2IC03NjggMA0KdiAtNTkyIC03NjggMA0KdiAtNTkyIC03NTIgMA0KdiAtNTc2IC03NTIgMA0KdiAtNTYwIC03NjggMA0KdiAtNTc2IC03NjggMA0KdiAtNTc2IC03NTIgMA0KdiAtNTYwIC03NTIgMA0KdiAtNTQ0IC03NjggMA0KdiAtNTYwIC03NjggMA0KdiAtNTYwIC03NTIgMA0KdiAtNTQ0IC03NTIgMA0KdiAtNTI4IC03NjggMA0KdiAtNTQ0IC03NjggMA0KdiAtNTQ0IC03NTIgMA0KdiAtNTI4IC03NTIgMA0KdiAtNTEyIC03NjggMA0KdiAtNTI4IC03NjggMA0KdiAtNTI4IC03NTIgMA0KdiAtNTEyIC03NTIgMA0KdiAtNDk2IC03NjggMA0KdiAtNTEyIC03NjggMA0KdiAtNTEyIC03NTIgMA0KdiAtNDk2IC03NTIgMA0KdiAtNDgwIC03NjggMA0KdiAtNDk2IC03NjggMA0KdiAtNDk2IC03NTIgMA0KdiAtNDgwIC03NTIgMA0KdiAtNDY0IC03NjggMA0KdiAtNDgwIC03NjggMA0KdiAtNDgwIC03NTIgMA0KdiAtNDY0IC03NTIgMA0KdiAtNDQ4IC03NjggMA0KdiAtNDY0IC03NjggMA0KdiAtNDY0IC03NTIgMA0KdiAtNDQ4IC03NTIgMA0KdiAtNDMyIC03NjggMA0KdiAtNDQ4IC03NjggMA0KdiAtNDQ4IC03NTIgMA0KdiAtNDMyIC03NTIgMA0KdiAtNDE2IC03NjggMA0KdiAtNDMyIC03NjggMA0KdiAtNDMyIC03NTIgMA0KdiAtNDE2IC03NTIgMA0KdiAtNDAwIC03NjggMA0KdiAtNDE2IC03NjggMA0KdiAtNDE2IC03NTIgMA0KdiAtNDAwIC03NTIgMA0KdiAtMzg0IC03NjggMA0KdiAtNDAwIC03NjggMA0KdiAtNDAwIC03NTIgMA0KdiAtMzg0IC03NTIgMA0KdiAtMzY4IC03NjggMA0KdiAtMzg0IC03NjggMA0KdiAtMzg0IC03NTIgMA0KdiAtMzY4IC03NTIgMA0KdiAtMzUyIC03NjggMA0KdiAtMzY4IC03NjggMA0KdiAtMzY4IC03NTIgMA0KdiAtMzUyIC03NTIgMA0KdiAtMzM2IC03NjggMA0KdiAtMzUyIC03NjggMA0KdiAtMzUyIC03NTIgMA0KdiAtMzM2IC03NTIgMA0KdiAtMzIwIC03NjggMA0KdiAtMzM2IC03NjggMA0KdiAtMzM2IC03NTIgMA0KdiAtMzIwIC03NTIgMA0KdiAtMzA0IC03NjggMA0KdiAtMzIwIC03NjggMA0KdiAtMzIwIC03NTIgMA0KdiAtMzA0IC03NTIgMA0KdiAtMjg4IC03NjggMA0KdiAtMzA0IC03NjggMA0KdiAtMzA0IC03NTIgMA0KdiAtMjg4IC03NTIgMA0KdiAtMjcyIC03NjggMA0KdiAtMjg4IC03NjggMA0KdiAtMjg4IC03NTIgMA0KdiAtMjcyIC03NTIgMA0KdiAtMjU2IC03NjggMA0KdiAtMjcyIC03NjggMA0KdiAtMjcyIC03NTIgMA0KdiAtMjU2IC03NTIgMA0KdiAtMjQwIC03NjggMA0KdiAtMjU2IC03NjggMA0KdiAtMjU2IC03NTIgMA0KdiAtMjQwIC03NTIgMA0KdiAtMjI0IC03NjggMA0KdiAtMjQwIC03NjggMA0KdiAtMjQwIC03NTIgMA0KdiAtMjI0IC03NTIgMA0KdiAtMjA4IC03NjggMA0KdiAtMjI0IC03NjggMA0KdiAtMjI0IC03NTIgMA0KdiAtMjA4IC03NTIgMA0KdiAtMTkyIC03NjggMA0KdiAtMjA4IC03NjggMA0KdiAtMjA4IC03NTIgMA0KdiAtMTkyIC03NTIgMA0KdiAtMTc2IC03NjggMA0KdiAtMTkyIC03NjggMA0KdiAtMTkyIC03NTIgMA0KdiAtMTc2IC03NTIgMA0KdiAtMTYwIC03NjggMA0KdiAtMTc2IC03NjggMA0KdiAtMTc2IC03NTIgMA0KdiAtMTYwIC03NTIgMA0KdiAtMTQ0IC03NjggMA0KdiAtMTYwIC03NjggMA0KdiAtMTYwIC03NTIgMA0KdiAtMTQ0IC03NTIgMA0KdiAtMTI4IC03NjggMA0KdiAtMTQ0IC03NjggMA0KdiAtMTQ0IC03NTIgMA0KdiAtMTI4IC03NTIgMA0KdiAtMTEyIC03NjggMA0KdiAtMTI4IC03NjggMA0KdiAtMTI4IC03NTIgMA0KdiAtMTEyIC03NTIgMA0KdiAtOTYgLTc2OCAwDQp2IC0xMTIgLTc2OCAwDQp2IC0xMTIgLTc1MiAwDQp2IC05NiAtNzUyIDANCnYgLTgwIC03NjggMA0KdiAtOTYgLTc2OCAwDQp2IC05NiAtNzUyIDANCnYgLTgwIC03NTIgMA0KdiAtNjQgLTc2OCAwDQp2IC04MCAtNzY4IDANCnYgLTgwIC03NTIgMA0KdiAtNjQgLTc1MiAwDQp2IC00OCAtNzY4IDANCnYgLTY0IC03NjggMA0KdiAtNjQgLTc1MiAwDQp2IC00OCAtNzUyIDANCnYgLTMyIC03NjggMA0KdiAtNDggLTc2OCAwDQp2IC00OCAtNzUyIDANCnYgLTMyIC03NTIgMA0KdiAtMTYgLTc2OCAwDQp2IC0zMiAtNzY4IDANCnYgLTMyIC03NTIgMA0KdiAtMTYgLTc1MiAwDQp2IDAgLTc2OCAwDQp2IC0xNiAtNzY4IDANCnYgLTE2IC03NTIgMA0KdiAwIC03NTIgMA0KdiAtMTE4NCAtNzg0IDANCnYgLTEyMDAgLTc4NCAwDQp2IC0xMjAwIC03NjggMA0KdiAtMTE4NCAtNzY4IDANCnYgLTExNjggLTc4NCAwDQp2IC0xMTg0IC03ODQgMA0KdiAtMTE4NCAtNzY4IDANCnYgLTExNjggLTc2OCAwDQp2IC0xMTUyIC03ODQgMA0KdiAtMTE2OCAtNzg0IDANCnYgLTExNjggLTc2OCAwDQp2IC0xMTUyIC03NjggMA0KdiAtMTEzNiAtNzg0IDANCnYgLTExNTIgLTc4NCAwDQp2IC0xMTUyIC03NjggMA0KdiAtMTEzNiAtNzY4IDANCnYgLTExMjAgLTc4NCAwDQp2IC0xMTM2IC03ODQgMA0KdiAtMTEzNiAtNzY4IDANCnYgLTExMjAgLTc2OCAwDQp2IC0xMTA0IC03ODQgMA0KdiAtMTEyMCAtNzg0IDANCnYgLTExMjAgLTc2OCAwDQp2IC0xMTA0IC03NjggMA0KdiAtMTA4OCAtNzg0IDANCnYgLTExMDQgLTc4NCAwDQp2IC0xMTA0IC03NjggMA0KdiAtMTA4OCAtNzY4IDANCnYgLTEwNzIgLTc4NCAwDQp2IC0xMDg4IC03ODQgMA0KdiAtMTA4OCAtNzY4IDANCnYgLTEwNzIgLTc2OCAwDQp2IC0xMDU2IC03ODQgMA0KdiAtMTA3MiAtNzg0IDANCnYgLTEwNzIgLTc2OCAwDQp2IC0xMDU2IC03NjggMA0KdiAtMTA0MCAtNzg0IDANCnYgLTEwNTYgLTc4NCAwDQp2IC0xMDU2IC03NjggMA0KdiAtMTA0MCAtNzY4IDANCnYgLTEwMjQgLTc4NCAwDQp2IC0xMDQwIC03ODQgMA0KdiAtMTA0MCAtNzY4IDANCnYgLTEwMjQgLTc2OCAwDQp2IC0xMDA4IC03ODQgMA0KdiAtMTAyNCAtNzg0IDANCnYgLTEwMjQgLTc2OCAwDQp2IC0xMDA4IC03NjggMA0KdiAtOTkyIC03ODQgMA0KdiAtMTAwOCAtNzg0IDANCnYgLTEwMDggLTc2OCAwDQp2IC05OTIgLTc2OCAwDQp2IC05NzYgLTc4NCAwDQp2IC05OTIgLTc4NCAwDQp2IC05OTIgLTc2OCAwDQp2IC05NzYgLTc2OCAwDQp2IC05NjAgLTc4NCAwDQp2IC05NzYgLTc4NCAwDQp2IC05NzYgLTc2OCAwDQp2IC05NjAgLTc2OCAwDQp2IC05NDQgLTc4NCAwDQp2IC05NjAgLTc4NCAwDQp2IC05NjAgLTc2OCAwDQp2IC05NDQgLTc2OCAwDQp2IC05MjggLTc4NCAwDQp2IC05NDQgLTc4NCAwDQp2IC05NDQgLTc2OCAwDQp2IC05MjggLTc2OCAwDQp2IC05MTIgLTc4NCAwDQp2IC05MjggLTc4NCAwDQp2IC05MjggLTc2OCAwDQp2IC05MTIgLTc2OCAwDQp2IC04OTYgLTc4NCAwDQp2IC05MTIgLTc4NCAwDQp2IC05MTIgLTc2OCAwDQp2IC04OTYgLTc2OCAwDQp2IC04ODAgLTc4NCAwDQp2IC04OTYgLTc4NCAwDQp2IC04OTYgLTc2OCAwDQp2IC04ODAgLTc2OCAwDQp2IC04NjQgLTc4NCAwDQp2IC04ODAgLTc4NCAwDQp2IC04ODAgLTc2OCAwDQp2IC04NjQgLTc2OCAwDQp2IC04NDggLTc4NCAwDQp2IC04NjQgLTc4NCAwDQp2IC04NjQgLTc2OCAwDQp2IC04NDggLTc2OCAwDQp2IC04MzIgLTc4NCAwDQp2IC04NDggLTc4NCAwDQp2IC04NDggLTc2OCAwDQp2IC04MzIgLTc2OCAwDQp2IC04MTYgLTc4NCAwDQp2IC04MzIgLTc4NCAwDQp2IC04MzIgLTc2OCAwDQp2IC04MTYgLTc2OCAwDQp2IC04MDAgLTc4NCAwDQp2IC04MTYgLTc4NCAwDQp2IC04MTYgLTc2OCAwDQp2IC04MDAgLTc2OCAwDQp2IC03ODQgLTc4NCAwDQp2IC04MDAgLTc4NCAwDQp2IC04MDAgLTc2OCAwDQp2IC03ODQgLTc2OCAwDQp2IC03NjggLTc4NCAwDQp2IC03ODQgLTc4NCAwDQp2IC03ODQgLTc2OCAwDQp2IC03NjggLTc2OCAwDQp2IC03NTIgLTc4NCAwDQp2IC03NjggLTc4NCAwDQp2IC03NjggLTc2OCAwDQp2IC03NTIgLTc2OCAwDQp2IC03MzYgLTc4NCAwDQp2IC03NTIgLTc4NCAwDQp2IC03NTIgLTc2OCAwDQp2IC03MzYgLTc2OCAwDQp2IC03MjAgLTc4NCAwDQp2IC03MzYgLTc4NCAwDQp2IC03MzYgLTc2OCAwDQp2IC03MjAgLTc2OCAwDQp2IC03MDQgLTc4NCAwDQp2IC03MjAgLTc4NCAwDQp2IC03MjAgLTc2OCAwDQp2IC03MDQgLTc2OCAwDQp2IC02ODggLTc4NCAwDQp2IC03MDQgLTc4NCAwDQp2IC03MDQgLTc2OCAwDQp2IC02ODggLTc2OCAwDQp2IC02NzIgLTc4NCAwDQp2IC02ODggLTc4NCAwDQp2IC02ODggLTc2OCAwDQp2IC02NzIgLTc2OCAwDQp2IC02NTYgLTc4NCAwDQp2IC02NzIgLTc4NCAwDQp2IC02NzIgLTc2OCAwDQp2IC02NTYgLTc2OCAwDQp2IC02NDAgLTc4NCAwDQp2IC02NTYgLTc4NCAwDQp2IC02NTYgLTc2OCAwDQp2IC02NDAgLTc2OCAwDQp2IC02MjQgLTc4NCAwDQp2IC02NDAgLTc4NCAwDQp2IC02NDAgLTc2OCAwDQp2IC02MjQgLTc2OCAwDQp2IC02MDggLTc4NCAwDQp2IC02MjQgLTc4NCAwDQp2IC02MjQgLTc2OCAwDQp2IC02MDggLTc2OCAwDQp2IC01OTIgLTc4NCAwDQp2IC02MDggLTc4NCAwDQp2IC02MDggLTc2OCAwDQp2IC01OTIgLTc2OCAwDQp2IC01NzYgLTc4NCAwDQp2IC01OTIgLTc4NCAwDQp2IC01OTIgLTc2OCAwDQp2IC01NzYgLTc2OCAwDQp2IC01NjAgLTc4NCAwDQp2IC01NzYgLTc4NCAwDQp2IC01NzYgLTc2OCAwDQp2IC01NjAgLTc2OCAwDQp2IC01NDQgLTc4NCAwDQp2IC01NjAgLTc4NCAwDQp2IC01NjAgLTc2OCAwDQp2IC01NDQgLTc2OCAwDQp2IC01MjggLTc4NCAwDQp2IC01NDQgLTc4NCAwDQp2IC01NDQgLTc2OCAwDQp2IC01MjggLTc2OCAwDQp2IC01MTIgLTc4NCAwDQp2IC01MjggLTc4NCAwDQp2IC01MjggLTc2OCAwDQp2IC01MTIgLTc2OCAwDQp2IC00OTYgLTc4NCAwDQp2IC01MTIgLTc4NCAwDQp2IC01MTIgLTc2OCAwDQp2IC00OTYgLTc2OCAwDQp2IC00ODAgLTc4NCAwDQp2IC00OTYgLTc4NCAwDQp2IC00OTYgLTc2OCAwDQp2IC00ODAgLTc2OCAwDQp2IC00NjQgLTc4NCAwDQp2IC00ODAgLTc4NCAwDQp2IC00ODAgLTc2OCAwDQp2IC00NjQgLTc2OCAwDQp2IC00NDggLTc4NCAwDQp2IC00NjQgLTc4NCAwDQp2IC00NjQgLTc2OCAwDQp2IC00NDggLTc2OCAwDQp2IC00MzIgLTc4NCAwDQp2IC00NDggLTc4NCAwDQp2IC00NDggLTc2OCAwDQp2IC00MzIgLTc2OCAwDQp2IC00MTYgLTc4NCAwDQp2IC00MzIgLTc4NCAwDQp2IC00MzIgLTc2OCAwDQp2IC00MTYgLTc2OCAwDQp2IC00MDAgLTc4NCAwDQp2IC00MTYgLTc4NCAwDQp2IC00MTYgLTc2OCAwDQp2IC00MDAgLTc2OCAwDQp2IC0zODQgLTc4NCAwDQp2IC00MDAgLTc4NCAwDQp2IC00MDAgLTc2OCAwDQp2IC0zODQgLTc2OCAwDQp2IC0zNjggLTc4NCAwDQp2IC0zODQgLTc4NCAwDQp2IC0zODQgLTc2OCAwDQp2IC0zNjggLTc2OCAwDQp2IC0zNTIgLTc4NCAwDQp2IC0zNjggLTc4NCAwDQp2IC0zNjggLTc2OCAwDQp2IC0zNTIgLTc2OCAwDQp2IC0zMzYgLTc4NCAwDQp2IC0zNTIgLTc4NCAwDQp2IC0zNTIgLTc2OCAwDQp2IC0zMzYgLTc2OCAwDQp2IC0zMjAgLTc4NCAwDQp2IC0zMzYgLTc4NCAwDQp2IC0zMzYgLTc2OCAwDQp2IC0zMjAgLTc2OCAwDQp2IC0zMDQgLTc4NCAwDQp2IC0zMjAgLTc4NCAwDQp2IC0zMjAgLTc2OCAwDQp2IC0zMDQgLTc2OCAwDQp2IC0yODggLTc4NCAwDQp2IC0zMDQgLTc4NCAwDQp2IC0zMDQgLTc2OCAwDQp2IC0yODggLTc2OCAwDQp2IC0yNzIgLTc4NCAwDQp2IC0yODggLTc4NCAwDQp2IC0yODggLTc2OCAwDQp2IC0yNzIgLTc2OCAwDQp2IC0yNTYgLTc4NCAwDQp2IC0yNzIgLTc4NCAwDQp2IC0yNzIgLTc2OCAwDQp2IC0yNTYgLTc2OCAwDQp2IC0yNDAgLTc4NCAwDQp2IC0yNTYgLTc4NCAwDQp2IC0yNTYgLTc2OCAwDQp2IC0yNDAgLTc2OCAwDQp2IC0yMjQgLTc4NCAwDQp2IC0yNDAgLTc4NCAwDQp2IC0yNDAgLTc2OCAwDQp2IC0yMjQgLTc2OCAwDQp2IC0yMDggLTc4NCAwDQp2IC0yMjQgLTc4NCAwDQp2IC0yMjQgLTc2OCAwDQp2IC0yMDggLTc2OCAwDQp2IC0xOTIgLTc4NCAwDQp2IC0yMDggLTc4NCAwDQp2IC0yMDggLTc2OCAwDQp2IC0xOTIgLTc2OCAwDQp2IC0xNzYgLTc4NCAwDQp2IC0xOTIgLTc4NCAwDQp2IC0xOTIgLTc2OCAwDQp2IC0xNzYgLTc2OCAwDQp2IC0xNjAgLTc4NCAwDQp2IC0xNzYgLTc4NCAwDQp2IC0xNzYgLTc2OCAwDQp2IC0xNjAgLTc2OCAwDQp2IC0xNDQgLTc4NCAwDQp2IC0xNjAgLTc4NCAwDQp2IC0xNjAgLTc2OCAwDQp2IC0xNDQgLTc2OCAwDQp2IC0xMjggLTc4NCAwDQp2IC0xNDQgLTc4NCAwDQp2IC0xNDQgLTc2OCAwDQp2IC0xMjggLTc2OCAwDQp2IC0xMTIgLTc4NCAwDQp2IC0xMjggLTc4NCAwDQp2IC0xMjggLTc2OCAwDQp2IC0xMTIgLTc2OCAwDQp2IC05NiAtNzg0IDANCnYgLTExMiAtNzg0IDANCnYgLTExMiAtNzY4IDANCnYgLTk2IC03NjggMA0KdiAtODAgLTc4NCAwDQp2IC05NiAtNzg0IDANCnYgLTk2IC03NjggMA0KdiAtODAgLTc2OCAwDQp2IC02NCAtNzg0IDANCnYgLTgwIC03ODQgMA0KdiAtODAgLTc2OCAwDQp2IC02NCAtNzY4IDANCnYgLTQ4IC03ODQgMA0KdiAtNjQgLTc4NCAwDQp2IC02NCAtNzY4IDANCnYgLTQ4IC03NjggMA0KdiAtMzIgLTc4NCAwDQp2IC00OCAtNzg0IDANCnYgLTQ4IC03NjggMA0KdiAtMzIgLTc2OCAwDQp2IC0xNiAtNzg0IDANCnYgLTMyIC03ODQgMA0KdiAtMzIgLTc2OCAwDQp2IC0xNiAtNzY4IDANCnYgMCAtNzg0IDANCnYgLTE2IC03ODQgMA0KdiAtMTYgLTc2OCAwDQp2IDAgLTc2OCAwDQp2IC0xMTg0IC04MDAgMA0KdiAtMTIwMCAtODAwIDANCnYgLTEyMDAgLTc4NCAwDQp2IC0xMTg0IC03ODQgMA0KdiAtMTE2OCAtODAwIDANCnYgLTExODQgLTgwMCAwDQp2IC0xMTg0IC03ODQgMA0KdiAtMTE2OCAtNzg0IDANCnYgLTExNTIgLTgwMCAwDQp2IC0xMTY4IC04MDAgMA0KdiAtMTE2OCAtNzg0IDANCnYgLTExNTIgLTc4NCAwDQp2IC0xMTM2IC04MDAgMA0KdiAtMTE1MiAtODAwIDANCnYgLTExNTIgLTc4NCAwDQp2IC0xMTM2IC03ODQgMA0KdiAtMTEyMCAtODAwIDANCnYgLTExMzYgLTgwMCAwDQp2IC0xMTM2IC03ODQgMA0KdiAtMTEyMCAtNzg0IDANCnYgLTExMDQgLTgwMCAwDQp2IC0xMTIwIC04MDAgMA0KdiAtMTEyMCAtNzg0IDANCnYgLTExMDQgLTc4NCAwDQp2IC0xMDg4IC04MDAgMA0KdiAtMTEwNCAtODAwIDANCnYgLTExMDQgLTc4NCAwDQp2IC0xMDg4IC03ODQgMA0KdiAtMTA3MiAtODAwIDANCnYgLTEwODggLTgwMCAwDQp2IC0xMDg4IC03ODQgMA0KdiAtMTA3MiAtNzg0IDANCnYgLTEwNTYgLTgwMCAwDQp2IC0xMDcyIC04MDAgMA0KdiAtMTA3MiAtNzg0IDANCnYgLTEwNTYgLTc4NCAwDQp2IC0xMDQwIC04MDAgMA0KdiAtMTA1NiAtODAwIDANCnYgLTEwNTYgLTc4NCAwDQp2IC0xMDQwIC03ODQgMA0KdiAtMTAyNCAtODAwIDANCnYgLTEwNDAgLTgwMCAwDQp2IC0xMDQwIC03ODQgMA0KdiAtMTAyNCAtNzg0IDANCnYgLTEwMDggLTgwMCAwDQp2IC0xMDI0IC04MDAgMA0KdiAtMTAyNCAtNzg0IDANCnYgLTEwMDggLTc4NCAwDQp2IC05OTIgLTgwMCAwDQp2IC0xMDA4IC04MDAgMA0KdiAtMTAwOCAtNzg0IDANCnYgLTk5MiAtNzg0IDANCnYgLTk3NiAtODAwIDANCnYgLTk5MiAtODAwIDANCnYgLTk5MiAtNzg0IDANCnYgLTk3NiAtNzg0IDANCnYgLTk2MCAtODAwIDANCnYgLTk3NiAtODAwIDANCnYgLTk3NiAtNzg0IDANCnYgLTk2MCAtNzg0IDANCnYgLTk0NCAtODAwIDANCnYgLTk2MCAtODAwIDANCnYgLTk2MCAtNzg0IDANCnYgLTk0NCAtNzg0IDANCnYgLTkyOCAtODAwIDANCnYgLTk0NCAtODAwIDANCnYgLTk0NCAtNzg0IDANCnYgLTkyOCAtNzg0IDANCnYgLTkxMiAtODAwIDANCnYgLTkyOCAtODAwIDANCnYgLTkyOCAtNzg0IDANCnYgLTkxMiAtNzg0IDANCnYgLTg5NiAtODAwIDANCnYgLTkxMiAtODAwIDANCnYgLTkxMiAtNzg0IDANCnYgLTg5NiAtNzg0IDANCnYgLTg4MCAtODAwIDANCnYgLTg5NiAtODAwIDANCnYgLTg5NiAtNzg0IDANCnYgLTg4MCAtNzg0IDANCnYgLTg2NCAtODAwIDANCnYgLTg4MCAtODAwIDANCnYgLTg4MCAtNzg0IDANCnYgLTg2NCAtNzg0IDANCnYgLTg0OCAtODAwIDANCnYgLTg2NCAtODAwIDANCnYgLTg2NCAtNzg0IDANCnYgLTg0OCAtNzg0IDANCnYgLTgzMiAtODAwIDANCnYgLTg0OCAtODAwIDANCnYgLTg0OCAtNzg0IDANCnYgLTgzMiAtNzg0IDANCnYgLTgxNiAtODAwIDANCnYgLTgzMiAtODAwIDANCnYgLTgzMiAtNzg0IDANCnYgLTgxNiAtNzg0IDANCnYgLTgwMCAtODAwIDANCnYgLTgxNiAtODAwIDANCnYgLTgxNiAtNzg0IDANCnYgLTgwMCAtNzg0IDANCnYgLTc4NCAtODAwIDANCnYgLTgwMCAtODAwIDANCnYgLTgwMCAtNzg0IDANCnYgLTc4NCAtNzg0IDANCnYgLTc2OCAtODAwIDANCnYgLTc4NCAtODAwIDANCnYgLTc4NCAtNzg0IDANCnYgLTc2OCAtNzg0IDANCnYgLTc1MiAtODAwIDANCnYgLTc2OCAtODAwIDANCnYgLTc2OCAtNzg0IDANCnYgLTc1MiAtNzg0IDANCnYgLTczNiAtODAwIDANCnYgLTc1MiAtODAwIDANCnYgLTc1MiAtNzg0IDANCnYgLTczNiAtNzg0IDANCnYgLTcyMCAtODAwIDANCnYgLTczNiAtODAwIDANCnYgLTczNiAtNzg0IDANCnYgLTcyMCAtNzg0IDANCnYgLTcwNCAtODAwIDANCnYgLTcyMCAtODAwIDANCnYgLTcyMCAtNzg0IDANCnYgLTcwNCAtNzg0IDANCnYgLTY4OCAtODAwIDANCnYgLTcwNCAtODAwIDANCnYgLTcwNCAtNzg0IDANCnYgLTY4OCAtNzg0IDANCnYgLTY3MiAtODAwIDANCnYgLTY4OCAtODAwIDANCnYgLTY4OCAtNzg0IDANCnYgLTY3MiAtNzg0IDANCnYgLTY1NiAtODAwIDANCnYgLTY3MiAtODAwIDANCnYgLTY3MiAtNzg0IDANCnYgLTY1NiAtNzg0IDANCnYgLTY0MCAtODAwIDANCnYgLTY1NiAtODAwIDANCnYgLTY1NiAtNzg0IDANCnYgLTY0MCAtNzg0IDANCnYgLTYyNCAtODAwIDANCnYgLTY0MCAtODAwIDANCnYgLTY0MCAtNzg0IDANCnYgLTYyNCAtNzg0IDANCnYgLTYwOCAtODAwIDANCnYgLTYyNCAtODAwIDANCnYgLTYyNCAtNzg0IDANCnYgLTYwOCAtNzg0IDANCnYgLTU5MiAtODAwIDANCnYgLTYwOCAtODAwIDANCnYgLTYwOCAtNzg0IDANCnYgLTU5MiAtNzg0IDANCnYgLTU3NiAtODAwIDANCnYgLTU5MiAtODAwIDANCnYgLTU5MiAtNzg0IDANCnYgLTU3NiAtNzg0IDANCnYgLTU2MCAtODAwIDANCnYgLTU3NiAtODAwIDANCnYgLTU3NiAtNzg0IDANCnYgLTU2MCAtNzg0IDANCnYgLTU0NCAtODAwIDANCnYgLTU2MCAtODAwIDANCnYgLTU2MCAtNzg0IDANCnYgLTU0NCAtNzg0IDANCnYgLTUyOCAtODAwIDANCnYgLTU0NCAtODAwIDANCnYgLTU0NCAtNzg0IDANCnYgLTUyOCAtNzg0IDANCnYgLTUxMiAtODAwIDANCnYgLTUyOCAtODAwIDANCnYgLTUyOCAtNzg0IDANCnYgLTUxMiAtNzg0IDANCnYgLTQ5NiAtODAwIDANCnYgLTUxMiAtODAwIDANCnYgLTUxMiAtNzg0IDANCnYgLTQ5NiAtNzg0IDANCnYgLTQ4MCAtODAwIDANCnYgLTQ5NiAtODAwIDANCnYgLTQ5NiAtNzg0IDANCnYgLTQ4MCAtNzg0IDANCnYgLTQ2NCAtODAwIDANCnYgLTQ4MCAtODAwIDANCnYgLTQ4MCAtNzg0IDANCnYgLTQ2NCAtNzg0IDANCnYgLTQ0OCAtODAwIDANCnYgLTQ2NCAtODAwIDANCnYgLTQ2NCAtNzg0IDANCnYgLTQ0OCAtNzg0IDANCnYgLTQzMiAtODAwIDANCnYgLTQ0OCAtODAwIDANCnYgLTQ0OCAtNzg0IDANCnYgLTQzMiAtNzg0IDANCnYgLTQxNiAtODAwIDANCnYgLTQzMiAtODAwIDANCnYgLTQzMiAtNzg0IDANCnYgLTQxNiAtNzg0IDANCnYgLTQwMCAtODAwIDANCnYgLTQxNiAtODAwIDANCnYgLTQxNiAtNzg0IDANCnYgLTQwMCAtNzg0IDANCnYgLTM4NCAtODAwIDANCnYgLTQwMCAtODAwIDANCnYgLTQwMCAtNzg0IDANCnYgLTM4NCAtNzg0IDANCnYgLTM2OCAtODAwIDANCnYgLTM4NCAtODAwIDANCnYgLTM4NCAtNzg0IDANCnYgLTM2OCAtNzg0IDANCnYgLTM1MiAtODAwIDANCnYgLTM2OCAtODAwIDANCnYgLTM2OCAtNzg0IDANCnYgLTM1MiAtNzg0IDANCnYgLTMzNiAtODAwIDANCnYgLTM1MiAtODAwIDANCnYgLTM1MiAtNzg0IDANCnYgLTMzNiAtNzg0IDANCnYgLTMyMCAtODAwIDANCnYgLTMzNiAtODAwIDANCnYgLTMzNiAtNzg0IDANCnYgLTMyMCAtNzg0IDANCnYgLTMwNCAtODAwIDANCnYgLTMyMCAtODAwIDANCnYgLTMyMCAtNzg0IDANCnYgLTMwNCAtNzg0IDANCnYgLTI4OCAtODAwIDANCnYgLTMwNCAtODAwIDANCnYgLTMwNCAtNzg0IDANCnYgLTI4OCAtNzg0IDANCnYgLTI3MiAtODAwIDANCnYgLTI4OCAtODAwIDANCnYgLTI4OCAtNzg0IDANCnYgLTI3MiAtNzg0IDANCnYgLTI1NiAtODAwIDANCnYgLTI3MiAtODAwIDANCnYgLTI3MiAtNzg0IDANCnYgLTI1NiAtNzg0IDANCnYgLTI0MCAtODAwIDANCnYgLTI1NiAtODAwIDANCnYgLTI1NiAtNzg0IDANCnYgLTI0MCAtNzg0IDANCnYgLTIyNCAtODAwIDANCnYgLTI0MCAtODAwIDANCnYgLTI0MCAtNzg0IDANCnYgLTIyNCAtNzg0IDANCnYgLTIwOCAtODAwIDANCnYgLTIyNCAtODAwIDANCnYgLTIyNCAtNzg0IDANCnYgLTIwOCAtNzg0IDANCnYgLTE5MiAtODAwIDANCnYgLTIwOCAtODAwIDANCnYgLTIwOCAtNzg0IDANCnYgLTE5MiAtNzg0IDANCnYgLTE3NiAtODAwIDANCnYgLTE5MiAtODAwIDANCnYgLTE5MiAtNzg0IDANCnYgLTE3NiAtNzg0IDANCnYgLTE2MCAtODAwIDANCnYgLTE3NiAtODAwIDANCnYgLTE3NiAtNzg0IDANCnYgLTE2MCAtNzg0IDANCnYgLTE0NCAtODAwIDANCnYgLTE2MCAtODAwIDANCnYgLTE2MCAtNzg0IDANCnYgLTE0NCAtNzg0IDANCnYgLTEyOCAtODAwIDANCnYgLTE0NCAtODAwIDANCnYgLTE0NCAtNzg0IDANCnYgLTEyOCAtNzg0IDANCnYgLTExMiAtODAwIDANCnYgLTEyOCAtODAwIDANCnYgLTEyOCAtNzg0IDANCnYgLTExMiAtNzg0IDANCnYgLTk2IC04MDAgMA0KdiAtMTEyIC04MDAgMA0KdiAtMTEyIC03ODQgMA0KdiAtOTYgLTc4NCAwDQp2IC04MCAtODAwIDANCnYgLTk2IC04MDAgMA0KdiAtOTYgLTc4NCAwDQp2IC04MCAtNzg0IDANCnYgLTY0IC04MDAgMA0KdiAtODAgLTgwMCAwDQp2IC04MCAtNzg0IDANCnYgLTY0IC03ODQgMA0KdiAtNDggLTgwMCAwDQp2IC02NCAtODAwIDANCnYgLTY0IC03ODQgMA0KdiAtNDggLTc4NCAwDQp2IC0zMiAtODAwIDANCnYgLTQ4IC04MDAgMA0KdiAtNDggLTc4NCAwDQp2IC0zMiAtNzg0IDANCnYgLTE2IC04MDAgMA0KdiAtMzIgLTgwMCAwDQp2IC0zMiAtNzg0IDANCnYgLTE2IC03ODQgMA0KdiAwIC04MDAgMA0KdiAtMTYgLTgwMCAwDQp2IC0xNiAtNzg0IDANCnYgMCAtNzg0IDANCnYgLTExODQgLTgxNiAwDQp2IC0xMjAwIC04MTYgMA0KdiAtMTIwMCAtODAwIDANCnYgLTExODQgLTgwMCAwDQp2IC0xMTY4IC04MTYgMA0KdiAtMTE4NCAtODE2IDANCnYgLTExODQgLTgwMCAwDQp2IC0xMTY4IC04MDAgMA0KdiAtMTE1MiAtODE2IDANCnYgLTExNjggLTgxNiAwDQp2IC0xMTY4IC04MDAgMA0KdiAtMTE1MiAtODAwIDANCnYgLTExMzYgLTgxNiAwDQp2IC0xMTUyIC04MTYgMA0KdiAtMTE1MiAtODAwIDANCnYgLTExMzYgLTgwMCAwDQp2IC0xMTIwIC04MTYgMA0KdiAtMTEzNiAtODE2IDANCnYgLTExMzYgLTgwMCAwDQp2IC0xMTIwIC04MDAgMA0KdiAtMTEwNCAtODE2IDANCnYgLTExMjAgLTgxNiAwDQp2IC0xMTIwIC04MDAgMA0KdiAtMTEwNCAtODAwIDANCnYgLTEwODggLTgxNiAwDQp2IC0xMTA0IC04MTYgMA0KdiAtMTEwNCAtODAwIDANCnYgLTEwODggLTgwMCAwDQp2IC0xMDcyIC04MTYgMA0KdiAtMTA4OCAtODE2IDANCnYgLTEwODggLTgwMCAwDQp2IC0xMDcyIC04MDAgMA0KdiAtMTA1NiAtODE2IDANCnYgLTEwNzIgLTgxNiAwDQp2IC0xMDcyIC04MDAgMA0KdiAtMTA1NiAtODAwIDANCnYgLTEwNDAgLTgxNiAwDQp2IC0xMDU2IC04MTYgMA0KdiAtMTA1NiAtODAwIDANCnYgLTEwNDAgLTgwMCAwDQp2IC0xMDI0IC04MTYgMA0KdiAtMTA0MCAtODE2IDANCnYgLTEwNDAgLTgwMCAwDQp2IC0xMDI0IC04MDAgMA0KdiAtMTAwOCAtODE2IDANCnYgLTEwMjQgLTgxNiAwDQp2IC0xMDI0IC04MDAgMA0KdiAtMTAwOCAtODAwIDANCnYgLTk5MiAtODE2IDANCnYgLTEwMDggLTgxNiAwDQp2IC0xMDA4IC04MDAgMA0KdiAtOTkyIC04MDAgMA0KdiAtOTc2IC04MTYgMA0KdiAtOTkyIC04MTYgMA0KdiAtOTkyIC04MDAgMA0KdiAtOTc2IC04MDAgMA0KdiAtOTYwIC04MTYgMA0KdiAtOTc2IC04MTYgMA0KdiAtOTc2IC04MDAgMA0KdiAtOTYwIC04MDAgMA0KdiAtOTQ0IC04MTYgMA0KdiAtOTYwIC04MTYgMA0KdiAtOTYwIC04MDAgMA0KdiAtOTQ0IC04MDAgMA0KdiAtOTI4IC04MTYgMA0KdiAtOTQ0IC04MTYgMA0KdiAtOTQ0IC04MDAgMA0KdiAtOTI4IC04MDAgMA0KdiAtOTEyIC04MTYgMA0KdiAtOTI4IC04MTYgMA0KdiAtOTI4IC04MDAgMA0KdiAtOTEyIC04MDAgMA0KdiAtODk2IC04MTYgMA0KdiAtOTEyIC04MTYgMA0KdiAtOTEyIC04MDAgMA0KdiAtODk2IC04MDAgMA0KdiAtODgwIC04MTYgMA0KdiAtODk2IC04MTYgMA0KdiAtODk2IC04MDAgMA0KdiAtODgwIC04MDAgMA0KdiAtODY0IC04MTYgMA0KdiAtODgwIC04MTYgMA0KdiAtODgwIC04MDAgMA0KdiAtODY0IC04MDAgMA0KdiAtODQ4IC04MTYgMA0KdiAtODY0IC04MTYgMA0KdiAtODY0IC04MDAgMA0KdiAtODQ4IC04MDAgMA0KdiAtODMyIC04MTYgMA0KdiAtODQ4IC04MTYgMA0KdiAtODQ4IC04MDAgMA0KdiAtODMyIC04MDAgMA0KdiAtODE2IC04MTYgMA0KdiAtODMyIC04MTYgMA0KdiAtODMyIC04MDAgMA0KdiAtODE2IC04MDAgMA0KdiAtODAwIC04MTYgMA0KdiAtODE2IC04MTYgMA0KdiAtODE2IC04MDAgMA0KdiAtODAwIC04MDAgMA0KdiAtNzg0IC04MTYgMA0KdiAtODAwIC04MTYgMA0KdiAtODAwIC04MDAgMA0KdiAtNzg0IC04MDAgMA0KdiAtNzY4IC04MTYgMA0KdiAtNzg0IC04MTYgMA0KdiAtNzg0IC04MDAgMA0KdiAtNzY4IC04MDAgMA0KdiAtNzUyIC04MTYgMA0KdiAtNzY4IC04MTYgMA0KdiAtNzY4IC04MDAgMA0KdiAtNzUyIC04MDAgMA0KdiAtNzM2IC04MTYgMA0KdiAtNzUyIC04MTYgMA0KdiAtNzUyIC04MDAgMA0KdiAtNzM2IC04MDAgMA0KdiAtNzIwIC04MTYgMA0KdiAtNzM2IC04MTYgMA0KdiAtNzM2IC04MDAgMA0KdiAtNzIwIC04MDAgMA0KdiAtNzA0IC04MTYgMA0KdiAtNzIwIC04MTYgMA0KdiAtNzIwIC04MDAgMA0KdiAtNzA0IC04MDAgMA0KdiAtNjg4IC04MTYgMA0KdiAtNzA0IC04MTYgMA0KdiAtNzA0IC04MDAgMA0KdiAtNjg4IC04MDAgMA0KdiAtNjcyIC04MTYgMA0KdiAtNjg4IC04MTYgMA0KdiAtNjg4IC04MDAgMA0KdiAtNjcyIC04MDAgMA0KdiAtNjU2IC04MTYgMA0KdiAtNjcyIC04MTYgMA0KdiAtNjcyIC04MDAgMA0KdiAtNjU2IC04MDAgMA0KdiAtNjQwIC04MTYgMA0KdiAtNjU2IC04MTYgMA0KdiAtNjU2IC04MDAgMA0KdiAtNjQwIC04MDAgMA0KdiAtNjI0IC04MTYgMA0KdiAtNjQwIC04MTYgMA0KdiAtNjQwIC04MDAgMA0KdiAtNjI0IC04MDAgMA0KdiAtNjA4IC04MTYgMA0KdiAtNjI0IC04MTYgMA0KdiAtNjI0IC04MDAgMA0KdiAtNjA4IC04MDAgMA0KdiAtNTkyIC04MTYgMA0KdiAtNjA4IC04MTYgMA0KdiAtNjA4IC04MDAgMA0KdiAtNTkyIC04MDAgMA0KdiAtNTc2IC04MTYgMA0KdiAtNTkyIC04MTYgMA0KdiAtNTkyIC04MDAgMA0KdiAtNTc2IC04MDAgMA0KdiAtNTYwIC04MTYgMA0KdiAtNTc2IC04MTYgMA0KdiAtNTc2IC04MDAgMA0KdiAtNTYwIC04MDAgMA0KdiAtNTQ0IC04MTYgMA0KdiAtNTYwIC04MTYgMA0KdiAtNTYwIC04MDAgMA0KdiAtNTQ0IC04MDAgMA0KdiAtNTI4IC04MTYgMA0KdiAtNTQ0IC04MTYgMA0KdiAtNTQ0IC04MDAgMA0KdiAtNTI4IC04MDAgMA0KdiAtNTEyIC04MTYgMA0KdiAtNTI4IC04MTYgMA0KdiAtNTI4IC04MDAgMA0KdiAtNTEyIC04MDAgMA0KdiAtNDk2IC04MTYgMA0KdiAtNTEyIC04MTYgMA0KdiAtNTEyIC04MDAgMA0KdiAtNDk2IC04MDAgMA0KdiAtNDgwIC04MTYgMA0KdiAtNDk2IC04MTYgMA0KdiAtNDk2IC04MDAgMA0KdiAtNDgwIC04MDAgMA0KdiAtNDY0IC04MTYgMA0KdiAtNDgwIC04MTYgMA0KdiAtNDgwIC04MDAgMA0KdiAtNDY0IC04MDAgMA0KdiAtNDQ4IC04MTYgMA0KdiAtNDY0IC04MTYgMA0KdiAtNDY0IC04MDAgMA0KdiAtNDQ4IC04MDAgMA0KdiAtNDMyIC04MTYgMA0KdiAtNDQ4IC04MTYgMA0KdiAtNDQ4IC04MDAgMA0KdiAtNDMyIC04MDAgMA0KdiAtNDE2IC04MTYgMA0KdiAtNDMyIC04MTYgMA0KdiAtNDMyIC04MDAgMA0KdiAtNDE2IC04MDAgMA0KdiAtNDAwIC04MTYgMA0KdiAtNDE2IC04MTYgMA0KdiAtNDE2IC04MDAgMA0KdiAtNDAwIC04MDAgMA0KdiAtMzg0IC04MTYgMA0KdiAtNDAwIC04MTYgMA0KdiAtNDAwIC04MDAgMA0KdiAtMzg0IC04MDAgMA0KdiAtMzY4IC04MTYgMA0KdiAtMzg0IC04MTYgMA0KdiAtMzg0IC04MDAgMA0KdiAtMzY4IC04MDAgMA0KdiAtMzUyIC04MTYgMA0KdiAtMzY4IC04MTYgMA0KdiAtMzY4IC04MDAgMA0KdiAtMzUyIC04MDAgMA0KdiAtMzM2IC04MTYgMA0KdiAtMzUyIC04MTYgMA0KdiAtMzUyIC04MDAgMA0KdiAtMzM2IC04MDAgMA0KdiAtMzIwIC04MTYgMA0KdiAtMzM2IC04MTYgMA0KdiAtMzM2IC04MDAgMA0KdiAtMzIwIC04MDAgMA0KdiAtMzA0IC04MTYgMA0KdiAtMzIwIC04MTYgMA0KdiAtMzIwIC04MDAgMA0KdiAtMzA0IC04MDAgMA0KdiAtMjg4IC04MTYgMA0KdiAtMzA0IC04MTYgMA0KdiAtMzA0IC04MDAgMA0KdiAtMjg4IC04MDAgMA0KdiAtMjcyIC04MTYgMA0KdiAtMjg4IC04MTYgMA0KdiAtMjg4IC04MDAgMA0KdiAtMjcyIC04MDAgMA0KdiAtMjU2IC04MTYgMA0KdiAtMjcyIC04MTYgMA0KdiAtMjcyIC04MDAgMA0KdiAtMjU2IC04MDAgMA0KdiAtMjQwIC04MTYgMA0KdiAtMjU2IC04MTYgMA0KdiAtMjU2IC04MDAgMA0KdiAtMjQwIC04MDAgMA0KdiAtMjI0IC04MTYgMA0KdiAtMjQwIC04MTYgMA0KdiAtMjQwIC04MDAgMA0KdiAtMjI0IC04MDAgMA0KdiAtMjA4IC04MTYgMA0KdiAtMjI0IC04MTYgMA0KdiAtMjI0IC04MDAgMA0KdiAtMjA4IC04MDAgMA0KdiAtMTkyIC04MTYgMA0KdiAtMjA4IC04MTYgMA0KdiAtMjA4IC04MDAgMA0KdiAtMTkyIC04MDAgMA0KdiAtMTc2IC04MTYgMA0KdiAtMTkyIC04MTYgMA0KdiAtMTkyIC04MDAgMA0KdiAtMTc2IC04MDAgMA0KdiAtMTYwIC04MTYgMA0KdiAtMTc2IC04MTYgMA0KdiAtMTc2IC04MDAgMA0KdiAtMTYwIC04MDAgMA0KdiAtMTQ0IC04MTYgMA0KdiAtMTYwIC04MTYgMA0KdiAtMTYwIC04MDAgMA0KdiAtMTQ0IC04MDAgMA0KdiAtMTI4IC04MTYgMA0KdiAtMTQ0IC04MTYgMA0KdiAtMTQ0IC04MDAgMA0KdiAtMTI4IC04MDAgMA0KdiAtMTEyIC04MTYgMA0KdiAtMTI4IC04MTYgMA0KdiAtMTI4IC04MDAgMA0KdiAtMTEyIC04MDAgMA0KdiAtOTYgLTgxNiAwDQp2IC0xMTIgLTgxNiAwDQp2IC0xMTIgLTgwMCAwDQp2IC05NiAtODAwIDANCnYgLTgwIC04MTYgMA0KdiAtOTYgLTgxNiAwDQp2IC05NiAtODAwIDANCnYgLTgwIC04MDAgMA0KdiAtNjQgLTgxNiAwDQp2IC04MCAtODE2IDANCnYgLTgwIC04MDAgMA0KdiAtNjQgLTgwMCAwDQp2IC00OCAtODE2IDANCnYgLTY0IC04MTYgMA0KdiAtNjQgLTgwMCAwDQp2IC00OCAtODAwIDANCnYgLTMyIC04MTYgMA0KdiAtNDggLTgxNiAwDQp2IC00OCAtODAwIDANCnYgLTMyIC04MDAgMA0KdiAtMTYgLTgxNiAwDQp2IC0zMiAtODE2IDANCnYgLTMyIC04MDAgMA0KdiAtMTYgLTgwMCAwDQp2IDAgLTgxNiAwDQp2IC0xNiAtODE2IDANCnYgLTE2IC04MDAgMA0KdiAwIC04MDAgMA0KdiAtMTE4NCAtODMyIDANCnYgLTEyMDAgLTgzMiAwDQp2IC0xMjAwIC04MTYgMA0KdiAtMTE4NCAtODE2IDANCnYgLTExNjggLTgzMiAwDQp2IC0xMTg0IC04MzIgMA0KdiAtMTE4NCAtODE2IDANCnYgLTExNjggLTgxNiAwDQp2IC0xMTUyIC04MzIgMA0KdiAtMTE2OCAtODMyIDANCnYgLTExNjggLTgxNiAwDQp2IC0xMTUyIC04MTYgMA0KdiAtMTEzNiAtODMyIDANCnYgLTExNTIgLTgzMiAwDQp2IC0xMTUyIC04MTYgMA0KdiAtMTEzNiAtODE2IDANCnYgLTExMjAgLTgzMiAwDQp2IC0xMTM2IC04MzIgMA0KdiAtMTEzNiAtODE2IDANCnYgLTExMjAgLTgxNiAwDQp2IC0xMTA0IC04MzIgMA0KdiAtMTEyMCAtODMyIDANCnYgLTExMjAgLTgxNiAwDQp2IC0xMTA0IC04MTYgMA0KdiAtMTA4OCAtODMyIDANCnYgLTExMDQgLTgzMiAwDQp2IC0xMTA0IC04MTYgMA0KdiAtMTA4OCAtODE2IDANCnYgLTEwNzIgLTgzMiAwDQp2IC0xMDg4IC04MzIgMA0KdiAtMTA4OCAtODE2IDANCnYgLTEwNzIgLTgxNiAwDQp2IC0xMDU2IC04MzIgMA0KdiAtMTA3MiAtODMyIDANCnYgLTEwNzIgLTgxNiAwDQp2IC0xMDU2IC04MTYgMA0KdiAtMTA0MCAtODMyIDANCnYgLTEwNTYgLTgzMiAwDQp2IC0xMDU2IC04MTYgMA0KdiAtMTA0MCAtODE2IDANCnYgLTEwMjQgLTgzMiAwDQp2IC0xMDQwIC04MzIgMA0KdiAtMTA0MCAtODE2IDANCnYgLTEwMjQgLTgxNiAwDQp2IC0xMDA4IC04MzIgMA0KdiAtMTAyNCAtODMyIDANCnYgLTEwMjQgLTgxNiAwDQp2IC0xMDA4IC04MTYgMA0KdiAtOTkyIC04MzIgMA0KdiAtMTAwOCAtODMyIDANCnYgLTEwMDggLTgxNiAwDQp2IC05OTIgLTgxNiAwDQp2IC05NzYgLTgzMiAwDQp2IC05OTIgLTgzMiAwDQp2IC05OTIgLTgxNiAwDQp2IC05NzYgLTgxNiAwDQp2IC05NjAgLTgzMiAwDQp2IC05NzYgLTgzMiAwDQp2IC05NzYgLTgxNiAwDQp2IC05NjAgLTgxNiAwDQp2IC05NDQgLTgzMiAwDQp2IC05NjAgLTgzMiAwDQp2IC05NjAgLTgxNiAwDQp2IC05NDQgLTgxNiAwDQp2IC05MjggLTgzMiAwDQp2IC05NDQgLTgzMiAwDQp2IC05NDQgLTgxNiAwDQp2IC05MjggLTgxNiAwDQp2IC05MTIgLTgzMiAwDQp2IC05MjggLTgzMiAwDQp2IC05MjggLTgxNiAwDQp2IC05MTIgLTgxNiAwDQp2IC04OTYgLTgzMiAwDQp2IC05MTIgLTgzMiAwDQp2IC05MTIgLTgxNiAwDQp2IC04OTYgLTgxNiAwDQp2IC04ODAgLTgzMiAwDQp2IC04OTYgLTgzMiAwDQp2IC04OTYgLTgxNiAwDQp2IC04ODAgLTgxNiAwDQp2IC04NjQgLTgzMiAwDQp2IC04ODAgLTgzMiAwDQp2IC04ODAgLTgxNiAwDQp2IC04NjQgLTgxNiAwDQp2IC04NDggLTgzMiAwDQp2IC04NjQgLTgzMiAwDQp2IC04NjQgLTgxNiAwDQp2IC04NDggLTgxNiAwDQp2IC04MzIgLTgzMiAwDQp2IC04NDggLTgzMiAwDQp2IC04NDggLTgxNiAwDQp2IC04MzIgLTgxNiAwDQp2IC04MTYgLTgzMiAwDQp2IC04MzIgLTgzMiAwDQp2IC04MzIgLTgxNiAwDQp2IC04MTYgLTgxNiAwDQp2IC04MDAgLTgzMiAwDQp2IC04MTYgLTgzMiAwDQp2IC04MTYgLTgxNiAwDQp2IC04MDAgLTgxNiAwDQp2IC03ODQgLTgzMiAwDQp2IC04MDAgLTgzMiAwDQp2IC04MDAgLTgxNiAwDQp2IC03ODQgLTgxNiAwDQp2IC03NjggLTgzMiAwDQp2IC03ODQgLTgzMiAwDQp2IC03ODQgLTgxNiAwDQp2IC03NjggLTgxNiAwDQp2IC03NTIgLTgzMiAwDQp2IC03NjggLTgzMiAwDQp2IC03NjggLTgxNiAwDQp2IC03NTIgLTgxNiAwDQp2IC03MzYgLTgzMiAwDQp2IC03NTIgLTgzMiAwDQp2IC03NTIgLTgxNiAwDQp2IC03MzYgLTgxNiAwDQp2IC03MjAgLTgzMiAwDQp2IC03MzYgLTgzMiAwDQp2IC03MzYgLTgxNiAwDQp2IC03MjAgLTgxNiAwDQp2IC03MDQgLTgzMiAwDQp2IC03MjAgLTgzMiAwDQp2IC03MjAgLTgxNiAwDQp2IC03MDQgLTgxNiAwDQp2IC02ODggLTgzMiAwDQp2IC03MDQgLTgzMiAwDQp2IC03MDQgLTgxNiAwDQp2IC02ODggLTgxNiAwDQp2IC02NzIgLTgzMiAwDQp2IC02ODggLTgzMiAwDQp2IC02ODggLTgxNiAwDQp2IC02NzIgLTgxNiAwDQp2IC02NTYgLTgzMiAwDQp2IC02NzIgLTgzMiAwDQp2IC02NzIgLTgxNiAwDQp2IC02NTYgLTgxNiAwDQp2IC02NDAgLTgzMiAwDQp2IC02NTYgLTgzMiAwDQp2IC02NTYgLTgxNiAwDQp2IC02NDAgLTgxNiAwDQp2IC02MjQgLTgzMiAwDQp2IC02NDAgLTgzMiAwDQp2IC02NDAgLTgxNiAwDQp2IC02MjQgLTgxNiAwDQp2IC02MDggLTgzMiAwDQp2IC02MjQgLTgzMiAwDQp2IC02MjQgLTgxNiAwDQp2IC02MDggLTgxNiAwDQp2IC01OTIgLTgzMiAwDQp2IC02MDggLTgzMiAwDQp2IC02MDggLTgxNiAwDQp2IC01OTIgLTgxNiAwDQp2IC01NzYgLTgzMiAwDQp2IC01OTIgLTgzMiAwDQp2IC01OTIgLTgxNiAwDQp2IC01NzYgLTgxNiAwDQp2IC01NjAgLTgzMiAwDQp2IC01NzYgLTgzMiAwDQp2IC01NzYgLTgxNiAwDQp2IC01NjAgLTgxNiAwDQp2IC01NDQgLTgzMiAwDQp2IC01NjAgLTgzMiAwDQp2IC01NjAgLTgxNiAwDQp2IC01NDQgLTgxNiAwDQp2IC01MjggLTgzMiAwDQp2IC01NDQgLTgzMiAwDQp2IC01NDQgLTgxNiAwDQp2IC01MjggLTgxNiAwDQp2IC01MTIgLTgzMiAwDQp2IC01MjggLTgzMiAwDQp2IC01MjggLTgxNiAwDQp2IC01MTIgLTgxNiAwDQp2IC00OTYgLTgzMiAwDQp2IC01MTIgLTgzMiAwDQp2IC01MTIgLTgxNiAwDQp2IC00OTYgLTgxNiAwDQp2IC00ODAgLTgzMiAwDQp2IC00OTYgLTgzMiAwDQp2IC00OTYgLTgxNiAwDQp2IC00ODAgLTgxNiAwDQp2IC00NjQgLTgzMiAwDQp2IC00ODAgLTgzMiAwDQp2IC00ODAgLTgxNiAwDQp2IC00NjQgLTgxNiAwDQp2IC00NDggLTgzMiAwDQp2IC00NjQgLTgzMiAwDQp2IC00NjQgLTgxNiAwDQp2IC00NDggLTgxNiAwDQp2IC00MzIgLTgzMiAwDQp2IC00NDggLTgzMiAwDQp2IC00NDggLTgxNiAwDQp2IC00MzIgLTgxNiAwDQp2IC00MTYgLTgzMiAwDQp2IC00MzIgLTgzMiAwDQp2IC00MzIgLTgxNiAwDQp2IC00MTYgLTgxNiAwDQp2IC00MDAgLTgzMiAwDQp2IC00MTYgLTgzMiAwDQp2IC00MTYgLTgxNiAwDQp2IC00MDAgLTgxNiAwDQp2IC0zODQgLTgzMiAwDQp2IC00MDAgLTgzMiAwDQp2IC00MDAgLTgxNiAwDQp2IC0zODQgLTgxNiAwDQp2IC0zNjggLTgzMiAwDQp2IC0zODQgLTgzMiAwDQp2IC0zODQgLTgxNiAwDQp2IC0zNjggLTgxNiAwDQp2IC0zNTIgLTgzMiAwDQp2IC0zNjggLTgzMiAwDQp2IC0zNjggLTgxNiAwDQp2IC0zNTIgLTgxNiAwDQp2IC0zMzYgLTgzMiAwDQp2IC0zNTIgLTgzMiAwDQp2IC0zNTIgLTgxNiAwDQp2IC0zMzYgLTgxNiAwDQp2IC0zMjAgLTgzMiAwDQp2IC0zMzYgLTgzMiAwDQp2IC0zMzYgLTgxNiAwDQp2IC0zMjAgLTgxNiAwDQp2IC0zMDQgLTgzMiAwDQp2IC0zMjAgLTgzMiAwDQp2IC0zMjAgLTgxNiAwDQp2IC0zMDQgLTgxNiAwDQp2IC0yODggLTgzMiAwDQp2IC0zMDQgLTgzMiAwDQp2IC0zMDQgLTgxNiAwDQp2IC0yODggLTgxNiAwDQp2IC0yNzIgLTgzMiAwDQp2IC0yODggLTgzMiAwDQp2IC0yODggLTgxNiAwDQp2IC0yNzIgLTgxNiAwDQp2IC0yNTYgLTgzMiAwDQp2IC0yNzIgLTgzMiAwDQp2IC0yNzIgLTgxNiAwDQp2IC0yNTYgLTgxNiAwDQp2IC0yNDAgLTgzMiAwDQp2IC0yNTYgLTgzMiAwDQp2IC0yNTYgLTgxNiAwDQp2IC0yNDAgLTgxNiAwDQp2IC0yMjQgLTgzMiAwDQp2IC0yNDAgLTgzMiAwDQp2IC0yNDAgLTgxNiAwDQp2IC0yMjQgLTgxNiAwDQp2IC0yMDggLTgzMiAwDQp2IC0yMjQgLTgzMiAwDQp2IC0yMjQgLTgxNiAwDQp2IC0yMDggLTgxNiAwDQp2IC0xOTIgLTgzMiAwDQp2IC0yMDggLTgzMiAwDQp2IC0yMDggLTgxNiAwDQp2IC0xOTIgLTgxNiAwDQp2IC0xNzYgLTgzMiAwDQp2IC0xOTIgLTgzMiAwDQp2IC0xOTIgLTgxNiAwDQp2IC0xNzYgLTgxNiAwDQp2IC0xNjAgLTgzMiAwDQp2IC0xNzYgLTgzMiAwDQp2IC0xNzYgLTgxNiAwDQp2IC0xNjAgLTgxNiAwDQp2IC0xNDQgLTgzMiAwDQp2IC0xNjAgLTgzMiAwDQp2IC0xNjAgLTgxNiAwDQp2IC0xNDQgLTgxNiAwDQp2IC0xMjggLTgzMiAwDQp2IC0xNDQgLTgzMiAwDQp2IC0xNDQgLTgxNiAwDQp2IC0xMjggLTgxNiAwDQp2IC0xMTIgLTgzMiAwDQp2IC0xMjggLTgzMiAwDQp2IC0xMjggLTgxNiAwDQp2IC0xMTIgLTgxNiAwDQp2IC05NiAtODMyIDANCnYgLTExMiAtODMyIDANCnYgLTExMiAtODE2IDANCnYgLTk2IC04MTYgMA0KdiAtODAgLTgzMiAwDQp2IC05NiAtODMyIDANCnYgLTk2IC04MTYgMA0KdiAtODAgLTgxNiAwDQp2IC02NCAtODMyIDANCnYgLTgwIC04MzIgMA0KdiAtODAgLTgxNiAwDQp2IC02NCAtODE2IDANCnYgLTQ4IC04MzIgMA0KdiAtNjQgLTgzMiAwDQp2IC02NCAtODE2IDANCnYgLTQ4IC04MTYgMA0KdiAtMzIgLTgzMiAwDQp2IC00OCAtODMyIDANCnYgLTQ4IC04MTYgMA0KdiAtMzIgLTgxNiAwDQp2IC0xNiAtODMyIDANCnYgLTMyIC04MzIgMA0KdiAtMzIgLTgxNiAwDQp2IC0xNiAtODE2IDANCnYgMCAtODMyIDANCnYgLTE2IC04MzIgMA0KdiAtMTYgLTgxNiAwDQp2IDAgLTgxNiAwDQp2IC0xMTg0IC04NDggMA0KdiAtMTIwMCAtODQ4IDANCnYgLTEyMDAgLTgzMiAwDQp2IC0xMTg0IC04MzIgMA0KdiAtMTE2OCAtODQ4IDANCnYgLTExODQgLTg0OCAwDQp2IC0xMTg0IC04MzIgMA0KdiAtMTE2OCAtODMyIDANCnYgLTExNTIgLTg0OCAwDQp2IC0xMTY4IC04NDggMA0KdiAtMTE2OCAtODMyIDANCnYgLTExNTIgLTgzMiAwDQp2IC0xMTM2IC04NDggMA0KdiAtMTE1MiAtODQ4IDANCnYgLTExNTIgLTgzMiAwDQp2IC0xMTM2IC04MzIgMA0KdiAtMTEyMCAtODQ4IDANCnYgLTExMzYgLTg0OCAwDQp2IC0xMTM2IC04MzIgMA0KdiAtMTEyMCAtODMyIDANCnYgLTExMDQgLTg0OCAwDQp2IC0xMTIwIC04NDggMA0KdiAtMTEyMCAtODMyIDANCnYgLTExMDQgLTgzMiAwDQp2IC0xMDg4IC04NDggMA0KdiAtMTEwNCAtODQ4IDANCnYgLTExMDQgLTgzMiAwDQp2IC0xMDg4IC04MzIgMA0KdiAtMTA3MiAtODQ4IDANCnYgLTEwODggLTg0OCAwDQp2IC0xMDg4IC04MzIgMA0KdiAtMTA3MiAtODMyIDANCnYgLTEwNTYgLTg0OCAwDQp2IC0xMDcyIC04NDggMA0KdiAtMTA3MiAtODMyIDANCnYgLTEwNTYgLTgzMiAwDQp2IC0xMDQwIC04NDggMA0KdiAtMTA1NiAtODQ4IDANCnYgLTEwNTYgLTgzMiAwDQp2IC0xMDQwIC04MzIgMA0KdiAtMTAyNCAtODQ4IDANCnYgLTEwNDAgLTg0OCAwDQp2IC0xMDQwIC04MzIgMA0KdiAtMTAyNCAtODMyIDANCnYgLTEwMDggLTg0OCAwDQp2IC0xMDI0IC04NDggMA0KdiAtMTAyNCAtODMyIDANCnYgLTEwMDggLTgzMiAwDQp2IC05OTIgLTg0OCAwDQp2IC0xMDA4IC04NDggMA0KdiAtMTAwOCAtODMyIDANCnYgLTk5MiAtODMyIDANCnYgLTk3NiAtODQ4IDANCnYgLTk5MiAtODQ4IDANCnYgLTk5MiAtODMyIDANCnYgLTk3NiAtODMyIDANCnYgLTk2MCAtODQ4IDANCnYgLTk3NiAtODQ4IDANCnYgLTk3NiAtODMyIDANCnYgLTk2MCAtODMyIDANCnYgLTk0NCAtODQ4IDANCnYgLTk2MCAtODQ4IDANCnYgLTk2MCAtODMyIDANCnYgLTk0NCAtODMyIDANCnYgLTkyOCAtODQ4IDANCnYgLTk0NCAtODQ4IDANCnYgLTk0NCAtODMyIDANCnYgLTkyOCAtODMyIDANCnYgLTkxMiAtODQ4IDANCnYgLTkyOCAtODQ4IDANCnYgLTkyOCAtODMyIDANCnYgLTkxMiAtODMyIDANCnYgLTg5NiAtODQ4IDANCnYgLTkxMiAtODQ4IDANCnYgLTkxMiAtODMyIDANCnYgLTg5NiAtODMyIDANCnYgLTg4MCAtODQ4IDANCnYgLTg5NiAtODQ4IDANCnYgLTg5NiAtODMyIDANCnYgLTg4MCAtODMyIDANCnYgLTg2NCAtODQ4IDANCnYgLTg4MCAtODQ4IDANCnYgLTg4MCAtODMyIDANCnYgLTg2NCAtODMyIDANCnYgLTg0OCAtODQ4IDANCnYgLTg2NCAtODQ4IDANCnYgLTg2NCAtODMyIDANCnYgLTg0OCAtODMyIDANCnYgLTgzMiAtODQ4IDANCnYgLTg0OCAtODQ4IDANCnYgLTg0OCAtODMyIDANCnYgLTgzMiAtODMyIDANCnYgLTgxNiAtODQ4IDANCnYgLTgzMiAtODQ4IDANCnYgLTgzMiAtODMyIDANCnYgLTgxNiAtODMyIDANCnYgLTgwMCAtODQ4IDANCnYgLTgxNiAtODQ4IDANCnYgLTgxNiAtODMyIDANCnYgLTgwMCAtODMyIDANCnYgLTc4NCAtODQ4IDANCnYgLTgwMCAtODQ4IDANCnYgLTgwMCAtODMyIDANCnYgLTc4NCAtODMyIDANCnYgLTc2OCAtODQ4IDANCnYgLTc4NCAtODQ4IDANCnYgLTc4NCAtODMyIDANCnYgLTc2OCAtODMyIDANCnYgLTc1MiAtODQ4IDANCnYgLTc2OCAtODQ4IDANCnYgLTc2OCAtODMyIDANCnYgLTc1MiAtODMyIDANCnYgLTczNiAtODQ4IDANCnYgLTc1MiAtODQ4IDANCnYgLTc1MiAtODMyIDANCnYgLTczNiAtODMyIDANCnYgLTcyMCAtODQ4IDANCnYgLTczNiAtODQ4IDANCnYgLTczNiAtODMyIDANCnYgLTcyMCAtODMyIDANCnYgLTcwNCAtODQ4IDANCnYgLTcyMCAtODQ4IDANCnYgLTcyMCAtODMyIDANCnYgLTcwNCAtODMyIDANCnYgLTY4OCAtODQ4IDANCnYgLTcwNCAtODQ4IDANCnYgLTcwNCAtODMyIDANCnYgLTY4OCAtODMyIDANCnYgLTY3MiAtODQ4IDANCnYgLTY4OCAtODQ4IDANCnYgLTY4OCAtODMyIDANCnYgLTY3MiAtODMyIDANCnYgLTY1NiAtODQ4IDANCnYgLTY3MiAtODQ4IDANCnYgLTY3MiAtODMyIDANCnYgLTY1NiAtODMyIDANCnYgLTY0MCAtODQ4IDANCnYgLTY1NiAtODQ4IDANCnYgLTY1NiAtODMyIDANCnYgLTY0MCAtODMyIDANCnYgLTYyNCAtODQ4IDANCnYgLTY0MCAtODQ4IDANCnYgLTY0MCAtODMyIDANCnYgLTYyNCAtODMyIDANCnYgLTYwOCAtODQ4IDANCnYgLTYyNCAtODQ4IDANCnYgLTYyNCAtODMyIDANCnYgLTYwOCAtODMyIDANCnYgLTU5MiAtODQ4IDANCnYgLTYwOCAtODQ4IDANCnYgLTYwOCAtODMyIDANCnYgLTU5MiAtODMyIDANCnYgLTU3NiAtODQ4IDANCnYgLTU5MiAtODQ4IDANCnYgLTU5MiAtODMyIDANCnYgLTU3NiAtODMyIDANCnYgLTU2MCAtODQ4IDANCnYgLTU3NiAtODQ4IDANCnYgLTU3NiAtODMyIDANCnYgLTU2MCAtODMyIDANCnYgLTU0NCAtODQ4IDANCnYgLTU2MCAtODQ4IDANCnYgLTU2MCAtODMyIDANCnYgLTU0NCAtODMyIDANCnYgLTUyOCAtODQ4IDANCnYgLTU0NCAtODQ4IDANCnYgLTU0NCAtODMyIDANCnYgLTUyOCAtODMyIDANCnYgLTUxMiAtODQ4IDANCnYgLTUyOCAtODQ4IDANCnYgLTUyOCAtODMyIDANCnYgLTUxMiAtODMyIDANCnYgLTQ5NiAtODQ4IDANCnYgLTUxMiAtODQ4IDANCnYgLTUxMiAtODMyIDANCnYgLTQ5NiAtODMyIDANCnYgLTQ4MCAtODQ4IDANCnYgLTQ5NiAtODQ4IDANCnYgLTQ5NiAtODMyIDANCnYgLTQ4MCAtODMyIDANCnYgLTQ2NCAtODQ4IDANCnYgLTQ4MCAtODQ4IDANCnYgLTQ4MCAtODMyIDANCnYgLTQ2NCAtODMyIDANCnYgLTQ0OCAtODQ4IDANCnYgLTQ2NCAtODQ4IDANCnYgLTQ2NCAtODMyIDANCnYgLTQ0OCAtODMyIDANCnYgLTQzMiAtODQ4IDANCnYgLTQ0OCAtODQ4IDANCnYgLTQ0OCAtODMyIDANCnYgLTQzMiAtODMyIDANCnYgLTQxNiAtODQ4IDANCnYgLTQzMiAtODQ4IDANCnYgLTQzMiAtODMyIDANCnYgLTQxNiAtODMyIDANCnYgLTQwMCAtODQ4IDANCnYgLTQxNiAtODQ4IDANCnYgLTQxNiAtODMyIDANCnYgLTQwMCAtODMyIDANCnYgLTM4NCAtODQ4IDANCnYgLTQwMCAtODQ4IDANCnYgLTQwMCAtODMyIDANCnYgLTM4NCAtODMyIDANCnYgLTM2OCAtODQ4IDANCnYgLTM4NCAtODQ4IDANCnYgLTM4NCAtODMyIDANCnYgLTM2OCAtODMyIDANCnYgLTM1MiAtODQ4IDANCnYgLTM2OCAtODQ4IDANCnYgLTM2OCAtODMyIDANCnYgLTM1MiAtODMyIDANCnYgLTMzNiAtODQ4IDANCnYgLTM1MiAtODQ4IDANCnYgLTM1MiAtODMyIDANCnYgLTMzNiAtODMyIDANCnYgLTMyMCAtODQ4IDANCnYgLTMzNiAtODQ4IDANCnYgLTMzNiAtODMyIDANCnYgLTMyMCAtODMyIDANCnYgLTMwNCAtODQ4IDANCnYgLTMyMCAtODQ4IDANCnYgLTMyMCAtODMyIDANCnYgLTMwNCAtODMyIDANCnYgLTI4OCAtODQ4IDANCnYgLTMwNCAtODQ4IDANCnYgLTMwNCAtODMyIDANCnYgLTI4OCAtODMyIDANCnYgLTI3MiAtODQ4IDANCnYgLTI4OCAtODQ4IDANCnYgLTI4OCAtODMyIDANCnYgLTI3MiAtODMyIDANCnYgLTI1NiAtODQ4IDANCnYgLTI3MiAtODQ4IDANCnYgLTI3MiAtODMyIDANCnYgLTI1NiAtODMyIDANCnYgLTI0MCAtODQ4IDANCnYgLTI1NiAtODQ4IDANCnYgLTI1NiAtODMyIDANCnYgLTI0MCAtODMyIDANCnYgLTIyNCAtODQ4IDANCnYgLTI0MCAtODQ4IDANCnYgLTI0MCAtODMyIDANCnYgLTIyNCAtODMyIDANCnYgLTIwOCAtODQ4IDANCnYgLTIyNCAtODQ4IDANCnYgLTIyNCAtODMyIDANCnYgLTIwOCAtODMyIDANCnYgLTE5MiAtODQ4IDANCnYgLTIwOCAtODQ4IDANCnYgLTIwOCAtODMyIDANCnYgLTE5MiAtODMyIDANCnYgLTE3NiAtODQ4IDANCnYgLTE5MiAtODQ4IDANCnYgLTE5MiAtODMyIDANCnYgLTE3NiAtODMyIDANCnYgLTE2MCAtODQ4IDANCnYgLTE3NiAtODQ4IDANCnYgLTE3NiAtODMyIDANCnYgLTE2MCAtODMyIDANCnYgLTE0NCAtODQ4IDANCnYgLTE2MCAtODQ4IDANCnYgLTE2MCAtODMyIDANCnYgLTE0NCAtODMyIDANCnYgLTEyOCAtODQ4IDANCnYgLTE0NCAtODQ4IDANCnYgLTE0NCAtODMyIDANCnYgLTEyOCAtODMyIDANCnYgLTExMiAtODQ4IDANCnYgLTEyOCAtODQ4IDANCnYgLTEyOCAtODMyIDANCnYgLTExMiAtODMyIDANCnYgLTk2IC04NDggMA0KdiAtMTEyIC04NDggMA0KdiAtMTEyIC04MzIgMA0KdiAtOTYgLTgzMiAwDQp2IC04MCAtODQ4IDANCnYgLTk2IC04NDggMA0KdiAtOTYgLTgzMiAwDQp2IC04MCAtODMyIDANCnYgLTY0IC04NDggMA0KdiAtODAgLTg0OCAwDQp2IC04MCAtODMyIDANCnYgLTY0IC04MzIgMA0KdiAtNDggLTg0OCAwDQp2IC02NCAtODQ4IDANCnYgLTY0IC04MzIgMA0KdiAtNDggLTgzMiAwDQp2IC0zMiAtODQ4IDANCnYgLTQ4IC04NDggMA0KdiAtNDggLTgzMiAwDQp2IC0zMiAtODMyIDANCnYgLTE2IC04NDggMA0KdiAtMzIgLTg0OCAwDQp2IC0zMiAtODMyIDANCnYgLTE2IC04MzIgMA0KdiAwIC04NDggMA0KdiAtMTYgLTg0OCAwDQp2IC0xNiAtODMyIDANCnYgMCAtODMyIDANCnYgLTExODQgLTg2NCAwDQp2IC0xMjAwIC04NjQgMA0KdiAtMTIwMCAtODQ4IDANCnYgLTExODQgLTg0OCAwDQp2IC0xMTY4IC04NjQgMA0KdiAtMTE4NCAtODY0IDANCnYgLTExODQgLTg0OCAwDQp2IC0xMTY4IC04NDggMA0KdiAtMTE1MiAtODY0IDANCnYgLTExNjggLTg2NCAwDQp2IC0xMTY4IC04NDggMA0KdiAtMTE1MiAtODQ4IDANCnYgLTExMzYgLTg2NCAwDQp2IC0xMTUyIC04NjQgMA0KdiAtMTE1MiAtODQ4IDANCnYgLTExMzYgLTg0OCAwDQp2IC0xMTIwIC04NjQgMA0KdiAtMTEzNiAtODY0IDANCnYgLTExMzYgLTg0OCAwDQp2IC0xMTIwIC04NDggMA0KdiAtMTEwNCAtODY0IDANCnYgLTExMjAgLTg2NCAwDQp2IC0xMTIwIC04NDggMA0KdiAtMTEwNCAtODQ4IDANCnYgLTEwODggLTg2NCAwDQp2IC0xMTA0IC04NjQgMA0KdiAtMTEwNCAtODQ4IDANCnYgLTEwODggLTg0OCAwDQp2IC0xMDcyIC04NjQgMA0KdiAtMTA4OCAtODY0IDANCnYgLTEwODggLTg0OCAwDQp2IC0xMDcyIC04NDggMA0KdiAtMTA1NiAtODY0IDANCnYgLTEwNzIgLTg2NCAwDQp2IC0xMDcyIC04NDggMA0KdiAtMTA1NiAtODQ4IDANCnYgLTEwNDAgLTg2NCAwDQp2IC0xMDU2IC04NjQgMA0KdiAtMTA1NiAtODQ4IDANCnYgLTEwNDAgLTg0OCAwDQp2IC0xMDI0IC04NjQgMA0KdiAtMTA0MCAtODY0IDANCnYgLTEwNDAgLTg0OCAwDQp2IC0xMDI0IC04NDggMA0KdiAtMTAwOCAtODY0IDANCnYgLTEwMjQgLTg2NCAwDQp2IC0xMDI0IC04NDggMA0KdiAtMTAwOCAtODQ4IDANCnYgLTk5MiAtODY0IDANCnYgLTEwMDggLTg2NCAwDQp2IC0xMDA4IC04NDggMA0KdiAtOTkyIC04NDggMA0KdiAtOTc2IC04NjQgMA0KdiAtOTkyIC04NjQgMA0KdiAtOTkyIC04NDggMA0KdiAtOTc2IC04NDggMA0KdiAtOTYwIC04NjQgMA0KdiAtOTc2IC04NjQgMA0KdiAtOTc2IC04NDggMA0KdiAtOTYwIC04NDggMA0KdiAtOTQ0IC04NjQgMA0KdiAtOTYwIC04NjQgMA0KdiAtOTYwIC04NDggMA0KdiAtOTQ0IC04NDggMA0KdiAtOTI4IC04NjQgMA0KdiAtOTQ0IC04NjQgMA0KdiAtOTQ0IC04NDggMA0KdiAtOTI4IC04NDggMA0KdiAtOTEyIC04NjQgMA0KdiAtOTI4IC04NjQgMA0KdiAtOTI4IC04NDggMA0KdiAtOTEyIC04NDggMA0KdiAtODk2IC04NjQgMA0KdiAtOTEyIC04NjQgMA0KdiAtOTEyIC04NDggMA0KdiAtODk2IC04NDggMA0KdiAtODgwIC04NjQgMA0KdiAtODk2IC04NjQgMA0KdiAtODk2IC04NDggMA0KdiAtODgwIC04NDggMA0KdiAtODY0IC04NjQgMA0KdiAtODgwIC04NjQgMA0KdiAtODgwIC04NDggMA0KdiAtODY0IC04NDggMA0KdiAtODQ4IC04NjQgMA0KdiAtODY0IC04NjQgMA0KdiAtODY0IC04NDggMA0KdiAtODQ4IC04NDggMA0KdiAtODMyIC04NjQgMA0KdiAtODQ4IC04NjQgMA0KdiAtODQ4IC04NDggMA0KdiAtODMyIC04NDggMA0KdiAtODE2IC04NjQgMA0KdiAtODMyIC04NjQgMA0KdiAtODMyIC04NDggMA0KdiAtODE2IC04NDggMA0KdiAtODAwIC04NjQgMA0KdiAtODE2IC04NjQgMA0KdiAtODE2IC04NDggMA0KdiAtODAwIC04NDggMA0KdiAtNzg0IC04NjQgMA0KdiAtODAwIC04NjQgMA0KdiAtODAwIC04NDggMA0KdiAtNzg0IC04NDggMA0KdiAtNzY4IC04NjQgMA0KdiAtNzg0IC04NjQgMA0KdiAtNzg0IC04NDggMA0KdiAtNzY4IC04NDggMA0KdiAtNzUyIC04NjQgMA0KdiAtNzY4IC04NjQgMA0KdiAtNzY4IC04NDggMA0KdiAtNzUyIC04NDggMA0KdiAtNzM2IC04NjQgMA0KdiAtNzUyIC04NjQgMA0KdiAtNzUyIC04NDggMA0KdiAtNzM2IC04NDggMA0KdiAtNzIwIC04NjQgMA0KdiAtNzM2IC04NjQgMA0KdiAtNzM2IC04NDggMA0KdiAtNzIwIC04NDggMA0KdiAtNzA0IC04NjQgMA0KdiAtNzIwIC04NjQgMA0KdiAtNzIwIC04NDggMA0KdiAtNzA0IC04NDggMA0KdiAtNjg4IC04NjQgMA0KdiAtNzA0IC04NjQgMA0KdiAtNzA0IC04NDggMA0KdiAtNjg4IC04NDggMA0KdiAtNjcyIC04NjQgMA0KdiAtNjg4IC04NjQgMA0KdiAtNjg4IC04NDggMA0KdiAtNjcyIC04NDggMA0KdiAtNjU2IC04NjQgMA0KdiAtNjcyIC04NjQgMA0KdiAtNjcyIC04NDggMA0KdiAtNjU2IC04NDggMA0KdiAtNjQwIC04NjQgMA0KdiAtNjU2IC04NjQgMA0KdiAtNjU2IC04NDggMA0KdiAtNjQwIC04NDggMA0KdiAtNjI0IC04NjQgMA0KdiAtNjQwIC04NjQgMA0KdiAtNjQwIC04NDggMA0KdiAtNjI0IC04NDggMA0KdiAtNjA4IC04NjQgMA0KdiAtNjI0IC04NjQgMA0KdiAtNjI0IC04NDggMA0KdiAtNjA4IC04NDggMA0KdiAtNTkyIC04NjQgMA0KdiAtNjA4IC04NjQgMA0KdiAtNjA4IC04NDggMA0KdiAtNTkyIC04NDggMA0KdiAtNTc2IC04NjQgMA0KdiAtNTkyIC04NjQgMA0KdiAtNTkyIC04NDggMA0KdiAtNTc2IC04NDggMA0KdiAtNTYwIC04NjQgMA0KdiAtNTc2IC04NjQgMA0KdiAtNTc2IC04NDggMA0KdiAtNTYwIC04NDggMA0KdiAtNTQ0IC04NjQgMA0KdiAtNTYwIC04NjQgMA0KdiAtNTYwIC04NDggMA0KdiAtNTQ0IC04NDggMA0KdiAtNTI4IC04NjQgMA0KdiAtNTQ0IC04NjQgMA0KdiAtNTQ0IC04NDggMA0KdiAtNTI4IC04NDggMA0KdiAtNTEyIC04NjQgMA0KdiAtNTI4IC04NjQgMA0KdiAtNTI4IC04NDggMA0KdiAtNTEyIC04NDggMA0KdiAtNDk2IC04NjQgMA0KdiAtNTEyIC04NjQgMA0KdiAtNTEyIC04NDggMA0KdiAtNDk2IC04NDggMA0KdiAtNDgwIC04NjQgMA0KdiAtNDk2IC04NjQgMA0KdiAtNDk2IC04NDggMA0KdiAtNDgwIC04NDggMA0KdiAtNDY0IC04NjQgMA0KdiAtNDgwIC04NjQgMA0KdiAtNDgwIC04NDggMA0KdiAtNDY0IC04NDggMA0KdiAtNDQ4IC04NjQgMA0KdiAtNDY0IC04NjQgMA0KdiAtNDY0IC04NDggMA0KdiAtNDQ4IC04NDggMA0KdiAtNDMyIC04NjQgMA0KdiAtNDQ4IC04NjQgMA0KdiAtNDQ4IC04NDggMA0KdiAtNDMyIC04NDggMA0KdiAtNDE2IC04NjQgMA0KdiAtNDMyIC04NjQgMA0KdiAtNDMyIC04NDggMA0KdiAtNDE2IC04NDggMA0KdiAtNDAwIC04NjQgMA0KdiAtNDE2IC04NjQgMA0KdiAtNDE2IC04NDggMA0KdiAtNDAwIC04NDggMA0KdiAtMzg0IC04NjQgMA0KdiAtNDAwIC04NjQgMA0KdiAtNDAwIC04NDggMA0KdiAtMzg0IC04NDggMA0KdiAtMzY4IC04NjQgMA0KdiAtMzg0IC04NjQgMA0KdiAtMzg0IC04NDggMA0KdiAtMzY4IC04NDggMA0KdiAtMzUyIC04NjQgMA0KdiAtMzY4IC04NjQgMA0KdiAtMzY4IC04NDggMA0KdiAtMzUyIC04NDggMA0KdiAtMzM2IC04NjQgMA0KdiAtMzUyIC04NjQgMA0KdiAtMzUyIC04NDggMA0KdiAtMzM2IC04NDggMA0KdiAtMzIwIC04NjQgMA0KdiAtMzM2IC04NjQgMA0KdiAtMzM2IC04NDggMA0KdiAtMzIwIC04NDggMA0KdiAtMzA0IC04NjQgMA0KdiAtMzIwIC04NjQgMA0KdiAtMzIwIC04NDggMA0KdiAtMzA0IC04NDggMA0KdiAtMjg4IC04NjQgMA0KdiAtMzA0IC04NjQgMA0KdiAtMzA0IC04NDggMA0KdiAtMjg4IC04NDggMA0KdiAtMjcyIC04NjQgMA0KdiAtMjg4IC04NjQgMA0KdiAtMjg4IC04NDggMA0KdiAtMjcyIC04NDggMA0KdiAtMjU2IC04NjQgMA0KdiAtMjcyIC04NjQgMA0KdiAtMjcyIC04NDggMA0KdiAtMjU2IC04NDggMA0KdiAtMjQwIC04NjQgMA0KdiAtMjU2IC04NjQgMA0KdiAtMjU2IC04NDggMA0KdiAtMjQwIC04NDggMA0KdiAtMjI0IC04NjQgMA0KdiAtMjQwIC04NjQgMA0KdiAtMjQwIC04NDggMA0KdiAtMjI0IC04NDggMA0KdiAtMjA4IC04NjQgMA0KdiAtMjI0IC04NjQgMA0KdiAtMjI0IC04NDggMA0KdiAtMjA4IC04NDggMA0KdiAtMTkyIC04NjQgMA0KdiAtMjA4IC04NjQgMA0KdiAtMjA4IC04NDggMA0KdiAtMTkyIC04NDggMA0KdiAtMTc2IC04NjQgMA0KdiAtMTkyIC04NjQgMA0KdiAtMTkyIC04NDggMA0KdiAtMTc2IC04NDggMA0KdiAtMTYwIC04NjQgMA0KdiAtMTc2IC04NjQgMA0KdiAtMTc2IC04NDggMA0KdiAtMTYwIC04NDggMA0KdiAtMTQ0IC04NjQgMA0KdiAtMTYwIC04NjQgMA0KdiAtMTYwIC04NDggMA0KdiAtMTQ0IC04NDggMA0KdiAtMTI4IC04NjQgMA0KdiAtMTQ0IC04NjQgMA0KdiAtMTQ0IC04NDggMA0KdiAtMTI4IC04NDggMA0KdiAtMTEyIC04NjQgMA0KdiAtMTI4IC04NjQgMA0KdiAtMTI4IC04NDggMA0KdiAtMTEyIC04NDggMA0KdiAtOTYgLTg2NCAwDQp2IC0xMTIgLTg2NCAwDQp2IC0xMTIgLTg0OCAwDQp2IC05NiAtODQ4IDANCnYgLTgwIC04NjQgMA0KdiAtOTYgLTg2NCAwDQp2IC05NiAtODQ4IDANCnYgLTgwIC04NDggMA0KdiAtNjQgLTg2NCAwDQp2IC04MCAtODY0IDANCnYgLTgwIC04NDggMA0KdiAtNjQgLTg0OCAwDQp2IC00OCAtODY0IDANCnYgLTY0IC04NjQgMA0KdiAtNjQgLTg0OCAwDQp2IC00OCAtODQ4IDANCnYgLTMyIC04NjQgMA0KdiAtNDggLTg2NCAwDQp2IC00OCAtODQ4IDANCnYgLTMyIC04NDggMA0KdiAtMTYgLTg2NCAwDQp2IC0zMiAtODY0IDANCnYgLTMyIC04NDggMA0KdiAtMTYgLTg0OCAwDQp2IDAgLTg2NCAwDQp2IC0xNiAtODY0IDANCnYgLTE2IC04NDggMA0KdiAwIC04NDggMA0KdiAtMTE4NCAtODgwIDANCnYgLTEyMDAgLTg4MCAwDQp2IC0xMjAwIC04NjQgMA0KdiAtMTE4NCAtODY0IDANCnYgLTExNjggLTg4MCAwDQp2IC0xMTg0IC04ODAgMA0KdiAtMTE4NCAtODY0IDANCnYgLTExNjggLTg2NCAwDQp2IC0xMTUyIC04ODAgMA0KdiAtMTE2OCAtODgwIDANCnYgLTExNjggLTg2NCAwDQp2IC0xMTUyIC04NjQgMA0KdiAtMTEzNiAtODgwIDANCnYgLTExNTIgLTg4MCAwDQp2IC0xMTUyIC04NjQgMA0KdiAtMTEzNiAtODY0IDANCnYgLTExMjAgLTg4MCAwDQp2IC0xMTM2IC04ODAgMA0KdiAtMTEzNiAtODY0IDANCnYgLTExMjAgLTg2NCAwDQp2IC0xMTA0IC04ODAgMA0KdiAtMTEyMCAtODgwIDANCnYgLTExMjAgLTg2NCAwDQp2IC0xMTA0IC04NjQgMA0KdiAtMTA4OCAtODgwIDANCnYgLTExMDQgLTg4MCAwDQp2IC0xMTA0IC04NjQgMA0KdiAtMTA4OCAtODY0IDANCnYgLTEwNzIgLTg4MCAwDQp2IC0xMDg4IC04ODAgMA0KdiAtMTA4OCAtODY0IDANCnYgLTEwNzIgLTg2NCAwDQp2IC0xMDU2IC04ODAgMA0KdiAtMTA3MiAtODgwIDANCnYgLTEwNzIgLTg2NCAwDQp2IC0xMDU2IC04NjQgMA0KdiAtMTA0MCAtODgwIDANCnYgLTEwNTYgLTg4MCAwDQp2IC0xMDU2IC04NjQgMA0KdiAtMTA0MCAtODY0IDANCnYgLTEwMjQgLTg4MCAwDQp2IC0xMDQwIC04ODAgMA0KdiAtMTA0MCAtODY0IDANCnYgLTEwMjQgLTg2NCAwDQp2IC0xMDA4IC04ODAgMA0KdiAtMTAyNCAtODgwIDANCnYgLTEwMjQgLTg2NCAwDQp2IC0xMDA4IC04NjQgMA0KdiAtOTkyIC04ODAgMA0KdiAtMTAwOCAtODgwIDANCnYgLTEwMDggLTg2NCAwDQp2IC05OTIgLTg2NCAwDQp2IC05NzYgLTg4MCAwDQp2IC05OTIgLTg4MCAwDQp2IC05OTIgLTg2NCAwDQp2IC05NzYgLTg2NCAwDQp2IC05NjAgLTg4MCAwDQp2IC05NzYgLTg4MCAwDQp2IC05NzYgLTg2NCAwDQp2IC05NjAgLTg2NCAwDQp2IC05NDQgLTg4MCAwDQp2IC05NjAgLTg4MCAwDQp2IC05NjAgLTg2NCAwDQp2IC05NDQgLTg2NCAwDQp2IC05MjggLTg4MCAwDQp2IC05NDQgLTg4MCAwDQp2IC05NDQgLTg2NCAwDQp2IC05MjggLTg2NCAwDQp2IC05MTIgLTg4MCAwDQp2IC05MjggLTg4MCAwDQp2IC05MjggLTg2NCAwDQp2IC05MTIgLTg2NCAwDQp2IC04OTYgLTg4MCAwDQp2IC05MTIgLTg4MCAwDQp2IC05MTIgLTg2NCAwDQp2IC04OTYgLTg2NCAwDQp2IC04ODAgLTg4MCAwDQp2IC04OTYgLTg4MCAwDQp2IC04OTYgLTg2NCAwDQp2IC04ODAgLTg2NCAwDQp2IC04NjQgLTg4MCAwDQp2IC04ODAgLTg4MCAwDQp2IC04ODAgLTg2NCAwDQp2IC04NjQgLTg2NCAwDQp2IC04NDggLTg4MCAwDQp2IC04NjQgLTg4MCAwDQp2IC04NjQgLTg2NCAwDQp2IC04NDggLTg2NCAwDQp2IC04MzIgLTg4MCAwDQp2IC04NDggLTg4MCAwDQp2IC04NDggLTg2NCAwDQp2IC04MzIgLTg2NCAwDQp2IC04MTYgLTg4MCAwDQp2IC04MzIgLTg4MCAwDQp2IC04MzIgLTg2NCAwDQp2IC04MTYgLTg2NCAwDQp2IC04MDAgLTg4MCAwDQp2IC04MTYgLTg4MCAwDQp2IC04MTYgLTg2NCAwDQp2IC04MDAgLTg2NCAwDQp2IC03ODQgLTg4MCAwDQp2IC04MDAgLTg4MCAwDQp2IC04MDAgLTg2NCAwDQp2IC03ODQgLTg2NCAwDQp2IC03NjggLTg4MCAwDQp2IC03ODQgLTg4MCAwDQp2IC03ODQgLTg2NCAwDQp2IC03NjggLTg2NCAwDQp2IC03NTIgLTg4MCAwDQp2IC03NjggLTg4MCAwDQp2IC03NjggLTg2NCAwDQp2IC03NTIgLTg2NCAwDQp2IC03MzYgLTg4MCAwDQp2IC03NTIgLTg4MCAwDQp2IC03NTIgLTg2NCAwDQp2IC03MzYgLTg2NCAwDQp2IC03MjAgLTg4MCAwDQp2IC03MzYgLTg4MCAwDQp2IC03MzYgLTg2NCAwDQp2IC03MjAgLTg2NCAwDQp2IC03MDQgLTg4MCAwDQp2IC03MjAgLTg4MCAwDQp2IC03MjAgLTg2NCAwDQp2IC03MDQgLTg2NCAwDQp2IC02ODggLTg4MCAwDQp2IC03MDQgLTg4MCAwDQp2IC03MDQgLTg2NCAwDQp2IC02ODggLTg2NCAwDQp2IC02NzIgLTg4MCAwDQp2IC02ODggLTg4MCAwDQp2IC02ODggLTg2NCAwDQp2IC02NzIgLTg2NCAwDQp2IC02NTYgLTg4MCAwDQp2IC02NzIgLTg4MCAwDQp2IC02NzIgLTg2NCAwDQp2IC02NTYgLTg2NCAwDQp2IC02NDAgLTg4MCAwDQp2IC02NTYgLTg4MCAwDQp2IC02NTYgLTg2NCAwDQp2IC02NDAgLTg2NCAwDQp2IC02MjQgLTg4MCAwDQp2IC02NDAgLTg4MCAwDQp2IC02NDAgLTg2NCAwDQp2IC02MjQgLTg2NCAwDQp2IC02MDggLTg4MCAwDQp2IC02MjQgLTg4MCAwDQp2IC02MjQgLTg2NCAwDQp2IC02MDggLTg2NCAwDQp2IC01OTIgLTg4MCAwDQp2IC02MDggLTg4MCAwDQp2IC02MDggLTg2NCAwDQp2IC01OTIgLTg2NCAwDQp2IC01NzYgLTg4MCAwDQp2IC01OTIgLTg4MCAwDQp2IC01OTIgLTg2NCAwDQp2IC01NzYgLTg2NCAwDQp2IC01NjAgLTg4MCAwDQp2IC01NzYgLTg4MCAwDQp2IC01NzYgLTg2NCAwDQp2IC01NjAgLTg2NCAwDQp2IC01NDQgLTg4MCAwDQp2IC01NjAgLTg4MCAwDQp2IC01NjAgLTg2NCAwDQp2IC01NDQgLTg2NCAwDQp2IC01MjggLTg4MCAwDQp2IC01NDQgLTg4MCAwDQp2IC01NDQgLTg2NCAwDQp2IC01MjggLTg2NCAwDQp2IC01MTIgLTg4MCAwDQp2IC01MjggLTg4MCAwDQp2IC01MjggLTg2NCAwDQp2IC01MTIgLTg2NCAwDQp2IC00OTYgLTg4MCAwDQp2IC01MTIgLTg4MCAwDQp2IC01MTIgLTg2NCAwDQp2IC00OTYgLTg2NCAwDQp2IC00ODAgLTg4MCAwDQp2IC00OTYgLTg4MCAwDQp2IC00OTYgLTg2NCAwDQp2IC00ODAgLTg2NCAwDQp2IC00NjQgLTg4MCAwDQp2IC00ODAgLTg4MCAwDQp2IC00ODAgLTg2NCAwDQp2IC00NjQgLTg2NCAwDQp2IC00NDggLTg4MCAwDQp2IC00NjQgLTg4MCAwDQp2IC00NjQgLTg2NCAwDQp2IC00NDggLTg2NCAwDQp2IC00MzIgLTg4MCAwDQp2IC00NDggLTg4MCAwDQp2IC00NDggLTg2NCAwDQp2IC00MzIgLTg2NCAwDQp2IC00MTYgLTg4MCAwDQp2IC00MzIgLTg4MCAwDQp2IC00MzIgLTg2NCAwDQp2IC00MTYgLTg2NCAwDQp2IC00MDAgLTg4MCAwDQp2IC00MTYgLTg4MCAwDQp2IC00MTYgLTg2NCAwDQp2IC00MDAgLTg2NCAwDQp2IC0zODQgLTg4MCAwDQp2IC00MDAgLTg4MCAwDQp2IC00MDAgLTg2NCAwDQp2IC0zODQgLTg2NCAwDQp2IC0zNjggLTg4MCAwDQp2IC0zODQgLTg4MCAwDQp2IC0zODQgLTg2NCAwDQp2IC0zNjggLTg2NCAwDQp2IC0zNTIgLTg4MCAwDQp2IC0zNjggLTg4MCAwDQp2IC0zNjggLTg2NCAwDQp2IC0zNTIgLTg2NCAwDQp2IC0zMzYgLTg4MCAwDQp2IC0zNTIgLTg4MCAwDQp2IC0zNTIgLTg2NCAwDQp2IC0zMzYgLTg2NCAwDQp2IC0zMjAgLTg4MCAwDQp2IC0zMzYgLTg4MCAwDQp2IC0zMzYgLTg2NCAwDQp2IC0zMjAgLTg2NCAwDQp2IC0zMDQgLTg4MCAwDQp2IC0zMjAgLTg4MCAwDQp2IC0zMjAgLTg2NCAwDQp2IC0zMDQgLTg2NCAwDQp2IC0yODggLTg4MCAwDQp2IC0zMDQgLTg4MCAwDQp2IC0zMDQgLTg2NCAwDQp2IC0yODggLTg2NCAwDQp2IC0yNzIgLTg4MCAwDQp2IC0yODggLTg4MCAwDQp2IC0yODggLTg2NCAwDQp2IC0yNzIgLTg2NCAwDQp2IC0yNTYgLTg4MCAwDQp2IC0yNzIgLTg4MCAwDQp2IC0yNzIgLTg2NCAwDQp2IC0yNTYgLTg2NCAwDQp2IC0yNDAgLTg4MCAwDQp2IC0yNTYgLTg4MCAwDQp2IC0yNTYgLTg2NCAwDQp2IC0yNDAgLTg2NCAwDQp2IC0yMjQgLTg4MCAwDQp2IC0yNDAgLTg4MCAwDQp2IC0yNDAgLTg2NCAwDQp2IC0yMjQgLTg2NCAwDQp2IC0yMDggLTg4MCAwDQp2IC0yMjQgLTg4MCAwDQp2IC0yMjQgLTg2NCAwDQp2IC0yMDggLTg2NCAwDQp2IC0xOTIgLTg4MCAwDQp2IC0yMDggLTg4MCAwDQp2IC0yMDggLTg2NCAwDQp2IC0xOTIgLTg2NCAwDQp2IC0xNzYgLTg4MCAwDQp2IC0xOTIgLTg4MCAwDQp2IC0xOTIgLTg2NCAwDQp2IC0xNzYgLTg2NCAwDQp2IC0xNjAgLTg4MCAwDQp2IC0xNzYgLTg4MCAwDQp2IC0xNzYgLTg2NCAwDQp2IC0xNjAgLTg2NCAwDQp2IC0xNDQgLTg4MCAwDQp2IC0xNjAgLTg4MCAwDQp2IC0xNjAgLTg2NCAwDQp2IC0xNDQgLTg2NCAwDQp2IC0xMjggLTg4MCAwDQp2IC0xNDQgLTg4MCAwDQp2IC0xNDQgLTg2NCAwDQp2IC0xMjggLTg2NCAwDQp2IC0xMTIgLTg4MCAwDQp2IC0xMjggLTg4MCAwDQp2IC0xMjggLTg2NCAwDQp2IC0xMTIgLTg2NCAwDQp2IC05NiAtODgwIDANCnYgLTExMiAtODgwIDANCnYgLTExMiAtODY0IDANCnYgLTk2IC04NjQgMA0KdiAtODAgLTg4MCAwDQp2IC05NiAtODgwIDANCnYgLTk2IC04NjQgMA0KdiAtODAgLTg2NCAwDQp2IC02NCAtODgwIDANCnYgLTgwIC04ODAgMA0KdiAtODAgLTg2NCAwDQp2IC02NCAtODY0IDANCnYgLTQ4IC04ODAgMA0KdiAtNjQgLTg4MCAwDQp2IC02NCAtODY0IDANCnYgLTQ4IC04NjQgMA0KdiAtMzIgLTg4MCAwDQp2IC00OCAtODgwIDANCnYgLTQ4IC04NjQgMA0KdiAtMzIgLTg2NCAwDQp2IC0xNiAtODgwIDANCnYgLTMyIC04ODAgMA0KdiAtMzIgLTg2NCAwDQp2IC0xNiAtODY0IDANCnYgMCAtODgwIDANCnYgLTE2IC04ODAgMA0KdiAtMTYgLTg2NCAwDQp2IDAgLTg2NCAwDQp2IC0xMTg0IC04OTYgMA0KdiAtMTIwMCAtODk2IDANCnYgLTEyMDAgLTg4MCAwDQp2IC0xMTg0IC04ODAgMA0KdiAtMTE2OCAtODk2IDANCnYgLTExODQgLTg5NiAwDQp2IC0xMTg0IC04ODAgMA0KdiAtMTE2OCAtODgwIDANCnYgLTExNTIgLTg5NiAwDQp2IC0xMTY4IC04OTYgMA0KdiAtMTE2OCAtODgwIDANCnYgLTExNTIgLTg4MCAwDQp2IC0xMTM2IC04OTYgMA0KdiAtMTE1MiAtODk2IDANCnYgLTExNTIgLTg4MCAwDQp2IC0xMTM2IC04ODAgMA0KdiAtMTEyMCAtODk2IDANCnYgLTExMzYgLTg5NiAwDQp2IC0xMTM2IC04ODAgMA0KdiAtMTEyMCAtODgwIDANCnYgLTExMDQgLTg5NiAwDQp2IC0xMTIwIC04OTYgMA0KdiAtMTEyMCAtODgwIDANCnYgLTExMDQgLTg4MCAwDQp2IC0xMDg4IC04OTYgMA0KdiAtMTEwNCAtODk2IDANCnYgLTExMDQgLTg4MCAwDQp2IC0xMDg4IC04ODAgMA0KdiAtMTA3MiAtODk2IDANCnYgLTEwODggLTg5NiAwDQp2IC0xMDg4IC04ODAgMA0KdiAtMTA3MiAtODgwIDANCnYgLTEwNTYgLTg5NiAwDQp2IC0xMDcyIC04OTYgMA0KdiAtMTA3MiAtODgwIDANCnYgLTEwNTYgLTg4MCAwDQp2IC0xMDQwIC04OTYgMA0KdiAtMTA1NiAtODk2IDANCnYgLTEwNTYgLTg4MCAwDQp2IC0xMDQwIC04ODAgMA0KdiAtMTAyNCAtODk2IDANCnYgLTEwNDAgLTg5NiAwDQp2IC0xMDQwIC04ODAgMA0KdiAtMTAyNCAtODgwIDANCnYgLTEwMDggLTg5NiAwDQp2IC0xMDI0IC04OTYgMA0KdiAtMTAyNCAtODgwIDANCnYgLTEwMDggLTg4MCAwDQp2IC05OTIgLTg5NiAwDQp2IC0xMDA4IC04OTYgMA0KdiAtMTAwOCAtODgwIDANCnYgLTk5MiAtODgwIDANCnYgLTk3NiAtODk2IDANCnYgLTk5MiAtODk2IDANCnYgLTk5MiAtODgwIDANCnYgLTk3NiAtODgwIDANCnYgLTk2MCAtODk2IDANCnYgLTk3NiAtODk2IDANCnYgLTk3NiAtODgwIDANCnYgLTk2MCAtODgwIDANCnYgLTk0NCAtODk2IDANCnYgLTk2MCAtODk2IDANCnYgLTk2MCAtODgwIDANCnYgLTk0NCAtODgwIDANCnYgLTkyOCAtODk2IDANCnYgLTk0NCAtODk2IDANCnYgLTk0NCAtODgwIDANCnYgLTkyOCAtODgwIDANCnYgLTkxMiAtODk2IDANCnYgLTkyOCAtODk2IDANCnYgLTkyOCAtODgwIDANCnYgLTkxMiAtODgwIDANCnYgLTg5NiAtODk2IDANCnYgLTkxMiAtODk2IDANCnYgLTkxMiAtODgwIDANCnYgLTg5NiAtODgwIDANCnYgLTg4MCAtODk2IDANCnYgLTg5NiAtODk2IDANCnYgLTg5NiAtODgwIDANCnYgLTg4MCAtODgwIDANCnYgLTg2NCAtODk2IDANCnYgLTg4MCAtODk2IDANCnYgLTg4MCAtODgwIDANCnYgLTg2NCAtODgwIDANCnYgLTg0OCAtODk2IDANCnYgLTg2NCAtODk2IDANCnYgLTg2NCAtODgwIDANCnYgLTg0OCAtODgwIDANCnYgLTgzMiAtODk2IDANCnYgLTg0OCAtODk2IDANCnYgLTg0OCAtODgwIDANCnYgLTgzMiAtODgwIDANCnYgLTgxNiAtODk2IDANCnYgLTgzMiAtODk2IDANCnYgLTgzMiAtODgwIDANCnYgLTgxNiAtODgwIDANCnYgLTgwMCAtODk2IDANCnYgLTgxNiAtODk2IDANCnYgLTgxNiAtODgwIDANCnYgLTgwMCAtODgwIDANCnYgLTc4NCAtODk2IDANCnYgLTgwMCAtODk2IDANCnYgLTgwMCAtODgwIDANCnYgLTc4NCAtODgwIDANCnYgLTc2OCAtODk2IDANCnYgLTc4NCAtODk2IDANCnYgLTc4NCAtODgwIDANCnYgLTc2OCAtODgwIDANCnYgLTc1MiAtODk2IDANCnYgLTc2OCAtODk2IDANCnYgLTc2OCAtODgwIDANCnYgLTc1MiAtODgwIDANCnYgLTczNiAtODk2IDANCnYgLTc1MiAtODk2IDANCnYgLTc1MiAtODgwIDANCnYgLTczNiAtODgwIDANCnYgLTcyMCAtODk2IDANCnYgLTczNiAtODk2IDANCnYgLTczNiAtODgwIDANCnYgLTcyMCAtODgwIDANCnYgLTcwNCAtODk2IDANCnYgLTcyMCAtODk2IDANCnYgLTcyMCAtODgwIDANCnYgLTcwNCAtODgwIDANCnYgLTY4OCAtODk2IDANCnYgLTcwNCAtODk2IDANCnYgLTcwNCAtODgwIDANCnYgLTY4OCAtODgwIDANCnYgLTY3MiAtODk2IDANCnYgLTY4OCAtODk2IDANCnYgLTY4OCAtODgwIDANCnYgLTY3MiAtODgwIDANCnYgLTY1NiAtODk2IDANCnYgLTY3MiAtODk2IDANCnYgLTY3MiAtODgwIDANCnYgLTY1NiAtODgwIDANCnYgLTY0MCAtODk2IDANCnYgLTY1NiAtODk2IDANCnYgLTY1NiAtODgwIDANCnYgLTY0MCAtODgwIDANCnYgLTYyNCAtODk2IDANCnYgLTY0MCAtODk2IDANCnYgLTY0MCAtODgwIDANCnYgLTYyNCAtODgwIDANCnYgLTYwOCAtODk2IDANCnYgLTYyNCAtODk2IDANCnYgLTYyNCAtODgwIDANCnYgLTYwOCAtODgwIDANCnYgLTU5MiAtODk2IDANCnYgLTYwOCAtODk2IDANCnYgLTYwOCAtODgwIDANCnYgLTU5MiAtODgwIDANCnYgLTU3NiAtODk2IDANCnYgLTU5MiAtODk2IDANCnYgLTU5MiAtODgwIDANCnYgLTU3NiAtODgwIDANCnYgLTU2MCAtODk2IDANCnYgLTU3NiAtODk2IDANCnYgLTU3NiAtODgwIDANCnYgLTU2MCAtODgwIDANCnYgLTU0NCAtODk2IDANCnYgLTU2MCAtODk2IDANCnYgLTU2MCAtODgwIDANCnYgLTU0NCAtODgwIDANCnYgLTUyOCAtODk2IDANCnYgLTU0NCAtODk2IDANCnYgLTU0NCAtODgwIDANCnYgLTUyOCAtODgwIDANCnYgLTUxMiAtODk2IDANCnYgLTUyOCAtODk2IDANCnYgLTUyOCAtODgwIDANCnYgLTUxMiAtODgwIDANCnYgLTQ5NiAtODk2IDANCnYgLTUxMiAtODk2IDANCnYgLTUxMiAtODgwIDANCnYgLTQ5NiAtODgwIDANCnYgLTQ4MCAtODk2IDANCnYgLTQ5NiAtODk2IDANCnYgLTQ5NiAtODgwIDANCnYgLTQ4MCAtODgwIDANCnYgLTQ2NCAtODk2IDANCnYgLTQ4MCAtODk2IDANCnYgLTQ4MCAtODgwIDANCnYgLTQ2NCAtODgwIDANCnYgLTQ0OCAtODk2IDANCnYgLTQ2NCAtODk2IDANCnYgLTQ2NCAtODgwIDANCnYgLTQ0OCAtODgwIDANCnYgLTQzMiAtODk2IDANCnYgLTQ0OCAtODk2IDANCnYgLTQ0OCAtODgwIDANCnYgLTQzMiAtODgwIDANCnYgLTQxNiAtODk2IDANCnYgLTQzMiAtODk2IDANCnYgLTQzMiAtODgwIDANCnYgLTQxNiAtODgwIDANCnYgLTQwMCAtODk2IDANCnYgLTQxNiAtODk2IDANCnYgLTQxNiAtODgwIDANCnYgLTQwMCAtODgwIDANCnYgLTM4NCAtODk2IDANCnYgLTQwMCAtODk2IDANCnYgLTQwMCAtODgwIDANCnYgLTM4NCAtODgwIDANCnYgLTM2OCAtODk2IDANCnYgLTM4NCAtODk2IDANCnYgLTM4NCAtODgwIDANCnYgLTM2OCAtODgwIDANCnYgLTM1MiAtODk2IDANCnYgLTM2OCAtODk2IDANCnYgLTM2OCAtODgwIDANCnYgLTM1MiAtODgwIDANCnYgLTMzNiAtODk2IDANCnYgLTM1MiAtODk2IDANCnYgLTM1MiAtODgwIDANCnYgLTMzNiAtODgwIDANCnYgLTMyMCAtODk2IDANCnYgLTMzNiAtODk2IDANCnYgLTMzNiAtODgwIDANCnYgLTMyMCAtODgwIDANCnYgLTMwNCAtODk2IDANCnYgLTMyMCAtODk2IDANCnYgLTMyMCAtODgwIDANCnYgLTMwNCAtODgwIDANCnYgLTI4OCAtODk2IDANCnYgLTMwNCAtODk2IDANCnYgLTMwNCAtODgwIDANCnYgLTI4OCAtODgwIDANCnYgLTI3MiAtODk2IDANCnYgLTI4OCAtODk2IDANCnYgLTI4OCAtODgwIDANCnYgLTI3MiAtODgwIDANCnYgLTI1NiAtODk2IDANCnYgLTI3MiAtODk2IDANCnYgLTI3MiAtODgwIDANCnYgLTI1NiAtODgwIDANCnYgLTI0MCAtODk2IDANCnYgLTI1NiAtODk2IDANCnYgLTI1NiAtODgwIDANCnYgLTI0MCAtODgwIDANCnYgLTIyNCAtODk2IDANCnYgLTI0MCAtODk2IDANCnYgLTI0MCAtODgwIDANCnYgLTIyNCAtODgwIDANCnYgLTIwOCAtODk2IDANCnYgLTIyNCAtODk2IDANCnYgLTIyNCAtODgwIDANCnYgLTIwOCAtODgwIDANCnYgLTE5MiAtODk2IDANCnYgLTIwOCAtODk2IDANCnYgLTIwOCAtODgwIDANCnYgLTE5MiAtODgwIDANCnYgLTE3NiAtODk2IDANCnYgLTE5MiAtODk2IDANCnYgLTE5MiAtODgwIDANCnYgLTE3NiAtODgwIDANCnYgLTE2MCAtODk2IDANCnYgLTE3NiAtODk2IDANCnYgLTE3NiAtODgwIDANCnYgLTE2MCAtODgwIDANCnYgLTE0NCAtODk2IDANCnYgLTE2MCAtODk2IDANCnYgLTE2MCAtODgwIDANCnYgLTE0NCAtODgwIDANCnYgLTEyOCAtODk2IDANCnYgLTE0NCAtODk2IDANCnYgLTE0NCAtODgwIDANCnYgLTEyOCAtODgwIDANCnYgLTExMiAtODk2IDANCnYgLTEyOCAtODk2IDANCnYgLTEyOCAtODgwIDANCnYgLTExMiAtODgwIDANCnYgLTk2IC04OTYgMA0KdiAtMTEyIC04OTYgMA0KdiAtMTEyIC04ODAgMA0KdiAtOTYgLTg4MCAwDQp2IC04MCAtODk2IDANCnYgLTk2IC04OTYgMA0KdiAtOTYgLTg4MCAwDQp2IC04MCAtODgwIDANCnYgLTY0IC04OTYgMA0KdiAtODAgLTg5NiAwDQp2IC04MCAtODgwIDANCnYgLTY0IC04ODAgMA0KdiAtNDggLTg5NiAwDQp2IC02NCAtODk2IDANCnYgLTY0IC04ODAgMA0KdiAtNDggLTg4MCAwDQp2IC0zMiAtODk2IDANCnYgLTQ4IC04OTYgMA0KdiAtNDggLTg4MCAwDQp2IC0zMiAtODgwIDANCnYgLTE2IC04OTYgMA0KdiAtMzIgLTg5NiAwDQp2IC0zMiAtODgwIDANCnYgLTE2IC04ODAgMA0KdiAwIC04OTYgMA0KdiAtMTYgLTg5NiAwDQp2IC0xNiAtODgwIDANCnYgMCAtODgwIDANCnYgLTExODQgLTkxMiAwDQp2IC0xMjAwIC05MTIgMA0KdiAtMTIwMCAtODk2IDANCnYgLTExODQgLTg5NiAwDQp2IC0xMTY4IC05MTIgMA0KdiAtMTE4NCAtOTEyIDANCnYgLTExODQgLTg5NiAwDQp2IC0xMTY4IC04OTYgMA0KdiAtMTE1MiAtOTEyIDANCnYgLTExNjggLTkxMiAwDQp2IC0xMTY4IC04OTYgMA0KdiAtMTE1MiAtODk2IDANCnYgLTExMzYgLTkxMiAwDQp2IC0xMTUyIC05MTIgMA0KdiAtMTE1MiAtODk2IDANCnYgLTExMzYgLTg5NiAwDQp2IC0xMTIwIC05MTIgMA0KdiAtMTEzNiAtOTEyIDANCnYgLTExMzYgLTg5NiAwDQp2IC0xMTIwIC04OTYgMA0KdiAtMTEwNCAtOTEyIDANCnYgLTExMjAgLTkxMiAwDQp2IC0xMTIwIC04OTYgMA0KdiAtMTEwNCAtODk2IDANCnYgLTEwODggLTkxMiAwDQp2IC0xMTA0IC05MTIgMA0KdiAtMTEwNCAtODk2IDANCnYgLTEwODggLTg5NiAwDQp2IC0xMDcyIC05MTIgMA0KdiAtMTA4OCAtOTEyIDANCnYgLTEwODggLTg5NiAwDQp2IC0xMDcyIC04OTYgMA0KdiAtMTA1NiAtOTEyIDANCnYgLTEwNzIgLTkxMiAwDQp2IC0xMDcyIC04OTYgMA0KdiAtMTA1NiAtODk2IDANCnYgLTEwNDAgLTkxMiAwDQp2IC0xMDU2IC05MTIgMA0KdiAtMTA1NiAtODk2IDANCnYgLTEwNDAgLTg5NiAwDQp2IC0xMDI0IC05MTIgMA0KdiAtMTA0MCAtOTEyIDANCnYgLTEwNDAgLTg5NiAwDQp2IC0xMDI0IC04OTYgMA0KdiAtMTAwOCAtOTEyIDANCnYgLTEwMjQgLTkxMiAwDQp2IC0xMDI0IC04OTYgMA0KdiAtMTAwOCAtODk2IDANCnYgLTk5MiAtOTEyIDANCnYgLTEwMDggLTkxMiAwDQp2IC0xMDA4IC04OTYgMA0KdiAtOTkyIC04OTYgMA0KdiAtOTc2IC05MTIgMA0KdiAtOTkyIC05MTIgMA0KdiAtOTkyIC04OTYgMA0KdiAtOTc2IC04OTYgMA0KdiAtOTYwIC05MTIgMA0KdiAtOTc2IC05MTIgMA0KdiAtOTc2IC04OTYgMA0KdiAtOTYwIC04OTYgMA0KdiAtOTQ0IC05MTIgMA0KdiAtOTYwIC05MTIgMA0KdiAtOTYwIC04OTYgMA0KdiAtOTQ0IC04OTYgMA0KdiAtOTI4IC05MTIgMA0KdiAtOTQ0IC05MTIgMA0KdiAtOTQ0IC04OTYgMA0KdiAtOTI4IC04OTYgMA0KdiAtOTEyIC05MTIgMA0KdiAtOTI4IC05MTIgMA0KdiAtOTI4IC04OTYgMA0KdiAtOTEyIC04OTYgMA0KdiAtODk2IC05MTIgMA0KdiAtOTEyIC05MTIgMA0KdiAtOTEyIC04OTYgMA0KdiAtODk2IC04OTYgMA0KdiAtODgwIC05MTIgMA0KdiAtODk2IC05MTIgMA0KdiAtODk2IC04OTYgMA0KdiAtODgwIC04OTYgMA0KdiAtODY0IC05MTIgMA0KdiAtODgwIC05MTIgMA0KdiAtODgwIC04OTYgMA0KdiAtODY0IC04OTYgMA0KdiAtODQ4IC05MTIgMA0KdiAtODY0IC05MTIgMA0KdiAtODY0IC04OTYgMA0KdiAtODQ4IC04OTYgMA0KdiAtODMyIC05MTIgMA0KdiAtODQ4IC05MTIgMA0KdiAtODQ4IC04OTYgMA0KdiAtODMyIC04OTYgMA0KdiAtODE2IC05MTIgMA0KdiAtODMyIC05MTIgMA0KdiAtODMyIC04OTYgMA0KdiAtODE2IC04OTYgMA0KdiAtODAwIC05MTIgMA0KdiAtODE2IC05MTIgMA0KdiAtODE2IC04OTYgMA0KdiAtODAwIC04OTYgMA0KdiAtNzg0IC05MTIgMA0KdiAtODAwIC05MTIgMA0KdiAtODAwIC04OTYgMA0KdiAtNzg0IC04OTYgMA0KdiAtNzY4IC05MTIgMA0KdiAtNzg0IC05MTIgMA0KdiAtNzg0IC04OTYgMA0KdiAtNzY4IC04OTYgMA0KdiAtNzUyIC05MTIgMA0KdiAtNzY4IC05MTIgMA0KdiAtNzY4IC04OTYgMA0KdiAtNzUyIC04OTYgMA0KdiAtNzM2IC05MTIgMA0KdiAtNzUyIC05MTIgMA0KdiAtNzUyIC04OTYgMA0KdiAtNzM2IC04OTYgMA0KdiAtNzIwIC05MTIgMA0KdiAtNzM2IC05MTIgMA0KdiAtNzM2IC04OTYgMA0KdiAtNzIwIC04OTYgMA0KdiAtNzA0IC05MTIgMA0KdiAtNzIwIC05MTIgMA0KdiAtNzIwIC04OTYgMA0KdiAtNzA0IC04OTYgMA0KdiAtNjg4IC05MTIgMA0KdiAtNzA0IC05MTIgMA0KdiAtNzA0IC04OTYgMA0KdiAtNjg4IC04OTYgMA0KdiAtNjcyIC05MTIgMA0KdiAtNjg4IC05MTIgMA0KdiAtNjg4IC04OTYgMA0KdiAtNjcyIC04OTYgMA0KdiAtNjU2IC05MTIgMA0KdiAtNjcyIC05MTIgMA0KdiAtNjcyIC04OTYgMA0KdiAtNjU2IC04OTYgMA0KdiAtNjQwIC05MTIgMA0KdiAtNjU2IC05MTIgMA0KdiAtNjU2IC04OTYgMA0KdiAtNjQwIC04OTYgMA0KdiAtNjI0IC05MTIgMA0KdiAtNjQwIC05MTIgMA0KdiAtNjQwIC04OTYgMA0KdiAtNjI0IC04OTYgMA0KdiAtNjA4IC05MTIgMA0KdiAtNjI0IC05MTIgMA0KdiAtNjI0IC04OTYgMA0KdiAtNjA4IC04OTYgMA0KdiAtNTkyIC05MTIgMA0KdiAtNjA4IC05MTIgMA0KdiAtNjA4IC04OTYgMA0KdiAtNTkyIC04OTYgMA0KdiAtNTc2IC05MTIgMA0KdiAtNTkyIC05MTIgMA0KdiAtNTkyIC04OTYgMA0KdiAtNTc2IC04OTYgMA0KdiAtNTYwIC05MTIgMA0KdiAtNTc2IC05MTIgMA0KdiAtNTc2IC04OTYgMA0KdiAtNTYwIC04OTYgMA0KdiAtNTQ0IC05MTIgMA0KdiAtNTYwIC05MTIgMA0KdiAtNTYwIC04OTYgMA0KdiAtNTQ0IC04OTYgMA0KdiAtNTI4IC05MTIgMA0KdiAtNTQ0IC05MTIgMA0KdiAtNTQ0IC04OTYgMA0KdiAtNTI4IC04OTYgMA0KdiAtNTEyIC05MTIgMA0KdiAtNTI4IC05MTIgMA0KdiAtNTI4IC04OTYgMA0KdiAtNTEyIC04OTYgMA0KdiAtNDk2IC05MTIgMA0KdiAtNTEyIC05MTIgMA0KdiAtNTEyIC04OTYgMA0KdiAtNDk2IC04OTYgMA0KdiAtNDgwIC05MTIgMA0KdiAtNDk2IC05MTIgMA0KdiAtNDk2IC04OTYgMA0KdiAtNDgwIC04OTYgMA0KdiAtNDY0IC05MTIgMA0KdiAtNDgwIC05MTIgMA0KdiAtNDgwIC04OTYgMA0KdiAtNDY0IC04OTYgMA0KdiAtNDQ4IC05MTIgMA0KdiAtNDY0IC05MTIgMA0KdiAtNDY0IC04OTYgMA0KdiAtNDQ4IC04OTYgMA0KdiAtNDMyIC05MTIgMA0KdiAtNDQ4IC05MTIgMA0KdiAtNDQ4IC04OTYgMA0KdiAtNDMyIC04OTYgMA0KdiAtNDE2IC05MTIgMA0KdiAtNDMyIC05MTIgMA0KdiAtNDMyIC04OTYgMA0KdiAtNDE2IC04OTYgMA0KdiAtNDAwIC05MTIgMA0KdiAtNDE2IC05MTIgMA0KdiAtNDE2IC04OTYgMA0KdiAtNDAwIC04OTYgMA0KdiAtMzg0IC05MTIgMA0KdiAtNDAwIC05MTIgMA0KdiAtNDAwIC04OTYgMA0KdiAtMzg0IC04OTYgMA0KdiAtMzY4IC05MTIgMA0KdiAtMzg0IC05MTIgMA0KdiAtMzg0IC04OTYgMA0KdiAtMzY4IC04OTYgMA0KdiAtMzUyIC05MTIgMA0KdiAtMzY4IC05MTIgMA0KdiAtMzY4IC04OTYgMA0KdiAtMzUyIC04OTYgMA0KdiAtMzM2IC05MTIgMA0KdiAtMzUyIC05MTIgMA0KdiAtMzUyIC04OTYgMA0KdiAtMzM2IC04OTYgMA0KdiAtMzIwIC05MTIgMA0KdiAtMzM2IC05MTIgMA0KdiAtMzM2IC04OTYgMA0KdiAtMzIwIC04OTYgMA0KdiAtMzA0IC05MTIgMA0KdiAtMzIwIC05MTIgMA0KdiAtMzIwIC04OTYgMA0KdiAtMzA0IC04OTYgMA0KdiAtMjg4IC05MTIgMA0KdiAtMzA0IC05MTIgMA0KdiAtMzA0IC04OTYgMA0KdiAtMjg4IC04OTYgMA0KdiAtMjcyIC05MTIgMA0KdiAtMjg4IC05MTIgMA0KdiAtMjg4IC04OTYgMA0KdiAtMjcyIC04OTYgMA0KdiAtMjU2IC05MTIgMA0KdiAtMjcyIC05MTIgMA0KdiAtMjcyIC04OTYgMA0KdiAtMjU2IC04OTYgMA0KdiAtMjQwIC05MTIgMA0KdiAtMjU2IC05MTIgMA0KdiAtMjU2IC04OTYgMA0KdiAtMjQwIC04OTYgMA0KdiAtMjI0IC05MTIgMA0KdiAtMjQwIC05MTIgMA0KdiAtMjQwIC04OTYgMA0KdiAtMjI0IC04OTYgMA0KdiAtMjA4IC05MTIgMA0KdiAtMjI0IC05MTIgMA0KdiAtMjI0IC04OTYgMA0KdiAtMjA4IC04OTYgMA0KdiAtMTkyIC05MTIgMA0KdiAtMjA4IC05MTIgMA0KdiAtMjA4IC04OTYgMA0KdiAtMTkyIC04OTYgMA0KdiAtMTc2IC05MTIgMA0KdiAtMTkyIC05MTIgMA0KdiAtMTkyIC04OTYgMA0KdiAtMTc2IC04OTYgMA0KdiAtMTYwIC05MTIgMA0KdiAtMTc2IC05MTIgMA0KdiAtMTc2IC04OTYgMA0KdiAtMTYwIC04OTYgMA0KdiAtMTQ0IC05MTIgMA0KdiAtMTYwIC05MTIgMA0KdiAtMTYwIC04OTYgMA0KdiAtMTQ0IC04OTYgMA0KdiAtMTI4IC05MTIgMA0KdiAtMTQ0IC05MTIgMA0KdiAtMTQ0IC04OTYgMA0KdiAtMTI4IC04OTYgMA0KdiAtMTEyIC05MTIgMA0KdiAtMTI4IC05MTIgMA0KdiAtMTI4IC04OTYgMA0KdiAtMTEyIC04OTYgMA0KdiAtOTYgLTkxMiAwDQp2IC0xMTIgLTkxMiAwDQp2IC0xMTIgLTg5NiAwDQp2IC05NiAtODk2IDANCnYgLTgwIC05MTIgMA0KdiAtOTYgLTkxMiAwDQp2IC05NiAtODk2IDANCnYgLTgwIC04OTYgMA0KdiAtNjQgLTkxMiAwDQp2IC04MCAtOTEyIDANCnYgLTgwIC04OTYgMA0KdiAtNjQgLTg5NiAwDQp2IC00OCAtOTEyIDANCnYgLTY0IC05MTIgMA0KdiAtNjQgLTg5NiAwDQp2IC00OCAtODk2IDANCnYgLTMyIC05MTIgMA0KdiAtNDggLTkxMiAwDQp2IC00OCAtODk2IDANCnYgLTMyIC04OTYgMA0KdiAtMTYgLTkxMiAwDQp2IC0zMiAtOTEyIDANCnYgLTMyIC04OTYgMA0KdiAtMTYgLTg5NiAwDQp2IDAgLTkxMiAwDQp2IC0xNiAtOTEyIDANCnYgLTE2IC04OTYgMA0KdiAwIC04OTYgMA0KdiAtMTE4NCAtOTI4IDANCnYgLTEyMDAgLTkyOCAwDQp2IC0xMjAwIC05MTIgMA0KdiAtMTE4NCAtOTEyIDANCnYgLTExNjggLTkyOCAwDQp2IC0xMTg0IC05MjggMA0KdiAtMTE4NCAtOTEyIDANCnYgLTExNjggLTkxMiAwDQp2IC0xMTUyIC05MjggMA0KdiAtMTE2OCAtOTI4IDANCnYgLTExNjggLTkxMiAwDQp2IC0xMTUyIC05MTIgMA0KdiAtMTEzNiAtOTI4IDANCnYgLTExNTIgLTkyOCAwDQp2IC0xMTUyIC05MTIgMA0KdiAtMTEzNiAtOTEyIDANCnYgLTExMjAgLTkyOCAwDQp2IC0xMTM2IC05MjggMA0KdiAtMTEzNiAtOTEyIDANCnYgLTExMjAgLTkxMiAwDQp2IC0xMTA0IC05MjggMA0KdiAtMTEyMCAtOTI4IDANCnYgLTExMjAgLTkxMiAwDQp2IC0xMTA0IC05MTIgMA0KdiAtMTA4OCAtOTI4IDANCnYgLTExMDQgLTkyOCAwDQp2IC0xMTA0IC05MTIgMA0KdiAtMTA4OCAtOTEyIDANCnYgLTEwNzIgLTkyOCAwDQp2IC0xMDg4IC05MjggMA0KdiAtMTA4OCAtOTEyIDANCnYgLTEwNzIgLTkxMiAwDQp2IC0xMDU2IC05MjggMA0KdiAtMTA3MiAtOTI4IDANCnYgLTEwNzIgLTkxMiAwDQp2IC0xMDU2IC05MTIgMA0KdiAtMTA0MCAtOTI4IDANCnYgLTEwNTYgLTkyOCAwDQp2IC0xMDU2IC05MTIgMA0KdiAtMTA0MCAtOTEyIDANCnYgLTEwMjQgLTkyOCAwDQp2IC0xMDQwIC05MjggMA0KdiAtMTA0MCAtOTEyIDANCnYgLTEwMjQgLTkxMiAwDQp2IC0xMDA4IC05MjggMA0KdiAtMTAyNCAtOTI4IDANCnYgLTEwMjQgLTkxMiAwDQp2IC0xMDA4IC05MTIgMA0KdiAtOTkyIC05MjggMA0KdiAtMTAwOCAtOTI4IDANCnYgLTEwMDggLTkxMiAwDQp2IC05OTIgLTkxMiAwDQp2IC05NzYgLTkyOCAwDQp2IC05OTIgLTkyOCAwDQp2IC05OTIgLTkxMiAwDQp2IC05NzYgLTkxMiAwDQp2IC05NjAgLTkyOCAwDQp2IC05NzYgLTkyOCAwDQp2IC05NzYgLTkxMiAwDQp2IC05NjAgLTkxMiAwDQp2IC05NDQgLTkyOCAwDQp2IC05NjAgLTkyOCAwDQp2IC05NjAgLTkxMiAwDQp2IC05NDQgLTkxMiAwDQp2IC05MjggLTkyOCAwDQp2IC05NDQgLTkyOCAwDQp2IC05NDQgLTkxMiAwDQp2IC05MjggLTkxMiAwDQp2IC05MTIgLTkyOCAwDQp2IC05MjggLTkyOCAwDQp2IC05MjggLTkxMiAwDQp2IC05MTIgLTkxMiAwDQp2IC04OTYgLTkyOCAwDQp2IC05MTIgLTkyOCAwDQp2IC05MTIgLTkxMiAwDQp2IC04OTYgLTkxMiAwDQp2IC04ODAgLTkyOCAwDQp2IC04OTYgLTkyOCAwDQp2IC04OTYgLTkxMiAwDQp2IC04ODAgLTkxMiAwDQp2IC04NjQgLTkyOCAwDQp2IC04ODAgLTkyOCAwDQp2IC04ODAgLTkxMiAwDQp2IC04NjQgLTkxMiAwDQp2IC04NDggLTkyOCAwDQp2IC04NjQgLTkyOCAwDQp2IC04NjQgLTkxMiAwDQp2IC04NDggLTkxMiAwDQp2IC04MzIgLTkyOCAwDQp2IC04NDggLTkyOCAwDQp2IC04NDggLTkxMiAwDQp2IC04MzIgLTkxMiAwDQp2IC04MTYgLTkyOCAwDQp2IC04MzIgLTkyOCAwDQp2IC04MzIgLTkxMiAwDQp2IC04MTYgLTkxMiAwDQp2IC04MDAgLTkyOCAwDQp2IC04MTYgLTkyOCAwDQp2IC04MTYgLTkxMiAwDQp2IC04MDAgLTkxMiAwDQp2IC03ODQgLTkyOCAwDQp2IC04MDAgLTkyOCAwDQp2IC04MDAgLTkxMiAwDQp2IC03ODQgLTkxMiAwDQp2IC03NjggLTkyOCAwDQp2IC03ODQgLTkyOCAwDQp2IC03ODQgLTkxMiAwDQp2IC03NjggLTkxMiAwDQp2IC03NTIgLTkyOCAwDQp2IC03NjggLTkyOCAwDQp2IC03NjggLTkxMiAwDQp2IC03NTIgLTkxMiAwDQp2IC03MzYgLTkyOCAwDQp2IC03NTIgLTkyOCAwDQp2IC03NTIgLTkxMiAwDQp2IC03MzYgLTkxMiAwDQp2IC03MjAgLTkyOCAwDQp2IC03MzYgLTkyOCAwDQp2IC03MzYgLTkxMiAwDQp2IC03MjAgLTkxMiAwDQp2IC03MDQgLTkyOCAwDQp2IC03MjAgLTkyOCAwDQp2IC03MjAgLTkxMiAwDQp2IC03MDQgLTkxMiAwDQp2IC02ODggLTkyOCAwDQp2IC03MDQgLTkyOCAwDQp2IC03MDQgLTkxMiAwDQp2IC02ODggLTkxMiAwDQp2IC02NzIgLTkyOCAwDQp2IC02ODggLTkyOCAwDQp2IC02ODggLTkxMiAwDQp2IC02NzIgLTkxMiAwDQp2IC02NTYgLTkyOCAwDQp2IC02NzIgLTkyOCAwDQp2IC02NzIgLTkxMiAwDQp2IC02NTYgLTkxMiAwDQp2IC02NDAgLTkyOCAwDQp2IC02NTYgLTkyOCAwDQp2IC02NTYgLTkxMiAwDQp2IC02NDAgLTkxMiAwDQp2IC02MjQgLTkyOCAwDQp2IC02NDAgLTkyOCAwDQp2IC02NDAgLTkxMiAwDQp2IC02MjQgLTkxMiAwDQp2IC02MDggLTkyOCAwDQp2IC02MjQgLTkyOCAwDQp2IC02MjQgLTkxMiAwDQp2IC02MDggLTkxMiAwDQp2IC01OTIgLTkyOCAwDQp2IC02MDggLTkyOCAwDQp2IC02MDggLTkxMiAwDQp2IC01OTIgLTkxMiAwDQp2IC01NzYgLTkyOCAwDQp2IC01OTIgLTkyOCAwDQp2IC01OTIgLTkxMiAwDQp2IC01NzYgLTkxMiAwDQp2IC01NjAgLTkyOCAwDQp2IC01NzYgLTkyOCAwDQp2IC01NzYgLTkxMiAwDQp2IC01NjAgLTkxMiAwDQp2IC01NDQgLTkyOCAwDQp2IC01NjAgLTkyOCAwDQp2IC01NjAgLTkxMiAwDQp2IC01NDQgLTkxMiAwDQp2IC01MjggLTkyOCAwDQp2IC01NDQgLTkyOCAwDQp2IC01NDQgLTkxMiAwDQp2IC01MjggLTkxMiAwDQp2IC01MTIgLTkyOCAwDQp2IC01MjggLTkyOCAwDQp2IC01MjggLTkxMiAwDQp2IC01MTIgLTkxMiAwDQp2IC00OTYgLTkyOCAwDQp2IC01MTIgLTkyOCAwDQp2IC01MTIgLTkxMiAwDQp2IC00OTYgLTkxMiAwDQp2IC00ODAgLTkyOCAwDQp2IC00OTYgLTkyOCAwDQp2IC00OTYgLTkxMiAwDQp2IC00ODAgLTkxMiAwDQp2IC00NjQgLTkyOCAwDQp2IC00ODAgLTkyOCAwDQp2IC00ODAgLTkxMiAwDQp2IC00NjQgLTkxMiAwDQp2IC00NDggLTkyOCAwDQp2IC00NjQgLTkyOCAwDQp2IC00NjQgLTkxMiAwDQp2IC00NDggLTkxMiAwDQp2IC00MzIgLTkyOCAwDQp2IC00NDggLTkyOCAwDQp2IC00NDggLTkxMiAwDQp2IC00MzIgLTkxMiAwDQp2IC00MTYgLTkyOCAwDQp2IC00MzIgLTkyOCAwDQp2IC00MzIgLTkxMiAwDQp2IC00MTYgLTkxMiAwDQp2IC00MDAgLTkyOCAwDQp2IC00MTYgLTkyOCAwDQp2IC00MTYgLTkxMiAwDQp2IC00MDAgLTkxMiAwDQp2IC0zODQgLTkyOCAwDQp2IC00MDAgLTkyOCAwDQp2IC00MDAgLTkxMiAwDQp2IC0zODQgLTkxMiAwDQp2IC0zNjggLTkyOCAwDQp2IC0zODQgLTkyOCAwDQp2IC0zODQgLTkxMiAwDQp2IC0zNjggLTkxMiAwDQp2IC0zNTIgLTkyOCAwDQp2IC0zNjggLTkyOCAwDQp2IC0zNjggLTkxMiAwDQp2IC0zNTIgLTkxMiAwDQp2IC0zMzYgLTkyOCAwDQp2IC0zNTIgLTkyOCAwDQp2IC0zNTIgLTkxMiAwDQp2IC0zMzYgLTkxMiAwDQp2IC0zMjAgLTkyOCAwDQp2IC0zMzYgLTkyOCAwDQp2IC0zMzYgLTkxMiAwDQp2IC0zMjAgLTkxMiAwDQp2IC0zMDQgLTkyOCAwDQp2IC0zMjAgLTkyOCAwDQp2IC0zMjAgLTkxMiAwDQp2IC0zMDQgLTkxMiAwDQp2IC0yODggLTkyOCAwDQp2IC0zMDQgLTkyOCAwDQp2IC0zMDQgLTkxMiAwDQp2IC0yODggLTkxMiAwDQp2IC0yNzIgLTkyOCAwDQp2IC0yODggLTkyOCAwDQp2IC0yODggLTkxMiAwDQp2IC0yNzIgLTkxMiAwDQp2IC0yNTYgLTkyOCAwDQp2IC0yNzIgLTkyOCAwDQp2IC0yNzIgLTkxMiAwDQp2IC0yNTYgLTkxMiAwDQp2IC0yNDAgLTkyOCAwDQp2IC0yNTYgLTkyOCAwDQp2IC0yNTYgLTkxMiAwDQp2IC0yNDAgLTkxMiAwDQp2IC0yMjQgLTkyOCAwDQp2IC0yNDAgLTkyOCAwDQp2IC0yNDAgLTkxMiAwDQp2IC0yMjQgLTkxMiAwDQp2IC0yMDggLTkyOCAwDQp2IC0yMjQgLTkyOCAwDQp2IC0yMjQgLTkxMiAwDQp2IC0yMDggLTkxMiAwDQp2IC0xOTIgLTkyOCAwDQp2IC0yMDggLTkyOCAwDQp2IC0yMDggLTkxMiAwDQp2IC0xOTIgLTkxMiAwDQp2IC0xNzYgLTkyOCAwDQp2IC0xOTIgLTkyOCAwDQp2IC0xOTIgLTkxMiAwDQp2IC0xNzYgLTkxMiAwDQp2IC0xNjAgLTkyOCAwDQp2IC0xNzYgLTkyOCAwDQp2IC0xNzYgLTkxMiAwDQp2IC0xNjAgLTkxMiAwDQp2IC0xNDQgLTkyOCAwDQp2IC0xNjAgLTkyOCAwDQp2IC0xNjAgLTkxMiAwDQp2IC0xNDQgLTkxMiAwDQp2IC0xMjggLTkyOCAwDQp2IC0xNDQgLTkyOCAwDQp2IC0xNDQgLTkxMiAwDQp2IC0xMjggLTkxMiAwDQp2IC0xMTIgLTkyOCAwDQp2IC0xMjggLTkyOCAwDQp2IC0xMjggLTkxMiAwDQp2IC0xMTIgLTkxMiAwDQp2IC05NiAtOTI4IDANCnYgLTExMiAtOTI4IDANCnYgLTExMiAtOTEyIDANCnYgLTk2IC05MTIgMA0KdiAtODAgLTkyOCAwDQp2IC05NiAtOTI4IDANCnYgLTk2IC05MTIgMA0KdiAtODAgLTkxMiAwDQp2IC02NCAtOTI4IDANCnYgLTgwIC05MjggMA0KdiAtODAgLTkxMiAwDQp2IC02NCAtOTEyIDANCnYgLTQ4IC05MjggMA0KdiAtNjQgLTkyOCAwDQp2IC02NCAtOTEyIDANCnYgLTQ4IC05MTIgMA0KdiAtMzIgLTkyOCAwDQp2IC00OCAtOTI4IDANCnYgLTQ4IC05MTIgMA0KdiAtMzIgLTkxMiAwDQp2IC0xNiAtOTI4IDANCnYgLTMyIC05MjggMA0KdiAtMzIgLTkxMiAwDQp2IC0xNiAtOTEyIDANCnYgMCAtOTI4IDANCnYgLTE2IC05MjggMA0KdiAtMTYgLTkxMiAwDQp2IDAgLTkxMiAwDQp2IC0xMTg0IC05NDQgMA0KdiAtMTIwMCAtOTQ0IDANCnYgLTEyMDAgLTkyOCAwDQp2IC0xMTg0IC05MjggMA0KdiAtMTE2OCAtOTQ0IDANCnYgLTExODQgLTk0NCAwDQp2IC0xMTg0IC05MjggMA0KdiAtMTE2OCAtOTI4IDANCnYgLTExNTIgLTk0NCAwDQp2IC0xMTY4IC05NDQgMA0KdiAtMTE2OCAtOTI4IDANCnYgLTExNTIgLTkyOCAwDQp2IC0xMTM2IC05NDQgMA0KdiAtMTE1MiAtOTQ0IDANCnYgLTExNTIgLTkyOCAwDQp2IC0xMTM2IC05MjggMA0KdiAtMTEyMCAtOTQ0IDANCnYgLTExMzYgLTk0NCAwDQp2IC0xMTM2IC05MjggMA0KdiAtMTEyMCAtOTI4IDANCnYgLTExMDQgLTk0NCAwDQp2IC0xMTIwIC05NDQgMA0KdiAtMTEyMCAtOTI4IDANCnYgLTExMDQgLTkyOCAwDQp2IC0xMDg4IC05NDQgMA0KdiAtMTEwNCAtOTQ0IDANCnYgLTExMDQgLTkyOCAwDQp2IC0xMDg4IC05MjggMA0KdiAtMTA3MiAtOTQ0IDANCnYgLTEwODggLTk0NCAwDQp2IC0xMDg4IC05MjggMA0KdiAtMTA3MiAtOTI4IDANCnYgLTEwNTYgLTk0NCAwDQp2IC0xMDcyIC05NDQgMA0KdiAtMTA3MiAtOTI4IDANCnYgLTEwNTYgLTkyOCAwDQp2IC0xMDQwIC05NDQgMA0KdiAtMTA1NiAtOTQ0IDANCnYgLTEwNTYgLTkyOCAwDQp2IC0xMDQwIC05MjggMA0KdiAtMTAyNCAtOTQ0IDANCnYgLTEwNDAgLTk0NCAwDQp2IC0xMDQwIC05MjggMA0KdiAtMTAyNCAtOTI4IDANCnYgLTEwMDggLTk0NCAwDQp2IC0xMDI0IC05NDQgMA0KdiAtMTAyNCAtOTI4IDANCnYgLTEwMDggLTkyOCAwDQp2IC05OTIgLTk0NCAwDQp2IC0xMDA4IC05NDQgMA0KdiAtMTAwOCAtOTI4IDANCnYgLTk5MiAtOTI4IDANCnYgLTk3NiAtOTQ0IDANCnYgLTk5MiAtOTQ0IDANCnYgLTk5MiAtOTI4IDANCnYgLTk3NiAtOTI4IDANCnYgLTk2MCAtOTQ0IDANCnYgLTk3NiAtOTQ0IDANCnYgLTk3NiAtOTI4IDANCnYgLTk2MCAtOTI4IDANCnYgLTk0NCAtOTQ0IDANCnYgLTk2MCAtOTQ0IDANCnYgLTk2MCAtOTI4IDANCnYgLTk0NCAtOTI4IDANCnYgLTkyOCAtOTQ0IDANCnYgLTk0NCAtOTQ0IDANCnYgLTk0NCAtOTI4IDANCnYgLTkyOCAtOTI4IDANCnYgLTkxMiAtOTQ0IDANCnYgLTkyOCAtOTQ0IDANCnYgLTkyOCAtOTI4IDANCnYgLTkxMiAtOTI4IDANCnYgLTg5NiAtOTQ0IDANCnYgLTkxMiAtOTQ0IDANCnYgLTkxMiAtOTI4IDANCnYgLTg5NiAtOTI4IDANCnYgLTg4MCAtOTQ0IDANCnYgLTg5NiAtOTQ0IDANCnYgLTg5NiAtOTI4IDANCnYgLTg4MCAtOTI4IDANCnYgLTg2NCAtOTQ0IDANCnYgLTg4MCAtOTQ0IDANCnYgLTg4MCAtOTI4IDANCnYgLTg2NCAtOTI4IDANCnYgLTg0OCAtOTQ0IDANCnYgLTg2NCAtOTQ0IDANCnYgLTg2NCAtOTI4IDANCnYgLTg0OCAtOTI4IDANCnYgLTgzMiAtOTQ0IDANCnYgLTg0OCAtOTQ0IDANCnYgLTg0OCAtOTI4IDANCnYgLTgzMiAtOTI4IDANCnYgLTgxNiAtOTQ0IDANCnYgLTgzMiAtOTQ0IDANCnYgLTgzMiAtOTI4IDANCnYgLTgxNiAtOTI4IDANCnYgLTgwMCAtOTQ0IDANCnYgLTgxNiAtOTQ0IDANCnYgLTgxNiAtOTI4IDANCnYgLTgwMCAtOTI4IDANCnYgLTc4NCAtOTQ0IDANCnYgLTgwMCAtOTQ0IDANCnYgLTgwMCAtOTI4IDANCnYgLTc4NCAtOTI4IDANCnYgLTc2OCAtOTQ0IDANCnYgLTc4NCAtOTQ0IDANCnYgLTc4NCAtOTI4IDANCnYgLTc2OCAtOTI4IDANCnYgLTc1MiAtOTQ0IDANCnYgLTc2OCAtOTQ0IDANCnYgLTc2OCAtOTI4IDANCnYgLTc1MiAtOTI4IDANCnYgLTczNiAtOTQ0IDANCnYgLTc1MiAtOTQ0IDANCnYgLTc1MiAtOTI4IDANCnYgLTczNiAtOTI4IDANCnYgLTcyMCAtOTQ0IDANCnYgLTczNiAtOTQ0IDANCnYgLTczNiAtOTI4IDANCnYgLTcyMCAtOTI4IDANCnYgLTcwNCAtOTQ0IDANCnYgLTcyMCAtOTQ0IDANCnYgLTcyMCAtOTI4IDANCnYgLTcwNCAtOTI4IDANCnYgLTY4OCAtOTQ0IDANCnYgLTcwNCAtOTQ0IDANCnYgLTcwNCAtOTI4IDANCnYgLTY4OCAtOTI4IDANCnYgLTY3MiAtOTQ0IDANCnYgLTY4OCAtOTQ0IDANCnYgLTY4OCAtOTI4IDANCnYgLTY3MiAtOTI4IDANCnYgLTY1NiAtOTQ0IDANCnYgLTY3MiAtOTQ0IDANCnYgLTY3MiAtOTI4IDANCnYgLTY1NiAtOTI4IDANCnYgLTY0MCAtOTQ0IDANCnYgLTY1NiAtOTQ0IDANCnYgLTY1NiAtOTI4IDANCnYgLTY0MCAtOTI4IDANCnYgLTYyNCAtOTQ0IDANCnYgLTY0MCAtOTQ0IDANCnYgLTY0MCAtOTI4IDANCnYgLTYyNCAtOTI4IDANCnYgLTYwOCAtOTQ0IDANCnYgLTYyNCAtOTQ0IDANCnYgLTYyNCAtOTI4IDANCnYgLTYwOCAtOTI4IDANCnYgLTU5MiAtOTQ0IDANCnYgLTYwOCAtOTQ0IDANCnYgLTYwOCAtOTI4IDANCnYgLTU5MiAtOTI4IDANCnYgLTU3NiAtOTQ0IDANCnYgLTU5MiAtOTQ0IDANCnYgLTU5MiAtOTI4IDANCnYgLTU3NiAtOTI4IDANCnYgLTU2MCAtOTQ0IDANCnYgLTU3NiAtOTQ0IDANCnYgLTU3NiAtOTI4IDANCnYgLTU2MCAtOTI4IDANCnYgLTU0NCAtOTQ0IDANCnYgLTU2MCAtOTQ0IDANCnYgLTU2MCAtOTI4IDANCnYgLTU0NCAtOTI4IDANCnYgLTUyOCAtOTQ0IDANCnYgLTU0NCAtOTQ0IDANCnYgLTU0NCAtOTI4IDANCnYgLTUyOCAtOTI4IDANCnYgLTUxMiAtOTQ0IDANCnYgLTUyOCAtOTQ0IDANCnYgLTUyOCAtOTI4IDANCnYgLTUxMiAtOTI4IDANCnYgLTQ5NiAtOTQ0IDANCnYgLTUxMiAtOTQ0IDANCnYgLTUxMiAtOTI4IDANCnYgLTQ5NiAtOTI4IDANCnYgLTQ4MCAtOTQ0IDANCnYgLTQ5NiAtOTQ0IDANCnYgLTQ5NiAtOTI4IDANCnYgLTQ4MCAtOTI4IDANCnYgLTQ2NCAtOTQ0IDANCnYgLTQ4MCAtOTQ0IDANCnYgLTQ4MCAtOTI4IDANCnYgLTQ2NCAtOTI4IDANCnYgLTQ0OCAtOTQ0IDANCnYgLTQ2NCAtOTQ0IDANCnYgLTQ2NCAtOTI4IDANCnYgLTQ0OCAtOTI4IDANCnYgLTQzMiAtOTQ0IDANCnYgLTQ0OCAtOTQ0IDANCnYgLTQ0OCAtOTI4IDANCnYgLTQzMiAtOTI4IDANCnYgLTQxNiAtOTQ0IDANCnYgLTQzMiAtOTQ0IDANCnYgLTQzMiAtOTI4IDANCnYgLTQxNiAtOTI4IDANCnYgLTQwMCAtOTQ0IDANCnYgLTQxNiAtOTQ0IDANCnYgLTQxNiAtOTI4IDANCnYgLTQwMCAtOTI4IDANCnYgLTM4NCAtOTQ0IDANCnYgLTQwMCAtOTQ0IDANCnYgLTQwMCAtOTI4IDANCnYgLTM4NCAtOTI4IDANCnYgLTM2OCAtOTQ0IDANCnYgLTM4NCAtOTQ0IDANCnYgLTM4NCAtOTI4IDANCnYgLTM2OCAtOTI4IDANCnYgLTM1MiAtOTQ0IDANCnYgLTM2OCAtOTQ0IDANCnYgLTM2OCAtOTI4IDANCnYgLTM1MiAtOTI4IDANCnYgLTMzNiAtOTQ0IDANCnYgLTM1MiAtOTQ0IDANCnYgLTM1MiAtOTI4IDANCnYgLTMzNiAtOTI4IDANCnYgLTMyMCAtOTQ0IDANCnYgLTMzNiAtOTQ0IDANCnYgLTMzNiAtOTI4IDANCnYgLTMyMCAtOTI4IDANCnYgLTMwNCAtOTQ0IDANCnYgLTMyMCAtOTQ0IDANCnYgLTMyMCAtOTI4IDANCnYgLTMwNCAtOTI4IDANCnYgLTI4OCAtOTQ0IDANCnYgLTMwNCAtOTQ0IDANCnYgLTMwNCAtOTI4IDANCnYgLTI4OCAtOTI4IDANCnYgLTI3MiAtOTQ0IDANCnYgLTI4OCAtOTQ0IDANCnYgLTI4OCAtOTI4IDANCnYgLTI3MiAtOTI4IDANCnYgLTI1NiAtOTQ0IDANCnYgLTI3MiAtOTQ0IDANCnYgLTI3MiAtOTI4IDANCnYgLTI1NiAtOTI4IDANCnYgLTI0MCAtOTQ0IDANCnYgLTI1NiAtOTQ0IDANCnYgLTI1NiAtOTI4IDANCnYgLTI0MCAtOTI4IDANCnYgLTIyNCAtOTQ0IDANCnYgLTI0MCAtOTQ0IDANCnYgLTI0MCAtOTI4IDANCnYgLTIyNCAtOTI4IDANCnYgLTIwOCAtOTQ0IDANCnYgLTIyNCAtOTQ0IDANCnYgLTIyNCAtOTI4IDANCnYgLTIwOCAtOTI4IDANCnYgLTE5MiAtOTQ0IDANCnYgLTIwOCAtOTQ0IDANCnYgLTIwOCAtOTI4IDANCnYgLTE5MiAtOTI4IDANCnYgLTE3NiAtOTQ0IDANCnYgLTE5MiAtOTQ0IDANCnYgLTE5MiAtOTI4IDANCnYgLTE3NiAtOTI4IDANCnYgLTE2MCAtOTQ0IDANCnYgLTE3NiAtOTQ0IDANCnYgLTE3NiAtOTI4IDANCnYgLTE2MCAtOTI4IDANCnYgLTE0NCAtOTQ0IDANCnYgLTE2MCAtOTQ0IDANCnYgLTE2MCAtOTI4IDANCnYgLTE0NCAtOTI4IDANCnYgLTEyOCAtOTQ0IDANCnYgLTE0NCAtOTQ0IDANCnYgLTE0NCAtOTI4IDANCnYgLTEyOCAtOTI4IDANCnYgLTExMiAtOTQ0IDANCnYgLTEyOCAtOTQ0IDANCnYgLTEyOCAtOTI4IDANCnYgLTExMiAtOTI4IDANCnYgLTk2IC05NDQgMA0KdiAtMTEyIC05NDQgMA0KdiAtMTEyIC05MjggMA0KdiAtOTYgLTkyOCAwDQp2IC04MCAtOTQ0IDANCnYgLTk2IC05NDQgMA0KdiAtOTYgLTkyOCAwDQp2IC04MCAtOTI4IDANCnYgLTY0IC05NDQgMA0KdiAtODAgLTk0NCAwDQp2IC04MCAtOTI4IDANCnYgLTY0IC05MjggMA0KdiAtNDggLTk0NCAwDQp2IC02NCAtOTQ0IDANCnYgLTY0IC05MjggMA0KdiAtNDggLTkyOCAwDQp2IC0zMiAtOTQ0IDANCnYgLTQ4IC05NDQgMA0KdiAtNDggLTkyOCAwDQp2IC0zMiAtOTI4IDANCnYgLTE2IC05NDQgMA0KdiAtMzIgLTk0NCAwDQp2IC0zMiAtOTI4IDANCnYgLTE2IC05MjggMA0KdiAwIC05NDQgMA0KdiAtMTYgLTk0NCAwDQp2IC0xNiAtOTI4IDANCnYgMCAtOTI4IDANCnYgLTExODQgLTk2MCAwDQp2IC0xMjAwIC05NjAgMA0KdiAtMTIwMCAtOTQ0IDANCnYgLTExODQgLTk0NCAwDQp2IC0xMTY4IC05NjAgMA0KdiAtMTE4NCAtOTYwIDANCnYgLTExODQgLTk0NCAwDQp2IC0xMTY4IC05NDQgMA0KdiAtMTE1MiAtOTYwIDANCnYgLTExNjggLTk2MCAwDQp2IC0xMTY4IC05NDQgMA0KdiAtMTE1MiAtOTQ0IDANCnYgLTExMzYgLTk2MCAwDQp2IC0xMTUyIC05NjAgMA0KdiAtMTE1MiAtOTQ0IDANCnYgLTExMzYgLTk0NCAwDQp2IC0xMTIwIC05NjAgMA0KdiAtMTEzNiAtOTYwIDANCnYgLTExMzYgLTk0NCAwDQp2IC0xMTIwIC05NDQgMA0KdiAtMTEwNCAtOTYwIDANCnYgLTExMjAgLTk2MCAwDQp2IC0xMTIwIC05NDQgMA0KdiAtMTEwNCAtOTQ0IDANCnYgLTEwODggLTk2MCAwDQp2IC0xMTA0IC05NjAgMA0KdiAtMTEwNCAtOTQ0IDANCnYgLTEwODggLTk0NCAwDQp2IC0xMDcyIC05NjAgMA0KdiAtMTA4OCAtOTYwIDANCnYgLTEwODggLTk0NCAwDQp2IC0xMDcyIC05NDQgMA0KdiAtMTA1NiAtOTYwIDANCnYgLTEwNzIgLTk2MCAwDQp2IC0xMDcyIC05NDQgMA0KdiAtMTA1NiAtOTQ0IDANCnYgLTEwNDAgLTk2MCAwDQp2IC0xMDU2IC05NjAgMA0KdiAtMTA1NiAtOTQ0IDANCnYgLTEwNDAgLTk0NCAwDQp2IC0xMDI0IC05NjAgMA0KdiAtMTA0MCAtOTYwIDANCnYgLTEwNDAgLTk0NCAwDQp2IC0xMDI0IC05NDQgMA0KdiAtMTAwOCAtOTYwIDANCnYgLTEwMjQgLTk2MCAwDQp2IC0xMDI0IC05NDQgMA0KdiAtMTAwOCAtOTQ0IDANCnYgLTk5MiAtOTYwIDANCnYgLTEwMDggLTk2MCAwDQp2IC0xMDA4IC05NDQgMA0KdiAtOTkyIC05NDQgMA0KdiAtOTc2IC05NjAgMA0KdiAtOTkyIC05NjAgMA0KdiAtOTkyIC05NDQgMA0KdiAtOTc2IC05NDQgMA0KdiAtOTYwIC05NjAgMA0KdiAtOTc2IC05NjAgMA0KdiAtOTc2IC05NDQgMA0KdiAtOTYwIC05NDQgMA0KdiAtOTQ0IC05NjAgMA0KdiAtOTYwIC05NjAgMA0KdiAtOTYwIC05NDQgMA0KdiAtOTQ0IC05NDQgMA0KdiAtOTI4IC05NjAgMA0KdiAtOTQ0IC05NjAgMA0KdiAtOTQ0IC05NDQgMA0KdiAtOTI4IC05NDQgMA0KdiAtOTEyIC05NjAgMA0KdiAtOTI4IC05NjAgMA0KdiAtOTI4IC05NDQgMA0KdiAtOTEyIC05NDQgMA0KdiAtODk2IC05NjAgMA0KdiAtOTEyIC05NjAgMA0KdiAtOTEyIC05NDQgMA0KdiAtODk2IC05NDQgMA0KdiAtODgwIC05NjAgMA0KdiAtODk2IC05NjAgMA0KdiAtODk2IC05NDQgMA0KdiAtODgwIC05NDQgMA0KdiAtODY0IC05NjAgMA0KdiAtODgwIC05NjAgMA0KdiAtODgwIC05NDQgMA0KdiAtODY0IC05NDQgMA0KdiAtODQ4IC05NjAgMA0KdiAtODY0IC05NjAgMA0KdiAtODY0IC05NDQgMA0KdiAtODQ4IC05NDQgMA0KdiAtODMyIC05NjAgMA0KdiAtODQ4IC05NjAgMA0KdiAtODQ4IC05NDQgMA0KdiAtODMyIC05NDQgMA0KdiAtODE2IC05NjAgMA0KdiAtODMyIC05NjAgMA0KdiAtODMyIC05NDQgMA0KdiAtODE2IC05NDQgMA0KdiAtODAwIC05NjAgMA0KdiAtODE2IC05NjAgMA0KdiAtODE2IC05NDQgMA0KdiAtODAwIC05NDQgMA0KdiAtNzg0IC05NjAgMA0KdiAtODAwIC05NjAgMA0KdiAtODAwIC05NDQgMA0KdiAtNzg0IC05NDQgMA0KdiAtNzY4IC05NjAgMA0KdiAtNzg0IC05NjAgMA0KdiAtNzg0IC05NDQgMA0KdiAtNzY4IC05NDQgMA0KdiAtNzUyIC05NjAgMA0KdiAtNzY4IC05NjAgMA0KdiAtNzY4IC05NDQgMA0KdiAtNzUyIC05NDQgMA0KdiAtNzM2IC05NjAgMA0KdiAtNzUyIC05NjAgMA0KdiAtNzUyIC05NDQgMA0KdiAtNzM2IC05NDQgMA0KdiAtNzIwIC05NjAgMA0KdiAtNzM2IC05NjAgMA0KdiAtNzM2IC05NDQgMA0KdiAtNzIwIC05NDQgMA0KdiAtNzA0IC05NjAgMA0KdiAtNzIwIC05NjAgMA0KdiAtNzIwIC05NDQgMA0KdiAtNzA0IC05NDQgMA0KdiAtNjg4IC05NjAgMA0KdiAtNzA0IC05NjAgMA0KdiAtNzA0IC05NDQgMA0KdiAtNjg4IC05NDQgMA0KdiAtNjcyIC05NjAgMA0KdiAtNjg4IC05NjAgMA0KdiAtNjg4IC05NDQgMA0KdiAtNjcyIC05NDQgMA0KdiAtNjU2IC05NjAgMA0KdiAtNjcyIC05NjAgMA0KdiAtNjcyIC05NDQgMA0KdiAtNjU2IC05NDQgMA0KdiAtNjQwIC05NjAgMA0KdiAtNjU2IC05NjAgMA0KdiAtNjU2IC05NDQgMA0KdiAtNjQwIC05NDQgMA0KdiAtNjI0IC05NjAgMA0KdiAtNjQwIC05NjAgMA0KdiAtNjQwIC05NDQgMA0KdiAtNjI0IC05NDQgMA0KdiAtNjA4IC05NjAgMA0KdiAtNjI0IC05NjAgMA0KdiAtNjI0IC05NDQgMA0KdiAtNjA4IC05NDQgMA0KdiAtNTkyIC05NjAgMA0KdiAtNjA4IC05NjAgMA0KdiAtNjA4IC05NDQgMA0KdiAtNTkyIC05NDQgMA0KdiAtNTc2IC05NjAgMA0KdiAtNTkyIC05NjAgMA0KdiAtNTkyIC05NDQgMA0KdiAtNTc2IC05NDQgMA0KdiAtNTYwIC05NjAgMA0KdiAtNTc2IC05NjAgMA0KdiAtNTc2IC05NDQgMA0KdiAtNTYwIC05NDQgMA0KdiAtNTQ0IC05NjAgMA0KdiAtNTYwIC05NjAgMA0KdiAtNTYwIC05NDQgMA0KdiAtNTQ0IC05NDQgMA0KdiAtNTI4IC05NjAgMA0KdiAtNTQ0IC05NjAgMA0KdiAtNTQ0IC05NDQgMA0KdiAtNTI4IC05NDQgMA0KdiAtNTEyIC05NjAgMA0KdiAtNTI4IC05NjAgMA0KdiAtNTI4IC05NDQgMA0KdiAtNTEyIC05NDQgMA0KdiAtNDk2IC05NjAgMA0KdiAtNTEyIC05NjAgMA0KdiAtNTEyIC05NDQgMA0KdiAtNDk2IC05NDQgMA0KdiAtNDgwIC05NjAgMA0KdiAtNDk2IC05NjAgMA0KdiAtNDk2IC05NDQgMA0KdiAtNDgwIC05NDQgMA0KdiAtNDY0IC05NjAgMA0KdiAtNDgwIC05NjAgMA0KdiAtNDgwIC05NDQgMA0KdiAtNDY0IC05NDQgMA0KdiAtNDQ4IC05NjAgMA0KdiAtNDY0IC05NjAgMA0KdiAtNDY0IC05NDQgMA0KdiAtNDQ4IC05NDQgMA0KdiAtNDMyIC05NjAgMA0KdiAtNDQ4IC05NjAgMA0KdiAtNDQ4IC05NDQgMA0KdiAtNDMyIC05NDQgMA0KdiAtNDE2IC05NjAgMA0KdiAtNDMyIC05NjAgMA0KdiAtNDMyIC05NDQgMA0KdiAtNDE2IC05NDQgMA0KdiAtNDAwIC05NjAgMA0KdiAtNDE2IC05NjAgMA0KdiAtNDE2IC05NDQgMA0KdiAtNDAwIC05NDQgMA0KdiAtMzg0IC05NjAgMA0KdiAtNDAwIC05NjAgMA0KdiAtNDAwIC05NDQgMA0KdiAtMzg0IC05NDQgMA0KdiAtMzY4IC05NjAgMA0KdiAtMzg0IC05NjAgMA0KdiAtMzg0IC05NDQgMA0KdiAtMzY4IC05NDQgMA0KdiAtMzUyIC05NjAgMA0KdiAtMzY4IC05NjAgMA0KdiAtMzY4IC05NDQgMA0KdiAtMzUyIC05NDQgMA0KdiAtMzM2IC05NjAgMA0KdiAtMzUyIC05NjAgMA0KdiAtMzUyIC05NDQgMA0KdiAtMzM2IC05NDQgMA0KdiAtMzIwIC05NjAgMA0KdiAtMzM2IC05NjAgMA0KdiAtMzM2IC05NDQgMA0KdiAtMzIwIC05NDQgMA0KdiAtMzA0IC05NjAgMA0KdiAtMzIwIC05NjAgMA0KdiAtMzIwIC05NDQgMA0KdiAtMzA0IC05NDQgMA0KdiAtMjg4IC05NjAgMA0KdiAtMzA0IC05NjAgMA0KdiAtMzA0IC05NDQgMA0KdiAtMjg4IC05NDQgMA0KdiAtMjcyIC05NjAgMA0KdiAtMjg4IC05NjAgMA0KdiAtMjg4IC05NDQgMA0KdiAtMjcyIC05NDQgMA0KdiAtMjU2IC05NjAgMA0KdiAtMjcyIC05NjAgMA0KdiAtMjcyIC05NDQgMA0KdiAtMjU2IC05NDQgMA0KdiAtMjQwIC05NjAgMA0KdiAtMjU2IC05NjAgMA0KdiAtMjU2IC05NDQgMA0KdiAtMjQwIC05NDQgMA0KdiAtMjI0IC05NjAgMA0KdiAtMjQwIC05NjAgMA0KdiAtMjQwIC05NDQgMA0KdiAtMjI0IC05NDQgMA0KdiAtMjA4IC05NjAgMA0KdiAtMjI0IC05NjAgMA0KdiAtMjI0IC05NDQgMA0KdiAtMjA4IC05NDQgMA0KdiAtMTkyIC05NjAgMA0KdiAtMjA4IC05NjAgMA0KdiAtMjA4IC05NDQgMA0KdiAtMTkyIC05NDQgMA0KdiAtMTc2IC05NjAgMA0KdiAtMTkyIC05NjAgMA0KdiAtMTkyIC05NDQgMA0KdiAtMTc2IC05NDQgMA0KdiAtMTYwIC05NjAgMA0KdiAtMTc2IC05NjAgMA0KdiAtMTc2IC05NDQgMA0KdiAtMTYwIC05NDQgMA0KdiAtMTQ0IC05NjAgMA0KdiAtMTYwIC05NjAgMA0KdiAtMTYwIC05NDQgMA0KdiAtMTQ0IC05NDQgMA0KdiAtMTI4IC05NjAgMA0KdiAtMTQ0IC05NjAgMA0KdiAtMTQ0IC05NDQgMA0KdiAtMTI4IC05NDQgMA0KdiAtMTEyIC05NjAgMA0KdiAtMTI4IC05NjAgMA0KdiAtMTI4IC05NDQgMA0KdiAtMTEyIC05NDQgMA0KdiAtOTYgLTk2MCAwDQp2IC0xMTIgLTk2MCAwDQp2IC0xMTIgLTk0NCAwDQp2IC05NiAtOTQ0IDANCnYgLTgwIC05NjAgMA0KdiAtOTYgLTk2MCAwDQp2IC05NiAtOTQ0IDANCnYgLTgwIC05NDQgMA0KdiAtNjQgLTk2MCAwDQp2IC04MCAtOTYwIDANCnYgLTgwIC05NDQgMA0KdiAtNjQgLTk0NCAwDQp2IC00OCAtOTYwIDANCnYgLTY0IC05NjAgMA0KdiAtNjQgLTk0NCAwDQp2IC00OCAtOTQ0IDANCnYgLTMyIC05NjAgMA0KdiAtNDggLTk2MCAwDQp2IC00OCAtOTQ0IDANCnYgLTMyIC05NDQgMA0KdiAtMTYgLTk2MCAwDQp2IC0zMiAtOTYwIDANCnYgLTMyIC05NDQgMA0KdiAtMTYgLTk0NCAwDQp2IDAgLTk2MCAwDQp2IC0xNiAtOTYwIDANCnYgLTE2IC05NDQgMA0KdiAwIC05NDQgMA0KdiAtMTE4NCAtOTc2IDANCnYgLTEyMDAgLTk3NiAwDQp2IC0xMjAwIC05NjAgMA0KdiAtMTE4NCAtOTYwIDANCnYgLTExNjggLTk3NiAwDQp2IC0xMTg0IC05NzYgMA0KdiAtMTE4NCAtOTYwIDANCnYgLTExNjggLTk2MCAwDQp2IC0xMTUyIC05NzYgMA0KdiAtMTE2OCAtOTc2IDANCnYgLTExNjggLTk2MCAwDQp2IC0xMTUyIC05NjAgMA0KdiAtMTEzNiAtOTc2IDANCnYgLTExNTIgLTk3NiAwDQp2IC0xMTUyIC05NjAgMA0KdiAtMTEzNiAtOTYwIDANCnYgLTExMjAgLTk3NiAwDQp2IC0xMTM2IC05NzYgMA0KdiAtMTEzNiAtOTYwIDANCnYgLTExMjAgLTk2MCAwDQp2IC0xMTA0IC05NzYgMA0KdiAtMTEyMCAtOTc2IDANCnYgLTExMjAgLTk2MCAwDQp2IC0xMTA0IC05NjAgMA0KdiAtMTA4OCAtOTc2IDANCnYgLTExMDQgLTk3NiAwDQp2IC0xMTA0IC05NjAgMA0KdiAtMTA4OCAtOTYwIDANCnYgLTEwNzIgLTk3NiAwDQp2IC0xMDg4IC05NzYgMA0KdiAtMTA4OCAtOTYwIDANCnYgLTEwNzIgLTk2MCAwDQp2IC0xMDU2IC05NzYgMA0KdiAtMTA3MiAtOTc2IDANCnYgLTEwNzIgLTk2MCAwDQp2IC0xMDU2IC05NjAgMA0KdiAtMTA0MCAtOTc2IDANCnYgLTEwNTYgLTk3NiAwDQp2IC0xMDU2IC05NjAgMA0KdiAtMTA0MCAtOTYwIDANCnYgLTEwMjQgLTk3NiAwDQp2IC0xMDQwIC05NzYgMA0KdiAtMTA0MCAtOTYwIDANCnYgLTEwMjQgLTk2MCAwDQp2IC0xMDA4IC05NzYgMA0KdiAtMTAyNCAtOTc2IDANCnYgLTEwMjQgLTk2MCAwDQp2IC0xMDA4IC05NjAgMA0KdiAtOTkyIC05NzYgMA0KdiAtMTAwOCAtOTc2IDANCnYgLTEwMDggLTk2MCAwDQp2IC05OTIgLTk2MCAwDQp2IC05NzYgLTk3NiAwDQp2IC05OTIgLTk3NiAwDQp2IC05OTIgLTk2MCAwDQp2IC05NzYgLTk2MCAwDQp2IC05NjAgLTk3NiAwDQp2IC05NzYgLTk3NiAwDQp2IC05NzYgLTk2MCAwDQp2IC05NjAgLTk2MCAwDQp2IC05NDQgLTk3NiAwDQp2IC05NjAgLTk3NiAwDQp2IC05NjAgLTk2MCAwDQp2IC05NDQgLTk2MCAwDQp2IC05MjggLTk3NiAwDQp2IC05NDQgLTk3NiAwDQp2IC05NDQgLTk2MCAwDQp2IC05MjggLTk2MCAwDQp2IC05MTIgLTk3NiAwDQp2IC05MjggLTk3NiAwDQp2IC05MjggLTk2MCAwDQp2IC05MTIgLTk2MCAwDQp2IC04OTYgLTk3NiAwDQp2IC05MTIgLTk3NiAwDQp2IC05MTIgLTk2MCAwDQp2IC04OTYgLTk2MCAwDQp2IC04ODAgLTk3NiAwDQp2IC04OTYgLTk3NiAwDQp2IC04OTYgLTk2MCAwDQp2IC04ODAgLTk2MCAwDQp2IC04NjQgLTk3NiAwDQp2IC04ODAgLTk3NiAwDQp2IC04ODAgLTk2MCAwDQp2IC04NjQgLTk2MCAwDQp2IC04NDggLTk3NiAwDQp2IC04NjQgLTk3NiAwDQp2IC04NjQgLTk2MCAwDQp2IC04NDggLTk2MCAwDQp2IC04MzIgLTk3NiAwDQp2IC04NDggLTk3NiAwDQp2IC04NDggLTk2MCAwDQp2IC04MzIgLTk2MCAwDQp2IC04MTYgLTk3NiAwDQp2IC04MzIgLTk3NiAwDQp2IC04MzIgLTk2MCAwDQp2IC04MTYgLTk2MCAwDQp2IC04MDAgLTk3NiAwDQp2IC04MTYgLTk3NiAwDQp2IC04MTYgLTk2MCAwDQp2IC04MDAgLTk2MCAwDQp2IC03ODQgLTk3NiAwDQp2IC04MDAgLTk3NiAwDQp2IC04MDAgLTk2MCAwDQp2IC03ODQgLTk2MCAwDQp2IC03NjggLTk3NiAwDQp2IC03ODQgLTk3NiAwDQp2IC03ODQgLTk2MCAwDQp2IC03NjggLTk2MCAwDQp2IC03NTIgLTk3NiAwDQp2IC03NjggLTk3NiAwDQp2IC03NjggLTk2MCAwDQp2IC03NTIgLTk2MCAwDQp2IC03MzYgLTk3NiAwDQp2IC03NTIgLTk3NiAwDQp2IC03NTIgLTk2MCAwDQp2IC03MzYgLTk2MCAwDQp2IC03MjAgLTk3NiAwDQp2IC03MzYgLTk3NiAwDQp2IC03MzYgLTk2MCAwDQp2IC03MjAgLTk2MCAwDQp2IC03MDQgLTk3NiAwDQp2IC03MjAgLTk3NiAwDQp2IC03MjAgLTk2MCAwDQp2IC03MDQgLTk2MCAwDQp2IC02ODggLTk3NiAwDQp2IC03MDQgLTk3NiAwDQp2IC03MDQgLTk2MCAwDQp2IC02ODggLTk2MCAwDQp2IC02NzIgLTk3NiAwDQp2IC02ODggLTk3NiAwDQp2IC02ODggLTk2MCAwDQp2IC02NzIgLTk2MCAwDQp2IC02NTYgLTk3NiAwDQp2IC02NzIgLTk3NiAwDQp2IC02NzIgLTk2MCAwDQp2IC02NTYgLTk2MCAwDQp2IC02NDAgLTk3NiAwDQp2IC02NTYgLTk3NiAwDQp2IC02NTYgLTk2MCAwDQp2IC02NDAgLTk2MCAwDQp2IC02MjQgLTk3NiAwDQp2IC02NDAgLTk3NiAwDQp2IC02NDAgLTk2MCAwDQp2IC02MjQgLTk2MCAwDQp2IC02MDggLTk3NiAwDQp2IC02MjQgLTk3NiAwDQp2IC02MjQgLTk2MCAwDQp2IC02MDggLTk2MCAwDQp2IC01OTIgLTk3NiAwDQp2IC02MDggLTk3NiAwDQp2IC02MDggLTk2MCAwDQp2IC01OTIgLTk2MCAwDQp2IC01NzYgLTk3NiAwDQp2IC01OTIgLTk3NiAwDQp2IC01OTIgLTk2MCAwDQp2IC01NzYgLTk2MCAwDQp2IC01NjAgLTk3NiAwDQp2IC01NzYgLTk3NiAwDQp2IC01NzYgLTk2MCAwDQp2IC01NjAgLTk2MCAwDQp2IC01NDQgLTk3NiAwDQp2IC01NjAgLTk3NiAwDQp2IC01NjAgLTk2MCAwDQp2IC01NDQgLTk2MCAwDQp2IC01MjggLTk3NiAwDQp2IC01NDQgLTk3NiAwDQp2IC01NDQgLTk2MCAwDQp2IC01MjggLTk2MCAwDQp2IC01MTIgLTk3NiAwDQp2IC01MjggLTk3NiAwDQp2IC01MjggLTk2MCAwDQp2IC01MTIgLTk2MCAwDQp2IC00OTYgLTk3NiAwDQp2IC01MTIgLTk3NiAwDQp2IC01MTIgLTk2MCAwDQp2IC00OTYgLTk2MCAwDQp2IC00ODAgLTk3NiAwDQp2IC00OTYgLTk3NiAwDQp2IC00OTYgLTk2MCAwDQp2IC00ODAgLTk2MCAwDQp2IC00NjQgLTk3NiAwDQp2IC00ODAgLTk3NiAwDQp2IC00ODAgLTk2MCAwDQp2IC00NjQgLTk2MCAwDQp2IC00NDggLTk3NiAwDQp2IC00NjQgLTk3NiAwDQp2IC00NjQgLTk2MCAwDQp2IC00NDggLTk2MCAwDQp2IC00MzIgLTk3NiAwDQp2IC00NDggLTk3NiAwDQp2IC00NDggLTk2MCAwDQp2IC00MzIgLTk2MCAwDQp2IC00MTYgLTk3NiAwDQp2IC00MzIgLTk3NiAwDQp2IC00MzIgLTk2MCAwDQp2IC00MTYgLTk2MCAwDQp2IC00MDAgLTk3NiAwDQp2IC00MTYgLTk3NiAwDQp2IC00MTYgLTk2MCAwDQp2IC00MDAgLTk2MCAwDQp2IC0zODQgLTk3NiAwDQp2IC00MDAgLTk3NiAwDQp2IC00MDAgLTk2MCAwDQp2IC0zODQgLTk2MCAwDQp2IC0zNjggLTk3NiAwDQp2IC0zODQgLTk3NiAwDQp2IC0zODQgLTk2MCAwDQp2IC0zNjggLTk2MCAwDQp2IC0zNTIgLTk3NiAwDQp2IC0zNjggLTk3NiAwDQp2IC0zNjggLTk2MCAwDQp2IC0zNTIgLTk2MCAwDQp2IC0zMzYgLTk3NiAwDQp2IC0zNTIgLTk3NiAwDQp2IC0zNTIgLTk2MCAwDQp2IC0zMzYgLTk2MCAwDQp2IC0zMjAgLTk3NiAwDQp2IC0zMzYgLTk3NiAwDQp2IC0zMzYgLTk2MCAwDQp2IC0zMjAgLTk2MCAwDQp2IC0zMDQgLTk3NiAwDQp2IC0zMjAgLTk3NiAwDQp2IC0zMjAgLTk2MCAwDQp2IC0zMDQgLTk2MCAwDQp2IC0yODggLTk3NiAwDQp2IC0zMDQgLTk3NiAwDQp2IC0zMDQgLTk2MCAwDQp2IC0yODggLTk2MCAwDQp2IC0yNzIgLTk3NiAwDQp2IC0yODggLTk3NiAwDQp2IC0yODggLTk2MCAwDQp2IC0yNzIgLTk2MCAwDQp2IC0yNTYgLTk3NiAwDQp2IC0yNzIgLTk3NiAwDQp2IC0yNzIgLTk2MCAwDQp2IC0yNTYgLTk2MCAwDQp2IC0yNDAgLTk3NiAwDQp2IC0yNTYgLTk3NiAwDQp2IC0yNTYgLTk2MCAwDQp2IC0yNDAgLTk2MCAwDQp2IC0yMjQgLTk3NiAwDQp2IC0yNDAgLTk3NiAwDQp2IC0yNDAgLTk2MCAwDQp2IC0yMjQgLTk2MCAwDQp2IC0yMDggLTk3NiAwDQp2IC0yMjQgLTk3NiAwDQp2IC0yMjQgLTk2MCAwDQp2IC0yMDggLTk2MCAwDQp2IC0xOTIgLTk3NiAwDQp2IC0yMDggLTk3NiAwDQp2IC0yMDggLTk2MCAwDQp2IC0xOTIgLTk2MCAwDQp2IC0xNzYgLTk3NiAwDQp2IC0xOTIgLTk3NiAwDQp2IC0xOTIgLTk2MCAwDQp2IC0xNzYgLTk2MCAwDQp2IC0xNjAgLTk3NiAwDQp2IC0xNzYgLTk3NiAwDQp2IC0xNzYgLTk2MCAwDQp2IC0xNjAgLTk2MCAwDQp2IC0xNDQgLTk3NiAwDQp2IC0xNjAgLTk3NiAwDQp2IC0xNjAgLTk2MCAwDQp2IC0xNDQgLTk2MCAwDQp2IC0xMjggLTk3NiAwDQp2IC0xNDQgLTk3NiAwDQp2IC0xNDQgLTk2MCAwDQp2IC0xMjggLTk2MCAwDQp2IC0xMTIgLTk3NiAwDQp2IC0xMjggLTk3NiAwDQp2IC0xMjggLTk2MCAwDQp2IC0xMTIgLTk2MCAwDQp2IC05NiAtOTc2IDANCnYgLTExMiAtOTc2IDANCnYgLTExMiAtOTYwIDANCnYgLTk2IC05NjAgMA0KdiAtODAgLTk3NiAwDQp2IC05NiAtOTc2IDANCnYgLTk2IC05NjAgMA0KdiAtODAgLTk2MCAwDQp2IC02NCAtOTc2IDANCnYgLTgwIC05NzYgMA0KdiAtODAgLTk2MCAwDQp2IC02NCAtOTYwIDANCnYgLTQ4IC05NzYgMA0KdiAtNjQgLTk3NiAwDQp2IC02NCAtOTYwIDANCnYgLTQ4IC05NjAgMA0KdiAtMzIgLTk3NiAwDQp2IC00OCAtOTc2IDANCnYgLTQ4IC05NjAgMA0KdiAtMzIgLTk2MCAwDQp2IC0xNiAtOTc2IDANCnYgLTMyIC05NzYgMA0KdiAtMzIgLTk2MCAwDQp2IC0xNiAtOTYwIDANCnYgMCAtOTc2IDANCnYgLTE2IC05NzYgMA0KdiAtMTYgLTk2MCAwDQp2IDAgLTk2MCAwDQp2IC0xMTg0IC05OTIgMA0KdiAtMTIwMCAtOTkyIDANCnYgLTEyMDAgLTk3NiAwDQp2IC0xMTg0IC05NzYgMA0KdiAtMTE2OCAtOTkyIDANCnYgLTExODQgLTk5MiAwDQp2IC0xMTg0IC05NzYgMA0KdiAtMTE2OCAtOTc2IDANCnYgLTExNTIgLTk5MiAwDQp2IC0xMTY4IC05OTIgMA0KdiAtMTE2OCAtOTc2IDANCnYgLTExNTIgLTk3NiAwDQp2IC0xMTM2IC05OTIgMA0KdiAtMTE1MiAtOTkyIDANCnYgLTExNTIgLTk3NiAwDQp2IC0xMTM2IC05NzYgMA0KdiAtMTEyMCAtOTkyIDANCnYgLTExMzYgLTk5MiAwDQp2IC0xMTM2IC05NzYgMA0KdiAtMTEyMCAtOTc2IDANCnYgLTExMDQgLTk5MiAwDQp2IC0xMTIwIC05OTIgMA0KdiAtMTEyMCAtOTc2IDANCnYgLTExMDQgLTk3NiAwDQp2IC0xMDg4IC05OTIgMA0KdiAtMTEwNCAtOTkyIDANCnYgLTExMDQgLTk3NiAwDQp2IC0xMDg4IC05NzYgMA0KdiAtMTA3MiAtOTkyIDANCnYgLTEwODggLTk5MiAwDQp2IC0xMDg4IC05NzYgMA0KdiAtMTA3MiAtOTc2IDANCnYgLTEwNTYgLTk5MiAwDQp2IC0xMDcyIC05OTIgMA0KdiAtMTA3MiAtOTc2IDANCnYgLTEwNTYgLTk3NiAwDQp2IC0xMDQwIC05OTIgMA0KdiAtMTA1NiAtOTkyIDANCnYgLTEwNTYgLTk3NiAwDQp2IC0xMDQwIC05NzYgMA0KdiAtMTAyNCAtOTkyIDANCnYgLTEwNDAgLTk5MiAwDQp2IC0xMDQwIC05NzYgMA0KdiAtMTAyNCAtOTc2IDANCnYgLTEwMDggLTk5MiAwDQp2IC0xMDI0IC05OTIgMA0KdiAtMTAyNCAtOTc2IDANCnYgLTEwMDggLTk3NiAwDQp2IC05OTIgLTk5MiAwDQp2IC0xMDA4IC05OTIgMA0KdiAtMTAwOCAtOTc2IDANCnYgLTk5MiAtOTc2IDANCnYgLTk3NiAtOTkyIDANCnYgLTk5MiAtOTkyIDANCnYgLTk5MiAtOTc2IDANCnYgLTk3NiAtOTc2IDANCnYgLTk2MCAtOTkyIDANCnYgLTk3NiAtOTkyIDANCnYgLTk3NiAtOTc2IDANCnYgLTk2MCAtOTc2IDANCnYgLTk0NCAtOTkyIDANCnYgLTk2MCAtOTkyIDANCnYgLTk2MCAtOTc2IDANCnYgLTk0NCAtOTc2IDANCnYgLTkyOCAtOTkyIDANCnYgLTk0NCAtOTkyIDANCnYgLTk0NCAtOTc2IDANCnYgLTkyOCAtOTc2IDANCnYgLTkxMiAtOTkyIDANCnYgLTkyOCAtOTkyIDANCnYgLTkyOCAtOTc2IDANCnYgLTkxMiAtOTc2IDANCnYgLTg5NiAtOTkyIDANCnYgLTkxMiAtOTkyIDANCnYgLTkxMiAtOTc2IDANCnYgLTg5NiAtOTc2IDANCnYgLTg4MCAtOTkyIDANCnYgLTg5NiAtOTkyIDANCnYgLTg5NiAtOTc2IDANCnYgLTg4MCAtOTc2IDANCnYgLTg2NCAtOTkyIDANCnYgLTg4MCAtOTkyIDANCnYgLTg4MCAtOTc2IDANCnYgLTg2NCAtOTc2IDANCnYgLTg0OCAtOTkyIDANCnYgLTg2NCAtOTkyIDANCnYgLTg2NCAtOTc2IDANCnYgLTg0OCAtOTc2IDANCnYgLTgzMiAtOTkyIDANCnYgLTg0OCAtOTkyIDANCnYgLTg0OCAtOTc2IDANCnYgLTgzMiAtOTc2IDANCnYgLTgxNiAtOTkyIDANCnYgLTgzMiAtOTkyIDANCnYgLTgzMiAtOTc2IDANCnYgLTgxNiAtOTc2IDANCnYgLTgwMCAtOTkyIDANCnYgLTgxNiAtOTkyIDANCnYgLTgxNiAtOTc2IDANCnYgLTgwMCAtOTc2IDANCnYgLTc4NCAtOTkyIDANCnYgLTgwMCAtOTkyIDANCnYgLTgwMCAtOTc2IDANCnYgLTc4NCAtOTc2IDANCnYgLTc2OCAtOTkyIDANCnYgLTc4NCAtOTkyIDANCnYgLTc4NCAtOTc2IDANCnYgLTc2OCAtOTc2IDANCnYgLTc1MiAtOTkyIDANCnYgLTc2OCAtOTkyIDANCnYgLTc2OCAtOTc2IDANCnYgLTc1MiAtOTc2IDANCnYgLTczNiAtOTkyIDANCnYgLTc1MiAtOTkyIDANCnYgLTc1MiAtOTc2IDANCnYgLTczNiAtOTc2IDANCnYgLTcyMCAtOTkyIDANCnYgLTczNiAtOTkyIDANCnYgLTczNiAtOTc2IDANCnYgLTcyMCAtOTc2IDANCnYgLTcwNCAtOTkyIDANCnYgLTcyMCAtOTkyIDANCnYgLTcyMCAtOTc2IDANCnYgLTcwNCAtOTc2IDANCnYgLTY4OCAtOTkyIDANCnYgLTcwNCAtOTkyIDANCnYgLTcwNCAtOTc2IDANCnYgLTY4OCAtOTc2IDANCnYgLTY3MiAtOTkyIDANCnYgLTY4OCAtOTkyIDANCnYgLTY4OCAtOTc2IDANCnYgLTY3MiAtOTc2IDANCnYgLTY1NiAtOTkyIDANCnYgLTY3MiAtOTkyIDANCnYgLTY3MiAtOTc2IDANCnYgLTY1NiAtOTc2IDANCnYgLTY0MCAtOTkyIDANCnYgLTY1NiAtOTkyIDANCnYgLTY1NiAtOTc2IDANCnYgLTY0MCAtOTc2IDANCnYgLTYyNCAtOTkyIDANCnYgLTY0MCAtOTkyIDANCnYgLTY0MCAtOTc2IDANCnYgLTYyNCAtOTc2IDANCnYgLTYwOCAtOTkyIDANCnYgLTYyNCAtOTkyIDANCnYgLTYyNCAtOTc2IDANCnYgLTYwOCAtOTc2IDANCnYgLTU5MiAtOTkyIDANCnYgLTYwOCAtOTkyIDANCnYgLTYwOCAtOTc2IDANCnYgLTU5MiAtOTc2IDANCnYgLTU3NiAtOTkyIDANCnYgLTU5MiAtOTkyIDANCnYgLTU5MiAtOTc2IDANCnYgLTU3NiAtOTc2IDANCnYgLTU2MCAtOTkyIDANCnYgLTU3NiAtOTkyIDANCnYgLTU3NiAtOTc2IDANCnYgLTU2MCAtOTc2IDANCnYgLTU0NCAtOTkyIDANCnYgLTU2MCAtOTkyIDANCnYgLTU2MCAtOTc2IDANCnYgLTU0NCAtOTc2IDANCnYgLTUyOCAtOTkyIDANCnYgLTU0NCAtOTkyIDANCnYgLTU0NCAtOTc2IDANCnYgLTUyOCAtOTc2IDANCnYgLTUxMiAtOTkyIDANCnYgLTUyOCAtOTkyIDANCnYgLTUyOCAtOTc2IDANCnYgLTUxMiAtOTc2IDANCnYgLTQ5NiAtOTkyIDANCnYgLTUxMiAtOTkyIDANCnYgLTUxMiAtOTc2IDANCnYgLTQ5NiAtOTc2IDANCnYgLTQ4MCAtOTkyIDANCnYgLTQ5NiAtOTkyIDANCnYgLTQ5NiAtOTc2IDANCnYgLTQ4MCAtOTc2IDANCnYgLTQ2NCAtOTkyIDANCnYgLTQ4MCAtOTkyIDANCnYgLTQ4MCAtOTc2IDANCnYgLTQ2NCAtOTc2IDANCnYgLTQ0OCAtOTkyIDANCnYgLTQ2NCAtOTkyIDANCnYgLTQ2NCAtOTc2IDANCnYgLTQ0OCAtOTc2IDANCnYgLTQzMiAtOTkyIDANCnYgLTQ0OCAtOTkyIDANCnYgLTQ0OCAtOTc2IDANCnYgLTQzMiAtOTc2IDANCnYgLTQxNiAtOTkyIDANCnYgLTQzMiAtOTkyIDANCnYgLTQzMiAtOTc2IDANCnYgLTQxNiAtOTc2IDANCnYgLTQwMCAtOTkyIDANCnYgLTQxNiAtOTkyIDANCnYgLTQxNiAtOTc2IDANCnYgLTQwMCAtOTc2IDANCnYgLTM4NCAtOTkyIDANCnYgLTQwMCAtOTkyIDANCnYgLTQwMCAtOTc2IDANCnYgLTM4NCAtOTc2IDANCnYgLTM2OCAtOTkyIDANCnYgLTM4NCAtOTkyIDANCnYgLTM4NCAtOTc2IDANCnYgLTM2OCAtOTc2IDANCnYgLTM1MiAtOTkyIDANCnYgLTM2OCAtOTkyIDANCnYgLTM2OCAtOTc2IDANCnYgLTM1MiAtOTc2IDANCnYgLTMzNiAtOTkyIDANCnYgLTM1MiAtOTkyIDANCnYgLTM1MiAtOTc2IDANCnYgLTMzNiAtOTc2IDANCnYgLTMyMCAtOTkyIDANCnYgLTMzNiAtOTkyIDANCnYgLTMzNiAtOTc2IDANCnYgLTMyMCAtOTc2IDANCnYgLTMwNCAtOTkyIDANCnYgLTMyMCAtOTkyIDANCnYgLTMyMCAtOTc2IDANCnYgLTMwNCAtOTc2IDANCnYgLTI4OCAtOTkyIDANCnYgLTMwNCAtOTkyIDANCnYgLTMwNCAtOTc2IDANCnYgLTI4OCAtOTc2IDANCnYgLTI3MiAtOTkyIDANCnYgLTI4OCAtOTkyIDANCnYgLTI4OCAtOTc2IDANCnYgLTI3MiAtOTc2IDANCnYgLTI1NiAtOTkyIDANCnYgLTI3MiAtOTkyIDANCnYgLTI3MiAtOTc2IDANCnYgLTI1NiAtOTc2IDANCnYgLTI0MCAtOTkyIDANCnYgLTI1NiAtOTkyIDANCnYgLTI1NiAtOTc2IDANCnYgLTI0MCAtOTc2IDANCnYgLTIyNCAtOTkyIDANCnYgLTI0MCAtOTkyIDANCnYgLTI0MCAtOTc2IDANCnYgLTIyNCAtOTc2IDANCnYgLTIwOCAtOTkyIDANCnYgLTIyNCAtOTkyIDANCnYgLTIyNCAtOTc2IDANCnYgLTIwOCAtOTc2IDANCnYgLTE5MiAtOTkyIDANCnYgLTIwOCAtOTkyIDANCnYgLTIwOCAtOTc2IDANCnYgLTE5MiAtOTc2IDANCnYgLTE3NiAtOTkyIDANCnYgLTE5MiAtOTkyIDANCnYgLTE5MiAtOTc2IDANCnYgLTE3NiAtOTc2IDANCnYgLTE2MCAtOTkyIDANCnYgLTE3NiAtOTkyIDANCnYgLTE3NiAtOTc2IDANCnYgLTE2MCAtOTc2IDANCnYgLTE0NCAtOTkyIDANCnYgLTE2MCAtOTkyIDANCnYgLTE2MCAtOTc2IDANCnYgLTE0NCAtOTc2IDANCnYgLTEyOCAtOTkyIDANCnYgLTE0NCAtOTkyIDANCnYgLTE0NCAtOTc2IDANCnYgLTEyOCAtOTc2IDANCnYgLTExMiAtOTkyIDANCnYgLTEyOCAtOTkyIDANCnYgLTEyOCAtOTc2IDANCnYgLTExMiAtOTc2IDANCnYgLTk2IC05OTIgMA0KdiAtMTEyIC05OTIgMA0KdiAtMTEyIC05NzYgMA0KdiAtOTYgLTk3NiAwDQp2IC04MCAtOTkyIDANCnYgLTk2IC05OTIgMA0KdiAtOTYgLTk3NiAwDQp2IC04MCAtOTc2IDANCnYgLTY0IC05OTIgMA0KdiAtODAgLTk5MiAwDQp2IC04MCAtOTc2IDANCnYgLTY0IC05NzYgMA0KdiAtNDggLTk5MiAwDQp2IC02NCAtOTkyIDANCnYgLTY0IC05NzYgMA0KdiAtNDggLTk3NiAwDQp2IC0zMiAtOTkyIDANCnYgLTQ4IC05OTIgMA0KdiAtNDggLTk3NiAwDQp2IC0zMiAtOTc2IDANCnYgLTE2IC05OTIgMA0KdiAtMzIgLTk5MiAwDQp2IC0zMiAtOTc2IDANCnYgLTE2IC05NzYgMA0KdiAwIC05OTIgMA0KdiAtMTYgLTk5MiAwDQp2IC0xNiAtOTc2IDANCnYgMCAtOTc2IDANCnYgLTExODQgLTEwMDggMA0KdiAtMTIwMCAtMTAwOCAwDQp2IC0xMjAwIC05OTIgMA0KdiAtMTE4NCAtOTkyIDANCnYgLTExNjggLTEwMDggMA0KdiAtMTE4NCAtMTAwOCAwDQp2IC0xMTg0IC05OTIgMA0KdiAtMTE2OCAtOTkyIDANCnYgLTExNTIgLTEwMDggMA0KdiAtMTE2OCAtMTAwOCAwDQp2IC0xMTY4IC05OTIgMA0KdiAtMTE1MiAtOTkyIDANCnYgLTExMzYgLTEwMDggMA0KdiAtMTE1MiAtMTAwOCAwDQp2IC0xMTUyIC05OTIgMA0KdiAtMTEzNiAtOTkyIDANCnYgLTExMjAgLTEwMDggMA0KdiAtMTEzNiAtMTAwOCAwDQp2IC0xMTM2IC05OTIgMA0KdiAtMTEyMCAtOTkyIDANCnYgLTExMDQgLTEwMDggMA0KdiAtMTEyMCAtMTAwOCAwDQp2IC0xMTIwIC05OTIgMA0KdiAtMTEwNCAtOTkyIDANCnYgLTEwODggLTEwMDggMA0KdiAtMTEwNCAtMTAwOCAwDQp2IC0xMTA0IC05OTIgMA0KdiAtMTA4OCAtOTkyIDANCnYgLTEwNzIgLTEwMDggMA0KdiAtMTA4OCAtMTAwOCAwDQp2IC0xMDg4IC05OTIgMA0KdiAtMTA3MiAtOTkyIDANCnYgLTEwNTYgLTEwMDggMA0KdiAtMTA3MiAtMTAwOCAwDQp2IC0xMDcyIC05OTIgMA0KdiAtMTA1NiAtOTkyIDANCnYgLTEwNDAgLTEwMDggMA0KdiAtMTA1NiAtMTAwOCAwDQp2IC0xMDU2IC05OTIgMA0KdiAtMTA0MCAtOTkyIDANCnYgLTEwMjQgLTEwMDggMA0KdiAtMTA0MCAtMTAwOCAwDQp2IC0xMDQwIC05OTIgMA0KdiAtMTAyNCAtOTkyIDANCnYgLTEwMDggLTEwMDggMA0KdiAtMTAyNCAtMTAwOCAwDQp2IC0xMDI0IC05OTIgMA0KdiAtMTAwOCAtOTkyIDANCnYgLTk5MiAtMTAwOCAwDQp2IC0xMDA4IC0xMDA4IDANCnYgLTEwMDggLTk5MiAwDQp2IC05OTIgLTk5MiAwDQp2IC05NzYgLTEwMDggMA0KdiAtOTkyIC0xMDA4IDANCnYgLTk5MiAtOTkyIDANCnYgLTk3NiAtOTkyIDANCnYgLTk2MCAtMTAwOCAwDQp2IC05NzYgLTEwMDggMA0KdiAtOTc2IC05OTIgMA0KdiAtOTYwIC05OTIgMA0KdiAtOTQ0IC0xMDA4IDANCnYgLTk2MCAtMTAwOCAwDQp2IC05NjAgLTk5MiAwDQp2IC05NDQgLTk5MiAwDQp2IC05MjggLTEwMDggMA0KdiAtOTQ0IC0xMDA4IDANCnYgLTk0NCAtOTkyIDANCnYgLTkyOCAtOTkyIDANCnYgLTkxMiAtMTAwOCAwDQp2IC05MjggLTEwMDggMA0KdiAtOTI4IC05OTIgMA0KdiAtOTEyIC05OTIgMA0KdiAtODk2IC0xMDA4IDANCnYgLTkxMiAtMTAwOCAwDQp2IC05MTIgLTk5MiAwDQp2IC04OTYgLTk5MiAwDQp2IC04ODAgLTEwMDggMA0KdiAtODk2IC0xMDA4IDANCnYgLTg5NiAtOTkyIDANCnYgLTg4MCAtOTkyIDANCnYgLTg2NCAtMTAwOCAwDQp2IC04ODAgLTEwMDggMA0KdiAtODgwIC05OTIgMA0KdiAtODY0IC05OTIgMA0KdiAtODQ4IC0xMDA4IDANCnYgLTg2NCAtMTAwOCAwDQp2IC04NjQgLTk5MiAwDQp2IC04NDggLTk5MiAwDQp2IC04MzIgLTEwMDggMA0KdiAtODQ4IC0xMDA4IDANCnYgLTg0OCAtOTkyIDANCnYgLTgzMiAtOTkyIDANCnYgLTgxNiAtMTAwOCAwDQp2IC04MzIgLTEwMDggMA0KdiAtODMyIC05OTIgMA0KdiAtODE2IC05OTIgMA0KdiAtODAwIC0xMDA4IDANCnYgLTgxNiAtMTAwOCAwDQp2IC04MTYgLTk5MiAwDQp2IC04MDAgLTk5MiAwDQp2IC03ODQgLTEwMDggMA0KdiAtODAwIC0xMDA4IDANCnYgLTgwMCAtOTkyIDANCnYgLTc4NCAtOTkyIDANCnYgLTc2OCAtMTAwOCAwDQp2IC03ODQgLTEwMDggMA0KdiAtNzg0IC05OTIgMA0KdiAtNzY4IC05OTIgMA0KdiAtNzUyIC0xMDA4IDANCnYgLTc2OCAtMTAwOCAwDQp2IC03NjggLTk5MiAwDQp2IC03NTIgLTk5MiAwDQp2IC03MzYgLTEwMDggMA0KdiAtNzUyIC0xMDA4IDANCnYgLTc1MiAtOTkyIDANCnYgLTczNiAtOTkyIDANCnYgLTcyMCAtMTAwOCAwDQp2IC03MzYgLTEwMDggMA0KdiAtNzM2IC05OTIgMA0KdiAtNzIwIC05OTIgMA0KdiAtNzA0IC0xMDA4IDANCnYgLTcyMCAtMTAwOCAwDQp2IC03MjAgLTk5MiAwDQp2IC03MDQgLTk5MiAwDQp2IC02ODggLTEwMDggMA0KdiAtNzA0IC0xMDA4IDANCnYgLTcwNCAtOTkyIDANCnYgLTY4OCAtOTkyIDANCnYgLTY3MiAtMTAwOCAwDQp2IC02ODggLTEwMDggMA0KdiAtNjg4IC05OTIgMA0KdiAtNjcyIC05OTIgMA0KdiAtNjU2IC0xMDA4IDANCnYgLTY3MiAtMTAwOCAwDQp2IC02NzIgLTk5MiAwDQp2IC02NTYgLTk5MiAwDQp2IC02NDAgLTEwMDggMA0KdiAtNjU2IC0xMDA4IDANCnYgLTY1NiAtOTkyIDANCnYgLTY0MCAtOTkyIDANCnYgLTYyNCAtMTAwOCAwDQp2IC02NDAgLTEwMDggMA0KdiAtNjQwIC05OTIgMA0KdiAtNjI0IC05OTIgMA0KdiAtNjA4IC0xMDA4IDANCnYgLTYyNCAtMTAwOCAwDQp2IC02MjQgLTk5MiAwDQp2IC02MDggLTk5MiAwDQp2IC01OTIgLTEwMDggMA0KdiAtNjA4IC0xMDA4IDANCnYgLTYwOCAtOTkyIDANCnYgLTU5MiAtOTkyIDANCnYgLTU3NiAtMTAwOCAwDQp2IC01OTIgLTEwMDggMA0KdiAtNTkyIC05OTIgMA0KdiAtNTc2IC05OTIgMA0KdiAtNTYwIC0xMDA4IDANCnYgLTU3NiAtMTAwOCAwDQp2IC01NzYgLTk5MiAwDQp2IC01NjAgLTk5MiAwDQp2IC01NDQgLTEwMDggMA0KdiAtNTYwIC0xMDA4IDANCnYgLTU2MCAtOTkyIDANCnYgLTU0NCAtOTkyIDANCnYgLTUyOCAtMTAwOCAwDQp2IC01NDQgLTEwMDggMA0KdiAtNTQ0IC05OTIgMA0KdiAtNTI4IC05OTIgMA0KdiAtNTEyIC0xMDA4IDANCnYgLTUyOCAtMTAwOCAwDQp2IC01MjggLTk5MiAwDQp2IC01MTIgLTk5MiAwDQp2IC00OTYgLTEwMDggMA0KdiAtNTEyIC0xMDA4IDANCnYgLTUxMiAtOTkyIDANCnYgLTQ5NiAtOTkyIDANCnYgLTQ4MCAtMTAwOCAwDQp2IC00OTYgLTEwMDggMA0KdiAtNDk2IC05OTIgMA0KdiAtNDgwIC05OTIgMA0KdiAtNDY0IC0xMDA4IDANCnYgLTQ4MCAtMTAwOCAwDQp2IC00ODAgLTk5MiAwDQp2IC00NjQgLTk5MiAwDQp2IC00NDggLTEwMDggMA0KdiAtNDY0IC0xMDA4IDANCnYgLTQ2NCAtOTkyIDANCnYgLTQ0OCAtOTkyIDANCnYgLTQzMiAtMTAwOCAwDQp2IC00NDggLTEwMDggMA0KdiAtNDQ4IC05OTIgMA0KdiAtNDMyIC05OTIgMA0KdiAtNDE2IC0xMDA4IDANCnYgLTQzMiAtMTAwOCAwDQp2IC00MzIgLTk5MiAwDQp2IC00MTYgLTk5MiAwDQp2IC00MDAgLTEwMDggMA0KdiAtNDE2IC0xMDA4IDANCnYgLTQxNiAtOTkyIDANCnYgLTQwMCAtOTkyIDANCnYgLTM4NCAtMTAwOCAwDQp2IC00MDAgLTEwMDggMA0KdiAtNDAwIC05OTIgMA0KdiAtMzg0IC05OTIgMA0KdiAtMzY4IC0xMDA4IDANCnYgLTM4NCAtMTAwOCAwDQp2IC0zODQgLTk5MiAwDQp2IC0zNjggLTk5MiAwDQp2IC0zNTIgLTEwMDggMA0KdiAtMzY4IC0xMDA4IDANCnYgLTM2OCAtOTkyIDANCnYgLTM1MiAtOTkyIDANCnYgLTMzNiAtMTAwOCAwDQp2IC0zNTIgLTEwMDggMA0KdiAtMzUyIC05OTIgMA0KdiAtMzM2IC05OTIgMA0KdiAtMzIwIC0xMDA4IDANCnYgLTMzNiAtMTAwOCAwDQp2IC0zMzYgLTk5MiAwDQp2IC0zMjAgLTk5MiAwDQp2IC0zMDQgLTEwMDggMA0KdiAtMzIwIC0xMDA4IDANCnYgLTMyMCAtOTkyIDANCnYgLTMwNCAtOTkyIDANCnYgLTI4OCAtMTAwOCAwDQp2IC0zMDQgLTEwMDggMA0KdiAtMzA0IC05OTIgMA0KdiAtMjg4IC05OTIgMA0KdiAtMjcyIC0xMDA4IDANCnYgLTI4OCAtMTAwOCAwDQp2IC0yODggLTk5MiAwDQp2IC0yNzIgLTk5MiAwDQp2IC0yNTYgLTEwMDggMA0KdiAtMjcyIC0xMDA4IDANCnYgLTI3MiAtOTkyIDANCnYgLTI1NiAtOTkyIDANCnYgLTI0MCAtMTAwOCAwDQp2IC0yNTYgLTEwMDggMA0KdiAtMjU2IC05OTIgMA0KdiAtMjQwIC05OTIgMA0KdiAtMjI0IC0xMDA4IDANCnYgLTI0MCAtMTAwOCAwDQp2IC0yNDAgLTk5MiAwDQp2IC0yMjQgLTk5MiAwDQp2IC0yMDggLTEwMDggMA0KdiAtMjI0IC0xMDA4IDANCnYgLTIyNCAtOTkyIDANCnYgLTIwOCAtOTkyIDANCnYgLTE5MiAtMTAwOCAwDQp2IC0yMDggLTEwMDggMA0KdiAtMjA4IC05OTIgMA0KdiAtMTkyIC05OTIgMA0KdiAtMTc2IC0xMDA4IDANCnYgLTE5MiAtMTAwOCAwDQp2IC0xOTIgLTk5MiAwDQp2IC0xNzYgLTk5MiAwDQp2IC0xNjAgLTEwMDggMA0KdiAtMTc2IC0xMDA4IDANCnYgLTE3NiAtOTkyIDANCnYgLTE2MCAtOTkyIDANCnYgLTE0NCAtMTAwOCAwDQp2IC0xNjAgLTEwMDggMA0KdiAtMTYwIC05OTIgMA0KdiAtMTQ0IC05OTIgMA0KdiAtMTI4IC0xMDA4IDANCnYgLTE0NCAtMTAwOCAwDQp2IC0xNDQgLTk5MiAwDQp2IC0xMjggLTk5MiAwDQp2IC0xMTIgLTEwMDggMA0KdiAtMTI4IC0xMDA4IDANCnYgLTEyOCAtOTkyIDANCnYgLTExMiAtOTkyIDANCnYgLTk2IC0xMDA4IDANCnYgLTExMiAtMTAwOCAwDQp2IC0xMTIgLTk5MiAwDQp2IC05NiAtOTkyIDANCnYgLTgwIC0xMDA4IDANCnYgLTk2IC0xMDA4IDANCnYgLTk2IC05OTIgMA0KdiAtODAgLTk5MiAwDQp2IC02NCAtMTAwOCAwDQp2IC04MCAtMTAwOCAwDQp2IC04MCAtOTkyIDANCnYgLTY0IC05OTIgMA0KdiAtNDggLTEwMDggMA0KdiAtNjQgLTEwMDggMA0KdiAtNjQgLTk5MiAwDQp2IC00OCAtOTkyIDANCnYgLTMyIC0xMDA4IDANCnYgLTQ4IC0xMDA4IDANCnYgLTQ4IC05OTIgMA0KdiAtMzIgLTk5MiAwDQp2IC0xNiAtMTAwOCAwDQp2IC0zMiAtMTAwOCAwDQp2IC0zMiAtOTkyIDANCnYgLTE2IC05OTIgMA0KdiAwIC0xMDA4IDANCnYgLTE2IC0xMDA4IDANCnYgLTE2IC05OTIgMA0KdiAwIC05OTIgMA0KdiAtMTE4NCAtMTAyNCAwDQp2IC0xMjAwIC0xMDI0IDANCnYgLTEyMDAgLTEwMDggMA0KdiAtMTE4NCAtMTAwOCAwDQp2IC0xMTY4IC0xMDI0IDANCnYgLTExODQgLTEwMjQgMA0KdiAtMTE4NCAtMTAwOCAwDQp2IC0xMTY4IC0xMDA4IDANCnYgLTExNTIgLTEwMjQgMA0KdiAtMTE2OCAtMTAyNCAwDQp2IC0xMTY4IC0xMDA4IDANCnYgLTExNTIgLTEwMDggMA0KdiAtMTEzNiAtMTAyNCAwDQp2IC0xMTUyIC0xMDI0IDANCnYgLTExNTIgLTEwMDggMA0KdiAtMTEzNiAtMTAwOCAwDQp2IC0xMTIwIC0xMDI0IDANCnYgLTExMzYgLTEwMjQgMA0KdiAtMTEzNiAtMTAwOCAwDQp2IC0xMTIwIC0xMDA4IDANCnYgLTExMDQgLTEwMjQgMA0KdiAtMTEyMCAtMTAyNCAwDQp2IC0xMTIwIC0xMDA4IDANCnYgLTExMDQgLTEwMDggMA0KdiAtMTA4OCAtMTAyNCAwDQp2IC0xMTA0IC0xMDI0IDANCnYgLTExMDQgLTEwMDggMA0KdiAtMTA4OCAtMTAwOCAwDQp2IC0xMDcyIC0xMDI0IDANCnYgLTEwODggLTEwMjQgMA0KdiAtMTA4OCAtMTAwOCAwDQp2IC0xMDcyIC0xMDA4IDANCnYgLTEwNTYgLTEwMjQgMA0KdiAtMTA3MiAtMTAyNCAwDQp2IC0xMDcyIC0xMDA4IDANCnYgLTEwNTYgLTEwMDggMA0KdiAtMTA0MCAtMTAyNCAwDQp2IC0xMDU2IC0xMDI0IDANCnYgLTEwNTYgLTEwMDggMA0KdiAtMTA0MCAtMTAwOCAwDQp2IC0xMDI0IC0xMDI0IDANCnYgLTEwNDAgLTEwMjQgMA0KdiAtMTA0MCAtMTAwOCAwDQp2IC0xMDI0IC0xMDA4IDANCnYgLTEwMDggLTEwMjQgMA0KdiAtMTAyNCAtMTAyNCAwDQp2IC0xMDI0IC0xMDA4IDANCnYgLTEwMDggLTEwMDggMA0KdiAtOTkyIC0xMDI0IDANCnYgLTEwMDggLTEwMjQgMA0KdiAtMTAwOCAtMTAwOCAwDQp2IC05OTIgLTEwMDggMA0KdiAtOTc2IC0xMDI0IDANCnYgLTk5MiAtMTAyNCAwDQp2IC05OTIgLTEwMDggMA0KdiAtOTc2IC0xMDA4IDANCnYgLTk2MCAtMTAyNCAwDQp2IC05NzYgLTEwMjQgMA0KdiAtOTc2IC0xMDA4IDANCnYgLTk2MCAtMTAwOCAwDQp2IC05NDQgLTEwMjQgMA0KdiAtOTYwIC0xMDI0IDANCnYgLTk2MCAtMTAwOCAwDQp2IC05NDQgLTEwMDggMA0KdiAtOTI4IC0xMDI0IDANCnYgLTk0NCAtMTAyNCAwDQp2IC05NDQgLTEwMDggMA0KdiAtOTI4IC0xMDA4IDANCnYgLTkxMiAtMTAyNCAwDQp2IC05MjggLTEwMjQgMA0KdiAtOTI4IC0xMDA4IDANCnYgLTkxMiAtMTAwOCAwDQp2IC04OTYgLTEwMjQgMA0KdiAtOTEyIC0xMDI0IDANCnYgLTkxMiAtMTAwOCAwDQp2IC04OTYgLTEwMDggMA0KdiAtODgwIC0xMDI0IDANCnYgLTg5NiAtMTAyNCAwDQp2IC04OTYgLTEwMDggMA0KdiAtODgwIC0xMDA4IDANCnYgLTg2NCAtMTAyNCAwDQp2IC04ODAgLTEwMjQgMA0KdiAtODgwIC0xMDA4IDANCnYgLTg2NCAtMTAwOCAwDQp2IC04NDggLTEwMjQgMA0KdiAtODY0IC0xMDI0IDANCnYgLTg2NCAtMTAwOCAwDQp2IC04NDggLTEwMDggMA0KdiAtODMyIC0xMDI0IDANCnYgLTg0OCAtMTAyNCAwDQp2IC04NDggLTEwMDggMA0KdiAtODMyIC0xMDA4IDANCnYgLTgxNiAtMTAyNCAwDQp2IC04MzIgLTEwMjQgMA0KdiAtODMyIC0xMDA4IDANCnYgLTgxNiAtMTAwOCAwDQp2IC04MDAgLTEwMjQgMA0KdiAtODE2IC0xMDI0IDANCnYgLTgxNiAtMTAwOCAwDQp2IC04MDAgLTEwMDggMA0KdiAtNzg0IC0xMDI0IDANCnYgLTgwMCAtMTAyNCAwDQp2IC04MDAgLTEwMDggMA0KdiAtNzg0IC0xMDA4IDANCnYgLTc2OCAtMTAyNCAwDQp2IC03ODQgLTEwMjQgMA0KdiAtNzg0IC0xMDA4IDANCnYgLTc2OCAtMTAwOCAwDQp2IC03NTIgLTEwMjQgMA0KdiAtNzY4IC0xMDI0IDANCnYgLTc2OCAtMTAwOCAwDQp2IC03NTIgLTEwMDggMA0KdiAtNzM2IC0xMDI0IDANCnYgLTc1MiAtMTAyNCAwDQp2IC03NTIgLTEwMDggMA0KdiAtNzM2IC0xMDA4IDANCnYgLTcyMCAtMTAyNCAwDQp2IC03MzYgLTEwMjQgMA0KdiAtNzM2IC0xMDA4IDANCnYgLTcyMCAtMTAwOCAwDQp2IC03MDQgLTEwMjQgMA0KdiAtNzIwIC0xMDI0IDANCnYgLTcyMCAtMTAwOCAwDQp2IC03MDQgLTEwMDggMA0KdiAtNjg4IC0xMDI0IDANCnYgLTcwNCAtMTAyNCAwDQp2IC03MDQgLTEwMDggMA0KdiAtNjg4IC0xMDA4IDANCnYgLTY3MiAtMTAyNCAwDQp2IC02ODggLTEwMjQgMA0KdiAtNjg4IC0xMDA4IDANCnYgLTY3MiAtMTAwOCAwDQp2IC02NTYgLTEwMjQgMA0KdiAtNjcyIC0xMDI0IDANCnYgLTY3MiAtMTAwOCAwDQp2IC02NTYgLTEwMDggMA0KdiAtNjQwIC0xMDI0IDANCnYgLTY1NiAtMTAyNCAwDQp2IC02NTYgLTEwMDggMA0KdiAtNjQwIC0xMDA4IDANCnYgLTYyNCAtMTAyNCAwDQp2IC02NDAgLTEwMjQgMA0KdiAtNjQwIC0xMDA4IDANCnYgLTYyNCAtMTAwOCAwDQp2IC02MDggLTEwMjQgMA0KdiAtNjI0IC0xMDI0IDANCnYgLTYyNCAtMTAwOCAwDQp2IC02MDggLTEwMDggMA0KdiAtNTkyIC0xMDI0IDANCnYgLTYwOCAtMTAyNCAwDQp2IC02MDggLTEwMDggMA0KdiAtNTkyIC0xMDA4IDANCnYgLTU3NiAtMTAyNCAwDQp2IC01OTIgLTEwMjQgMA0KdiAtNTkyIC0xMDA4IDANCnYgLTU3NiAtMTAwOCAwDQp2IC01NjAgLTEwMjQgMA0KdiAtNTc2IC0xMDI0IDANCnYgLTU3NiAtMTAwOCAwDQp2IC01NjAgLTEwMDggMA0KdiAtNTQ0IC0xMDI0IDANCnYgLTU2MCAtMTAyNCAwDQp2IC01NjAgLTEwMDggMA0KdiAtNTQ0IC0xMDA4IDANCnYgLTUyOCAtMTAyNCAwDQp2IC01NDQgLTEwMjQgMA0KdiAtNTQ0IC0xMDA4IDANCnYgLTUyOCAtMTAwOCAwDQp2IC01MTIgLTEwMjQgMA0KdiAtNTI4IC0xMDI0IDANCnYgLTUyOCAtMTAwOCAwDQp2IC01MTIgLTEwMDggMA0KdiAtNDk2IC0xMDI0IDANCnYgLTUxMiAtMTAyNCAwDQp2IC01MTIgLTEwMDggMA0KdiAtNDk2IC0xMDA4IDANCnYgLTQ4MCAtMTAyNCAwDQp2IC00OTYgLTEwMjQgMA0KdiAtNDk2IC0xMDA4IDANCnYgLTQ4MCAtMTAwOCAwDQp2IC00NjQgLTEwMjQgMA0KdiAtNDgwIC0xMDI0IDANCnYgLTQ4MCAtMTAwOCAwDQp2IC00NjQgLTEwMDggMA0KdiAtNDQ4IC0xMDI0IDANCnYgLTQ2NCAtMTAyNCAwDQp2IC00NjQgLTEwMDggMA0KdiAtNDQ4IC0xMDA4IDANCnYgLTQzMiAtMTAyNCAwDQp2IC00NDggLTEwMjQgMA0KdiAtNDQ4IC0xMDA4IDANCnYgLTQzMiAtMTAwOCAwDQp2IC00MTYgLTEwMjQgMA0KdiAtNDMyIC0xMDI0IDANCnYgLTQzMiAtMTAwOCAwDQp2IC00MTYgLTEwMDggMA0KdiAtNDAwIC0xMDI0IDANCnYgLTQxNiAtMTAyNCAwDQp2IC00MTYgLTEwMDggMA0KdiAtNDAwIC0xMDA4IDANCnYgLTM4NCAtMTAyNCAwDQp2IC00MDAgLTEwMjQgMA0KdiAtNDAwIC0xMDA4IDANCnYgLTM4NCAtMTAwOCAwDQp2IC0zNjggLTEwMjQgMA0KdiAtMzg0IC0xMDI0IDANCnYgLTM4NCAtMTAwOCAwDQp2IC0zNjggLTEwMDggMA0KdiAtMzUyIC0xMDI0IDANCnYgLTM2OCAtMTAyNCAwDQp2IC0zNjggLTEwMDggMA0KdiAtMzUyIC0xMDA4IDANCnYgLTMzNiAtMTAyNCAwDQp2IC0zNTIgLTEwMjQgMA0KdiAtMzUyIC0xMDA4IDANCnYgLTMzNiAtMTAwOCAwDQp2IC0zMjAgLTEwMjQgMA0KdiAtMzM2IC0xMDI0IDANCnYgLTMzNiAtMTAwOCAwDQp2IC0zMjAgLTEwMDggMA0KdiAtMzA0IC0xMDI0IDANCnYgLTMyMCAtMTAyNCAwDQp2IC0zMjAgLTEwMDggMA0KdiAtMzA0IC0xMDA4IDANCnYgLTI4OCAtMTAyNCAwDQp2IC0zMDQgLTEwMjQgMA0KdiAtMzA0IC0xMDA4IDANCnYgLTI4OCAtMTAwOCAwDQp2IC0yNzIgLTEwMjQgMA0KdiAtMjg4IC0xMDI0IDANCnYgLTI4OCAtMTAwOCAwDQp2IC0yNzIgLTEwMDggMA0KdiAtMjU2IC0xMDI0IDANCnYgLTI3MiAtMTAyNCAwDQp2IC0yNzIgLTEwMDggMA0KdiAtMjU2IC0xMDA4IDANCnYgLTI0MCAtMTAyNCAwDQp2IC0yNTYgLTEwMjQgMA0KdiAtMjU2IC0xMDA4IDANCnYgLTI0MCAtMTAwOCAwDQp2IC0yMjQgLTEwMjQgMA0KdiAtMjQwIC0xMDI0IDANCnYgLTI0MCAtMTAwOCAwDQp2IC0yMjQgLTEwMDggMA0KdiAtMjA4IC0xMDI0IDANCnYgLTIyNCAtMTAyNCAwDQp2IC0yMjQgLTEwMDggMA0KdiAtMjA4IC0xMDA4IDANCnYgLTE5MiAtMTAyNCAwDQp2IC0yMDggLTEwMjQgMA0KdiAtMjA4IC0xMDA4IDANCnYgLTE5MiAtMTAwOCAwDQp2IC0xNzYgLTEwMjQgMA0KdiAtMTkyIC0xMDI0IDANCnYgLTE5MiAtMTAwOCAwDQp2IC0xNzYgLTEwMDggMA0KdiAtMTYwIC0xMDI0IDANCnYgLTE3NiAtMTAyNCAwDQp2IC0xNzYgLTEwMDggMA0KdiAtMTYwIC0xMDA4IDANCnYgLTE0NCAtMTAyNCAwDQp2IC0xNjAgLTEwMjQgMA0KdiAtMTYwIC0xMDA4IDANCnYgLTE0NCAtMTAwOCAwDQp2IC0xMjggLTEwMjQgMA0KdiAtMTQ0IC0xMDI0IDANCnYgLTE0NCAtMTAwOCAwDQp2IC0xMjggLTEwMDggMA0KdiAtMTEyIC0xMDI0IDANCnYgLTEyOCAtMTAyNCAwDQp2IC0xMjggLTEwMDggMA0KdiAtMTEyIC0xMDA4IDANCnYgLTk2IC0xMDI0IDANCnYgLTExMiAtMTAyNCAwDQp2IC0xMTIgLTEwMDggMA0KdiAtOTYgLTEwMDggMA0KdiAtODAgLTEwMjQgMA0KdiAtOTYgLTEwMjQgMA0KdiAtOTYgLTEwMDggMA0KdiAtODAgLTEwMDggMA0KdiAtNjQgLTEwMjQgMA0KdiAtODAgLTEwMjQgMA0KdiAtODAgLTEwMDggMA0KdiAtNjQgLTEwMDggMA0KdiAtNDggLTEwMjQgMA0KdiAtNjQgLTEwMjQgMA0KdiAtNjQgLTEwMDggMA0KdiAtNDggLTEwMDggMA0KdiAtMzIgLTEwMjQgMA0KdiAtNDggLTEwMjQgMA0KdiAtNDggLTEwMDggMA0KdiAtMzIgLTEwMDggMA0KdiAtMTYgLTEwMjQgMA0KdiAtMzIgLTEwMjQgMA0KdiAtMzIgLTEwMDggMA0KdiAtMTYgLTEwMDggMA0KdiAwIC0xMDI0IDANCnYgLTE2IC0xMDI0IDANCnYgLTE2IC0xMDA4IDANCnYgMCAtMTAwOCAwDQp2IC0xMTg0IC0xMDQwIDANCnYgLTEyMDAgLTEwNDAgMA0KdiAtMTIwMCAtMTAyNCAwDQp2IC0xMTg0IC0xMDI0IDANCnYgLTExNjggLTEwNDAgMA0KdiAtMTE4NCAtMTA0MCAwDQp2IC0xMTg0IC0xMDI0IDANCnYgLTExNjggLTEwMjQgMA0KdiAtMTE1MiAtMTA0MCAwDQp2IC0xMTY4IC0xMDQwIDANCnYgLTExNjggLTEwMjQgMA0KdiAtMTE1MiAtMTAyNCAwDQp2IC0xMTM2IC0xMDQwIDANCnYgLTExNTIgLTEwNDAgMA0KdiAtMTE1MiAtMTAyNCAwDQp2IC0xMTM2IC0xMDI0IDANCnYgLTExMjAgLTEwNDAgMA0KdiAtMTEzNiAtMTA0MCAwDQp2IC0xMTM2IC0xMDI0IDANCnYgLTExMjAgLTEwMjQgMA0KdiAtMTEwNCAtMTA0MCAwDQp2IC0xMTIwIC0xMDQwIDANCnYgLTExMjAgLTEwMjQgMA0KdiAtMTEwNCAtMTAyNCAwDQp2IC0xMDg4IC0xMDQwIDANCnYgLTExMDQgLTEwNDAgMA0KdiAtMTEwNCAtMTAyNCAwDQp2IC0xMDg4IC0xMDI0IDANCnYgLTEwNzIgLTEwNDAgMA0KdiAtMTA4OCAtMTA0MCAwDQp2IC0xMDg4IC0xMDI0IDANCnYgLTEwNzIgLTEwMjQgMA0KdiAtMTA1NiAtMTA0MCAwDQp2IC0xMDcyIC0xMDQwIDANCnYgLTEwNzIgLTEwMjQgMA0KdiAtMTA1NiAtMTAyNCAwDQp2IC0xMDQwIC0xMDQwIDANCnYgLTEwNTYgLTEwNDAgMA0KdiAtMTA1NiAtMTAyNCAwDQp2IC0xMDQwIC0xMDI0IDANCnYgLTEwMjQgLTEwNDAgMA0KdiAtMTA0MCAtMTA0MCAwDQp2IC0xMDQwIC0xMDI0IDANCnYgLTEwMjQgLTEwMjQgMA0KdiAtMTAwOCAtMTA0MCAwDQp2IC0xMDI0IC0xMDQwIDANCnYgLTEwMjQgLTEwMjQgMA0KdiAtMTAwOCAtMTAyNCAwDQp2IC05OTIgLTEwNDAgMA0KdiAtMTAwOCAtMTA0MCAwDQp2IC0xMDA4IC0xMDI0IDANCnYgLTk5MiAtMTAyNCAwDQp2IC05NzYgLTEwNDAgMA0KdiAtOTkyIC0xMDQwIDANCnYgLTk5MiAtMTAyNCAwDQp2IC05NzYgLTEwMjQgMA0KdiAtOTYwIC0xMDQwIDANCnYgLTk3NiAtMTA0MCAwDQp2IC05NzYgLTEwMjQgMA0KdiAtOTYwIC0xMDI0IDANCnYgLTk0NCAtMTA0MCAwDQp2IC05NjAgLTEwNDAgMA0KdiAtOTYwIC0xMDI0IDANCnYgLTk0NCAtMTAyNCAwDQp2IC05MjggLTEwNDAgMA0KdiAtOTQ0IC0xMDQwIDANCnYgLTk0NCAtMTAyNCAwDQp2IC05MjggLTEwMjQgMA0KdiAtOTEyIC0xMDQwIDANCnYgLTkyOCAtMTA0MCAwDQp2IC05MjggLTEwMjQgMA0KdiAtOTEyIC0xMDI0IDANCnYgLTg5NiAtMTA0MCAwDQp2IC05MTIgLTEwNDAgMA0KdiAtOTEyIC0xMDI0IDANCnYgLTg5NiAtMTAyNCAwDQp2IC04ODAgLTEwNDAgMA0KdiAtODk2IC0xMDQwIDANCnYgLTg5NiAtMTAyNCAwDQp2IC04ODAgLTEwMjQgMA0KdiAtODY0IC0xMDQwIDANCnYgLTg4MCAtMTA0MCAwDQp2IC04ODAgLTEwMjQgMA0KdiAtODY0IC0xMDI0IDANCnYgLTg0OCAtMTA0MCAwDQp2IC04NjQgLTEwNDAgMA0KdiAtODY0IC0xMDI0IDANCnYgLTg0OCAtMTAyNCAwDQp2IC04MzIgLTEwNDAgMA0KdiAtODQ4IC0xMDQwIDANCnYgLTg0OCAtMTAyNCAwDQp2IC04MzIgLTEwMjQgMA0KdiAtODE2IC0xMDQwIDANCnYgLTgzMiAtMTA0MCAwDQp2IC04MzIgLTEwMjQgMA0KdiAtODE2IC0xMDI0IDANCnYgLTgwMCAtMTA0MCAwDQp2IC04MTYgLTEwNDAgMA0KdiAtODE2IC0xMDI0IDANCnYgLTgwMCAtMTAyNCAwDQp2IC03ODQgLTEwNDAgMA0KdiAtODAwIC0xMDQwIDANCnYgLTgwMCAtMTAyNCAwDQp2IC03ODQgLTEwMjQgMA0KdiAtNzY4IC0xMDQwIDANCnYgLTc4NCAtMTA0MCAwDQp2IC03ODQgLTEwMjQgMA0KdiAtNzY4IC0xMDI0IDANCnYgLTc1MiAtMTA0MCAwDQp2IC03NjggLTEwNDAgMA0KdiAtNzY4IC0xMDI0IDANCnYgLTc1MiAtMTAyNCAwDQp2IC03MzYgLTEwNDAgMA0KdiAtNzUyIC0xMDQwIDANCnYgLTc1MiAtMTAyNCAwDQp2IC03MzYgLTEwMjQgMA0KdiAtNzIwIC0xMDQwIDANCnYgLTczNiAtMTA0MCAwDQp2IC03MzYgLTEwMjQgMA0KdiAtNzIwIC0xMDI0IDANCnYgLTcwNCAtMTA0MCAwDQp2IC03MjAgLTEwNDAgMA0KdiAtNzIwIC0xMDI0IDANCnYgLTcwNCAtMTAyNCAwDQp2IC02ODggLTEwNDAgMA0KdiAtNzA0IC0xMDQwIDANCnYgLTcwNCAtMTAyNCAwDQp2IC02ODggLTEwMjQgMA0KdiAtNjcyIC0xMDQwIDANCnYgLTY4OCAtMTA0MCAwDQp2IC02ODggLTEwMjQgMA0KdiAtNjcyIC0xMDI0IDANCnYgLTY1NiAtMTA0MCAwDQp2IC02NzIgLTEwNDAgMA0KdiAtNjcyIC0xMDI0IDANCnYgLTY1NiAtMTAyNCAwDQp2IC02NDAgLTEwNDAgMA0KdiAtNjU2IC0xMDQwIDANCnYgLTY1NiAtMTAyNCAwDQp2IC02NDAgLTEwMjQgMA0KdiAtNjI0IC0xMDQwIDANCnYgLTY0MCAtMTA0MCAwDQp2IC02NDAgLTEwMjQgMA0KdiAtNjI0IC0xMDI0IDANCnYgLTYwOCAtMTA0MCAwDQp2IC02MjQgLTEwNDAgMA0KdiAtNjI0IC0xMDI0IDANCnYgLTYwOCAtMTAyNCAwDQp2IC01OTIgLTEwNDAgMA0KdiAtNjA4IC0xMDQwIDANCnYgLTYwOCAtMTAyNCAwDQp2IC01OTIgLTEwMjQgMA0KdiAtNTc2IC0xMDQwIDANCnYgLTU5MiAtMTA0MCAwDQp2IC01OTIgLTEwMjQgMA0KdiAtNTc2IC0xMDI0IDANCnYgLTU2MCAtMTA0MCAwDQp2IC01NzYgLTEwNDAgMA0KdiAtNTc2IC0xMDI0IDANCnYgLTU2MCAtMTAyNCAwDQp2IC01NDQgLTEwNDAgMA0KdiAtNTYwIC0xMDQwIDANCnYgLTU2MCAtMTAyNCAwDQp2IC01NDQgLTEwMjQgMA0KdiAtNTI4IC0xMDQwIDANCnYgLTU0NCAtMTA0MCAwDQp2IC01NDQgLTEwMjQgMA0KdiAtNTI4IC0xMDI0IDANCnYgLTUxMiAtMTA0MCAwDQp2IC01MjggLTEwNDAgMA0KdiAtNTI4IC0xMDI0IDANCnYgLTUxMiAtMTAyNCAwDQp2IC00OTYgLTEwNDAgMA0KdiAtNTEyIC0xMDQwIDANCnYgLTUxMiAtMTAyNCAwDQp2IC00OTYgLTEwMjQgMA0KdiAtNDgwIC0xMDQwIDANCnYgLTQ5NiAtMTA0MCAwDQp2IC00OTYgLTEwMjQgMA0KdiAtNDgwIC0xMDI0IDANCnYgLTQ2NCAtMTA0MCAwDQp2IC00ODAgLTEwNDAgMA0KdiAtNDgwIC0xMDI0IDANCnYgLTQ2NCAtMTAyNCAwDQp2IC00NDggLTEwNDAgMA0KdiAtNDY0IC0xMDQwIDANCnYgLTQ2NCAtMTAyNCAwDQp2IC00NDggLTEwMjQgMA0KdiAtNDMyIC0xMDQwIDANCnYgLTQ0OCAtMTA0MCAwDQp2IC00NDggLTEwMjQgMA0KdiAtNDMyIC0xMDI0IDANCnYgLTQxNiAtMTA0MCAwDQp2IC00MzIgLTEwNDAgMA0KdiAtNDMyIC0xMDI0IDANCnYgLTQxNiAtMTAyNCAwDQp2IC00MDAgLTEwNDAgMA0KdiAtNDE2IC0xMDQwIDANCnYgLTQxNiAtMTAyNCAwDQp2IC00MDAgLTEwMjQgMA0KdiAtMzg0IC0xMDQwIDANCnYgLTQwMCAtMTA0MCAwDQp2IC00MDAgLTEwMjQgMA0KdiAtMzg0IC0xMDI0IDANCnYgLTM2OCAtMTA0MCAwDQp2IC0zODQgLTEwNDAgMA0KdiAtMzg0IC0xMDI0IDANCnYgLTM2OCAtMTAyNCAwDQp2IC0zNTIgLTEwNDAgMA0KdiAtMzY4IC0xMDQwIDANCnYgLTM2OCAtMTAyNCAwDQp2IC0zNTIgLTEwMjQgMA0KdiAtMzM2IC0xMDQwIDANCnYgLTM1MiAtMTA0MCAwDQp2IC0zNTIgLTEwMjQgMA0KdiAtMzM2IC0xMDI0IDANCnYgLTMyMCAtMTA0MCAwDQp2IC0zMzYgLTEwNDAgMA0KdiAtMzM2IC0xMDI0IDANCnYgLTMyMCAtMTAyNCAwDQp2IC0zMDQgLTEwNDAgMA0KdiAtMzIwIC0xMDQwIDANCnYgLTMyMCAtMTAyNCAwDQp2IC0zMDQgLTEwMjQgMA0KdiAtMjg4IC0xMDQwIDANCnYgLTMwNCAtMTA0MCAwDQp2IC0zMDQgLTEwMjQgMA0KdiAtMjg4IC0xMDI0IDANCnYgLTI3MiAtMTA0MCAwDQp2IC0yODggLTEwNDAgMA0KdiAtMjg4IC0xMDI0IDANCnYgLTI3MiAtMTAyNCAwDQp2IC0yNTYgLTEwNDAgMA0KdiAtMjcyIC0xMDQwIDANCnYgLTI3MiAtMTAyNCAwDQp2IC0yNTYgLTEwMjQgMA0KdiAtMjQwIC0xMDQwIDANCnYgLTI1NiAtMTA0MCAwDQp2IC0yNTYgLTEwMjQgMA0KdiAtMjQwIC0xMDI0IDANCnYgLTIyNCAtMTA0MCAwDQp2IC0yNDAgLTEwNDAgMA0KdiAtMjQwIC0xMDI0IDANCnYgLTIyNCAtMTAyNCAwDQp2IC0yMDggLTEwNDAgMA0KdiAtMjI0IC0xMDQwIDANCnYgLTIyNCAtMTAyNCAwDQp2IC0yMDggLTEwMjQgMA0KdiAtMTkyIC0xMDQwIDANCnYgLTIwOCAtMTA0MCAwDQp2IC0yMDggLTEwMjQgMA0KdiAtMTkyIC0xMDI0IDANCnYgLTE3NiAtMTA0MCAwDQp2IC0xOTIgLTEwNDAgMA0KdiAtMTkyIC0xMDI0IDANCnYgLTE3NiAtMTAyNCAwDQp2IC0xNjAgLTEwNDAgMA0KdiAtMTc2IC0xMDQwIDANCnYgLTE3NiAtMTAyNCAwDQp2IC0xNjAgLTEwMjQgMA0KdiAtMTQ0IC0xMDQwIDANCnYgLTE2MCAtMTA0MCAwDQp2IC0xNjAgLTEwMjQgMA0KdiAtMTQ0IC0xMDI0IDANCnYgLTEyOCAtMTA0MCAwDQp2IC0xNDQgLTEwNDAgMA0KdiAtMTQ0IC0xMDI0IDANCnYgLTEyOCAtMTAyNCAwDQp2IC0xMTIgLTEwNDAgMA0KdiAtMTI4IC0xMDQwIDANCnYgLTEyOCAtMTAyNCAwDQp2IC0xMTIgLTEwMjQgMA0KdiAtOTYgLTEwNDAgMA0KdiAtMTEyIC0xMDQwIDANCnYgLTExMiAtMTAyNCAwDQp2IC05NiAtMTAyNCAwDQp2IC04MCAtMTA0MCAwDQp2IC05NiAtMTA0MCAwDQp2IC05NiAtMTAyNCAwDQp2IC04MCAtMTAyNCAwDQp2IC02NCAtMTA0MCAwDQp2IC04MCAtMTA0MCAwDQp2IC04MCAtMTAyNCAwDQp2IC02NCAtMTAyNCAwDQp2IC00OCAtMTA0MCAwDQp2IC02NCAtMTA0MCAwDQp2IC02NCAtMTAyNCAwDQp2IC00OCAtMTAyNCAwDQp2IC0zMiAtMTA0MCAwDQp2IC00OCAtMTA0MCAwDQp2IC00OCAtMTAyNCAwDQp2IC0zMiAtMTAyNCAwDQp2IC0xNiAtMTA0MCAwDQp2IC0zMiAtMTA0MCAwDQp2IC0zMiAtMTAyNCAwDQp2IC0xNiAtMTAyNCAwDQp2IDAgLTEwNDAgMA0KdiAtMTYgLTEwNDAgMA0KdiAtMTYgLTEwMjQgMA0KdiAwIC0xMDI0IDANCnYgLTExODQgLTEwNTYgMA0KdiAtMTIwMCAtMTA1NiAwDQp2IC0xMjAwIC0xMDQwIDANCnYgLTExODQgLTEwNDAgMA0KdiAtMTE2OCAtMTA1NiAwDQp2IC0xMTg0IC0xMDU2IDANCnYgLTExODQgLTEwNDAgMA0KdiAtMTE2OCAtMTA0MCAwDQp2IC0xMTUyIC0xMDU2IDANCnYgLTExNjggLTEwNTYgMA0KdiAtMTE2OCAtMTA0MCAwDQp2IC0xMTUyIC0xMDQwIDANCnYgLTExMzYgLTEwNTYgMA0KdiAtMTE1MiAtMTA1NiAwDQp2IC0xMTUyIC0xMDQwIDANCnYgLTExMzYgLTEwNDAgMA0KdiAtMTEyMCAtMTA1NiAwDQp2IC0xMTM2IC0xMDU2IDANCnYgLTExMzYgLTEwNDAgMA0KdiAtMTEyMCAtMTA0MCAwDQp2IC0xMTA0IC0xMDU2IDANCnYgLTExMjAgLTEwNTYgMA0KdiAtMTEyMCAtMTA0MCAwDQp2IC0xMTA0IC0xMDQwIDANCnYgLTEwODggLTEwNTYgMA0KdiAtMTEwNCAtMTA1NiAwDQp2IC0xMTA0IC0xMDQwIDANCnYgLTEwODggLTEwNDAgMA0KdiAtMTA3MiAtMTA1NiAwDQp2IC0xMDg4IC0xMDU2IDANCnYgLTEwODggLTEwNDAgMA0KdiAtMTA3MiAtMTA0MCAwDQp2IC0xMDU2IC0xMDU2IDANCnYgLTEwNzIgLTEwNTYgMA0KdiAtMTA3MiAtMTA0MCAwDQp2IC0xMDU2IC0xMDQwIDANCnYgLTEwNDAgLTEwNTYgMA0KdiAtMTA1NiAtMTA1NiAwDQp2IC0xMDU2IC0xMDQwIDANCnYgLTEwNDAgLTEwNDAgMA0KdiAtMTAyNCAtMTA1NiAwDQp2IC0xMDQwIC0xMDU2IDANCnYgLTEwNDAgLTEwNDAgMA0KdiAtMTAyNCAtMTA0MCAwDQp2IC0xMDA4IC0xMDU2IDANCnYgLTEwMjQgLTEwNTYgMA0KdiAtMTAyNCAtMTA0MCAwDQp2IC0xMDA4IC0xMDQwIDANCnYgLTk5MiAtMTA1NiAwDQp2IC0xMDA4IC0xMDU2IDANCnYgLTEwMDggLTEwNDAgMA0KdiAtOTkyIC0xMDQwIDANCnYgLTk3NiAtMTA1NiAwDQp2IC05OTIgLTEwNTYgMA0KdiAtOTkyIC0xMDQwIDANCnYgLTk3NiAtMTA0MCAwDQp2IC05NjAgLTEwNTYgMA0KdiAtOTc2IC0xMDU2IDANCnYgLTk3NiAtMTA0MCAwDQp2IC05NjAgLTEwNDAgMA0KdiAtOTQ0IC0xMDU2IDANCnYgLTk2MCAtMTA1NiAwDQp2IC05NjAgLTEwNDAgMA0KdiAtOTQ0IC0xMDQwIDANCnYgLTkyOCAtMTA1NiAwDQp2IC05NDQgLTEwNTYgMA0KdiAtOTQ0IC0xMDQwIDANCnYgLTkyOCAtMTA0MCAwDQp2IC05MTIgLTEwNTYgMA0KdiAtOTI4IC0xMDU2IDANCnYgLTkyOCAtMTA0MCAwDQp2IC05MTIgLTEwNDAgMA0KdiAtODk2IC0xMDU2IDANCnYgLTkxMiAtMTA1NiAwDQp2IC05MTIgLTEwNDAgMA0KdiAtODk2IC0xMDQwIDANCnYgLTg4MCAtMTA1NiAwDQp2IC04OTYgLTEwNTYgMA0KdiAtODk2IC0xMDQwIDANCnYgLTg4MCAtMTA0MCAwDQp2IC04NjQgLTEwNTYgMA0KdiAtODgwIC0xMDU2IDANCnYgLTg4MCAtMTA0MCAwDQp2IC04NjQgLTEwNDAgMA0KdiAtODQ4IC0xMDU2IDANCnYgLTg2NCAtMTA1NiAwDQp2IC04NjQgLTEwNDAgMA0KdiAtODQ4IC0xMDQwIDANCnYgLTgzMiAtMTA1NiAwDQp2IC04NDggLTEwNTYgMA0KdiAtODQ4IC0xMDQwIDANCnYgLTgzMiAtMTA0MCAwDQp2IC04MTYgLTEwNTYgMA0KdiAtODMyIC0xMDU2IDANCnYgLTgzMiAtMTA0MCAwDQp2IC04MTYgLTEwNDAgMA0KdiAtODAwIC0xMDU2IDANCnYgLTgxNiAtMTA1NiAwDQp2IC04MTYgLTEwNDAgMA0KdiAtODAwIC0xMDQwIDANCnYgLTc4NCAtMTA1NiAwDQp2IC04MDAgLTEwNTYgMA0KdiAtODAwIC0xMDQwIDANCnYgLTc4NCAtMTA0MCAwDQp2IC03NjggLTEwNTYgMA0KdiAtNzg0IC0xMDU2IDANCnYgLTc4NCAtMTA0MCAwDQp2IC03NjggLTEwNDAgMA0KdiAtNzUyIC0xMDU2IDANCnYgLTc2OCAtMTA1NiAwDQp2IC03NjggLTEwNDAgMA0KdiAtNzUyIC0xMDQwIDANCnYgLTczNiAtMTA1NiAwDQp2IC03NTIgLTEwNTYgMA0KdiAtNzUyIC0xMDQwIDANCnYgLTczNiAtMTA0MCAwDQp2IC03MjAgLTEwNTYgMA0KdiAtNzM2IC0xMDU2IDANCnYgLTczNiAtMTA0MCAwDQp2IC03MjAgLTEwNDAgMA0KdiAtNzA0IC0xMDU2IDANCnYgLTcyMCAtMTA1NiAwDQp2IC03MjAgLTEwNDAgMA0KdiAtNzA0IC0xMDQwIDANCnYgLTY4OCAtMTA1NiAwDQp2IC03MDQgLTEwNTYgMA0KdiAtNzA0IC0xMDQwIDANCnYgLTY4OCAtMTA0MCAwDQp2IC02NzIgLTEwNTYgMA0KdiAtNjg4IC0xMDU2IDANCnYgLTY4OCAtMTA0MCAwDQp2IC02NzIgLTEwNDAgMA0KdiAtNjU2IC0xMDU2IDANCnYgLTY3MiAtMTA1NiAwDQp2IC02NzIgLTEwNDAgMA0KdiAtNjU2IC0xMDQwIDANCnYgLTY0MCAtMTA1NiAwDQp2IC02NTYgLTEwNTYgMA0KdiAtNjU2IC0xMDQwIDANCnYgLTY0MCAtMTA0MCAwDQp2IC02MjQgLTEwNTYgMA0KdiAtNjQwIC0xMDU2IDANCnYgLTY0MCAtMTA0MCAwDQp2IC02MjQgLTEwNDAgMA0KdiAtNjA4IC0xMDU2IDANCnYgLTYyNCAtMTA1NiAwDQp2IC02MjQgLTEwNDAgMA0KdiAtNjA4IC0xMDQwIDANCnYgLTU5MiAtMTA1NiAwDQp2IC02MDggLTEwNTYgMA0KdiAtNjA4IC0xMDQwIDANCnYgLTU5MiAtMTA0MCAwDQp2IC01NzYgLTEwNTYgMA0KdiAtNTkyIC0xMDU2IDANCnYgLTU5MiAtMTA0MCAwDQp2IC01NzYgLTEwNDAgMA0KdiAtNTYwIC0xMDU2IDANCnYgLTU3NiAtMTA1NiAwDQp2IC01NzYgLTEwNDAgMA0KdiAtNTYwIC0xMDQwIDANCnYgLTU0NCAtMTA1NiAwDQp2IC01NjAgLTEwNTYgMA0KdiAtNTYwIC0xMDQwIDANCnYgLTU0NCAtMTA0MCAwDQp2IC01MjggLTEwNTYgMA0KdiAtNTQ0IC0xMDU2IDANCnYgLTU0NCAtMTA0MCAwDQp2IC01MjggLTEwNDAgMA0KdiAtNTEyIC0xMDU2IDANCnYgLTUyOCAtMTA1NiAwDQp2IC01MjggLTEwNDAgMA0KdiAtNTEyIC0xMDQwIDANCnYgLTQ5NiAtMTA1NiAwDQp2IC01MTIgLTEwNTYgMA0KdiAtNTEyIC0xMDQwIDANCnYgLTQ5NiAtMTA0MCAwDQp2IC00ODAgLTEwNTYgMA0KdiAtNDk2IC0xMDU2IDANCnYgLTQ5NiAtMTA0MCAwDQp2IC00ODAgLTEwNDAgMA0KdiAtNDY0IC0xMDU2IDANCnYgLTQ4MCAtMTA1NiAwDQp2IC00ODAgLTEwNDAgMA0KdiAtNDY0IC0xMDQwIDANCnYgLTQ0OCAtMTA1NiAwDQp2IC00NjQgLTEwNTYgMA0KdiAtNDY0IC0xMDQwIDANCnYgLTQ0OCAtMTA0MCAwDQp2IC00MzIgLTEwNTYgMA0KdiAtNDQ4IC0xMDU2IDANCnYgLTQ0OCAtMTA0MCAwDQp2IC00MzIgLTEwNDAgMA0KdiAtNDE2IC0xMDU2IDANCnYgLTQzMiAtMTA1NiAwDQp2IC00MzIgLTEwNDAgMA0KdiAtNDE2IC0xMDQwIDANCnYgLTQwMCAtMTA1NiAwDQp2IC00MTYgLTEwNTYgMA0KdiAtNDE2IC0xMDQwIDANCnYgLTQwMCAtMTA0MCAwDQp2IC0zODQgLTEwNTYgMA0KdiAtNDAwIC0xMDU2IDANCnYgLTQwMCAtMTA0MCAwDQp2IC0zODQgLTEwNDAgMA0KdiAtMzY4IC0xMDU2IDANCnYgLTM4NCAtMTA1NiAwDQp2IC0zODQgLTEwNDAgMA0KdiAtMzY4IC0xMDQwIDANCnYgLTM1MiAtMTA1NiAwDQp2IC0zNjggLTEwNTYgMA0KdiAtMzY4IC0xMDQwIDANCnYgLTM1MiAtMTA0MCAwDQp2IC0zMzYgLTEwNTYgMA0KdiAtMzUyIC0xMDU2IDANCnYgLTM1MiAtMTA0MCAwDQp2IC0zMzYgLTEwNDAgMA0KdiAtMzIwIC0xMDU2IDANCnYgLTMzNiAtMTA1NiAwDQp2IC0zMzYgLTEwNDAgMA0KdiAtMzIwIC0xMDQwIDANCnYgLTMwNCAtMTA1NiAwDQp2IC0zMjAgLTEwNTYgMA0KdiAtMzIwIC0xMDQwIDANCnYgLTMwNCAtMTA0MCAwDQp2IC0yODggLTEwNTYgMA0KdiAtMzA0IC0xMDU2IDANCnYgLTMwNCAtMTA0MCAwDQp2IC0yODggLTEwNDAgMA0KdiAtMjcyIC0xMDU2IDANCnYgLTI4OCAtMTA1NiAwDQp2IC0yODggLTEwNDAgMA0KdiAtMjcyIC0xMDQwIDANCnYgLTI1NiAtMTA1NiAwDQp2IC0yNzIgLTEwNTYgMA0KdiAtMjcyIC0xMDQwIDANCnYgLTI1NiAtMTA0MCAwDQp2IC0yNDAgLTEwNTYgMA0KdiAtMjU2IC0xMDU2IDANCnYgLTI1NiAtMTA0MCAwDQp2IC0yNDAgLTEwNDAgMA0KdiAtMjI0IC0xMDU2IDANCnYgLTI0MCAtMTA1NiAwDQp2IC0yNDAgLTEwNDAgMA0KdiAtMjI0IC0xMDQwIDANCnYgLTIwOCAtMTA1NiAwDQp2IC0yMjQgLTEwNTYgMA0KdiAtMjI0IC0xMDQwIDANCnYgLTIwOCAtMTA0MCAwDQp2IC0xOTIgLTEwNTYgMA0KdiAtMjA4IC0xMDU2IDANCnYgLTIwOCAtMTA0MCAwDQp2IC0xOTIgLTEwNDAgMA0KdiAtMTc2IC0xMDU2IDANCnYgLTE5MiAtMTA1NiAwDQp2IC0xOTIgLTEwNDAgMA0KdiAtMTc2IC0xMDQwIDANCnYgLTE2MCAtMTA1NiAwDQp2IC0xNzYgLTEwNTYgMA0KdiAtMTc2IC0xMDQwIDANCnYgLTE2MCAtMTA0MCAwDQp2IC0xNDQgLTEwNTYgMA0KdiAtMTYwIC0xMDU2IDANCnYgLTE2MCAtMTA0MCAwDQp2IC0xNDQgLTEwNDAgMA0KdiAtMTI4IC0xMDU2IDANCnYgLTE0NCAtMTA1NiAwDQp2IC0xNDQgLTEwNDAgMA0KdiAtMTI4IC0xMDQwIDANCnYgLTExMiAtMTA1NiAwDQp2IC0xMjggLTEwNTYgMA0KdiAtMTI4IC0xMDQwIDANCnYgLTExMiAtMTA0MCAwDQp2IC05NiAtMTA1NiAwDQp2IC0xMTIgLTEwNTYgMA0KdiAtMTEyIC0xMDQwIDANCnYgLTk2IC0xMDQwIDANCnYgLTgwIC0xMDU2IDANCnYgLTk2IC0xMDU2IDANCnYgLTk2IC0xMDQwIDANCnYgLTgwIC0xMDQwIDANCnYgLTY0IC0xMDU2IDANCnYgLTgwIC0xMDU2IDANCnYgLTgwIC0xMDQwIDANCnYgLTY0IC0xMDQwIDANCnYgLTQ4IC0xMDU2IDANCnYgLTY0IC0xMDU2IDANCnYgLTY0IC0xMDQwIDANCnYgLTQ4IC0xMDQwIDANCnYgLTMyIC0xMDU2IDANCnYgLTQ4IC0xMDU2IDANCnYgLTQ4IC0xMDQwIDANCnYgLTMyIC0xMDQwIDANCnYgLTE2IC0xMDU2IDANCnYgLTMyIC0xMDU2IDANCnYgLTMyIC0xMDQwIDANCnYgLTE2IC0xMDQwIDANCnYgMCAtMTA1NiAwDQp2IC0xNiAtMTA1NiAwDQp2IC0xNiAtMTA0MCAwDQp2IDAgLTEwNDAgMA0KdiAtMTE4NCAtMTA3MiAwDQp2IC0xMjAwIC0xMDcyIDANCnYgLTEyMDAgLTEwNTYgMA0KdiAtMTE4NCAtMTA1NiAwDQp2IC0xMTY4IC0xMDcyIDANCnYgLTExODQgLTEwNzIgMA0KdiAtMTE4NCAtMTA1NiAwDQp2IC0xMTY4IC0xMDU2IDANCnYgLTExNTIgLTEwNzIgMA0KdiAtMTE2OCAtMTA3MiAwDQp2IC0xMTY4IC0xMDU2IDANCnYgLTExNTIgLTEwNTYgMA0KdiAtMTEzNiAtMTA3MiAwDQp2IC0xMTUyIC0xMDcyIDANCnYgLTExNTIgLTEwNTYgMA0KdiAtMTEzNiAtMTA1NiAwDQp2IC0xMTIwIC0xMDcyIDANCnYgLTExMzYgLTEwNzIgMA0KdiAtMTEzNiAtMTA1NiAwDQp2IC0xMTIwIC0xMDU2IDANCnYgLTExMDQgLTEwNzIgMA0KdiAtMTEyMCAtMTA3MiAwDQp2IC0xMTIwIC0xMDU2IDANCnYgLTExMDQgLTEwNTYgMA0KdiAtMTA4OCAtMTA3MiAwDQp2IC0xMTA0IC0xMDcyIDANCnYgLTExMDQgLTEwNTYgMA0KdiAtMTA4OCAtMTA1NiAwDQp2IC0xMDcyIC0xMDcyIDANCnYgLTEwODggLTEwNzIgMA0KdiAtMTA4OCAtMTA1NiAwDQp2IC0xMDcyIC0xMDU2IDANCnYgLTEwNTYgLTEwNzIgMA0KdiAtMTA3MiAtMTA3MiAwDQp2IC0xMDcyIC0xMDU2IDANCnYgLTEwNTYgLTEwNTYgMA0KdiAtMTA0MCAtMTA3MiAwDQp2IC0xMDU2IC0xMDcyIDANCnYgLTEwNTYgLTEwNTYgMA0KdiAtMTA0MCAtMTA1NiAwDQp2IC0xMDI0IC0xMDcyIDANCnYgLTEwNDAgLTEwNzIgMA0KdiAtMTA0MCAtMTA1NiAwDQp2IC0xMDI0IC0xMDU2IDANCnYgLTEwMDggLTEwNzIgMA0KdiAtMTAyNCAtMTA3MiAwDQp2IC0xMDI0IC0xMDU2IDANCnYgLTEwMDggLTEwNTYgMA0KdiAtOTkyIC0xMDcyIDANCnYgLTEwMDggLTEwNzIgMA0KdiAtMTAwOCAtMTA1NiAwDQp2IC05OTIgLTEwNTYgMA0KdiAtOTc2IC0xMDcyIDANCnYgLTk5MiAtMTA3MiAwDQp2IC05OTIgLTEwNTYgMA0KdiAtOTc2IC0xMDU2IDANCnYgLTk2MCAtMTA3MiAwDQp2IC05NzYgLTEwNzIgMA0KdiAtOTc2IC0xMDU2IDANCnYgLTk2MCAtMTA1NiAwDQp2IC05NDQgLTEwNzIgMA0KdiAtOTYwIC0xMDcyIDANCnYgLTk2MCAtMTA1NiAwDQp2IC05NDQgLTEwNTYgMA0KdiAtOTI4IC0xMDcyIDANCnYgLTk0NCAtMTA3MiAwDQp2IC05NDQgLTEwNTYgMA0KdiAtOTI4IC0xMDU2IDANCnYgLTkxMiAtMTA3MiAwDQp2IC05MjggLTEwNzIgMA0KdiAtOTI4IC0xMDU2IDANCnYgLTkxMiAtMTA1NiAwDQp2IC04OTYgLTEwNzIgMA0KdiAtOTEyIC0xMDcyIDANCnYgLTkxMiAtMTA1NiAwDQp2IC04OTYgLTEwNTYgMA0KdiAtODgwIC0xMDcyIDANCnYgLTg5NiAtMTA3MiAwDQp2IC04OTYgLTEwNTYgMA0KdiAtODgwIC0xMDU2IDANCnYgLTg2NCAtMTA3MiAwDQp2IC04ODAgLTEwNzIgMA0KdiAtODgwIC0xMDU2IDANCnYgLTg2NCAtMTA1NiAwDQp2IC04NDggLTEwNzIgMA0KdiAtODY0IC0xMDcyIDANCnYgLTg2NCAtMTA1NiAwDQp2IC04NDggLTEwNTYgMA0KdiAtODMyIC0xMDcyIDANCnYgLTg0OCAtMTA3MiAwDQp2IC04NDggLTEwNTYgMA0KdiAtODMyIC0xMDU2IDANCnYgLTgxNiAtMTA3MiAwDQp2IC04MzIgLTEwNzIgMA0KdiAtODMyIC0xMDU2IDANCnYgLTgxNiAtMTA1NiAwDQp2IC04MDAgLTEwNzIgMA0KdiAtODE2IC0xMDcyIDANCnYgLTgxNiAtMTA1NiAwDQp2IC04MDAgLTEwNTYgMA0KdiAtNzg0IC0xMDcyIDANCnYgLTgwMCAtMTA3MiAwDQp2IC04MDAgLTEwNTYgMA0KdiAtNzg0IC0xMDU2IDANCnYgLTc2OCAtMTA3MiAwDQp2IC03ODQgLTEwNzIgMA0KdiAtNzg0IC0xMDU2IDANCnYgLTc2OCAtMTA1NiAwDQp2IC03NTIgLTEwNzIgMA0KdiAtNzY4IC0xMDcyIDANCnYgLTc2OCAtMTA1NiAwDQp2IC03NTIgLTEwNTYgMA0KdiAtNzM2IC0xMDcyIDANCnYgLTc1MiAtMTA3MiAwDQp2IC03NTIgLTEwNTYgMA0KdiAtNzM2IC0xMDU2IDANCnYgLTcyMCAtMTA3MiAwDQp2IC03MzYgLTEwNzIgMA0KdiAtNzM2IC0xMDU2IDANCnYgLTcyMCAtMTA1NiAwDQp2IC03MDQgLTEwNzIgMA0KdiAtNzIwIC0xMDcyIDANCnYgLTcyMCAtMTA1NiAwDQp2IC03MDQgLTEwNTYgMA0KdiAtNjg4IC0xMDcyIDANCnYgLTcwNCAtMTA3MiAwDQp2IC03MDQgLTEwNTYgMA0KdiAtNjg4IC0xMDU2IDANCnYgLTY3MiAtMTA3MiAwDQp2IC02ODggLTEwNzIgMA0KdiAtNjg4IC0xMDU2IDANCnYgLTY3MiAtMTA1NiAwDQp2IC02NTYgLTEwNzIgMA0KdiAtNjcyIC0xMDcyIDANCnYgLTY3MiAtMTA1NiAwDQp2IC02NTYgLTEwNTYgMA0KdiAtNjQwIC0xMDcyIDANCnYgLTY1NiAtMTA3MiAwDQp2IC02NTYgLTEwNTYgMA0KdiAtNjQwIC0xMDU2IDANCnYgLTYyNCAtMTA3MiAwDQp2IC02NDAgLTEwNzIgMA0KdiAtNjQwIC0xMDU2IDANCnYgLTYyNCAtMTA1NiAwDQp2IC02MDggLTEwNzIgMA0KdiAtNjI0IC0xMDcyIDANCnYgLTYyNCAtMTA1NiAwDQp2IC02MDggLTEwNTYgMA0KdiAtNTkyIC0xMDcyIDANCnYgLTYwOCAtMTA3MiAwDQp2IC02MDggLTEwNTYgMA0KdiAtNTkyIC0xMDU2IDANCnYgLTU3NiAtMTA3MiAwDQp2IC01OTIgLTEwNzIgMA0KdiAtNTkyIC0xMDU2IDANCnYgLTU3NiAtMTA1NiAwDQp2IC01NjAgLTEwNzIgMA0KdiAtNTc2IC0xMDcyIDANCnYgLTU3NiAtMTA1NiAwDQp2IC01NjAgLTEwNTYgMA0KdiAtNTQ0IC0xMDcyIDANCnYgLTU2MCAtMTA3MiAwDQp2IC01NjAgLTEwNTYgMA0KdiAtNTQ0IC0xMDU2IDANCnYgLTUyOCAtMTA3MiAwDQp2IC01NDQgLTEwNzIgMA0KdiAtNTQ0IC0xMDU2IDANCnYgLTUyOCAtMTA1NiAwDQp2IC01MTIgLTEwNzIgMA0KdiAtNTI4IC0xMDcyIDANCnYgLTUyOCAtMTA1NiAwDQp2IC01MTIgLTEwNTYgMA0KdiAtNDk2IC0xMDcyIDANCnYgLTUxMiAtMTA3MiAwDQp2IC01MTIgLTEwNTYgMA0KdiAtNDk2IC0xMDU2IDANCnYgLTQ4MCAtMTA3MiAwDQp2IC00OTYgLTEwNzIgMA0KdiAtNDk2IC0xMDU2IDANCnYgLTQ4MCAtMTA1NiAwDQp2IC00NjQgLTEwNzIgMA0KdiAtNDgwIC0xMDcyIDANCnYgLTQ4MCAtMTA1NiAwDQp2IC00NjQgLTEwNTYgMA0KdiAtNDQ4IC0xMDcyIDANCnYgLTQ2NCAtMTA3MiAwDQp2IC00NjQgLTEwNTYgMA0KdiAtNDQ4IC0xMDU2IDANCnYgLTQzMiAtMTA3MiAwDQp2IC00NDggLTEwNzIgMA0KdiAtNDQ4IC0xMDU2IDANCnYgLTQzMiAtMTA1NiAwDQp2IC00MTYgLTEwNzIgMA0KdiAtNDMyIC0xMDcyIDANCnYgLTQzMiAtMTA1NiAwDQp2IC00MTYgLTEwNTYgMA0KdiAtNDAwIC0xMDcyIDANCnYgLTQxNiAtMTA3MiAwDQp2IC00MTYgLTEwNTYgMA0KdiAtNDAwIC0xMDU2IDANCnYgLTM4NCAtMTA3MiAwDQp2IC00MDAgLTEwNzIgMA0KdiAtNDAwIC0xMDU2IDANCnYgLTM4NCAtMTA1NiAwDQp2IC0zNjggLTEwNzIgMA0KdiAtMzg0IC0xMDcyIDANCnYgLTM4NCAtMTA1NiAwDQp2IC0zNjggLTEwNTYgMA0KdiAtMzUyIC0xMDcyIDANCnYgLTM2OCAtMTA3MiAwDQp2IC0zNjggLTEwNTYgMA0KdiAtMzUyIC0xMDU2IDANCnYgLTMzNiAtMTA3MiAwDQp2IC0zNTIgLTEwNzIgMA0KdiAtMzUyIC0xMDU2IDANCnYgLTMzNiAtMTA1NiAwDQp2IC0zMjAgLTEwNzIgMA0KdiAtMzM2IC0xMDcyIDANCnYgLTMzNiAtMTA1NiAwDQp2IC0zMjAgLTEwNTYgMA0KdiAtMzA0IC0xMDcyIDANCnYgLTMyMCAtMTA3MiAwDQp2IC0zMjAgLTEwNTYgMA0KdiAtMzA0IC0xMDU2IDANCnYgLTI4OCAtMTA3MiAwDQp2IC0zMDQgLTEwNzIgMA0KdiAtMzA0IC0xMDU2IDANCnYgLTI4OCAtMTA1NiAwDQp2IC0yNzIgLTEwNzIgMA0KdiAtMjg4IC0xMDcyIDANCnYgLTI4OCAtMTA1NiAwDQp2IC0yNzIgLTEwNTYgMA0KdiAtMjU2IC0xMDcyIDANCnYgLTI3MiAtMTA3MiAwDQp2IC0yNzIgLTEwNTYgMA0KdiAtMjU2IC0xMDU2IDANCnYgLTI0MCAtMTA3MiAwDQp2IC0yNTYgLTEwNzIgMA0KdiAtMjU2IC0xMDU2IDANCnYgLTI0MCAtMTA1NiAwDQp2IC0yMjQgLTEwNzIgMA0KdiAtMjQwIC0xMDcyIDANCnYgLTI0MCAtMTA1NiAwDQp2IC0yMjQgLTEwNTYgMA0KdiAtMjA4IC0xMDcyIDANCnYgLTIyNCAtMTA3MiAwDQp2IC0yMjQgLTEwNTYgMA0KdiAtMjA4IC0xMDU2IDANCnYgLTE5MiAtMTA3MiAwDQp2IC0yMDggLTEwNzIgMA0KdiAtMjA4IC0xMDU2IDANCnYgLTE5MiAtMTA1NiAwDQp2IC0xNzYgLTEwNzIgMA0KdiAtMTkyIC0xMDcyIDANCnYgLTE5MiAtMTA1NiAwDQp2IC0xNzYgLTEwNTYgMA0KdiAtMTYwIC0xMDcyIDANCnYgLTE3NiAtMTA3MiAwDQp2IC0xNzYgLTEwNTYgMA0KdiAtMTYwIC0xMDU2IDANCnYgLTE0NCAtMTA3MiAwDQp2IC0xNjAgLTEwNzIgMA0KdiAtMTYwIC0xMDU2IDANCnYgLTE0NCAtMTA1NiAwDQp2IC0xMjggLTEwNzIgMA0KdiAtMTQ0IC0xMDcyIDANCnYgLTE0NCAtMTA1NiAwDQp2IC0xMjggLTEwNTYgMA0KdiAtMTEyIC0xMDcyIDANCnYgLTEyOCAtMTA3MiAwDQp2IC0xMjggLTEwNTYgMA0KdiAtMTEyIC0xMDU2IDANCnYgLTk2IC0xMDcyIDANCnYgLTExMiAtMTA3MiAwDQp2IC0xMTIgLTEwNTYgMA0KdiAtOTYgLTEwNTYgMA0KdiAtODAgLTEwNzIgMA0KdiAtOTYgLTEwNzIgMA0KdiAtOTYgLTEwNTYgMA0KdiAtODAgLTEwNTYgMA0KdiAtNjQgLTEwNzIgMA0KdiAtODAgLTEwNzIgMA0KdiAtODAgLTEwNTYgMA0KdiAtNjQgLTEwNTYgMA0KdiAtNDggLTEwNzIgMA0KdiAtNjQgLTEwNzIgMA0KdiAtNjQgLTEwNTYgMA0KdiAtNDggLTEwNTYgMA0KdiAtMzIgLTEwNzIgMA0KdiAtNDggLTEwNzIgMA0KdiAtNDggLTEwNTYgMA0KdiAtMzIgLTEwNTYgMA0KdiAtMTYgLTEwNzIgMA0KdiAtMzIgLTEwNzIgMA0KdiAtMzIgLTEwNTYgMA0KdiAtMTYgLTEwNTYgMA0KdiAwIC0xMDcyIDANCnYgLTE2IC0xMDcyIDANCnYgLTE2IC0xMDU2IDANCnYgMCAtMTA1NiAwDQp2IC0xMTg0IC0xMDg4IDANCnYgLTEyMDAgLTEwODggMA0KdiAtMTIwMCAtMTA3MiAwDQp2IC0xMTg0IC0xMDcyIDANCnYgLTExNjggLTEwODggMA0KdiAtMTE4NCAtMTA4OCAwDQp2IC0xMTg0IC0xMDcyIDANCnYgLTExNjggLTEwNzIgMA0KdiAtMTE1MiAtMTA4OCAwDQp2IC0xMTY4IC0xMDg4IDANCnYgLTExNjggLTEwNzIgMA0KdiAtMTE1MiAtMTA3MiAwDQp2IC0xMTM2IC0xMDg4IDANCnYgLTExNTIgLTEwODggMA0KdiAtMTE1MiAtMTA3MiAwDQp2IC0xMTM2IC0xMDcyIDANCnYgLTExMjAgLTEwODggMA0KdiAtMTEzNiAtMTA4OCAwDQp2IC0xMTM2IC0xMDcyIDANCnYgLTExMjAgLTEwNzIgMA0KdiAtMTEwNCAtMTA4OCAwDQp2IC0xMTIwIC0xMDg4IDANCnYgLTExMjAgLTEwNzIgMA0KdiAtMTEwNCAtMTA3MiAwDQp2IC0xMDg4IC0xMDg4IDANCnYgLTExMDQgLTEwODggMA0KdiAtMTEwNCAtMTA3MiAwDQp2IC0xMDg4IC0xMDcyIDANCnYgLTEwNzIgLTEwODggMA0KdiAtMTA4OCAtMTA4OCAwDQp2IC0xMDg4IC0xMDcyIDANCnYgLTEwNzIgLTEwNzIgMA0KdiAtMTA1NiAtMTA4OCAwDQp2IC0xMDcyIC0xMDg4IDANCnYgLTEwNzIgLTEwNzIgMA0KdiAtMTA1NiAtMTA3MiAwDQp2IC0xMDQwIC0xMDg4IDANCnYgLTEwNTYgLTEwODggMA0KdiAtMTA1NiAtMTA3MiAwDQp2IC0xMDQwIC0xMDcyIDANCnYgLTEwMjQgLTEwODggMA0KdiAtMTA0MCAtMTA4OCAwDQp2IC0xMDQwIC0xMDcyIDANCnYgLTEwMjQgLTEwNzIgMA0KdiAtMTAwOCAtMTA4OCAwDQp2IC0xMDI0IC0xMDg4IDANCnYgLTEwMjQgLTEwNzIgMA0KdiAtMTAwOCAtMTA3MiAwDQp2IC05OTIgLTEwODggMA0KdiAtMTAwOCAtMTA4OCAwDQp2IC0xMDA4IC0xMDcyIDANCnYgLTk5MiAtMTA3MiAwDQp2IC05NzYgLTEwODggMA0KdiAtOTkyIC0xMDg4IDANCnYgLTk5MiAtMTA3MiAwDQp2IC05NzYgLTEwNzIgMA0KdiAtOTYwIC0xMDg4IDANCnYgLTk3NiAtMTA4OCAwDQp2IC05NzYgLTEwNzIgMA0KdiAtOTYwIC0xMDcyIDANCnYgLTk0NCAtMTA4OCAwDQp2IC05NjAgLTEwODggMA0KdiAtOTYwIC0xMDcyIDANCnYgLTk0NCAtMTA3MiAwDQp2IC05MjggLTEwODggMA0KdiAtOTQ0IC0xMDg4IDANCnYgLTk0NCAtMTA3MiAwDQp2IC05MjggLTEwNzIgMA0KdiAtOTEyIC0xMDg4IDANCnYgLTkyOCAtMTA4OCAwDQp2IC05MjggLTEwNzIgMA0KdiAtOTEyIC0xMDcyIDANCnYgLTg5NiAtMTA4OCAwDQp2IC05MTIgLTEwODggMA0KdiAtOTEyIC0xMDcyIDANCnYgLTg5NiAtMTA3MiAwDQp2IC04ODAgLTEwODggMA0KdiAtODk2IC0xMDg4IDANCnYgLTg5NiAtMTA3MiAwDQp2IC04ODAgLTEwNzIgMA0KdiAtODY0IC0xMDg4IDANCnYgLTg4MCAtMTA4OCAwDQp2IC04ODAgLTEwNzIgMA0KdiAtODY0IC0xMDcyIDANCnYgLTg0OCAtMTA4OCAwDQp2IC04NjQgLTEwODggMA0KdiAtODY0IC0xMDcyIDANCnYgLTg0OCAtMTA3MiAwDQp2IC04MzIgLTEwODggMA0KdiAtODQ4IC0xMDg4IDANCnYgLTg0OCAtMTA3MiAwDQp2IC04MzIgLTEwNzIgMA0KdiAtODE2IC0xMDg4IDANCnYgLTgzMiAtMTA4OCAwDQp2IC04MzIgLTEwNzIgMA0KdiAtODE2IC0xMDcyIDANCnYgLTgwMCAtMTA4OCAwDQp2IC04MTYgLTEwODggMA0KdiAtODE2IC0xMDcyIDANCnYgLTgwMCAtMTA3MiAwDQp2IC03ODQgLTEwODggMA0KdiAtODAwIC0xMDg4IDANCnYgLTgwMCAtMTA3MiAwDQp2IC03ODQgLTEwNzIgMA0KdiAtNzY4IC0xMDg4IDANCnYgLTc4NCAtMTA4OCAwDQp2IC03ODQgLTEwNzIgMA0KdiAtNzY4IC0xMDcyIDANCnYgLTc1MiAtMTA4OCAwDQp2IC03NjggLTEwODggMA0KdiAtNzY4IC0xMDcyIDANCnYgLTc1MiAtMTA3MiAwDQp2IC03MzYgLTEwODggMA0KdiAtNzUyIC0xMDg4IDANCnYgLTc1MiAtMTA3MiAwDQp2IC03MzYgLTEwNzIgMA0KdiAtNzIwIC0xMDg4IDANCnYgLTczNiAtMTA4OCAwDQp2IC03MzYgLTEwNzIgMA0KdiAtNzIwIC0xMDcyIDANCnYgLTcwNCAtMTA4OCAwDQp2IC03MjAgLTEwODggMA0KdiAtNzIwIC0xMDcyIDANCnYgLTcwNCAtMTA3MiAwDQp2IC02ODggLTEwODggMA0KdiAtNzA0IC0xMDg4IDANCnYgLTcwNCAtMTA3MiAwDQp2IC02ODggLTEwNzIgMA0KdiAtNjcyIC0xMDg4IDANCnYgLTY4OCAtMTA4OCAwDQp2IC02ODggLTEwNzIgMA0KdiAtNjcyIC0xMDcyIDANCnYgLTY1NiAtMTA4OCAwDQp2IC02NzIgLTEwODggMA0KdiAtNjcyIC0xMDcyIDANCnYgLTY1NiAtMTA3MiAwDQp2IC02NDAgLTEwODggMA0KdiAtNjU2IC0xMDg4IDANCnYgLTY1NiAtMTA3MiAwDQp2IC02NDAgLTEwNzIgMA0KdiAtNjI0IC0xMDg4IDANCnYgLTY0MCAtMTA4OCAwDQp2IC02NDAgLTEwNzIgMA0KdiAtNjI0IC0xMDcyIDANCnYgLTYwOCAtMTA4OCAwDQp2IC02MjQgLTEwODggMA0KdiAtNjI0IC0xMDcyIDANCnYgLTYwOCAtMTA3MiAwDQp2IC01OTIgLTEwODggMA0KdiAtNjA4IC0xMDg4IDANCnYgLTYwOCAtMTA3MiAwDQp2IC01OTIgLTEwNzIgMA0KdiAtNTc2IC0xMDg4IDANCnYgLTU5MiAtMTA4OCAwDQp2IC01OTIgLTEwNzIgMA0KdiAtNTc2IC0xMDcyIDANCnYgLTU2MCAtMTA4OCAwDQp2IC01NzYgLTEwODggMA0KdiAtNTc2IC0xMDcyIDANCnYgLTU2MCAtMTA3MiAwDQp2IC01NDQgLTEwODggMA0KdiAtNTYwIC0xMDg4IDANCnYgLTU2MCAtMTA3MiAwDQp2IC01NDQgLTEwNzIgMA0KdiAtNTI4IC0xMDg4IDANCnYgLTU0NCAtMTA4OCAwDQp2IC01NDQgLTEwNzIgMA0KdiAtNTI4IC0xMDcyIDANCnYgLTUxMiAtMTA4OCAwDQp2IC01MjggLTEwODggMA0KdiAtNTI4IC0xMDcyIDANCnYgLTUxMiAtMTA3MiAwDQp2IC00OTYgLTEwODggMA0KdiAtNTEyIC0xMDg4IDANCnYgLTUxMiAtMTA3MiAwDQp2IC00OTYgLTEwNzIgMA0KdiAtNDgwIC0xMDg4IDANCnYgLTQ5NiAtMTA4OCAwDQp2IC00OTYgLTEwNzIgMA0KdiAtNDgwIC0xMDcyIDANCnYgLTQ2NCAtMTA4OCAwDQp2IC00ODAgLTEwODggMA0KdiAtNDgwIC0xMDcyIDANCnYgLTQ2NCAtMTA3MiAwDQp2IC00NDggLTEwODggMA0KdiAtNDY0IC0xMDg4IDANCnYgLTQ2NCAtMTA3MiAwDQp2IC00NDggLTEwNzIgMA0KdiAtNDMyIC0xMDg4IDANCnYgLTQ0OCAtMTA4OCAwDQp2IC00NDggLTEwNzIgMA0KdiAtNDMyIC0xMDcyIDANCnYgLTQxNiAtMTA4OCAwDQp2IC00MzIgLTEwODggMA0KdiAtNDMyIC0xMDcyIDANCnYgLTQxNiAtMTA3MiAwDQp2IC00MDAgLTEwODggMA0KdiAtNDE2IC0xMDg4IDANCnYgLTQxNiAtMTA3MiAwDQp2IC00MDAgLTEwNzIgMA0KdiAtMzg0IC0xMDg4IDANCnYgLTQwMCAtMTA4OCAwDQp2IC00MDAgLTEwNzIgMA0KdiAtMzg0IC0xMDcyIDANCnYgLTM2OCAtMTA4OCAwDQp2IC0zODQgLTEwODggMA0KdiAtMzg0IC0xMDcyIDANCnYgLTM2OCAtMTA3MiAwDQp2IC0zNTIgLTEwODggMA0KdiAtMzY4IC0xMDg4IDANCnYgLTM2OCAtMTA3MiAwDQp2IC0zNTIgLTEwNzIgMA0KdiAtMzM2IC0xMDg4IDANCnYgLTM1MiAtMTA4OCAwDQp2IC0zNTIgLTEwNzIgMA0KdiAtMzM2IC0xMDcyIDANCnYgLTMyMCAtMTA4OCAwDQp2IC0zMzYgLTEwODggMA0KdiAtMzM2IC0xMDcyIDANCnYgLTMyMCAtMTA3MiAwDQp2IC0zMDQgLTEwODggMA0KdiAtMzIwIC0xMDg4IDANCnYgLTMyMCAtMTA3MiAwDQp2IC0zMDQgLTEwNzIgMA0KdiAtMjg4IC0xMDg4IDANCnYgLTMwNCAtMTA4OCAwDQp2IC0zMDQgLTEwNzIgMA0KdiAtMjg4IC0xMDcyIDANCnYgLTI3MiAtMTA4OCAwDQp2IC0yODggLTEwODggMA0KdiAtMjg4IC0xMDcyIDANCnYgLTI3MiAtMTA3MiAwDQp2IC0yNTYgLTEwODggMA0KdiAtMjcyIC0xMDg4IDANCnYgLTI3MiAtMTA3MiAwDQp2IC0yNTYgLTEwNzIgMA0KdiAtMjQwIC0xMDg4IDANCnYgLTI1NiAtMTA4OCAwDQp2IC0yNTYgLTEwNzIgMA0KdiAtMjQwIC0xMDcyIDANCnYgLTIyNCAtMTA4OCAwDQp2IC0yNDAgLTEwODggMA0KdiAtMjQwIC0xMDcyIDANCnYgLTIyNCAtMTA3MiAwDQp2IC0yMDggLTEwODggMA0KdiAtMjI0IC0xMDg4IDANCnYgLTIyNCAtMTA3MiAwDQp2IC0yMDggLTEwNzIgMA0KdiAtMTkyIC0xMDg4IDANCnYgLTIwOCAtMTA4OCAwDQp2IC0yMDggLTEwNzIgMA0KdiAtMTkyIC0xMDcyIDANCnYgLTE3NiAtMTA4OCAwDQp2IC0xOTIgLTEwODggMA0KdiAtMTkyIC0xMDcyIDANCnYgLTE3NiAtMTA3MiAwDQp2IC0xNjAgLTEwODggMA0KdiAtMTc2IC0xMDg4IDANCnYgLTE3NiAtMTA3MiAwDQp2IC0xNjAgLTEwNzIgMA0KdiAtMTQ0IC0xMDg4IDANCnYgLTE2MCAtMTA4OCAwDQp2IC0xNjAgLTEwNzIgMA0KdiAtMTQ0IC0xMDcyIDANCnYgLTEyOCAtMTA4OCAwDQp2IC0xNDQgLTEwODggMA0KdiAtMTQ0IC0xMDcyIDANCnYgLTEyOCAtMTA3MiAwDQp2IC0xMTIgLTEwODggMA0KdiAtMTI4IC0xMDg4IDANCnYgLTEyOCAtMTA3MiAwDQp2IC0xMTIgLTEwNzIgMA0KdiAtOTYgLTEwODggMA0KdiAtMTEyIC0xMDg4IDANCnYgLTExMiAtMTA3MiAwDQp2IC05NiAtMTA3MiAwDQp2IC04MCAtMTA4OCAwDQp2IC05NiAtMTA4OCAwDQp2IC05NiAtMTA3MiAwDQp2IC04MCAtMTA3MiAwDQp2IC02NCAtMTA4OCAwDQp2IC04MCAtMTA4OCAwDQp2IC04MCAtMTA3MiAwDQp2IC02NCAtMTA3MiAwDQp2IC00OCAtMTA4OCAwDQp2IC02NCAtMTA4OCAwDQp2IC02NCAtMTA3MiAwDQp2IC00OCAtMTA3MiAwDQp2IC0zMiAtMTA4OCAwDQp2IC00OCAtMTA4OCAwDQp2IC00OCAtMTA3MiAwDQp2IC0zMiAtMTA3MiAwDQp2IC0xNiAtMTA4OCAwDQp2IC0zMiAtMTA4OCAwDQp2IC0zMiAtMTA3MiAwDQp2IC0xNiAtMTA3MiAwDQp2IDAgLTEwODggMA0KdiAtMTYgLTEwODggMA0KdiAtMTYgLTEwNzIgMA0KdiAwIC0xMDcyIDANCnYgLTExODQgLTExMDQgMA0KdiAtMTIwMCAtMTEwNCAwDQp2IC0xMjAwIC0xMDg4IDANCnYgLTExODQgLTEwODggMA0KdiAtMTE2OCAtMTEwNCAwDQp2IC0xMTg0IC0xMTA0IDANCnYgLTExODQgLTEwODggMA0KdiAtMTE2OCAtMTA4OCAwDQp2IC0xMTUyIC0xMTA0IDANCnYgLTExNjggLTExMDQgMA0KdiAtMTE2OCAtMTA4OCAwDQp2IC0xMTUyIC0xMDg4IDANCnYgLTExMzYgLTExMDQgMA0KdiAtMTE1MiAtMTEwNCAwDQp2IC0xMTUyIC0xMDg4IDANCnYgLTExMzYgLTEwODggMA0KdiAtMTEyMCAtMTEwNCAwDQp2IC0xMTM2IC0xMTA0IDANCnYgLTExMzYgLTEwODggMA0KdiAtMTEyMCAtMTA4OCAwDQp2IC0xMTA0IC0xMTA0IDANCnYgLTExMjAgLTExMDQgMA0KdiAtMTEyMCAtMTA4OCAwDQp2IC0xMTA0IC0xMDg4IDANCnYgLTEwODggLTExMDQgMA0KdiAtMTEwNCAtMTEwNCAwDQp2IC0xMTA0IC0xMDg4IDANCnYgLTEwODggLTEwODggMA0KdiAtMTA3MiAtMTEwNCAwDQp2IC0xMDg4IC0xMTA0IDANCnYgLTEwODggLTEwODggMA0KdiAtMTA3MiAtMTA4OCAwDQp2IC0xMDU2IC0xMTA0IDANCnYgLTEwNzIgLTExMDQgMA0KdiAtMTA3MiAtMTA4OCAwDQp2IC0xMDU2IC0xMDg4IDANCnYgLTEwNDAgLTExMDQgMA0KdiAtMTA1NiAtMTEwNCAwDQp2IC0xMDU2IC0xMDg4IDANCnYgLTEwNDAgLTEwODggMA0KdiAtMTAyNCAtMTEwNCAwDQp2IC0xMDQwIC0xMTA0IDANCnYgLTEwNDAgLTEwODggMA0KdiAtMTAyNCAtMTA4OCAwDQp2IC0xMDA4IC0xMTA0IDANCnYgLTEwMjQgLTExMDQgMA0KdiAtMTAyNCAtMTA4OCAwDQp2IC0xMDA4IC0xMDg4IDANCnYgLTk5MiAtMTEwNCAwDQp2IC0xMDA4IC0xMTA0IDANCnYgLTEwMDggLTEwODggMA0KdiAtOTkyIC0xMDg4IDANCnYgLTk3NiAtMTEwNCAwDQp2IC05OTIgLTExMDQgMA0KdiAtOTkyIC0xMDg4IDANCnYgLTk3NiAtMTA4OCAwDQp2IC05NjAgLTExMDQgMA0KdiAtOTc2IC0xMTA0IDANCnYgLTk3NiAtMTA4OCAwDQp2IC05NjAgLTEwODggMA0KdiAtOTQ0IC0xMTA0IDANCnYgLTk2MCAtMTEwNCAwDQp2IC05NjAgLTEwODggMA0KdiAtOTQ0IC0xMDg4IDANCnYgLTkyOCAtMTEwNCAwDQp2IC05NDQgLTExMDQgMA0KdiAtOTQ0IC0xMDg4IDANCnYgLTkyOCAtMTA4OCAwDQp2IC05MTIgLTExMDQgMA0KdiAtOTI4IC0xMTA0IDANCnYgLTkyOCAtMTA4OCAwDQp2IC05MTIgLTEwODggMA0KdiAtODk2IC0xMTA0IDANCnYgLTkxMiAtMTEwNCAwDQp2IC05MTIgLTEwODggMA0KdiAtODk2IC0xMDg4IDANCnYgLTg4MCAtMTEwNCAwDQp2IC04OTYgLTExMDQgMA0KdiAtODk2IC0xMDg4IDANCnYgLTg4MCAtMTA4OCAwDQp2IC04NjQgLTExMDQgMA0KdiAtODgwIC0xMTA0IDANCnYgLTg4MCAtMTA4OCAwDQp2IC04NjQgLTEwODggMA0KdiAtODQ4IC0xMTA0IDANCnYgLTg2NCAtMTEwNCAwDQp2IC04NjQgLTEwODggMA0KdiAtODQ4IC0xMDg4IDANCnYgLTgzMiAtMTEwNCAwDQp2IC04NDggLTExMDQgMA0KdiAtODQ4IC0xMDg4IDANCnYgLTgzMiAtMTA4OCAwDQp2IC04MTYgLTExMDQgMA0KdiAtODMyIC0xMTA0IDANCnYgLTgzMiAtMTA4OCAwDQp2IC04MTYgLTEwODggMA0KdiAtODAwIC0xMTA0IDANCnYgLTgxNiAtMTEwNCAwDQp2IC04MTYgLTEwODggMA0KdiAtODAwIC0xMDg4IDANCnYgLTc4NCAtMTEwNCAwDQp2IC04MDAgLTExMDQgMA0KdiAtODAwIC0xMDg4IDANCnYgLTc4NCAtMTA4OCAwDQp2IC03NjggLTExMDQgMA0KdiAtNzg0IC0xMTA0IDANCnYgLTc4NCAtMTA4OCAwDQp2IC03NjggLTEwODggMA0KdiAtNzUyIC0xMTA0IDANCnYgLTc2OCAtMTEwNCAwDQp2IC03NjggLTEwODggMA0KdiAtNzUyIC0xMDg4IDANCnYgLTczNiAtMTEwNCAwDQp2IC03NTIgLTExMDQgMA0KdiAtNzUyIC0xMDg4IDANCnYgLTczNiAtMTA4OCAwDQp2IC03MjAgLTExMDQgMA0KdiAtNzM2IC0xMTA0IDANCnYgLTczNiAtMTA4OCAwDQp2IC03MjAgLTEwODggMA0KdiAtNzA0IC0xMTA0IDANCnYgLTcyMCAtMTEwNCAwDQp2IC03MjAgLTEwODggMA0KdiAtNzA0IC0xMDg4IDANCnYgLTY4OCAtMTEwNCAwDQp2IC03MDQgLTExMDQgMA0KdiAtNzA0IC0xMDg4IDANCnYgLTY4OCAtMTA4OCAwDQp2IC02NzIgLTExMDQgMA0KdiAtNjg4IC0xMTA0IDANCnYgLTY4OCAtMTA4OCAwDQp2IC02NzIgLTEwODggMA0KdiAtNjU2IC0xMTA0IDANCnYgLTY3MiAtMTEwNCAwDQp2IC02NzIgLTEwODggMA0KdiAtNjU2IC0xMDg4IDANCnYgLTY0MCAtMTEwNCAwDQp2IC02NTYgLTExMDQgMA0KdiAtNjU2IC0xMDg4IDANCnYgLTY0MCAtMTA4OCAwDQp2IC02MjQgLTExMDQgMA0KdiAtNjQwIC0xMTA0IDANCnYgLTY0MCAtMTA4OCAwDQp2IC02MjQgLTEwODggMA0KdiAtNjA4IC0xMTA0IDANCnYgLTYyNCAtMTEwNCAwDQp2IC02MjQgLTEwODggMA0KdiAtNjA4IC0xMDg4IDANCnYgLTU5MiAtMTEwNCAwDQp2IC02MDggLTExMDQgMA0KdiAtNjA4IC0xMDg4IDANCnYgLTU5MiAtMTA4OCAwDQp2IC01NzYgLTExMDQgMA0KdiAtNTkyIC0xMTA0IDANCnYgLTU5MiAtMTA4OCAwDQp2IC01NzYgLTEwODggMA0KdiAtNTYwIC0xMTA0IDANCnYgLTU3NiAtMTEwNCAwDQp2IC01NzYgLTEwODggMA0KdiAtNTYwIC0xMDg4IDANCnYgLTU0NCAtMTEwNCAwDQp2IC01NjAgLTExMDQgMA0KdiAtNTYwIC0xMDg4IDANCnYgLTU0NCAtMTA4OCAwDQp2IC01MjggLTExMDQgMA0KdiAtNTQ0IC0xMTA0IDANCnYgLTU0NCAtMTA4OCAwDQp2IC01MjggLTEwODggMA0KdiAtNTEyIC0xMTA0IDANCnYgLTUyOCAtMTEwNCAwDQp2IC01MjggLTEwODggMA0KdiAtNTEyIC0xMDg4IDANCnYgLTQ5NiAtMTEwNCAwDQp2IC01MTIgLTExMDQgMA0KdiAtNTEyIC0xMDg4IDANCnYgLTQ5NiAtMTA4OCAwDQp2IC00ODAgLTExMDQgMA0KdiAtNDk2IC0xMTA0IDANCnYgLTQ5NiAtMTA4OCAwDQp2IC00ODAgLTEwODggMA0KdiAtNDY0IC0xMTA0IDANCnYgLTQ4MCAtMTEwNCAwDQp2IC00ODAgLTEwODggMA0KdiAtNDY0IC0xMDg4IDANCnYgLTQ0OCAtMTEwNCAwDQp2IC00NjQgLTExMDQgMA0KdiAtNDY0IC0xMDg4IDANCnYgLTQ0OCAtMTA4OCAwDQp2IC00MzIgLTExMDQgMA0KdiAtNDQ4IC0xMTA0IDANCnYgLTQ0OCAtMTA4OCAwDQp2IC00MzIgLTEwODggMA0KdiAtNDE2IC0xMTA0IDANCnYgLTQzMiAtMTEwNCAwDQp2IC00MzIgLTEwODggMA0KdiAtNDE2IC0xMDg4IDANCnYgLTQwMCAtMTEwNCAwDQp2IC00MTYgLTExMDQgMA0KdiAtNDE2IC0xMDg4IDANCnYgLTQwMCAtMTA4OCAwDQp2IC0zODQgLTExMDQgMA0KdiAtNDAwIC0xMTA0IDANCnYgLTQwMCAtMTA4OCAwDQp2IC0zODQgLTEwODggMA0KdiAtMzY4IC0xMTA0IDANCnYgLTM4NCAtMTEwNCAwDQp2IC0zODQgLTEwODggMA0KdiAtMzY4IC0xMDg4IDANCnYgLTM1MiAtMTEwNCAwDQp2IC0zNjggLTExMDQgMA0KdiAtMzY4IC0xMDg4IDANCnYgLTM1MiAtMTA4OCAwDQp2IC0zMzYgLTExMDQgMA0KdiAtMzUyIC0xMTA0IDANCnYgLTM1MiAtMTA4OCAwDQp2IC0zMzYgLTEwODggMA0KdiAtMzIwIC0xMTA0IDANCnYgLTMzNiAtMTEwNCAwDQp2IC0zMzYgLTEwODggMA0KdiAtMzIwIC0xMDg4IDANCnYgLTMwNCAtMTEwNCAwDQp2IC0zMjAgLTExMDQgMA0KdiAtMzIwIC0xMDg4IDANCnYgLTMwNCAtMTA4OCAwDQp2IC0yODggLTExMDQgMA0KdiAtMzA0IC0xMTA0IDANCnYgLTMwNCAtMTA4OCAwDQp2IC0yODggLTEwODggMA0KdiAtMjcyIC0xMTA0IDANCnYgLTI4OCAtMTEwNCAwDQp2IC0yODggLTEwODggMA0KdiAtMjcyIC0xMDg4IDANCnYgLTI1NiAtMTEwNCAwDQp2IC0yNzIgLTExMDQgMA0KdiAtMjcyIC0xMDg4IDANCnYgLTI1NiAtMTA4OCAwDQp2IC0yNDAgLTExMDQgMA0KdiAtMjU2IC0xMTA0IDANCnYgLTI1NiAtMTA4OCAwDQp2IC0yNDAgLTEwODggMA0KdiAtMjI0IC0xMTA0IDANCnYgLTI0MCAtMTEwNCAwDQp2IC0yNDAgLTEwODggMA0KdiAtMjI0IC0xMDg4IDANCnYgLTIwOCAtMTEwNCAwDQp2IC0yMjQgLTExMDQgMA0KdiAtMjI0IC0xMDg4IDANCnYgLTIwOCAtMTA4OCAwDQp2IC0xOTIgLTExMDQgMA0KdiAtMjA4IC0xMTA0IDANCnYgLTIwOCAtMTA4OCAwDQp2IC0xOTIgLTEwODggMA0KdiAtMTc2IC0xMTA0IDANCnYgLTE5MiAtMTEwNCAwDQp2IC0xOTIgLTEwODggMA0KdiAtMTc2IC0xMDg4IDANCnYgLTE2MCAtMTEwNCAwDQp2IC0xNzYgLTExMDQgMA0KdiAtMTc2IC0xMDg4IDANCnYgLTE2MCAtMTA4OCAwDQp2IC0xNDQgLTExMDQgMA0KdiAtMTYwIC0xMTA0IDANCnYgLTE2MCAtMTA4OCAwDQp2IC0xNDQgLTEwODggMA0KdiAtMTI4IC0xMTA0IDANCnYgLTE0NCAtMTEwNCAwDQp2IC0xNDQgLTEwODggMA0KdiAtMTI4IC0xMDg4IDANCnYgLTExMiAtMTEwNCAwDQp2IC0xMjggLTExMDQgMA0KdiAtMTI4IC0xMDg4IDANCnYgLTExMiAtMTA4OCAwDQp2IC05NiAtMTEwNCAwDQp2IC0xMTIgLTExMDQgMA0KdiAtMTEyIC0xMDg4IDANCnYgLTk2IC0xMDg4IDANCnYgLTgwIC0xMTA0IDANCnYgLTk2IC0xMTA0IDANCnYgLTk2IC0xMDg4IDANCnYgLTgwIC0xMDg4IDANCnYgLTY0IC0xMTA0IDANCnYgLTgwIC0xMTA0IDANCnYgLTgwIC0xMDg4IDANCnYgLTY0IC0xMDg4IDANCnYgLTQ4IC0xMTA0IDANCnYgLTY0IC0xMTA0IDANCnYgLTY0IC0xMDg4IDANCnYgLTQ4IC0xMDg4IDANCnYgLTMyIC0xMTA0IDANCnYgLTQ4IC0xMTA0IDANCnYgLTQ4IC0xMDg4IDANCnYgLTMyIC0xMDg4IDANCnYgLTE2IC0xMTA0IDANCnYgLTMyIC0xMTA0IDANCnYgLTMyIC0xMDg4IDANCnYgLTE2IC0xMDg4IDANCnYgMCAtMTEwNCAwDQp2IC0xNiAtMTEwNCAwDQp2IC0xNiAtMTA4OCAwDQp2IDAgLTEwODggMA0KdiAtMTE4NCAtMTEyMCAwDQp2IC0xMjAwIC0xMTIwIDANCnYgLTEyMDAgLTExMDQgMA0KdiAtMTE4NCAtMTEwNCAwDQp2IC0xMTY4IC0xMTIwIDANCnYgLTExODQgLTExMjAgMA0KdiAtMTE4NCAtMTEwNCAwDQp2IC0xMTY4IC0xMTA0IDANCnYgLTExNTIgLTExMjAgMA0KdiAtMTE2OCAtMTEyMCAwDQp2IC0xMTY4IC0xMTA0IDANCnYgLTExNTIgLTExMDQgMA0KdiAtMTEzNiAtMTEyMCAwDQp2IC0xMTUyIC0xMTIwIDANCnYgLTExNTIgLTExMDQgMA0KdiAtMTEzNiAtMTEwNCAwDQp2IC0xMTIwIC0xMTIwIDANCnYgLTExMzYgLTExMjAgMA0KdiAtMTEzNiAtMTEwNCAwDQp2IC0xMTIwIC0xMTA0IDANCnYgLTExMDQgLTExMjAgMA0KdiAtMTEyMCAtMTEyMCAwDQp2IC0xMTIwIC0xMTA0IDANCnYgLTExMDQgLTExMDQgMA0KdiAtMTA4OCAtMTEyMCAwDQp2IC0xMTA0IC0xMTIwIDANCnYgLTExMDQgLTExMDQgMA0KdiAtMTA4OCAtMTEwNCAwDQp2IC0xMDcyIC0xMTIwIDANCnYgLTEwODggLTExMjAgMA0KdiAtMTA4OCAtMTEwNCAwDQp2IC0xMDcyIC0xMTA0IDANCnYgLTEwNTYgLTExMjAgMA0KdiAtMTA3MiAtMTEyMCAwDQp2IC0xMDcyIC0xMTA0IDANCnYgLTEwNTYgLTExMDQgMA0KdiAtMTA0MCAtMTEyMCAwDQp2IC0xMDU2IC0xMTIwIDANCnYgLTEwNTYgLTExMDQgMA0KdiAtMTA0MCAtMTEwNCAwDQp2IC0xMDI0IC0xMTIwIDANCnYgLTEwNDAgLTExMjAgMA0KdiAtMTA0MCAtMTEwNCAwDQp2IC0xMDI0IC0xMTA0IDANCnYgLTEwMDggLTExMjAgMA0KdiAtMTAyNCAtMTEyMCAwDQp2IC0xMDI0IC0xMTA0IDANCnYgLTEwMDggLTExMDQgMA0KdiAtOTkyIC0xMTIwIDANCnYgLTEwMDggLTExMjAgMA0KdiAtMTAwOCAtMTEwNCAwDQp2IC05OTIgLTExMDQgMA0KdiAtOTc2IC0xMTIwIDANCnYgLTk5MiAtMTEyMCAwDQp2IC05OTIgLTExMDQgMA0KdiAtOTc2IC0xMTA0IDANCnYgLTk2MCAtMTEyMCAwDQp2IC05NzYgLTExMjAgMA0KdiAtOTc2IC0xMTA0IDANCnYgLTk2MCAtMTEwNCAwDQp2IC05NDQgLTExMjAgMA0KdiAtOTYwIC0xMTIwIDANCnYgLTk2MCAtMTEwNCAwDQp2IC05NDQgLTExMDQgMA0KdiAtOTI4IC0xMTIwIDANCnYgLTk0NCAtMTEyMCAwDQp2IC05NDQgLTExMDQgMA0KdiAtOTI4IC0xMTA0IDANCnYgLTkxMiAtMTEyMCAwDQp2IC05MjggLTExMjAgMA0KdiAtOTI4IC0xMTA0IDANCnYgLTkxMiAtMTEwNCAwDQp2IC04OTYgLTExMjAgMA0KdiAtOTEyIC0xMTIwIDANCnYgLTkxMiAtMTEwNCAwDQp2IC04OTYgLTExMDQgMA0KdiAtODgwIC0xMTIwIDANCnYgLTg5NiAtMTEyMCAwDQp2IC04OTYgLTExMDQgMA0KdiAtODgwIC0xMTA0IDANCnYgLTg2NCAtMTEyMCAwDQp2IC04ODAgLTExMjAgMA0KdiAtODgwIC0xMTA0IDANCnYgLTg2NCAtMTEwNCAwDQp2IC04NDggLTExMjAgMA0KdiAtODY0IC0xMTIwIDANCnYgLTg2NCAtMTEwNCAwDQp2IC04NDggLTExMDQgMA0KdiAtODMyIC0xMTIwIDANCnYgLTg0OCAtMTEyMCAwDQp2IC04NDggLTExMDQgMA0KdiAtODMyIC0xMTA0IDANCnYgLTgxNiAtMTEyMCAwDQp2IC04MzIgLTExMjAgMA0KdiAtODMyIC0xMTA0IDANCnYgLTgxNiAtMTEwNCAwDQp2IC04MDAgLTExMjAgMA0KdiAtODE2IC0xMTIwIDANCnYgLTgxNiAtMTEwNCAwDQp2IC04MDAgLTExMDQgMA0KdiAtNzg0IC0xMTIwIDANCnYgLTgwMCAtMTEyMCAwDQp2IC04MDAgLTExMDQgMA0KdiAtNzg0IC0xMTA0IDANCnYgLTc2OCAtMTEyMCAwDQp2IC03ODQgLTExMjAgMA0KdiAtNzg0IC0xMTA0IDANCnYgLTc2OCAtMTEwNCAwDQp2IC03NTIgLTExMjAgMA0KdiAtNzY4IC0xMTIwIDANCnYgLTc2OCAtMTEwNCAwDQp2IC03NTIgLTExMDQgMA0KdiAtNzM2IC0xMTIwIDANCnYgLTc1MiAtMTEyMCAwDQp2IC03NTIgLTExMDQgMA0KdiAtNzM2IC0xMTA0IDANCnYgLTcyMCAtMTEyMCAwDQp2IC03MzYgLTExMjAgMA0KdiAtNzM2IC0xMTA0IDANCnYgLTcyMCAtMTEwNCAwDQp2IC03MDQgLTExMjAgMA0KdiAtNzIwIC0xMTIwIDANCnYgLTcyMCAtMTEwNCAwDQp2IC03MDQgLTExMDQgMA0KdiAtNjg4IC0xMTIwIDANCnYgLTcwNCAtMTEyMCAwDQp2IC03MDQgLTExMDQgMA0KdiAtNjg4IC0xMTA0IDANCnYgLTY3MiAtMTEyMCAwDQp2IC02ODggLTExMjAgMA0KdiAtNjg4IC0xMTA0IDANCnYgLTY3MiAtMTEwNCAwDQp2IC02NTYgLTExMjAgMA0KdiAtNjcyIC0xMTIwIDANCnYgLTY3MiAtMTEwNCAwDQp2IC02NTYgLTExMDQgMA0KdiAtNjQwIC0xMTIwIDANCnYgLTY1NiAtMTEyMCAwDQp2IC02NTYgLTExMDQgMA0KdiAtNjQwIC0xMTA0IDANCnYgLTYyNCAtMTEyMCAwDQp2IC02NDAgLTExMjAgMA0KdiAtNjQwIC0xMTA0IDANCnYgLTYyNCAtMTEwNCAwDQp2IC02MDggLTExMjAgMA0KdiAtNjI0IC0xMTIwIDANCnYgLTYyNCAtMTEwNCAwDQp2IC02MDggLTExMDQgMA0KdiAtNTkyIC0xMTIwIDANCnYgLTYwOCAtMTEyMCAwDQp2IC02MDggLTExMDQgMA0KdiAtNTkyIC0xMTA0IDANCnYgLTU3NiAtMTEyMCAwDQp2IC01OTIgLTExMjAgMA0KdiAtNTkyIC0xMTA0IDANCnYgLTU3NiAtMTEwNCAwDQp2IC01NjAgLTExMjAgMA0KdiAtNTc2IC0xMTIwIDANCnYgLTU3NiAtMTEwNCAwDQp2IC01NjAgLTExMDQgMA0KdiAtNTQ0IC0xMTIwIDANCnYgLTU2MCAtMTEyMCAwDQp2IC01NjAgLTExMDQgMA0KdiAtNTQ0IC0xMTA0IDANCnYgLTUyOCAtMTEyMCAwDQp2IC01NDQgLTExMjAgMA0KdiAtNTQ0IC0xMTA0IDANCnYgLTUyOCAtMTEwNCAwDQp2IC01MTIgLTExMjAgMA0KdiAtNTI4IC0xMTIwIDANCnYgLTUyOCAtMTEwNCAwDQp2IC01MTIgLTExMDQgMA0KdiAtNDk2IC0xMTIwIDANCnYgLTUxMiAtMTEyMCAwDQp2IC01MTIgLTExMDQgMA0KdiAtNDk2IC0xMTA0IDANCnYgLTQ4MCAtMTEyMCAwDQp2IC00OTYgLTExMjAgMA0KdiAtNDk2IC0xMTA0IDANCnYgLTQ4MCAtMTEwNCAwDQp2IC00NjQgLTExMjAgMA0KdiAtNDgwIC0xMTIwIDANCnYgLTQ4MCAtMTEwNCAwDQp2IC00NjQgLTExMDQgMA0KdiAtNDQ4IC0xMTIwIDANCnYgLTQ2NCAtMTEyMCAwDQp2IC00NjQgLTExMDQgMA0KdiAtNDQ4IC0xMTA0IDANCnYgLTQzMiAtMTEyMCAwDQp2IC00NDggLTExMjAgMA0KdiAtNDQ4IC0xMTA0IDANCnYgLTQzMiAtMTEwNCAwDQp2IC00MTYgLTExMjAgMA0KdiAtNDMyIC0xMTIwIDANCnYgLTQzMiAtMTEwNCAwDQp2IC00MTYgLTExMDQgMA0KdiAtNDAwIC0xMTIwIDANCnYgLTQxNiAtMTEyMCAwDQp2IC00MTYgLTExMDQgMA0KdiAtNDAwIC0xMTA0IDANCnYgLTM4NCAtMTEyMCAwDQp2IC00MDAgLTExMjAgMA0KdiAtNDAwIC0xMTA0IDANCnYgLTM4NCAtMTEwNCAwDQp2IC0zNjggLTExMjAgMA0KdiAtMzg0IC0xMTIwIDANCnYgLTM4NCAtMTEwNCAwDQp2IC0zNjggLTExMDQgMA0KdiAtMzUyIC0xMTIwIDANCnYgLTM2OCAtMTEyMCAwDQp2IC0zNjggLTExMDQgMA0KdiAtMzUyIC0xMTA0IDANCnYgLTMzNiAtMTEyMCAwDQp2IC0zNTIgLTExMjAgMA0KdiAtMzUyIC0xMTA0IDANCnYgLTMzNiAtMTEwNCAwDQp2IC0zMjAgLTExMjAgMA0KdiAtMzM2IC0xMTIwIDANCnYgLTMzNiAtMTEwNCAwDQp2IC0zMjAgLTExMDQgMA0KdiAtMzA0IC0xMTIwIDANCnYgLTMyMCAtMTEyMCAwDQp2IC0zMjAgLTExMDQgMA0KdiAtMzA0IC0xMTA0IDANCnYgLTI4OCAtMTEyMCAwDQp2IC0zMDQgLTExMjAgMA0KdiAtMzA0IC0xMTA0IDANCnYgLTI4OCAtMTEwNCAwDQp2IC0yNzIgLTExMjAgMA0KdiAtMjg4IC0xMTIwIDANCnYgLTI4OCAtMTEwNCAwDQp2IC0yNzIgLTExMDQgMA0KdiAtMjU2IC0xMTIwIDANCnYgLTI3MiAtMTEyMCAwDQp2IC0yNzIgLTExMDQgMA0KdiAtMjU2IC0xMTA0IDANCnYgLTI0MCAtMTEyMCAwDQp2IC0yNTYgLTExMjAgMA0KdiAtMjU2IC0xMTA0IDANCnYgLTI0MCAtMTEwNCAwDQp2IC0yMjQgLTExMjAgMA0KdiAtMjQwIC0xMTIwIDANCnYgLTI0MCAtMTEwNCAwDQp2IC0yMjQgLTExMDQgMA0KdiAtMjA4IC0xMTIwIDANCnYgLTIyNCAtMTEyMCAwDQp2IC0yMjQgLTExMDQgMA0KdiAtMjA4IC0xMTA0IDANCnYgLTE5MiAtMTEyMCAwDQp2IC0yMDggLTExMjAgMA0KdiAtMjA4IC0xMTA0IDANCnYgLTE5MiAtMTEwNCAwDQp2IC0xNzYgLTExMjAgMA0KdiAtMTkyIC0xMTIwIDANCnYgLTE5MiAtMTEwNCAwDQp2IC0xNzYgLTExMDQgMA0KdiAtMTYwIC0xMTIwIDANCnYgLTE3NiAtMTEyMCAwDQp2IC0xNzYgLTExMDQgMA0KdiAtMTYwIC0xMTA0IDANCnYgLTE0NCAtMTEyMCAwDQp2IC0xNjAgLTExMjAgMA0KdiAtMTYwIC0xMTA0IDANCnYgLTE0NCAtMTEwNCAwDQp2IC0xMjggLTExMjAgMA0KdiAtMTQ0IC0xMTIwIDANCnYgLTE0NCAtMTEwNCAwDQp2IC0xMjggLTExMDQgMA0KdiAtMTEyIC0xMTIwIDANCnYgLTEyOCAtMTEyMCAwDQp2IC0xMjggLTExMDQgMA0KdiAtMTEyIC0xMTA0IDANCnYgLTk2IC0xMTIwIDANCnYgLTExMiAtMTEyMCAwDQp2IC0xMTIgLTExMDQgMA0KdiAtOTYgLTExMDQgMA0KdiAtODAgLTExMjAgMA0KdiAtOTYgLTExMjAgMA0KdiAtOTYgLTExMDQgMA0KdiAtODAgLTExMDQgMA0KdiAtNjQgLTExMjAgMA0KdiAtODAgLTExMjAgMA0KdiAtODAgLTExMDQgMA0KdiAtNjQgLTExMDQgMA0KdiAtNDggLTExMjAgMA0KdiAtNjQgLTExMjAgMA0KdiAtNjQgLTExMDQgMA0KdiAtNDggLTExMDQgMA0KdiAtMzIgLTExMjAgMA0KdiAtNDggLTExMjAgMA0KdiAtNDggLTExMDQgMA0KdiAtMzIgLTExMDQgMA0KdiAtMTYgLTExMjAgMA0KdiAtMzIgLTExMjAgMA0KdiAtMzIgLTExMDQgMA0KdiAtMTYgLTExMDQgMA0KdiAwIC0xMTIwIDANCnYgLTE2IC0xMTIwIDANCnYgLTE2IC0xMTA0IDANCnYgMCAtMTEwNCAwDQp2IC0xMTg0IC0xMTM2IDANCnYgLTEyMDAgLTExMzYgMA0KdiAtMTIwMCAtMTEyMCAwDQp2IC0xMTg0IC0xMTIwIDANCnYgLTExNjggLTExMzYgMA0KdiAtMTE4NCAtMTEzNiAwDQp2IC0xMTg0IC0xMTIwIDANCnYgLTExNjggLTExMjAgMA0KdiAtMTE1MiAtMTEzNiAwDQp2IC0xMTY4IC0xMTM2IDANCnYgLTExNjggLTExMjAgMA0KdiAtMTE1MiAtMTEyMCAwDQp2IC0xMTM2IC0xMTM2IDANCnYgLTExNTIgLTExMzYgMA0KdiAtMTE1MiAtMTEyMCAwDQp2IC0xMTM2IC0xMTIwIDANCnYgLTExMjAgLTExMzYgMA0KdiAtMTEzNiAtMTEzNiAwDQp2IC0xMTM2IC0xMTIwIDANCnYgLTExMjAgLTExMjAgMA0KdiAtMTEwNCAtMTEzNiAwDQp2IC0xMTIwIC0xMTM2IDANCnYgLTExMjAgLTExMjAgMA0KdiAtMTEwNCAtMTEyMCAwDQp2IC0xMDg4IC0xMTM2IDANCnYgLTExMDQgLTExMzYgMA0KdiAtMTEwNCAtMTEyMCAwDQp2IC0xMDg4IC0xMTIwIDANCnYgLTEwNzIgLTExMzYgMA0KdiAtMTA4OCAtMTEzNiAwDQp2IC0xMDg4IC0xMTIwIDANCnYgLTEwNzIgLTExMjAgMA0KdiAtMTA1NiAtMTEzNiAwDQp2IC0xMDcyIC0xMTM2IDANCnYgLTEwNzIgLTExMjAgMA0KdiAtMTA1NiAtMTEyMCAwDQp2IC0xMDQwIC0xMTM2IDANCnYgLTEwNTYgLTExMzYgMA0KdiAtMTA1NiAtMTEyMCAwDQp2IC0xMDQwIC0xMTIwIDANCnYgLTEwMjQgLTExMzYgMA0KdiAtMTA0MCAtMTEzNiAwDQp2IC0xMDQwIC0xMTIwIDANCnYgLTEwMjQgLTExMjAgMA0KdiAtMTAwOCAtMTEzNiAwDQp2IC0xMDI0IC0xMTM2IDANCnYgLTEwMjQgLTExMjAgMA0KdiAtMTAwOCAtMTEyMCAwDQp2IC05OTIgLTExMzYgMA0KdiAtMTAwOCAtMTEzNiAwDQp2IC0xMDA4IC0xMTIwIDANCnYgLTk5MiAtMTEyMCAwDQp2IC05NzYgLTExMzYgMA0KdiAtOTkyIC0xMTM2IDANCnYgLTk5MiAtMTEyMCAwDQp2IC05NzYgLTExMjAgMA0KdiAtOTYwIC0xMTM2IDANCnYgLTk3NiAtMTEzNiAwDQp2IC05NzYgLTExMjAgMA0KdiAtOTYwIC0xMTIwIDANCnYgLTk0NCAtMTEzNiAwDQp2IC05NjAgLTExMzYgMA0KdiAtOTYwIC0xMTIwIDANCnYgLTk0NCAtMTEyMCAwDQp2IC05MjggLTExMzYgMA0KdiAtOTQ0IC0xMTM2IDANCnYgLTk0NCAtMTEyMCAwDQp2IC05MjggLTExMjAgMA0KdiAtOTEyIC0xMTM2IDANCnYgLTkyOCAtMTEzNiAwDQp2IC05MjggLTExMjAgMA0KdiAtOTEyIC0xMTIwIDANCnYgLTg5NiAtMTEzNiAwDQp2IC05MTIgLTExMzYgMA0KdiAtOTEyIC0xMTIwIDANCnYgLTg5NiAtMTEyMCAwDQp2IC04ODAgLTExMzYgMA0KdiAtODk2IC0xMTM2IDANCnYgLTg5NiAtMTEyMCAwDQp2IC04ODAgLTExMjAgMA0KdiAtODY0IC0xMTM2IDANCnYgLTg4MCAtMTEzNiAwDQp2IC04ODAgLTExMjAgMA0KdiAtODY0IC0xMTIwIDANCnYgLTg0OCAtMTEzNiAwDQp2IC04NjQgLTExMzYgMA0KdiAtODY0IC0xMTIwIDANCnYgLTg0OCAtMTEyMCAwDQp2IC04MzIgLTExMzYgMA0KdiAtODQ4IC0xMTM2IDANCnYgLTg0OCAtMTEyMCAwDQp2IC04MzIgLTExMjAgMA0KdiAtODE2IC0xMTM2IDANCnYgLTgzMiAtMTEzNiAwDQp2IC04MzIgLTExMjAgMA0KdiAtODE2IC0xMTIwIDANCnYgLTgwMCAtMTEzNiAwDQp2IC04MTYgLTExMzYgMA0KdiAtODE2IC0xMTIwIDANCnYgLTgwMCAtMTEyMCAwDQp2IC03ODQgLTExMzYgMA0KdiAtODAwIC0xMTM2IDANCnYgLTgwMCAtMTEyMCAwDQp2IC03ODQgLTExMjAgMA0KdiAtNzY4IC0xMTM2IDANCnYgLTc4NCAtMTEzNiAwDQp2IC03ODQgLTExMjAgMA0KdiAtNzY4IC0xMTIwIDANCnYgLTc1MiAtMTEzNiAwDQp2IC03NjggLTExMzYgMA0KdiAtNzY4IC0xMTIwIDANCnYgLTc1MiAtMTEyMCAwDQp2IC03MzYgLTExMzYgMA0KdiAtNzUyIC0xMTM2IDANCnYgLTc1MiAtMTEyMCAwDQp2IC03MzYgLTExMjAgMA0KdiAtNzIwIC0xMTM2IDANCnYgLTczNiAtMTEzNiAwDQp2IC03MzYgLTExMjAgMA0KdiAtNzIwIC0xMTIwIDANCnYgLTcwNCAtMTEzNiAwDQp2IC03MjAgLTExMzYgMA0KdiAtNzIwIC0xMTIwIDANCnYgLTcwNCAtMTEyMCAwDQp2IC02ODggLTExMzYgMA0KdiAtNzA0IC0xMTM2IDANCnYgLTcwNCAtMTEyMCAwDQp2IC02ODggLTExMjAgMA0KdiAtNjcyIC0xMTM2IDANCnYgLTY4OCAtMTEzNiAwDQp2IC02ODggLTExMjAgMA0KdiAtNjcyIC0xMTIwIDANCnYgLTY1NiAtMTEzNiAwDQp2IC02NzIgLTExMzYgMA0KdiAtNjcyIC0xMTIwIDANCnYgLTY1NiAtMTEyMCAwDQp2IC02NDAgLTExMzYgMA0KdiAtNjU2IC0xMTM2IDANCnYgLTY1NiAtMTEyMCAwDQp2IC02NDAgLTExMjAgMA0KdiAtNjI0IC0xMTM2IDANCnYgLTY0MCAtMTEzNiAwDQp2IC02NDAgLTExMjAgMA0KdiAtNjI0IC0xMTIwIDANCnYgLTYwOCAtMTEzNiAwDQp2IC02MjQgLTExMzYgMA0KdiAtNjI0IC0xMTIwIDANCnYgLTYwOCAtMTEyMCAwDQp2IC01OTIgLTExMzYgMA0KdiAtNjA4IC0xMTM2IDANCnYgLTYwOCAtMTEyMCAwDQp2IC01OTIgLTExMjAgMA0KdiAtNTc2IC0xMTM2IDANCnYgLTU5MiAtMTEzNiAwDQp2IC01OTIgLTExMjAgMA0KdiAtNTc2IC0xMTIwIDANCnYgLTU2MCAtMTEzNiAwDQp2IC01NzYgLTExMzYgMA0KdiAtNTc2IC0xMTIwIDANCnYgLTU2MCAtMTEyMCAwDQp2IC01NDQgLTExMzYgMA0KdiAtNTYwIC0xMTM2IDANCnYgLTU2MCAtMTEyMCAwDQp2IC01NDQgLTExMjAgMA0KdiAtNTI4IC0xMTM2IDANCnYgLTU0NCAtMTEzNiAwDQp2IC01NDQgLTExMjAgMA0KdiAtNTI4IC0xMTIwIDANCnYgLTUxMiAtMTEzNiAwDQp2IC01MjggLTExMzYgMA0KdiAtNTI4IC0xMTIwIDANCnYgLTUxMiAtMTEyMCAwDQp2IC00OTYgLTExMzYgMA0KdiAtNTEyIC0xMTM2IDANCnYgLTUxMiAtMTEyMCAwDQp2IC00OTYgLTExMjAgMA0KdiAtNDgwIC0xMTM2IDANCnYgLTQ5NiAtMTEzNiAwDQp2IC00OTYgLTExMjAgMA0KdiAtNDgwIC0xMTIwIDANCnYgLTQ2NCAtMTEzNiAwDQp2IC00ODAgLTExMzYgMA0KdiAtNDgwIC0xMTIwIDANCnYgLTQ2NCAtMTEyMCAwDQp2IC00NDggLTExMzYgMA0KdiAtNDY0IC0xMTM2IDANCnYgLTQ2NCAtMTEyMCAwDQp2IC00NDggLTExMjAgMA0KdiAtNDMyIC0xMTM2IDANCnYgLTQ0OCAtMTEzNiAwDQp2IC00NDggLTExMjAgMA0KdiAtNDMyIC0xMTIwIDANCnYgLTQxNiAtMTEzNiAwDQp2IC00MzIgLTExMzYgMA0KdiAtNDMyIC0xMTIwIDANCnYgLTQxNiAtMTEyMCAwDQp2IC00MDAgLTExMzYgMA0KdiAtNDE2IC0xMTM2IDANCnYgLTQxNiAtMTEyMCAwDQp2IC00MDAgLTExMjAgMA0KdiAtMzg0IC0xMTM2IDANCnYgLTQwMCAtMTEzNiAwDQp2IC00MDAgLTExMjAgMA0KdiAtMzg0IC0xMTIwIDANCnYgLTM2OCAtMTEzNiAwDQp2IC0zODQgLTExMzYgMA0KdiAtMzg0IC0xMTIwIDANCnYgLTM2OCAtMTEyMCAwDQp2IC0zNTIgLTExMzYgMA0KdiAtMzY4IC0xMTM2IDANCnYgLTM2OCAtMTEyMCAwDQp2IC0zNTIgLTExMjAgMA0KdiAtMzM2IC0xMTM2IDANCnYgLTM1MiAtMTEzNiAwDQp2IC0zNTIgLTExMjAgMA0KdiAtMzM2IC0xMTIwIDANCnYgLTMyMCAtMTEzNiAwDQp2IC0zMzYgLTExMzYgMA0KdiAtMzM2IC0xMTIwIDANCnYgLTMyMCAtMTEyMCAwDQp2IC0zMDQgLTExMzYgMA0KdiAtMzIwIC0xMTM2IDANCnYgLTMyMCAtMTEyMCAwDQp2IC0zMDQgLTExMjAgMA0KdiAtMjg4IC0xMTM2IDANCnYgLTMwNCAtMTEzNiAwDQp2IC0zMDQgLTExMjAgMA0KdiAtMjg4IC0xMTIwIDANCnYgLTI3MiAtMTEzNiAwDQp2IC0yODggLTExMzYgMA0KdiAtMjg4IC0xMTIwIDANCnYgLTI3MiAtMTEyMCAwDQp2IC0yNTYgLTExMzYgMA0KdiAtMjcyIC0xMTM2IDANCnYgLTI3MiAtMTEyMCAwDQp2IC0yNTYgLTExMjAgMA0KdiAtMjQwIC0xMTM2IDANCnYgLTI1NiAtMTEzNiAwDQp2IC0yNTYgLTExMjAgMA0KdiAtMjQwIC0xMTIwIDANCnYgLTIyNCAtMTEzNiAwDQp2IC0yNDAgLTExMzYgMA0KdiAtMjQwIC0xMTIwIDANCnYgLTIyNCAtMTEyMCAwDQp2IC0yMDggLTExMzYgMA0KdiAtMjI0IC0xMTM2IDANCnYgLTIyNCAtMTEyMCAwDQp2IC0yMDggLTExMjAgMA0KdiAtMTkyIC0xMTM2IDANCnYgLTIwOCAtMTEzNiAwDQp2IC0yMDggLTExMjAgMA0KdiAtMTkyIC0xMTIwIDANCnYgLTE3NiAtMTEzNiAwDQp2IC0xOTIgLTExMzYgMA0KdiAtMTkyIC0xMTIwIDANCnYgLTE3NiAtMTEyMCAwDQp2IC0xNjAgLTExMzYgMA0KdiAtMTc2IC0xMTM2IDANCnYgLTE3NiAtMTEyMCAwDQp2IC0xNjAgLTExMjAgMA0KdiAtMTQ0IC0xMTM2IDANCnYgLTE2MCAtMTEzNiAwDQp2IC0xNjAgLTExMjAgMA0KdiAtMTQ0IC0xMTIwIDANCnYgLTEyOCAtMTEzNiAwDQp2IC0xNDQgLTExMzYgMA0KdiAtMTQ0IC0xMTIwIDANCnYgLTEyOCAtMTEyMCAwDQp2IC0xMTIgLTExMzYgMA0KdiAtMTI4IC0xMTM2IDANCnYgLTEyOCAtMTEyMCAwDQp2IC0xMTIgLTExMjAgMA0KdiAtOTYgLTExMzYgMA0KdiAtMTEyIC0xMTM2IDANCnYgLTExMiAtMTEyMCAwDQp2IC05NiAtMTEyMCAwDQp2IC04MCAtMTEzNiAwDQp2IC05NiAtMTEzNiAwDQp2IC05NiAtMTEyMCAwDQp2IC04MCAtMTEyMCAwDQp2IC02NCAtMTEzNiAwDQp2IC04MCAtMTEzNiAwDQp2IC04MCAtMTEyMCAwDQp2IC02NCAtMTEyMCAwDQp2IC00OCAtMTEzNiAwDQp2IC02NCAtMTEzNiAwDQp2IC02NCAtMTEyMCAwDQp2IC00OCAtMTEyMCAwDQp2IC0zMiAtMTEzNiAwDQp2IC00OCAtMTEzNiAwDQp2IC00OCAtMTEyMCAwDQp2IC0zMiAtMTEyMCAwDQp2IC0xNiAtMTEzNiAwDQp2IC0zMiAtMTEzNiAwDQp2IC0zMiAtMTEyMCAwDQp2IC0xNiAtMTEyMCAwDQp2IDAgLTExMzYgMA0KdiAtMTYgLTExMzYgMA0KdiAtMTYgLTExMjAgMA0KdiAwIC0xMTIwIDANCnYgLTExODQgLTExNTIgMA0KdiAtMTIwMCAtMTE1MiAwDQp2IC0xMjAwIC0xMTM2IDANCnYgLTExODQgLTExMzYgMA0KdiAtMTE2OCAtMTE1MiAwDQp2IC0xMTg0IC0xMTUyIDANCnYgLTExODQgLTExMzYgMA0KdiAtMTE2OCAtMTEzNiAwDQp2IC0xMTUyIC0xMTUyIDANCnYgLTExNjggLTExNTIgMA0KdiAtMTE2OCAtMTEzNiAwDQp2IC0xMTUyIC0xMTM2IDANCnYgLTExMzYgLTExNTIgMA0KdiAtMTE1MiAtMTE1MiAwDQp2IC0xMTUyIC0xMTM2IDANCnYgLTExMzYgLTExMzYgMA0KdiAtMTEyMCAtMTE1MiAwDQp2IC0xMTM2IC0xMTUyIDANCnYgLTExMzYgLTExMzYgMA0KdiAtMTEyMCAtMTEzNiAwDQp2IC0xMTA0IC0xMTUyIDANCnYgLTExMjAgLTExNTIgMA0KdiAtMTEyMCAtMTEzNiAwDQp2IC0xMTA0IC0xMTM2IDANCnYgLTEwODggLTExNTIgMA0KdiAtMTEwNCAtMTE1MiAwDQp2IC0xMTA0IC0xMTM2IDANCnYgLTEwODggLTExMzYgMA0KdiAtMTA3MiAtMTE1MiAwDQp2IC0xMDg4IC0xMTUyIDANCnYgLTEwODggLTExMzYgMA0KdiAtMTA3MiAtMTEzNiAwDQp2IC0xMDU2IC0xMTUyIDANCnYgLTEwNzIgLTExNTIgMA0KdiAtMTA3MiAtMTEzNiAwDQp2IC0xMDU2IC0xMTM2IDANCnYgLTEwNDAgLTExNTIgMA0KdiAtMTA1NiAtMTE1MiAwDQp2IC0xMDU2IC0xMTM2IDANCnYgLTEwNDAgLTExMzYgMA0KdiAtMTAyNCAtMTE1MiAwDQp2IC0xMDQwIC0xMTUyIDANCnYgLTEwNDAgLTExMzYgMA0KdiAtMTAyNCAtMTEzNiAwDQp2IC0xMDA4IC0xMTUyIDANCnYgLTEwMjQgLTExNTIgMA0KdiAtMTAyNCAtMTEzNiAwDQp2IC0xMDA4IC0xMTM2IDANCnYgLTk5MiAtMTE1MiAwDQp2IC0xMDA4IC0xMTUyIDANCnYgLTEwMDggLTExMzYgMA0KdiAtOTkyIC0xMTM2IDANCnYgLTk3NiAtMTE1MiAwDQp2IC05OTIgLTExNTIgMA0KdiAtOTkyIC0xMTM2IDANCnYgLTk3NiAtMTEzNiAwDQp2IC05NjAgLTExNTIgMA0KdiAtOTc2IC0xMTUyIDANCnYgLTk3NiAtMTEzNiAwDQp2IC05NjAgLTExMzYgMA0KdiAtOTQ0IC0xMTUyIDANCnYgLTk2MCAtMTE1MiAwDQp2IC05NjAgLTExMzYgMA0KdiAtOTQ0IC0xMTM2IDANCnYgLTkyOCAtMTE1MiAwDQp2IC05NDQgLTExNTIgMA0KdiAtOTQ0IC0xMTM2IDANCnYgLTkyOCAtMTEzNiAwDQp2IC05MTIgLTExNTIgMA0KdiAtOTI4IC0xMTUyIDANCnYgLTkyOCAtMTEzNiAwDQp2IC05MTIgLTExMzYgMA0KdiAtODk2IC0xMTUyIDANCnYgLTkxMiAtMTE1MiAwDQp2IC05MTIgLTExMzYgMA0KdiAtODk2IC0xMTM2IDANCnYgLTg4MCAtMTE1MiAwDQp2IC04OTYgLTExNTIgMA0KdiAtODk2IC0xMTM2IDANCnYgLTg4MCAtMTEzNiAwDQp2IC04NjQgLTExNTIgMA0KdiAtODgwIC0xMTUyIDANCnYgLTg4MCAtMTEzNiAwDQp2IC04NjQgLTExMzYgMA0KdiAtODQ4IC0xMTUyIDANCnYgLTg2NCAtMTE1MiAwDQp2IC04NjQgLTExMzYgMA0KdiAtODQ4IC0xMTM2IDANCnYgLTgzMiAtMTE1MiAwDQp2IC04NDggLTExNTIgMA0KdiAtODQ4IC0xMTM2IDANCnYgLTgzMiAtMTEzNiAwDQp2IC04MTYgLTExNTIgMA0KdiAtODMyIC0xMTUyIDANCnYgLTgzMiAtMTEzNiAwDQp2IC04MTYgLTExMzYgMA0KdiAtODAwIC0xMTUyIDANCnYgLTgxNiAtMTE1MiAwDQp2IC04MTYgLTExMzYgMA0KdiAtODAwIC0xMTM2IDANCnYgLTc4NCAtMTE1MiAwDQp2IC04MDAgLTExNTIgMA0KdiAtODAwIC0xMTM2IDANCnYgLTc4NCAtMTEzNiAwDQp2IC03NjggLTExNTIgMA0KdiAtNzg0IC0xMTUyIDANCnYgLTc4NCAtMTEzNiAwDQp2IC03NjggLTExMzYgMA0KdiAtNzUyIC0xMTUyIDANCnYgLTc2OCAtMTE1MiAwDQp2IC03NjggLTExMzYgMA0KdiAtNzUyIC0xMTM2IDANCnYgLTczNiAtMTE1MiAwDQp2IC03NTIgLTExNTIgMA0KdiAtNzUyIC0xMTM2IDANCnYgLTczNiAtMTEzNiAwDQp2IC03MjAgLTExNTIgMA0KdiAtNzM2IC0xMTUyIDANCnYgLTczNiAtMTEzNiAwDQp2IC03MjAgLTExMzYgMA0KdiAtNzA0IC0xMTUyIDANCnYgLTcyMCAtMTE1MiAwDQp2IC03MjAgLTExMzYgMA0KdiAtNzA0IC0xMTM2IDANCnYgLTY4OCAtMTE1MiAwDQp2IC03MDQgLTExNTIgMA0KdiAtNzA0IC0xMTM2IDANCnYgLTY4OCAtMTEzNiAwDQp2IC02NzIgLTExNTIgMA0KdiAtNjg4IC0xMTUyIDANCnYgLTY4OCAtMTEzNiAwDQp2IC02NzIgLTExMzYgMA0KdiAtNjU2IC0xMTUyIDANCnYgLTY3MiAtMTE1MiAwDQp2IC02NzIgLTExMzYgMA0KdiAtNjU2IC0xMTM2IDANCnYgLTY0MCAtMTE1MiAwDQp2IC02NTYgLTExNTIgMA0KdiAtNjU2IC0xMTM2IDANCnYgLTY0MCAtMTEzNiAwDQp2IC02MjQgLTExNTIgMA0KdiAtNjQwIC0xMTUyIDANCnYgLTY0MCAtMTEzNiAwDQp2IC02MjQgLTExMzYgMA0KdiAtNjA4IC0xMTUyIDANCnYgLTYyNCAtMTE1MiAwDQp2IC02MjQgLTExMzYgMA0KdiAtNjA4IC0xMTM2IDANCnYgLTU5MiAtMTE1MiAwDQp2IC02MDggLTExNTIgMA0KdiAtNjA4IC0xMTM2IDANCnYgLTU5MiAtMTEzNiAwDQp2IC01NzYgLTExNTIgMA0KdiAtNTkyIC0xMTUyIDANCnYgLTU5MiAtMTEzNiAwDQp2IC01NzYgLTExMzYgMA0KdiAtNTYwIC0xMTUyIDANCnYgLTU3NiAtMTE1MiAwDQp2IC01NzYgLTExMzYgMA0KdiAtNTYwIC0xMTM2IDANCnYgLTU0NCAtMTE1MiAwDQp2IC01NjAgLTExNTIgMA0KdiAtNTYwIC0xMTM2IDANCnYgLTU0NCAtMTEzNiAwDQp2IC01MjggLTExNTIgMA0KdiAtNTQ0IC0xMTUyIDANCnYgLTU0NCAtMTEzNiAwDQp2IC01MjggLTExMzYgMA0KdiAtNTEyIC0xMTUyIDANCnYgLTUyOCAtMTE1MiAwDQp2IC01MjggLTExMzYgMA0KdiAtNTEyIC0xMTM2IDANCnYgLTQ5NiAtMTE1MiAwDQp2IC01MTIgLTExNTIgMA0KdiAtNTEyIC0xMTM2IDANCnYgLTQ5NiAtMTEzNiAwDQp2IC00ODAgLTExNTIgMA0KdiAtNDk2IC0xMTUyIDANCnYgLTQ5NiAtMTEzNiAwDQp2IC00ODAgLTExMzYgMA0KdiAtNDY0IC0xMTUyIDANCnYgLTQ4MCAtMTE1MiAwDQp2IC00ODAgLTExMzYgMA0KdiAtNDY0IC0xMTM2IDANCnYgLTQ0OCAtMTE1MiAwDQp2IC00NjQgLTExNTIgMA0KdiAtNDY0IC0xMTM2IDANCnYgLTQ0OCAtMTEzNiAwDQp2IC00MzIgLTExNTIgMA0KdiAtNDQ4IC0xMTUyIDANCnYgLTQ0OCAtMTEzNiAwDQp2IC00MzIgLTExMzYgMA0KdiAtNDE2IC0xMTUyIDANCnYgLTQzMiAtMTE1MiAwDQp2IC00MzIgLTExMzYgMA0KdiAtNDE2IC0xMTM2IDANCnYgLTQwMCAtMTE1MiAwDQp2IC00MTYgLTExNTIgMA0KdiAtNDE2IC0xMTM2IDANCnYgLTQwMCAtMTEzNiAwDQp2IC0zODQgLTExNTIgMA0KdiAtNDAwIC0xMTUyIDANCnYgLTQwMCAtMTEzNiAwDQp2IC0zODQgLTExMzYgMA0KdiAtMzY4IC0xMTUyIDANCnYgLTM4NCAtMTE1MiAwDQp2IC0zODQgLTExMzYgMA0KdiAtMzY4IC0xMTM2IDANCnYgLTM1MiAtMTE1MiAwDQp2IC0zNjggLTExNTIgMA0KdiAtMzY4IC0xMTM2IDANCnYgLTM1MiAtMTEzNiAwDQp2IC0zMzYgLTExNTIgMA0KdiAtMzUyIC0xMTUyIDANCnYgLTM1MiAtMTEzNiAwDQp2IC0zMzYgLTExMzYgMA0KdiAtMzIwIC0xMTUyIDANCnYgLTMzNiAtMTE1MiAwDQp2IC0zMzYgLTExMzYgMA0KdiAtMzIwIC0xMTM2IDANCnYgLTMwNCAtMTE1MiAwDQp2IC0zMjAgLTExNTIgMA0KdiAtMzIwIC0xMTM2IDANCnYgLTMwNCAtMTEzNiAwDQp2IC0yODggLTExNTIgMA0KdiAtMzA0IC0xMTUyIDANCnYgLTMwNCAtMTEzNiAwDQp2IC0yODggLTExMzYgMA0KdiAtMjcyIC0xMTUyIDANCnYgLTI4OCAtMTE1MiAwDQp2IC0yODggLTExMzYgMA0KdiAtMjcyIC0xMTM2IDANCnYgLTI1NiAtMTE1MiAwDQp2IC0yNzIgLTExNTIgMA0KdiAtMjcyIC0xMTM2IDANCnYgLTI1NiAtMTEzNiAwDQp2IC0yNDAgLTExNTIgMA0KdiAtMjU2IC0xMTUyIDANCnYgLTI1NiAtMTEzNiAwDQp2IC0yNDAgLTExMzYgMA0KdiAtMjI0IC0xMTUyIDANCnYgLTI0MCAtMTE1MiAwDQp2IC0yNDAgLTExMzYgMA0KdiAtMjI0IC0xMTM2IDANCnYgLTIwOCAtMTE1MiAwDQp2IC0yMjQgLTExNTIgMA0KdiAtMjI0IC0xMTM2IDANCnYgLTIwOCAtMTEzNiAwDQp2IC0xOTIgLTExNTIgMA0KdiAtMjA4IC0xMTUyIDANCnYgLTIwOCAtMTEzNiAwDQp2IC0xOTIgLTExMzYgMA0KdiAtMTc2IC0xMTUyIDANCnYgLTE5MiAtMTE1MiAwDQp2IC0xOTIgLTExMzYgMA0KdiAtMTc2IC0xMTM2IDANCnYgLTE2MCAtMTE1MiAwDQp2IC0xNzYgLTExNTIgMA0KdiAtMTc2IC0xMTM2IDANCnYgLTE2MCAtMTEzNiAwDQp2IC0xNDQgLTExNTIgMA0KdiAtMTYwIC0xMTUyIDANCnYgLTE2MCAtMTEzNiAwDQp2IC0xNDQgLTExMzYgMA0KdiAtMTI4IC0xMTUyIDANCnYgLTE0NCAtMTE1MiAwDQp2IC0xNDQgLTExMzYgMA0KdiAtMTI4IC0xMTM2IDANCnYgLTExMiAtMTE1MiAwDQp2IC0xMjggLTExNTIgMA0KdiAtMTI4IC0xMTM2IDANCnYgLTExMiAtMTEzNiAwDQp2IC05NiAtMTE1MiAwDQp2IC0xMTIgLTExNTIgMA0KdiAtMTEyIC0xMTM2IDANCnYgLTk2IC0xMTM2IDANCnYgLTgwIC0xMTUyIDANCnYgLTk2IC0xMTUyIDANCnYgLTk2IC0xMTM2IDANCnYgLTgwIC0xMTM2IDANCnYgLTY0IC0xMTUyIDANCnYgLTgwIC0xMTUyIDANCnYgLTgwIC0xMTM2IDANCnYgLTY0IC0xMTM2IDANCnYgLTQ4IC0xMTUyIDANCnYgLTY0IC0xMTUyIDANCnYgLTY0IC0xMTM2IDANCnYgLTQ4IC0xMTM2IDANCnYgLTMyIC0xMTUyIDANCnYgLTQ4IC0xMTUyIDANCnYgLTQ4IC0xMTM2IDANCnYgLTMyIC0xMTM2IDANCnYgLTE2IC0xMTUyIDANCnYgLTMyIC0xMTUyIDANCnYgLTMyIC0xMTM2IDANCnYgLTE2IC0xMTM2IDANCnYgMCAtMTE1MiAwDQp2IC0xNiAtMTE1MiAwDQp2IC0xNiAtMTEzNiAwDQp2IDAgLTExMzYgMA0KdiAtMTE4NCAtMTE2OCAwDQp2IC0xMjAwIC0xMTY4IDANCnYgLTEyMDAgLTExNTIgMA0KdiAtMTE4NCAtMTE1MiAwDQp2IC0xMTY4IC0xMTY4IDANCnYgLTExODQgLTExNjggMA0KdiAtMTE4NCAtMTE1MiAwDQp2IC0xMTY4IC0xMTUyIDANCnYgLTExNTIgLTExNjggMA0KdiAtMTE2OCAtMTE2OCAwDQp2IC0xMTY4IC0xMTUyIDANCnYgLTExNTIgLTExNTIgMA0KdiAtMTEzNiAtMTE2OCAwDQp2IC0xMTUyIC0xMTY4IDANCnYgLTExNTIgLTExNTIgMA0KdiAtMTEzNiAtMTE1MiAwDQp2IC0xMTIwIC0xMTY4IDANCnYgLTExMzYgLTExNjggMA0KdiAtMTEzNiAtMTE1MiAwDQp2IC0xMTIwIC0xMTUyIDANCnYgLTExMDQgLTExNjggMA0KdiAtMTEyMCAtMTE2OCAwDQp2IC0xMTIwIC0xMTUyIDANCnYgLTExMDQgLTExNTIgMA0KdiAtMTA4OCAtMTE2OCAwDQp2IC0xMTA0IC0xMTY4IDANCnYgLTExMDQgLTExNTIgMA0KdiAtMTA4OCAtMTE1MiAwDQp2IC0xMDcyIC0xMTY4IDANCnYgLTEwODggLTExNjggMA0KdiAtMTA4OCAtMTE1MiAwDQp2IC0xMDcyIC0xMTUyIDANCnYgLTEwNTYgLTExNjggMA0KdiAtMTA3MiAtMTE2OCAwDQp2IC0xMDcyIC0xMTUyIDANCnYgLTEwNTYgLTExNTIgMA0KdiAtMTA0MCAtMTE2OCAwDQp2IC0xMDU2IC0xMTY4IDANCnYgLTEwNTYgLTExNTIgMA0KdiAtMTA0MCAtMTE1MiAwDQp2IC0xMDI0IC0xMTY4IDANCnYgLTEwNDAgLTExNjggMA0KdiAtMTA0MCAtMTE1MiAwDQp2IC0xMDI0IC0xMTUyIDANCnYgLTEwMDggLTExNjggMA0KdiAtMTAyNCAtMTE2OCAwDQp2IC0xMDI0IC0xMTUyIDANCnYgLTEwMDggLTExNTIgMA0KdiAtOTkyIC0xMTY4IDANCnYgLTEwMDggLTExNjggMA0KdiAtMTAwOCAtMTE1MiAwDQp2IC05OTIgLTExNTIgMA0KdiAtOTc2IC0xMTY4IDANCnYgLTk5MiAtMTE2OCAwDQp2IC05OTIgLTExNTIgMA0KdiAtOTc2IC0xMTUyIDANCnYgLTk2MCAtMTE2OCAwDQp2IC05NzYgLTExNjggMA0KdiAtOTc2IC0xMTUyIDANCnYgLTk2MCAtMTE1MiAwDQp2IC05NDQgLTExNjggMA0KdiAtOTYwIC0xMTY4IDANCnYgLTk2MCAtMTE1MiAwDQp2IC05NDQgLTExNTIgMA0KdiAtOTI4IC0xMTY4IDANCnYgLTk0NCAtMTE2OCAwDQp2IC05NDQgLTExNTIgMA0KdiAtOTI4IC0xMTUyIDANCnYgLTkxMiAtMTE2OCAwDQp2IC05MjggLTExNjggMA0KdiAtOTI4IC0xMTUyIDANCnYgLTkxMiAtMTE1MiAwDQp2IC04OTYgLTExNjggMA0KdiAtOTEyIC0xMTY4IDANCnYgLTkxMiAtMTE1MiAwDQp2IC04OTYgLTExNTIgMA0KdiAtODgwIC0xMTY4IDANCnYgLTg5NiAtMTE2OCAwDQp2IC04OTYgLTExNTIgMA0KdiAtODgwIC0xMTUyIDANCnYgLTg2NCAtMTE2OCAwDQp2IC04ODAgLTExNjggMA0KdiAtODgwIC0xMTUyIDANCnYgLTg2NCAtMTE1MiAwDQp2IC04NDggLTExNjggMA0KdiAtODY0IC0xMTY4IDANCnYgLTg2NCAtMTE1MiAwDQp2IC04NDggLTExNTIgMA0KdiAtODMyIC0xMTY4IDANCnYgLTg0OCAtMTE2OCAwDQp2IC04NDggLTExNTIgMA0KdiAtODMyIC0xMTUyIDANCnYgLTgxNiAtMTE2OCAwDQp2IC04MzIgLTExNjggMA0KdiAtODMyIC0xMTUyIDANCnYgLTgxNiAtMTE1MiAwDQp2IC04MDAgLTExNjggMA0KdiAtODE2IC0xMTY4IDANCnYgLTgxNiAtMTE1MiAwDQp2IC04MDAgLTExNTIgMA0KdiAtNzg0IC0xMTY4IDANCnYgLTgwMCAtMTE2OCAwDQp2IC04MDAgLTExNTIgMA0KdiAtNzg0IC0xMTUyIDANCnYgLTc2OCAtMTE2OCAwDQp2IC03ODQgLTExNjggMA0KdiAtNzg0IC0xMTUyIDANCnYgLTc2OCAtMTE1MiAwDQp2IC03NTIgLTExNjggMA0KdiAtNzY4IC0xMTY4IDANCnYgLTc2OCAtMTE1MiAwDQp2IC03NTIgLTExNTIgMA0KdiAtNzM2IC0xMTY4IDANCnYgLTc1MiAtMTE2OCAwDQp2IC03NTIgLTExNTIgMA0KdiAtNzM2IC0xMTUyIDANCnYgLTcyMCAtMTE2OCAwDQp2IC03MzYgLTExNjggMA0KdiAtNzM2IC0xMTUyIDANCnYgLTcyMCAtMTE1MiAwDQp2IC03MDQgLTExNjggMA0KdiAtNzIwIC0xMTY4IDANCnYgLTcyMCAtMTE1MiAwDQp2IC03MDQgLTExNTIgMA0KdiAtNjg4IC0xMTY4IDANCnYgLTcwNCAtMTE2OCAwDQp2IC03MDQgLTExNTIgMA0KdiAtNjg4IC0xMTUyIDANCnYgLTY3MiAtMTE2OCAwDQp2IC02ODggLTExNjggMA0KdiAtNjg4IC0xMTUyIDANCnYgLTY3MiAtMTE1MiAwDQp2IC02NTYgLTExNjggMA0KdiAtNjcyIC0xMTY4IDANCnYgLTY3MiAtMTE1MiAwDQp2IC02NTYgLTExNTIgMA0KdiAtNjQwIC0xMTY4IDANCnYgLTY1NiAtMTE2OCAwDQp2IC02NTYgLTExNTIgMA0KdiAtNjQwIC0xMTUyIDANCnYgLTYyNCAtMTE2OCAwDQp2IC02NDAgLTExNjggMA0KdiAtNjQwIC0xMTUyIDANCnYgLTYyNCAtMTE1MiAwDQp2IC02MDggLTExNjggMA0KdiAtNjI0IC0xMTY4IDANCnYgLTYyNCAtMTE1MiAwDQp2IC02MDggLTExNTIgMA0KdiAtNTkyIC0xMTY4IDANCnYgLTYwOCAtMTE2OCAwDQp2IC02MDggLTExNTIgMA0KdiAtNTkyIC0xMTUyIDANCnYgLTU3NiAtMTE2OCAwDQp2IC01OTIgLTExNjggMA0KdiAtNTkyIC0xMTUyIDANCnYgLTU3NiAtMTE1MiAwDQp2IC01NjAgLTExNjggMA0KdiAtNTc2IC0xMTY4IDANCnYgLTU3NiAtMTE1MiAwDQp2IC01NjAgLTExNTIgMA0KdiAtNTQ0IC0xMTY4IDANCnYgLTU2MCAtMTE2OCAwDQp2IC01NjAgLTExNTIgMA0KdiAtNTQ0IC0xMTUyIDANCnYgLTUyOCAtMTE2OCAwDQp2IC01NDQgLTExNjggMA0KdiAtNTQ0IC0xMTUyIDANCnYgLTUyOCAtMTE1MiAwDQp2IC01MTIgLTExNjggMA0KdiAtNTI4IC0xMTY4IDANCnYgLTUyOCAtMTE1MiAwDQp2IC01MTIgLTExNTIgMA0KdiAtNDk2IC0xMTY4IDANCnYgLTUxMiAtMTE2OCAwDQp2IC01MTIgLTExNTIgMA0KdiAtNDk2IC0xMTUyIDANCnYgLTQ4MCAtMTE2OCAwDQp2IC00OTYgLTExNjggMA0KdiAtNDk2IC0xMTUyIDANCnYgLTQ4MCAtMTE1MiAwDQp2IC00NjQgLTExNjggMA0KdiAtNDgwIC0xMTY4IDANCnYgLTQ4MCAtMTE1MiAwDQp2IC00NjQgLTExNTIgMA0KdiAtNDQ4IC0xMTY4IDANCnYgLTQ2NCAtMTE2OCAwDQp2IC00NjQgLTExNTIgMA0KdiAtNDQ4IC0xMTUyIDANCnYgLTQzMiAtMTE2OCAwDQp2IC00NDggLTExNjggMA0KdiAtNDQ4IC0xMTUyIDANCnYgLTQzMiAtMTE1MiAwDQp2IC00MTYgLTExNjggMA0KdiAtNDMyIC0xMTY4IDANCnYgLTQzMiAtMTE1MiAwDQp2IC00MTYgLTExNTIgMA0KdiAtNDAwIC0xMTY4IDANCnYgLTQxNiAtMTE2OCAwDQp2IC00MTYgLTExNTIgMA0KdiAtNDAwIC0xMTUyIDANCnYgLTM4NCAtMTE2OCAwDQp2IC00MDAgLTExNjggMA0KdiAtNDAwIC0xMTUyIDANCnYgLTM4NCAtMTE1MiAwDQp2IC0zNjggLTExNjggMA0KdiAtMzg0IC0xMTY4IDANCnYgLTM4NCAtMTE1MiAwDQp2IC0zNjggLTExNTIgMA0KdiAtMzUyIC0xMTY4IDANCnYgLTM2OCAtMTE2OCAwDQp2IC0zNjggLTExNTIgMA0KdiAtMzUyIC0xMTUyIDANCnYgLTMzNiAtMTE2OCAwDQp2IC0zNTIgLTExNjggMA0KdiAtMzUyIC0xMTUyIDANCnYgLTMzNiAtMTE1MiAwDQp2IC0zMjAgLTExNjggMA0KdiAtMzM2IC0xMTY4IDANCnYgLTMzNiAtMTE1MiAwDQp2IC0zMjAgLTExNTIgMA0KdiAtMzA0IC0xMTY4IDANCnYgLTMyMCAtMTE2OCAwDQp2IC0zMjAgLTExNTIgMA0KdiAtMzA0IC0xMTUyIDANCnYgLTI4OCAtMTE2OCAwDQp2IC0zMDQgLTExNjggMA0KdiAtMzA0IC0xMTUyIDANCnYgLTI4OCAtMTE1MiAwDQp2IC0yNzIgLTExNjggMA0KdiAtMjg4IC0xMTY4IDANCnYgLTI4OCAtMTE1MiAwDQp2IC0yNzIgLTExNTIgMA0KdiAtMjU2IC0xMTY4IDANCnYgLTI3MiAtMTE2OCAwDQp2IC0yNzIgLTExNTIgMA0KdiAtMjU2IC0xMTUyIDANCnYgLTI0MCAtMTE2OCAwDQp2IC0yNTYgLTExNjggMA0KdiAtMjU2IC0xMTUyIDANCnYgLTI0MCAtMTE1MiAwDQp2IC0yMjQgLTExNjggMA0KdiAtMjQwIC0xMTY4IDANCnYgLTI0MCAtMTE1MiAwDQp2IC0yMjQgLTExNTIgMA0KdiAtMjA4IC0xMTY4IDANCnYgLTIyNCAtMTE2OCAwDQp2IC0yMjQgLTExNTIgMA0KdiAtMjA4IC0xMTUyIDANCnYgLTE5MiAtMTE2OCAwDQp2IC0yMDggLTExNjggMA0KdiAtMjA4IC0xMTUyIDANCnYgLTE5MiAtMTE1MiAwDQp2IC0xNzYgLTExNjggMA0KdiAtMTkyIC0xMTY4IDANCnYgLTE5MiAtMTE1MiAwDQp2IC0xNzYgLTExNTIgMA0KdiAtMTYwIC0xMTY4IDANCnYgLTE3NiAtMTE2OCAwDQp2IC0xNzYgLTExNTIgMA0KdiAtMTYwIC0xMTUyIDANCnYgLTE0NCAtMTE2OCAwDQp2IC0xNjAgLTExNjggMA0KdiAtMTYwIC0xMTUyIDANCnYgLTE0NCAtMTE1MiAwDQp2IC0xMjggLTExNjggMA0KdiAtMTQ0IC0xMTY4IDANCnYgLTE0NCAtMTE1MiAwDQp2IC0xMjggLTExNTIgMA0KdiAtMTEyIC0xMTY4IDANCnYgLTEyOCAtMTE2OCAwDQp2IC0xMjggLTExNTIgMA0KdiAtMTEyIC0xMTUyIDANCnYgLTk2IC0xMTY4IDANCnYgLTExMiAtMTE2OCAwDQp2IC0xMTIgLTExNTIgMA0KdiAtOTYgLTExNTIgMA0KdiAtODAgLTExNjggMA0KdiAtOTYgLTExNjggMA0KdiAtOTYgLTExNTIgMA0KdiAtODAgLTExNTIgMA0KdiAtNjQgLTExNjggMA0KdiAtODAgLTExNjggMA0KdiAtODAgLTExNTIgMA0KdiAtNjQgLTExNTIgMA0KdiAtNDggLTExNjggMA0KdiAtNjQgLTExNjggMA0KdiAtNjQgLTExNTIgMA0KdiAtNDggLTExNTIgMA0KdiAtMzIgLTExNjggMA0KdiAtNDggLTExNjggMA0KdiAtNDggLTExNTIgMA0KdiAtMzIgLTExNTIgMA0KdiAtMTYgLTExNjggMA0KdiAtMzIgLTExNjggMA0KdiAtMzIgLTExNTIgMA0KdiAtMTYgLTExNTIgMA0KdiAwIC0xMTY4IDANCnYgLTE2IC0xMTY4IDANCnYgLTE2IC0xMTUyIDANCnYgMCAtMTE1MiAwDQp2IC0xMTg0IC0xMTg0IDANCnYgLTEyMDAgLTExODQgMA0KdiAtMTIwMCAtMTE2OCAwDQp2IC0xMTg0IC0xMTY4IDANCnYgLTExNjggLTExODQgMA0KdiAtMTE4NCAtMTE4NCAwDQp2IC0xMTg0IC0xMTY4IDANCnYgLTExNjggLTExNjggMA0KdiAtMTE1MiAtMTE4NCAwDQp2IC0xMTY4IC0xMTg0IDANCnYgLTExNjggLTExNjggMA0KdiAtMTE1MiAtMTE2OCAwDQp2IC0xMTM2IC0xMTg0IDANCnYgLTExNTIgLTExODQgMA0KdiAtMTE1MiAtMTE2OCAwDQp2IC0xMTM2IC0xMTY4IDANCnYgLTExMjAgLTExODQgMA0KdiAtMTEzNiAtMTE4NCAwDQp2IC0xMTM2IC0xMTY4IDANCnYgLTExMjAgLTExNjggMA0KdiAtMTEwNCAtMTE4NCAwDQp2IC0xMTIwIC0xMTg0IDANCnYgLTExMjAgLTExNjggMA0KdiAtMTEwNCAtMTE2OCAwDQp2IC0xMDg4IC0xMTg0IDANCnYgLTExMDQgLTExODQgMA0KdiAtMTEwNCAtMTE2OCAwDQp2IC0xMDg4IC0xMTY4IDANCnYgLTEwNzIgLTExODQgMA0KdiAtMTA4OCAtMTE4NCAwDQp2IC0xMDg4IC0xMTY4IDANCnYgLTEwNzIgLTExNjggMA0KdiAtMTA1NiAtMTE4NCAwDQp2IC0xMDcyIC0xMTg0IDANCnYgLTEwNzIgLTExNjggMA0KdiAtMTA1NiAtMTE2OCAwDQp2IC0xMDQwIC0xMTg0IDANCnYgLTEwNTYgLTExODQgMA0KdiAtMTA1NiAtMTE2OCAwDQp2IC0xMDQwIC0xMTY4IDANCnYgLTEwMjQgLTExODQgMA0KdiAtMTA0MCAtMTE4NCAwDQp2IC0xMDQwIC0xMTY4IDANCnYgLTEwMjQgLTExNjggMA0KdiAtMTAwOCAtMTE4NCAwDQp2IC0xMDI0IC0xMTg0IDANCnYgLTEwMjQgLTExNjggMA0KdiAtMTAwOCAtMTE2OCAwDQp2IC05OTIgLTExODQgMA0KdiAtMTAwOCAtMTE4NCAwDQp2IC0xMDA4IC0xMTY4IDANCnYgLTk5MiAtMTE2OCAwDQp2IC05NzYgLTExODQgMA0KdiAtOTkyIC0xMTg0IDANCnYgLTk5MiAtMTE2OCAwDQp2IC05NzYgLTExNjggMA0KdiAtOTYwIC0xMTg0IDANCnYgLTk3NiAtMTE4NCAwDQp2IC05NzYgLTExNjggMA0KdiAtOTYwIC0xMTY4IDANCnYgLTk0NCAtMTE4NCAwDQp2IC05NjAgLTExODQgMA0KdiAtOTYwIC0xMTY4IDANCnYgLTk0NCAtMTE2OCAwDQp2IC05MjggLTExODQgMA0KdiAtOTQ0IC0xMTg0IDANCnYgLTk0NCAtMTE2OCAwDQp2IC05MjggLTExNjggMA0KdiAtOTEyIC0xMTg0IDANCnYgLTkyOCAtMTE4NCAwDQp2IC05MjggLTExNjggMA0KdiAtOTEyIC0xMTY4IDANCnYgLTg5NiAtMTE4NCAwDQp2IC05MTIgLTExODQgMA0KdiAtOTEyIC0xMTY4IDANCnYgLTg5NiAtMTE2OCAwDQp2IC04ODAgLTExODQgMA0KdiAtODk2IC0xMTg0IDANCnYgLTg5NiAtMTE2OCAwDQp2IC04ODAgLTExNjggMA0KdiAtODY0IC0xMTg0IDANCnYgLTg4MCAtMTE4NCAwDQp2IC04ODAgLTExNjggMA0KdiAtODY0IC0xMTY4IDANCnYgLTg0OCAtMTE4NCAwDQp2IC04NjQgLTExODQgMA0KdiAtODY0IC0xMTY4IDANCnYgLTg0OCAtMTE2OCAwDQp2IC04MzIgLTExODQgMA0KdiAtODQ4IC0xMTg0IDANCnYgLTg0OCAtMTE2OCAwDQp2IC04MzIgLTExNjggMA0KdiAtODE2IC0xMTg0IDANCnYgLTgzMiAtMTE4NCAwDQp2IC04MzIgLTExNjggMA0KdiAtODE2IC0xMTY4IDANCnYgLTgwMCAtMTE4NCAwDQp2IC04MTYgLTExODQgMA0KdiAtODE2IC0xMTY4IDANCnYgLTgwMCAtMTE2OCAwDQp2IC03ODQgLTExODQgMA0KdiAtODAwIC0xMTg0IDANCnYgLTgwMCAtMTE2OCAwDQp2IC03ODQgLTExNjggMA0KdiAtNzY4IC0xMTg0IDANCnYgLTc4NCAtMTE4NCAwDQp2IC03ODQgLTExNjggMA0KdiAtNzY4IC0xMTY4IDANCnYgLTc1MiAtMTE4NCAwDQp2IC03NjggLTExODQgMA0KdiAtNzY4IC0xMTY4IDANCnYgLTc1MiAtMTE2OCAwDQp2IC03MzYgLTExODQgMA0KdiAtNzUyIC0xMTg0IDANCnYgLTc1MiAtMTE2OCAwDQp2IC03MzYgLTExNjggMA0KdiAtNzIwIC0xMTg0IDANCnYgLTczNiAtMTE4NCAwDQp2IC03MzYgLTExNjggMA0KdiAtNzIwIC0xMTY4IDANCnYgLTcwNCAtMTE4NCAwDQp2IC03MjAgLTExODQgMA0KdiAtNzIwIC0xMTY4IDANCnYgLTcwNCAtMTE2OCAwDQp2IC02ODggLTExODQgMA0KdiAtNzA0IC0xMTg0IDANCnYgLTcwNCAtMTE2OCAwDQp2IC02ODggLTExNjggMA0KdiAtNjcyIC0xMTg0IDANCnYgLTY4OCAtMTE4NCAwDQp2IC02ODggLTExNjggMA0KdiAtNjcyIC0xMTY4IDANCnYgLTY1NiAtMTE4NCAwDQp2IC02NzIgLTExODQgMA0KdiAtNjcyIC0xMTY4IDANCnYgLTY1NiAtMTE2OCAwDQp2IC02NDAgLTExODQgMA0KdiAtNjU2IC0xMTg0IDANCnYgLTY1NiAtMTE2OCAwDQp2IC02NDAgLTExNjggMA0KdiAtNjI0IC0xMTg0IDANCnYgLTY0MCAtMTE4NCAwDQp2IC02NDAgLTExNjggMA0KdiAtNjI0IC0xMTY4IDANCnYgLTYwOCAtMTE4NCAwDQp2IC02MjQgLTExODQgMA0KdiAtNjI0IC0xMTY4IDANCnYgLTYwOCAtMTE2OCAwDQp2IC01OTIgLTExODQgMA0KdiAtNjA4IC0xMTg0IDANCnYgLTYwOCAtMTE2OCAwDQp2IC01OTIgLTExNjggMA0KdiAtNTc2IC0xMTg0IDANCnYgLTU5MiAtMTE4NCAwDQp2IC01OTIgLTExNjggMA0KdiAtNTc2IC0xMTY4IDANCnYgLTU2MCAtMTE4NCAwDQp2IC01NzYgLTExODQgMA0KdiAtNTc2IC0xMTY4IDANCnYgLTU2MCAtMTE2OCAwDQp2IC01NDQgLTExODQgMA0KdiAtNTYwIC0xMTg0IDANCnYgLTU2MCAtMTE2OCAwDQp2IC01NDQgLTExNjggMA0KdiAtNTI4IC0xMTg0IDANCnYgLTU0NCAtMTE4NCAwDQp2IC01NDQgLTExNjggMA0KdiAtNTI4IC0xMTY4IDANCnYgLTUxMiAtMTE4NCAwDQp2IC01MjggLTExODQgMA0KdiAtNTI4IC0xMTY4IDANCnYgLTUxMiAtMTE2OCAwDQp2IC00OTYgLTExODQgMA0KdiAtNTEyIC0xMTg0IDANCnYgLTUxMiAtMTE2OCAwDQp2IC00OTYgLTExNjggMA0KdiAtNDgwIC0xMTg0IDANCnYgLTQ5NiAtMTE4NCAwDQp2IC00OTYgLTExNjggMA0KdiAtNDgwIC0xMTY4IDANCnYgLTQ2NCAtMTE4NCAwDQp2IC00ODAgLTExODQgMA0KdiAtNDgwIC0xMTY4IDANCnYgLTQ2NCAtMTE2OCAwDQp2IC00NDggLTExODQgMA0KdiAtNDY0IC0xMTg0IDANCnYgLTQ2NCAtMTE2OCAwDQp2IC00NDggLTExNjggMA0KdiAtNDMyIC0xMTg0IDANCnYgLTQ0OCAtMTE4NCAwDQp2IC00NDggLTExNjggMA0KdiAtNDMyIC0xMTY4IDANCnYgLTQxNiAtMTE4NCAwDQp2IC00MzIgLTExODQgMA0KdiAtNDMyIC0xMTY4IDANCnYgLTQxNiAtMTE2OCAwDQp2IC00MDAgLTExODQgMA0KdiAtNDE2IC0xMTg0IDANCnYgLTQxNiAtMTE2OCAwDQp2IC00MDAgLTExNjggMA0KdiAtMzg0IC0xMTg0IDANCnYgLTQwMCAtMTE4NCAwDQp2IC00MDAgLTExNjggMA0KdiAtMzg0IC0xMTY4IDANCnYgLTM2OCAtMTE4NCAwDQp2IC0zODQgLTExODQgMA0KdiAtMzg0IC0xMTY4IDANCnYgLTM2OCAtMTE2OCAwDQp2IC0zNTIgLTExODQgMA0KdiAtMzY4IC0xMTg0IDANCnYgLTM2OCAtMTE2OCAwDQp2IC0zNTIgLTExNjggMA0KdiAtMzM2IC0xMTg0IDANCnYgLTM1MiAtMTE4NCAwDQp2IC0zNTIgLTExNjggMA0KdiAtMzM2IC0xMTY4IDANCnYgLTMyMCAtMTE4NCAwDQp2IC0zMzYgLTExODQgMA0KdiAtMzM2IC0xMTY4IDANCnYgLTMyMCAtMTE2OCAwDQp2IC0zMDQgLTExODQgMA0KdiAtMzIwIC0xMTg0IDANCnYgLTMyMCAtMTE2OCAwDQp2IC0zMDQgLTExNjggMA0KdiAtMjg4IC0xMTg0IDANCnYgLTMwNCAtMTE4NCAwDQp2IC0zMDQgLTExNjggMA0KdiAtMjg4IC0xMTY4IDANCnYgLTI3MiAtMTE4NCAwDQp2IC0yODggLTExODQgMA0KdiAtMjg4IC0xMTY4IDANCnYgLTI3MiAtMTE2OCAwDQp2IC0yNTYgLTExODQgMA0KdiAtMjcyIC0xMTg0IDANCnYgLTI3MiAtMTE2OCAwDQp2IC0yNTYgLTExNjggMA0KdiAtMjQwIC0xMTg0IDANCnYgLTI1NiAtMTE4NCAwDQp2IC0yNTYgLTExNjggMA0KdiAtMjQwIC0xMTY4IDANCnYgLTIyNCAtMTE4NCAwDQp2IC0yNDAgLTExODQgMA0KdiAtMjQwIC0xMTY4IDANCnYgLTIyNCAtMTE2OCAwDQp2IC0yMDggLTExODQgMA0KdiAtMjI0IC0xMTg0IDANCnYgLTIyNCAtMTE2OCAwDQp2IC0yMDggLTExNjggMA0KdiAtMTkyIC0xMTg0IDANCnYgLTIwOCAtMTE4NCAwDQp2IC0yMDggLTExNjggMA0KdiAtMTkyIC0xMTY4IDANCnYgLTE3NiAtMTE4NCAwDQp2IC0xOTIgLTExODQgMA0KdiAtMTkyIC0xMTY4IDANCnYgLTE3NiAtMTE2OCAwDQp2IC0xNjAgLTExODQgMA0KdiAtMTc2IC0xMTg0IDANCnYgLTE3NiAtMTE2OCAwDQp2IC0xNjAgLTExNjggMA0KdiAtMTQ0IC0xMTg0IDANCnYgLTE2MCAtMTE4NCAwDQp2IC0xNjAgLTExNjggMA0KdiAtMTQ0IC0xMTY4IDANCnYgLTEyOCAtMTE4NCAwDQp2IC0xNDQgLTExODQgMA0KdiAtMTQ0IC0xMTY4IDANCnYgLTEyOCAtMTE2OCAwDQp2IC0xMTIgLTExODQgMA0KdiAtMTI4IC0xMTg0IDANCnYgLTEyOCAtMTE2OCAwDQp2IC0xMTIgLTExNjggMA0KdiAtOTYgLTExODQgMA0KdiAtMTEyIC0xMTg0IDANCnYgLTExMiAtMTE2OCAwDQp2IC05NiAtMTE2OCAwDQp2IC04MCAtMTE4NCAwDQp2IC05NiAtMTE4NCAwDQp2IC05NiAtMTE2OCAwDQp2IC04MCAtMTE2OCAwDQp2IC02NCAtMTE4NCAwDQp2IC04MCAtMTE4NCAwDQp2IC04MCAtMTE2OCAwDQp2IC02NCAtMTE2OCAwDQp2IC00OCAtMTE4NCAwDQp2IC02NCAtMTE4NCAwDQp2IC02NCAtMTE2OCAwDQp2IC00OCAtMTE2OCAwDQp2IC0zMiAtMTE4NCAwDQp2IC00OCAtMTE4NCAwDQp2IC00OCAtMTE2OCAwDQp2IC0zMiAtMTE2OCAwDQp2IC0xNiAtMTE4NCAwDQp2IC0zMiAtMTE4NCAwDQp2IC0zMiAtMTE2OCAwDQp2IC0xNiAtMTE2OCAwDQp2IDAgLTExODQgMA0KdiAtMTYgLTExODQgMA0KdiAtMTYgLTExNjggMA0KdiAwIC0xMTY4IDANCnYgLTExODQgLTEyMDAgMA0KdiAtMTIwMCAtMTIwMCAwDQp2IC0xMjAwIC0xMTg0IDANCnYgLTExODQgLTExODQgMA0KdiAtMTE2OCAtMTIwMCAwDQp2IC0xMTg0IC0xMjAwIDANCnYgLTExODQgLTExODQgMA0KdiAtMTE2OCAtMTE4NCAwDQp2IC0xMTUyIC0xMjAwIDANCnYgLTExNjggLTEyMDAgMA0KdiAtMTE2OCAtMTE4NCAwDQp2IC0xMTUyIC0xMTg0IDANCnYgLTExMzYgLTEyMDAgMA0KdiAtMTE1MiAtMTIwMCAwDQp2IC0xMTUyIC0xMTg0IDANCnYgLTExMzYgLTExODQgMA0KdiAtMTEyMCAtMTIwMCAwDQp2IC0xMTM2IC0xMjAwIDANCnYgLTExMzYgLTExODQgMA0KdiAtMTEyMCAtMTE4NCAwDQp2IC0xMTA0IC0xMjAwIDANCnYgLTExMjAgLTEyMDAgMA0KdiAtMTEyMCAtMTE4NCAwDQp2IC0xMTA0IC0xMTg0IDANCnYgLTEwODggLTEyMDAgMA0KdiAtMTEwNCAtMTIwMCAwDQp2IC0xMTA0IC0xMTg0IDANCnYgLTEwODggLTExODQgMA0KdiAtMTA3MiAtMTIwMCAwDQp2IC0xMDg4IC0xMjAwIDANCnYgLTEwODggLTExODQgMA0KdiAtMTA3MiAtMTE4NCAwDQp2IC0xMDU2IC0xMjAwIDANCnYgLTEwNzIgLTEyMDAgMA0KdiAtMTA3MiAtMTE4NCAwDQp2IC0xMDU2IC0xMTg0IDANCnYgLTEwNDAgLTEyMDAgMA0KdiAtMTA1NiAtMTIwMCAwDQp2IC0xMDU2IC0xMTg0IDANCnYgLTEwNDAgLTExODQgMA0KdiAtMTAyNCAtMTIwMCAwDQp2IC0xMDQwIC0xMjAwIDANCnYgLTEwNDAgLTExODQgMA0KdiAtMTAyNCAtMTE4NCAwDQp2IC0xMDA4IC0xMjAwIDANCnYgLTEwMjQgLTEyMDAgMA0KdiAtMTAyNCAtMTE4NCAwDQp2IC0xMDA4IC0xMTg0IDANCnYgLTk5MiAtMTIwMCAwDQp2IC0xMDA4IC0xMjAwIDANCnYgLTEwMDggLTExODQgMA0KdiAtOTkyIC0xMTg0IDANCnYgLTk3NiAtMTIwMCAwDQp2IC05OTIgLTEyMDAgMA0KdiAtOTkyIC0xMTg0IDANCnYgLTk3NiAtMTE4NCAwDQp2IC05NjAgLTEyMDAgMA0KdiAtOTc2IC0xMjAwIDANCnYgLTk3NiAtMTE4NCAwDQp2IC05NjAgLTExODQgMA0KdiAtOTQ0IC0xMjAwIDANCnYgLTk2MCAtMTIwMCAwDQp2IC05NjAgLTExODQgMA0KdiAtOTQ0IC0xMTg0IDANCnYgLTkyOCAtMTIwMCAwDQp2IC05NDQgLTEyMDAgMA0KdiAtOTQ0IC0xMTg0IDANCnYgLTkyOCAtMTE4NCAwDQp2IC05MTIgLTEyMDAgMA0KdiAtOTI4IC0xMjAwIDANCnYgLTkyOCAtMTE4NCAwDQp2IC05MTIgLTExODQgMA0KdiAtODk2IC0xMjAwIDANCnYgLTkxMiAtMTIwMCAwDQp2IC05MTIgLTExODQgMA0KdiAtODk2IC0xMTg0IDANCnYgLTg4MCAtMTIwMCAwDQp2IC04OTYgLTEyMDAgMA0KdiAtODk2IC0xMTg0IDANCnYgLTg4MCAtMTE4NCAwDQp2IC04NjQgLTEyMDAgMA0KdiAtODgwIC0xMjAwIDANCnYgLTg4MCAtMTE4NCAwDQp2IC04NjQgLTExODQgMA0KdiAtODQ4IC0xMjAwIDANCnYgLTg2NCAtMTIwMCAwDQp2IC04NjQgLTExODQgMA0KdiAtODQ4IC0xMTg0IDANCnYgLTgzMiAtMTIwMCAwDQp2IC04NDggLTEyMDAgMA0KdiAtODQ4IC0xMTg0IDANCnYgLTgzMiAtMTE4NCAwDQp2IC04MTYgLTEyMDAgMA0KdiAtODMyIC0xMjAwIDANCnYgLTgzMiAtMTE4NCAwDQp2IC04MTYgLTExODQgMA0KdiAtODAwIC0xMjAwIDANCnYgLTgxNiAtMTIwMCAwDQp2IC04MTYgLTExODQgMA0KdiAtODAwIC0xMTg0IDANCnYgLTc4NCAtMTIwMCAwDQp2IC04MDAgLTEyMDAgMA0KdiAtODAwIC0xMTg0IDANCnYgLTc4NCAtMTE4NCAwDQp2IC03NjggLTEyMDAgMA0KdiAtNzg0IC0xMjAwIDANCnYgLTc4NCAtMTE4NCAwDQp2IC03NjggLTExODQgMA0KdiAtNzUyIC0xMjAwIDANCnYgLTc2OCAtMTIwMCAwDQp2IC03NjggLTExODQgMA0KdiAtNzUyIC0xMTg0IDANCnYgLTczNiAtMTIwMCAwDQp2IC03NTIgLTEyMDAgMA0KdiAtNzUyIC0xMTg0IDANCnYgLTczNiAtMTE4NCAwDQp2IC03MjAgLTEyMDAgMA0KdiAtNzM2IC0xMjAwIDANCnYgLTczNiAtMTE4NCAwDQp2IC03MjAgLTExODQgMA0KdiAtNzA0IC0xMjAwIDANCnYgLTcyMCAtMTIwMCAwDQp2IC03MjAgLTExODQgMA0KdiAtNzA0IC0xMTg0IDANCnYgLTY4OCAtMTIwMCAwDQp2IC03MDQgLTEyMDAgMA0KdiAtNzA0IC0xMTg0IDANCnYgLTY4OCAtMTE4NCAwDQp2IC02NzIgLTEyMDAgMA0KdiAtNjg4IC0xMjAwIDANCnYgLTY4OCAtMTE4NCAwDQp2IC02NzIgLTExODQgMA0KdiAtNjU2IC0xMjAwIDANCnYgLTY3MiAtMTIwMCAwDQp2IC02NzIgLTExODQgMA0KdiAtNjU2IC0xMTg0IDANCnYgLTY0MCAtMTIwMCAwDQp2IC02NTYgLTEyMDAgMA0KdiAtNjU2IC0xMTg0IDANCnYgLTY0MCAtMTE4NCAwDQp2IC02MjQgLTEyMDAgMA0KdiAtNjQwIC0xMjAwIDANCnYgLTY0MCAtMTE4NCAwDQp2IC02MjQgLTExODQgMA0KdiAtNjA4IC0xMjAwIDANCnYgLTYyNCAtMTIwMCAwDQp2IC02MjQgLTExODQgMA0KdiAtNjA4IC0xMTg0IDANCnYgLTU5MiAtMTIwMCAwDQp2IC02MDggLTEyMDAgMA0KdiAtNjA4IC0xMTg0IDANCnYgLTU5MiAtMTE4NCAwDQp2IC01NzYgLTEyMDAgMA0KdiAtNTkyIC0xMjAwIDANCnYgLTU5MiAtMTE4NCAwDQp2IC01NzYgLTExODQgMA0KdiAtNTYwIC0xMjAwIDANCnYgLTU3NiAtMTIwMCAwDQp2IC01NzYgLTExODQgMA0KdiAtNTYwIC0xMTg0IDANCnYgLTU0NCAtMTIwMCAwDQp2IC01NjAgLTEyMDAgMA0KdiAtNTYwIC0xMTg0IDANCnYgLTU0NCAtMTE4NCAwDQp2IC01MjggLTEyMDAgMA0KdiAtNTQ0IC0xMjAwIDANCnYgLTU0NCAtMTE4NCAwDQp2IC01MjggLTExODQgMA0KdiAtNTEyIC0xMjAwIDANCnYgLTUyOCAtMTIwMCAwDQp2IC01MjggLTExODQgMA0KdiAtNTEyIC0xMTg0IDANCnYgLTQ5NiAtMTIwMCAwDQp2IC01MTIgLTEyMDAgMA0KdiAtNTEyIC0xMTg0IDANCnYgLTQ5NiAtMTE4NCAwDQp2IC00ODAgLTEyMDAgMA0KdiAtNDk2IC0xMjAwIDANCnYgLTQ5NiAtMTE4NCAwDQp2IC00ODAgLTExODQgMA0KdiAtNDY0IC0xMjAwIDANCnYgLTQ4MCAtMTIwMCAwDQp2IC00ODAgLTExODQgMA0KdiAtNDY0IC0xMTg0IDANCnYgLTQ0OCAtMTIwMCAwDQp2IC00NjQgLTEyMDAgMA0KdiAtNDY0IC0xMTg0IDANCnYgLTQ0OCAtMTE4NCAwDQp2IC00MzIgLTEyMDAgMA0KdiAtNDQ4IC0xMjAwIDANCnYgLTQ0OCAtMTE4NCAwDQp2IC00MzIgLTExODQgMA0KdiAtNDE2IC0xMjAwIDANCnYgLTQzMiAtMTIwMCAwDQp2IC00MzIgLTExODQgMA0KdiAtNDE2IC0xMTg0IDANCnYgLTQwMCAtMTIwMCAwDQp2IC00MTYgLTEyMDAgMA0KdiAtNDE2IC0xMTg0IDANCnYgLTQwMCAtMTE4NCAwDQp2IC0zODQgLTEyMDAgMA0KdiAtNDAwIC0xMjAwIDANCnYgLTQwMCAtMTE4NCAwDQp2IC0zODQgLTExODQgMA0KdiAtMzY4IC0xMjAwIDANCnYgLTM4NCAtMTIwMCAwDQp2IC0zODQgLTExODQgMA0KdiAtMzY4IC0xMTg0IDANCnYgLTM1MiAtMTIwMCAwDQp2IC0zNjggLTEyMDAgMA0KdiAtMzY4IC0xMTg0IDANCnYgLTM1MiAtMTE4NCAwDQp2IC0zMzYgLTEyMDAgMA0KdiAtMzUyIC0xMjAwIDANCnYgLTM1MiAtMTE4NCAwDQp2IC0zMzYgLTExODQgMA0KdiAtMzIwIC0xMjAwIDANCnYgLTMzNiAtMTIwMCAwDQp2IC0zMzYgLTExODQgMA0KdiAtMzIwIC0xMTg0IDANCnYgLTMwNCAtMTIwMCAwDQp2IC0zMjAgLTEyMDAgMA0KdiAtMzIwIC0xMTg0IDANCnYgLTMwNCAtMTE4NCAwDQp2IC0yODggLTEyMDAgMA0KdiAtMzA0IC0xMjAwIDANCnYgLTMwNCAtMTE4NCAwDQp2IC0yODggLTExODQgMA0KdiAtMjcyIC0xMjAwIDANCnYgLTI4OCAtMTIwMCAwDQp2IC0yODggLTExODQgMA0KdiAtMjcyIC0xMTg0IDANCnYgLTI1NiAtMTIwMCAwDQp2IC0yNzIgLTEyMDAgMA0KdiAtMjcyIC0xMTg0IDANCnYgLTI1NiAtMTE4NCAwDQp2IC0yNDAgLTEyMDAgMA0KdiAtMjU2IC0xMjAwIDANCnYgLTI1NiAtMTE4NCAwDQp2IC0yNDAgLTExODQgMA0KdiAtMjI0IC0xMjAwIDANCnYgLTI0MCAtMTIwMCAwDQp2IC0yNDAgLTExODQgMA0KdiAtMjI0IC0xMTg0IDANCnYgLTIwOCAtMTIwMCAwDQp2IC0yMjQgLTEyMDAgMA0KdiAtMjI0IC0xMTg0IDANCnYgLTIwOCAtMTE4NCAwDQp2IC0xOTIgLTEyMDAgMA0KdiAtMjA4IC0xMjAwIDANCnYgLTIwOCAtMTE4NCAwDQp2IC0xOTIgLTExODQgMA0KdiAtMTc2IC0xMjAwIDANCnYgLTE5MiAtMTIwMCAwDQp2IC0xOTIgLTExODQgMA0KdiAtMTc2IC0xMTg0IDANCnYgLTE2MCAtMTIwMCAwDQp2IC0xNzYgLTEyMDAgMA0KdiAtMTc2IC0xMTg0IDANCnYgLTE2MCAtMTE4NCAwDQp2IC0xNDQgLTEyMDAgMA0KdiAtMTYwIC0xMjAwIDANCnYgLTE2MCAtMTE4NCAwDQp2IC0xNDQgLTExODQgMA0KdiAtMTI4IC0xMjAwIDANCnYgLTE0NCAtMTIwMCAwDQp2IC0xNDQgLTExODQgMA0KdiAtMTI4IC0xMTg0IDANCnYgLTExMiAtMTIwMCAwDQp2IC0xMjggLTEyMDAgMA0KdiAtMTI4IC0xMTg0IDANCnYgLTExMiAtMTE4NCAwDQp2IC05NiAtMTIwMCAwDQp2IC0xMTIgLTEyMDAgMA0KdiAtMTEyIC0xMTg0IDANCnYgLTk2IC0xMTg0IDANCnYgLTgwIC0xMjAwIDANCnYgLTk2IC0xMjAwIDANCnYgLTk2IC0xMTg0IDANCnYgLTgwIC0xMTg0IDANCnYgLTY0IC0xMjAwIDANCnYgLTgwIC0xMjAwIDANCnYgLTgwIC0xMTg0IDANCnYgLTY0IC0xMTg0IDANCnYgLTQ4IC0xMjAwIDANCnYgLTY0IC0xMjAwIDANCnYgLTY0IC0xMTg0IDANCnYgLTQ4IC0xMTg0IDANCnYgLTMyIC0xMjAwIDANCnYgLTQ4IC0xMjAwIDANCnYgLTQ4IC0xMTg0IDANCnYgLTMyIC0xMTg0IDANCnYgLTE2IC0xMjAwIDANCnYgLTMyIC0xMjAwIDANCnYgLTMyIC0xMTg0IDANCnYgLTE2IC0xMTg0IDANCnYgMCAtMTIwMCAwDQp2IC0xNiAtMTIwMCAwDQp2IC0xNiAtMTE4NCAwDQp2IDAgLTExODQgMA0KDQojIFRleHR1cmUgY29vcmlkaW5hdGVzIChDb3VudCA9IDQ0KQ0KdnQgMC4wODc4MDk5MiAwLjkzNzI2MjQNCnZ0IDAuMTA0MzM4OCAwLjkzNzI2MjQNCnZ0IDAuMTA0MzM4OCAwLjk2NzY4MDYNCnZ0IDAuMDg3ODA5OTIgMC45Njc2ODA2DQp2dCAwLjA3MDI0NzkzIDAuOTY5NTgxNw0KdnQgMC4wODY3NzY4NiAwLjk2OTU4MTcNCnZ0IDAuMDg2Nzc2ODYgMQ0KdnQgMC4wNzAyNDc5MyAxDQp2dCAwLjA1MjY4NTk1IDAuOTY5NTgxNw0KdnQgMC4wNjkyMTQ4NyAwLjk2OTU4MTcNCnZ0IDAuMDY5MjE0ODcgMQ0KdnQgMC4wNTI2ODU5NSAxDQp2dCAwLjAzNTEyMzk3IDAuOTY5NTgxNw0KdnQgMC4wNTE2NTI4OSAwLjk2OTU4MTcNCnZ0IDAuMDUxNjUyODkgMQ0KdnQgMC4wMzUxMjM5NyAxDQp2dCAwLjA3MDI0NzkzIDAuOTM3MjYyNA0KdnQgMC4wODY3NzY4NiAwLjkzNzI2MjQNCnZ0IDAuMDg2Nzc2ODYgMC45Njc2ODA2DQp2dCAwLjA3MDI0NzkzIDAuOTY3NjgwNg0KdnQgMC4wNTI2ODU5NSAwLjkzNzI2MjQNCnZ0IDAuMDY5MjE0ODcgMC45MzcyNjI0DQp2dCAwLjA2OTIxNDg3IDAuOTY3NjgwNg0KdnQgMC4wNTI2ODU5NSAwLjk2NzY4MDYNCnZ0IDAuMDM1MTIzOTcgMC45MzcyNjI0DQp2dCAwLjA1MTY1Mjg5IDAuOTM3MjYyNA0KdnQgMC4wNTE2NTI4OSAwLjk2NzY4MDYNCnZ0IDAuMDM1MTIzOTcgMC45Njc2ODA2DQp2dCAwLjA3MDI0NzkzIDAuOTA0OTQzDQp2dCAwLjA4Njc3Njg2IDAuOTA0OTQzDQp2dCAwLjA4Njc3Njg2IDAuOTM1MzYxMg0KdnQgMC4wNzAyNDc5MyAwLjkzNTM2MTINCnZ0IDAuMDUyNjg1OTUgMC45MDQ5NDMNCnZ0IDAuMDY5MjE0ODcgMC45MDQ5NDMNCnZ0IDAuMDY5MjE0ODcgMC45MzUzNjEyDQp2dCAwLjA1MjY4NTk1IDAuOTM1MzYxMg0KdnQgMC4wMzUxMjM5NyAwLjkwNDk0Mw0KdnQgMC4wNTE2NTI4OSAwLjkwNDk0Mw0KdnQgMC4wNTE2NTI4OSAwLjkzNTM2MTINCnZ0IDAuMDM1MTIzOTcgMC45MzUzNjEyDQp2dCAwLjA4NzgwOTkyIDAuNTE3MTEwMw0KdnQgMC4xMDQzMzg4IDAuNTE3MTEwMw0KdnQgMC4xMDQzMzg4IDAuNTQ3NTI4NQ0KdnQgMC4wODc4MDk5MiAwLjU0NzUyODUNCg0KIyBOb3JtYWwNCnZuIDAgMCAtMQ0KDQojIE1lc2ggZGVzY3JpcHRpb24NCmcgdGVzdC1hcmVhX21lc2hfMDAwMQ0KDQojIEZhY2VzDQpmIDEvMS8xIDIvMi8xIDMvMy8xIDQvNC8xCmYgNS8xLzEgNi8yLzEgNy8zLzEgOC80LzEKZiA5LzEvMSAxMC8yLzEgMTEvMy8xIDEyLzQvMQpmIDEzLzEvMSAxNC8yLzEgMTUvMy8xIDE2LzQvMQpmIDE3LzEvMSAxOC8yLzEgMTkvMy8xIDIwLzQvMQpmIDIxLzEvMSAyMi8yLzEgMjMvMy8xIDI0LzQvMQpmIDI1LzEvMSAyNi8yLzEgMjcvMy8xIDI4LzQvMQpmIDI5LzEvMSAzMC8yLzEgMzEvMy8xIDMyLzQvMQpmIDMzLzEvMSAzNC8yLzEgMzUvMy8xIDM2LzQvMQpmIDM3LzEvMSAzOC8yLzEgMzkvMy8xIDQwLzQvMQpmIDQxLzEvMSA0Mi8yLzEgNDMvMy8xIDQ0LzQvMQpmIDQ1LzEvMSA0Ni8yLzEgNDcvMy8xIDQ4LzQvMQpmIDQ5LzEvMSA1MC8yLzEgNTEvMy8xIDUyLzQvMQpmIDUzLzEvMSA1NC8yLzEgNTUvMy8xIDU2LzQvMQpmIDU3LzEvMSA1OC8yLzEgNTkvMy8xIDYwLzQvMQpmIDYxLzEvMSA2Mi8yLzEgNjMvMy8xIDY0LzQvMQpmIDY1LzEvMSA2Ni8yLzEgNjcvMy8xIDY4LzQvMQpmIDY5LzEvMSA3MC8yLzEgNzEvMy8xIDcyLzQvMQpmIDczLzEvMSA3NC8yLzEgNzUvMy8xIDc2LzQvMQpmIDc3LzEvMSA3OC8yLzEgNzkvMy8xIDgwLzQvMQpmIDgxLzEvMSA4Mi8yLzEgODMvMy8xIDg0LzQvMQpmIDg1LzEvMSA4Ni8yLzEgODcvMy8xIDg4LzQvMQpmIDg5LzEvMSA5MC8yLzEgOTEvMy8xIDkyLzQvMQpmIDkzLzEvMSA5NC8yLzEgOTUvMy8xIDk2LzQvMQpmIDk3LzEvMSA5OC8yLzEgOTkvMy8xIDEwMC80LzEKZiAxMDEvMS8xIDEwMi8yLzEgMTAzLzMvMSAxMDQvNC8xCmYgMTA1LzEvMSAxMDYvMi8xIDEwNy8zLzEgMTA4LzQvMQpmIDEwOS8xLzEgMTEwLzIvMSAxMTEvMy8xIDExMi80LzEKZiAxMTMvMS8xIDExNC8yLzEgMTE1LzMvMSAxMTYvNC8xCmYgMTE3LzEvMSAxMTgvMi8xIDExOS8zLzEgMTIwLzQvMQpmIDEyMS8xLzEgMTIyLzIvMSAxMjMvMy8xIDEyNC80LzEKZiAxMjUvMS8xIDEyNi8yLzEgMTI3LzMvMSAxMjgvNC8xCmYgMTI5LzEvMSAxMzAvMi8xIDEzMS8zLzEgMTMyLzQvMQpmIDEzMy8xLzEgMTM0LzIvMSAxMzUvMy8xIDEzNi80LzEKZiAxMzcvMS8xIDEzOC8yLzEgMTM5LzMvMSAxNDAvNC8xCmYgMTQxLzEvMSAxNDIvMi8xIDE0My8zLzEgMTQ0LzQvMQpmIDE0NS8xLzEgMTQ2LzIvMSAxNDcvMy8xIDE0OC80LzEKZiAxNDkvMS8xIDE1MC8yLzEgMTUxLzMvMSAxNTIvNC8xCmYgMTUzLzEvMSAxNTQvMi8xIDE1NS8zLzEgMTU2LzQvMQpmIDE1Ny8xLzEgMTU4LzIvMSAxNTkvMy8xIDE2MC80LzEKZiAxNjEvMS8xIDE2Mi8yLzEgMTYzLzMvMSAxNjQvNC8xCmYgMTY1LzEvMSAxNjYvMi8xIDE2Ny8zLzEgMTY4LzQvMQpmIDE2OS8xLzEgMTcwLzIvMSAxNzEvMy8xIDE3Mi80LzEKZiAxNzMvMS8xIDE3NC8yLzEgMTc1LzMvMSAxNzYvNC8xCmYgMTc3LzEvMSAxNzgvMi8xIDE3OS8zLzEgMTgwLzQvMQpmIDE4MS8xLzEgMTgyLzIvMSAxODMvMy8xIDE4NC80LzEKZiAxODUvMS8xIDE4Ni8yLzEgMTg3LzMvMSAxODgvNC8xCmYgMTg5LzEvMSAxOTAvMi8xIDE5MS8zLzEgMTkyLzQvMQpmIDE5My8xLzEgMTk0LzIvMSAxOTUvMy8xIDE5Ni80LzEKZiAxOTcvMS8xIDE5OC8yLzEgMTk5LzMvMSAyMDAvNC8xCmYgMjAxLzEvMSAyMDIvMi8xIDIwMy8zLzEgMjA0LzQvMQpmIDIwNS8xLzEgMjA2LzIvMSAyMDcvMy8xIDIwOC80LzEKZiAyMDkvMS8xIDIxMC8yLzEgMjExLzMvMSAyMTIvNC8xCmYgMjEzLzEvMSAyMTQvMi8xIDIxNS8zLzEgMjE2LzQvMQpmIDIxNy8xLzEgMjE4LzIvMSAyMTkvMy8xIDIyMC80LzEKZiAyMjEvMS8xIDIyMi8yLzEgMjIzLzMvMSAyMjQvNC8xCmYgMjI1LzEvMSAyMjYvMi8xIDIyNy8zLzEgMjI4LzQvMQpmIDIyOS8xLzEgMjMwLzIvMSAyMzEvMy8xIDIzMi80LzEKZiAyMzMvMS8xIDIzNC8yLzEgMjM1LzMvMSAyMzYvNC8xCmYgMjM3LzEvMSAyMzgvMi8xIDIzOS8zLzEgMjQwLzQvMQpmIDI0MS8xLzEgMjQyLzIvMSAyNDMvMy8xIDI0NC80LzEKZiAyNDUvMS8xIDI0Ni8yLzEgMjQ3LzMvMSAyNDgvNC8xCmYgMjQ5LzEvMSAyNTAvMi8xIDI1MS8zLzEgMjUyLzQvMQpmIDI1My8xLzEgMjU0LzIvMSAyNTUvMy8xIDI1Ni80LzEKZiAyNTcvMS8xIDI1OC8yLzEgMjU5LzMvMSAyNjAvNC8xCmYgMjYxLzEvMSAyNjIvMi8xIDI2My8zLzEgMjY0LzQvMQpmIDI2NS8xLzEgMjY2LzIvMSAyNjcvMy8xIDI2OC80LzEKZiAyNjkvMS8xIDI3MC8yLzEgMjcxLzMvMSAyNzIvNC8xCmYgMjczLzEvMSAyNzQvMi8xIDI3NS8zLzEgMjc2LzQvMQpmIDI3Ny8xLzEgMjc4LzIvMSAyNzkvMy8xIDI4MC80LzEKZiAyODEvMS8xIDI4Mi8yLzEgMjgzLzMvMSAyODQvNC8xCmYgMjg1LzEvMSAyODYvMi8xIDI4Ny8zLzEgMjg4LzQvMQpmIDI4OS8xLzEgMjkwLzIvMSAyOTEvMy8xIDI5Mi80LzEKZiAyOTMvMS8xIDI5NC8yLzEgMjk1LzMvMSAyOTYvNC8xCmYgMjk3LzEvMSAyOTgvMi8xIDI5OS8zLzEgMzAwLzQvMQpmIDMwMS8xLzEgMzAyLzIvMSAzMDMvMy8xIDMwNC80LzEKZiAzMDUvMS8xIDMwNi8yLzEgMzA3LzMvMSAzMDgvNC8xCmYgMzA5LzEvMSAzMTAvMi8xIDMxMS8zLzEgMzEyLzQvMQpmIDMxMy8xLzEgMzE0LzIvMSAzMTUvMy8xIDMxNi80LzEKZiAzMTcvMS8xIDMxOC8yLzEgMzE5LzMvMSAzMjAvNC8xCmYgMzIxLzEvMSAzMjIvMi8xIDMyMy8zLzEgMzI0LzQvMQpmIDMyNS8xLzEgMzI2LzIvMSAzMjcvMy8xIDMyOC80LzEKZiAzMjkvMS8xIDMzMC8yLzEgMzMxLzMvMSAzMzIvNC8xCmYgMzMzLzEvMSAzMzQvMi8xIDMzNS8zLzEgMzM2LzQvMQpmIDMzNy8xLzEgMzM4LzIvMSAzMzkvMy8xIDM0MC80LzEKZiAzNDEvMS8xIDM0Mi8yLzEgMzQzLzMvMSAzNDQvNC8xCmYgMzQ1LzEvMSAzNDYvMi8xIDM0Ny8zLzEgMzQ4LzQvMQpmIDM0OS8xLzEgMzUwLzIvMSAzNTEvMy8xIDM1Mi80LzEKZiAzNTMvMS8xIDM1NC8yLzEgMzU1LzMvMSAzNTYvNC8xCmYgMzU3LzEvMSAzNTgvMi8xIDM1OS8zLzEgMzYwLzQvMQpmIDM2MS8xLzEgMzYyLzIvMSAzNjMvMy8xIDM2NC80LzEKZiAzNjUvMS8xIDM2Ni8yLzEgMzY3LzMvMSAzNjgvNC8xCmYgMzY5LzEvMSAzNzAvMi8xIDM3MS8zLzEgMzcyLzQvMQpmIDM3My8xLzEgMzc0LzIvMSAzNzUvMy8xIDM3Ni80LzEKZiAzNzcvMS8xIDM3OC8yLzEgMzc5LzMvMSAzODAvNC8xCmYgMzgxLzEvMSAzODIvMi8xIDM4My8zLzEgMzg0LzQvMQpmIDM4NS8xLzEgMzg2LzIvMSAzODcvMy8xIDM4OC80LzEKZiAzODkvMS8xIDM5MC8yLzEgMzkxLzMvMSAzOTIvNC8xCmYgMzkzLzEvMSAzOTQvMi8xIDM5NS8zLzEgMzk2LzQvMQpmIDM5Ny8xLzEgMzk4LzIvMSAzOTkvMy8xIDQwMC80LzEKZiA0MDEvMS8xIDQwMi8yLzEgNDAzLzMvMSA0MDQvNC8xCmYgNDA1LzEvMSA0MDYvMi8xIDQwNy8zLzEgNDA4LzQvMQpmIDQwOS8xLzEgNDEwLzIvMSA0MTEvMy8xIDQxMi80LzEKZiA0MTMvMS8xIDQxNC8yLzEgNDE1LzMvMSA0MTYvNC8xCmYgNDE3LzEvMSA0MTgvMi8xIDQxOS8zLzEgNDIwLzQvMQpmIDQyMS8xLzEgNDIyLzIvMSA0MjMvMy8xIDQyNC80LzEKZiA0MjUvMS8xIDQyNi8yLzEgNDI3LzMvMSA0MjgvNC8xCmYgNDI5LzEvMSA0MzAvMi8xIDQzMS8zLzEgNDMyLzQvMQpmIDQzMy8xLzEgNDM0LzIvMSA0MzUvMy8xIDQzNi80LzEKZiA0MzcvMS8xIDQzOC8yLzEgNDM5LzMvMSA0NDAvNC8xCmYgNDQxLzEvMSA0NDIvMi8xIDQ0My8zLzEgNDQ0LzQvMQpmIDQ0NS8xLzEgNDQ2LzIvMSA0NDcvMy8xIDQ0OC80LzEKZiA0NDkvMS8xIDQ1MC8yLzEgNDUxLzMvMSA0NTIvNC8xCmYgNDUzLzEvMSA0NTQvMi8xIDQ1NS8zLzEgNDU2LzQvMQpmIDQ1Ny8xLzEgNDU4LzIvMSA0NTkvMy8xIDQ2MC80LzEKZiA0NjEvMS8xIDQ2Mi8yLzEgNDYzLzMvMSA0NjQvNC8xCmYgNDY1LzEvMSA0NjYvMi8xIDQ2Ny8zLzEgNDY4LzQvMQpmIDQ2OS8xLzEgNDcwLzIvMSA0NzEvMy8xIDQ3Mi80LzEKZiA0NzMvMS8xIDQ3NC8yLzEgNDc1LzMvMSA0NzYvNC8xCmYgNDc3LzEvMSA0NzgvMi8xIDQ3OS8zLzEgNDgwLzQvMQpmIDQ4MS8xLzEgNDgyLzIvMSA0ODMvMy8xIDQ4NC80LzEKZiA0ODUvMS8xIDQ4Ni8yLzEgNDg3LzMvMSA0ODgvNC8xCmYgNDg5LzEvMSA0OTAvMi8xIDQ5MS8zLzEgNDkyLzQvMQpmIDQ5My8xLzEgNDk0LzIvMSA0OTUvMy8xIDQ5Ni80LzEKZiA0OTcvMS8xIDQ5OC8yLzEgNDk5LzMvMSA1MDAvNC8xCmYgNTAxLzEvMSA1MDIvMi8xIDUwMy8zLzEgNTA0LzQvMQpmIDUwNS8xLzEgNTA2LzIvMSA1MDcvMy8xIDUwOC80LzEKZiA1MDkvMS8xIDUxMC8yLzEgNTExLzMvMSA1MTIvNC8xCmYgNTEzLzEvMSA1MTQvMi8xIDUxNS8zLzEgNTE2LzQvMQpmIDUxNy8xLzEgNTE4LzIvMSA1MTkvMy8xIDUyMC80LzEKZiA1MjEvMS8xIDUyMi8yLzEgNTIzLzMvMSA1MjQvNC8xCmYgNTI1LzEvMSA1MjYvMi8xIDUyNy8zLzEgNTI4LzQvMQpmIDUyOS8xLzEgNTMwLzIvMSA1MzEvMy8xIDUzMi80LzEKZiA1MzMvMS8xIDUzNC8yLzEgNTM1LzMvMSA1MzYvNC8xCmYgNTM3LzEvMSA1MzgvMi8xIDUzOS8zLzEgNTQwLzQvMQpmIDU0MS8xLzEgNTQyLzIvMSA1NDMvMy8xIDU0NC80LzEKZiA1NDUvMS8xIDU0Ni8yLzEgNTQ3LzMvMSA1NDgvNC8xCmYgNTQ5LzEvMSA1NTAvMi8xIDU1MS8zLzEgNTUyLzQvMQpmIDU1My8xLzEgNTU0LzIvMSA1NTUvMy8xIDU1Ni80LzEKZiA1NTcvMS8xIDU1OC8yLzEgNTU5LzMvMSA1NjAvNC8xCmYgNTYxLzEvMSA1NjIvMi8xIDU2My8zLzEgNTY0LzQvMQpmIDU2NS8xLzEgNTY2LzIvMSA1NjcvMy8xIDU2OC80LzEKZiA1NjkvMS8xIDU3MC8yLzEgNTcxLzMvMSA1NzIvNC8xCmYgNTczLzEvMSA1NzQvMi8xIDU3NS8zLzEgNTc2LzQvMQpmIDU3Ny8xLzEgNTc4LzIvMSA1NzkvMy8xIDU4MC80LzEKZiA1ODEvMS8xIDU4Mi8yLzEgNTgzLzMvMSA1ODQvNC8xCmYgNTg1LzEvMSA1ODYvMi8xIDU4Ny8zLzEgNTg4LzQvMQpmIDU4OS8xLzEgNTkwLzIvMSA1OTEvMy8xIDU5Mi80LzEKZiA1OTMvMS8xIDU5NC8yLzEgNTk1LzMvMSA1OTYvNC8xCmYgNTk3LzEvMSA1OTgvMi8xIDU5OS8zLzEgNjAwLzQvMQpmIDYwMS8xLzEgNjAyLzIvMSA2MDMvMy8xIDYwNC80LzEKZiA2MDUvMS8xIDYwNi8yLzEgNjA3LzMvMSA2MDgvNC8xCmYgNjA5LzEvMSA2MTAvMi8xIDYxMS8zLzEgNjEyLzQvMQpmIDYxMy8xLzEgNjE0LzIvMSA2MTUvMy8xIDYxNi80LzEKZiA2MTcvMS8xIDYxOC8yLzEgNjE5LzMvMSA2MjAvNC8xCmYgNjIxLzEvMSA2MjIvMi8xIDYyMy8zLzEgNjI0LzQvMQpmIDYyNS8xLzEgNjI2LzIvMSA2MjcvMy8xIDYyOC80LzEKZiA2MjkvMS8xIDYzMC8yLzEgNjMxLzMvMSA2MzIvNC8xCmYgNjMzLzEvMSA2MzQvMi8xIDYzNS8zLzEgNjM2LzQvMQpmIDYzNy8xLzEgNjM4LzIvMSA2MzkvMy8xIDY0MC80LzEKZiA2NDEvMS8xIDY0Mi8yLzEgNjQzLzMvMSA2NDQvNC8xCmYgNjQ1LzEvMSA2NDYvMi8xIDY0Ny8zLzEgNjQ4LzQvMQpmIDY0OS8xLzEgNjUwLzIvMSA2NTEvMy8xIDY1Mi80LzEKZiA2NTMvMS8xIDY1NC8yLzEgNjU1LzMvMSA2NTYvNC8xCmYgNjU3LzEvMSA2NTgvMi8xIDY1OS8zLzEgNjYwLzQvMQpmIDY2MS8xLzEgNjYyLzIvMSA2NjMvMy8xIDY2NC80LzEKZiA2NjUvMS8xIDY2Ni8yLzEgNjY3LzMvMSA2NjgvNC8xCmYgNjY5LzEvMSA2NzAvMi8xIDY3MS8zLzEgNjcyLzQvMQpmIDY3My8xLzEgNjc0LzIvMSA2NzUvMy8xIDY3Ni80LzEKZiA2NzcvMS8xIDY3OC8yLzEgNjc5LzMvMSA2ODAvNC8xCmYgNjgxLzEvMSA2ODIvMi8xIDY4My8zLzEgNjg0LzQvMQpmIDY4NS8xLzEgNjg2LzIvMSA2ODcvMy8xIDY4OC80LzEKZiA2ODkvMS8xIDY5MC8yLzEgNjkxLzMvMSA2OTIvNC8xCmYgNjkzLzEvMSA2OTQvMi8xIDY5NS8zLzEgNjk2LzQvMQpmIDY5Ny8xLzEgNjk4LzIvMSA2OTkvMy8xIDcwMC80LzEKZiA3MDEvMS8xIDcwMi8yLzEgNzAzLzMvMSA3MDQvNC8xCmYgNzA1LzEvMSA3MDYvMi8xIDcwNy8zLzEgNzA4LzQvMQpmIDcwOS8xLzEgNzEwLzIvMSA3MTEvMy8xIDcxMi80LzEKZiA3MTMvMS8xIDcxNC8yLzEgNzE1LzMvMSA3MTYvNC8xCmYgNzE3LzEvMSA3MTgvMi8xIDcxOS8zLzEgNzIwLzQvMQpmIDcyMS8xLzEgNzIyLzIvMSA3MjMvMy8xIDcyNC80LzEKZiA3MjUvMS8xIDcyNi8yLzEgNzI3LzMvMSA3MjgvNC8xCmYgNzI5LzEvMSA3MzAvMi8xIDczMS8zLzEgNzMyLzQvMQpmIDczMy8xLzEgNzM0LzIvMSA3MzUvMy8xIDczNi80LzEKZiA3MzcvMS8xIDczOC8yLzEgNzM5LzMvMSA3NDAvNC8xCmYgNzQxLzEvMSA3NDIvMi8xIDc0My8zLzEgNzQ0LzQvMQpmIDc0NS8xLzEgNzQ2LzIvMSA3NDcvMy8xIDc0OC80LzEKZiA3NDkvMS8xIDc1MC8yLzEgNzUxLzMvMSA3NTIvNC8xCmYgNzUzLzEvMSA3NTQvMi8xIDc1NS8zLzEgNzU2LzQvMQpmIDc1Ny8xLzEgNzU4LzIvMSA3NTkvMy8xIDc2MC80LzEKZiA3NjEvMS8xIDc2Mi8yLzEgNzYzLzMvMSA3NjQvNC8xCmYgNzY1LzEvMSA3NjYvMi8xIDc2Ny8zLzEgNzY4LzQvMQpmIDc2OS8xLzEgNzcwLzIvMSA3NzEvMy8xIDc3Mi80LzEKZiA3NzMvMS8xIDc3NC8yLzEgNzc1LzMvMSA3NzYvNC8xCmYgNzc3LzEvMSA3NzgvMi8xIDc3OS8zLzEgNzgwLzQvMQpmIDc4MS8xLzEgNzgyLzIvMSA3ODMvMy8xIDc4NC80LzEKZiA3ODUvMS8xIDc4Ni8yLzEgNzg3LzMvMSA3ODgvNC8xCmYgNzg5LzEvMSA3OTAvMi8xIDc5MS8zLzEgNzkyLzQvMQpmIDc5My8xLzEgNzk0LzIvMSA3OTUvMy8xIDc5Ni80LzEKZiA3OTcvMS8xIDc5OC8yLzEgNzk5LzMvMSA4MDAvNC8xCmYgODAxLzEvMSA4MDIvMi8xIDgwMy8zLzEgODA0LzQvMQpmIDgwNS8xLzEgODA2LzIvMSA4MDcvMy8xIDgwOC80LzEKZiA4MDkvMS8xIDgxMC8yLzEgODExLzMvMSA4MTIvNC8xCmYgODEzLzEvMSA4MTQvMi8xIDgxNS8zLzEgODE2LzQvMQpmIDgxNy8xLzEgODE4LzIvMSA4MTkvMy8xIDgyMC80LzEKZiA4MjEvMS8xIDgyMi8yLzEgODIzLzMvMSA4MjQvNC8xCmYgODI1LzEvMSA4MjYvMi8xIDgyNy8zLzEgODI4LzQvMQpmIDgyOS8xLzEgODMwLzIvMSA4MzEvMy8xIDgzMi80LzEKZiA4MzMvMS8xIDgzNC8yLzEgODM1LzMvMSA4MzYvNC8xCmYgODM3LzEvMSA4MzgvMi8xIDgzOS8zLzEgODQwLzQvMQpmIDg0MS8xLzEgODQyLzIvMSA4NDMvMy8xIDg0NC80LzEKZiA4NDUvMS8xIDg0Ni8yLzEgODQ3LzMvMSA4NDgvNC8xCmYgODQ5LzEvMSA4NTAvMi8xIDg1MS8zLzEgODUyLzQvMQpmIDg1My8xLzEgODU0LzIvMSA4NTUvMy8xIDg1Ni80LzEKZiA4NTcvMS8xIDg1OC8yLzEgODU5LzMvMSA4NjAvNC8xCmYgODYxLzEvMSA4NjIvMi8xIDg2My8zLzEgODY0LzQvMQpmIDg2NS8xLzEgODY2LzIvMSA4NjcvMy8xIDg2OC80LzEKZiA4NjkvMS8xIDg3MC8yLzEgODcxLzMvMSA4NzIvNC8xCmYgODczLzEvMSA4NzQvMi8xIDg3NS8zLzEgODc2LzQvMQpmIDg3Ny8xLzEgODc4LzIvMSA4NzkvMy8xIDg4MC80LzEKZiA4ODEvMS8xIDg4Mi8yLzEgODgzLzMvMSA4ODQvNC8xCmYgODg1LzEvMSA4ODYvMi8xIDg4Ny8zLzEgODg4LzQvMQpmIDg4OS8xLzEgODkwLzIvMSA4OTEvMy8xIDg5Mi80LzEKZiA4OTMvMS8xIDg5NC8yLzEgODk1LzMvMSA4OTYvNC8xCmYgODk3LzEvMSA4OTgvMi8xIDg5OS8zLzEgOTAwLzQvMQpmIDkwMS8xLzEgOTAyLzIvMSA5MDMvMy8xIDkwNC80LzEKZiA5MDUvMS8xIDkwNi8yLzEgOTA3LzMvMSA5MDgvNC8xCmYgOTA5LzEvMSA5MTAvMi8xIDkxMS8zLzEgOTEyLzQvMQpmIDkxMy8xLzEgOTE0LzIvMSA5MTUvMy8xIDkxNi80LzEKZiA5MTcvMS8xIDkxOC8yLzEgOTE5LzMvMSA5MjAvNC8xCmYgOTIxLzEvMSA5MjIvMi8xIDkyMy8zLzEgOTI0LzQvMQpmIDkyNS8xLzEgOTI2LzIvMSA5MjcvMy8xIDkyOC80LzEKZiA5MjkvMS8xIDkzMC8yLzEgOTMxLzMvMSA5MzIvNC8xCmYgOTMzLzEvMSA5MzQvMi8xIDkzNS8zLzEgOTM2LzQvMQpmIDkzNy8xLzEgOTM4LzIvMSA5MzkvMy8xIDk0MC80LzEKZiA5NDEvMS8xIDk0Mi8yLzEgOTQzLzMvMSA5NDQvNC8xCmYgOTQ1LzEvMSA5NDYvMi8xIDk0Ny8zLzEgOTQ4LzQvMQpmIDk0OS8xLzEgOTUwLzIvMSA5NTEvMy8xIDk1Mi80LzEKZiA5NTMvMS8xIDk1NC8yLzEgOTU1LzMvMSA5NTYvNC8xCmYgOTU3LzEvMSA5NTgvMi8xIDk1OS8zLzEgOTYwLzQvMQpmIDk2MS8xLzEgOTYyLzIvMSA5NjMvMy8xIDk2NC80LzEKZiA5NjUvMS8xIDk2Ni8yLzEgOTY3LzMvMSA5NjgvNC8xCmYgOTY5LzEvMSA5NzAvMi8xIDk3MS8zLzEgOTcyLzQvMQpmIDk3My8xLzEgOTc0LzIvMSA5NzUvMy8xIDk3Ni80LzEKZiA5NzcvMS8xIDk3OC8yLzEgOTc5LzMvMSA5ODAvNC8xCmYgOTgxLzEvMSA5ODIvMi8xIDk4My8zLzEgOTg0LzQvMQpmIDk4NS8xLzEgOTg2LzIvMSA5ODcvMy8xIDk4OC80LzEKZiA5ODkvMS8xIDk5MC8yLzEgOTkxLzMvMSA5OTIvNC8xCmYgOTkzLzEvMSA5OTQvMi8xIDk5NS8zLzEgOTk2LzQvMQpmIDk5Ny8xLzEgOTk4LzIvMSA5OTkvMy8xIDEwMDAvNC8xCmYgMTAwMS8xLzEgMTAwMi8yLzEgMTAwMy8zLzEgMTAwNC80LzEKZiAxMDA1LzEvMSAxMDA2LzIvMSAxMDA3LzMvMSAxMDA4LzQvMQpmIDEwMDkvMS8xIDEwMTAvMi8xIDEwMTEvMy8xIDEwMTIvNC8xCmYgMTAxMy8xLzEgMTAxNC8yLzEgMTAxNS8zLzEgMTAxNi80LzEKZiAxMDE3LzEvMSAxMDE4LzIvMSAxMDE5LzMvMSAxMDIwLzQvMQpmIDEwMjEvMS8xIDEwMjIvMi8xIDEwMjMvMy8xIDEwMjQvNC8xCmYgMTAyNS8xLzEgMTAyNi8yLzEgMTAyNy8zLzEgMTAyOC80LzEKZiAxMDI5LzEvMSAxMDMwLzIvMSAxMDMxLzMvMSAxMDMyLzQvMQpmIDEwMzMvMS8xIDEwMzQvMi8xIDEwMzUvMy8xIDEwMzYvNC8xCmYgMTAzNy8xLzEgMTAzOC8yLzEgMTAzOS8zLzEgMTA0MC80LzEKZiAxMDQxLzEvMSAxMDQyLzIvMSAxMDQzLzMvMSAxMDQ0LzQvMQpmIDEwNDUvMS8xIDEwNDYvMi8xIDEwNDcvMy8xIDEwNDgvNC8xCmYgMTA0OS8xLzEgMTA1MC8yLzEgMTA1MS8zLzEgMTA1Mi80LzEKZiAxMDUzLzEvMSAxMDU0LzIvMSAxMDU1LzMvMSAxMDU2LzQvMQpmIDEwNTcvMS8xIDEwNTgvMi8xIDEwNTkvMy8xIDEwNjAvNC8xCmYgMTA2MS8xLzEgMTA2Mi8yLzEgMTA2My8zLzEgMTA2NC80LzEKZiAxMDY1LzEvMSAxMDY2LzIvMSAxMDY3LzMvMSAxMDY4LzQvMQpmIDEwNjkvMS8xIDEwNzAvMi8xIDEwNzEvMy8xIDEwNzIvNC8xCmYgMTA3My8xLzEgMTA3NC8yLzEgMTA3NS8zLzEgMTA3Ni80LzEKZiAxMDc3LzEvMSAxMDc4LzIvMSAxMDc5LzMvMSAxMDgwLzQvMQpmIDEwODEvMS8xIDEwODIvMi8xIDEwODMvMy8xIDEwODQvNC8xCmYgMTA4NS8xLzEgMTA4Ni8yLzEgMTA4Ny8zLzEgMTA4OC80LzEKZiAxMDg5LzEvMSAxMDkwLzIvMSAxMDkxLzMvMSAxMDkyLzQvMQpmIDEwOTMvMS8xIDEwOTQvMi8xIDEwOTUvMy8xIDEwOTYvNC8xCmYgMTA5Ny8xLzEgMTA5OC8yLzEgMTA5OS8zLzEgMTEwMC80LzEKZiAxMTAxLzEvMSAxMTAyLzIvMSAxMTAzLzMvMSAxMTA0LzQvMQpmIDExMDUvMS8xIDExMDYvMi8xIDExMDcvMy8xIDExMDgvNC8xCmYgMTEwOS8xLzEgMTExMC8yLzEgMTExMS8zLzEgMTExMi80LzEKZiAxMTEzLzEvMSAxMTE0LzIvMSAxMTE1LzMvMSAxMTE2LzQvMQpmIDExMTcvMS8xIDExMTgvMi8xIDExMTkvMy8xIDExMjAvNC8xCmYgMTEyMS8xLzEgMTEyMi8yLzEgMTEyMy8zLzEgMTEyNC80LzEKZiAxMTI1LzEvMSAxMTI2LzIvMSAxMTI3LzMvMSAxMTI4LzQvMQpmIDExMjkvMS8xIDExMzAvMi8xIDExMzEvMy8xIDExMzIvNC8xCmYgMTEzMy8xLzEgMTEzNC8yLzEgMTEzNS8zLzEgMTEzNi80LzEKZiAxMTM3LzEvMSAxMTM4LzIvMSAxMTM5LzMvMSAxMTQwLzQvMQpmIDExNDEvMS8xIDExNDIvMi8xIDExNDMvMy8xIDExNDQvNC8xCmYgMTE0NS8xLzEgMTE0Ni8yLzEgMTE0Ny8zLzEgMTE0OC80LzEKZiAxMTQ5LzEvMSAxMTUwLzIvMSAxMTUxLzMvMSAxMTUyLzQvMQpmIDExNTMvMS8xIDExNTQvMi8xIDExNTUvMy8xIDExNTYvNC8xCmYgMTE1Ny8xLzEgMTE1OC8yLzEgMTE1OS8zLzEgMTE2MC80LzEKZiAxMTYxLzEvMSAxMTYyLzIvMSAxMTYzLzMvMSAxMTY0LzQvMQpmIDExNjUvMS8xIDExNjYvMi8xIDExNjcvMy8xIDExNjgvNC8xCmYgMTE2OS8xLzEgMTE3MC8yLzEgMTE3MS8zLzEgMTE3Mi80LzEKZiAxMTczLzEvMSAxMTc0LzIvMSAxMTc1LzMvMSAxMTc2LzQvMQpmIDExNzcvMS8xIDExNzgvMi8xIDExNzkvMy8xIDExODAvNC8xCmYgMTE4MS8xLzEgMTE4Mi8yLzEgMTE4My8zLzEgMTE4NC80LzEKZiAxMTg1LzEvMSAxMTg2LzIvMSAxMTg3LzMvMSAxMTg4LzQvMQpmIDExODkvMS8xIDExOTAvMi8xIDExOTEvMy8xIDExOTIvNC8xCmYgMTE5My8xLzEgMTE5NC8yLzEgMTE5NS8zLzEgMTE5Ni80LzEKZiAxMTk3LzEvMSAxMTk4LzIvMSAxMTk5LzMvMSAxMjAwLzQvMQpmIDEyMDEvMS8xIDEyMDIvMi8xIDEyMDMvMy8xIDEyMDQvNC8xCmYgMTIwNS8xLzEgMTIwNi8yLzEgMTIwNy8zLzEgMTIwOC80LzEKZiAxMjA5LzEvMSAxMjEwLzIvMSAxMjExLzMvMSAxMjEyLzQvMQpmIDEyMTMvMS8xIDEyMTQvMi8xIDEyMTUvMy8xIDEyMTYvNC8xCmYgMTIxNy8xLzEgMTIxOC8yLzEgMTIxOS8zLzEgMTIyMC80LzEKZiAxMjIxLzEvMSAxMjIyLzIvMSAxMjIzLzMvMSAxMjI0LzQvMQpmIDEyMjUvMS8xIDEyMjYvMi8xIDEyMjcvMy8xIDEyMjgvNC8xCmYgMTIyOS8xLzEgMTIzMC8yLzEgMTIzMS8zLzEgMTIzMi80LzEKZiAxMjMzLzEvMSAxMjM0LzIvMSAxMjM1LzMvMSAxMjM2LzQvMQpmIDEyMzcvMS8xIDEyMzgvMi8xIDEyMzkvMy8xIDEyNDAvNC8xCmYgMTI0MS8xLzEgMTI0Mi8yLzEgMTI0My8zLzEgMTI0NC80LzEKZiAxMjQ1LzEvMSAxMjQ2LzIvMSAxMjQ3LzMvMSAxMjQ4LzQvMQpmIDEyNDkvMS8xIDEyNTAvMi8xIDEyNTEvMy8xIDEyNTIvNC8xCmYgMTI1My8xLzEgMTI1NC8yLzEgMTI1NS8zLzEgMTI1Ni80LzEKZiAxMjU3LzEvMSAxMjU4LzIvMSAxMjU5LzMvMSAxMjYwLzQvMQpmIDEyNjEvMS8xIDEyNjIvMi8xIDEyNjMvMy8xIDEyNjQvNC8xCmYgMTI2NS8xLzEgMTI2Ni8yLzEgMTI2Ny8zLzEgMTI2OC80LzEKZiAxMjY5LzEvMSAxMjcwLzIvMSAxMjcxLzMvMSAxMjcyLzQvMQpmIDEyNzMvMS8xIDEyNzQvMi8xIDEyNzUvMy8xIDEyNzYvNC8xCmYgMTI3Ny8xLzEgMTI3OC8yLzEgMTI3OS8zLzEgMTI4MC80LzEKZiAxMjgxLzEvMSAxMjgyLzIvMSAxMjgzLzMvMSAxMjg0LzQvMQpmIDEyODUvMS8xIDEyODYvMi8xIDEyODcvMy8xIDEyODgvNC8xCmYgMTI4OS8xLzEgMTI5MC8yLzEgMTI5MS8zLzEgMTI5Mi80LzEKZiAxMjkzLzEvMSAxMjk0LzIvMSAxMjk1LzMvMSAxMjk2LzQvMQpmIDEyOTcvMS8xIDEyOTgvMi8xIDEyOTkvMy8xIDEzMDAvNC8xCmYgMTMwMS8xLzEgMTMwMi8yLzEgMTMwMy8zLzEgMTMwNC80LzEKZiAxMzA1LzEvMSAxMzA2LzIvMSAxMzA3LzMvMSAxMzA4LzQvMQpmIDEzMDkvMS8xIDEzMTAvMi8xIDEzMTEvMy8xIDEzMTIvNC8xCmYgMTMxMy8xLzEgMTMxNC8yLzEgMTMxNS8zLzEgMTMxNi80LzEKZiAxMzE3LzEvMSAxMzE4LzIvMSAxMzE5LzMvMSAxMzIwLzQvMQpmIDEzMjEvMS8xIDEzMjIvMi8xIDEzMjMvMy8xIDEzMjQvNC8xCmYgMTMyNS8xLzEgMTMyNi8yLzEgMTMyNy8zLzEgMTMyOC80LzEKZiAxMzI5LzEvMSAxMzMwLzIvMSAxMzMxLzMvMSAxMzMyLzQvMQpmIDEzMzMvMS8xIDEzMzQvMi8xIDEzMzUvMy8xIDEzMzYvNC8xCmYgMTMzNy8xLzEgMTMzOC8yLzEgMTMzOS8zLzEgMTM0MC80LzEKZiAxMzQxLzEvMSAxMzQyLzIvMSAxMzQzLzMvMSAxMzQ0LzQvMQpmIDEzNDUvMS8xIDEzNDYvMi8xIDEzNDcvMy8xIDEzNDgvNC8xCmYgMTM0OS8xLzEgMTM1MC8yLzEgMTM1MS8zLzEgMTM1Mi80LzEKZiAxMzUzLzEvMSAxMzU0LzIvMSAxMzU1LzMvMSAxMzU2LzQvMQpmIDEzNTcvMS8xIDEzNTgvMi8xIDEzNTkvMy8xIDEzNjAvNC8xCmYgMTM2MS8xLzEgMTM2Mi8yLzEgMTM2My8zLzEgMTM2NC80LzEKZiAxMzY1LzEvMSAxMzY2LzIvMSAxMzY3LzMvMSAxMzY4LzQvMQpmIDEzNjkvMS8xIDEzNzAvMi8xIDEzNzEvMy8xIDEzNzIvNC8xCmYgMTM3My8xLzEgMTM3NC8yLzEgMTM3NS8zLzEgMTM3Ni80LzEKZiAxMzc3LzEvMSAxMzc4LzIvMSAxMzc5LzMvMSAxMzgwLzQvMQpmIDEzODEvMS8xIDEzODIvMi8xIDEzODMvMy8xIDEzODQvNC8xCmYgMTM4NS8xLzEgMTM4Ni8yLzEgMTM4Ny8zLzEgMTM4OC80LzEKZiAxMzg5LzEvMSAxMzkwLzIvMSAxMzkxLzMvMSAxMzkyLzQvMQpmIDEzOTMvMS8xIDEzOTQvMi8xIDEzOTUvMy8xIDEzOTYvNC8xCmYgMTM5Ny8xLzEgMTM5OC8yLzEgMTM5OS8zLzEgMTQwMC80LzEKZiAxNDAxLzEvMSAxNDAyLzIvMSAxNDAzLzMvMSAxNDA0LzQvMQpmIDE0MDUvMS8xIDE0MDYvMi8xIDE0MDcvMy8xIDE0MDgvNC8xCmYgMTQwOS8xLzEgMTQxMC8yLzEgMTQxMS8zLzEgMTQxMi80LzEKZiAxNDEzLzEvMSAxNDE0LzIvMSAxNDE1LzMvMSAxNDE2LzQvMQpmIDE0MTcvMS8xIDE0MTgvMi8xIDE0MTkvMy8xIDE0MjAvNC8xCmYgMTQyMS8xLzEgMTQyMi8yLzEgMTQyMy8zLzEgMTQyNC80LzEKZiAxNDI1LzEvMSAxNDI2LzIvMSAxNDI3LzMvMSAxNDI4LzQvMQpmIDE0MjkvMS8xIDE0MzAvMi8xIDE0MzEvMy8xIDE0MzIvNC8xCmYgMTQzMy8xLzEgMTQzNC8yLzEgMTQzNS8zLzEgMTQzNi80LzEKZiAxNDM3LzEvMSAxNDM4LzIvMSAxNDM5LzMvMSAxNDQwLzQvMQpmIDE0NDEvMS8xIDE0NDIvMi8xIDE0NDMvMy8xIDE0NDQvNC8xCmYgMTQ0NS8xLzEgMTQ0Ni8yLzEgMTQ0Ny8zLzEgMTQ0OC80LzEKZiAxNDQ5LzEvMSAxNDUwLzIvMSAxNDUxLzMvMSAxNDUyLzQvMQpmIDE0NTMvMS8xIDE0NTQvMi8xIDE0NTUvMy8xIDE0NTYvNC8xCmYgMTQ1Ny8xLzEgMTQ1OC8yLzEgMTQ1OS8zLzEgMTQ2MC80LzEKZiAxNDYxLzEvMSAxNDYyLzIvMSAxNDYzLzMvMSAxNDY0LzQvMQpmIDE0NjUvMS8xIDE0NjYvMi8xIDE0NjcvMy8xIDE0NjgvNC8xCmYgMTQ2OS8xLzEgMTQ3MC8yLzEgMTQ3MS8zLzEgMTQ3Mi80LzEKZiAxNDczLzEvMSAxNDc0LzIvMSAxNDc1LzMvMSAxNDc2LzQvMQpmIDE0NzcvMS8xIDE0NzgvMi8xIDE0NzkvMy8xIDE0ODAvNC8xCmYgMTQ4MS8xLzEgMTQ4Mi8yLzEgMTQ4My8zLzEgMTQ4NC80LzEKZiAxNDg1LzEvMSAxNDg2LzIvMSAxNDg3LzMvMSAxNDg4LzQvMQpmIDE0ODkvMS8xIDE0OTAvMi8xIDE0OTEvMy8xIDE0OTIvNC8xCmYgMTQ5My8xLzEgMTQ5NC8yLzEgMTQ5NS8zLzEgMTQ5Ni80LzEKZiAxNDk3LzEvMSAxNDk4LzIvMSAxNDk5LzMvMSAxNTAwLzQvMQpmIDE1MDEvMS8xIDE1MDIvMi8xIDE1MDMvMy8xIDE1MDQvNC8xCmYgMTUwNS8xLzEgMTUwNi8yLzEgMTUwNy8zLzEgMTUwOC80LzEKZiAxNTA5LzEvMSAxNTEwLzIvMSAxNTExLzMvMSAxNTEyLzQvMQpmIDE1MTMvMS8xIDE1MTQvMi8xIDE1MTUvMy8xIDE1MTYvNC8xCmYgMTUxNy8xLzEgMTUxOC8yLzEgMTUxOS8zLzEgMTUyMC80LzEKZiAxNTIxLzEvMSAxNTIyLzIvMSAxNTIzLzMvMSAxNTI0LzQvMQpmIDE1MjUvMS8xIDE1MjYvMi8xIDE1MjcvMy8xIDE1MjgvNC8xCmYgMTUyOS8xLzEgMTUzMC8yLzEgMTUzMS8zLzEgMTUzMi80LzEKZiAxNTMzLzEvMSAxNTM0LzIvMSAxNTM1LzMvMSAxNTM2LzQvMQpmIDE1MzcvMS8xIDE1MzgvMi8xIDE1MzkvMy8xIDE1NDAvNC8xCmYgMTU0MS8xLzEgMTU0Mi8yLzEgMTU0My8zLzEgMTU0NC80LzEKZiAxNTQ1LzEvMSAxNTQ2LzIvMSAxNTQ3LzMvMSAxNTQ4LzQvMQpmIDE1NDkvMS8xIDE1NTAvMi8xIDE1NTEvMy8xIDE1NTIvNC8xCmYgMTU1My8xLzEgMTU1NC8yLzEgMTU1NS8zLzEgMTU1Ni80LzEKZiAxNTU3LzEvMSAxNTU4LzIvMSAxNTU5LzMvMSAxNTYwLzQvMQpmIDE1NjEvMS8xIDE1NjIvMi8xIDE1NjMvMy8xIDE1NjQvNC8xCmYgMTU2NS8xLzEgMTU2Ni8yLzEgMTU2Ny8zLzEgMTU2OC80LzEKZiAxNTY5LzEvMSAxNTcwLzIvMSAxNTcxLzMvMSAxNTcyLzQvMQpmIDE1NzMvMS8xIDE1NzQvMi8xIDE1NzUvMy8xIDE1NzYvNC8xCmYgMTU3Ny8xLzEgMTU3OC8yLzEgMTU3OS8zLzEgMTU4MC80LzEKZiAxNTgxLzEvMSAxNTgyLzIvMSAxNTgzLzMvMSAxNTg0LzQvMQpmIDE1ODUvMS8xIDE1ODYvMi8xIDE1ODcvMy8xIDE1ODgvNC8xCmYgMTU4OS8xLzEgMTU5MC8yLzEgMTU5MS8zLzEgMTU5Mi80LzEKZiAxNTkzLzEvMSAxNTk0LzIvMSAxNTk1LzMvMSAxNTk2LzQvMQpmIDE1OTcvMS8xIDE1OTgvMi8xIDE1OTkvMy8xIDE2MDAvNC8xCmYgMTYwMS8xLzEgMTYwMi8yLzEgMTYwMy8zLzEgMTYwNC80LzEKZiAxNjA1LzEvMSAxNjA2LzIvMSAxNjA3LzMvMSAxNjA4LzQvMQpmIDE2MDkvMS8xIDE2MTAvMi8xIDE2MTEvMy8xIDE2MTIvNC8xCmYgMTYxMy8xLzEgMTYxNC8yLzEgMTYxNS8zLzEgMTYxNi80LzEKZiAxNjE3LzEvMSAxNjE4LzIvMSAxNjE5LzMvMSAxNjIwLzQvMQpmIDE2MjEvMS8xIDE2MjIvMi8xIDE2MjMvMy8xIDE2MjQvNC8xCmYgMTYyNS8xLzEgMTYyNi8yLzEgMTYyNy8zLzEgMTYyOC80LzEKZiAxNjI5LzEvMSAxNjMwLzIvMSAxNjMxLzMvMSAxNjMyLzQvMQpmIDE2MzMvMS8xIDE2MzQvMi8xIDE2MzUvMy8xIDE2MzYvNC8xCmYgMTYzNy8xLzEgMTYzOC8yLzEgMTYzOS8zLzEgMTY0MC80LzEKZiAxNjQxLzEvMSAxNjQyLzIvMSAxNjQzLzMvMSAxNjQ0LzQvMQpmIDE2NDUvMS8xIDE2NDYvMi8xIDE2NDcvMy8xIDE2NDgvNC8xCmYgMTY0OS8xLzEgMTY1MC8yLzEgMTY1MS8zLzEgMTY1Mi80LzEKZiAxNjUzLzEvMSAxNjU0LzIvMSAxNjU1LzMvMSAxNjU2LzQvMQpmIDE2NTcvMS8xIDE2NTgvMi8xIDE2NTkvMy8xIDE2NjAvNC8xCmYgMTY2MS8xLzEgMTY2Mi8yLzEgMTY2My8zLzEgMTY2NC80LzEKZiAxNjY1LzEvMSAxNjY2LzIvMSAxNjY3LzMvMSAxNjY4LzQvMQpmIDE2NjkvMS8xIDE2NzAvMi8xIDE2NzEvMy8xIDE2NzIvNC8xCmYgMTY3My8xLzEgMTY3NC8yLzEgMTY3NS8zLzEgMTY3Ni80LzEKZiAxNjc3LzEvMSAxNjc4LzIvMSAxNjc5LzMvMSAxNjgwLzQvMQpmIDE2ODEvMS8xIDE2ODIvMi8xIDE2ODMvMy8xIDE2ODQvNC8xCmYgMTY4NS8xLzEgMTY4Ni8yLzEgMTY4Ny8zLzEgMTY4OC80LzEKZiAxNjg5LzEvMSAxNjkwLzIvMSAxNjkxLzMvMSAxNjkyLzQvMQpmIDE2OTMvMS8xIDE2OTQvMi8xIDE2OTUvMy8xIDE2OTYvNC8xCmYgMTY5Ny8xLzEgMTY5OC8yLzEgMTY5OS8zLzEgMTcwMC80LzEKZiAxNzAxLzEvMSAxNzAyLzIvMSAxNzAzLzMvMSAxNzA0LzQvMQpmIDE3MDUvMS8xIDE3MDYvMi8xIDE3MDcvMy8xIDE3MDgvNC8xCmYgMTcwOS8xLzEgMTcxMC8yLzEgMTcxMS8zLzEgMTcxMi80LzEKZiAxNzEzLzEvMSAxNzE0LzIvMSAxNzE1LzMvMSAxNzE2LzQvMQpmIDE3MTcvMS8xIDE3MTgvMi8xIDE3MTkvMy8xIDE3MjAvNC8xCmYgMTcyMS8xLzEgMTcyMi8yLzEgMTcyMy8zLzEgMTcyNC80LzEKZiAxNzI1LzEvMSAxNzI2LzIvMSAxNzI3LzMvMSAxNzI4LzQvMQpmIDE3MjkvMS8xIDE3MzAvMi8xIDE3MzEvMy8xIDE3MzIvNC8xCmYgMTczMy8xLzEgMTczNC8yLzEgMTczNS8zLzEgMTczNi80LzEKZiAxNzM3LzEvMSAxNzM4LzIvMSAxNzM5LzMvMSAxNzQwLzQvMQpmIDE3NDEvMS8xIDE3NDIvMi8xIDE3NDMvMy8xIDE3NDQvNC8xCmYgMTc0NS8xLzEgMTc0Ni8yLzEgMTc0Ny8zLzEgMTc0OC80LzEKZiAxNzQ5LzEvMSAxNzUwLzIvMSAxNzUxLzMvMSAxNzUyLzQvMQpmIDE3NTMvMS8xIDE3NTQvMi8xIDE3NTUvMy8xIDE3NTYvNC8xCmYgMTc1Ny8xLzEgMTc1OC8yLzEgMTc1OS8zLzEgMTc2MC80LzEKZiAxNzYxLzEvMSAxNzYyLzIvMSAxNzYzLzMvMSAxNzY0LzQvMQpmIDE3NjUvMS8xIDE3NjYvMi8xIDE3NjcvMy8xIDE3NjgvNC8xCmYgMTc2OS8xLzEgMTc3MC8yLzEgMTc3MS8zLzEgMTc3Mi80LzEKZiAxNzczLzEvMSAxNzc0LzIvMSAxNzc1LzMvMSAxNzc2LzQvMQpmIDE3NzcvMS8xIDE3NzgvMi8xIDE3NzkvMy8xIDE3ODAvNC8xCmYgMTc4MS8xLzEgMTc4Mi8yLzEgMTc4My8zLzEgMTc4NC80LzEKZiAxNzg1LzEvMSAxNzg2LzIvMSAxNzg3LzMvMSAxNzg4LzQvMQpmIDE3ODkvMS8xIDE3OTAvMi8xIDE3OTEvMy8xIDE3OTIvNC8xCmYgMTc5My8xLzEgMTc5NC8yLzEgMTc5NS8zLzEgMTc5Ni80LzEKZiAxNzk3LzEvMSAxNzk4LzIvMSAxNzk5LzMvMSAxODAwLzQvMQpmIDE4MDEvMS8xIDE4MDIvMi8xIDE4MDMvMy8xIDE4MDQvNC8xCmYgMTgwNS8xLzEgMTgwNi8yLzEgMTgwNy8zLzEgMTgwOC80LzEKZiAxODA5LzEvMSAxODEwLzIvMSAxODExLzMvMSAxODEyLzQvMQpmIDE4MTMvMS8xIDE4MTQvMi8xIDE4MTUvMy8xIDE4MTYvNC8xCmYgMTgxNy8xLzEgMTgxOC8yLzEgMTgxOS8zLzEgMTgyMC80LzEKZiAxODIxLzEvMSAxODIyLzIvMSAxODIzLzMvMSAxODI0LzQvMQpmIDE4MjUvMS8xIDE4MjYvMi8xIDE4MjcvMy8xIDE4MjgvNC8xCmYgMTgyOS8xLzEgMTgzMC8yLzEgMTgzMS8zLzEgMTgzMi80LzEKZiAxODMzLzEvMSAxODM0LzIvMSAxODM1LzMvMSAxODM2LzQvMQpmIDE4MzcvMS8xIDE4MzgvMi8xIDE4MzkvMy8xIDE4NDAvNC8xCmYgMTg0MS8xLzEgMTg0Mi8yLzEgMTg0My8zLzEgMTg0NC80LzEKZiAxODQ1LzEvMSAxODQ2LzIvMSAxODQ3LzMvMSAxODQ4LzQvMQpmIDE4NDkvMS8xIDE4NTAvMi8xIDE4NTEvMy8xIDE4NTIvNC8xCmYgMTg1My8xLzEgMTg1NC8yLzEgMTg1NS8zLzEgMTg1Ni80LzEKZiAxODU3LzEvMSAxODU4LzIvMSAxODU5LzMvMSAxODYwLzQvMQpmIDE4NjEvMS8xIDE4NjIvMi8xIDE4NjMvMy8xIDE4NjQvNC8xCmYgMTg2NS8xLzEgMTg2Ni8yLzEgMTg2Ny8zLzEgMTg2OC80LzEKZiAxODY5LzEvMSAxODcwLzIvMSAxODcxLzMvMSAxODcyLzQvMQpmIDE4NzMvMS8xIDE4NzQvMi8xIDE4NzUvMy8xIDE4NzYvNC8xCmYgMTg3Ny8xLzEgMTg3OC8yLzEgMTg3OS8zLzEgMTg4MC80LzEKZiAxODgxLzEvMSAxODgyLzIvMSAxODgzLzMvMSAxODg0LzQvMQpmIDE4ODUvMS8xIDE4ODYvMi8xIDE4ODcvMy8xIDE4ODgvNC8xCmYgMTg4OS8xLzEgMTg5MC8yLzEgMTg5MS8zLzEgMTg5Mi80LzEKZiAxODkzLzEvMSAxODk0LzIvMSAxODk1LzMvMSAxODk2LzQvMQpmIDE4OTcvMS8xIDE4OTgvMi8xIDE4OTkvMy8xIDE5MDAvNC8xCmYgMTkwMS8xLzEgMTkwMi8yLzEgMTkwMy8zLzEgMTkwNC80LzEKZiAxOTA1LzEvMSAxOTA2LzIvMSAxOTA3LzMvMSAxOTA4LzQvMQpmIDE5MDkvMS8xIDE5MTAvMi8xIDE5MTEvMy8xIDE5MTIvNC8xCmYgMTkxMy8xLzEgMTkxNC8yLzEgMTkxNS8zLzEgMTkxNi80LzEKZiAxOTE3LzEvMSAxOTE4LzIvMSAxOTE5LzMvMSAxOTIwLzQvMQpmIDE5MjEvMS8xIDE5MjIvMi8xIDE5MjMvMy8xIDE5MjQvNC8xCmYgMTkyNS8xLzEgMTkyNi8yLzEgMTkyNy8zLzEgMTkyOC80LzEKZiAxOTI5LzEvMSAxOTMwLzIvMSAxOTMxLzMvMSAxOTMyLzQvMQpmIDE5MzMvMS8xIDE5MzQvMi8xIDE5MzUvMy8xIDE5MzYvNC8xCmYgMTkzNy8xLzEgMTkzOC8yLzEgMTkzOS8zLzEgMTk0MC80LzEKZiAxOTQxLzEvMSAxOTQyLzIvMSAxOTQzLzMvMSAxOTQ0LzQvMQpmIDE5NDUvMS8xIDE5NDYvMi8xIDE5NDcvMy8xIDE5NDgvNC8xCmYgMTk0OS8xLzEgMTk1MC8yLzEgMTk1MS8zLzEgMTk1Mi80LzEKZiAxOTUzLzEvMSAxOTU0LzIvMSAxOTU1LzMvMSAxOTU2LzQvMQpmIDE5NTcvMS8xIDE5NTgvMi8xIDE5NTkvMy8xIDE5NjAvNC8xCmYgMTk2MS8xLzEgMTk2Mi8yLzEgMTk2My8zLzEgMTk2NC80LzEKZiAxOTY1LzEvMSAxOTY2LzIvMSAxOTY3LzMvMSAxOTY4LzQvMQpmIDE5NjkvMS8xIDE5NzAvMi8xIDE5NzEvMy8xIDE5NzIvNC8xCmYgMTk3My8xLzEgMTk3NC8yLzEgMTk3NS8zLzEgMTk3Ni80LzEKZiAxOTc3LzEvMSAxOTc4LzIvMSAxOTc5LzMvMSAxOTgwLzQvMQpmIDE5ODEvMS8xIDE5ODIvMi8xIDE5ODMvMy8xIDE5ODQvNC8xCmYgMTk4NS8xLzEgMTk4Ni8yLzEgMTk4Ny8zLzEgMTk4OC80LzEKZiAxOTg5LzEvMSAxOTkwLzIvMSAxOTkxLzMvMSAxOTkyLzQvMQpmIDE5OTMvMS8xIDE5OTQvMi8xIDE5OTUvMy8xIDE5OTYvNC8xCmYgMTk5Ny8xLzEgMTk5OC8yLzEgMTk5OS8zLzEgMjAwMC80LzEKZiAyMDAxLzEvMSAyMDAyLzIvMSAyMDAzLzMvMSAyMDA0LzQvMQpmIDIwMDUvMS8xIDIwMDYvMi8xIDIwMDcvMy8xIDIwMDgvNC8xCmYgMjAwOS8xLzEgMjAxMC8yLzEgMjAxMS8zLzEgMjAxMi80LzEKZiAyMDEzLzEvMSAyMDE0LzIvMSAyMDE1LzMvMSAyMDE2LzQvMQpmIDIwMTcvMS8xIDIwMTgvMi8xIDIwMTkvMy8xIDIwMjAvNC8xCmYgMjAyMS8xLzEgMjAyMi8yLzEgMjAyMy8zLzEgMjAyNC80LzEKZiAyMDI1LzEvMSAyMDI2LzIvMSAyMDI3LzMvMSAyMDI4LzQvMQpmIDIwMjkvMS8xIDIwMzAvMi8xIDIwMzEvMy8xIDIwMzIvNC8xCmYgMjAzMy8xLzEgMjAzNC8yLzEgMjAzNS8zLzEgMjAzNi80LzEKZiAyMDM3LzEvMSAyMDM4LzIvMSAyMDM5LzMvMSAyMDQwLzQvMQpmIDIwNDEvMS8xIDIwNDIvMi8xIDIwNDMvMy8xIDIwNDQvNC8xCmYgMjA0NS8xLzEgMjA0Ni8yLzEgMjA0Ny8zLzEgMjA0OC80LzEKZiAyMDQ5LzEvMSAyMDUwLzIvMSAyMDUxLzMvMSAyMDUyLzQvMQpmIDIwNTMvMS8xIDIwNTQvMi8xIDIwNTUvMy8xIDIwNTYvNC8xCmYgMjA1Ny8xLzEgMjA1OC8yLzEgMjA1OS8zLzEgMjA2MC80LzEKZiAyMDYxLzEvMSAyMDYyLzIvMSAyMDYzLzMvMSAyMDY0LzQvMQpmIDIwNjUvMS8xIDIwNjYvMi8xIDIwNjcvMy8xIDIwNjgvNC8xCmYgMjA2OS8xLzEgMjA3MC8yLzEgMjA3MS8zLzEgMjA3Mi80LzEKZiAyMDczLzEvMSAyMDc0LzIvMSAyMDc1LzMvMSAyMDc2LzQvMQpmIDIwNzcvMS8xIDIwNzgvMi8xIDIwNzkvMy8xIDIwODAvNC8xCmYgMjA4MS8xLzEgMjA4Mi8yLzEgMjA4My8zLzEgMjA4NC80LzEKZiAyMDg1LzEvMSAyMDg2LzIvMSAyMDg3LzMvMSAyMDg4LzQvMQpmIDIwODkvMS8xIDIwOTAvMi8xIDIwOTEvMy8xIDIwOTIvNC8xCmYgMjA5My8xLzEgMjA5NC8yLzEgMjA5NS8zLzEgMjA5Ni80LzEKZiAyMDk3LzEvMSAyMDk4LzIvMSAyMDk5LzMvMSAyMTAwLzQvMQpmIDIxMDEvMS8xIDIxMDIvMi8xIDIxMDMvMy8xIDIxMDQvNC8xCmYgMjEwNS8xLzEgMjEwNi8yLzEgMjEwNy8zLzEgMjEwOC80LzEKZiAyMTA5LzEvMSAyMTEwLzIvMSAyMTExLzMvMSAyMTEyLzQvMQpmIDIxMTMvMS8xIDIxMTQvMi8xIDIxMTUvMy8xIDIxMTYvNC8xCmYgMjExNy8xLzEgMjExOC8yLzEgMjExOS8zLzEgMjEyMC80LzEKZiAyMTIxLzEvMSAyMTIyLzIvMSAyMTIzLzMvMSAyMTI0LzQvMQpmIDIxMjUvMS8xIDIxMjYvMi8xIDIxMjcvMy8xIDIxMjgvNC8xCmYgMjEyOS8xLzEgMjEzMC8yLzEgMjEzMS8zLzEgMjEzMi80LzEKZiAyMTMzLzEvMSAyMTM0LzIvMSAyMTM1LzMvMSAyMTM2LzQvMQpmIDIxMzcvMS8xIDIxMzgvMi8xIDIxMzkvMy8xIDIxNDAvNC8xCmYgMjE0MS8xLzEgMjE0Mi8yLzEgMjE0My8zLzEgMjE0NC80LzEKZiAyMTQ1LzEvMSAyMTQ2LzIvMSAyMTQ3LzMvMSAyMTQ4LzQvMQpmIDIxNDkvMS8xIDIxNTAvMi8xIDIxNTEvMy8xIDIxNTIvNC8xCmYgMjE1My8xLzEgMjE1NC8yLzEgMjE1NS8zLzEgMjE1Ni80LzEKZiAyMTU3LzEvMSAyMTU4LzIvMSAyMTU5LzMvMSAyMTYwLzQvMQpmIDIxNjEvMS8xIDIxNjIvMi8xIDIxNjMvMy8xIDIxNjQvNC8xCmYgMjE2NS8xLzEgMjE2Ni8yLzEgMjE2Ny8zLzEgMjE2OC80LzEKZiAyMTY5LzEvMSAyMTcwLzIvMSAyMTcxLzMvMSAyMTcyLzQvMQpmIDIxNzMvMS8xIDIxNzQvMi8xIDIxNzUvMy8xIDIxNzYvNC8xCmYgMjE3Ny8xLzEgMjE3OC8yLzEgMjE3OS8zLzEgMjE4MC80LzEKZiAyMTgxLzEvMSAyMTgyLzIvMSAyMTgzLzMvMSAyMTg0LzQvMQpmIDIxODUvMS8xIDIxODYvMi8xIDIxODcvMy8xIDIxODgvNC8xCmYgMjE4OS8xLzEgMjE5MC8yLzEgMjE5MS8zLzEgMjE5Mi80LzEKZiAyMTkzLzEvMSAyMTk0LzIvMSAyMTk1LzMvMSAyMTk2LzQvMQpmIDIxOTcvMS8xIDIxOTgvMi8xIDIxOTkvMy8xIDIyMDAvNC8xCmYgMjIwMS8xLzEgMjIwMi8yLzEgMjIwMy8zLzEgMjIwNC80LzEKZiAyMjA1LzEvMSAyMjA2LzIvMSAyMjA3LzMvMSAyMjA4LzQvMQpmIDIyMDkvMS8xIDIyMTAvMi8xIDIyMTEvMy8xIDIyMTIvNC8xCmYgMjIxMy8xLzEgMjIxNC8yLzEgMjIxNS8zLzEgMjIxNi80LzEKZiAyMjE3LzEvMSAyMjE4LzIvMSAyMjE5LzMvMSAyMjIwLzQvMQpmIDIyMjEvMS8xIDIyMjIvMi8xIDIyMjMvMy8xIDIyMjQvNC8xCmYgMjIyNS8xLzEgMjIyNi8yLzEgMjIyNy8zLzEgMjIyOC80LzEKZiAyMjI5LzEvMSAyMjMwLzIvMSAyMjMxLzMvMSAyMjMyLzQvMQpmIDIyMzMvMS8xIDIyMzQvMi8xIDIyMzUvMy8xIDIyMzYvNC8xCmYgMjIzNy8xLzEgMjIzOC8yLzEgMjIzOS8zLzEgMjI0MC80LzEKZiAyMjQxLzEvMSAyMjQyLzIvMSAyMjQzLzMvMSAyMjQ0LzQvMQpmIDIyNDUvMS8xIDIyNDYvMi8xIDIyNDcvMy8xIDIyNDgvNC8xCmYgMjI0OS8xLzEgMjI1MC8yLzEgMjI1MS8zLzEgMjI1Mi80LzEKZiAyMjUzLzEvMSAyMjU0LzIvMSAyMjU1LzMvMSAyMjU2LzQvMQpmIDIyNTcvMS8xIDIyNTgvMi8xIDIyNTkvMy8xIDIyNjAvNC8xCmYgMjI2MS8xLzEgMjI2Mi8yLzEgMjI2My8zLzEgMjI2NC80LzEKZiAyMjY1LzEvMSAyMjY2LzIvMSAyMjY3LzMvMSAyMjY4LzQvMQpmIDIyNjkvMS8xIDIyNzAvMi8xIDIyNzEvMy8xIDIyNzIvNC8xCmYgMjI3My8xLzEgMjI3NC8yLzEgMjI3NS8zLzEgMjI3Ni80LzEKZiAyMjc3LzEvMSAyMjc4LzIvMSAyMjc5LzMvMSAyMjgwLzQvMQpmIDIyODEvMS8xIDIyODIvMi8xIDIyODMvMy8xIDIyODQvNC8xCmYgMjI4NS8xLzEgMjI4Ni8yLzEgMjI4Ny8zLzEgMjI4OC80LzEKZiAyMjg5LzEvMSAyMjkwLzIvMSAyMjkxLzMvMSAyMjkyLzQvMQpmIDIyOTMvMS8xIDIyOTQvMi8xIDIyOTUvMy8xIDIyOTYvNC8xCmYgMjI5Ny8xLzEgMjI5OC8yLzEgMjI5OS8zLzEgMjMwMC80LzEKZiAyMzAxLzEvMSAyMzAyLzIvMSAyMzAzLzMvMSAyMzA0LzQvMQpmIDIzMDUvMS8xIDIzMDYvMi8xIDIzMDcvMy8xIDIzMDgvNC8xCmYgMjMwOS8xLzEgMjMxMC8yLzEgMjMxMS8zLzEgMjMxMi80LzEKZiAyMzEzLzEvMSAyMzE0LzIvMSAyMzE1LzMvMSAyMzE2LzQvMQpmIDIzMTcvMS8xIDIzMTgvMi8xIDIzMTkvMy8xIDIzMjAvNC8xCmYgMjMyMS8xLzEgMjMyMi8yLzEgMjMyMy8zLzEgMjMyNC80LzEKZiAyMzI1LzEvMSAyMzI2LzIvMSAyMzI3LzMvMSAyMzI4LzQvMQpmIDIzMjkvMS8xIDIzMzAvMi8xIDIzMzEvMy8xIDIzMzIvNC8xCmYgMjMzMy8xLzEgMjMzNC8yLzEgMjMzNS8zLzEgMjMzNi80LzEKZiAyMzM3LzEvMSAyMzM4LzIvMSAyMzM5LzMvMSAyMzQwLzQvMQpmIDIzNDEvMS8xIDIzNDIvMi8xIDIzNDMvMy8xIDIzNDQvNC8xCmYgMjM0NS8xLzEgMjM0Ni8yLzEgMjM0Ny8zLzEgMjM0OC80LzEKZiAyMzQ5LzEvMSAyMzUwLzIvMSAyMzUxLzMvMSAyMzUyLzQvMQpmIDIzNTMvMS8xIDIzNTQvMi8xIDIzNTUvMy8xIDIzNTYvNC8xCmYgMjM1Ny8xLzEgMjM1OC8yLzEgMjM1OS8zLzEgMjM2MC80LzEKZiAyMzYxLzEvMSAyMzYyLzIvMSAyMzYzLzMvMSAyMzY0LzQvMQpmIDIzNjUvMS8xIDIzNjYvMi8xIDIzNjcvMy8xIDIzNjgvNC8xCmYgMjM2OS8xLzEgMjM3MC8yLzEgMjM3MS8zLzEgMjM3Mi80LzEKZiAyMzczLzEvMSAyMzc0LzIvMSAyMzc1LzMvMSAyMzc2LzQvMQpmIDIzNzcvMS8xIDIzNzgvMi8xIDIzNzkvMy8xIDIzODAvNC8xCmYgMjM4MS8xLzEgMjM4Mi8yLzEgMjM4My8zLzEgMjM4NC80LzEKZiAyMzg1LzEvMSAyMzg2LzIvMSAyMzg3LzMvMSAyMzg4LzQvMQpmIDIzODkvMS8xIDIzOTAvMi8xIDIzOTEvMy8xIDIzOTIvNC8xCmYgMjM5My8xLzEgMjM5NC8yLzEgMjM5NS8zLzEgMjM5Ni80LzEKZiAyMzk3LzEvMSAyMzk4LzIvMSAyMzk5LzMvMSAyNDAwLzQvMQpmIDI0MDEvMS8xIDI0MDIvMi8xIDI0MDMvMy8xIDI0MDQvNC8xCmYgMjQwNS8xLzEgMjQwNi8yLzEgMjQwNy8zLzEgMjQwOC80LzEKZiAyNDA5LzEvMSAyNDEwLzIvMSAyNDExLzMvMSAyNDEyLzQvMQpmIDI0MTMvMS8xIDI0MTQvMi8xIDI0MTUvMy8xIDI0MTYvNC8xCmYgMjQxNy8xLzEgMjQxOC8yLzEgMjQxOS8zLzEgMjQyMC80LzEKZiAyNDIxLzEvMSAyNDIyLzIvMSAyNDIzLzMvMSAyNDI0LzQvMQpmIDI0MjUvMS8xIDI0MjYvMi8xIDI0MjcvMy8xIDI0MjgvNC8xCmYgMjQyOS8xLzEgMjQzMC8yLzEgMjQzMS8zLzEgMjQzMi80LzEKZiAyNDMzLzEvMSAyNDM0LzIvMSAyNDM1LzMvMSAyNDM2LzQvMQpmIDI0MzcvMS8xIDI0MzgvMi8xIDI0MzkvMy8xIDI0NDAvNC8xCmYgMjQ0MS8xLzEgMjQ0Mi8yLzEgMjQ0My8zLzEgMjQ0NC80LzEKZiAyNDQ1LzEvMSAyNDQ2LzIvMSAyNDQ3LzMvMSAyNDQ4LzQvMQpmIDI0NDkvMS8xIDI0NTAvMi8xIDI0NTEvMy8xIDI0NTIvNC8xCmYgMjQ1My8xLzEgMjQ1NC8yLzEgMjQ1NS8zLzEgMjQ1Ni80LzEKZiAyNDU3LzEvMSAyNDU4LzIvMSAyNDU5LzMvMSAyNDYwLzQvMQpmIDI0NjEvMS8xIDI0NjIvMi8xIDI0NjMvMy8xIDI0NjQvNC8xCmYgMjQ2NS8xLzEgMjQ2Ni8yLzEgMjQ2Ny8zLzEgMjQ2OC80LzEKZiAyNDY5LzEvMSAyNDcwLzIvMSAyNDcxLzMvMSAyNDcyLzQvMQpmIDI0NzMvMS8xIDI0NzQvMi8xIDI0NzUvMy8xIDI0NzYvNC8xCmYgMjQ3Ny8xLzEgMjQ3OC8yLzEgMjQ3OS8zLzEgMjQ4MC80LzEKZiAyNDgxLzEvMSAyNDgyLzIvMSAyNDgzLzMvMSAyNDg0LzQvMQpmIDI0ODUvMS8xIDI0ODYvMi8xIDI0ODcvMy8xIDI0ODgvNC8xCmYgMjQ4OS8xLzEgMjQ5MC8yLzEgMjQ5MS8zLzEgMjQ5Mi80LzEKZiAyNDkzLzEvMSAyNDk0LzIvMSAyNDk1LzMvMSAyNDk2LzQvMQpmIDI0OTcvMS8xIDI0OTgvMi8xIDI0OTkvMy8xIDI1MDAvNC8xCmYgMjUwMS8xLzEgMjUwMi8yLzEgMjUwMy8zLzEgMjUwNC80LzEKZiAyNTA1LzEvMSAyNTA2LzIvMSAyNTA3LzMvMSAyNTA4LzQvMQpmIDI1MDkvMS8xIDI1MTAvMi8xIDI1MTEvMy8xIDI1MTIvNC8xCmYgMjUxMy8xLzEgMjUxNC8yLzEgMjUxNS8zLzEgMjUxNi80LzEKZiAyNTE3LzEvMSAyNTE4LzIvMSAyNTE5LzMvMSAyNTIwLzQvMQpmIDI1MjEvMS8xIDI1MjIvMi8xIDI1MjMvMy8xIDI1MjQvNC8xCmYgMjUyNS8xLzEgMjUyNi8yLzEgMjUyNy8zLzEgMjUyOC80LzEKZiAyNTI5LzEvMSAyNTMwLzIvMSAyNTMxLzMvMSAyNTMyLzQvMQpmIDI1MzMvMS8xIDI1MzQvMi8xIDI1MzUvMy8xIDI1MzYvNC8xCmYgMjUzNy8xLzEgMjUzOC8yLzEgMjUzOS8zLzEgMjU0MC80LzEKZiAyNTQxLzEvMSAyNTQyLzIvMSAyNTQzLzMvMSAyNTQ0LzQvMQpmIDI1NDUvMS8xIDI1NDYvMi8xIDI1NDcvMy8xIDI1NDgvNC8xCmYgMjU0OS8xLzEgMjU1MC8yLzEgMjU1MS8zLzEgMjU1Mi80LzEKZiAyNTUzLzEvMSAyNTU0LzIvMSAyNTU1LzMvMSAyNTU2LzQvMQpmIDI1NTcvMS8xIDI1NTgvMi8xIDI1NTkvMy8xIDI1NjAvNC8xCmYgMjU2MS8xLzEgMjU2Mi8yLzEgMjU2My8zLzEgMjU2NC80LzEKZiAyNTY1LzEvMSAyNTY2LzIvMSAyNTY3LzMvMSAyNTY4LzQvMQpmIDI1NjkvMS8xIDI1NzAvMi8xIDI1NzEvMy8xIDI1NzIvNC8xCmYgMjU3My8xLzEgMjU3NC8yLzEgMjU3NS8zLzEgMjU3Ni80LzEKZiAyNTc3LzEvMSAyNTc4LzIvMSAyNTc5LzMvMSAyNTgwLzQvMQpmIDI1ODEvMS8xIDI1ODIvMi8xIDI1ODMvMy8xIDI1ODQvNC8xCmYgMjU4NS8xLzEgMjU4Ni8yLzEgMjU4Ny8zLzEgMjU4OC80LzEKZiAyNTg5LzEvMSAyNTkwLzIvMSAyNTkxLzMvMSAyNTkyLzQvMQpmIDI1OTMvMS8xIDI1OTQvMi8xIDI1OTUvMy8xIDI1OTYvNC8xCmYgMjU5Ny8xLzEgMjU5OC8yLzEgMjU5OS8zLzEgMjYwMC80LzEKZiAyNjAxLzEvMSAyNjAyLzIvMSAyNjAzLzMvMSAyNjA0LzQvMQpmIDI2MDUvMS8xIDI2MDYvMi8xIDI2MDcvMy8xIDI2MDgvNC8xCmYgMjYwOS8xLzEgMjYxMC8yLzEgMjYxMS8zLzEgMjYxMi80LzEKZiAyNjEzLzEvMSAyNjE0LzIvMSAyNjE1LzMvMSAyNjE2LzQvMQpmIDI2MTcvMS8xIDI2MTgvMi8xIDI2MTkvMy8xIDI2MjAvNC8xCmYgMjYyMS8xLzEgMjYyMi8yLzEgMjYyMy8zLzEgMjYyNC80LzEKZiAyNjI1LzEvMSAyNjI2LzIvMSAyNjI3LzMvMSAyNjI4LzQvMQpmIDI2MjkvMS8xIDI2MzAvMi8xIDI2MzEvMy8xIDI2MzIvNC8xCmYgMjYzMy8xLzEgMjYzNC8yLzEgMjYzNS8zLzEgMjYzNi80LzEKZiAyNjM3LzEvMSAyNjM4LzIvMSAyNjM5LzMvMSAyNjQwLzQvMQpmIDI2NDEvMS8xIDI2NDIvMi8xIDI2NDMvMy8xIDI2NDQvNC8xCmYgMjY0NS8xLzEgMjY0Ni8yLzEgMjY0Ny8zLzEgMjY0OC80LzEKZiAyNjQ5LzEvMSAyNjUwLzIvMSAyNjUxLzMvMSAyNjUyLzQvMQpmIDI2NTMvMS8xIDI2NTQvMi8xIDI2NTUvMy8xIDI2NTYvNC8xCmYgMjY1Ny8xLzEgMjY1OC8yLzEgMjY1OS8zLzEgMjY2MC80LzEKZiAyNjYxLzEvMSAyNjYyLzIvMSAyNjYzLzMvMSAyNjY0LzQvMQpmIDI2NjUvMS8xIDI2NjYvMi8xIDI2NjcvMy8xIDI2NjgvNC8xCmYgMjY2OS8xLzEgMjY3MC8yLzEgMjY3MS8zLzEgMjY3Mi80LzEKZiAyNjczLzEvMSAyNjc0LzIvMSAyNjc1LzMvMSAyNjc2LzQvMQpmIDI2NzcvMS8xIDI2NzgvMi8xIDI2NzkvMy8xIDI2ODAvNC8xCmYgMjY4MS8xLzEgMjY4Mi8yLzEgMjY4My8zLzEgMjY4NC80LzEKZiAyNjg1LzEvMSAyNjg2LzIvMSAyNjg3LzMvMSAyNjg4LzQvMQpmIDI2ODkvMS8xIDI2OTAvMi8xIDI2OTEvMy8xIDI2OTIvNC8xCmYgMjY5My8xLzEgMjY5NC8yLzEgMjY5NS8zLzEgMjY5Ni80LzEKZiAyNjk3LzEvMSAyNjk4LzIvMSAyNjk5LzMvMSAyNzAwLzQvMQpmIDI3MDEvMS8xIDI3MDIvMi8xIDI3MDMvMy8xIDI3MDQvNC8xCmYgMjcwNS8xLzEgMjcwNi8yLzEgMjcwNy8zLzEgMjcwOC80LzEKZiAyNzA5LzEvMSAyNzEwLzIvMSAyNzExLzMvMSAyNzEyLzQvMQpmIDI3MTMvMS8xIDI3MTQvMi8xIDI3MTUvMy8xIDI3MTYvNC8xCmYgMjcxNy8xLzEgMjcxOC8yLzEgMjcxOS8zLzEgMjcyMC80LzEKZiAyNzIxLzEvMSAyNzIyLzIvMSAyNzIzLzMvMSAyNzI0LzQvMQpmIDI3MjUvMS8xIDI3MjYvMi8xIDI3MjcvMy8xIDI3MjgvNC8xCmYgMjcyOS8xLzEgMjczMC8yLzEgMjczMS8zLzEgMjczMi80LzEKZiAyNzMzLzEvMSAyNzM0LzIvMSAyNzM1LzMvMSAyNzM2LzQvMQpmIDI3MzcvMS8xIDI3MzgvMi8xIDI3MzkvMy8xIDI3NDAvNC8xCmYgMjc0MS8xLzEgMjc0Mi8yLzEgMjc0My8zLzEgMjc0NC80LzEKZiAyNzQ1LzEvMSAyNzQ2LzIvMSAyNzQ3LzMvMSAyNzQ4LzQvMQpmIDI3NDkvMS8xIDI3NTAvMi8xIDI3NTEvMy8xIDI3NTIvNC8xCmYgMjc1My8xLzEgMjc1NC8yLzEgMjc1NS8zLzEgMjc1Ni80LzEKZiAyNzU3LzEvMSAyNzU4LzIvMSAyNzU5LzMvMSAyNzYwLzQvMQpmIDI3NjEvMS8xIDI3NjIvMi8xIDI3NjMvMy8xIDI3NjQvNC8xCmYgMjc2NS8xLzEgMjc2Ni8yLzEgMjc2Ny8zLzEgMjc2OC80LzEKZiAyNzY5LzEvMSAyNzcwLzIvMSAyNzcxLzMvMSAyNzcyLzQvMQpmIDI3NzMvMS8xIDI3NzQvMi8xIDI3NzUvMy8xIDI3NzYvNC8xCmYgMjc3Ny8xLzEgMjc3OC8yLzEgMjc3OS8zLzEgMjc4MC80LzEKZiAyNzgxLzEvMSAyNzgyLzIvMSAyNzgzLzMvMSAyNzg0LzQvMQpmIDI3ODUvMS8xIDI3ODYvMi8xIDI3ODcvMy8xIDI3ODgvNC8xCmYgMjc4OS8xLzEgMjc5MC8yLzEgMjc5MS8zLzEgMjc5Mi80LzEKZiAyNzkzLzEvMSAyNzk0LzIvMSAyNzk1LzMvMSAyNzk2LzQvMQpmIDI3OTcvMS8xIDI3OTgvMi8xIDI3OTkvMy8xIDI4MDAvNC8xCmYgMjgwMS8xLzEgMjgwMi8yLzEgMjgwMy8zLzEgMjgwNC80LzEKZiAyODA1LzEvMSAyODA2LzIvMSAyODA3LzMvMSAyODA4LzQvMQpmIDI4MDkvMS8xIDI4MTAvMi8xIDI4MTEvMy8xIDI4MTIvNC8xCmYgMjgxMy8xLzEgMjgxNC8yLzEgMjgxNS8zLzEgMjgxNi80LzEKZiAyODE3LzEvMSAyODE4LzIvMSAyODE5LzMvMSAyODIwLzQvMQpmIDI4MjEvMS8xIDI4MjIvMi8xIDI4MjMvMy8xIDI4MjQvNC8xCmYgMjgyNS8xLzEgMjgyNi8yLzEgMjgyNy8zLzEgMjgyOC80LzEKZiAyODI5LzEvMSAyODMwLzIvMSAyODMxLzMvMSAyODMyLzQvMQpmIDI4MzMvMS8xIDI4MzQvMi8xIDI4MzUvMy8xIDI4MzYvNC8xCmYgMjgzNy8xLzEgMjgzOC8yLzEgMjgzOS8zLzEgMjg0MC80LzEKZiAyODQxLzEvMSAyODQyLzIvMSAyODQzLzMvMSAyODQ0LzQvMQpmIDI4NDUvMS8xIDI4NDYvMi8xIDI4NDcvMy8xIDI4NDgvNC8xCmYgMjg0OS8xLzEgMjg1MC8yLzEgMjg1MS8zLzEgMjg1Mi80LzEKZiAyODUzLzEvMSAyODU0LzIvMSAyODU1LzMvMSAyODU2LzQvMQpmIDI4NTcvMS8xIDI4NTgvMi8xIDI4NTkvMy8xIDI4NjAvNC8xCmYgMjg2MS8xLzEgMjg2Mi8yLzEgMjg2My8zLzEgMjg2NC80LzEKZiAyODY1LzEvMSAyODY2LzIvMSAyODY3LzMvMSAyODY4LzQvMQpmIDI4NjkvMS8xIDI4NzAvMi8xIDI4NzEvMy8xIDI4NzIvNC8xCmYgMjg3My8xLzEgMjg3NC8yLzEgMjg3NS8zLzEgMjg3Ni80LzEKZiAyODc3LzEvMSAyODc4LzIvMSAyODc5LzMvMSAyODgwLzQvMQpmIDI4ODEvMS8xIDI4ODIvMi8xIDI4ODMvMy8xIDI4ODQvNC8xCmYgMjg4NS8xLzEgMjg4Ni8yLzEgMjg4Ny8zLzEgMjg4OC80LzEKZiAyODg5LzEvMSAyODkwLzIvMSAyODkxLzMvMSAyODkyLzQvMQpmIDI4OTMvMS8xIDI4OTQvMi8xIDI4OTUvMy8xIDI4OTYvNC8xCmYgMjg5Ny8xLzEgMjg5OC8yLzEgMjg5OS8zLzEgMjkwMC80LzEKZiAyOTAxLzEvMSAyOTAyLzIvMSAyOTAzLzMvMSAyOTA0LzQvMQpmIDI5MDUvMS8xIDI5MDYvMi8xIDI5MDcvMy8xIDI5MDgvNC8xCmYgMjkwOS8xLzEgMjkxMC8yLzEgMjkxMS8zLzEgMjkxMi80LzEKZiAyOTEzLzEvMSAyOTE0LzIvMSAyOTE1LzMvMSAyOTE2LzQvMQpmIDI5MTcvMS8xIDI5MTgvMi8xIDI5MTkvMy8xIDI5MjAvNC8xCmYgMjkyMS8xLzEgMjkyMi8yLzEgMjkyMy8zLzEgMjkyNC80LzEKZiAyOTI1LzEvMSAyOTI2LzIvMSAyOTI3LzMvMSAyOTI4LzQvMQpmIDI5MjkvMS8xIDI5MzAvMi8xIDI5MzEvMy8xIDI5MzIvNC8xCmYgMjkzMy8xLzEgMjkzNC8yLzEgMjkzNS8zLzEgMjkzNi80LzEKZiAyOTM3LzEvMSAyOTM4LzIvMSAyOTM5LzMvMSAyOTQwLzQvMQpmIDI5NDEvMS8xIDI5NDIvMi8xIDI5NDMvMy8xIDI5NDQvNC8xCmYgMjk0NS8xLzEgMjk0Ni8yLzEgMjk0Ny8zLzEgMjk0OC80LzEKZiAyOTQ5LzEvMSAyOTUwLzIvMSAyOTUxLzMvMSAyOTUyLzQvMQpmIDI5NTMvMS8xIDI5NTQvMi8xIDI5NTUvMy8xIDI5NTYvNC8xCmYgMjk1Ny8xLzEgMjk1OC8yLzEgMjk1OS8zLzEgMjk2MC80LzEKZiAyOTYxLzEvMSAyOTYyLzIvMSAyOTYzLzMvMSAyOTY0LzQvMQpmIDI5NjUvMS8xIDI5NjYvMi8xIDI5NjcvMy8xIDI5NjgvNC8xCmYgMjk2OS8xLzEgMjk3MC8yLzEgMjk3MS8zLzEgMjk3Mi80LzEKZiAyOTczLzEvMSAyOTc0LzIvMSAyOTc1LzMvMSAyOTc2LzQvMQpmIDI5NzcvMS8xIDI5NzgvMi8xIDI5NzkvMy8xIDI5ODAvNC8xCmYgMjk4MS8xLzEgMjk4Mi8yLzEgMjk4My8zLzEgMjk4NC80LzEKZiAyOTg1LzEvMSAyOTg2LzIvMSAyOTg3LzMvMSAyOTg4LzQvMQpmIDI5ODkvMS8xIDI5OTAvMi8xIDI5OTEvMy8xIDI5OTIvNC8xCmYgMjk5My8xLzEgMjk5NC8yLzEgMjk5NS8zLzEgMjk5Ni80LzEKZiAyOTk3LzEvMSAyOTk4LzIvMSAyOTk5LzMvMSAzMDAwLzQvMQpmIDMwMDEvMS8xIDMwMDIvMi8xIDMwMDMvMy8xIDMwMDQvNC8xCmYgMzAwNS8xLzEgMzAwNi8yLzEgMzAwNy8zLzEgMzAwOC80LzEKZiAzMDA5LzEvMSAzMDEwLzIvMSAzMDExLzMvMSAzMDEyLzQvMQpmIDMwMTMvMS8xIDMwMTQvMi8xIDMwMTUvMy8xIDMwMTYvNC8xCmYgMzAxNy8xLzEgMzAxOC8yLzEgMzAxOS8zLzEgMzAyMC80LzEKZiAzMDIxLzEvMSAzMDIyLzIvMSAzMDIzLzMvMSAzMDI0LzQvMQpmIDMwMjUvMS8xIDMwMjYvMi8xIDMwMjcvMy8xIDMwMjgvNC8xCmYgMzAyOS8xLzEgMzAzMC8yLzEgMzAzMS8zLzEgMzAzMi80LzEKZiAzMDMzLzEvMSAzMDM0LzIvMSAzMDM1LzMvMSAzMDM2LzQvMQpmIDMwMzcvMS8xIDMwMzgvMi8xIDMwMzkvMy8xIDMwNDAvNC8xCmYgMzA0MS8xLzEgMzA0Mi8yLzEgMzA0My8zLzEgMzA0NC80LzEKZiAzMDQ1LzEvMSAzMDQ2LzIvMSAzMDQ3LzMvMSAzMDQ4LzQvMQpmIDMwNDkvMS8xIDMwNTAvMi8xIDMwNTEvMy8xIDMwNTIvNC8xCmYgMzA1My8xLzEgMzA1NC8yLzEgMzA1NS8zLzEgMzA1Ni80LzEKZiAzMDU3LzEvMSAzMDU4LzIvMSAzMDU5LzMvMSAzMDYwLzQvMQpmIDMwNjEvMS8xIDMwNjIvMi8xIDMwNjMvMy8xIDMwNjQvNC8xCmYgMzA2NS8xLzEgMzA2Ni8yLzEgMzA2Ny8zLzEgMzA2OC80LzEKZiAzMDY5LzEvMSAzMDcwLzIvMSAzMDcxLzMvMSAzMDcyLzQvMQpmIDMwNzMvMS8xIDMwNzQvMi8xIDMwNzUvMy8xIDMwNzYvNC8xCmYgMzA3Ny8xLzEgMzA3OC8yLzEgMzA3OS8zLzEgMzA4MC80LzEKZiAzMDgxLzEvMSAzMDgyLzIvMSAzMDgzLzMvMSAzMDg0LzQvMQpmIDMwODUvMS8xIDMwODYvMi8xIDMwODcvMy8xIDMwODgvNC8xCmYgMzA4OS8xLzEgMzA5MC8yLzEgMzA5MS8zLzEgMzA5Mi80LzEKZiAzMDkzLzEvMSAzMDk0LzIvMSAzMDk1LzMvMSAzMDk2LzQvMQpmIDMwOTcvMS8xIDMwOTgvMi8xIDMwOTkvMy8xIDMxMDAvNC8xCmYgMzEwMS8xLzEgMzEwMi8yLzEgMzEwMy8zLzEgMzEwNC80LzEKZiAzMTA1LzEvMSAzMTA2LzIvMSAzMTA3LzMvMSAzMTA4LzQvMQpmIDMxMDkvMS8xIDMxMTAvMi8xIDMxMTEvMy8xIDMxMTIvNC8xCmYgMzExMy8xLzEgMzExNC8yLzEgMzExNS8zLzEgMzExNi80LzEKZiAzMTE3LzEvMSAzMTE4LzIvMSAzMTE5LzMvMSAzMTIwLzQvMQpmIDMxMjEvMS8xIDMxMjIvMi8xIDMxMjMvMy8xIDMxMjQvNC8xCmYgMzEyNS8xLzEgMzEyNi8yLzEgMzEyNy8zLzEgMzEyOC80LzEKZiAzMTI5LzEvMSAzMTMwLzIvMSAzMTMxLzMvMSAzMTMyLzQvMQpmIDMxMzMvMS8xIDMxMzQvMi8xIDMxMzUvMy8xIDMxMzYvNC8xCmYgMzEzNy8xLzEgMzEzOC8yLzEgMzEzOS8zLzEgMzE0MC80LzEKZiAzMTQxLzEvMSAzMTQyLzIvMSAzMTQzLzMvMSAzMTQ0LzQvMQpmIDMxNDUvMS8xIDMxNDYvMi8xIDMxNDcvMy8xIDMxNDgvNC8xCmYgMzE0OS8xLzEgMzE1MC8yLzEgMzE1MS8zLzEgMzE1Mi80LzEKZiAzMTUzLzEvMSAzMTU0LzIvMSAzMTU1LzMvMSAzMTU2LzQvMQpmIDMxNTcvMS8xIDMxNTgvMi8xIDMxNTkvMy8xIDMxNjAvNC8xCmYgMzE2MS8xLzEgMzE2Mi8yLzEgMzE2My8zLzEgMzE2NC80LzEKZiAzMTY1LzEvMSAzMTY2LzIvMSAzMTY3LzMvMSAzMTY4LzQvMQpmIDMxNjkvMS8xIDMxNzAvMi8xIDMxNzEvMy8xIDMxNzIvNC8xCmYgMzE3My8xLzEgMzE3NC8yLzEgMzE3NS8zLzEgMzE3Ni80LzEKZiAzMTc3LzEvMSAzMTc4LzIvMSAzMTc5LzMvMSAzMTgwLzQvMQpmIDMxODEvMS8xIDMxODIvMi8xIDMxODMvMy8xIDMxODQvNC8xCmYgMzE4NS8xLzEgMzE4Ni8yLzEgMzE4Ny8zLzEgMzE4OC80LzEKZiAzMTg5LzEvMSAzMTkwLzIvMSAzMTkxLzMvMSAzMTkyLzQvMQpmIDMxOTMvMS8xIDMxOTQvMi8xIDMxOTUvMy8xIDMxOTYvNC8xCmYgMzE5Ny8xLzEgMzE5OC8yLzEgMzE5OS8zLzEgMzIwMC80LzEKZiAzMjAxLzEvMSAzMjAyLzIvMSAzMjAzLzMvMSAzMjA0LzQvMQpmIDMyMDUvMS8xIDMyMDYvMi8xIDMyMDcvMy8xIDMyMDgvNC8xCmYgMzIwOS8xLzEgMzIxMC8yLzEgMzIxMS8zLzEgMzIxMi80LzEKZiAzMjEzLzEvMSAzMjE0LzIvMSAzMjE1LzMvMSAzMjE2LzQvMQpmIDMyMTcvMS8xIDMyMTgvMi8xIDMyMTkvMy8xIDMyMjAvNC8xCmYgMzIyMS8xLzEgMzIyMi8yLzEgMzIyMy8zLzEgMzIyNC80LzEKZiAzMjI1LzEvMSAzMjI2LzIvMSAzMjI3LzMvMSAzMjI4LzQvMQpmIDMyMjkvMS8xIDMyMzAvMi8xIDMyMzEvMy8xIDMyMzIvNC8xCmYgMzIzMy8xLzEgMzIzNC8yLzEgMzIzNS8zLzEgMzIzNi80LzEKZiAzMjM3LzEvMSAzMjM4LzIvMSAzMjM5LzMvMSAzMjQwLzQvMQpmIDMyNDEvMS8xIDMyNDIvMi8xIDMyNDMvMy8xIDMyNDQvNC8xCmYgMzI0NS8xLzEgMzI0Ni8yLzEgMzI0Ny8zLzEgMzI0OC80LzEKZiAzMjQ5LzEvMSAzMjUwLzIvMSAzMjUxLzMvMSAzMjUyLzQvMQpmIDMyNTMvMS8xIDMyNTQvMi8xIDMyNTUvMy8xIDMyNTYvNC8xCmYgMzI1Ny8xLzEgMzI1OC8yLzEgMzI1OS8zLzEgMzI2MC80LzEKZiAzMjYxLzEvMSAzMjYyLzIvMSAzMjYzLzMvMSAzMjY0LzQvMQpmIDMyNjUvMS8xIDMyNjYvMi8xIDMyNjcvMy8xIDMyNjgvNC8xCmYgMzI2OS8xLzEgMzI3MC8yLzEgMzI3MS8zLzEgMzI3Mi80LzEKZiAzMjczLzEvMSAzMjc0LzIvMSAzMjc1LzMvMSAzMjc2LzQvMQpmIDMyNzcvMS8xIDMyNzgvMi8xIDMyNzkvMy8xIDMyODAvNC8xCmYgMzI4MS8xLzEgMzI4Mi8yLzEgMzI4My8zLzEgMzI4NC80LzEKZiAzMjg1LzEvMSAzMjg2LzIvMSAzMjg3LzMvMSAzMjg4LzQvMQpmIDMyODkvMS8xIDMyOTAvMi8xIDMyOTEvMy8xIDMyOTIvNC8xCmYgMzI5My8xLzEgMzI5NC8yLzEgMzI5NS8zLzEgMzI5Ni80LzEKZiAzMjk3LzEvMSAzMjk4LzIvMSAzMjk5LzMvMSAzMzAwLzQvMQpmIDMzMDEvMS8xIDMzMDIvMi8xIDMzMDMvMy8xIDMzMDQvNC8xCmYgMzMwNS8xLzEgMzMwNi8yLzEgMzMwNy8zLzEgMzMwOC80LzEKZiAzMzA5LzEvMSAzMzEwLzIvMSAzMzExLzMvMSAzMzEyLzQvMQpmIDMzMTMvMS8xIDMzMTQvMi8xIDMzMTUvMy8xIDMzMTYvNC8xCmYgMzMxNy8xLzEgMzMxOC8yLzEgMzMxOS8zLzEgMzMyMC80LzEKZiAzMzIxLzEvMSAzMzIyLzIvMSAzMzIzLzMvMSAzMzI0LzQvMQpmIDMzMjUvMS8xIDMzMjYvMi8xIDMzMjcvMy8xIDMzMjgvNC8xCmYgMzMyOS8xLzEgMzMzMC8yLzEgMzMzMS8zLzEgMzMzMi80LzEKZiAzMzMzLzEvMSAzMzM0LzIvMSAzMzM1LzMvMSAzMzM2LzQvMQpmIDMzMzcvMS8xIDMzMzgvMi8xIDMzMzkvMy8xIDMzNDAvNC8xCmYgMzM0MS8xLzEgMzM0Mi8yLzEgMzM0My8zLzEgMzM0NC80LzEKZiAzMzQ1LzEvMSAzMzQ2LzIvMSAzMzQ3LzMvMSAzMzQ4LzQvMQpmIDMzNDkvMS8xIDMzNTAvMi8xIDMzNTEvMy8xIDMzNTIvNC8xCmYgMzM1My8xLzEgMzM1NC8yLzEgMzM1NS8zLzEgMzM1Ni80LzEKZiAzMzU3LzEvMSAzMzU4LzIvMSAzMzU5LzMvMSAzMzYwLzQvMQpmIDMzNjEvMS8xIDMzNjIvMi8xIDMzNjMvMy8xIDMzNjQvNC8xCmYgMzM2NS8xLzEgMzM2Ni8yLzEgMzM2Ny8zLzEgMzM2OC80LzEKZiAzMzY5LzEvMSAzMzcwLzIvMSAzMzcxLzMvMSAzMzcyLzQvMQpmIDMzNzMvMS8xIDMzNzQvMi8xIDMzNzUvMy8xIDMzNzYvNC8xCmYgMzM3Ny8xLzEgMzM3OC8yLzEgMzM3OS8zLzEgMzM4MC80LzEKZiAzMzgxLzEvMSAzMzgyLzIvMSAzMzgzLzMvMSAzMzg0LzQvMQpmIDMzODUvMS8xIDMzODYvMi8xIDMzODcvMy8xIDMzODgvNC8xCmYgMzM4OS8xLzEgMzM5MC8yLzEgMzM5MS8zLzEgMzM5Mi80LzEKZiAzMzkzLzEvMSAzMzk0LzIvMSAzMzk1LzMvMSAzMzk2LzQvMQpmIDMzOTcvMS8xIDMzOTgvMi8xIDMzOTkvMy8xIDM0MDAvNC8xCmYgMzQwMS8xLzEgMzQwMi8yLzEgMzQwMy8zLzEgMzQwNC80LzEKZiAzNDA1LzEvMSAzNDA2LzIvMSAzNDA3LzMvMSAzNDA4LzQvMQpmIDM0MDkvMS8xIDM0MTAvMi8xIDM0MTEvMy8xIDM0MTIvNC8xCmYgMzQxMy8xLzEgMzQxNC8yLzEgMzQxNS8zLzEgMzQxNi80LzEKZiAzNDE3LzEvMSAzNDE4LzIvMSAzNDE5LzMvMSAzNDIwLzQvMQpmIDM0MjEvMS8xIDM0MjIvMi8xIDM0MjMvMy8xIDM0MjQvNC8xCmYgMzQyNS8xLzEgMzQyNi8yLzEgMzQyNy8zLzEgMzQyOC80LzEKZiAzNDI5LzEvMSAzNDMwLzIvMSAzNDMxLzMvMSAzNDMyLzQvMQpmIDM0MzMvMS8xIDM0MzQvMi8xIDM0MzUvMy8xIDM0MzYvNC8xCmYgMzQzNy8xLzEgMzQzOC8yLzEgMzQzOS8zLzEgMzQ0MC80LzEKZiAzNDQxLzEvMSAzNDQyLzIvMSAzNDQzLzMvMSAzNDQ0LzQvMQpmIDM0NDUvMS8xIDM0NDYvMi8xIDM0NDcvMy8xIDM0NDgvNC8xCmYgMzQ0OS8xLzEgMzQ1MC8yLzEgMzQ1MS8zLzEgMzQ1Mi80LzEKZiAzNDUzLzEvMSAzNDU0LzIvMSAzNDU1LzMvMSAzNDU2LzQvMQpmIDM0NTcvMS8xIDM0NTgvMi8xIDM0NTkvMy8xIDM0NjAvNC8xCmYgMzQ2MS8xLzEgMzQ2Mi8yLzEgMzQ2My8zLzEgMzQ2NC80LzEKZiAzNDY1LzEvMSAzNDY2LzIvMSAzNDY3LzMvMSAzNDY4LzQvMQpmIDM0NjkvMS8xIDM0NzAvMi8xIDM0NzEvMy8xIDM0NzIvNC8xCmYgMzQ3My8xLzEgMzQ3NC8yLzEgMzQ3NS8zLzEgMzQ3Ni80LzEKZiAzNDc3LzEvMSAzNDc4LzIvMSAzNDc5LzMvMSAzNDgwLzQvMQpmIDM0ODEvMS8xIDM0ODIvMi8xIDM0ODMvMy8xIDM0ODQvNC8xCmYgMzQ4NS8xLzEgMzQ4Ni8yLzEgMzQ4Ny8zLzEgMzQ4OC80LzEKZiAzNDg5LzEvMSAzNDkwLzIvMSAzNDkxLzMvMSAzNDkyLzQvMQpmIDM0OTMvMS8xIDM0OTQvMi8xIDM0OTUvMy8xIDM0OTYvNC8xCmYgMzQ5Ny8xLzEgMzQ5OC8yLzEgMzQ5OS8zLzEgMzUwMC80LzEKZiAzNTAxLzEvMSAzNTAyLzIvMSAzNTAzLzMvMSAzNTA0LzQvMQpmIDM1MDUvMS8xIDM1MDYvMi8xIDM1MDcvMy8xIDM1MDgvNC8xCmYgMzUwOS8xLzEgMzUxMC8yLzEgMzUxMS8zLzEgMzUxMi80LzEKZiAzNTEzLzEvMSAzNTE0LzIvMSAzNTE1LzMvMSAzNTE2LzQvMQpmIDM1MTcvMS8xIDM1MTgvMi8xIDM1MTkvMy8xIDM1MjAvNC8xCmYgMzUyMS8xLzEgMzUyMi8yLzEgMzUyMy8zLzEgMzUyNC80LzEKZiAzNTI1LzEvMSAzNTI2LzIvMSAzNTI3LzMvMSAzNTI4LzQvMQpmIDM1MjkvMS8xIDM1MzAvMi8xIDM1MzEvMy8xIDM1MzIvNC8xCmYgMzUzMy8xLzEgMzUzNC8yLzEgMzUzNS8zLzEgMzUzNi80LzEKZiAzNTM3LzEvMSAzNTM4LzIvMSAzNTM5LzMvMSAzNTQwLzQvMQpmIDM1NDEvMS8xIDM1NDIvMi8xIDM1NDMvMy8xIDM1NDQvNC8xCmYgMzU0NS8xLzEgMzU0Ni8yLzEgMzU0Ny8zLzEgMzU0OC80LzEKZiAzNTQ5LzEvMSAzNTUwLzIvMSAzNTUxLzMvMSAzNTUyLzQvMQpmIDM1NTMvMS8xIDM1NTQvMi8xIDM1NTUvMy8xIDM1NTYvNC8xCmYgMzU1Ny8xLzEgMzU1OC8yLzEgMzU1OS8zLzEgMzU2MC80LzEKZiAzNTYxLzEvMSAzNTYyLzIvMSAzNTYzLzMvMSAzNTY0LzQvMQpmIDM1NjUvMS8xIDM1NjYvMi8xIDM1NjcvMy8xIDM1NjgvNC8xCmYgMzU2OS8xLzEgMzU3MC8yLzEgMzU3MS8zLzEgMzU3Mi80LzEKZiAzNTczLzEvMSAzNTc0LzIvMSAzNTc1LzMvMSAzNTc2LzQvMQpmIDM1NzcvMS8xIDM1NzgvMi8xIDM1NzkvMy8xIDM1ODAvNC8xCmYgMzU4MS8xLzEgMzU4Mi8yLzEgMzU4My8zLzEgMzU4NC80LzEKZiAzNTg1LzEvMSAzNTg2LzIvMSAzNTg3LzMvMSAzNTg4LzQvMQpmIDM1ODkvMS8xIDM1OTAvMi8xIDM1OTEvMy8xIDM1OTIvNC8xCmYgMzU5My8xLzEgMzU5NC8yLzEgMzU5NS8zLzEgMzU5Ni80LzEKZiAzNTk3LzEvMSAzNTk4LzIvMSAzNTk5LzMvMSAzNjAwLzQvMQpmIDM2MDEvMS8xIDM2MDIvMi8xIDM2MDMvMy8xIDM2MDQvNC8xCmYgMzYwNS8xLzEgMzYwNi8yLzEgMzYwNy8zLzEgMzYwOC80LzEKZiAzNjA5LzEvMSAzNjEwLzIvMSAzNjExLzMvMSAzNjEyLzQvMQpmIDM2MTMvMS8xIDM2MTQvMi8xIDM2MTUvMy8xIDM2MTYvNC8xCmYgMzYxNy8xLzEgMzYxOC8yLzEgMzYxOS8zLzEgMzYyMC80LzEKZiAzNjIxLzEvMSAzNjIyLzIvMSAzNjIzLzMvMSAzNjI0LzQvMQpmIDM2MjUvMS8xIDM2MjYvMi8xIDM2MjcvMy8xIDM2MjgvNC8xCmYgMzYyOS8xLzEgMzYzMC8yLzEgMzYzMS8zLzEgMzYzMi80LzEKZiAzNjMzLzEvMSAzNjM0LzIvMSAzNjM1LzMvMSAzNjM2LzQvMQpmIDM2MzcvMS8xIDM2MzgvMi8xIDM2MzkvMy8xIDM2NDAvNC8xCmYgMzY0MS8xLzEgMzY0Mi8yLzEgMzY0My8zLzEgMzY0NC80LzEKZiAzNjQ1LzEvMSAzNjQ2LzIvMSAzNjQ3LzMvMSAzNjQ4LzQvMQpmIDM2NDkvMS8xIDM2NTAvMi8xIDM2NTEvMy8xIDM2NTIvNC8xCmYgMzY1My8xLzEgMzY1NC8yLzEgMzY1NS8zLzEgMzY1Ni80LzEKZiAzNjU3LzEvMSAzNjU4LzIvMSAzNjU5LzMvMSAzNjYwLzQvMQpmIDM2NjEvMS8xIDM2NjIvMi8xIDM2NjMvMy8xIDM2NjQvNC8xCmYgMzY2NS8xLzEgMzY2Ni8yLzEgMzY2Ny8zLzEgMzY2OC80LzEKZiAzNjY5LzEvMSAzNjcwLzIvMSAzNjcxLzMvMSAzNjcyLzQvMQpmIDM2NzMvMS8xIDM2NzQvMi8xIDM2NzUvMy8xIDM2NzYvNC8xCmYgMzY3Ny8xLzEgMzY3OC8yLzEgMzY3OS8zLzEgMzY4MC80LzEKZiAzNjgxLzEvMSAzNjgyLzIvMSAzNjgzLzMvMSAzNjg0LzQvMQpmIDM2ODUvMS8xIDM2ODYvMi8xIDM2ODcvMy8xIDM2ODgvNC8xCmYgMzY4OS8xLzEgMzY5MC8yLzEgMzY5MS8zLzEgMzY5Mi80LzEKZiAzNjkzLzEvMSAzNjk0LzIvMSAzNjk1LzMvMSAzNjk2LzQvMQpmIDM2OTcvMS8xIDM2OTgvMi8xIDM2OTkvMy8xIDM3MDAvNC8xCmYgMzcwMS8xLzEgMzcwMi8yLzEgMzcwMy8zLzEgMzcwNC80LzEKZiAzNzA1LzEvMSAzNzA2LzIvMSAzNzA3LzMvMSAzNzA4LzQvMQpmIDM3MDkvMS8xIDM3MTAvMi8xIDM3MTEvMy8xIDM3MTIvNC8xCmYgMzcxMy8xLzEgMzcxNC8yLzEgMzcxNS8zLzEgMzcxNi80LzEKZiAzNzE3LzEvMSAzNzE4LzIvMSAzNzE5LzMvMSAzNzIwLzQvMQpmIDM3MjEvMS8xIDM3MjIvMi8xIDM3MjMvMy8xIDM3MjQvNC8xCmYgMzcyNS8xLzEgMzcyNi8yLzEgMzcyNy8zLzEgMzcyOC80LzEKZiAzNzI5LzEvMSAzNzMwLzIvMSAzNzMxLzMvMSAzNzMyLzQvMQpmIDM3MzMvMS8xIDM3MzQvMi8xIDM3MzUvMy8xIDM3MzYvNC8xCmYgMzczNy8xLzEgMzczOC8yLzEgMzczOS8zLzEgMzc0MC80LzEKZiAzNzQxLzEvMSAzNzQyLzIvMSAzNzQzLzMvMSAzNzQ0LzQvMQpmIDM3NDUvMS8xIDM3NDYvMi8xIDM3NDcvMy8xIDM3NDgvNC8xCmYgMzc0OS8xLzEgMzc1MC8yLzEgMzc1MS8zLzEgMzc1Mi80LzEKZiAzNzUzLzEvMSAzNzU0LzIvMSAzNzU1LzMvMSAzNzU2LzQvMQpmIDM3NTcvMS8xIDM3NTgvMi8xIDM3NTkvMy8xIDM3NjAvNC8xCmYgMzc2MS8xLzEgMzc2Mi8yLzEgMzc2My8zLzEgMzc2NC80LzEKZiAzNzY1LzEvMSAzNzY2LzIvMSAzNzY3LzMvMSAzNzY4LzQvMQpmIDM3NjkvMS8xIDM3NzAvMi8xIDM3NzEvMy8xIDM3NzIvNC8xCmYgMzc3My8xLzEgMzc3NC8yLzEgMzc3NS8zLzEgMzc3Ni80LzEKZiAzNzc3LzEvMSAzNzc4LzIvMSAzNzc5LzMvMSAzNzgwLzQvMQpmIDM3ODEvMS8xIDM3ODIvMi8xIDM3ODMvMy8xIDM3ODQvNC8xCmYgMzc4NS8xLzEgMzc4Ni8yLzEgMzc4Ny8zLzEgMzc4OC80LzEKZiAzNzg5LzEvMSAzNzkwLzIvMSAzNzkxLzMvMSAzNzkyLzQvMQpmIDM3OTMvMS8xIDM3OTQvMi8xIDM3OTUvMy8xIDM3OTYvNC8xCmYgMzc5Ny8xLzEgMzc5OC8yLzEgMzc5OS8zLzEgMzgwMC80LzEKZiAzODAxLzEvMSAzODAyLzIvMSAzODAzLzMvMSAzODA0LzQvMQpmIDM4MDUvMS8xIDM4MDYvMi8xIDM4MDcvMy8xIDM4MDgvNC8xCmYgMzgwOS8xLzEgMzgxMC8yLzEgMzgxMS8zLzEgMzgxMi80LzEKZiAzODEzLzEvMSAzODE0LzIvMSAzODE1LzMvMSAzODE2LzQvMQpmIDM4MTcvMS8xIDM4MTgvMi8xIDM4MTkvMy8xIDM4MjAvNC8xCmYgMzgyMS8xLzEgMzgyMi8yLzEgMzgyMy8zLzEgMzgyNC80LzEKZiAzODI1LzEvMSAzODI2LzIvMSAzODI3LzMvMSAzODI4LzQvMQpmIDM4MjkvMS8xIDM4MzAvMi8xIDM4MzEvMy8xIDM4MzIvNC8xCmYgMzgzMy8xLzEgMzgzNC8yLzEgMzgzNS8zLzEgMzgzNi80LzEKZiAzODM3LzEvMSAzODM4LzIvMSAzODM5LzMvMSAzODQwLzQvMQpmIDM4NDEvMS8xIDM4NDIvMi8xIDM4NDMvMy8xIDM4NDQvNC8xCmYgMzg0NS8xLzEgMzg0Ni8yLzEgMzg0Ny8zLzEgMzg0OC80LzEKZiAzODQ5LzEvMSAzODUwLzIvMSAzODUxLzMvMSAzODUyLzQvMQpmIDM4NTMvMS8xIDM4NTQvMi8xIDM4NTUvMy8xIDM4NTYvNC8xCmYgMzg1Ny8xLzEgMzg1OC8yLzEgMzg1OS8zLzEgMzg2MC80LzEKZiAzODYxLzEvMSAzODYyLzIvMSAzODYzLzMvMSAzODY0LzQvMQpmIDM4NjUvMS8xIDM4NjYvMi8xIDM4NjcvMy8xIDM4NjgvNC8xCmYgMzg2OS8xLzEgMzg3MC8yLzEgMzg3MS8zLzEgMzg3Mi80LzEKZiAzODczLzEvMSAzODc0LzIvMSAzODc1LzMvMSAzODc2LzQvMQpmIDM4NzcvMS8xIDM4NzgvMi8xIDM4NzkvMy8xIDM4ODAvNC8xCmYgMzg4MS8xLzEgMzg4Mi8yLzEgMzg4My8zLzEgMzg4NC80LzEKZiAzODg1LzEvMSAzODg2LzIvMSAzODg3LzMvMSAzODg4LzQvMQpmIDM4ODkvMS8xIDM4OTAvMi8xIDM4OTEvMy8xIDM4OTIvNC8xCmYgMzg5My8xLzEgMzg5NC8yLzEgMzg5NS8zLzEgMzg5Ni80LzEKZiAzODk3LzEvMSAzODk4LzIvMSAzODk5LzMvMSAzOTAwLzQvMQpmIDM5MDEvMS8xIDM5MDIvMi8xIDM5MDMvMy8xIDM5MDQvNC8xCmYgMzkwNS8xLzEgMzkwNi8yLzEgMzkwNy8zLzEgMzkwOC80LzEKZiAzOTA5LzEvMSAzOTEwLzIvMSAzOTExLzMvMSAzOTEyLzQvMQpmIDM5MTMvMS8xIDM5MTQvMi8xIDM5MTUvMy8xIDM5MTYvNC8xCmYgMzkxNy8xLzEgMzkxOC8yLzEgMzkxOS8zLzEgMzkyMC80LzEKZiAzOTIxLzEvMSAzOTIyLzIvMSAzOTIzLzMvMSAzOTI0LzQvMQpmIDM5MjUvMS8xIDM5MjYvMi8xIDM5MjcvMy8xIDM5MjgvNC8xCmYgMzkyOS8xLzEgMzkzMC8yLzEgMzkzMS8zLzEgMzkzMi80LzEKZiAzOTMzLzEvMSAzOTM0LzIvMSAzOTM1LzMvMSAzOTM2LzQvMQpmIDM5MzcvMS8xIDM5MzgvMi8xIDM5MzkvMy8xIDM5NDAvNC8xCmYgMzk0MS8xLzEgMzk0Mi8yLzEgMzk0My8zLzEgMzk0NC80LzEKZiAzOTQ1LzEvMSAzOTQ2LzIvMSAzOTQ3LzMvMSAzOTQ4LzQvMQpmIDM5NDkvMS8xIDM5NTAvMi8xIDM5NTEvMy8xIDM5NTIvNC8xCmYgMzk1My8xLzEgMzk1NC8yLzEgMzk1NS8zLzEgMzk1Ni80LzEKZiAzOTU3LzEvMSAzOTU4LzIvMSAzOTU5LzMvMSAzOTYwLzQvMQpmIDM5NjEvMS8xIDM5NjIvMi8xIDM5NjMvMy8xIDM5NjQvNC8xCmYgMzk2NS8xLzEgMzk2Ni8yLzEgMzk2Ny8zLzEgMzk2OC80LzEKZiAzOTY5LzEvMSAzOTcwLzIvMSAzOTcxLzMvMSAzOTcyLzQvMQpmIDM5NzMvMS8xIDM5NzQvMi8xIDM5NzUvMy8xIDM5NzYvNC8xCmYgMzk3Ny8xLzEgMzk3OC8yLzEgMzk3OS8zLzEgMzk4MC80LzEKZiAzOTgxLzEvMSAzOTgyLzIvMSAzOTgzLzMvMSAzOTg0LzQvMQpmIDM5ODUvMS8xIDM5ODYvMi8xIDM5ODcvMy8xIDM5ODgvNC8xCmYgMzk4OS8xLzEgMzk5MC8yLzEgMzk5MS8zLzEgMzk5Mi80LzEKZiAzOTkzLzEvMSAzOTk0LzIvMSAzOTk1LzMvMSAzOTk2LzQvMQpmIDM5OTcvMS8xIDM5OTgvMi8xIDM5OTkvMy8xIDQwMDAvNC8xCmYgNDAwMS8xLzEgNDAwMi8yLzEgNDAwMy8zLzEgNDAwNC80LzEKZiA0MDA1LzEvMSA0MDA2LzIvMSA0MDA3LzMvMSA0MDA4LzQvMQpmIDQwMDkvMS8xIDQwMTAvMi8xIDQwMTEvMy8xIDQwMTIvNC8xCmYgNDAxMy8xLzEgNDAxNC8yLzEgNDAxNS8zLzEgNDAxNi80LzEKZiA0MDE3LzEvMSA0MDE4LzIvMSA0MDE5LzMvMSA0MDIwLzQvMQpmIDQwMjEvMS8xIDQwMjIvMi8xIDQwMjMvMy8xIDQwMjQvNC8xCmYgNDAyNS8xLzEgNDAyNi8yLzEgNDAyNy8zLzEgNDAyOC80LzEKZiA0MDI5LzEvMSA0MDMwLzIvMSA0MDMxLzMvMSA0MDMyLzQvMQpmIDQwMzMvMS8xIDQwMzQvMi8xIDQwMzUvMy8xIDQwMzYvNC8xCmYgNDAzNy8xLzEgNDAzOC8yLzEgNDAzOS8zLzEgNDA0MC80LzEKZiA0MDQxLzEvMSA0MDQyLzIvMSA0MDQzLzMvMSA0MDQ0LzQvMQpmIDQwNDUvMS8xIDQwNDYvMi8xIDQwNDcvMy8xIDQwNDgvNC8xCmYgNDA0OS8xLzEgNDA1MC8yLzEgNDA1MS8zLzEgNDA1Mi80LzEKZiA0MDUzLzUvMSA0MDU0LzYvMSA0MDU1LzcvMSA0MDU2LzgvMQpmIDQwNTcvOS8xIDQwNTgvMTAvMSA0MDU5LzExLzEgNDA2MC8xMi8xCmYgNDA2MS85LzEgNDA2Mi8xMC8xIDQwNjMvMTEvMSA0MDY0LzEyLzEKZiA0MDY1LzkvMSA0MDY2LzEwLzEgNDA2Ny8xMS8xIDQwNjgvMTIvMQpmIDQwNjkvMTMvMSA0MDcwLzE0LzEgNDA3MS8xNS8xIDQwNzIvMTYvMQpmIDQwNzMvMS8xIDQwNzQvMi8xIDQwNzUvMy8xIDQwNzYvNC8xCmYgNDA3Ny8xLzEgNDA3OC8yLzEgNDA3OS8zLzEgNDA4MC80LzEKZiA0MDgxLzEvMSA0MDgyLzIvMSA0MDgzLzMvMSA0MDg0LzQvMQpmIDQwODUvMS8xIDQwODYvMi8xIDQwODcvMy8xIDQwODgvNC8xCmYgNDA4OS8xLzEgNDA5MC8yLzEgNDA5MS8zLzEgNDA5Mi80LzEKZiA0MDkzLzEvMSA0MDk0LzIvMSA0MDk1LzMvMSA0MDk2LzQvMQpmIDQwOTcvMS8xIDQwOTgvMi8xIDQwOTkvMy8xIDQxMDAvNC8xCmYgNDEwMS8xLzEgNDEwMi8yLzEgNDEwMy8zLzEgNDEwNC80LzEKZiA0MTA1LzEvMSA0MTA2LzIvMSA0MTA3LzMvMSA0MTA4LzQvMQpmIDQxMDkvMS8xIDQxMTAvMi8xIDQxMTEvMy8xIDQxMTIvNC8xCmYgNDExMy8xLzEgNDExNC8yLzEgNDExNS8zLzEgNDExNi80LzEKZiA0MTE3LzEvMSA0MTE4LzIvMSA0MTE5LzMvMSA0MTIwLzQvMQpmIDQxMjEvMS8xIDQxMjIvMi8xIDQxMjMvMy8xIDQxMjQvNC8xCmYgNDEyNS8xLzEgNDEyNi8yLzEgNDEyNy8zLzEgNDEyOC80LzEKZiA0MTI5LzEvMSA0MTMwLzIvMSA0MTMxLzMvMSA0MTMyLzQvMQpmIDQxMzMvMS8xIDQxMzQvMi8xIDQxMzUvMy8xIDQxMzYvNC8xCmYgNDEzNy8xLzEgNDEzOC8yLzEgNDEzOS8zLzEgNDE0MC80LzEKZiA0MTQxLzEvMSA0MTQyLzIvMSA0MTQzLzMvMSA0MTQ0LzQvMQpmIDQxNDUvMS8xIDQxNDYvMi8xIDQxNDcvMy8xIDQxNDgvNC8xCmYgNDE0OS8xLzEgNDE1MC8yLzEgNDE1MS8zLzEgNDE1Mi80LzEKZiA0MTUzLzEvMSA0MTU0LzIvMSA0MTU1LzMvMSA0MTU2LzQvMQpmIDQxNTcvMS8xIDQxNTgvMi8xIDQxNTkvMy8xIDQxNjAvNC8xCmYgNDE2MS8xLzEgNDE2Mi8yLzEgNDE2My8zLzEgNDE2NC80LzEKZiA0MTY1LzEvMSA0MTY2LzIvMSA0MTY3LzMvMSA0MTY4LzQvMQpmIDQxNjkvMS8xIDQxNzAvMi8xIDQxNzEvMy8xIDQxNzIvNC8xCmYgNDE3My8xLzEgNDE3NC8yLzEgNDE3NS8zLzEgNDE3Ni80LzEKZiA0MTc3LzEvMSA0MTc4LzIvMSA0MTc5LzMvMSA0MTgwLzQvMQpmIDQxODEvMS8xIDQxODIvMi8xIDQxODMvMy8xIDQxODQvNC8xCmYgNDE4NS8xLzEgNDE4Ni8yLzEgNDE4Ny8zLzEgNDE4OC80LzEKZiA0MTg5LzEvMSA0MTkwLzIvMSA0MTkxLzMvMSA0MTkyLzQvMQpmIDQxOTMvMS8xIDQxOTQvMi8xIDQxOTUvMy8xIDQxOTYvNC8xCmYgNDE5Ny8xLzEgNDE5OC8yLzEgNDE5OS8zLzEgNDIwMC80LzEKZiA0MjAxLzEvMSA0MjAyLzIvMSA0MjAzLzMvMSA0MjA0LzQvMQpmIDQyMDUvMS8xIDQyMDYvMi8xIDQyMDcvMy8xIDQyMDgvNC8xCmYgNDIwOS8xLzEgNDIxMC8yLzEgNDIxMS8zLzEgNDIxMi80LzEKZiA0MjEzLzEvMSA0MjE0LzIvMSA0MjE1LzMvMSA0MjE2LzQvMQpmIDQyMTcvMS8xIDQyMTgvMi8xIDQyMTkvMy8xIDQyMjAvNC8xCmYgNDIyMS8xLzEgNDIyMi8yLzEgNDIyMy8zLzEgNDIyNC80LzEKZiA0MjI1LzEvMSA0MjI2LzIvMSA0MjI3LzMvMSA0MjI4LzQvMQpmIDQyMjkvMS8xIDQyMzAvMi8xIDQyMzEvMy8xIDQyMzIvNC8xCmYgNDIzMy8xLzEgNDIzNC8yLzEgNDIzNS8zLzEgNDIzNi80LzEKZiA0MjM3LzEvMSA0MjM4LzIvMSA0MjM5LzMvMSA0MjQwLzQvMQpmIDQyNDEvMS8xIDQyNDIvMi8xIDQyNDMvMy8xIDQyNDQvNC8xCmYgNDI0NS8xLzEgNDI0Ni8yLzEgNDI0Ny8zLzEgNDI0OC80LzEKZiA0MjQ5LzEvMSA0MjUwLzIvMSA0MjUxLzMvMSA0MjUyLzQvMQpmIDQyNTMvMS8xIDQyNTQvMi8xIDQyNTUvMy8xIDQyNTYvNC8xCmYgNDI1Ny8xLzEgNDI1OC8yLzEgNDI1OS8zLzEgNDI2MC80LzEKZiA0MjYxLzEvMSA0MjYyLzIvMSA0MjYzLzMvMSA0MjY0LzQvMQpmIDQyNjUvMS8xIDQyNjYvMi8xIDQyNjcvMy8xIDQyNjgvNC8xCmYgNDI2OS8xLzEgNDI3MC8yLzEgNDI3MS8zLzEgNDI3Mi80LzEKZiA0MjczLzEvMSA0Mjc0LzIvMSA0Mjc1LzMvMSA0Mjc2LzQvMQpmIDQyNzcvMS8xIDQyNzgvMi8xIDQyNzkvMy8xIDQyODAvNC8xCmYgNDI4MS8xLzEgNDI4Mi8yLzEgNDI4My8zLzEgNDI4NC80LzEKZiA0Mjg1LzEvMSA0Mjg2LzIvMSA0Mjg3LzMvMSA0Mjg4LzQvMQpmIDQyODkvMS8xIDQyOTAvMi8xIDQyOTEvMy8xIDQyOTIvNC8xCmYgNDI5My8xLzEgNDI5NC8yLzEgNDI5NS8zLzEgNDI5Ni80LzEKZiA0Mjk3LzEvMSA0Mjk4LzIvMSA0Mjk5LzMvMSA0MzAwLzQvMQpmIDQzMDEvMS8xIDQzMDIvMi8xIDQzMDMvMy8xIDQzMDQvNC8xCmYgNDMwNS8xLzEgNDMwNi8yLzEgNDMwNy8zLzEgNDMwOC80LzEKZiA0MzA5LzEvMSA0MzEwLzIvMSA0MzExLzMvMSA0MzEyLzQvMQpmIDQzMTMvMS8xIDQzMTQvMi8xIDQzMTUvMy8xIDQzMTYvNC8xCmYgNDMxNy8xLzEgNDMxOC8yLzEgNDMxOS8zLzEgNDMyMC80LzEKZiA0MzIxLzEvMSA0MzIyLzIvMSA0MzIzLzMvMSA0MzI0LzQvMQpmIDQzMjUvMS8xIDQzMjYvMi8xIDQzMjcvMy8xIDQzMjgvNC8xCmYgNDMyOS8xLzEgNDMzMC8yLzEgNDMzMS8zLzEgNDMzMi80LzEKZiA0MzMzLzEvMSA0MzM0LzIvMSA0MzM1LzMvMSA0MzM2LzQvMQpmIDQzMzcvMS8xIDQzMzgvMi8xIDQzMzkvMy8xIDQzNDAvNC8xCmYgNDM0MS8xLzEgNDM0Mi8yLzEgNDM0My8zLzEgNDM0NC80LzEKZiA0MzQ1LzEvMSA0MzQ2LzIvMSA0MzQ3LzMvMSA0MzQ4LzQvMQpmIDQzNDkvMTcvMSA0MzUwLzE4LzEgNDM1MS8xOS8xIDQzNTIvMjAvMQpmIDQzNTMvMjEvMSA0MzU0LzIyLzEgNDM1NS8yMy8xIDQzNTYvMjQvMQpmIDQzNTcvMjEvMSA0MzU4LzIyLzEgNDM1OS8yMy8xIDQzNjAvMjQvMQpmIDQzNjEvMjEvMSA0MzYyLzIyLzEgNDM2My8yMy8xIDQzNjQvMjQvMQpmIDQzNjUvMjUvMSA0MzY2LzI2LzEgNDM2Ny8yNy8xIDQzNjgvMjgvMQpmIDQzNjkvMS8xIDQzNzAvMi8xIDQzNzEvMy8xIDQzNzIvNC8xCmYgNDM3My8xLzEgNDM3NC8yLzEgNDM3NS8zLzEgNDM3Ni80LzEKZiA0Mzc3LzEvMSA0Mzc4LzIvMSA0Mzc5LzMvMSA0MzgwLzQvMQpmIDQzODEvMS8xIDQzODIvMi8xIDQzODMvMy8xIDQzODQvNC8xCmYgNDM4NS8xLzEgNDM4Ni8yLzEgNDM4Ny8zLzEgNDM4OC80LzEKZiA0Mzg5LzEvMSA0MzkwLzIvMSA0MzkxLzMvMSA0MzkyLzQvMQpmIDQzOTMvMS8xIDQzOTQvMi8xIDQzOTUvMy8xIDQzOTYvNC8xCmYgNDM5Ny8xLzEgNDM5OC8yLzEgNDM5OS8zLzEgNDQwMC80LzEKZiA0NDAxLzEvMSA0NDAyLzIvMSA0NDAzLzMvMSA0NDA0LzQvMQpmIDQ0MDUvMS8xIDQ0MDYvMi8xIDQ0MDcvMy8xIDQ0MDgvNC8xCmYgNDQwOS8xLzEgNDQxMC8yLzEgNDQxMS8zLzEgNDQxMi80LzEKZiA0NDEzLzEvMSA0NDE0LzIvMSA0NDE1LzMvMSA0NDE2LzQvMQpmIDQ0MTcvMS8xIDQ0MTgvMi8xIDQ0MTkvMy8xIDQ0MjAvNC8xCmYgNDQyMS8xLzEgNDQyMi8yLzEgNDQyMy8zLzEgNDQyNC80LzEKZiA0NDI1LzEvMSA0NDI2LzIvMSA0NDI3LzMvMSA0NDI4LzQvMQpmIDQ0MjkvMS8xIDQ0MzAvMi8xIDQ0MzEvMy8xIDQ0MzIvNC8xCmYgNDQzMy8xLzEgNDQzNC8yLzEgNDQzNS8zLzEgNDQzNi80LzEKZiA0NDM3LzEvMSA0NDM4LzIvMSA0NDM5LzMvMSA0NDQwLzQvMQpmIDQ0NDEvMS8xIDQ0NDIvMi8xIDQ0NDMvMy8xIDQ0NDQvNC8xCmYgNDQ0NS8xLzEgNDQ0Ni8yLzEgNDQ0Ny8zLzEgNDQ0OC80LzEKZiA0NDQ5LzEvMSA0NDUwLzIvMSA0NDUxLzMvMSA0NDUyLzQvMQpmIDQ0NTMvMS8xIDQ0NTQvMi8xIDQ0NTUvMy8xIDQ0NTYvNC8xCmYgNDQ1Ny8xLzEgNDQ1OC8yLzEgNDQ1OS8zLzEgNDQ2MC80LzEKZiA0NDYxLzEvMSA0NDYyLzIvMSA0NDYzLzMvMSA0NDY0LzQvMQpmIDQ0NjUvMS8xIDQ0NjYvMi8xIDQ0NjcvMy8xIDQ0NjgvNC8xCmYgNDQ2OS8xLzEgNDQ3MC8yLzEgNDQ3MS8zLzEgNDQ3Mi80LzEKZiA0NDczLzEvMSA0NDc0LzIvMSA0NDc1LzMvMSA0NDc2LzQvMQpmIDQ0NzcvMS8xIDQ0NzgvMi8xIDQ0NzkvMy8xIDQ0ODAvNC8xCmYgNDQ4MS8xLzEgNDQ4Mi8yLzEgNDQ4My8zLzEgNDQ4NC80LzEKZiA0NDg1LzEvMSA0NDg2LzIvMSA0NDg3LzMvMSA0NDg4LzQvMQpmIDQ0ODkvMS8xIDQ0OTAvMi8xIDQ0OTEvMy8xIDQ0OTIvNC8xCmYgNDQ5My8xLzEgNDQ5NC8yLzEgNDQ5NS8zLzEgNDQ5Ni80LzEKZiA0NDk3LzEvMSA0NDk4LzIvMSA0NDk5LzMvMSA0NTAwLzQvMQpmIDQ1MDEvMS8xIDQ1MDIvMi8xIDQ1MDMvMy8xIDQ1MDQvNC8xCmYgNDUwNS8xLzEgNDUwNi8yLzEgNDUwNy8zLzEgNDUwOC80LzEKZiA0NTA5LzEvMSA0NTEwLzIvMSA0NTExLzMvMSA0NTEyLzQvMQpmIDQ1MTMvMS8xIDQ1MTQvMi8xIDQ1MTUvMy8xIDQ1MTYvNC8xCmYgNDUxNy8xLzEgNDUxOC8yLzEgNDUxOS8zLzEgNDUyMC80LzEKZiA0NTIxLzEvMSA0NTIyLzIvMSA0NTIzLzMvMSA0NTI0LzQvMQpmIDQ1MjUvMS8xIDQ1MjYvMi8xIDQ1MjcvMy8xIDQ1MjgvNC8xCmYgNDUyOS8xLzEgNDUzMC8yLzEgNDUzMS8zLzEgNDUzMi80LzEKZiA0NTMzLzEvMSA0NTM0LzIvMSA0NTM1LzMvMSA0NTM2LzQvMQpmIDQ1MzcvMS8xIDQ1MzgvMi8xIDQ1MzkvMy8xIDQ1NDAvNC8xCmYgNDU0MS8xLzEgNDU0Mi8yLzEgNDU0My8zLzEgNDU0NC80LzEKZiA0NTQ1LzEvMSA0NTQ2LzIvMSA0NTQ3LzMvMSA0NTQ4LzQvMQpmIDQ1NDkvMS8xIDQ1NTAvMi8xIDQ1NTEvMy8xIDQ1NTIvNC8xCmYgNDU1My8xLzEgNDU1NC8yLzEgNDU1NS8zLzEgNDU1Ni80LzEKZiA0NTU3LzEvMSA0NTU4LzIvMSA0NTU5LzMvMSA0NTYwLzQvMQpmIDQ1NjEvMS8xIDQ1NjIvMi8xIDQ1NjMvMy8xIDQ1NjQvNC8xCmYgNDU2NS8xLzEgNDU2Ni8yLzEgNDU2Ny8zLzEgNDU2OC80LzEKZiA0NTY5LzEvMSA0NTcwLzIvMSA0NTcxLzMvMSA0NTcyLzQvMQpmIDQ1NzMvMS8xIDQ1NzQvMi8xIDQ1NzUvMy8xIDQ1NzYvNC8xCmYgNDU3Ny8xLzEgNDU3OC8yLzEgNDU3OS8zLzEgNDU4MC80LzEKZiA0NTgxLzEvMSA0NTgyLzIvMSA0NTgzLzMvMSA0NTg0LzQvMQpmIDQ1ODUvMS8xIDQ1ODYvMi8xIDQ1ODcvMy8xIDQ1ODgvNC8xCmYgNDU4OS8xLzEgNDU5MC8yLzEgNDU5MS8zLzEgNDU5Mi80LzEKZiA0NTkzLzEvMSA0NTk0LzIvMSA0NTk1LzMvMSA0NTk2LzQvMQpmIDQ1OTcvMS8xIDQ1OTgvMi8xIDQ1OTkvMy8xIDQ2MDAvNC8xCmYgNDYwMS8xLzEgNDYwMi8yLzEgNDYwMy8zLzEgNDYwNC80LzEKZiA0NjA1LzEvMSA0NjA2LzIvMSA0NjA3LzMvMSA0NjA4LzQvMQpmIDQ2MDkvMS8xIDQ2MTAvMi8xIDQ2MTEvMy8xIDQ2MTIvNC8xCmYgNDYxMy8xLzEgNDYxNC8yLzEgNDYxNS8zLzEgNDYxNi80LzEKZiA0NjE3LzEvMSA0NjE4LzIvMSA0NjE5LzMvMSA0NjIwLzQvMQpmIDQ2MjEvMS8xIDQ2MjIvMi8xIDQ2MjMvMy8xIDQ2MjQvNC8xCmYgNDYyNS8xLzEgNDYyNi8yLzEgNDYyNy8zLzEgNDYyOC80LzEKZiA0NjI5LzEvMSA0NjMwLzIvMSA0NjMxLzMvMSA0NjMyLzQvMQpmIDQ2MzMvMS8xIDQ2MzQvMi8xIDQ2MzUvMy8xIDQ2MzYvNC8xCmYgNDYzNy8xLzEgNDYzOC8yLzEgNDYzOS8zLzEgNDY0MC80LzEKZiA0NjQxLzEvMSA0NjQyLzIvMSA0NjQzLzMvMSA0NjQ0LzQvMQpmIDQ2NDUvMS8xIDQ2NDYvMi8xIDQ2NDcvMy8xIDQ2NDgvNC8xCmYgNDY0OS8xNy8xIDQ2NTAvMTgvMSA0NjUxLzE5LzEgNDY1Mi8yMC8xCmYgNDY1My8yMS8xIDQ2NTQvMjIvMSA0NjU1LzIzLzEgNDY1Ni8yNC8xCmYgNDY1Ny8yMS8xIDQ2NTgvMjIvMSA0NjU5LzIzLzEgNDY2MC8yNC8xCmYgNDY2MS8yMS8xIDQ2NjIvMjIvMSA0NjYzLzIzLzEgNDY2NC8yNC8xCmYgNDY2NS8yNS8xIDQ2NjYvMjYvMSA0NjY3LzI3LzEgNDY2OC8yOC8xCmYgNDY2OS8xLzEgNDY3MC8yLzEgNDY3MS8zLzEgNDY3Mi80LzEKZiA0NjczLzEvMSA0Njc0LzIvMSA0Njc1LzMvMSA0Njc2LzQvMQpmIDQ2NzcvMS8xIDQ2NzgvMi8xIDQ2NzkvMy8xIDQ2ODAvNC8xCmYgNDY4MS8xLzEgNDY4Mi8yLzEgNDY4My8zLzEgNDY4NC80LzEKZiA0Njg1LzEvMSA0Njg2LzIvMSA0Njg3LzMvMSA0Njg4LzQvMQpmIDQ2ODkvMS8xIDQ2OTAvMi8xIDQ2OTEvMy8xIDQ2OTIvNC8xCmYgNDY5My8xLzEgNDY5NC8yLzEgNDY5NS8zLzEgNDY5Ni80LzEKZiA0Njk3LzEvMSA0Njk4LzIvMSA0Njk5LzMvMSA0NzAwLzQvMQpmIDQ3MDEvMS8xIDQ3MDIvMi8xIDQ3MDMvMy8xIDQ3MDQvNC8xCmYgNDcwNS8xLzEgNDcwNi8yLzEgNDcwNy8zLzEgNDcwOC80LzEKZiA0NzA5LzEvMSA0NzEwLzIvMSA0NzExLzMvMSA0NzEyLzQvMQpmIDQ3MTMvMS8xIDQ3MTQvMi8xIDQ3MTUvMy8xIDQ3MTYvNC8xCmYgNDcxNy8xLzEgNDcxOC8yLzEgNDcxOS8zLzEgNDcyMC80LzEKZiA0NzIxLzEvMSA0NzIyLzIvMSA0NzIzLzMvMSA0NzI0LzQvMQpmIDQ3MjUvMS8xIDQ3MjYvMi8xIDQ3MjcvMy8xIDQ3MjgvNC8xCmYgNDcyOS8xLzEgNDczMC8yLzEgNDczMS8zLzEgNDczMi80LzEKZiA0NzMzLzEvMSA0NzM0LzIvMSA0NzM1LzMvMSA0NzM2LzQvMQpmIDQ3MzcvMS8xIDQ3MzgvMi8xIDQ3MzkvMy8xIDQ3NDAvNC8xCmYgNDc0MS8xLzEgNDc0Mi8yLzEgNDc0My8zLzEgNDc0NC80LzEKZiA0NzQ1LzEvMSA0NzQ2LzIvMSA0NzQ3LzMvMSA0NzQ4LzQvMQpmIDQ3NDkvMS8xIDQ3NTAvMi8xIDQ3NTEvMy8xIDQ3NTIvNC8xCmYgNDc1My8xLzEgNDc1NC8yLzEgNDc1NS8zLzEgNDc1Ni80LzEKZiA0NzU3LzEvMSA0NzU4LzIvMSA0NzU5LzMvMSA0NzYwLzQvMQpmIDQ3NjEvMS8xIDQ3NjIvMi8xIDQ3NjMvMy8xIDQ3NjQvNC8xCmYgNDc2NS8xLzEgNDc2Ni8yLzEgNDc2Ny8zLzEgNDc2OC80LzEKZiA0NzY5LzEvMSA0NzcwLzIvMSA0NzcxLzMvMSA0NzcyLzQvMQpmIDQ3NzMvMS8xIDQ3NzQvMi8xIDQ3NzUvMy8xIDQ3NzYvNC8xCmYgNDc3Ny8xLzEgNDc3OC8yLzEgNDc3OS8zLzEgNDc4MC80LzEKZiA0NzgxLzEvMSA0NzgyLzIvMSA0NzgzLzMvMSA0Nzg0LzQvMQpmIDQ3ODUvMS8xIDQ3ODYvMi8xIDQ3ODcvMy8xIDQ3ODgvNC8xCmYgNDc4OS8xLzEgNDc5MC8yLzEgNDc5MS8zLzEgNDc5Mi80LzEKZiA0NzkzLzEvMSA0Nzk0LzIvMSA0Nzk1LzMvMSA0Nzk2LzQvMQpmIDQ3OTcvMS8xIDQ3OTgvMi8xIDQ3OTkvMy8xIDQ4MDAvNC8xCmYgNDgwMS8xLzEgNDgwMi8yLzEgNDgwMy8zLzEgNDgwNC80LzEKZiA0ODA1LzEvMSA0ODA2LzIvMSA0ODA3LzMvMSA0ODA4LzQvMQpmIDQ4MDkvMS8xIDQ4MTAvMi8xIDQ4MTEvMy8xIDQ4MTIvNC8xCmYgNDgxMy8xLzEgNDgxNC8yLzEgNDgxNS8zLzEgNDgxNi80LzEKZiA0ODE3LzEvMSA0ODE4LzIvMSA0ODE5LzMvMSA0ODIwLzQvMQpmIDQ4MjEvMS8xIDQ4MjIvMi8xIDQ4MjMvMy8xIDQ4MjQvNC8xCmYgNDgyNS8xLzEgNDgyNi8yLzEgNDgyNy8zLzEgNDgyOC80LzEKZiA0ODI5LzEvMSA0ODMwLzIvMSA0ODMxLzMvMSA0ODMyLzQvMQpmIDQ4MzMvMS8xIDQ4MzQvMi8xIDQ4MzUvMy8xIDQ4MzYvNC8xCmYgNDgzNy8xLzEgNDgzOC8yLzEgNDgzOS8zLzEgNDg0MC80LzEKZiA0ODQxLzEvMSA0ODQyLzIvMSA0ODQzLzMvMSA0ODQ0LzQvMQpmIDQ4NDUvMS8xIDQ4NDYvMi8xIDQ4NDcvMy8xIDQ4NDgvNC8xCmYgNDg0OS8xLzEgNDg1MC8yLzEgNDg1MS8zLzEgNDg1Mi80LzEKZiA0ODUzLzEvMSA0ODU0LzIvMSA0ODU1LzMvMSA0ODU2LzQvMQpmIDQ4NTcvMS8xIDQ4NTgvMi8xIDQ4NTkvMy8xIDQ4NjAvNC8xCmYgNDg2MS8xLzEgNDg2Mi8yLzEgNDg2My8zLzEgNDg2NC80LzEKZiA0ODY1LzEvMSA0ODY2LzIvMSA0ODY3LzMvMSA0ODY4LzQvMQpmIDQ4NjkvMS8xIDQ4NzAvMi8xIDQ4NzEvMy8xIDQ4NzIvNC8xCmYgNDg3My8xLzEgNDg3NC8yLzEgNDg3NS8zLzEgNDg3Ni80LzEKZiA0ODc3LzEvMSA0ODc4LzIvMSA0ODc5LzMvMSA0ODgwLzQvMQpmIDQ4ODEvMS8xIDQ4ODIvMi8xIDQ4ODMvMy8xIDQ4ODQvNC8xCmYgNDg4NS8xLzEgNDg4Ni8yLzEgNDg4Ny8zLzEgNDg4OC80LzEKZiA0ODg5LzEvMSA0ODkwLzIvMSA0ODkxLzMvMSA0ODkyLzQvMQpmIDQ4OTMvMS8xIDQ4OTQvMi8xIDQ4OTUvMy8xIDQ4OTYvNC8xCmYgNDg5Ny8xLzEgNDg5OC8yLzEgNDg5OS8zLzEgNDkwMC80LzEKZiA0OTAxLzEvMSA0OTAyLzIvMSA0OTAzLzMvMSA0OTA0LzQvMQpmIDQ5MDUvMS8xIDQ5MDYvMi8xIDQ5MDcvMy8xIDQ5MDgvNC8xCmYgNDkwOS8xLzEgNDkxMC8yLzEgNDkxMS8zLzEgNDkxMi80LzEKZiA0OTEzLzEvMSA0OTE0LzIvMSA0OTE1LzMvMSA0OTE2LzQvMQpmIDQ5MTcvMS8xIDQ5MTgvMi8xIDQ5MTkvMy8xIDQ5MjAvNC8xCmYgNDkyMS8xLzEgNDkyMi8yLzEgNDkyMy8zLzEgNDkyNC80LzEKZiA0OTI1LzEvMSA0OTI2LzIvMSA0OTI3LzMvMSA0OTI4LzQvMQpmIDQ5MjkvMS8xIDQ5MzAvMi8xIDQ5MzEvMy8xIDQ5MzIvNC8xCmYgNDkzMy8xLzEgNDkzNC8yLzEgNDkzNS8zLzEgNDkzNi80LzEKZiA0OTM3LzEvMSA0OTM4LzIvMSA0OTM5LzMvMSA0OTQwLzQvMQpmIDQ5NDEvMS8xIDQ5NDIvMi8xIDQ5NDMvMy8xIDQ5NDQvNC8xCmYgNDk0NS8xLzEgNDk0Ni8yLzEgNDk0Ny8zLzEgNDk0OC80LzEKZiA0OTQ5LzE3LzEgNDk1MC8xOC8xIDQ5NTEvMTkvMSA0OTUyLzIwLzEKZiA0OTUzLzIxLzEgNDk1NC8yMi8xIDQ5NTUvMjMvMSA0OTU2LzI0LzEKZiA0OTU3LzIxLzEgNDk1OC8yMi8xIDQ5NTkvMjMvMSA0OTYwLzI0LzEKZiA0OTYxLzIxLzEgNDk2Mi8yMi8xIDQ5NjMvMjMvMSA0OTY0LzI0LzEKZiA0OTY1LzI1LzEgNDk2Ni8yNi8xIDQ5NjcvMjcvMSA0OTY4LzI4LzEKZiA0OTY5LzEvMSA0OTcwLzIvMSA0OTcxLzMvMSA0OTcyLzQvMQpmIDQ5NzMvMS8xIDQ5NzQvMi8xIDQ5NzUvMy8xIDQ5NzYvNC8xCmYgNDk3Ny8xLzEgNDk3OC8yLzEgNDk3OS8zLzEgNDk4MC80LzEKZiA0OTgxLzEvMSA0OTgyLzIvMSA0OTgzLzMvMSA0OTg0LzQvMQpmIDQ5ODUvMS8xIDQ5ODYvMi8xIDQ5ODcvMy8xIDQ5ODgvNC8xCmYgNDk4OS8xLzEgNDk5MC8yLzEgNDk5MS8zLzEgNDk5Mi80LzEKZiA0OTkzLzEvMSA0OTk0LzIvMSA0OTk1LzMvMSA0OTk2LzQvMQpmIDQ5OTcvMS8xIDQ5OTgvMi8xIDQ5OTkvMy8xIDUwMDAvNC8xCmYgNTAwMS8xLzEgNTAwMi8yLzEgNTAwMy8zLzEgNTAwNC80LzEKZiA1MDA1LzEvMSA1MDA2LzIvMSA1MDA3LzMvMSA1MDA4LzQvMQpmIDUwMDkvMS8xIDUwMTAvMi8xIDUwMTEvMy8xIDUwMTIvNC8xCmYgNTAxMy8xLzEgNTAxNC8yLzEgNTAxNS8zLzEgNTAxNi80LzEKZiA1MDE3LzEvMSA1MDE4LzIvMSA1MDE5LzMvMSA1MDIwLzQvMQpmIDUwMjEvMS8xIDUwMjIvMi8xIDUwMjMvMy8xIDUwMjQvNC8xCmYgNTAyNS8xLzEgNTAyNi8yLzEgNTAyNy8zLzEgNTAyOC80LzEKZiA1MDI5LzEvMSA1MDMwLzIvMSA1MDMxLzMvMSA1MDMyLzQvMQpmIDUwMzMvMS8xIDUwMzQvMi8xIDUwMzUvMy8xIDUwMzYvNC8xCmYgNTAzNy8xLzEgNTAzOC8yLzEgNTAzOS8zLzEgNTA0MC80LzEKZiA1MDQxLzEvMSA1MDQyLzIvMSA1MDQzLzMvMSA1MDQ0LzQvMQpmIDUwNDUvMS8xIDUwNDYvMi8xIDUwNDcvMy8xIDUwNDgvNC8xCmYgNTA0OS8xLzEgNTA1MC8yLzEgNTA1MS8zLzEgNTA1Mi80LzEKZiA1MDUzLzEvMSA1MDU0LzIvMSA1MDU1LzMvMSA1MDU2LzQvMQpmIDUwNTcvMS8xIDUwNTgvMi8xIDUwNTkvMy8xIDUwNjAvNC8xCmYgNTA2MS8xLzEgNTA2Mi8yLzEgNTA2My8zLzEgNTA2NC80LzEKZiA1MDY1LzEvMSA1MDY2LzIvMSA1MDY3LzMvMSA1MDY4LzQvMQpmIDUwNjkvMS8xIDUwNzAvMi8xIDUwNzEvMy8xIDUwNzIvNC8xCmYgNTA3My8xLzEgNTA3NC8yLzEgNTA3NS8zLzEgNTA3Ni80LzEKZiA1MDc3LzEvMSA1MDc4LzIvMSA1MDc5LzMvMSA1MDgwLzQvMQpmIDUwODEvMS8xIDUwODIvMi8xIDUwODMvMy8xIDUwODQvNC8xCmYgNTA4NS8xLzEgNTA4Ni8yLzEgNTA4Ny8zLzEgNTA4OC80LzEKZiA1MDg5LzEvMSA1MDkwLzIvMSA1MDkxLzMvMSA1MDkyLzQvMQpmIDUwOTMvMS8xIDUwOTQvMi8xIDUwOTUvMy8xIDUwOTYvNC8xCmYgNTA5Ny8xLzEgNTA5OC8yLzEgNTA5OS8zLzEgNTEwMC80LzEKZiA1MTAxLzEvMSA1MTAyLzIvMSA1MTAzLzMvMSA1MTA0LzQvMQpmIDUxMDUvMS8xIDUxMDYvMi8xIDUxMDcvMy8xIDUxMDgvNC8xCmYgNTEwOS8xLzEgNTExMC8yLzEgNTExMS8zLzEgNTExMi80LzEKZiA1MTEzLzEvMSA1MTE0LzIvMSA1MTE1LzMvMSA1MTE2LzQvMQpmIDUxMTcvMS8xIDUxMTgvMi8xIDUxMTkvMy8xIDUxMjAvNC8xCmYgNTEyMS8xLzEgNTEyMi8yLzEgNTEyMy8zLzEgNTEyNC80LzEKZiA1MTI1LzEvMSA1MTI2LzIvMSA1MTI3LzMvMSA1MTI4LzQvMQpmIDUxMjkvMS8xIDUxMzAvMi8xIDUxMzEvMy8xIDUxMzIvNC8xCmYgNTEzMy8xLzEgNTEzNC8yLzEgNTEzNS8zLzEgNTEzNi80LzEKZiA1MTM3LzEvMSA1MTM4LzIvMSA1MTM5LzMvMSA1MTQwLzQvMQpmIDUxNDEvMS8xIDUxNDIvMi8xIDUxNDMvMy8xIDUxNDQvNC8xCmYgNTE0NS8xLzEgNTE0Ni8yLzEgNTE0Ny8zLzEgNTE0OC80LzEKZiA1MTQ5LzEvMSA1MTUwLzIvMSA1MTUxLzMvMSA1MTUyLzQvMQpmIDUxNTMvMS8xIDUxNTQvMi8xIDUxNTUvMy8xIDUxNTYvNC8xCmYgNTE1Ny8xLzEgNTE1OC8yLzEgNTE1OS8zLzEgNTE2MC80LzEKZiA1MTYxLzEvMSA1MTYyLzIvMSA1MTYzLzMvMSA1MTY0LzQvMQpmIDUxNjUvMS8xIDUxNjYvMi8xIDUxNjcvMy8xIDUxNjgvNC8xCmYgNTE2OS8xLzEgNTE3MC8yLzEgNTE3MS8zLzEgNTE3Mi80LzEKZiA1MTczLzEvMSA1MTc0LzIvMSA1MTc1LzMvMSA1MTc2LzQvMQpmIDUxNzcvMS8xIDUxNzgvMi8xIDUxNzkvMy8xIDUxODAvNC8xCmYgNTE4MS8xLzEgNTE4Mi8yLzEgNTE4My8zLzEgNTE4NC80LzEKZiA1MTg1LzEvMSA1MTg2LzIvMSA1MTg3LzMvMSA1MTg4LzQvMQpmIDUxODkvMS8xIDUxOTAvMi8xIDUxOTEvMy8xIDUxOTIvNC8xCmYgNTE5My8xLzEgNTE5NC8yLzEgNTE5NS8zLzEgNTE5Ni80LzEKZiA1MTk3LzEvMSA1MTk4LzIvMSA1MTk5LzMvMSA1MjAwLzQvMQpmIDUyMDEvMS8xIDUyMDIvMi8xIDUyMDMvMy8xIDUyMDQvNC8xCmYgNTIwNS8xLzEgNTIwNi8yLzEgNTIwNy8zLzEgNTIwOC80LzEKZiA1MjA5LzEvMSA1MjEwLzIvMSA1MjExLzMvMSA1MjEyLzQvMQpmIDUyMTMvMS8xIDUyMTQvMi8xIDUyMTUvMy8xIDUyMTYvNC8xCmYgNTIxNy8xLzEgNTIxOC8yLzEgNTIxOS8zLzEgNTIyMC80LzEKZiA1MjIxLzEvMSA1MjIyLzIvMSA1MjIzLzMvMSA1MjI0LzQvMQpmIDUyMjUvMS8xIDUyMjYvMi8xIDUyMjcvMy8xIDUyMjgvNC8xCmYgNTIyOS8xLzEgNTIzMC8yLzEgNTIzMS8zLzEgNTIzMi80LzEKZiA1MjMzLzEvMSA1MjM0LzIvMSA1MjM1LzMvMSA1MjM2LzQvMQpmIDUyMzcvMS8xIDUyMzgvMi8xIDUyMzkvMy8xIDUyNDAvNC8xCmYgNTI0MS8xLzEgNTI0Mi8yLzEgNTI0My8zLzEgNTI0NC80LzEKZiA1MjQ1LzEvMSA1MjQ2LzIvMSA1MjQ3LzMvMSA1MjQ4LzQvMQpmIDUyNDkvMjkvMSA1MjUwLzMwLzEgNTI1MS8zMS8xIDUyNTIvMzIvMQpmIDUyNTMvMzMvMSA1MjU0LzM0LzEgNTI1NS8zNS8xIDUyNTYvMzYvMQpmIDUyNTcvMzMvMSA1MjU4LzM0LzEgNTI1OS8zNS8xIDUyNjAvMzYvMQpmIDUyNjEvMzMvMSA1MjYyLzM0LzEgNTI2My8zNS8xIDUyNjQvMzYvMQpmIDUyNjUvMzcvMSA1MjY2LzM4LzEgNTI2Ny8zOS8xIDUyNjgvNDAvMQpmIDUyNjkvMS8xIDUyNzAvMi8xIDUyNzEvMy8xIDUyNzIvNC8xCmYgNTI3My8xLzEgNTI3NC8yLzEgNTI3NS8zLzEgNTI3Ni80LzEKZiA1Mjc3LzEvMSA1Mjc4LzIvMSA1Mjc5LzMvMSA1MjgwLzQvMQpmIDUyODEvMS8xIDUyODIvMi8xIDUyODMvMy8xIDUyODQvNC8xCmYgNTI4NS8xLzEgNTI4Ni8yLzEgNTI4Ny8zLzEgNTI4OC80LzEKZiA1Mjg5LzEvMSA1MjkwLzIvMSA1MjkxLzMvMSA1MjkyLzQvMQpmIDUyOTMvMS8xIDUyOTQvMi8xIDUyOTUvMy8xIDUyOTYvNC8xCmYgNTI5Ny8xLzEgNTI5OC8yLzEgNTI5OS8zLzEgNTMwMC80LzEKZiA1MzAxLzEvMSA1MzAyLzIvMSA1MzAzLzMvMSA1MzA0LzQvMQpmIDUzMDUvMS8xIDUzMDYvMi8xIDUzMDcvMy8xIDUzMDgvNC8xCmYgNTMwOS8xLzEgNTMxMC8yLzEgNTMxMS8zLzEgNTMxMi80LzEKZiA1MzEzLzEvMSA1MzE0LzIvMSA1MzE1LzMvMSA1MzE2LzQvMQpmIDUzMTcvMS8xIDUzMTgvMi8xIDUzMTkvMy8xIDUzMjAvNC8xCmYgNTMyMS8xLzEgNTMyMi8yLzEgNTMyMy8zLzEgNTMyNC80LzEKZiA1MzI1LzEvMSA1MzI2LzIvMSA1MzI3LzMvMSA1MzI4LzQvMQpmIDUzMjkvMS8xIDUzMzAvMi8xIDUzMzEvMy8xIDUzMzIvNC8xCmYgNTMzMy8xLzEgNTMzNC8yLzEgNTMzNS8zLzEgNTMzNi80LzEKZiA1MzM3LzEvMSA1MzM4LzIvMSA1MzM5LzMvMSA1MzQwLzQvMQpmIDUzNDEvMS8xIDUzNDIvMi8xIDUzNDMvMy8xIDUzNDQvNC8xCmYgNTM0NS8xLzEgNTM0Ni8yLzEgNTM0Ny8zLzEgNTM0OC80LzEKZiA1MzQ5LzEvMSA1MzUwLzIvMSA1MzUxLzMvMSA1MzUyLzQvMQpmIDUzNTMvMS8xIDUzNTQvMi8xIDUzNTUvMy8xIDUzNTYvNC8xCmYgNTM1Ny8xLzEgNTM1OC8yLzEgNTM1OS8zLzEgNTM2MC80LzEKZiA1MzYxLzEvMSA1MzYyLzIvMSA1MzYzLzMvMSA1MzY0LzQvMQpmIDUzNjUvMS8xIDUzNjYvMi8xIDUzNjcvMy8xIDUzNjgvNC8xCmYgNTM2OS8xLzEgNTM3MC8yLzEgNTM3MS8zLzEgNTM3Mi80LzEKZiA1MzczLzEvMSA1Mzc0LzIvMSA1Mzc1LzMvMSA1Mzc2LzQvMQpmIDUzNzcvMS8xIDUzNzgvMi8xIDUzNzkvMy8xIDUzODAvNC8xCmYgNTM4MS8xLzEgNTM4Mi8yLzEgNTM4My8zLzEgNTM4NC80LzEKZiA1Mzg1LzEvMSA1Mzg2LzIvMSA1Mzg3LzMvMSA1Mzg4LzQvMQpmIDUzODkvMS8xIDUzOTAvMi8xIDUzOTEvMy8xIDUzOTIvNC8xCmYgNTM5My8xLzEgNTM5NC8yLzEgNTM5NS8zLzEgNTM5Ni80LzEKZiA1Mzk3LzEvMSA1Mzk4LzIvMSA1Mzk5LzMvMSA1NDAwLzQvMQpmIDU0MDEvMS8xIDU0MDIvMi8xIDU0MDMvMy8xIDU0MDQvNC8xCmYgNTQwNS8xLzEgNTQwNi8yLzEgNTQwNy8zLzEgNTQwOC80LzEKZiA1NDA5LzEvMSA1NDEwLzIvMSA1NDExLzMvMSA1NDEyLzQvMQpmIDU0MTMvMS8xIDU0MTQvMi8xIDU0MTUvMy8xIDU0MTYvNC8xCmYgNTQxNy8xLzEgNTQxOC8yLzEgNTQxOS8zLzEgNTQyMC80LzEKZiA1NDIxLzEvMSA1NDIyLzIvMSA1NDIzLzMvMSA1NDI0LzQvMQpmIDU0MjUvMS8xIDU0MjYvMi8xIDU0MjcvMy8xIDU0MjgvNC8xCmYgNTQyOS8xLzEgNTQzMC8yLzEgNTQzMS8zLzEgNTQzMi80LzEKZiA1NDMzLzEvMSA1NDM0LzIvMSA1NDM1LzMvMSA1NDM2LzQvMQpmIDU0MzcvMS8xIDU0MzgvMi8xIDU0MzkvMy8xIDU0NDAvNC8xCmYgNTQ0MS8xLzEgNTQ0Mi8yLzEgNTQ0My8zLzEgNTQ0NC80LzEKZiA1NDQ1LzEvMSA1NDQ2LzIvMSA1NDQ3LzMvMSA1NDQ4LzQvMQpmIDU0NDkvMS8xIDU0NTAvMi8xIDU0NTEvMy8xIDU0NTIvNC8xCmYgNTQ1My8xLzEgNTQ1NC8yLzEgNTQ1NS8zLzEgNTQ1Ni80LzEKZiA1NDU3LzEvMSA1NDU4LzIvMSA1NDU5LzMvMSA1NDYwLzQvMQpmIDU0NjEvMS8xIDU0NjIvMi8xIDU0NjMvMy8xIDU0NjQvNC8xCmYgNTQ2NS8xLzEgNTQ2Ni8yLzEgNTQ2Ny8zLzEgNTQ2OC80LzEKZiA1NDY5LzEvMSA1NDcwLzIvMSA1NDcxLzMvMSA1NDcyLzQvMQpmIDU0NzMvMS8xIDU0NzQvMi8xIDU0NzUvMy8xIDU0NzYvNC8xCmYgNTQ3Ny8xLzEgNTQ3OC8yLzEgNTQ3OS8zLzEgNTQ4MC80LzEKZiA1NDgxLzEvMSA1NDgyLzIvMSA1NDgzLzMvMSA1NDg0LzQvMQpmIDU0ODUvMS8xIDU0ODYvMi8xIDU0ODcvMy8xIDU0ODgvNC8xCmYgNTQ4OS8xLzEgNTQ5MC8yLzEgNTQ5MS8zLzEgNTQ5Mi80LzEKZiA1NDkzLzEvMSA1NDk0LzIvMSA1NDk1LzMvMSA1NDk2LzQvMQpmIDU0OTcvMS8xIDU0OTgvMi8xIDU0OTkvMy8xIDU1MDAvNC8xCmYgNTUwMS8xLzEgNTUwMi8yLzEgNTUwMy8zLzEgNTUwNC80LzEKZiA1NTA1LzEvMSA1NTA2LzIvMSA1NTA3LzMvMSA1NTA4LzQvMQpmIDU1MDkvMS8xIDU1MTAvMi8xIDU1MTEvMy8xIDU1MTIvNC8xCmYgNTUxMy8xLzEgNTUxNC8yLzEgNTUxNS8zLzEgNTUxNi80LzEKZiA1NTE3LzEvMSA1NTE4LzIvMSA1NTE5LzMvMSA1NTIwLzQvMQpmIDU1MjEvMS8xIDU1MjIvMi8xIDU1MjMvMy8xIDU1MjQvNC8xCmYgNTUyNS8xLzEgNTUyNi8yLzEgNTUyNy8zLzEgNTUyOC80LzEKZiA1NTI5LzEvMSA1NTMwLzIvMSA1NTMxLzMvMSA1NTMyLzQvMQpmIDU1MzMvMS8xIDU1MzQvMi8xIDU1MzUvMy8xIDU1MzYvNC8xCmYgNTUzNy8xLzEgNTUzOC8yLzEgNTUzOS8zLzEgNTU0MC80LzEKZiA1NTQxLzEvMSA1NTQyLzIvMSA1NTQzLzMvMSA1NTQ0LzQvMQpmIDU1NDUvMS8xIDU1NDYvMi8xIDU1NDcvMy8xIDU1NDgvNC8xCmYgNTU0OS8xLzEgNTU1MC8yLzEgNTU1MS8zLzEgNTU1Mi80LzEKZiA1NTUzLzEvMSA1NTU0LzIvMSA1NTU1LzMvMSA1NTU2LzQvMQpmIDU1NTcvMS8xIDU1NTgvMi8xIDU1NTkvMy8xIDU1NjAvNC8xCmYgNTU2MS8xLzEgNTU2Mi8yLzEgNTU2My8zLzEgNTU2NC80LzEKZiA1NTY1LzEvMSA1NTY2LzIvMSA1NTY3LzMvMSA1NTY4LzQvMQpmIDU1NjkvMS8xIDU1NzAvMi8xIDU1NzEvMy8xIDU1NzIvNC8xCmYgNTU3My8xLzEgNTU3NC8yLzEgNTU3NS8zLzEgNTU3Ni80LzEKZiA1NTc3LzEvMSA1NTc4LzIvMSA1NTc5LzMvMSA1NTgwLzQvMQpmIDU1ODEvMS8xIDU1ODIvMi8xIDU1ODMvMy8xIDU1ODQvNC8xCmYgNTU4NS8xLzEgNTU4Ni8yLzEgNTU4Ny8zLzEgNTU4OC80LzEKZiA1NTg5LzEvMSA1NTkwLzIvMSA1NTkxLzMvMSA1NTkyLzQvMQpmIDU1OTMvMS8xIDU1OTQvMi8xIDU1OTUvMy8xIDU1OTYvNC8xCmYgNTU5Ny8xLzEgNTU5OC8yLzEgNTU5OS8zLzEgNTYwMC80LzEKZiA1NjAxLzEvMSA1NjAyLzIvMSA1NjAzLzMvMSA1NjA0LzQvMQpmIDU2MDUvMS8xIDU2MDYvMi8xIDU2MDcvMy8xIDU2MDgvNC8xCmYgNTYwOS8xLzEgNTYxMC8yLzEgNTYxMS8zLzEgNTYxMi80LzEKZiA1NjEzLzEvMSA1NjE0LzIvMSA1NjE1LzMvMSA1NjE2LzQvMQpmIDU2MTcvMS8xIDU2MTgvMi8xIDU2MTkvMy8xIDU2MjAvNC8xCmYgNTYyMS8xLzEgNTYyMi8yLzEgNTYyMy8zLzEgNTYyNC80LzEKZiA1NjI1LzEvMSA1NjI2LzIvMSA1NjI3LzMvMSA1NjI4LzQvMQpmIDU2MjkvMS8xIDU2MzAvMi8xIDU2MzEvMy8xIDU2MzIvNC8xCmYgNTYzMy8xLzEgNTYzNC8yLzEgNTYzNS8zLzEgNTYzNi80LzEKZiA1NjM3LzEvMSA1NjM4LzIvMSA1NjM5LzMvMSA1NjQwLzQvMQpmIDU2NDEvMS8xIDU2NDIvMi8xIDU2NDMvMy8xIDU2NDQvNC8xCmYgNTY0NS8xLzEgNTY0Ni8yLzEgNTY0Ny8zLzEgNTY0OC80LzEKZiA1NjQ5LzEvMSA1NjUwLzIvMSA1NjUxLzMvMSA1NjUyLzQvMQpmIDU2NTMvMS8xIDU2NTQvMi8xIDU2NTUvMy8xIDU2NTYvNC8xCmYgNTY1Ny8xLzEgNTY1OC8yLzEgNTY1OS8zLzEgNTY2MC80LzEKZiA1NjYxLzEvMSA1NjYyLzIvMSA1NjYzLzMvMSA1NjY0LzQvMQpmIDU2NjUvMS8xIDU2NjYvMi8xIDU2NjcvMy8xIDU2NjgvNC8xCmYgNTY2OS8xLzEgNTY3MC8yLzEgNTY3MS8zLzEgNTY3Mi80LzEKZiA1NjczLzEvMSA1Njc0LzIvMSA1Njc1LzMvMSA1Njc2LzQvMQpmIDU2NzcvMS8xIDU2NzgvMi8xIDU2NzkvMy8xIDU2ODAvNC8xCmYgNTY4MS8xLzEgNTY4Mi8yLzEgNTY4My8zLzEgNTY4NC80LzEKZiA1Njg1LzEvMSA1Njg2LzIvMSA1Njg3LzMvMSA1Njg4LzQvMQpmIDU2ODkvMS8xIDU2OTAvMi8xIDU2OTEvMy8xIDU2OTIvNC8xCmYgNTY5My8xLzEgNTY5NC8yLzEgNTY5NS8zLzEgNTY5Ni80LzEKZiA1Njk3LzEvMSA1Njk4LzIvMSA1Njk5LzMvMSA1NzAwLzQvMQpmIDU3MDEvMS8xIDU3MDIvMi8xIDU3MDMvMy8xIDU3MDQvNC8xCmYgNTcwNS8xLzEgNTcwNi8yLzEgNTcwNy8zLzEgNTcwOC80LzEKZiA1NzA5LzEvMSA1NzEwLzIvMSA1NzExLzMvMSA1NzEyLzQvMQpmIDU3MTMvMS8xIDU3MTQvMi8xIDU3MTUvMy8xIDU3MTYvNC8xCmYgNTcxNy8xLzEgNTcxOC8yLzEgNTcxOS8zLzEgNTcyMC80LzEKZiA1NzIxLzEvMSA1NzIyLzIvMSA1NzIzLzMvMSA1NzI0LzQvMQpmIDU3MjUvMS8xIDU3MjYvMi8xIDU3MjcvMy8xIDU3MjgvNC8xCmYgNTcyOS8xLzEgNTczMC8yLzEgNTczMS8zLzEgNTczMi80LzEKZiA1NzMzLzEvMSA1NzM0LzIvMSA1NzM1LzMvMSA1NzM2LzQvMQpmIDU3MzcvMS8xIDU3MzgvMi8xIDU3MzkvMy8xIDU3NDAvNC8xCmYgNTc0MS8xLzEgNTc0Mi8yLzEgNTc0My8zLzEgNTc0NC80LzEKZiA1NzQ1LzEvMSA1NzQ2LzIvMSA1NzQ3LzMvMSA1NzQ4LzQvMQpmIDU3NDkvMS8xIDU3NTAvMi8xIDU3NTEvMy8xIDU3NTIvNC8xCmYgNTc1My8xLzEgNTc1NC8yLzEgNTc1NS8zLzEgNTc1Ni80LzEKZiA1NzU3LzEvMSA1NzU4LzIvMSA1NzU5LzMvMSA1NzYwLzQvMQpmIDU3NjEvMS8xIDU3NjIvMi8xIDU3NjMvMy8xIDU3NjQvNC8xCmYgNTc2NS8xLzEgNTc2Ni8yLzEgNTc2Ny8zLzEgNTc2OC80LzEKZiA1NzY5LzEvMSA1NzcwLzIvMSA1NzcxLzMvMSA1NzcyLzQvMQpmIDU3NzMvMS8xIDU3NzQvMi8xIDU3NzUvMy8xIDU3NzYvNC8xCmYgNTc3Ny8xLzEgNTc3OC8yLzEgNTc3OS8zLzEgNTc4MC80LzEKZiA1NzgxLzEvMSA1NzgyLzIvMSA1NzgzLzMvMSA1Nzg0LzQvMQpmIDU3ODUvMS8xIDU3ODYvMi8xIDU3ODcvMy8xIDU3ODgvNC8xCmYgNTc4OS8xLzEgNTc5MC8yLzEgNTc5MS8zLzEgNTc5Mi80LzEKZiA1NzkzLzEvMSA1Nzk0LzIvMSA1Nzk1LzMvMSA1Nzk2LzQvMQpmIDU3OTcvMS8xIDU3OTgvMi8xIDU3OTkvMy8xIDU4MDAvNC8xCmYgNTgwMS8xLzEgNTgwMi8yLzEgNTgwMy8zLzEgNTgwNC80LzEKZiA1ODA1LzEvMSA1ODA2LzIvMSA1ODA3LzMvMSA1ODA4LzQvMQpmIDU4MDkvMS8xIDU4MTAvMi8xIDU4MTEvMy8xIDU4MTIvNC8xCmYgNTgxMy8xLzEgNTgxNC8yLzEgNTgxNS8zLzEgNTgxNi80LzEKZiA1ODE3LzEvMSA1ODE4LzIvMSA1ODE5LzMvMSA1ODIwLzQvMQpmIDU4MjEvMS8xIDU4MjIvMi8xIDU4MjMvMy8xIDU4MjQvNC8xCmYgNTgyNS8xLzEgNTgyNi8yLzEgNTgyNy8zLzEgNTgyOC80LzEKZiA1ODI5LzEvMSA1ODMwLzIvMSA1ODMxLzMvMSA1ODMyLzQvMQpmIDU4MzMvMS8xIDU4MzQvMi8xIDU4MzUvMy8xIDU4MzYvNC8xCmYgNTgzNy8xLzEgNTgzOC8yLzEgNTgzOS8zLzEgNTg0MC80LzEKZiA1ODQxLzEvMSA1ODQyLzIvMSA1ODQzLzMvMSA1ODQ0LzQvMQpmIDU4NDUvMS8xIDU4NDYvMi8xIDU4NDcvMy8xIDU4NDgvNC8xCmYgNTg0OS8xLzEgNTg1MC8yLzEgNTg1MS8zLzEgNTg1Mi80LzEKZiA1ODUzLzEvMSA1ODU0LzIvMSA1ODU1LzMvMSA1ODU2LzQvMQpmIDU4NTcvMS8xIDU4NTgvMi8xIDU4NTkvMy8xIDU4NjAvNC8xCmYgNTg2MS8xLzEgNTg2Mi8yLzEgNTg2My8zLzEgNTg2NC80LzEKZiA1ODY1LzEvMSA1ODY2LzIvMSA1ODY3LzMvMSA1ODY4LzQvMQpmIDU4NjkvMS8xIDU4NzAvMi8xIDU4NzEvMy8xIDU4NzIvNC8xCmYgNTg3My8xLzEgNTg3NC8yLzEgNTg3NS8zLzEgNTg3Ni80LzEKZiA1ODc3LzEvMSA1ODc4LzIvMSA1ODc5LzMvMSA1ODgwLzQvMQpmIDU4ODEvMS8xIDU4ODIvMi8xIDU4ODMvMy8xIDU4ODQvNC8xCmYgNTg4NS8xLzEgNTg4Ni8yLzEgNTg4Ny8zLzEgNTg4OC80LzEKZiA1ODg5LzEvMSA1ODkwLzIvMSA1ODkxLzMvMSA1ODkyLzQvMQpmIDU4OTMvMS8xIDU4OTQvMi8xIDU4OTUvMy8xIDU4OTYvNC8xCmYgNTg5Ny8xLzEgNTg5OC8yLzEgNTg5OS8zLzEgNTkwMC80LzEKZiA1OTAxLzEvMSA1OTAyLzIvMSA1OTAzLzMvMSA1OTA0LzQvMQpmIDU5MDUvMS8xIDU5MDYvMi8xIDU5MDcvMy8xIDU5MDgvNC8xCmYgNTkwOS8xLzEgNTkxMC8yLzEgNTkxMS8zLzEgNTkxMi80LzEKZiA1OTEzLzEvMSA1OTE0LzIvMSA1OTE1LzMvMSA1OTE2LzQvMQpmIDU5MTcvMS8xIDU5MTgvMi8xIDU5MTkvMy8xIDU5MjAvNC8xCmYgNTkyMS8xLzEgNTkyMi8yLzEgNTkyMy8zLzEgNTkyNC80LzEKZiA1OTI1LzEvMSA1OTI2LzIvMSA1OTI3LzMvMSA1OTI4LzQvMQpmIDU5MjkvMS8xIDU5MzAvMi8xIDU5MzEvMy8xIDU5MzIvNC8xCmYgNTkzMy8xLzEgNTkzNC8yLzEgNTkzNS8zLzEgNTkzNi80LzEKZiA1OTM3LzEvMSA1OTM4LzIvMSA1OTM5LzMvMSA1OTQwLzQvMQpmIDU5NDEvMS8xIDU5NDIvMi8xIDU5NDMvMy8xIDU5NDQvNC8xCmYgNTk0NS8xLzEgNTk0Ni8yLzEgNTk0Ny8zLzEgNTk0OC80LzEKZiA1OTQ5LzEvMSA1OTUwLzIvMSA1OTUxLzMvMSA1OTUyLzQvMQpmIDU5NTMvMS8xIDU5NTQvMi8xIDU5NTUvMy8xIDU5NTYvNC8xCmYgNTk1Ny8xLzEgNTk1OC8yLzEgNTk1OS8zLzEgNTk2MC80LzEKZiA1OTYxLzEvMSA1OTYyLzIvMSA1OTYzLzMvMSA1OTY0LzQvMQpmIDU5NjUvMS8xIDU5NjYvMi8xIDU5NjcvMy8xIDU5NjgvNC8xCmYgNTk2OS8xLzEgNTk3MC8yLzEgNTk3MS8zLzEgNTk3Mi80LzEKZiA1OTczLzEvMSA1OTc0LzIvMSA1OTc1LzMvMSA1OTc2LzQvMQpmIDU5NzcvMS8xIDU5NzgvMi8xIDU5NzkvMy8xIDU5ODAvNC8xCmYgNTk4MS8xLzEgNTk4Mi8yLzEgNTk4My8zLzEgNTk4NC80LzEKZiA1OTg1LzEvMSA1OTg2LzIvMSA1OTg3LzMvMSA1OTg4LzQvMQpmIDU5ODkvMS8xIDU5OTAvMi8xIDU5OTEvMy8xIDU5OTIvNC8xCmYgNTk5My8xLzEgNTk5NC8yLzEgNTk5NS8zLzEgNTk5Ni80LzEKZiA1OTk3LzEvMSA1OTk4LzIvMSA1OTk5LzMvMSA2MDAwLzQvMQpmIDYwMDEvMS8xIDYwMDIvMi8xIDYwMDMvMy8xIDYwMDQvNC8xCmYgNjAwNS8xLzEgNjAwNi8yLzEgNjAwNy8zLzEgNjAwOC80LzEKZiA2MDA5LzEvMSA2MDEwLzIvMSA2MDExLzMvMSA2MDEyLzQvMQpmIDYwMTMvMS8xIDYwMTQvMi8xIDYwMTUvMy8xIDYwMTYvNC8xCmYgNjAxNy8xLzEgNjAxOC8yLzEgNjAxOS8zLzEgNjAyMC80LzEKZiA2MDIxLzEvMSA2MDIyLzIvMSA2MDIzLzMvMSA2MDI0LzQvMQpmIDYwMjUvMS8xIDYwMjYvMi8xIDYwMjcvMy8xIDYwMjgvNC8xCmYgNjAyOS8xLzEgNjAzMC8yLzEgNjAzMS8zLzEgNjAzMi80LzEKZiA2MDMzLzEvMSA2MDM0LzIvMSA2MDM1LzMvMSA2MDM2LzQvMQpmIDYwMzcvMS8xIDYwMzgvMi8xIDYwMzkvMy8xIDYwNDAvNC8xCmYgNjA0MS8xLzEgNjA0Mi8yLzEgNjA0My8zLzEgNjA0NC80LzEKZiA2MDQ1LzEvMSA2MDQ2LzIvMSA2MDQ3LzMvMSA2MDQ4LzQvMQpmIDYwNDkvMS8xIDYwNTAvMi8xIDYwNTEvMy8xIDYwNTIvNC8xCmYgNjA1My8xLzEgNjA1NC8yLzEgNjA1NS8zLzEgNjA1Ni80LzEKZiA2MDU3LzEvMSA2MDU4LzIvMSA2MDU5LzMvMSA2MDYwLzQvMQpmIDYwNjEvMS8xIDYwNjIvMi8xIDYwNjMvMy8xIDYwNjQvNC8xCmYgNjA2NS8xLzEgNjA2Ni8yLzEgNjA2Ny8zLzEgNjA2OC80LzEKZiA2MDY5LzEvMSA2MDcwLzIvMSA2MDcxLzMvMSA2MDcyLzQvMQpmIDYwNzMvMS8xIDYwNzQvMi8xIDYwNzUvMy8xIDYwNzYvNC8xCmYgNjA3Ny8xLzEgNjA3OC8yLzEgNjA3OS8zLzEgNjA4MC80LzEKZiA2MDgxLzEvMSA2MDgyLzIvMSA2MDgzLzMvMSA2MDg0LzQvMQpmIDYwODUvMS8xIDYwODYvMi8xIDYwODcvMy8xIDYwODgvNC8xCmYgNjA4OS8xLzEgNjA5MC8yLzEgNjA5MS8zLzEgNjA5Mi80LzEKZiA2MDkzLzEvMSA2MDk0LzIvMSA2MDk1LzMvMSA2MDk2LzQvMQpmIDYwOTcvMS8xIDYwOTgvMi8xIDYwOTkvMy8xIDYxMDAvNC8xCmYgNjEwMS8xLzEgNjEwMi8yLzEgNjEwMy8zLzEgNjEwNC80LzEKZiA2MTA1LzEvMSA2MTA2LzIvMSA2MTA3LzMvMSA2MTA4LzQvMQpmIDYxMDkvMS8xIDYxMTAvMi8xIDYxMTEvMy8xIDYxMTIvNC8xCmYgNjExMy8xLzEgNjExNC8yLzEgNjExNS8zLzEgNjExNi80LzEKZiA2MTE3LzEvMSA2MTE4LzIvMSA2MTE5LzMvMSA2MTIwLzQvMQpmIDYxMjEvMS8xIDYxMjIvMi8xIDYxMjMvMy8xIDYxMjQvNC8xCmYgNjEyNS8xLzEgNjEyNi8yLzEgNjEyNy8zLzEgNjEyOC80LzEKZiA2MTI5LzEvMSA2MTMwLzIvMSA2MTMxLzMvMSA2MTMyLzQvMQpmIDYxMzMvMS8xIDYxMzQvMi8xIDYxMzUvMy8xIDYxMzYvNC8xCmYgNjEzNy8xLzEgNjEzOC8yLzEgNjEzOS8zLzEgNjE0MC80LzEKZiA2MTQxLzEvMSA2MTQyLzIvMSA2MTQzLzMvMSA2MTQ0LzQvMQpmIDYxNDUvMS8xIDYxNDYvMi8xIDYxNDcvMy8xIDYxNDgvNC8xCmYgNjE0OS8xLzEgNjE1MC8yLzEgNjE1MS8zLzEgNjE1Mi80LzEKZiA2MTUzLzEvMSA2MTU0LzIvMSA2MTU1LzMvMSA2MTU2LzQvMQpmIDYxNTcvMS8xIDYxNTgvMi8xIDYxNTkvMy8xIDYxNjAvNC8xCmYgNjE2MS8xLzEgNjE2Mi8yLzEgNjE2My8zLzEgNjE2NC80LzEKZiA2MTY1LzEvMSA2MTY2LzIvMSA2MTY3LzMvMSA2MTY4LzQvMQpmIDYxNjkvMS8xIDYxNzAvMi8xIDYxNzEvMy8xIDYxNzIvNC8xCmYgNjE3My8xLzEgNjE3NC8yLzEgNjE3NS8zLzEgNjE3Ni80LzEKZiA2MTc3LzEvMSA2MTc4LzIvMSA2MTc5LzMvMSA2MTgwLzQvMQpmIDYxODEvMS8xIDYxODIvMi8xIDYxODMvMy8xIDYxODQvNC8xCmYgNjE4NS8xLzEgNjE4Ni8yLzEgNjE4Ny8zLzEgNjE4OC80LzEKZiA2MTg5LzEvMSA2MTkwLzIvMSA2MTkxLzMvMSA2MTkyLzQvMQpmIDYxOTMvMS8xIDYxOTQvMi8xIDYxOTUvMy8xIDYxOTYvNC8xCmYgNjE5Ny8xLzEgNjE5OC8yLzEgNjE5OS8zLzEgNjIwMC80LzEKZiA2MjAxLzEvMSA2MjAyLzIvMSA2MjAzLzMvMSA2MjA0LzQvMQpmIDYyMDUvMS8xIDYyMDYvMi8xIDYyMDcvMy8xIDYyMDgvNC8xCmYgNjIwOS8xLzEgNjIxMC8yLzEgNjIxMS8zLzEgNjIxMi80LzEKZiA2MjEzLzEvMSA2MjE0LzIvMSA2MjE1LzMvMSA2MjE2LzQvMQpmIDYyMTcvMS8xIDYyMTgvMi8xIDYyMTkvMy8xIDYyMjAvNC8xCmYgNjIyMS8xLzEgNjIyMi8yLzEgNjIyMy8zLzEgNjIyNC80LzEKZiA2MjI1LzEvMSA2MjI2LzIvMSA2MjI3LzMvMSA2MjI4LzQvMQpmIDYyMjkvMS8xIDYyMzAvMi8xIDYyMzEvMy8xIDYyMzIvNC8xCmYgNjIzMy8xLzEgNjIzNC8yLzEgNjIzNS8zLzEgNjIzNi80LzEKZiA2MjM3LzEvMSA2MjM4LzIvMSA2MjM5LzMvMSA2MjQwLzQvMQpmIDYyNDEvMS8xIDYyNDIvMi8xIDYyNDMvMy8xIDYyNDQvNC8xCmYgNjI0NS8xLzEgNjI0Ni8yLzEgNjI0Ny8zLzEgNjI0OC80LzEKZiA2MjQ5LzEvMSA2MjUwLzIvMSA2MjUxLzMvMSA2MjUyLzQvMQpmIDYyNTMvMS8xIDYyNTQvMi8xIDYyNTUvMy8xIDYyNTYvNC8xCmYgNjI1Ny8xLzEgNjI1OC8yLzEgNjI1OS8zLzEgNjI2MC80LzEKZiA2MjYxLzEvMSA2MjYyLzIvMSA2MjYzLzMvMSA2MjY0LzQvMQpmIDYyNjUvMS8xIDYyNjYvMi8xIDYyNjcvMy8xIDYyNjgvNC8xCmYgNjI2OS8xLzEgNjI3MC8yLzEgNjI3MS8zLzEgNjI3Mi80LzEKZiA2MjczLzEvMSA2Mjc0LzIvMSA2Mjc1LzMvMSA2Mjc2LzQvMQpmIDYyNzcvMS8xIDYyNzgvMi8xIDYyNzkvMy8xIDYyODAvNC8xCmYgNjI4MS8xLzEgNjI4Mi8yLzEgNjI4My8zLzEgNjI4NC80LzEKZiA2Mjg1LzEvMSA2Mjg2LzIvMSA2Mjg3LzMvMSA2Mjg4LzQvMQpmIDYyODkvMS8xIDYyOTAvMi8xIDYyOTEvMy8xIDYyOTIvNC8xCmYgNjI5My8xLzEgNjI5NC8yLzEgNjI5NS8zLzEgNjI5Ni80LzEKZiA2Mjk3LzEvMSA2Mjk4LzIvMSA2Mjk5LzMvMSA2MzAwLzQvMQpmIDYzMDEvMS8xIDYzMDIvMi8xIDYzMDMvMy8xIDYzMDQvNC8xCmYgNjMwNS8xLzEgNjMwNi8yLzEgNjMwNy8zLzEgNjMwOC80LzEKZiA2MzA5LzEvMSA2MzEwLzIvMSA2MzExLzMvMSA2MzEyLzQvMQpmIDYzMTMvMS8xIDYzMTQvMi8xIDYzMTUvMy8xIDYzMTYvNC8xCmYgNjMxNy8xLzEgNjMxOC8yLzEgNjMxOS8zLzEgNjMyMC80LzEKZiA2MzIxLzEvMSA2MzIyLzIvMSA2MzIzLzMvMSA2MzI0LzQvMQpmIDYzMjUvMS8xIDYzMjYvMi8xIDYzMjcvMy8xIDYzMjgvNC8xCmYgNjMyOS8xLzEgNjMzMC8yLzEgNjMzMS8zLzEgNjMzMi80LzEKZiA2MzMzLzEvMSA2MzM0LzIvMSA2MzM1LzMvMSA2MzM2LzQvMQpmIDYzMzcvMS8xIDYzMzgvMi8xIDYzMzkvMy8xIDYzNDAvNC8xCmYgNjM0MS8xLzEgNjM0Mi8yLzEgNjM0My8zLzEgNjM0NC80LzEKZiA2MzQ1LzEvMSA2MzQ2LzIvMSA2MzQ3LzMvMSA2MzQ4LzQvMQpmIDYzNDkvMS8xIDYzNTAvMi8xIDYzNTEvMy8xIDYzNTIvNC8xCmYgNjM1My8xLzEgNjM1NC8yLzEgNjM1NS8zLzEgNjM1Ni80LzEKZiA2MzU3LzEvMSA2MzU4LzIvMSA2MzU5LzMvMSA2MzYwLzQvMQpmIDYzNjEvMS8xIDYzNjIvMi8xIDYzNjMvMy8xIDYzNjQvNC8xCmYgNjM2NS80MS8xIDYzNjYvNDIvMSA2MzY3LzQzLzEgNjM2OC80NC8xCmYgNjM2OS8xLzEgNjM3MC8yLzEgNjM3MS8zLzEgNjM3Mi80LzEKZiA2MzczLzEvMSA2Mzc0LzIvMSA2Mzc1LzMvMSA2Mzc2LzQvMQpmIDYzNzcvMS8xIDYzNzgvMi8xIDYzNzkvMy8xIDYzODAvNC8xCmYgNjM4MS8xLzEgNjM4Mi8yLzEgNjM4My8zLzEgNjM4NC80LzEKZiA2Mzg1LzEvMSA2Mzg2LzIvMSA2Mzg3LzMvMSA2Mzg4LzQvMQpmIDYzODkvMS8xIDYzOTAvMi8xIDYzOTEvMy8xIDYzOTIvNC8xCmYgNjM5My8xLzEgNjM5NC8yLzEgNjM5NS8zLzEgNjM5Ni80LzEKZiA2Mzk3LzEvMSA2Mzk4LzIvMSA2Mzk5LzMvMSA2NDAwLzQvMQpmIDY0MDEvMS8xIDY0MDIvMi8xIDY0MDMvMy8xIDY0MDQvNC8xCmYgNjQwNS8xLzEgNjQwNi8yLzEgNjQwNy8zLzEgNjQwOC80LzEKZiA2NDA5LzEvMSA2NDEwLzIvMSA2NDExLzMvMSA2NDEyLzQvMQpmIDY0MTMvMS8xIDY0MTQvMi8xIDY0MTUvMy8xIDY0MTYvNC8xCmYgNjQxNy8xLzEgNjQxOC8yLzEgNjQxOS8zLzEgNjQyMC80LzEKZiA2NDIxLzEvMSA2NDIyLzIvMSA2NDIzLzMvMSA2NDI0LzQvMQpmIDY0MjUvMS8xIDY0MjYvMi8xIDY0MjcvMy8xIDY0MjgvNC8xCmYgNjQyOS8xLzEgNjQzMC8yLzEgNjQzMS8zLzEgNjQzMi80LzEKZiA2NDMzLzEvMSA2NDM0LzIvMSA2NDM1LzMvMSA2NDM2LzQvMQpmIDY0MzcvMS8xIDY0MzgvMi8xIDY0MzkvMy8xIDY0NDAvNC8xCmYgNjQ0MS8xLzEgNjQ0Mi8yLzEgNjQ0My8zLzEgNjQ0NC80LzEKZiA2NDQ1LzEvMSA2NDQ2LzIvMSA2NDQ3LzMvMSA2NDQ4LzQvMQpmIDY0NDkvMS8xIDY0NTAvMi8xIDY0NTEvMy8xIDY0NTIvNC8xCmYgNjQ1My8xLzEgNjQ1NC8yLzEgNjQ1NS8zLzEgNjQ1Ni80LzEKZiA2NDU3LzEvMSA2NDU4LzIvMSA2NDU5LzMvMSA2NDYwLzQvMQpmIDY0NjEvMS8xIDY0NjIvMi8xIDY0NjMvMy8xIDY0NjQvNC8xCmYgNjQ2NS8xLzEgNjQ2Ni8yLzEgNjQ2Ny8zLzEgNjQ2OC80LzEKZiA2NDY5LzEvMSA2NDcwLzIvMSA2NDcxLzMvMSA2NDcyLzQvMQpmIDY0NzMvMS8xIDY0NzQvMi8xIDY0NzUvMy8xIDY0NzYvNC8xCmYgNjQ3Ny8xLzEgNjQ3OC8yLzEgNjQ3OS8zLzEgNjQ4MC80LzEKZiA2NDgxLzEvMSA2NDgyLzIvMSA2NDgzLzMvMSA2NDg0LzQvMQpmIDY0ODUvMS8xIDY0ODYvMi8xIDY0ODcvMy8xIDY0ODgvNC8xCmYgNjQ4OS8xLzEgNjQ5MC8yLzEgNjQ5MS8zLzEgNjQ5Mi80LzEKZiA2NDkzLzEvMSA2NDk0LzIvMSA2NDk1LzMvMSA2NDk2LzQvMQpmIDY0OTcvMS8xIDY0OTgvMi8xIDY0OTkvMy8xIDY1MDAvNC8xCmYgNjUwMS8xLzEgNjUwMi8yLzEgNjUwMy8zLzEgNjUwNC80LzEKZiA2NTA1LzEvMSA2NTA2LzIvMSA2NTA3LzMvMSA2NTA4LzQvMQpmIDY1MDkvMS8xIDY1MTAvMi8xIDY1MTEvMy8xIDY1MTIvNC8xCmYgNjUxMy8xLzEgNjUxNC8yLzEgNjUxNS8zLzEgNjUxNi80LzEKZiA2NTE3LzEvMSA2NTE4LzIvMSA2NTE5LzMvMSA2NTIwLzQvMQpmIDY1MjEvMS8xIDY1MjIvMi8xIDY1MjMvMy8xIDY1MjQvNC8xCmYgNjUyNS8xLzEgNjUyNi8yLzEgNjUyNy8zLzEgNjUyOC80LzEKZiA2NTI5LzEvMSA2NTMwLzIvMSA2NTMxLzMvMSA2NTMyLzQvMQpmIDY1MzMvMS8xIDY1MzQvMi8xIDY1MzUvMy8xIDY1MzYvNC8xCmYgNjUzNy8xLzEgNjUzOC8yLzEgNjUzOS8zLzEgNjU0MC80LzEKZiA2NTQxLzEvMSA2NTQyLzIvMSA2NTQzLzMvMSA2NTQ0LzQvMQpmIDY1NDUvMS8xIDY1NDYvMi8xIDY1NDcvMy8xIDY1NDgvNC8xCmYgNjU0OS8xLzEgNjU1MC8yLzEgNjU1MS8zLzEgNjU1Mi80LzEKZiA2NTUzLzEvMSA2NTU0LzIvMSA2NTU1LzMvMSA2NTU2LzQvMQpmIDY1NTcvMS8xIDY1NTgvMi8xIDY1NTkvMy8xIDY1NjAvNC8xCmYgNjU2MS8xLzEgNjU2Mi8yLzEgNjU2My8zLzEgNjU2NC80LzEKZiA2NTY1LzEvMSA2NTY2LzIvMSA2NTY3LzMvMSA2NTY4LzQvMQpmIDY1NjkvMS8xIDY1NzAvMi8xIDY1NzEvMy8xIDY1NzIvNC8xCmYgNjU3My8xLzEgNjU3NC8yLzEgNjU3NS8zLzEgNjU3Ni80LzEKZiA2NTc3LzEvMSA2NTc4LzIvMSA2NTc5LzMvMSA2NTgwLzQvMQpmIDY1ODEvMS8xIDY1ODIvMi8xIDY1ODMvMy8xIDY1ODQvNC8xCmYgNjU4NS8xLzEgNjU4Ni8yLzEgNjU4Ny8zLzEgNjU4OC80LzEKZiA2NTg5LzEvMSA2NTkwLzIvMSA2NTkxLzMvMSA2NTkyLzQvMQpmIDY1OTMvMS8xIDY1OTQvMi8xIDY1OTUvMy8xIDY1OTYvNC8xCmYgNjU5Ny8xLzEgNjU5OC8yLzEgNjU5OS8zLzEgNjYwMC80LzEKZiA2NjAxLzEvMSA2NjAyLzIvMSA2NjAzLzMvMSA2NjA0LzQvMQpmIDY2MDUvMS8xIDY2MDYvMi8xIDY2MDcvMy8xIDY2MDgvNC8xCmYgNjYwOS8xLzEgNjYxMC8yLzEgNjYxMS8zLzEgNjYxMi80LzEKZiA2NjEzLzEvMSA2NjE0LzIvMSA2NjE1LzMvMSA2NjE2LzQvMQpmIDY2MTcvMS8xIDY2MTgvMi8xIDY2MTkvMy8xIDY2MjAvNC8xCmYgNjYyMS8xLzEgNjYyMi8yLzEgNjYyMy8zLzEgNjYyNC80LzEKZiA2NjI1LzEvMSA2NjI2LzIvMSA2NjI3LzMvMSA2NjI4LzQvMQpmIDY2MjkvMS8xIDY2MzAvMi8xIDY2MzEvMy8xIDY2MzIvNC8xCmYgNjYzMy8xLzEgNjYzNC8yLzEgNjYzNS8zLzEgNjYzNi80LzEKZiA2NjM3LzEvMSA2NjM4LzIvMSA2NjM5LzMvMSA2NjQwLzQvMQpmIDY2NDEvMS8xIDY2NDIvMi8xIDY2NDMvMy8xIDY2NDQvNC8xCmYgNjY0NS8xLzEgNjY0Ni8yLzEgNjY0Ny8zLzEgNjY0OC80LzEKZiA2NjQ5LzEvMSA2NjUwLzIvMSA2NjUxLzMvMSA2NjUyLzQvMQpmIDY2NTMvMS8xIDY2NTQvMi8xIDY2NTUvMy8xIDY2NTYvNC8xCmYgNjY1Ny8xLzEgNjY1OC8yLzEgNjY1OS8zLzEgNjY2MC80LzEKZiA2NjYxLzEvMSA2NjYyLzIvMSA2NjYzLzMvMSA2NjY0LzQvMQpmIDY2NjUvMS8xIDY2NjYvMi8xIDY2NjcvMy8xIDY2NjgvNC8xCmYgNjY2OS8xLzEgNjY3MC8yLzEgNjY3MS8zLzEgNjY3Mi80LzEKZiA2NjczLzEvMSA2Njc0LzIvMSA2Njc1LzMvMSA2Njc2LzQvMQpmIDY2NzcvMS8xIDY2NzgvMi8xIDY2NzkvMy8xIDY2ODAvNC8xCmYgNjY4MS8xLzEgNjY4Mi8yLzEgNjY4My8zLzEgNjY4NC80LzEKZiA2Njg1LzEvMSA2Njg2LzIvMSA2Njg3LzMvMSA2Njg4LzQvMQpmIDY2ODkvMS8xIDY2OTAvMi8xIDY2OTEvMy8xIDY2OTIvNC8xCmYgNjY5My8xLzEgNjY5NC8yLzEgNjY5NS8zLzEgNjY5Ni80LzEKZiA2Njk3LzEvMSA2Njk4LzIvMSA2Njk5LzMvMSA2NzAwLzQvMQpmIDY3MDEvMS8xIDY3MDIvMi8xIDY3MDMvMy8xIDY3MDQvNC8xCmYgNjcwNS8xLzEgNjcwNi8yLzEgNjcwNy8zLzEgNjcwOC80LzEKZiA2NzA5LzEvMSA2NzEwLzIvMSA2NzExLzMvMSA2NzEyLzQvMQpmIDY3MTMvMS8xIDY3MTQvMi8xIDY3MTUvMy8xIDY3MTYvNC8xCmYgNjcxNy8xLzEgNjcxOC8yLzEgNjcxOS8zLzEgNjcyMC80LzEKZiA2NzIxLzEvMSA2NzIyLzIvMSA2NzIzLzMvMSA2NzI0LzQvMQpmIDY3MjUvMS8xIDY3MjYvMi8xIDY3MjcvMy8xIDY3MjgvNC8xCmYgNjcyOS8xLzEgNjczMC8yLzEgNjczMS8zLzEgNjczMi80LzEKZiA2NzMzLzEvMSA2NzM0LzIvMSA2NzM1LzMvMSA2NzM2LzQvMQpmIDY3MzcvMS8xIDY3MzgvMi8xIDY3MzkvMy8xIDY3NDAvNC8xCmYgNjc0MS8xLzEgNjc0Mi8yLzEgNjc0My8zLzEgNjc0NC80LzEKZiA2NzQ1LzEvMSA2NzQ2LzIvMSA2NzQ3LzMvMSA2NzQ4LzQvMQpmIDY3NDkvMS8xIDY3NTAvMi8xIDY3NTEvMy8xIDY3NTIvNC8xCmYgNjc1My8xLzEgNjc1NC8yLzEgNjc1NS8zLzEgNjc1Ni80LzEKZiA2NzU3LzEvMSA2NzU4LzIvMSA2NzU5LzMvMSA2NzYwLzQvMQpmIDY3NjEvMS8xIDY3NjIvMi8xIDY3NjMvMy8xIDY3NjQvNC8xCmYgNjc2NS8xLzEgNjc2Ni8yLzEgNjc2Ny8zLzEgNjc2OC80LzEKZiA2NzY5LzEvMSA2NzcwLzIvMSA2NzcxLzMvMSA2NzcyLzQvMQpmIDY3NzMvMS8xIDY3NzQvMi8xIDY3NzUvMy8xIDY3NzYvNC8xCmYgNjc3Ny8xLzEgNjc3OC8yLzEgNjc3OS8zLzEgNjc4MC80LzEKZiA2NzgxLzEvMSA2NzgyLzIvMSA2NzgzLzMvMSA2Nzg0LzQvMQpmIDY3ODUvMS8xIDY3ODYvMi8xIDY3ODcvMy8xIDY3ODgvNC8xCmYgNjc4OS8xLzEgNjc5MC8yLzEgNjc5MS8zLzEgNjc5Mi80LzEKZiA2NzkzLzEvMSA2Nzk0LzIvMSA2Nzk1LzMvMSA2Nzk2LzQvMQpmIDY3OTcvMS8xIDY3OTgvMi8xIDY3OTkvMy8xIDY4MDAvNC8xCmYgNjgwMS8xLzEgNjgwMi8yLzEgNjgwMy8zLzEgNjgwNC80LzEKZiA2ODA1LzEvMSA2ODA2LzIvMSA2ODA3LzMvMSA2ODA4LzQvMQpmIDY4MDkvMS8xIDY4MTAvMi8xIDY4MTEvMy8xIDY4MTIvNC8xCmYgNjgxMy8xLzEgNjgxNC8yLzEgNjgxNS8zLzEgNjgxNi80LzEKZiA2ODE3LzEvMSA2ODE4LzIvMSA2ODE5LzMvMSA2ODIwLzQvMQpmIDY4MjEvMS8xIDY4MjIvMi8xIDY4MjMvMy8xIDY4MjQvNC8xCmYgNjgyNS8xLzEgNjgyNi8yLzEgNjgyNy8zLzEgNjgyOC80LzEKZiA2ODI5LzEvMSA2ODMwLzIvMSA2ODMxLzMvMSA2ODMyLzQvMQpmIDY4MzMvMS8xIDY4MzQvMi8xIDY4MzUvMy8xIDY4MzYvNC8xCmYgNjgzNy8xLzEgNjgzOC8yLzEgNjgzOS8zLzEgNjg0MC80LzEKZiA2ODQxLzEvMSA2ODQyLzIvMSA2ODQzLzMvMSA2ODQ0LzQvMQpmIDY4NDUvMS8xIDY4NDYvMi8xIDY4NDcvMy8xIDY4NDgvNC8xCmYgNjg0OS8xLzEgNjg1MC8yLzEgNjg1MS8zLzEgNjg1Mi80LzEKZiA2ODUzLzEvMSA2ODU0LzIvMSA2ODU1LzMvMSA2ODU2LzQvMQpmIDY4NTcvMS8xIDY4NTgvMi8xIDY4NTkvMy8xIDY4NjAvNC8xCmYgNjg2MS8xLzEgNjg2Mi8yLzEgNjg2My8zLzEgNjg2NC80LzEKZiA2ODY1LzEvMSA2ODY2LzIvMSA2ODY3LzMvMSA2ODY4LzQvMQpmIDY4NjkvMS8xIDY4NzAvMi8xIDY4NzEvMy8xIDY4NzIvNC8xCmYgNjg3My8xLzEgNjg3NC8yLzEgNjg3NS8zLzEgNjg3Ni80LzEKZiA2ODc3LzEvMSA2ODc4LzIvMSA2ODc5LzMvMSA2ODgwLzQvMQpmIDY4ODEvMS8xIDY4ODIvMi8xIDY4ODMvMy8xIDY4ODQvNC8xCmYgNjg4NS8xLzEgNjg4Ni8yLzEgNjg4Ny8zLzEgNjg4OC80LzEKZiA2ODg5LzEvMSA2ODkwLzIvMSA2ODkxLzMvMSA2ODkyLzQvMQpmIDY4OTMvMS8xIDY4OTQvMi8xIDY4OTUvMy8xIDY4OTYvNC8xCmYgNjg5Ny8xLzEgNjg5OC8yLzEgNjg5OS8zLzEgNjkwMC80LzEKZiA2OTAxLzEvMSA2OTAyLzIvMSA2OTAzLzMvMSA2OTA0LzQvMQpmIDY5MDUvMS8xIDY5MDYvMi8xIDY5MDcvMy8xIDY5MDgvNC8xCmYgNjkwOS8xLzEgNjkxMC8yLzEgNjkxMS8zLzEgNjkxMi80LzEKZiA2OTEzLzEvMSA2OTE0LzIvMSA2OTE1LzMvMSA2OTE2LzQvMQpmIDY5MTcvMS8xIDY5MTgvMi8xIDY5MTkvMy8xIDY5MjAvNC8xCmYgNjkyMS8xLzEgNjkyMi8yLzEgNjkyMy8zLzEgNjkyNC80LzEKZiA2OTI1LzEvMSA2OTI2LzIvMSA2OTI3LzMvMSA2OTI4LzQvMQpmIDY5MjkvMS8xIDY5MzAvMi8xIDY5MzEvMy8xIDY5MzIvNC8xCmYgNjkzMy8xLzEgNjkzNC8yLzEgNjkzNS8zLzEgNjkzNi80LzEKZiA2OTM3LzEvMSA2OTM4LzIvMSA2OTM5LzMvMSA2OTQwLzQvMQpmIDY5NDEvMS8xIDY5NDIvMi8xIDY5NDMvMy8xIDY5NDQvNC8xCmYgNjk0NS8xLzEgNjk0Ni8yLzEgNjk0Ny8zLzEgNjk0OC80LzEKZiA2OTQ5LzEvMSA2OTUwLzIvMSA2OTUxLzMvMSA2OTUyLzQvMQpmIDY5NTMvMS8xIDY5NTQvMi8xIDY5NTUvMy8xIDY5NTYvNC8xCmYgNjk1Ny8xLzEgNjk1OC8yLzEgNjk1OS8zLzEgNjk2MC80LzEKZiA2OTYxLzEvMSA2OTYyLzIvMSA2OTYzLzMvMSA2OTY0LzQvMQpmIDY5NjUvMS8xIDY5NjYvMi8xIDY5NjcvMy8xIDY5NjgvNC8xCmYgNjk2OS8xLzEgNjk3MC8yLzEgNjk3MS8zLzEgNjk3Mi80LzEKZiA2OTczLzEvMSA2OTc0LzIvMSA2OTc1LzMvMSA2OTc2LzQvMQpmIDY5NzcvMS8xIDY5NzgvMi8xIDY5NzkvMy8xIDY5ODAvNC8xCmYgNjk4MS8xLzEgNjk4Mi8yLzEgNjk4My8zLzEgNjk4NC80LzEKZiA2OTg1LzEvMSA2OTg2LzIvMSA2OTg3LzMvMSA2OTg4LzQvMQpmIDY5ODkvMS8xIDY5OTAvMi8xIDY5OTEvMy8xIDY5OTIvNC8xCmYgNjk5My8xLzEgNjk5NC8yLzEgNjk5NS8zLzEgNjk5Ni80LzEKZiA2OTk3LzEvMSA2OTk4LzIvMSA2OTk5LzMvMSA3MDAwLzQvMQpmIDcwMDEvMS8xIDcwMDIvMi8xIDcwMDMvMy8xIDcwMDQvNC8xCmYgNzAwNS8xLzEgNzAwNi8yLzEgNzAwNy8zLzEgNzAwOC80LzEKZiA3MDA5LzEvMSA3MDEwLzIvMSA3MDExLzMvMSA3MDEyLzQvMQpmIDcwMTMvMS8xIDcwMTQvMi8xIDcwMTUvMy8xIDcwMTYvNC8xCmYgNzAxNy8xLzEgNzAxOC8yLzEgNzAxOS8zLzEgNzAyMC80LzEKZiA3MDIxLzEvMSA3MDIyLzIvMSA3MDIzLzMvMSA3MDI0LzQvMQpmIDcwMjUvMS8xIDcwMjYvMi8xIDcwMjcvMy8xIDcwMjgvNC8xCmYgNzAyOS8xLzEgNzAzMC8yLzEgNzAzMS8zLzEgNzAzMi80LzEKZiA3MDMzLzEvMSA3MDM0LzIvMSA3MDM1LzMvMSA3MDM2LzQvMQpmIDcwMzcvMS8xIDcwMzgvMi8xIDcwMzkvMy8xIDcwNDAvNC8xCmYgNzA0MS8xLzEgNzA0Mi8yLzEgNzA0My8zLzEgNzA0NC80LzEKZiA3MDQ1LzEvMSA3MDQ2LzIvMSA3MDQ3LzMvMSA3MDQ4LzQvMQpmIDcwNDkvMS8xIDcwNTAvMi8xIDcwNTEvMy8xIDcwNTIvNC8xCmYgNzA1My8xLzEgNzA1NC8yLzEgNzA1NS8zLzEgNzA1Ni80LzEKZiA3MDU3LzEvMSA3MDU4LzIvMSA3MDU5LzMvMSA3MDYwLzQvMQpmIDcwNjEvMS8xIDcwNjIvMi8xIDcwNjMvMy8xIDcwNjQvNC8xCmYgNzA2NS8xLzEgNzA2Ni8yLzEgNzA2Ny8zLzEgNzA2OC80LzEKZiA3MDY5LzEvMSA3MDcwLzIvMSA3MDcxLzMvMSA3MDcyLzQvMQpmIDcwNzMvMS8xIDcwNzQvMi8xIDcwNzUvMy8xIDcwNzYvNC8xCmYgNzA3Ny8xLzEgNzA3OC8yLzEgNzA3OS8zLzEgNzA4MC80LzEKZiA3MDgxLzEvMSA3MDgyLzIvMSA3MDgzLzMvMSA3MDg0LzQvMQpmIDcwODUvMS8xIDcwODYvMi8xIDcwODcvMy8xIDcwODgvNC8xCmYgNzA4OS8xLzEgNzA5MC8yLzEgNzA5MS8zLzEgNzA5Mi80LzEKZiA3MDkzLzEvMSA3MDk0LzIvMSA3MDk1LzMvMSA3MDk2LzQvMQpmIDcwOTcvMS8xIDcwOTgvMi8xIDcwOTkvMy8xIDcxMDAvNC8xCmYgNzEwMS8xLzEgNzEwMi8yLzEgNzEwMy8zLzEgNzEwNC80LzEKZiA3MTA1LzEvMSA3MTA2LzIvMSA3MTA3LzMvMSA3MTA4LzQvMQpmIDcxMDkvMS8xIDcxMTAvMi8xIDcxMTEvMy8xIDcxMTIvNC8xCmYgNzExMy8xLzEgNzExNC8yLzEgNzExNS8zLzEgNzExNi80LzEKZiA3MTE3LzEvMSA3MTE4LzIvMSA3MTE5LzMvMSA3MTIwLzQvMQpmIDcxMjEvMS8xIDcxMjIvMi8xIDcxMjMvMy8xIDcxMjQvNC8xCmYgNzEyNS8xLzEgNzEyNi8yLzEgNzEyNy8zLzEgNzEyOC80LzEKZiA3MTI5LzEvMSA3MTMwLzIvMSA3MTMxLzMvMSA3MTMyLzQvMQpmIDcxMzMvMS8xIDcxMzQvMi8xIDcxMzUvMy8xIDcxMzYvNC8xCmYgNzEzNy8xLzEgNzEzOC8yLzEgNzEzOS8zLzEgNzE0MC80LzEKZiA3MTQxLzEvMSA3MTQyLzIvMSA3MTQzLzMvMSA3MTQ0LzQvMQpmIDcxNDUvMS8xIDcxNDYvMi8xIDcxNDcvMy8xIDcxNDgvNC8xCmYgNzE0OS8xLzEgNzE1MC8yLzEgNzE1MS8zLzEgNzE1Mi80LzEKZiA3MTUzLzEvMSA3MTU0LzIvMSA3MTU1LzMvMSA3MTU2LzQvMQpmIDcxNTcvMS8xIDcxNTgvMi8xIDcxNTkvMy8xIDcxNjAvNC8xCmYgNzE2MS8xLzEgNzE2Mi8yLzEgNzE2My8zLzEgNzE2NC80LzEKZiA3MTY1LzEvMSA3MTY2LzIvMSA3MTY3LzMvMSA3MTY4LzQvMQpmIDcxNjkvMS8xIDcxNzAvMi8xIDcxNzEvMy8xIDcxNzIvNC8xCmYgNzE3My8xLzEgNzE3NC8yLzEgNzE3NS8zLzEgNzE3Ni80LzEKZiA3MTc3LzEvMSA3MTc4LzIvMSA3MTc5LzMvMSA3MTgwLzQvMQpmIDcxODEvMS8xIDcxODIvMi8xIDcxODMvMy8xIDcxODQvNC8xCmYgNzE4NS8xLzEgNzE4Ni8yLzEgNzE4Ny8zLzEgNzE4OC80LzEKZiA3MTg5LzEvMSA3MTkwLzIvMSA3MTkxLzMvMSA3MTkyLzQvMQpmIDcxOTMvMS8xIDcxOTQvMi8xIDcxOTUvMy8xIDcxOTYvNC8xCmYgNzE5Ny8xLzEgNzE5OC8yLzEgNzE5OS8zLzEgNzIwMC80LzEKZiA3MjAxLzEvMSA3MjAyLzIvMSA3MjAzLzMvMSA3MjA0LzQvMQpmIDcyMDUvMS8xIDcyMDYvMi8xIDcyMDcvMy8xIDcyMDgvNC8xCmYgNzIwOS8xLzEgNzIxMC8yLzEgNzIxMS8zLzEgNzIxMi80LzEKZiA3MjEzLzEvMSA3MjE0LzIvMSA3MjE1LzMvMSA3MjE2LzQvMQpmIDcyMTcvMS8xIDcyMTgvMi8xIDcyMTkvMy8xIDcyMjAvNC8xCmYgNzIyMS8xLzEgNzIyMi8yLzEgNzIyMy8zLzEgNzIyNC80LzEKZiA3MjI1LzEvMSA3MjI2LzIvMSA3MjI3LzMvMSA3MjI4LzQvMQpmIDcyMjkvMS8xIDcyMzAvMi8xIDcyMzEvMy8xIDcyMzIvNC8xCmYgNzIzMy8xLzEgNzIzNC8yLzEgNzIzNS8zLzEgNzIzNi80LzEKZiA3MjM3LzEvMSA3MjM4LzIvMSA3MjM5LzMvMSA3MjQwLzQvMQpmIDcyNDEvMS8xIDcyNDIvMi8xIDcyNDMvMy8xIDcyNDQvNC8xCmYgNzI0NS8xLzEgNzI0Ni8yLzEgNzI0Ny8zLzEgNzI0OC80LzEKZiA3MjQ5LzEvMSA3MjUwLzIvMSA3MjUxLzMvMSA3MjUyLzQvMQpmIDcyNTMvMS8xIDcyNTQvMi8xIDcyNTUvMy8xIDcyNTYvNC8xCmYgNzI1Ny8xLzEgNzI1OC8yLzEgNzI1OS8zLzEgNzI2MC80LzEKZiA3MjYxLzEvMSA3MjYyLzIvMSA3MjYzLzMvMSA3MjY0LzQvMQpmIDcyNjUvMS8xIDcyNjYvMi8xIDcyNjcvMy8xIDcyNjgvNC8xCmYgNzI2OS8xLzEgNzI3MC8yLzEgNzI3MS8zLzEgNzI3Mi80LzEKZiA3MjczLzEvMSA3Mjc0LzIvMSA3Mjc1LzMvMSA3Mjc2LzQvMQpmIDcyNzcvMS8xIDcyNzgvMi8xIDcyNzkvMy8xIDcyODAvNC8xCmYgNzI4MS8xLzEgNzI4Mi8yLzEgNzI4My8zLzEgNzI4NC80LzEKZiA3Mjg1LzEvMSA3Mjg2LzIvMSA3Mjg3LzMvMSA3Mjg4LzQvMQpmIDcyODkvMS8xIDcyOTAvMi8xIDcyOTEvMy8xIDcyOTIvNC8xCmYgNzI5My8xLzEgNzI5NC8yLzEgNzI5NS8zLzEgNzI5Ni80LzEKZiA3Mjk3LzEvMSA3Mjk4LzIvMSA3Mjk5LzMvMSA3MzAwLzQvMQpmIDczMDEvMS8xIDczMDIvMi8xIDczMDMvMy8xIDczMDQvNC8xCmYgNzMwNS8xLzEgNzMwNi8yLzEgNzMwNy8zLzEgNzMwOC80LzEKZiA3MzA5LzEvMSA3MzEwLzIvMSA3MzExLzMvMSA3MzEyLzQvMQpmIDczMTMvMS8xIDczMTQvMi8xIDczMTUvMy8xIDczMTYvNC8xCmYgNzMxNy8xLzEgNzMxOC8yLzEgNzMxOS8zLzEgNzMyMC80LzEKZiA3MzIxLzEvMSA3MzIyLzIvMSA3MzIzLzMvMSA3MzI0LzQvMQpmIDczMjUvMS8xIDczMjYvMi8xIDczMjcvMy8xIDczMjgvNC8xCmYgNzMyOS8xLzEgNzMzMC8yLzEgNzMzMS8zLzEgNzMzMi80LzEKZiA3MzMzLzEvMSA3MzM0LzIvMSA3MzM1LzMvMSA3MzM2LzQvMQpmIDczMzcvMS8xIDczMzgvMi8xIDczMzkvMy8xIDczNDAvNC8xCmYgNzM0MS8xLzEgNzM0Mi8yLzEgNzM0My8zLzEgNzM0NC80LzEKZiA3MzQ1LzEvMSA3MzQ2LzIvMSA3MzQ3LzMvMSA3MzQ4LzQvMQpmIDczNDkvMS8xIDczNTAvMi8xIDczNTEvMy8xIDczNTIvNC8xCmYgNzM1My8xLzEgNzM1NC8yLzEgNzM1NS8zLzEgNzM1Ni80LzEKZiA3MzU3LzEvMSA3MzU4LzIvMSA3MzU5LzMvMSA3MzYwLzQvMQpmIDczNjEvMS8xIDczNjIvMi8xIDczNjMvMy8xIDczNjQvNC8xCmYgNzM2NS8xLzEgNzM2Ni8yLzEgNzM2Ny8zLzEgNzM2OC80LzEKZiA3MzY5LzEvMSA3MzcwLzIvMSA3MzcxLzMvMSA3MzcyLzQvMQpmIDczNzMvMS8xIDczNzQvMi8xIDczNzUvMy8xIDczNzYvNC8xCmYgNzM3Ny8xLzEgNzM3OC8yLzEgNzM3OS8zLzEgNzM4MC80LzEKZiA3MzgxLzEvMSA3MzgyLzIvMSA3MzgzLzMvMSA3Mzg0LzQvMQpmIDczODUvMS8xIDczODYvMi8xIDczODcvMy8xIDczODgvNC8xCmYgNzM4OS8xLzEgNzM5MC8yLzEgNzM5MS8zLzEgNzM5Mi80LzEKZiA3MzkzLzEvMSA3Mzk0LzIvMSA3Mzk1LzMvMSA3Mzk2LzQvMQpmIDczOTcvMS8xIDczOTgvMi8xIDczOTkvMy8xIDc0MDAvNC8xCmYgNzQwMS8xLzEgNzQwMi8yLzEgNzQwMy8zLzEgNzQwNC80LzEKZiA3NDA1LzEvMSA3NDA2LzIvMSA3NDA3LzMvMSA3NDA4LzQvMQpmIDc0MDkvMS8xIDc0MTAvMi8xIDc0MTEvMy8xIDc0MTIvNC8xCmYgNzQxMy8xLzEgNzQxNC8yLzEgNzQxNS8zLzEgNzQxNi80LzEKZiA3NDE3LzEvMSA3NDE4LzIvMSA3NDE5LzMvMSA3NDIwLzQvMQpmIDc0MjEvMS8xIDc0MjIvMi8xIDc0MjMvMy8xIDc0MjQvNC8xCmYgNzQyNS8xLzEgNzQyNi8yLzEgNzQyNy8zLzEgNzQyOC80LzEKZiA3NDI5LzEvMSA3NDMwLzIvMSA3NDMxLzMvMSA3NDMyLzQvMQpmIDc0MzMvMS8xIDc0MzQvMi8xIDc0MzUvMy8xIDc0MzYvNC8xCmYgNzQzNy8xLzEgNzQzOC8yLzEgNzQzOS8zLzEgNzQ0MC80LzEKZiA3NDQxLzEvMSA3NDQyLzIvMSA3NDQzLzMvMSA3NDQ0LzQvMQpmIDc0NDUvMS8xIDc0NDYvMi8xIDc0NDcvMy8xIDc0NDgvNC8xCmYgNzQ0OS8xLzEgNzQ1MC8yLzEgNzQ1MS8zLzEgNzQ1Mi80LzEKZiA3NDUzLzEvMSA3NDU0LzIvMSA3NDU1LzMvMSA3NDU2LzQvMQpmIDc0NTcvMS8xIDc0NTgvMi8xIDc0NTkvMy8xIDc0NjAvNC8xCmYgNzQ2MS8xLzEgNzQ2Mi8yLzEgNzQ2My8zLzEgNzQ2NC80LzEKZiA3NDY1LzEvMSA3NDY2LzIvMSA3NDY3LzMvMSA3NDY4LzQvMQpmIDc0NjkvMS8xIDc0NzAvMi8xIDc0NzEvMy8xIDc0NzIvNC8xCmYgNzQ3My8xLzEgNzQ3NC8yLzEgNzQ3NS8zLzEgNzQ3Ni80LzEKZiA3NDc3LzEvMSA3NDc4LzIvMSA3NDc5LzMvMSA3NDgwLzQvMQpmIDc0ODEvMS8xIDc0ODIvMi8xIDc0ODMvMy8xIDc0ODQvNC8xCmYgNzQ4NS8xLzEgNzQ4Ni8yLzEgNzQ4Ny8zLzEgNzQ4OC80LzEKZiA3NDg5LzEvMSA3NDkwLzIvMSA3NDkxLzMvMSA3NDkyLzQvMQpmIDc0OTMvMS8xIDc0OTQvMi8xIDc0OTUvMy8xIDc0OTYvNC8xCmYgNzQ5Ny8xLzEgNzQ5OC8yLzEgNzQ5OS8zLzEgNzUwMC80LzEKZiA3NTAxLzEvMSA3NTAyLzIvMSA3NTAzLzMvMSA3NTA0LzQvMQpmIDc1MDUvMS8xIDc1MDYvMi8xIDc1MDcvMy8xIDc1MDgvNC8xCmYgNzUwOS8xLzEgNzUxMC8yLzEgNzUxMS8zLzEgNzUxMi80LzEKZiA3NTEzLzEvMSA3NTE0LzIvMSA3NTE1LzMvMSA3NTE2LzQvMQpmIDc1MTcvMS8xIDc1MTgvMi8xIDc1MTkvMy8xIDc1MjAvNC8xCmYgNzUyMS8xLzEgNzUyMi8yLzEgNzUyMy8zLzEgNzUyNC80LzEKZiA3NTI1LzEvMSA3NTI2LzIvMSA3NTI3LzMvMSA3NTI4LzQvMQpmIDc1MjkvMS8xIDc1MzAvMi8xIDc1MzEvMy8xIDc1MzIvNC8xCmYgNzUzMy8xLzEgNzUzNC8yLzEgNzUzNS8zLzEgNzUzNi80LzEKZiA3NTM3LzEvMSA3NTM4LzIvMSA3NTM5LzMvMSA3NTQwLzQvMQpmIDc1NDEvMS8xIDc1NDIvMi8xIDc1NDMvMy8xIDc1NDQvNC8xCmYgNzU0NS8xLzEgNzU0Ni8yLzEgNzU0Ny8zLzEgNzU0OC80LzEKZiA3NTQ5LzEvMSA3NTUwLzIvMSA3NTUxLzMvMSA3NTUyLzQvMQpmIDc1NTMvMS8xIDc1NTQvMi8xIDc1NTUvMy8xIDc1NTYvNC8xCmYgNzU1Ny8xLzEgNzU1OC8yLzEgNzU1OS8zLzEgNzU2MC80LzEKZiA3NTYxLzEvMSA3NTYyLzIvMSA3NTYzLzMvMSA3NTY0LzQvMQpmIDc1NjUvMS8xIDc1NjYvMi8xIDc1NjcvMy8xIDc1NjgvNC8xCmYgNzU2OS8xLzEgNzU3MC8yLzEgNzU3MS8zLzEgNzU3Mi80LzEKZiA3NTczLzEvMSA3NTc0LzIvMSA3NTc1LzMvMSA3NTc2LzQvMQpmIDc1NzcvMS8xIDc1NzgvMi8xIDc1NzkvMy8xIDc1ODAvNC8xCmYgNzU4MS8xLzEgNzU4Mi8yLzEgNzU4My8zLzEgNzU4NC80LzEKZiA3NTg1LzEvMSA3NTg2LzIvMSA3NTg3LzMvMSA3NTg4LzQvMQpmIDc1ODkvMS8xIDc1OTAvMi8xIDc1OTEvMy8xIDc1OTIvNC8xCmYgNzU5My8xLzEgNzU5NC8yLzEgNzU5NS8zLzEgNzU5Ni80LzEKZiA3NTk3LzEvMSA3NTk4LzIvMSA3NTk5LzMvMSA3NjAwLzQvMQpmIDc2MDEvMS8xIDc2MDIvMi8xIDc2MDMvMy8xIDc2MDQvNC8xCmYgNzYwNS8xLzEgNzYwNi8yLzEgNzYwNy8zLzEgNzYwOC80LzEKZiA3NjA5LzEvMSA3NjEwLzIvMSA3NjExLzMvMSA3NjEyLzQvMQpmIDc2MTMvMS8xIDc2MTQvMi8xIDc2MTUvMy8xIDc2MTYvNC8xCmYgNzYxNy8xLzEgNzYxOC8yLzEgNzYxOS8zLzEgNzYyMC80LzEKZiA3NjIxLzEvMSA3NjIyLzIvMSA3NjIzLzMvMSA3NjI0LzQvMQpmIDc2MjUvMS8xIDc2MjYvMi8xIDc2MjcvMy8xIDc2MjgvNC8xCmYgNzYyOS8xLzEgNzYzMC8yLzEgNzYzMS8zLzEgNzYzMi80LzEKZiA3NjMzLzEvMSA3NjM0LzIvMSA3NjM1LzMvMSA3NjM2LzQvMQpmIDc2MzcvMS8xIDc2MzgvMi8xIDc2MzkvMy8xIDc2NDAvNC8xCmYgNzY0MS8xLzEgNzY0Mi8yLzEgNzY0My8zLzEgNzY0NC80LzEKZiA3NjQ1LzEvMSA3NjQ2LzIvMSA3NjQ3LzMvMSA3NjQ4LzQvMQpmIDc2NDkvMS8xIDc2NTAvMi8xIDc2NTEvMy8xIDc2NTIvNC8xCmYgNzY1My8xLzEgNzY1NC8yLzEgNzY1NS8zLzEgNzY1Ni80LzEKZiA3NjU3LzEvMSA3NjU4LzIvMSA3NjU5LzMvMSA3NjYwLzQvMQpmIDc2NjEvMS8xIDc2NjIvMi8xIDc2NjMvMy8xIDc2NjQvNC8xCmYgNzY2NS8xLzEgNzY2Ni8yLzEgNzY2Ny8zLzEgNzY2OC80LzEKZiA3NjY5LzEvMSA3NjcwLzIvMSA3NjcxLzMvMSA3NjcyLzQvMQpmIDc2NzMvMS8xIDc2NzQvMi8xIDc2NzUvMy8xIDc2NzYvNC8xCmYgNzY3Ny8xLzEgNzY3OC8yLzEgNzY3OS8zLzEgNzY4MC80LzEKZiA3NjgxLzEvMSA3NjgyLzIvMSA3NjgzLzMvMSA3Njg0LzQvMQpmIDc2ODUvMS8xIDc2ODYvMi8xIDc2ODcvMy8xIDc2ODgvNC8xCmYgNzY4OS8xLzEgNzY5MC8yLzEgNzY5MS8zLzEgNzY5Mi80LzEKZiA3NjkzLzEvMSA3Njk0LzIvMSA3Njk1LzMvMSA3Njk2LzQvMQpmIDc2OTcvMS8xIDc2OTgvMi8xIDc2OTkvMy8xIDc3MDAvNC8xCmYgNzcwMS8xLzEgNzcwMi8yLzEgNzcwMy8zLzEgNzcwNC80LzEKZiA3NzA1LzEvMSA3NzA2LzIvMSA3NzA3LzMvMSA3NzA4LzQvMQpmIDc3MDkvMS8xIDc3MTAvMi8xIDc3MTEvMy8xIDc3MTIvNC8xCmYgNzcxMy8xLzEgNzcxNC8yLzEgNzcxNS8zLzEgNzcxNi80LzEKZiA3NzE3LzEvMSA3NzE4LzIvMSA3NzE5LzMvMSA3NzIwLzQvMQpmIDc3MjEvMS8xIDc3MjIvMi8xIDc3MjMvMy8xIDc3MjQvNC8xCmYgNzcyNS8xLzEgNzcyNi8yLzEgNzcyNy8zLzEgNzcyOC80LzEKZiA3NzI5LzEvMSA3NzMwLzIvMSA3NzMxLzMvMSA3NzMyLzQvMQpmIDc3MzMvMS8xIDc3MzQvMi8xIDc3MzUvMy8xIDc3MzYvNC8xCmYgNzczNy8xLzEgNzczOC8yLzEgNzczOS8zLzEgNzc0MC80LzEKZiA3NzQxLzEvMSA3NzQyLzIvMSA3NzQzLzMvMSA3NzQ0LzQvMQpmIDc3NDUvMS8xIDc3NDYvMi8xIDc3NDcvMy8xIDc3NDgvNC8xCmYgNzc0OS8xLzEgNzc1MC8yLzEgNzc1MS8zLzEgNzc1Mi80LzEKZiA3NzUzLzEvMSA3NzU0LzIvMSA3NzU1LzMvMSA3NzU2LzQvMQpmIDc3NTcvMS8xIDc3NTgvMi8xIDc3NTkvMy8xIDc3NjAvNC8xCmYgNzc2MS8xLzEgNzc2Mi8yLzEgNzc2My8zLzEgNzc2NC80LzEKZiA3NzY1LzEvMSA3NzY2LzIvMSA3NzY3LzMvMSA3NzY4LzQvMQpmIDc3NjkvMS8xIDc3NzAvMi8xIDc3NzEvMy8xIDc3NzIvNC8xCmYgNzc3My8xLzEgNzc3NC8yLzEgNzc3NS8zLzEgNzc3Ni80LzEKZiA3Nzc3LzEvMSA3Nzc4LzIvMSA3Nzc5LzMvMSA3NzgwLzQvMQpmIDc3ODEvMS8xIDc3ODIvMi8xIDc3ODMvMy8xIDc3ODQvNC8xCmYgNzc4NS8xLzEgNzc4Ni8yLzEgNzc4Ny8zLzEgNzc4OC80LzEKZiA3Nzg5LzEvMSA3NzkwLzIvMSA3NzkxLzMvMSA3NzkyLzQvMQpmIDc3OTMvMS8xIDc3OTQvMi8xIDc3OTUvMy8xIDc3OTYvNC8xCmYgNzc5Ny8xLzEgNzc5OC8yLzEgNzc5OS8zLzEgNzgwMC80LzEKZiA3ODAxLzEvMSA3ODAyLzIvMSA3ODAzLzMvMSA3ODA0LzQvMQpmIDc4MDUvMS8xIDc4MDYvMi8xIDc4MDcvMy8xIDc4MDgvNC8xCmYgNzgwOS8xLzEgNzgxMC8yLzEgNzgxMS8zLzEgNzgxMi80LzEKZiA3ODEzLzEvMSA3ODE0LzIvMSA3ODE1LzMvMSA3ODE2LzQvMQpmIDc4MTcvMS8xIDc4MTgvMi8xIDc4MTkvMy8xIDc4MjAvNC8xCmYgNzgyMS8xLzEgNzgyMi8yLzEgNzgyMy8zLzEgNzgyNC80LzEKZiA3ODI1LzEvMSA3ODI2LzIvMSA3ODI3LzMvMSA3ODI4LzQvMQpmIDc4MjkvMS8xIDc4MzAvMi8xIDc4MzEvMy8xIDc4MzIvNC8xCmYgNzgzMy8xLzEgNzgzNC8yLzEgNzgzNS8zLzEgNzgzNi80LzEKZiA3ODM3LzEvMSA3ODM4LzIvMSA3ODM5LzMvMSA3ODQwLzQvMQpmIDc4NDEvMS8xIDc4NDIvMi8xIDc4NDMvMy8xIDc4NDQvNC8xCmYgNzg0NS8xLzEgNzg0Ni8yLzEgNzg0Ny8zLzEgNzg0OC80LzEKZiA3ODQ5LzEvMSA3ODUwLzIvMSA3ODUxLzMvMSA3ODUyLzQvMQpmIDc4NTMvMS8xIDc4NTQvMi8xIDc4NTUvMy8xIDc4NTYvNC8xCmYgNzg1Ny8xLzEgNzg1OC8yLzEgNzg1OS8zLzEgNzg2MC80LzEKZiA3ODYxLzEvMSA3ODYyLzIvMSA3ODYzLzMvMSA3ODY0LzQvMQpmIDc4NjUvMS8xIDc4NjYvMi8xIDc4NjcvMy8xIDc4NjgvNC8xCmYgNzg2OS8xLzEgNzg3MC8yLzEgNzg3MS8zLzEgNzg3Mi80LzEKZiA3ODczLzEvMSA3ODc0LzIvMSA3ODc1LzMvMSA3ODc2LzQvMQpmIDc4NzcvMS8xIDc4NzgvMi8xIDc4NzkvMy8xIDc4ODAvNC8xCmYgNzg4MS8xLzEgNzg4Mi8yLzEgNzg4My8zLzEgNzg4NC80LzEKZiA3ODg1LzEvMSA3ODg2LzIvMSA3ODg3LzMvMSA3ODg4LzQvMQpmIDc4ODkvMS8xIDc4OTAvMi8xIDc4OTEvMy8xIDc4OTIvNC8xCmYgNzg5My8xLzEgNzg5NC8yLzEgNzg5NS8zLzEgNzg5Ni80LzEKZiA3ODk3LzEvMSA3ODk4LzIvMSA3ODk5LzMvMSA3OTAwLzQvMQpmIDc5MDEvMS8xIDc5MDIvMi8xIDc5MDMvMy8xIDc5MDQvNC8xCmYgNzkwNS8xLzEgNzkwNi8yLzEgNzkwNy8zLzEgNzkwOC80LzEKZiA3OTA5LzEvMSA3OTEwLzIvMSA3OTExLzMvMSA3OTEyLzQvMQpmIDc5MTMvMS8xIDc5MTQvMi8xIDc5MTUvMy8xIDc5MTYvNC8xCmYgNzkxNy8xLzEgNzkxOC8yLzEgNzkxOS8zLzEgNzkyMC80LzEKZiA3OTIxLzEvMSA3OTIyLzIvMSA3OTIzLzMvMSA3OTI0LzQvMQpmIDc5MjUvMS8xIDc5MjYvMi8xIDc5MjcvMy8xIDc5MjgvNC8xCmYgNzkyOS8xLzEgNzkzMC8yLzEgNzkzMS8zLzEgNzkzMi80LzEKZiA3OTMzLzEvMSA3OTM0LzIvMSA3OTM1LzMvMSA3OTM2LzQvMQpmIDc5MzcvMS8xIDc5MzgvMi8xIDc5MzkvMy8xIDc5NDAvNC8xCmYgNzk0MS8xLzEgNzk0Mi8yLzEgNzk0My8zLzEgNzk0NC80LzEKZiA3OTQ1LzEvMSA3OTQ2LzIvMSA3OTQ3LzMvMSA3OTQ4LzQvMQpmIDc5NDkvMS8xIDc5NTAvMi8xIDc5NTEvMy8xIDc5NTIvNC8xCmYgNzk1My8xLzEgNzk1NC8yLzEgNzk1NS8zLzEgNzk1Ni80LzEKZiA3OTU3LzEvMSA3OTU4LzIvMSA3OTU5LzMvMSA3OTYwLzQvMQpmIDc5NjEvMS8xIDc5NjIvMi8xIDc5NjMvMy8xIDc5NjQvNC8xCmYgNzk2NS8xLzEgNzk2Ni8yLzEgNzk2Ny8zLzEgNzk2OC80LzEKZiA3OTY5LzEvMSA3OTcwLzIvMSA3OTcxLzMvMSA3OTcyLzQvMQpmIDc5NzMvMS8xIDc5NzQvMi8xIDc5NzUvMy8xIDc5NzYvNC8xCmYgNzk3Ny8xLzEgNzk3OC8yLzEgNzk3OS8zLzEgNzk4MC80LzEKZiA3OTgxLzEvMSA3OTgyLzIvMSA3OTgzLzMvMSA3OTg0LzQvMQpmIDc5ODUvMS8xIDc5ODYvMi8xIDc5ODcvMy8xIDc5ODgvNC8xCmYgNzk4OS8xLzEgNzk5MC8yLzEgNzk5MS8zLzEgNzk5Mi80LzEKZiA3OTkzLzEvMSA3OTk0LzIvMSA3OTk1LzMvMSA3OTk2LzQvMQpmIDc5OTcvMS8xIDc5OTgvMi8xIDc5OTkvMy8xIDgwMDAvNC8xCmYgODAwMS8xLzEgODAwMi8yLzEgODAwMy8zLzEgODAwNC80LzEKZiA4MDA1LzEvMSA4MDA2LzIvMSA4MDA3LzMvMSA4MDA4LzQvMQpmIDgwMDkvMS8xIDgwMTAvMi8xIDgwMTEvMy8xIDgwMTIvNC8xCmYgODAxMy8xLzEgODAxNC8yLzEgODAxNS8zLzEgODAxNi80LzEKZiA4MDE3LzEvMSA4MDE4LzIvMSA4MDE5LzMvMSA4MDIwLzQvMQpmIDgwMjEvMS8xIDgwMjIvMi8xIDgwMjMvMy8xIDgwMjQvNC8xCmYgODAyNS8xLzEgODAyNi8yLzEgODAyNy8zLzEgODAyOC80LzEKZiA4MDI5LzEvMSA4MDMwLzIvMSA4MDMxLzMvMSA4MDMyLzQvMQpmIDgwMzMvMS8xIDgwMzQvMi8xIDgwMzUvMy8xIDgwMzYvNC8xCmYgODAzNy8xLzEgODAzOC8yLzEgODAzOS8zLzEgODA0MC80LzEKZiA4MDQxLzEvMSA4MDQyLzIvMSA4MDQzLzMvMSA4MDQ0LzQvMQpmIDgwNDUvMS8xIDgwNDYvMi8xIDgwNDcvMy8xIDgwNDgvNC8xCmYgODA0OS8xLzEgODA1MC8yLzEgODA1MS8zLzEgODA1Mi80LzEKZiA4MDUzLzEvMSA4MDU0LzIvMSA4MDU1LzMvMSA4MDU2LzQvMQpmIDgwNTcvMS8xIDgwNTgvMi8xIDgwNTkvMy8xIDgwNjAvNC8xCmYgODA2MS8xLzEgODA2Mi8yLzEgODA2My8zLzEgODA2NC80LzEKZiA4MDY1LzEvMSA4MDY2LzIvMSA4MDY3LzMvMSA4MDY4LzQvMQpmIDgwNjkvMS8xIDgwNzAvMi8xIDgwNzEvMy8xIDgwNzIvNC8xCmYgODA3My8xLzEgODA3NC8yLzEgODA3NS8zLzEgODA3Ni80LzEKZiA4MDc3LzEvMSA4MDc4LzIvMSA4MDc5LzMvMSA4MDgwLzQvMQpmIDgwODEvMS8xIDgwODIvMi8xIDgwODMvMy8xIDgwODQvNC8xCmYgODA4NS8xLzEgODA4Ni8yLzEgODA4Ny8zLzEgODA4OC80LzEKZiA4MDg5LzEvMSA4MDkwLzIvMSA4MDkxLzMvMSA4MDkyLzQvMQpmIDgwOTMvMS8xIDgwOTQvMi8xIDgwOTUvMy8xIDgwOTYvNC8xCmYgODA5Ny8xLzEgODA5OC8yLzEgODA5OS8zLzEgODEwMC80LzEKZiA4MTAxLzEvMSA4MTAyLzIvMSA4MTAzLzMvMSA4MTA0LzQvMQpmIDgxMDUvMS8xIDgxMDYvMi8xIDgxMDcvMy8xIDgxMDgvNC8xCmYgODEwOS8xLzEgODExMC8yLzEgODExMS8zLzEgODExMi80LzEKZiA4MTEzLzEvMSA4MTE0LzIvMSA4MTE1LzMvMSA4MTE2LzQvMQpmIDgxMTcvMS8xIDgxMTgvMi8xIDgxMTkvMy8xIDgxMjAvNC8xCmYgODEyMS8xLzEgODEyMi8yLzEgODEyMy8zLzEgODEyNC80LzEKZiA4MTI1LzEvMSA4MTI2LzIvMSA4MTI3LzMvMSA4MTI4LzQvMQpmIDgxMjkvMS8xIDgxMzAvMi8xIDgxMzEvMy8xIDgxMzIvNC8xCmYgODEzMy8xLzEgODEzNC8yLzEgODEzNS8zLzEgODEzNi80LzEKZiA4MTM3LzEvMSA4MTM4LzIvMSA4MTM5LzMvMSA4MTQwLzQvMQpmIDgxNDEvMS8xIDgxNDIvMi8xIDgxNDMvMy8xIDgxNDQvNC8xCmYgODE0NS8xLzEgODE0Ni8yLzEgODE0Ny8zLzEgODE0OC80LzEKZiA4MTQ5LzEvMSA4MTUwLzIvMSA4MTUxLzMvMSA4MTUyLzQvMQpmIDgxNTMvMS8xIDgxNTQvMi8xIDgxNTUvMy8xIDgxNTYvNC8xCmYgODE1Ny8xLzEgODE1OC8yLzEgODE1OS8zLzEgODE2MC80LzEKZiA4MTYxLzEvMSA4MTYyLzIvMSA4MTYzLzMvMSA4MTY0LzQvMQpmIDgxNjUvMS8xIDgxNjYvMi8xIDgxNjcvMy8xIDgxNjgvNC8xCmYgODE2OS8xLzEgODE3MC8yLzEgODE3MS8zLzEgODE3Mi80LzEKZiA4MTczLzEvMSA4MTc0LzIvMSA4MTc1LzMvMSA4MTc2LzQvMQpmIDgxNzcvMS8xIDgxNzgvMi8xIDgxNzkvMy8xIDgxODAvNC8xCmYgODE4MS8xLzEgODE4Mi8yLzEgODE4My8zLzEgODE4NC80LzEKZiA4MTg1LzEvMSA4MTg2LzIvMSA4MTg3LzMvMSA4MTg4LzQvMQpmIDgxODkvMS8xIDgxOTAvMi8xIDgxOTEvMy8xIDgxOTIvNC8xCmYgODE5My8xLzEgODE5NC8yLzEgODE5NS8zLzEgODE5Ni80LzEKZiA4MTk3LzEvMSA4MTk4LzIvMSA4MTk5LzMvMSA4MjAwLzQvMQpmIDgyMDEvMS8xIDgyMDIvMi8xIDgyMDMvMy8xIDgyMDQvNC8xCmYgODIwNS8xLzEgODIwNi8yLzEgODIwNy8zLzEgODIwOC80LzEKZiA4MjA5LzEvMSA4MjEwLzIvMSA4MjExLzMvMSA4MjEyLzQvMQpmIDgyMTMvMS8xIDgyMTQvMi8xIDgyMTUvMy8xIDgyMTYvNC8xCmYgODIxNy8xLzEgODIxOC8yLzEgODIxOS8zLzEgODIyMC80LzEKZiA4MjIxLzEvMSA4MjIyLzIvMSA4MjIzLzMvMSA4MjI0LzQvMQpmIDgyMjUvMS8xIDgyMjYvMi8xIDgyMjcvMy8xIDgyMjgvNC8xCmYgODIyOS8xLzEgODIzMC8yLzEgODIzMS8zLzEgODIzMi80LzEKZiA4MjMzLzEvMSA4MjM0LzIvMSA4MjM1LzMvMSA4MjM2LzQvMQpmIDgyMzcvMS8xIDgyMzgvMi8xIDgyMzkvMy8xIDgyNDAvNC8xCmYgODI0MS8xLzEgODI0Mi8yLzEgODI0My8zLzEgODI0NC80LzEKZiA4MjQ1LzEvMSA4MjQ2LzIvMSA4MjQ3LzMvMSA4MjQ4LzQvMQpmIDgyNDkvMS8xIDgyNTAvMi8xIDgyNTEvMy8xIDgyNTIvNC8xCmYgODI1My8xLzEgODI1NC8yLzEgODI1NS8zLzEgODI1Ni80LzEKZiA4MjU3LzEvMSA4MjU4LzIvMSA4MjU5LzMvMSA4MjYwLzQvMQpmIDgyNjEvMS8xIDgyNjIvMi8xIDgyNjMvMy8xIDgyNjQvNC8xCmYgODI2NS8xLzEgODI2Ni8yLzEgODI2Ny8zLzEgODI2OC80LzEKZiA4MjY5LzEvMSA4MjcwLzIvMSA4MjcxLzMvMSA4MjcyLzQvMQpmIDgyNzMvMS8xIDgyNzQvMi8xIDgyNzUvMy8xIDgyNzYvNC8xCmYgODI3Ny8xLzEgODI3OC8yLzEgODI3OS8zLzEgODI4MC80LzEKZiA4MjgxLzEvMSA4MjgyLzIvMSA4MjgzLzMvMSA4Mjg0LzQvMQpmIDgyODUvMS8xIDgyODYvMi8xIDgyODcvMy8xIDgyODgvNC8xCmYgODI4OS8xLzEgODI5MC8yLzEgODI5MS8zLzEgODI5Mi80LzEKZiA4MjkzLzEvMSA4Mjk0LzIvMSA4Mjk1LzMvMSA4Mjk2LzQvMQpmIDgyOTcvMS8xIDgyOTgvMi8xIDgyOTkvMy8xIDgzMDAvNC8xCmYgODMwMS8xLzEgODMwMi8yLzEgODMwMy8zLzEgODMwNC80LzEKZiA4MzA1LzEvMSA4MzA2LzIvMSA4MzA3LzMvMSA4MzA4LzQvMQpmIDgzMDkvMS8xIDgzMTAvMi8xIDgzMTEvMy8xIDgzMTIvNC8xCmYgODMxMy8xLzEgODMxNC8yLzEgODMxNS8zLzEgODMxNi80LzEKZiA4MzE3LzEvMSA4MzE4LzIvMSA4MzE5LzMvMSA4MzIwLzQvMQpmIDgzMjEvMS8xIDgzMjIvMi8xIDgzMjMvMy8xIDgzMjQvNC8xCmYgODMyNS8xLzEgODMyNi8yLzEgODMyNy8zLzEgODMyOC80LzEKZiA4MzI5LzEvMSA4MzMwLzIvMSA4MzMxLzMvMSA4MzMyLzQvMQpmIDgzMzMvMS8xIDgzMzQvMi8xIDgzMzUvMy8xIDgzMzYvNC8xCmYgODMzNy8xLzEgODMzOC8yLzEgODMzOS8zLzEgODM0MC80LzEKZiA4MzQxLzEvMSA4MzQyLzIvMSA4MzQzLzMvMSA4MzQ0LzQvMQpmIDgzNDUvMS8xIDgzNDYvMi8xIDgzNDcvMy8xIDgzNDgvNC8xCmYgODM0OS8xLzEgODM1MC8yLzEgODM1MS8zLzEgODM1Mi80LzEKZiA4MzUzLzEvMSA4MzU0LzIvMSA4MzU1LzMvMSA4MzU2LzQvMQpmIDgzNTcvMS8xIDgzNTgvMi8xIDgzNTkvMy8xIDgzNjAvNC8xCmYgODM2MS8xLzEgODM2Mi8yLzEgODM2My8zLzEgODM2NC80LzEKZiA4MzY1LzEvMSA4MzY2LzIvMSA4MzY3LzMvMSA4MzY4LzQvMQpmIDgzNjkvMS8xIDgzNzAvMi8xIDgzNzEvMy8xIDgzNzIvNC8xCmYgODM3My8xLzEgODM3NC8yLzEgODM3NS8zLzEgODM3Ni80LzEKZiA4Mzc3LzEvMSA4Mzc4LzIvMSA4Mzc5LzMvMSA4MzgwLzQvMQpmIDgzODEvMS8xIDgzODIvMi8xIDgzODMvMy8xIDgzODQvNC8xCmYgODM4NS8xLzEgODM4Ni8yLzEgODM4Ny8zLzEgODM4OC80LzEKZiA4Mzg5LzEvMSA4MzkwLzIvMSA4MzkxLzMvMSA4MzkyLzQvMQpmIDgzOTMvMS8xIDgzOTQvMi8xIDgzOTUvMy8xIDgzOTYvNC8xCmYgODM5Ny8xLzEgODM5OC8yLzEgODM5OS8zLzEgODQwMC80LzEKZiA4NDAxLzEvMSA4NDAyLzIvMSA4NDAzLzMvMSA4NDA0LzQvMQpmIDg0MDUvMS8xIDg0MDYvMi8xIDg0MDcvMy8xIDg0MDgvNC8xCmYgODQwOS8xLzEgODQxMC8yLzEgODQxMS8zLzEgODQxMi80LzEKZiA4NDEzLzEvMSA4NDE0LzIvMSA4NDE1LzMvMSA4NDE2LzQvMQpmIDg0MTcvMS8xIDg0MTgvMi8xIDg0MTkvMy8xIDg0MjAvNC8xCmYgODQyMS8xLzEgODQyMi8yLzEgODQyMy8zLzEgODQyNC80LzEKZiA4NDI1LzEvMSA4NDI2LzIvMSA4NDI3LzMvMSA4NDI4LzQvMQpmIDg0MjkvMS8xIDg0MzAvMi8xIDg0MzEvMy8xIDg0MzIvNC8xCmYgODQzMy8xLzEgODQzNC8yLzEgODQzNS8zLzEgODQzNi80LzEKZiA4NDM3LzEvMSA4NDM4LzIvMSA4NDM5LzMvMSA4NDQwLzQvMQpmIDg0NDEvMS8xIDg0NDIvMi8xIDg0NDMvMy8xIDg0NDQvNC8xCmYgODQ0NS8xLzEgODQ0Ni8yLzEgODQ0Ny8zLzEgODQ0OC80LzEKZiA4NDQ5LzEvMSA4NDUwLzIvMSA4NDUxLzMvMSA4NDUyLzQvMQpmIDg0NTMvMS8xIDg0NTQvMi8xIDg0NTUvMy8xIDg0NTYvNC8xCmYgODQ1Ny8xLzEgODQ1OC8yLzEgODQ1OS8zLzEgODQ2MC80LzEKZiA4NDYxLzEvMSA4NDYyLzIvMSA4NDYzLzMvMSA4NDY0LzQvMQpmIDg0NjUvMS8xIDg0NjYvMi8xIDg0NjcvMy8xIDg0NjgvNC8xCmYgODQ2OS8xLzEgODQ3MC8yLzEgODQ3MS8zLzEgODQ3Mi80LzEKZiA4NDczLzEvMSA4NDc0LzIvMSA4NDc1LzMvMSA4NDc2LzQvMQpmIDg0NzcvMS8xIDg0NzgvMi8xIDg0NzkvMy8xIDg0ODAvNC8xCmYgODQ4MS8xLzEgODQ4Mi8yLzEgODQ4My8zLzEgODQ4NC80LzEKZiA4NDg1LzEvMSA4NDg2LzIvMSA4NDg3LzMvMSA4NDg4LzQvMQpmIDg0ODkvMS8xIDg0OTAvMi8xIDg0OTEvMy8xIDg0OTIvNC8xCmYgODQ5My8xLzEgODQ5NC8yLzEgODQ5NS8zLzEgODQ5Ni80LzEKZiA4NDk3LzEvMSA4NDk4LzIvMSA4NDk5LzMvMSA4NTAwLzQvMQpmIDg1MDEvMS8xIDg1MDIvMi8xIDg1MDMvMy8xIDg1MDQvNC8xCmYgODUwNS8xLzEgODUwNi8yLzEgODUwNy8zLzEgODUwOC80LzEKZiA4NTA5LzEvMSA4NTEwLzIvMSA4NTExLzMvMSA4NTEyLzQvMQpmIDg1MTMvMS8xIDg1MTQvMi8xIDg1MTUvMy8xIDg1MTYvNC8xCmYgODUxNy8xLzEgODUxOC8yLzEgODUxOS8zLzEgODUyMC80LzEKZiA4NTIxLzEvMSA4NTIyLzIvMSA4NTIzLzMvMSA4NTI0LzQvMQpmIDg1MjUvMS8xIDg1MjYvMi8xIDg1MjcvMy8xIDg1MjgvNC8xCmYgODUyOS8xLzEgODUzMC8yLzEgODUzMS8zLzEgODUzMi80LzEKZiA4NTMzLzEvMSA4NTM0LzIvMSA4NTM1LzMvMSA4NTM2LzQvMQpmIDg1MzcvMS8xIDg1MzgvMi8xIDg1MzkvMy8xIDg1NDAvNC8xCmYgODU0MS8xLzEgODU0Mi8yLzEgODU0My8zLzEgODU0NC80LzEKZiA4NTQ1LzEvMSA4NTQ2LzIvMSA4NTQ3LzMvMSA4NTQ4LzQvMQpmIDg1NDkvMS8xIDg1NTAvMi8xIDg1NTEvMy8xIDg1NTIvNC8xCmYgODU1My8xLzEgODU1NC8yLzEgODU1NS8zLzEgODU1Ni80LzEKZiA4NTU3LzEvMSA4NTU4LzIvMSA4NTU5LzMvMSA4NTYwLzQvMQpmIDg1NjEvMS8xIDg1NjIvMi8xIDg1NjMvMy8xIDg1NjQvNC8xCmYgODU2NS8xLzEgODU2Ni8yLzEgODU2Ny8zLzEgODU2OC80LzEKZiA4NTY5LzEvMSA4NTcwLzIvMSA4NTcxLzMvMSA4NTcyLzQvMQpmIDg1NzMvMS8xIDg1NzQvMi8xIDg1NzUvMy8xIDg1NzYvNC8xCmYgODU3Ny8xLzEgODU3OC8yLzEgODU3OS8zLzEgODU4MC80LzEKZiA4NTgxLzEvMSA4NTgyLzIvMSA4NTgzLzMvMSA4NTg0LzQvMQpmIDg1ODUvMS8xIDg1ODYvMi8xIDg1ODcvMy8xIDg1ODgvNC8xCmYgODU4OS8xLzEgODU5MC8yLzEgODU5MS8zLzEgODU5Mi80LzEKZiA4NTkzLzEvMSA4NTk0LzIvMSA4NTk1LzMvMSA4NTk2LzQvMQpmIDg1OTcvMS8xIDg1OTgvMi8xIDg1OTkvMy8xIDg2MDAvNC8xCmYgODYwMS8xLzEgODYwMi8yLzEgODYwMy8zLzEgODYwNC80LzEKZiA4NjA1LzEvMSA4NjA2LzIvMSA4NjA3LzMvMSA4NjA4LzQvMQpmIDg2MDkvMS8xIDg2MTAvMi8xIDg2MTEvMy8xIDg2MTIvNC8xCmYgODYxMy8xLzEgODYxNC8yLzEgODYxNS8zLzEgODYxNi80LzEKZiA4NjE3LzEvMSA4NjE4LzIvMSA4NjE5LzMvMSA4NjIwLzQvMQpmIDg2MjEvMS8xIDg2MjIvMi8xIDg2MjMvMy8xIDg2MjQvNC8xCmYgODYyNS8xLzEgODYyNi8yLzEgODYyNy8zLzEgODYyOC80LzEKZiA4NjI5LzEvMSA4NjMwLzIvMSA4NjMxLzMvMSA4NjMyLzQvMQpmIDg2MzMvMS8xIDg2MzQvMi8xIDg2MzUvMy8xIDg2MzYvNC8xCmYgODYzNy8xLzEgODYzOC8yLzEgODYzOS8zLzEgODY0MC80LzEKZiA4NjQxLzEvMSA4NjQyLzIvMSA4NjQzLzMvMSA4NjQ0LzQvMQpmIDg2NDUvMS8xIDg2NDYvMi8xIDg2NDcvMy8xIDg2NDgvNC8xCmYgODY0OS8xLzEgODY1MC8yLzEgODY1MS8zLzEgODY1Mi80LzEKZiA4NjUzLzEvMSA4NjU0LzIvMSA4NjU1LzMvMSA4NjU2LzQvMQpmIDg2NTcvMS8xIDg2NTgvMi8xIDg2NTkvMy8xIDg2NjAvNC8xCmYgODY2MS8xLzEgODY2Mi8yLzEgODY2My8zLzEgODY2NC80LzEKZiA4NjY1LzEvMSA4NjY2LzIvMSA4NjY3LzMvMSA4NjY4LzQvMQpmIDg2NjkvMS8xIDg2NzAvMi8xIDg2NzEvMy8xIDg2NzIvNC8xCmYgODY3My8xLzEgODY3NC8yLzEgODY3NS8zLzEgODY3Ni80LzEKZiA4Njc3LzEvMSA4Njc4LzIvMSA4Njc5LzMvMSA4NjgwLzQvMQpmIDg2ODEvMS8xIDg2ODIvMi8xIDg2ODMvMy8xIDg2ODQvNC8xCmYgODY4NS8xLzEgODY4Ni8yLzEgODY4Ny8zLzEgODY4OC80LzEKZiA4Njg5LzEvMSA4NjkwLzIvMSA4NjkxLzMvMSA4NjkyLzQvMQpmIDg2OTMvMS8xIDg2OTQvMi8xIDg2OTUvMy8xIDg2OTYvNC8xCmYgODY5Ny8xLzEgODY5OC8yLzEgODY5OS8zLzEgODcwMC80LzEKZiA4NzAxLzEvMSA4NzAyLzIvMSA4NzAzLzMvMSA4NzA0LzQvMQpmIDg3MDUvMS8xIDg3MDYvMi8xIDg3MDcvMy8xIDg3MDgvNC8xCmYgODcwOS8xLzEgODcxMC8yLzEgODcxMS8zLzEgODcxMi80LzEKZiA4NzEzLzEvMSA4NzE0LzIvMSA4NzE1LzMvMSA4NzE2LzQvMQpmIDg3MTcvMS8xIDg3MTgvMi8xIDg3MTkvMy8xIDg3MjAvNC8xCmYgODcyMS8xLzEgODcyMi8yLzEgODcyMy8zLzEgODcyNC80LzEKZiA4NzI1LzEvMSA4NzI2LzIvMSA4NzI3LzMvMSA4NzI4LzQvMQpmIDg3MjkvMS8xIDg3MzAvMi8xIDg3MzEvMy8xIDg3MzIvNC8xCmYgODczMy8xLzEgODczNC8yLzEgODczNS8zLzEgODczNi80LzEKZiA4NzM3LzEvMSA4NzM4LzIvMSA4NzM5LzMvMSA4NzQwLzQvMQpmIDg3NDEvMS8xIDg3NDIvMi8xIDg3NDMvMy8xIDg3NDQvNC8xCmYgODc0NS8xLzEgODc0Ni8yLzEgODc0Ny8zLzEgODc0OC80LzEKZiA4NzQ5LzEvMSA4NzUwLzIvMSA4NzUxLzMvMSA4NzUyLzQvMQpmIDg3NTMvMS8xIDg3NTQvMi8xIDg3NTUvMy8xIDg3NTYvNC8xCmYgODc1Ny8xLzEgODc1OC8yLzEgODc1OS8zLzEgODc2MC80LzEKZiA4NzYxLzEvMSA4NzYyLzIvMSA4NzYzLzMvMSA4NzY0LzQvMQpmIDg3NjUvMS8xIDg3NjYvMi8xIDg3NjcvMy8xIDg3NjgvNC8xCmYgODc2OS8xLzEgODc3MC8yLzEgODc3MS8zLzEgODc3Mi80LzEKZiA4NzczLzEvMSA4Nzc0LzIvMSA4Nzc1LzMvMSA4Nzc2LzQvMQpmIDg3NzcvMS8xIDg3NzgvMi8xIDg3NzkvMy8xIDg3ODAvNC8xCmYgODc4MS8xLzEgODc4Mi8yLzEgODc4My8zLzEgODc4NC80LzEKZiA4Nzg1LzEvMSA4Nzg2LzIvMSA4Nzg3LzMvMSA4Nzg4LzQvMQpmIDg3ODkvMS8xIDg3OTAvMi8xIDg3OTEvMy8xIDg3OTIvNC8xCmYgODc5My8xLzEgODc5NC8yLzEgODc5NS8zLzEgODc5Ni80LzEKZiA4Nzk3LzEvMSA4Nzk4LzIvMSA4Nzk5LzMvMSA4ODAwLzQvMQpmIDg4MDEvMS8xIDg4MDIvMi8xIDg4MDMvMy8xIDg4MDQvNC8xCmYgODgwNS8xLzEgODgwNi8yLzEgODgwNy8zLzEgODgwOC80LzEKZiA4ODA5LzEvMSA4ODEwLzIvMSA4ODExLzMvMSA4ODEyLzQvMQpmIDg4MTMvMS8xIDg4MTQvMi8xIDg4MTUvMy8xIDg4MTYvNC8xCmYgODgxNy8xLzEgODgxOC8yLzEgODgxOS8zLzEgODgyMC80LzEKZiA4ODIxLzEvMSA4ODIyLzIvMSA4ODIzLzMvMSA4ODI0LzQvMQpmIDg4MjUvMS8xIDg4MjYvMi8xIDg4MjcvMy8xIDg4MjgvNC8xCmYgODgyOS8xLzEgODgzMC8yLzEgODgzMS8zLzEgODgzMi80LzEKZiA4ODMzLzEvMSA4ODM0LzIvMSA4ODM1LzMvMSA4ODM2LzQvMQpmIDg4MzcvMS8xIDg4MzgvMi8xIDg4MzkvMy8xIDg4NDAvNC8xCmYgODg0MS8xLzEgODg0Mi8yLzEgODg0My8zLzEgODg0NC80LzEKZiA4ODQ1LzEvMSA4ODQ2LzIvMSA4ODQ3LzMvMSA4ODQ4LzQvMQpmIDg4NDkvMS8xIDg4NTAvMi8xIDg4NTEvMy8xIDg4NTIvNC8xCmYgODg1My8xLzEgODg1NC8yLzEgODg1NS8zLzEgODg1Ni80LzEKZiA4ODU3LzEvMSA4ODU4LzIvMSA4ODU5LzMvMSA4ODYwLzQvMQpmIDg4NjEvMS8xIDg4NjIvMi8xIDg4NjMvMy8xIDg4NjQvNC8xCmYgODg2NS8xLzEgODg2Ni8yLzEgODg2Ny8zLzEgODg2OC80LzEKZiA4ODY5LzEvMSA4ODcwLzIvMSA4ODcxLzMvMSA4ODcyLzQvMQpmIDg4NzMvMS8xIDg4NzQvMi8xIDg4NzUvMy8xIDg4NzYvNC8xCmYgODg3Ny8xLzEgODg3OC8yLzEgODg3OS8zLzEgODg4MC80LzEKZiA4ODgxLzEvMSA4ODgyLzIvMSA4ODgzLzMvMSA4ODg0LzQvMQpmIDg4ODUvMS8xIDg4ODYvMi8xIDg4ODcvMy8xIDg4ODgvNC8xCmYgODg4OS8xLzEgODg5MC8yLzEgODg5MS8zLzEgODg5Mi80LzEKZiA4ODkzLzEvMSA4ODk0LzIvMSA4ODk1LzMvMSA4ODk2LzQvMQpmIDg4OTcvMS8xIDg4OTgvMi8xIDg4OTkvMy8xIDg5MDAvNC8xCmYgODkwMS8xLzEgODkwMi8yLzEgODkwMy8zLzEgODkwNC80LzEKZiA4OTA1LzEvMSA4OTA2LzIvMSA4OTA3LzMvMSA4OTA4LzQvMQpmIDg5MDkvMS8xIDg5MTAvMi8xIDg5MTEvMy8xIDg5MTIvNC8xCmYgODkxMy8xLzEgODkxNC8yLzEgODkxNS8zLzEgODkxNi80LzEKZiA4OTE3LzEvMSA4OTE4LzIvMSA4OTE5LzMvMSA4OTIwLzQvMQpmIDg5MjEvMS8xIDg5MjIvMi8xIDg5MjMvMy8xIDg5MjQvNC8xCmYgODkyNS8xLzEgODkyNi8yLzEgODkyNy8zLzEgODkyOC80LzEKZiA4OTI5LzEvMSA4OTMwLzIvMSA4OTMxLzMvMSA4OTMyLzQvMQpmIDg5MzMvMS8xIDg5MzQvMi8xIDg5MzUvMy8xIDg5MzYvNC8xCmYgODkzNy8xLzEgODkzOC8yLzEgODkzOS8zLzEgODk0MC80LzEKZiA4OTQxLzEvMSA4OTQyLzIvMSA4OTQzLzMvMSA4OTQ0LzQvMQpmIDg5NDUvMS8xIDg5NDYvMi8xIDg5NDcvMy8xIDg5NDgvNC8xCmYgODk0OS8xLzEgODk1MC8yLzEgODk1MS8zLzEgODk1Mi80LzEKZiA4OTUzLzEvMSA4OTU0LzIvMSA4OTU1LzMvMSA4OTU2LzQvMQpmIDg5NTcvMS8xIDg5NTgvMi8xIDg5NTkvMy8xIDg5NjAvNC8xCmYgODk2MS8xLzEgODk2Mi8yLzEgODk2My8zLzEgODk2NC80LzEKZiA4OTY1LzEvMSA4OTY2LzIvMSA4OTY3LzMvMSA4OTY4LzQvMQpmIDg5NjkvMS8xIDg5NzAvMi8xIDg5NzEvMy8xIDg5NzIvNC8xCmYgODk3My8xLzEgODk3NC8yLzEgODk3NS8zLzEgODk3Ni80LzEKZiA4OTc3LzEvMSA4OTc4LzIvMSA4OTc5LzMvMSA4OTgwLzQvMQpmIDg5ODEvMS8xIDg5ODIvMi8xIDg5ODMvMy8xIDg5ODQvNC8xCmYgODk4NS8xLzEgODk4Ni8yLzEgODk4Ny8zLzEgODk4OC80LzEKZiA4OTg5LzEvMSA4OTkwLzIvMSA4OTkxLzMvMSA4OTkyLzQvMQpmIDg5OTMvMS8xIDg5OTQvMi8xIDg5OTUvMy8xIDg5OTYvNC8xCmYgODk5Ny8xLzEgODk5OC8yLzEgODk5OS8zLzEgOTAwMC80LzEKZiA5MDAxLzEvMSA5MDAyLzIvMSA5MDAzLzMvMSA5MDA0LzQvMQpmIDkwMDUvMS8xIDkwMDYvMi8xIDkwMDcvMy8xIDkwMDgvNC8xCmYgOTAwOS8xLzEgOTAxMC8yLzEgOTAxMS8zLzEgOTAxMi80LzEKZiA5MDEzLzEvMSA5MDE0LzIvMSA5MDE1LzMvMSA5MDE2LzQvMQpmIDkwMTcvMS8xIDkwMTgvMi8xIDkwMTkvMy8xIDkwMjAvNC8xCmYgOTAyMS8xLzEgOTAyMi8yLzEgOTAyMy8zLzEgOTAyNC80LzEKZiA5MDI1LzEvMSA5MDI2LzIvMSA5MDI3LzMvMSA5MDI4LzQvMQpmIDkwMjkvMS8xIDkwMzAvMi8xIDkwMzEvMy8xIDkwMzIvNC8xCmYgOTAzMy8xLzEgOTAzNC8yLzEgOTAzNS8zLzEgOTAzNi80LzEKZiA5MDM3LzEvMSA5MDM4LzIvMSA5MDM5LzMvMSA5MDQwLzQvMQpmIDkwNDEvMS8xIDkwNDIvMi8xIDkwNDMvMy8xIDkwNDQvNC8xCmYgOTA0NS8xLzEgOTA0Ni8yLzEgOTA0Ny8zLzEgOTA0OC80LzEKZiA5MDQ5LzEvMSA5MDUwLzIvMSA5MDUxLzMvMSA5MDUyLzQvMQpmIDkwNTMvMS8xIDkwNTQvMi8xIDkwNTUvMy8xIDkwNTYvNC8xCmYgOTA1Ny8xLzEgOTA1OC8yLzEgOTA1OS8zLzEgOTA2MC80LzEKZiA5MDYxLzEvMSA5MDYyLzIvMSA5MDYzLzMvMSA5MDY0LzQvMQpmIDkwNjUvMS8xIDkwNjYvMi8xIDkwNjcvMy8xIDkwNjgvNC8xCmYgOTA2OS8xLzEgOTA3MC8yLzEgOTA3MS8zLzEgOTA3Mi80LzEKZiA5MDczLzEvMSA5MDc0LzIvMSA5MDc1LzMvMSA5MDc2LzQvMQpmIDkwNzcvMS8xIDkwNzgvMi8xIDkwNzkvMy8xIDkwODAvNC8xCmYgOTA4MS8xLzEgOTA4Mi8yLzEgOTA4My8zLzEgOTA4NC80LzEKZiA5MDg1LzEvMSA5MDg2LzIvMSA5MDg3LzMvMSA5MDg4LzQvMQpmIDkwODkvMS8xIDkwOTAvMi8xIDkwOTEvMy8xIDkwOTIvNC8xCmYgOTA5My8xLzEgOTA5NC8yLzEgOTA5NS8zLzEgOTA5Ni80LzEKZiA5MDk3LzEvMSA5MDk4LzIvMSA5MDk5LzMvMSA5MTAwLzQvMQpmIDkxMDEvMS8xIDkxMDIvMi8xIDkxMDMvMy8xIDkxMDQvNC8xCmYgOTEwNS8xLzEgOTEwNi8yLzEgOTEwNy8zLzEgOTEwOC80LzEKZiA5MTA5LzEvMSA5MTEwLzIvMSA5MTExLzMvMSA5MTEyLzQvMQpmIDkxMTMvMS8xIDkxMTQvMi8xIDkxMTUvMy8xIDkxMTYvNC8xCmYgOTExNy8xLzEgOTExOC8yLzEgOTExOS8zLzEgOTEyMC80LzEKZiA5MTIxLzEvMSA5MTIyLzIvMSA5MTIzLzMvMSA5MTI0LzQvMQpmIDkxMjUvMS8xIDkxMjYvMi8xIDkxMjcvMy8xIDkxMjgvNC8xCmYgOTEyOS8xLzEgOTEzMC8yLzEgOTEzMS8zLzEgOTEzMi80LzEKZiA5MTMzLzEvMSA5MTM0LzIvMSA5MTM1LzMvMSA5MTM2LzQvMQpmIDkxMzcvMS8xIDkxMzgvMi8xIDkxMzkvMy8xIDkxNDAvNC8xCmYgOTE0MS8xLzEgOTE0Mi8yLzEgOTE0My8zLzEgOTE0NC80LzEKZiA5MTQ1LzEvMSA5MTQ2LzIvMSA5MTQ3LzMvMSA5MTQ4LzQvMQpmIDkxNDkvMS8xIDkxNTAvMi8xIDkxNTEvMy8xIDkxNTIvNC8xCmYgOTE1My8xLzEgOTE1NC8yLzEgOTE1NS8zLzEgOTE1Ni80LzEKZiA5MTU3LzEvMSA5MTU4LzIvMSA5MTU5LzMvMSA5MTYwLzQvMQpmIDkxNjEvMS8xIDkxNjIvMi8xIDkxNjMvMy8xIDkxNjQvNC8xCmYgOTE2NS8xLzEgOTE2Ni8yLzEgOTE2Ny8zLzEgOTE2OC80LzEKZiA5MTY5LzEvMSA5MTcwLzIvMSA5MTcxLzMvMSA5MTcyLzQvMQpmIDkxNzMvMS8xIDkxNzQvMi8xIDkxNzUvMy8xIDkxNzYvNC8xCmYgOTE3Ny8xLzEgOTE3OC8yLzEgOTE3OS8zLzEgOTE4MC80LzEKZiA5MTgxLzEvMSA5MTgyLzIvMSA5MTgzLzMvMSA5MTg0LzQvMQpmIDkxODUvMS8xIDkxODYvMi8xIDkxODcvMy8xIDkxODgvNC8xCmYgOTE4OS8xLzEgOTE5MC8yLzEgOTE5MS8zLzEgOTE5Mi80LzEKZiA5MTkzLzEvMSA5MTk0LzIvMSA5MTk1LzMvMSA5MTk2LzQvMQpmIDkxOTcvMS8xIDkxOTgvMi8xIDkxOTkvMy8xIDkyMDAvNC8xCmYgOTIwMS8xLzEgOTIwMi8yLzEgOTIwMy8zLzEgOTIwNC80LzEKZiA5MjA1LzEvMSA5MjA2LzIvMSA5MjA3LzMvMSA5MjA4LzQvMQpmIDkyMDkvMS8xIDkyMTAvMi8xIDkyMTEvMy8xIDkyMTIvNC8xCmYgOTIxMy8xLzEgOTIxNC8yLzEgOTIxNS8zLzEgOTIxNi80LzEKZiA5MjE3LzEvMSA5MjE4LzIvMSA5MjE5LzMvMSA5MjIwLzQvMQpmIDkyMjEvMS8xIDkyMjIvMi8xIDkyMjMvMy8xIDkyMjQvNC8xCmYgOTIyNS8xLzEgOTIyNi8yLzEgOTIyNy8zLzEgOTIyOC80LzEKZiA5MjI5LzEvMSA5MjMwLzIvMSA5MjMxLzMvMSA5MjMyLzQvMQpmIDkyMzMvMS8xIDkyMzQvMi8xIDkyMzUvMy8xIDkyMzYvNC8xCmYgOTIzNy8xLzEgOTIzOC8yLzEgOTIzOS8zLzEgOTI0MC80LzEKZiA5MjQxLzEvMSA5MjQyLzIvMSA5MjQzLzMvMSA5MjQ0LzQvMQpmIDkyNDUvMS8xIDkyNDYvMi8xIDkyNDcvMy8xIDkyNDgvNC8xCmYgOTI0OS8xLzEgOTI1MC8yLzEgOTI1MS8zLzEgOTI1Mi80LzEKZiA5MjUzLzEvMSA5MjU0LzIvMSA5MjU1LzMvMSA5MjU2LzQvMQpmIDkyNTcvMS8xIDkyNTgvMi8xIDkyNTkvMy8xIDkyNjAvNC8xCmYgOTI2MS8xLzEgOTI2Mi8yLzEgOTI2My8zLzEgOTI2NC80LzEKZiA5MjY1LzEvMSA5MjY2LzIvMSA5MjY3LzMvMSA5MjY4LzQvMQpmIDkyNjkvMS8xIDkyNzAvMi8xIDkyNzEvMy8xIDkyNzIvNC8xCmYgOTI3My8xLzEgOTI3NC8yLzEgOTI3NS8zLzEgOTI3Ni80LzEKZiA5Mjc3LzEvMSA5Mjc4LzIvMSA5Mjc5LzMvMSA5MjgwLzQvMQpmIDkyODEvMS8xIDkyODIvMi8xIDkyODMvMy8xIDkyODQvNC8xCmYgOTI4NS8xLzEgOTI4Ni8yLzEgOTI4Ny8zLzEgOTI4OC80LzEKZiA5Mjg5LzEvMSA5MjkwLzIvMSA5MjkxLzMvMSA5MjkyLzQvMQpmIDkyOTMvMS8xIDkyOTQvMi8xIDkyOTUvMy8xIDkyOTYvNC8xCmYgOTI5Ny8xLzEgOTI5OC8yLzEgOTI5OS8zLzEgOTMwMC80LzEKZiA5MzAxLzEvMSA5MzAyLzIvMSA5MzAzLzMvMSA5MzA0LzQvMQpmIDkzMDUvMS8xIDkzMDYvMi8xIDkzMDcvMy8xIDkzMDgvNC8xCmYgOTMwOS8xLzEgOTMxMC8yLzEgOTMxMS8zLzEgOTMxMi80LzEKZiA5MzEzLzEvMSA5MzE0LzIvMSA5MzE1LzMvMSA5MzE2LzQvMQpmIDkzMTcvMS8xIDkzMTgvMi8xIDkzMTkvMy8xIDkzMjAvNC8xCmYgOTMyMS8xLzEgOTMyMi8yLzEgOTMyMy8zLzEgOTMyNC80LzEKZiA5MzI1LzEvMSA5MzI2LzIvMSA5MzI3LzMvMSA5MzI4LzQvMQpmIDkzMjkvMS8xIDkzMzAvMi8xIDkzMzEvMy8xIDkzMzIvNC8xCmYgOTMzMy8xLzEgOTMzNC8yLzEgOTMzNS8zLzEgOTMzNi80LzEKZiA5MzM3LzEvMSA5MzM4LzIvMSA5MzM5LzMvMSA5MzQwLzQvMQpmIDkzNDEvMS8xIDkzNDIvMi8xIDkzNDMvMy8xIDkzNDQvNC8xCmYgOTM0NS8xLzEgOTM0Ni8yLzEgOTM0Ny8zLzEgOTM0OC80LzEKZiA5MzQ5LzEvMSA5MzUwLzIvMSA5MzUxLzMvMSA5MzUyLzQvMQpmIDkzNTMvMS8xIDkzNTQvMi8xIDkzNTUvMy8xIDkzNTYvNC8xCmYgOTM1Ny8xLzEgOTM1OC8yLzEgOTM1OS8zLzEgOTM2MC80LzEKZiA5MzYxLzEvMSA5MzYyLzIvMSA5MzYzLzMvMSA5MzY0LzQvMQpmIDkzNjUvMS8xIDkzNjYvMi8xIDkzNjcvMy8xIDkzNjgvNC8xCmYgOTM2OS8xLzEgOTM3MC8yLzEgOTM3MS8zLzEgOTM3Mi80LzEKZiA5MzczLzEvMSA5Mzc0LzIvMSA5Mzc1LzMvMSA5Mzc2LzQvMQpmIDkzNzcvMS8xIDkzNzgvMi8xIDkzNzkvMy8xIDkzODAvNC8xCmYgOTM4MS8xLzEgOTM4Mi8yLzEgOTM4My8zLzEgOTM4NC80LzEKZiA5Mzg1LzEvMSA5Mzg2LzIvMSA5Mzg3LzMvMSA5Mzg4LzQvMQpmIDkzODkvMS8xIDkzOTAvMi8xIDkzOTEvMy8xIDkzOTIvNC8xCmYgOTM5My8xLzEgOTM5NC8yLzEgOTM5NS8zLzEgOTM5Ni80LzEKZiA5Mzk3LzEvMSA5Mzk4LzIvMSA5Mzk5LzMvMSA5NDAwLzQvMQpmIDk0MDEvMS8xIDk0MDIvMi8xIDk0MDMvMy8xIDk0MDQvNC8xCmYgOTQwNS8xLzEgOTQwNi8yLzEgOTQwNy8zLzEgOTQwOC80LzEKZiA5NDA5LzEvMSA5NDEwLzIvMSA5NDExLzMvMSA5NDEyLzQvMQpmIDk0MTMvMS8xIDk0MTQvMi8xIDk0MTUvMy8xIDk0MTYvNC8xCmYgOTQxNy8xLzEgOTQxOC8yLzEgOTQxOS8zLzEgOTQyMC80LzEKZiA5NDIxLzEvMSA5NDIyLzIvMSA5NDIzLzMvMSA5NDI0LzQvMQpmIDk0MjUvMS8xIDk0MjYvMi8xIDk0MjcvMy8xIDk0MjgvNC8xCmYgOTQyOS8xLzEgOTQzMC8yLzEgOTQzMS8zLzEgOTQzMi80LzEKZiA5NDMzLzEvMSA5NDM0LzIvMSA5NDM1LzMvMSA5NDM2LzQvMQpmIDk0MzcvMS8xIDk0MzgvMi8xIDk0MzkvMy8xIDk0NDAvNC8xCmYgOTQ0MS8xLzEgOTQ0Mi8yLzEgOTQ0My8zLzEgOTQ0NC80LzEKZiA5NDQ1LzEvMSA5NDQ2LzIvMSA5NDQ3LzMvMSA5NDQ4LzQvMQpmIDk0NDkvMS8xIDk0NTAvMi8xIDk0NTEvMy8xIDk0NTIvNC8xCmYgOTQ1My8xLzEgOTQ1NC8yLzEgOTQ1NS8zLzEgOTQ1Ni80LzEKZiA5NDU3LzEvMSA5NDU4LzIvMSA5NDU5LzMvMSA5NDYwLzQvMQpmIDk0NjEvMS8xIDk0NjIvMi8xIDk0NjMvMy8xIDk0NjQvNC8xCmYgOTQ2NS8xLzEgOTQ2Ni8yLzEgOTQ2Ny8zLzEgOTQ2OC80LzEKZiA5NDY5LzEvMSA5NDcwLzIvMSA5NDcxLzMvMSA5NDcyLzQvMQpmIDk0NzMvMS8xIDk0NzQvMi8xIDk0NzUvMy8xIDk0NzYvNC8xCmYgOTQ3Ny8xLzEgOTQ3OC8yLzEgOTQ3OS8zLzEgOTQ4MC80LzEKZiA5NDgxLzEvMSA5NDgyLzIvMSA5NDgzLzMvMSA5NDg0LzQvMQpmIDk0ODUvMS8xIDk0ODYvMi8xIDk0ODcvMy8xIDk0ODgvNC8xCmYgOTQ4OS8xLzEgOTQ5MC8yLzEgOTQ5MS8zLzEgOTQ5Mi80LzEKZiA5NDkzLzEvMSA5NDk0LzIvMSA5NDk1LzMvMSA5NDk2LzQvMQpmIDk0OTcvMS8xIDk0OTgvMi8xIDk0OTkvMy8xIDk1MDAvNC8xCmYgOTUwMS8xLzEgOTUwMi8yLzEgOTUwMy8zLzEgOTUwNC80LzEKZiA5NTA1LzEvMSA5NTA2LzIvMSA5NTA3LzMvMSA5NTA4LzQvMQpmIDk1MDkvMS8xIDk1MTAvMi8xIDk1MTEvMy8xIDk1MTIvNC8xCmYgOTUxMy8xLzEgOTUxNC8yLzEgOTUxNS8zLzEgOTUxNi80LzEKZiA5NTE3LzEvMSA5NTE4LzIvMSA5NTE5LzMvMSA5NTIwLzQvMQpmIDk1MjEvMS8xIDk1MjIvMi8xIDk1MjMvMy8xIDk1MjQvNC8xCmYgOTUyNS8xLzEgOTUyNi8yLzEgOTUyNy8zLzEgOTUyOC80LzEKZiA5NTI5LzEvMSA5NTMwLzIvMSA5NTMxLzMvMSA5NTMyLzQvMQpmIDk1MzMvMS8xIDk1MzQvMi8xIDk1MzUvMy8xIDk1MzYvNC8xCmYgOTUzNy8xLzEgOTUzOC8yLzEgOTUzOS8zLzEgOTU0MC80LzEKZiA5NTQxLzEvMSA5NTQyLzIvMSA5NTQzLzMvMSA5NTQ0LzQvMQpmIDk1NDUvMS8xIDk1NDYvMi8xIDk1NDcvMy8xIDk1NDgvNC8xCmYgOTU0OS8xLzEgOTU1MC8yLzEgOTU1MS8zLzEgOTU1Mi80LzEKZiA5NTUzLzEvMSA5NTU0LzIvMSA5NTU1LzMvMSA5NTU2LzQvMQpmIDk1NTcvMS8xIDk1NTgvMi8xIDk1NTkvMy8xIDk1NjAvNC8xCmYgOTU2MS8xLzEgOTU2Mi8yLzEgOTU2My8zLzEgOTU2NC80LzEKZiA5NTY1LzEvMSA5NTY2LzIvMSA5NTY3LzMvMSA5NTY4LzQvMQpmIDk1NjkvMS8xIDk1NzAvMi8xIDk1NzEvMy8xIDk1NzIvNC8xCmYgOTU3My8xLzEgOTU3NC8yLzEgOTU3NS8zLzEgOTU3Ni80LzEKZiA5NTc3LzEvMSA5NTc4LzIvMSA5NTc5LzMvMSA5NTgwLzQvMQpmIDk1ODEvMS8xIDk1ODIvMi8xIDk1ODMvMy8xIDk1ODQvNC8xCmYgOTU4NS8xLzEgOTU4Ni8yLzEgOTU4Ny8zLzEgOTU4OC80LzEKZiA5NTg5LzEvMSA5NTkwLzIvMSA5NTkxLzMvMSA5NTkyLzQvMQpmIDk1OTMvMS8xIDk1OTQvMi8xIDk1OTUvMy8xIDk1OTYvNC8xCmYgOTU5Ny8xLzEgOTU5OC8yLzEgOTU5OS8zLzEgOTYwMC80LzEKZiA5NjAxLzEvMSA5NjAyLzIvMSA5NjAzLzMvMSA5NjA0LzQvMQpmIDk2MDUvMS8xIDk2MDYvMi8xIDk2MDcvMy8xIDk2MDgvNC8xCmYgOTYwOS8xLzEgOTYxMC8yLzEgOTYxMS8zLzEgOTYxMi80LzEKZiA5NjEzLzEvMSA5NjE0LzIvMSA5NjE1LzMvMSA5NjE2LzQvMQpmIDk2MTcvMS8xIDk2MTgvMi8xIDk2MTkvMy8xIDk2MjAvNC8xCmYgOTYyMS8xLzEgOTYyMi8yLzEgOTYyMy8zLzEgOTYyNC80LzEKZiA5NjI1LzEvMSA5NjI2LzIvMSA5NjI3LzMvMSA5NjI4LzQvMQpmIDk2MjkvMS8xIDk2MzAvMi8xIDk2MzEvMy8xIDk2MzIvNC8xCmYgOTYzMy8xLzEgOTYzNC8yLzEgOTYzNS8zLzEgOTYzNi80LzEKZiA5NjM3LzEvMSA5NjM4LzIvMSA5NjM5LzMvMSA5NjQwLzQvMQpmIDk2NDEvMS8xIDk2NDIvMi8xIDk2NDMvMy8xIDk2NDQvNC8xCmYgOTY0NS8xLzEgOTY0Ni8yLzEgOTY0Ny8zLzEgOTY0OC80LzEKZiA5NjQ5LzEvMSA5NjUwLzIvMSA5NjUxLzMvMSA5NjUyLzQvMQpmIDk2NTMvMS8xIDk2NTQvMi8xIDk2NTUvMy8xIDk2NTYvNC8xCmYgOTY1Ny8xLzEgOTY1OC8yLzEgOTY1OS8zLzEgOTY2MC80LzEKZiA5NjYxLzEvMSA5NjYyLzIvMSA5NjYzLzMvMSA5NjY0LzQvMQpmIDk2NjUvMS8xIDk2NjYvMi8xIDk2NjcvMy8xIDk2NjgvNC8xCmYgOTY2OS8xLzEgOTY3MC8yLzEgOTY3MS8zLzEgOTY3Mi80LzEKZiA5NjczLzEvMSA5Njc0LzIvMSA5Njc1LzMvMSA5Njc2LzQvMQpmIDk2NzcvMS8xIDk2NzgvMi8xIDk2NzkvMy8xIDk2ODAvNC8xCmYgOTY4MS8xLzEgOTY4Mi8yLzEgOTY4My8zLzEgOTY4NC80LzEKZiA5Njg1LzEvMSA5Njg2LzIvMSA5Njg3LzMvMSA5Njg4LzQvMQpmIDk2ODkvMS8xIDk2OTAvMi8xIDk2OTEvMy8xIDk2OTIvNC8xCmYgOTY5My8xLzEgOTY5NC8yLzEgOTY5NS8zLzEgOTY5Ni80LzEKZiA5Njk3LzEvMSA5Njk4LzIvMSA5Njk5LzMvMSA5NzAwLzQvMQpmIDk3MDEvMS8xIDk3MDIvMi8xIDk3MDMvMy8xIDk3MDQvNC8xCmYgOTcwNS8xLzEgOTcwNi8yLzEgOTcwNy8zLzEgOTcwOC80LzEKZiA5NzA5LzEvMSA5NzEwLzIvMSA5NzExLzMvMSA5NzEyLzQvMQpmIDk3MTMvMS8xIDk3MTQvMi8xIDk3MTUvMy8xIDk3MTYvNC8xCmYgOTcxNy8xLzEgOTcxOC8yLzEgOTcxOS8zLzEgOTcyMC80LzEKZiA5NzIxLzEvMSA5NzIyLzIvMSA5NzIzLzMvMSA5NzI0LzQvMQpmIDk3MjUvMS8xIDk3MjYvMi8xIDk3MjcvMy8xIDk3MjgvNC8xCmYgOTcyOS8xLzEgOTczMC8yLzEgOTczMS8zLzEgOTczMi80LzEKZiA5NzMzLzEvMSA5NzM0LzIvMSA5NzM1LzMvMSA5NzM2LzQvMQpmIDk3MzcvMS8xIDk3MzgvMi8xIDk3MzkvMy8xIDk3NDAvNC8xCmYgOTc0MS8xLzEgOTc0Mi8yLzEgOTc0My8zLzEgOTc0NC80LzEKZiA5NzQ1LzEvMSA5NzQ2LzIvMSA5NzQ3LzMvMSA5NzQ4LzQvMQpmIDk3NDkvMS8xIDk3NTAvMi8xIDk3NTEvMy8xIDk3NTIvNC8xCmYgOTc1My8xLzEgOTc1NC8yLzEgOTc1NS8zLzEgOTc1Ni80LzEKZiA5NzU3LzEvMSA5NzU4LzIvMSA5NzU5LzMvMSA5NzYwLzQvMQpmIDk3NjEvMS8xIDk3NjIvMi8xIDk3NjMvMy8xIDk3NjQvNC8xCmYgOTc2NS8xLzEgOTc2Ni8yLzEgOTc2Ny8zLzEgOTc2OC80LzEKZiA5NzY5LzEvMSA5NzcwLzIvMSA5NzcxLzMvMSA5NzcyLzQvMQpmIDk3NzMvMS8xIDk3NzQvMi8xIDk3NzUvMy8xIDk3NzYvNC8xCmYgOTc3Ny8xLzEgOTc3OC8yLzEgOTc3OS8zLzEgOTc4MC80LzEKZiA5NzgxLzEvMSA5NzgyLzIvMSA5NzgzLzMvMSA5Nzg0LzQvMQpmIDk3ODUvMS8xIDk3ODYvMi8xIDk3ODcvMy8xIDk3ODgvNC8xCmYgOTc4OS8xLzEgOTc5MC8yLzEgOTc5MS8zLzEgOTc5Mi80LzEKZiA5NzkzLzEvMSA5Nzk0LzIvMSA5Nzk1LzMvMSA5Nzk2LzQvMQpmIDk3OTcvMS8xIDk3OTgvMi8xIDk3OTkvMy8xIDk4MDAvNC8xCmYgOTgwMS8xLzEgOTgwMi8yLzEgOTgwMy8zLzEgOTgwNC80LzEKZiA5ODA1LzEvMSA5ODA2LzIvMSA5ODA3LzMvMSA5ODA4LzQvMQpmIDk4MDkvMS8xIDk4MTAvMi8xIDk4MTEvMy8xIDk4MTIvNC8xCmYgOTgxMy8xLzEgOTgxNC8yLzEgOTgxNS8zLzEgOTgxNi80LzEKZiA5ODE3LzEvMSA5ODE4LzIvMSA5ODE5LzMvMSA5ODIwLzQvMQpmIDk4MjEvMS8xIDk4MjIvMi8xIDk4MjMvMy8xIDk4MjQvNC8xCmYgOTgyNS8xLzEgOTgyNi8yLzEgOTgyNy8zLzEgOTgyOC80LzEKZiA5ODI5LzEvMSA5ODMwLzIvMSA5ODMxLzMvMSA5ODMyLzQvMQpmIDk4MzMvMS8xIDk4MzQvMi8xIDk4MzUvMy8xIDk4MzYvNC8xCmYgOTgzNy8xLzEgOTgzOC8yLzEgOTgzOS8zLzEgOTg0MC80LzEKZiA5ODQxLzEvMSA5ODQyLzIvMSA5ODQzLzMvMSA5ODQ0LzQvMQpmIDk4NDUvMS8xIDk4NDYvMi8xIDk4NDcvMy8xIDk4NDgvNC8xCmYgOTg0OS8xLzEgOTg1MC8yLzEgOTg1MS8zLzEgOTg1Mi80LzEKZiA5ODUzLzEvMSA5ODU0LzIvMSA5ODU1LzMvMSA5ODU2LzQvMQpmIDk4NTcvMS8xIDk4NTgvMi8xIDk4NTkvMy8xIDk4NjAvNC8xCmYgOTg2MS8xLzEgOTg2Mi8yLzEgOTg2My8zLzEgOTg2NC80LzEKZiA5ODY1LzEvMSA5ODY2LzIvMSA5ODY3LzMvMSA5ODY4LzQvMQpmIDk4NjkvMS8xIDk4NzAvMi8xIDk4NzEvMy8xIDk4NzIvNC8xCmYgOTg3My8xLzEgOTg3NC8yLzEgOTg3NS8zLzEgOTg3Ni80LzEKZiA5ODc3LzEvMSA5ODc4LzIvMSA5ODc5LzMvMSA5ODgwLzQvMQpmIDk4ODEvMS8xIDk4ODIvMi8xIDk4ODMvMy8xIDk4ODQvNC8xCmYgOTg4NS8xLzEgOTg4Ni8yLzEgOTg4Ny8zLzEgOTg4OC80LzEKZiA5ODg5LzEvMSA5ODkwLzIvMSA5ODkxLzMvMSA5ODkyLzQvMQpmIDk4OTMvMS8xIDk4OTQvMi8xIDk4OTUvMy8xIDk4OTYvNC8xCmYgOTg5Ny8xLzEgOTg5OC8yLzEgOTg5OS8zLzEgOTkwMC80LzEKZiA5OTAxLzEvMSA5OTAyLzIvMSA5OTAzLzMvMSA5OTA0LzQvMQpmIDk5MDUvMS8xIDk5MDYvMi8xIDk5MDcvMy8xIDk5MDgvNC8xCmYgOTkwOS8xLzEgOTkxMC8yLzEgOTkxMS8zLzEgOTkxMi80LzEKZiA5OTEzLzEvMSA5OTE0LzIvMSA5OTE1LzMvMSA5OTE2LzQvMQpmIDk5MTcvMS8xIDk5MTgvMi8xIDk5MTkvMy8xIDk5MjAvNC8xCmYgOTkyMS8xLzEgOTkyMi8yLzEgOTkyMy8zLzEgOTkyNC80LzEKZiA5OTI1LzEvMSA5OTI2LzIvMSA5OTI3LzMvMSA5OTI4LzQvMQpmIDk5MjkvMS8xIDk5MzAvMi8xIDk5MzEvMy8xIDk5MzIvNC8xCmYgOTkzMy8xLzEgOTkzNC8yLzEgOTkzNS8zLzEgOTkzNi80LzEKZiA5OTM3LzEvMSA5OTM4LzIvMSA5OTM5LzMvMSA5OTQwLzQvMQpmIDk5NDEvMS8xIDk5NDIvMi8xIDk5NDMvMy8xIDk5NDQvNC8xCmYgOTk0NS8xLzEgOTk0Ni8yLzEgOTk0Ny8zLzEgOTk0OC80LzEKZiA5OTQ5LzEvMSA5OTUwLzIvMSA5OTUxLzMvMSA5OTUyLzQvMQpmIDk5NTMvMS8xIDk5NTQvMi8xIDk5NTUvMy8xIDk5NTYvNC8xCmYgOTk1Ny8xLzEgOTk1OC8yLzEgOTk1OS8zLzEgOTk2MC80LzEKZiA5OTYxLzEvMSA5OTYyLzIvMSA5OTYzLzMvMSA5OTY0LzQvMQpmIDk5NjUvMS8xIDk5NjYvMi8xIDk5NjcvMy8xIDk5NjgvNC8xCmYgOTk2OS8xLzEgOTk3MC8yLzEgOTk3MS8zLzEgOTk3Mi80LzEKZiA5OTczLzEvMSA5OTc0LzIvMSA5OTc1LzMvMSA5OTc2LzQvMQpmIDk5NzcvMS8xIDk5NzgvMi8xIDk5NzkvMy8xIDk5ODAvNC8xCmYgOTk4MS8xLzEgOTk4Mi8yLzEgOTk4My8zLzEgOTk4NC80LzEKZiA5OTg1LzEvMSA5OTg2LzIvMSA5OTg3LzMvMSA5OTg4LzQvMQpmIDk5ODkvMS8xIDk5OTAvMi8xIDk5OTEvMy8xIDk5OTIvNC8xCmYgOTk5My8xLzEgOTk5NC8yLzEgOTk5NS8zLzEgOTk5Ni80LzEKZiA5OTk3LzEvMSA5OTk4LzIvMSA5OTk5LzMvMSAxMDAwMC80LzEKZiAxMDAwMS8xLzEgMTAwMDIvMi8xIDEwMDAzLzMvMSAxMDAwNC80LzEKZiAxMDAwNS8xLzEgMTAwMDYvMi8xIDEwMDA3LzMvMSAxMDAwOC80LzEKZiAxMDAwOS8xLzEgMTAwMTAvMi8xIDEwMDExLzMvMSAxMDAxMi80LzEKZiAxMDAxMy8xLzEgMTAwMTQvMi8xIDEwMDE1LzMvMSAxMDAxNi80LzEKZiAxMDAxNy8xLzEgMTAwMTgvMi8xIDEwMDE5LzMvMSAxMDAyMC80LzEKZiAxMDAyMS8xLzEgMTAwMjIvMi8xIDEwMDIzLzMvMSAxMDAyNC80LzEKZiAxMDAyNS8xLzEgMTAwMjYvMi8xIDEwMDI3LzMvMSAxMDAyOC80LzEKZiAxMDAyOS8xLzEgMTAwMzAvMi8xIDEwMDMxLzMvMSAxMDAzMi80LzEKZiAxMDAzMy8xLzEgMTAwMzQvMi8xIDEwMDM1LzMvMSAxMDAzNi80LzEKZiAxMDAzNy8xLzEgMTAwMzgvMi8xIDEwMDM5LzMvMSAxMDA0MC80LzEKZiAxMDA0MS8xLzEgMTAwNDIvMi8xIDEwMDQzLzMvMSAxMDA0NC80LzEKZiAxMDA0NS8xLzEgMTAwNDYvMi8xIDEwMDQ3LzMvMSAxMDA0OC80LzEKZiAxMDA0OS8xLzEgMTAwNTAvMi8xIDEwMDUxLzMvMSAxMDA1Mi80LzEKZiAxMDA1My8xLzEgMTAwNTQvMi8xIDEwMDU1LzMvMSAxMDA1Ni80LzEKZiAxMDA1Ny8xLzEgMTAwNTgvMi8xIDEwMDU5LzMvMSAxMDA2MC80LzEKZiAxMDA2MS8xLzEgMTAwNjIvMi8xIDEwMDYzLzMvMSAxMDA2NC80LzEKZiAxMDA2NS8xLzEgMTAwNjYvMi8xIDEwMDY3LzMvMSAxMDA2OC80LzEKZiAxMDA2OS8xLzEgMTAwNzAvMi8xIDEwMDcxLzMvMSAxMDA3Mi80LzEKZiAxMDA3My8xLzEgMTAwNzQvMi8xIDEwMDc1LzMvMSAxMDA3Ni80LzEKZiAxMDA3Ny8xLzEgMTAwNzgvMi8xIDEwMDc5LzMvMSAxMDA4MC80LzEKZiAxMDA4MS8xLzEgMTAwODIvMi8xIDEwMDgzLzMvMSAxMDA4NC80LzEKZiAxMDA4NS8xLzEgMTAwODYvMi8xIDEwMDg3LzMvMSAxMDA4OC80LzEKZiAxMDA4OS8xLzEgMTAwOTAvMi8xIDEwMDkxLzMvMSAxMDA5Mi80LzEKZiAxMDA5My8xLzEgMTAwOTQvMi8xIDEwMDk1LzMvMSAxMDA5Ni80LzEKZiAxMDA5Ny8xLzEgMTAwOTgvMi8xIDEwMDk5LzMvMSAxMDEwMC80LzEKZiAxMDEwMS8xLzEgMTAxMDIvMi8xIDEwMTAzLzMvMSAxMDEwNC80LzEKZiAxMDEwNS8xLzEgMTAxMDYvMi8xIDEwMTA3LzMvMSAxMDEwOC80LzEKZiAxMDEwOS8xLzEgMTAxMTAvMi8xIDEwMTExLzMvMSAxMDExMi80LzEKZiAxMDExMy8xLzEgMTAxMTQvMi8xIDEwMTE1LzMvMSAxMDExNi80LzEKZiAxMDExNy8xLzEgMTAxMTgvMi8xIDEwMTE5LzMvMSAxMDEyMC80LzEKZiAxMDEyMS8xLzEgMTAxMjIvMi8xIDEwMTIzLzMvMSAxMDEyNC80LzEKZiAxMDEyNS8xLzEgMTAxMjYvMi8xIDEwMTI3LzMvMSAxMDEyOC80LzEKZiAxMDEyOS8xLzEgMTAxMzAvMi8xIDEwMTMxLzMvMSAxMDEzMi80LzEKZiAxMDEzMy8xLzEgMTAxMzQvMi8xIDEwMTM1LzMvMSAxMDEzNi80LzEKZiAxMDEzNy8xLzEgMTAxMzgvMi8xIDEwMTM5LzMvMSAxMDE0MC80LzEKZiAxMDE0MS8xLzEgMTAxNDIvMi8xIDEwMTQzLzMvMSAxMDE0NC80LzEKZiAxMDE0NS8xLzEgMTAxNDYvMi8xIDEwMTQ3LzMvMSAxMDE0OC80LzEKZiAxMDE0OS8xLzEgMTAxNTAvMi8xIDEwMTUxLzMvMSAxMDE1Mi80LzEKZiAxMDE1My8xLzEgMTAxNTQvMi8xIDEwMTU1LzMvMSAxMDE1Ni80LzEKZiAxMDE1Ny8xLzEgMTAxNTgvMi8xIDEwMTU5LzMvMSAxMDE2MC80LzEKZiAxMDE2MS8xLzEgMTAxNjIvMi8xIDEwMTYzLzMvMSAxMDE2NC80LzEKZiAxMDE2NS8xLzEgMTAxNjYvMi8xIDEwMTY3LzMvMSAxMDE2OC80LzEKZiAxMDE2OS8xLzEgMTAxNzAvMi8xIDEwMTcxLzMvMSAxMDE3Mi80LzEKZiAxMDE3My8xLzEgMTAxNzQvMi8xIDEwMTc1LzMvMSAxMDE3Ni80LzEKZiAxMDE3Ny8xLzEgMTAxNzgvMi8xIDEwMTc5LzMvMSAxMDE4MC80LzEKZiAxMDE4MS8xLzEgMTAxODIvMi8xIDEwMTgzLzMvMSAxMDE4NC80LzEKZiAxMDE4NS8xLzEgMTAxODYvMi8xIDEwMTg3LzMvMSAxMDE4OC80LzEKZiAxMDE4OS8xLzEgMTAxOTAvMi8xIDEwMTkxLzMvMSAxMDE5Mi80LzEKZiAxMDE5My8xLzEgMTAxOTQvMi8xIDEwMTk1LzMvMSAxMDE5Ni80LzEKZiAxMDE5Ny8xLzEgMTAxOTgvMi8xIDEwMTk5LzMvMSAxMDIwMC80LzEKZiAxMDIwMS8xLzEgMTAyMDIvMi8xIDEwMjAzLzMvMSAxMDIwNC80LzEKZiAxMDIwNS8xLzEgMTAyMDYvMi8xIDEwMjA3LzMvMSAxMDIwOC80LzEKZiAxMDIwOS8xLzEgMTAyMTAvMi8xIDEwMjExLzMvMSAxMDIxMi80LzEKZiAxMDIxMy8xLzEgMTAyMTQvMi8xIDEwMjE1LzMvMSAxMDIxNi80LzEKZiAxMDIxNy8xLzEgMTAyMTgvMi8xIDEwMjE5LzMvMSAxMDIyMC80LzEKZiAxMDIyMS8xLzEgMTAyMjIvMi8xIDEwMjIzLzMvMSAxMDIyNC80LzEKZiAxMDIyNS8xLzEgMTAyMjYvMi8xIDEwMjI3LzMvMSAxMDIyOC80LzEKZiAxMDIyOS8xLzEgMTAyMzAvMi8xIDEwMjMxLzMvMSAxMDIzMi80LzEKZiAxMDIzMy8xLzEgMTAyMzQvMi8xIDEwMjM1LzMvMSAxMDIzNi80LzEKZiAxMDIzNy8xLzEgMTAyMzgvMi8xIDEwMjM5LzMvMSAxMDI0MC80LzEKZiAxMDI0MS8xLzEgMTAyNDIvMi8xIDEwMjQzLzMvMSAxMDI0NC80LzEKZiAxMDI0NS8xLzEgMTAyNDYvMi8xIDEwMjQ3LzMvMSAxMDI0OC80LzEKZiAxMDI0OS8xLzEgMTAyNTAvMi8xIDEwMjUxLzMvMSAxMDI1Mi80LzEKZiAxMDI1My8xLzEgMTAyNTQvMi8xIDEwMjU1LzMvMSAxMDI1Ni80LzEKZiAxMDI1Ny8xLzEgMTAyNTgvMi8xIDEwMjU5LzMvMSAxMDI2MC80LzEKZiAxMDI2MS8xLzEgMTAyNjIvMi8xIDEwMjYzLzMvMSAxMDI2NC80LzEKZiAxMDI2NS8xLzEgMTAyNjYvMi8xIDEwMjY3LzMvMSAxMDI2OC80LzEKZiAxMDI2OS8xLzEgMTAyNzAvMi8xIDEwMjcxLzMvMSAxMDI3Mi80LzEKZiAxMDI3My8xLzEgMTAyNzQvMi8xIDEwMjc1LzMvMSAxMDI3Ni80LzEKZiAxMDI3Ny8xLzEgMTAyNzgvMi8xIDEwMjc5LzMvMSAxMDI4MC80LzEKZiAxMDI4MS8xLzEgMTAyODIvMi8xIDEwMjgzLzMvMSAxMDI4NC80LzEKZiAxMDI4NS8xLzEgMTAyODYvMi8xIDEwMjg3LzMvMSAxMDI4OC80LzEKZiAxMDI4OS8xLzEgMTAyOTAvMi8xIDEwMjkxLzMvMSAxMDI5Mi80LzEKZiAxMDI5My8xLzEgMTAyOTQvMi8xIDEwMjk1LzMvMSAxMDI5Ni80LzEKZiAxMDI5Ny8xLzEgMTAyOTgvMi8xIDEwMjk5LzMvMSAxMDMwMC80LzEKZiAxMDMwMS8xLzEgMTAzMDIvMi8xIDEwMzAzLzMvMSAxMDMwNC80LzEKZiAxMDMwNS8xLzEgMTAzMDYvMi8xIDEwMzA3LzMvMSAxMDMwOC80LzEKZiAxMDMwOS8xLzEgMTAzMTAvMi8xIDEwMzExLzMvMSAxMDMxMi80LzEKZiAxMDMxMy8xLzEgMTAzMTQvMi8xIDEwMzE1LzMvMSAxMDMxNi80LzEKZiAxMDMxNy8xLzEgMTAzMTgvMi8xIDEwMzE5LzMvMSAxMDMyMC80LzEKZiAxMDMyMS8xLzEgMTAzMjIvMi8xIDEwMzIzLzMvMSAxMDMyNC80LzEKZiAxMDMyNS8xLzEgMTAzMjYvMi8xIDEwMzI3LzMvMSAxMDMyOC80LzEKZiAxMDMyOS8xLzEgMTAzMzAvMi8xIDEwMzMxLzMvMSAxMDMzMi80LzEKZiAxMDMzMy8xLzEgMTAzMzQvMi8xIDEwMzM1LzMvMSAxMDMzNi80LzEKZiAxMDMzNy8xLzEgMTAzMzgvMi8xIDEwMzM5LzMvMSAxMDM0MC80LzEKZiAxMDM0MS8xLzEgMTAzNDIvMi8xIDEwMzQzLzMvMSAxMDM0NC80LzEKZiAxMDM0NS8xLzEgMTAzNDYvMi8xIDEwMzQ3LzMvMSAxMDM0OC80LzEKZiAxMDM0OS8xLzEgMTAzNTAvMi8xIDEwMzUxLzMvMSAxMDM1Mi80LzEKZiAxMDM1My8xLzEgMTAzNTQvMi8xIDEwMzU1LzMvMSAxMDM1Ni80LzEKZiAxMDM1Ny8xLzEgMTAzNTgvMi8xIDEwMzU5LzMvMSAxMDM2MC80LzEKZiAxMDM2MS8xLzEgMTAzNjIvMi8xIDEwMzYzLzMvMSAxMDM2NC80LzEKZiAxMDM2NS8xLzEgMTAzNjYvMi8xIDEwMzY3LzMvMSAxMDM2OC80LzEKZiAxMDM2OS8xLzEgMTAzNzAvMi8xIDEwMzcxLzMvMSAxMDM3Mi80LzEKZiAxMDM3My8xLzEgMTAzNzQvMi8xIDEwMzc1LzMvMSAxMDM3Ni80LzEKZiAxMDM3Ny8xLzEgMTAzNzgvMi8xIDEwMzc5LzMvMSAxMDM4MC80LzEKZiAxMDM4MS8xLzEgMTAzODIvMi8xIDEwMzgzLzMvMSAxMDM4NC80LzEKZiAxMDM4NS8xLzEgMTAzODYvMi8xIDEwMzg3LzMvMSAxMDM4OC80LzEKZiAxMDM4OS8xLzEgMTAzOTAvMi8xIDEwMzkxLzMvMSAxMDM5Mi80LzEKZiAxMDM5My8xLzEgMTAzOTQvMi8xIDEwMzk1LzMvMSAxMDM5Ni80LzEKZiAxMDM5Ny8xLzEgMTAzOTgvMi8xIDEwMzk5LzMvMSAxMDQwMC80LzEKZiAxMDQwMS8xLzEgMTA0MDIvMi8xIDEwNDAzLzMvMSAxMDQwNC80LzEKZiAxMDQwNS8xLzEgMTA0MDYvMi8xIDEwNDA3LzMvMSAxMDQwOC80LzEKZiAxMDQwOS8xLzEgMTA0MTAvMi8xIDEwNDExLzMvMSAxMDQxMi80LzEKZiAxMDQxMy8xLzEgMTA0MTQvMi8xIDEwNDE1LzMvMSAxMDQxNi80LzEKZiAxMDQxNy8xLzEgMTA0MTgvMi8xIDEwNDE5LzMvMSAxMDQyMC80LzEKZiAxMDQyMS8xLzEgMTA0MjIvMi8xIDEwNDIzLzMvMSAxMDQyNC80LzEKZiAxMDQyNS8xLzEgMTA0MjYvMi8xIDEwNDI3LzMvMSAxMDQyOC80LzEKZiAxMDQyOS8xLzEgMTA0MzAvMi8xIDEwNDMxLzMvMSAxMDQzMi80LzEKZiAxMDQzMy8xLzEgMTA0MzQvMi8xIDEwNDM1LzMvMSAxMDQzNi80LzEKZiAxMDQzNy8xLzEgMTA0MzgvMi8xIDEwNDM5LzMvMSAxMDQ0MC80LzEKZiAxMDQ0MS8xLzEgMTA0NDIvMi8xIDEwNDQzLzMvMSAxMDQ0NC80LzEKZiAxMDQ0NS8xLzEgMTA0NDYvMi8xIDEwNDQ3LzMvMSAxMDQ0OC80LzEKZiAxMDQ0OS8xLzEgMTA0NTAvMi8xIDEwNDUxLzMvMSAxMDQ1Mi80LzEKZiAxMDQ1My8xLzEgMTA0NTQvMi8xIDEwNDU1LzMvMSAxMDQ1Ni80LzEKZiAxMDQ1Ny8xLzEgMTA0NTgvMi8xIDEwNDU5LzMvMSAxMDQ2MC80LzEKZiAxMDQ2MS8xLzEgMTA0NjIvMi8xIDEwNDYzLzMvMSAxMDQ2NC80LzEKZiAxMDQ2NS8xLzEgMTA0NjYvMi8xIDEwNDY3LzMvMSAxMDQ2OC80LzEKZiAxMDQ2OS8xLzEgMTA0NzAvMi8xIDEwNDcxLzMvMSAxMDQ3Mi80LzEKZiAxMDQ3My8xLzEgMTA0NzQvMi8xIDEwNDc1LzMvMSAxMDQ3Ni80LzEKZiAxMDQ3Ny8xLzEgMTA0NzgvMi8xIDEwNDc5LzMvMSAxMDQ4MC80LzEKZiAxMDQ4MS8xLzEgMTA0ODIvMi8xIDEwNDgzLzMvMSAxMDQ4NC80LzEKZiAxMDQ4NS8xLzEgMTA0ODYvMi8xIDEwNDg3LzMvMSAxMDQ4OC80LzEKZiAxMDQ4OS8xLzEgMTA0OTAvMi8xIDEwNDkxLzMvMSAxMDQ5Mi80LzEKZiAxMDQ5My8xLzEgMTA0OTQvMi8xIDEwNDk1LzMvMSAxMDQ5Ni80LzEKZiAxMDQ5Ny8xLzEgMTA0OTgvMi8xIDEwNDk5LzMvMSAxMDUwMC80LzEKZiAxMDUwMS8xLzEgMTA1MDIvMi8xIDEwNTAzLzMvMSAxMDUwNC80LzEKZiAxMDUwNS8xLzEgMTA1MDYvMi8xIDEwNTA3LzMvMSAxMDUwOC80LzEKZiAxMDUwOS8xLzEgMTA1MTAvMi8xIDEwNTExLzMvMSAxMDUxMi80LzEKZiAxMDUxMy8xLzEgMTA1MTQvMi8xIDEwNTE1LzMvMSAxMDUxNi80LzEKZiAxMDUxNy8xLzEgMTA1MTgvMi8xIDEwNTE5LzMvMSAxMDUyMC80LzEKZiAxMDUyMS8xLzEgMTA1MjIvMi8xIDEwNTIzLzMvMSAxMDUyNC80LzEKZiAxMDUyNS8xLzEgMTA1MjYvMi8xIDEwNTI3LzMvMSAxMDUyOC80LzEKZiAxMDUyOS8xLzEgMTA1MzAvMi8xIDEwNTMxLzMvMSAxMDUzMi80LzEKZiAxMDUzMy8xLzEgMTA1MzQvMi8xIDEwNTM1LzMvMSAxMDUzNi80LzEKZiAxMDUzNy8xLzEgMTA1MzgvMi8xIDEwNTM5LzMvMSAxMDU0MC80LzEKZiAxMDU0MS8xLzEgMTA1NDIvMi8xIDEwNTQzLzMvMSAxMDU0NC80LzEKZiAxMDU0NS8xLzEgMTA1NDYvMi8xIDEwNTQ3LzMvMSAxMDU0OC80LzEKZiAxMDU0OS8xLzEgMTA1NTAvMi8xIDEwNTUxLzMvMSAxMDU1Mi80LzEKZiAxMDU1My8xLzEgMTA1NTQvMi8xIDEwNTU1LzMvMSAxMDU1Ni80LzEKZiAxMDU1Ny8xLzEgMTA1NTgvMi8xIDEwNTU5LzMvMSAxMDU2MC80LzEKZiAxMDU2MS8xLzEgMTA1NjIvMi8xIDEwNTYzLzMvMSAxMDU2NC80LzEKZiAxMDU2NS8xLzEgMTA1NjYvMi8xIDEwNTY3LzMvMSAxMDU2OC80LzEKZiAxMDU2OS8xLzEgMTA1NzAvMi8xIDEwNTcxLzMvMSAxMDU3Mi80LzEKZiAxMDU3My8xLzEgMTA1NzQvMi8xIDEwNTc1LzMvMSAxMDU3Ni80LzEKZiAxMDU3Ny8xLzEgMTA1NzgvMi8xIDEwNTc5LzMvMSAxMDU4MC80LzEKZiAxMDU4MS8xLzEgMTA1ODIvMi8xIDEwNTgzLzMvMSAxMDU4NC80LzEKZiAxMDU4NS8xLzEgMTA1ODYvMi8xIDEwNTg3LzMvMSAxMDU4OC80LzEKZiAxMDU4OS8xLzEgMTA1OTAvMi8xIDEwNTkxLzMvMSAxMDU5Mi80LzEKZiAxMDU5My8xLzEgMTA1OTQvMi8xIDEwNTk1LzMvMSAxMDU5Ni80LzEKZiAxMDU5Ny8xLzEgMTA1OTgvMi8xIDEwNTk5LzMvMSAxMDYwMC80LzEKZiAxMDYwMS8xLzEgMTA2MDIvMi8xIDEwNjAzLzMvMSAxMDYwNC80LzEKZiAxMDYwNS8xLzEgMTA2MDYvMi8xIDEwNjA3LzMvMSAxMDYwOC80LzEKZiAxMDYwOS8xLzEgMTA2MTAvMi8xIDEwNjExLzMvMSAxMDYxMi80LzEKZiAxMDYxMy8xLzEgMTA2MTQvMi8xIDEwNjE1LzMvMSAxMDYxNi80LzEKZiAxMDYxNy8xLzEgMTA2MTgvMi8xIDEwNjE5LzMvMSAxMDYyMC80LzEKZiAxMDYyMS8xLzEgMTA2MjIvMi8xIDEwNjIzLzMvMSAxMDYyNC80LzEKZiAxMDYyNS8xLzEgMTA2MjYvMi8xIDEwNjI3LzMvMSAxMDYyOC80LzEKZiAxMDYyOS8xLzEgMTA2MzAvMi8xIDEwNjMxLzMvMSAxMDYzMi80LzEKZiAxMDYzMy8xLzEgMTA2MzQvMi8xIDEwNjM1LzMvMSAxMDYzNi80LzEKZiAxMDYzNy8xLzEgMTA2MzgvMi8xIDEwNjM5LzMvMSAxMDY0MC80LzEKZiAxMDY0MS8xLzEgMTA2NDIvMi8xIDEwNjQzLzMvMSAxMDY0NC80LzEKZiAxMDY0NS8xLzEgMTA2NDYvMi8xIDEwNjQ3LzMvMSAxMDY0OC80LzEKZiAxMDY0OS8xLzEgMTA2NTAvMi8xIDEwNjUxLzMvMSAxMDY1Mi80LzEKZiAxMDY1My8xLzEgMTA2NTQvMi8xIDEwNjU1LzMvMSAxMDY1Ni80LzEKZiAxMDY1Ny8xLzEgMTA2NTgvMi8xIDEwNjU5LzMvMSAxMDY2MC80LzEKZiAxMDY2MS8xLzEgMTA2NjIvMi8xIDEwNjYzLzMvMSAxMDY2NC80LzEKZiAxMDY2NS8xLzEgMTA2NjYvMi8xIDEwNjY3LzMvMSAxMDY2OC80LzEKZiAxMDY2OS8xLzEgMTA2NzAvMi8xIDEwNjcxLzMvMSAxMDY3Mi80LzEKZiAxMDY3My8xLzEgMTA2NzQvMi8xIDEwNjc1LzMvMSAxMDY3Ni80LzEKZiAxMDY3Ny8xLzEgMTA2NzgvMi8xIDEwNjc5LzMvMSAxMDY4MC80LzEKZiAxMDY4MS8xLzEgMTA2ODIvMi8xIDEwNjgzLzMvMSAxMDY4NC80LzEKZiAxMDY4NS8xLzEgMTA2ODYvMi8xIDEwNjg3LzMvMSAxMDY4OC80LzEKZiAxMDY4OS8xLzEgMTA2OTAvMi8xIDEwNjkxLzMvMSAxMDY5Mi80LzEKZiAxMDY5My8xLzEgMTA2OTQvMi8xIDEwNjk1LzMvMSAxMDY5Ni80LzEKZiAxMDY5Ny8xLzEgMTA2OTgvMi8xIDEwNjk5LzMvMSAxMDcwMC80LzEKZiAxMDcwMS8xLzEgMTA3MDIvMi8xIDEwNzAzLzMvMSAxMDcwNC80LzEKZiAxMDcwNS8xLzEgMTA3MDYvMi8xIDEwNzA3LzMvMSAxMDcwOC80LzEKZiAxMDcwOS8xLzEgMTA3MTAvMi8xIDEwNzExLzMvMSAxMDcxMi80LzEKZiAxMDcxMy8xLzEgMTA3MTQvMi8xIDEwNzE1LzMvMSAxMDcxNi80LzEKZiAxMDcxNy8xLzEgMTA3MTgvMi8xIDEwNzE5LzMvMSAxMDcyMC80LzEKZiAxMDcyMS8xLzEgMTA3MjIvMi8xIDEwNzIzLzMvMSAxMDcyNC80LzEKZiAxMDcyNS8xLzEgMTA3MjYvMi8xIDEwNzI3LzMvMSAxMDcyOC80LzEKZiAxMDcyOS8xLzEgMTA3MzAvMi8xIDEwNzMxLzMvMSAxMDczMi80LzEKZiAxMDczMy8xLzEgMTA3MzQvMi8xIDEwNzM1LzMvMSAxMDczNi80LzEKZiAxMDczNy8xLzEgMTA3MzgvMi8xIDEwNzM5LzMvMSAxMDc0MC80LzEKZiAxMDc0MS8xLzEgMTA3NDIvMi8xIDEwNzQzLzMvMSAxMDc0NC80LzEKZiAxMDc0NS8xLzEgMTA3NDYvMi8xIDEwNzQ3LzMvMSAxMDc0OC80LzEKZiAxMDc0OS8xLzEgMTA3NTAvMi8xIDEwNzUxLzMvMSAxMDc1Mi80LzEKZiAxMDc1My8xLzEgMTA3NTQvMi8xIDEwNzU1LzMvMSAxMDc1Ni80LzEKZiAxMDc1Ny8xLzEgMTA3NTgvMi8xIDEwNzU5LzMvMSAxMDc2MC80LzEKZiAxMDc2MS8xLzEgMTA3NjIvMi8xIDEwNzYzLzMvMSAxMDc2NC80LzEKZiAxMDc2NS8xLzEgMTA3NjYvMi8xIDEwNzY3LzMvMSAxMDc2OC80LzEKZiAxMDc2OS8xLzEgMTA3NzAvMi8xIDEwNzcxLzMvMSAxMDc3Mi80LzEKZiAxMDc3My8xLzEgMTA3NzQvMi8xIDEwNzc1LzMvMSAxMDc3Ni80LzEKZiAxMDc3Ny8xLzEgMTA3NzgvMi8xIDEwNzc5LzMvMSAxMDc4MC80LzEKZiAxMDc4MS8xLzEgMTA3ODIvMi8xIDEwNzgzLzMvMSAxMDc4NC80LzEKZiAxMDc4NS8xLzEgMTA3ODYvMi8xIDEwNzg3LzMvMSAxMDc4OC80LzEKZiAxMDc4OS8xLzEgMTA3OTAvMi8xIDEwNzkxLzMvMSAxMDc5Mi80LzEKZiAxMDc5My8xLzEgMTA3OTQvMi8xIDEwNzk1LzMvMSAxMDc5Ni80LzEKZiAxMDc5Ny8xLzEgMTA3OTgvMi8xIDEwNzk5LzMvMSAxMDgwMC80LzEKZiAxMDgwMS8xLzEgMTA4MDIvMi8xIDEwODAzLzMvMSAxMDgwNC80LzEKZiAxMDgwNS8xLzEgMTA4MDYvMi8xIDEwODA3LzMvMSAxMDgwOC80LzEKZiAxMDgwOS8xLzEgMTA4MTAvMi8xIDEwODExLzMvMSAxMDgxMi80LzEKZiAxMDgxMy8xLzEgMTA4MTQvMi8xIDEwODE1LzMvMSAxMDgxNi80LzEKZiAxMDgxNy8xLzEgMTA4MTgvMi8xIDEwODE5LzMvMSAxMDgyMC80LzEKZiAxMDgyMS8xLzEgMTA4MjIvMi8xIDEwODIzLzMvMSAxMDgyNC80LzEKZiAxMDgyNS8xLzEgMTA4MjYvMi8xIDEwODI3LzMvMSAxMDgyOC80LzEKZiAxMDgyOS8xLzEgMTA4MzAvMi8xIDEwODMxLzMvMSAxMDgzMi80LzEKZiAxMDgzMy8xLzEgMTA4MzQvMi8xIDEwODM1LzMvMSAxMDgzNi80LzEKZiAxMDgzNy8xLzEgMTA4MzgvMi8xIDEwODM5LzMvMSAxMDg0MC80LzEKZiAxMDg0MS8xLzEgMTA4NDIvMi8xIDEwODQzLzMvMSAxMDg0NC80LzEKZiAxMDg0NS8xLzEgMTA4NDYvMi8xIDEwODQ3LzMvMSAxMDg0OC80LzEKZiAxMDg0OS8xLzEgMTA4NTAvMi8xIDEwODUxLzMvMSAxMDg1Mi80LzEKZiAxMDg1My8xLzEgMTA4NTQvMi8xIDEwODU1LzMvMSAxMDg1Ni80LzEKZiAxMDg1Ny8xLzEgMTA4NTgvMi8xIDEwODU5LzMvMSAxMDg2MC80LzEKZiAxMDg2MS8xLzEgMTA4NjIvMi8xIDEwODYzLzMvMSAxMDg2NC80LzEKZiAxMDg2NS8xLzEgMTA4NjYvMi8xIDEwODY3LzMvMSAxMDg2OC80LzEKZiAxMDg2OS8xLzEgMTA4NzAvMi8xIDEwODcxLzMvMSAxMDg3Mi80LzEKZiAxMDg3My8xLzEgMTA4NzQvMi8xIDEwODc1LzMvMSAxMDg3Ni80LzEKZiAxMDg3Ny8xLzEgMTA4NzgvMi8xIDEwODc5LzMvMSAxMDg4MC80LzEKZiAxMDg4MS8xLzEgMTA4ODIvMi8xIDEwODgzLzMvMSAxMDg4NC80LzEKZiAxMDg4NS8xLzEgMTA4ODYvMi8xIDEwODg3LzMvMSAxMDg4OC80LzEKZiAxMDg4OS8xLzEgMTA4OTAvMi8xIDEwODkxLzMvMSAxMDg5Mi80LzEKZiAxMDg5My8xLzEgMTA4OTQvMi8xIDEwODk1LzMvMSAxMDg5Ni80LzEKZiAxMDg5Ny8xLzEgMTA4OTgvMi8xIDEwODk5LzMvMSAxMDkwMC80LzEKZiAxMDkwMS8xLzEgMTA5MDIvMi8xIDEwOTAzLzMvMSAxMDkwNC80LzEKZiAxMDkwNS8xLzEgMTA5MDYvMi8xIDEwOTA3LzMvMSAxMDkwOC80LzEKZiAxMDkwOS8xLzEgMTA5MTAvMi8xIDEwOTExLzMvMSAxMDkxMi80LzEKZiAxMDkxMy8xLzEgMTA5MTQvMi8xIDEwOTE1LzMvMSAxMDkxNi80LzEKZiAxMDkxNy8xLzEgMTA5MTgvMi8xIDEwOTE5LzMvMSAxMDkyMC80LzEKZiAxMDkyMS8xLzEgMTA5MjIvMi8xIDEwOTIzLzMvMSAxMDkyNC80LzEKZiAxMDkyNS8xLzEgMTA5MjYvMi8xIDEwOTI3LzMvMSAxMDkyOC80LzEKZiAxMDkyOS8xLzEgMTA5MzAvMi8xIDEwOTMxLzMvMSAxMDkzMi80LzEKZiAxMDkzMy8xLzEgMTA5MzQvMi8xIDEwOTM1LzMvMSAxMDkzNi80LzEKZiAxMDkzNy8xLzEgMTA5MzgvMi8xIDEwOTM5LzMvMSAxMDk0MC80LzEKZiAxMDk0MS8xLzEgMTA5NDIvMi8xIDEwOTQzLzMvMSAxMDk0NC80LzEKZiAxMDk0NS8xLzEgMTA5NDYvMi8xIDEwOTQ3LzMvMSAxMDk0OC80LzEKZiAxMDk0OS8xLzEgMTA5NTAvMi8xIDEwOTUxLzMvMSAxMDk1Mi80LzEKZiAxMDk1My8xLzEgMTA5NTQvMi8xIDEwOTU1LzMvMSAxMDk1Ni80LzEKZiAxMDk1Ny8xLzEgMTA5NTgvMi8xIDEwOTU5LzMvMSAxMDk2MC80LzEKZiAxMDk2MS8xLzEgMTA5NjIvMi8xIDEwOTYzLzMvMSAxMDk2NC80LzEKZiAxMDk2NS8xLzEgMTA5NjYvMi8xIDEwOTY3LzMvMSAxMDk2OC80LzEKZiAxMDk2OS8xLzEgMTA5NzAvMi8xIDEwOTcxLzMvMSAxMDk3Mi80LzEKZiAxMDk3My8xLzEgMTA5NzQvMi8xIDEwOTc1LzMvMSAxMDk3Ni80LzEKZiAxMDk3Ny8xLzEgMTA5NzgvMi8xIDEwOTc5LzMvMSAxMDk4MC80LzEKZiAxMDk4MS8xLzEgMTA5ODIvMi8xIDEwOTgzLzMvMSAxMDk4NC80LzEKZiAxMDk4NS8xLzEgMTA5ODYvMi8xIDEwOTg3LzMvMSAxMDk4OC80LzEKZiAxMDk4OS8xLzEgMTA5OTAvMi8xIDEwOTkxLzMvMSAxMDk5Mi80LzEKZiAxMDk5My8xLzEgMTA5OTQvMi8xIDEwOTk1LzMvMSAxMDk5Ni80LzEKZiAxMDk5Ny8xLzEgMTA5OTgvMi8xIDEwOTk5LzMvMSAxMTAwMC80LzEKZiAxMTAwMS8xLzEgMTEwMDIvMi8xIDExMDAzLzMvMSAxMTAwNC80LzEKZiAxMTAwNS8xLzEgMTEwMDYvMi8xIDExMDA3LzMvMSAxMTAwOC80LzEKZiAxMTAwOS8xLzEgMTEwMTAvMi8xIDExMDExLzMvMSAxMTAxMi80LzEKZiAxMTAxMy8xLzEgMTEwMTQvMi8xIDExMDE1LzMvMSAxMTAxNi80LzEKZiAxMTAxNy8xLzEgMTEwMTgvMi8xIDExMDE5LzMvMSAxMTAyMC80LzEKZiAxMTAyMS8xLzEgMTEwMjIvMi8xIDExMDIzLzMvMSAxMTAyNC80LzEKZiAxMTAyNS8xLzEgMTEwMjYvMi8xIDExMDI3LzMvMSAxMTAyOC80LzEKZiAxMTAyOS8xLzEgMTEwMzAvMi8xIDExMDMxLzMvMSAxMTAzMi80LzEKZiAxMTAzMy8xLzEgMTEwMzQvMi8xIDExMDM1LzMvMSAxMTAzNi80LzEKZiAxMTAzNy8xLzEgMTEwMzgvMi8xIDExMDM5LzMvMSAxMTA0MC80LzEKZiAxMTA0MS8xLzEgMTEwNDIvMi8xIDExMDQzLzMvMSAxMTA0NC80LzEKZiAxMTA0NS8xLzEgMTEwNDYvMi8xIDExMDQ3LzMvMSAxMTA0OC80LzEKZiAxMTA0OS8xLzEgMTEwNTAvMi8xIDExMDUxLzMvMSAxMTA1Mi80LzEKZiAxMTA1My8xLzEgMTEwNTQvMi8xIDExMDU1LzMvMSAxMTA1Ni80LzEKZiAxMTA1Ny8xLzEgMTEwNTgvMi8xIDExMDU5LzMvMSAxMTA2MC80LzEKZiAxMTA2MS8xLzEgMTEwNjIvMi8xIDExMDYzLzMvMSAxMTA2NC80LzEKZiAxMTA2NS8xLzEgMTEwNjYvMi8xIDExMDY3LzMvMSAxMTA2OC80LzEKZiAxMTA2OS8xLzEgMTEwNzAvMi8xIDExMDcxLzMvMSAxMTA3Mi80LzEKZiAxMTA3My8xLzEgMTEwNzQvMi8xIDExMDc1LzMvMSAxMTA3Ni80LzEKZiAxMTA3Ny8xLzEgMTEwNzgvMi8xIDExMDc5LzMvMSAxMTA4MC80LzEKZiAxMTA4MS8xLzEgMTEwODIvMi8xIDExMDgzLzMvMSAxMTA4NC80LzEKZiAxMTA4NS8xLzEgMTEwODYvMi8xIDExMDg3LzMvMSAxMTA4OC80LzEKZiAxMTA4OS8xLzEgMTEwOTAvMi8xIDExMDkxLzMvMSAxMTA5Mi80LzEKZiAxMTA5My8xLzEgMTEwOTQvMi8xIDExMDk1LzMvMSAxMTA5Ni80LzEKZiAxMTA5Ny8xLzEgMTEwOTgvMi8xIDExMDk5LzMvMSAxMTEwMC80LzEKZiAxMTEwMS8xLzEgMTExMDIvMi8xIDExMTAzLzMvMSAxMTEwNC80LzEKZiAxMTEwNS8xLzEgMTExMDYvMi8xIDExMTA3LzMvMSAxMTEwOC80LzEKZiAxMTEwOS8xLzEgMTExMTAvMi8xIDExMTExLzMvMSAxMTExMi80LzEKZiAxMTExMy8xLzEgMTExMTQvMi8xIDExMTE1LzMvMSAxMTExNi80LzEKZiAxMTExNy8xLzEgMTExMTgvMi8xIDExMTE5LzMvMSAxMTEyMC80LzEKZiAxMTEyMS8xLzEgMTExMjIvMi8xIDExMTIzLzMvMSAxMTEyNC80LzEKZiAxMTEyNS8xLzEgMTExMjYvMi8xIDExMTI3LzMvMSAxMTEyOC80LzEKZiAxMTEyOS8xLzEgMTExMzAvMi8xIDExMTMxLzMvMSAxMTEzMi80LzEKZiAxMTEzMy8xLzEgMTExMzQvMi8xIDExMTM1LzMvMSAxMTEzNi80LzEKZiAxMTEzNy8xLzEgMTExMzgvMi8xIDExMTM5LzMvMSAxMTE0MC80LzEKZiAxMTE0MS8xLzEgMTExNDIvMi8xIDExMTQzLzMvMSAxMTE0NC80LzEKZiAxMTE0NS8xLzEgMTExNDYvMi8xIDExMTQ3LzMvMSAxMTE0OC80LzEKZiAxMTE0OS8xLzEgMTExNTAvMi8xIDExMTUxLzMvMSAxMTE1Mi80LzEKZiAxMTE1My8xLzEgMTExNTQvMi8xIDExMTU1LzMvMSAxMTE1Ni80LzEKZiAxMTE1Ny8xLzEgMTExNTgvMi8xIDExMTU5LzMvMSAxMTE2MC80LzEKZiAxMTE2MS8xLzEgMTExNjIvMi8xIDExMTYzLzMvMSAxMTE2NC80LzEKZiAxMTE2NS8xLzEgMTExNjYvMi8xIDExMTY3LzMvMSAxMTE2OC80LzEKZiAxMTE2OS8xLzEgMTExNzAvMi8xIDExMTcxLzMvMSAxMTE3Mi80LzEKZiAxMTE3My8xLzEgMTExNzQvMi8xIDExMTc1LzMvMSAxMTE3Ni80LzEKZiAxMTE3Ny8xLzEgMTExNzgvMi8xIDExMTc5LzMvMSAxMTE4MC80LzEKZiAxMTE4MS8xLzEgMTExODIvMi8xIDExMTgzLzMvMSAxMTE4NC80LzEKZiAxMTE4NS8xLzEgMTExODYvMi8xIDExMTg3LzMvMSAxMTE4OC80LzEKZiAxMTE4OS8xLzEgMTExOTAvMi8xIDExMTkxLzMvMSAxMTE5Mi80LzEKZiAxMTE5My8xLzEgMTExOTQvMi8xIDExMTk1LzMvMSAxMTE5Ni80LzEKZiAxMTE5Ny8xLzEgMTExOTgvMi8xIDExMTk5LzMvMSAxMTIwMC80LzEKZiAxMTIwMS8xLzEgMTEyMDIvMi8xIDExMjAzLzMvMSAxMTIwNC80LzEKZiAxMTIwNS8xLzEgMTEyMDYvMi8xIDExMjA3LzMvMSAxMTIwOC80LzEKZiAxMTIwOS8xLzEgMTEyMTAvMi8xIDExMjExLzMvMSAxMTIxMi80LzEKZiAxMTIxMy8xLzEgMTEyMTQvMi8xIDExMjE1LzMvMSAxMTIxNi80LzEKZiAxMTIxNy8xLzEgMTEyMTgvMi8xIDExMjE5LzMvMSAxMTIyMC80LzEKZiAxMTIyMS8xLzEgMTEyMjIvMi8xIDExMjIzLzMvMSAxMTIyNC80LzEKZiAxMTIyNS8xLzEgMTEyMjYvMi8xIDExMjI3LzMvMSAxMTIyOC80LzEKZiAxMTIyOS8xLzEgMTEyMzAvMi8xIDExMjMxLzMvMSAxMTIzMi80LzEKZiAxMTIzMy8xLzEgMTEyMzQvMi8xIDExMjM1LzMvMSAxMTIzNi80LzEKZiAxMTIzNy8xLzEgMTEyMzgvMi8xIDExMjM5LzMvMSAxMTI0MC80LzEKZiAxMTI0MS8xLzEgMTEyNDIvMi8xIDExMjQzLzMvMSAxMTI0NC80LzEKZiAxMTI0NS8xLzEgMTEyNDYvMi8xIDExMjQ3LzMvMSAxMTI0OC80LzEKZiAxMTI0OS8xLzEgMTEyNTAvMi8xIDExMjUxLzMvMSAxMTI1Mi80LzEKZiAxMTI1My8xLzEgMTEyNTQvMi8xIDExMjU1LzMvMSAxMTI1Ni80LzEKZiAxMTI1Ny8xLzEgMTEyNTgvMi8xIDExMjU5LzMvMSAxMTI2MC80LzEKZiAxMTI2MS8xLzEgMTEyNjIvMi8xIDExMjYzLzMvMSAxMTI2NC80LzEKZiAxMTI2NS8xLzEgMTEyNjYvMi8xIDExMjY3LzMvMSAxMTI2OC80LzEKZiAxMTI2OS8xLzEgMTEyNzAvMi8xIDExMjcxLzMvMSAxMTI3Mi80LzEKZiAxMTI3My8xLzEgMTEyNzQvMi8xIDExMjc1LzMvMSAxMTI3Ni80LzEKZiAxMTI3Ny8xLzEgMTEyNzgvMi8xIDExMjc5LzMvMSAxMTI4MC80LzEKZiAxMTI4MS8xLzEgMTEyODIvMi8xIDExMjgzLzMvMSAxMTI4NC80LzEKZiAxMTI4NS8xLzEgMTEyODYvMi8xIDExMjg3LzMvMSAxMTI4OC80LzEKZiAxMTI4OS8xLzEgMTEyOTAvMi8xIDExMjkxLzMvMSAxMTI5Mi80LzEKZiAxMTI5My8xLzEgMTEyOTQvMi8xIDExMjk1LzMvMSAxMTI5Ni80LzEKZiAxMTI5Ny8xLzEgMTEyOTgvMi8xIDExMjk5LzMvMSAxMTMwMC80LzEKZiAxMTMwMS8xLzEgMTEzMDIvMi8xIDExMzAzLzMvMSAxMTMwNC80LzEKZiAxMTMwNS8xLzEgMTEzMDYvMi8xIDExMzA3LzMvMSAxMTMwOC80LzEKZiAxMTMwOS8xLzEgMTEzMTAvMi8xIDExMzExLzMvMSAxMTMxMi80LzEKZiAxMTMxMy8xLzEgMTEzMTQvMi8xIDExMzE1LzMvMSAxMTMxNi80LzEKZiAxMTMxNy8xLzEgMTEzMTgvMi8xIDExMzE5LzMvMSAxMTMyMC80LzEKZiAxMTMyMS8xLzEgMTEzMjIvMi8xIDExMzIzLzMvMSAxMTMyNC80LzEKZiAxMTMyNS8xLzEgMTEzMjYvMi8xIDExMzI3LzMvMSAxMTMyOC80LzEKZiAxMTMyOS8xLzEgMTEzMzAvMi8xIDExMzMxLzMvMSAxMTMzMi80LzEKZiAxMTMzMy8xLzEgMTEzMzQvMi8xIDExMzM1LzMvMSAxMTMzNi80LzEKZiAxMTMzNy8xLzEgMTEzMzgvMi8xIDExMzM5LzMvMSAxMTM0MC80LzEKZiAxMTM0MS8xLzEgMTEzNDIvMi8xIDExMzQzLzMvMSAxMTM0NC80LzEKZiAxMTM0NS8xLzEgMTEzNDYvMi8xIDExMzQ3LzMvMSAxMTM0OC80LzEKZiAxMTM0OS8xLzEgMTEzNTAvMi8xIDExMzUxLzMvMSAxMTM1Mi80LzEKZiAxMTM1My8xLzEgMTEzNTQvMi8xIDExMzU1LzMvMSAxMTM1Ni80LzEKZiAxMTM1Ny8xLzEgMTEzNTgvMi8xIDExMzU5LzMvMSAxMTM2MC80LzEKZiAxMTM2MS8xLzEgMTEzNjIvMi8xIDExMzYzLzMvMSAxMTM2NC80LzEKZiAxMTM2NS8xLzEgMTEzNjYvMi8xIDExMzY3LzMvMSAxMTM2OC80LzEKZiAxMTM2OS8xLzEgMTEzNzAvMi8xIDExMzcxLzMvMSAxMTM3Mi80LzEKZiAxMTM3My8xLzEgMTEzNzQvMi8xIDExMzc1LzMvMSAxMTM3Ni80LzEKZiAxMTM3Ny8xLzEgMTEzNzgvMi8xIDExMzc5LzMvMSAxMTM4MC80LzEKZiAxMTM4MS8xLzEgMTEzODIvMi8xIDExMzgzLzMvMSAxMTM4NC80LzEKZiAxMTM4NS8xLzEgMTEzODYvMi8xIDExMzg3LzMvMSAxMTM4OC80LzEKZiAxMTM4OS8xLzEgMTEzOTAvMi8xIDExMzkxLzMvMSAxMTM5Mi80LzEKZiAxMTM5My8xLzEgMTEzOTQvMi8xIDExMzk1LzMvMSAxMTM5Ni80LzEKZiAxMTM5Ny8xLzEgMTEzOTgvMi8xIDExMzk5LzMvMSAxMTQwMC80LzEKZiAxMTQwMS8xLzEgMTE0MDIvMi8xIDExNDAzLzMvMSAxMTQwNC80LzEKZiAxMTQwNS8xLzEgMTE0MDYvMi8xIDExNDA3LzMvMSAxMTQwOC80LzEKZiAxMTQwOS8xLzEgMTE0MTAvMi8xIDExNDExLzMvMSAxMTQxMi80LzEKZiAxMTQxMy8xLzEgMTE0MTQvMi8xIDExNDE1LzMvMSAxMTQxNi80LzEKZiAxMTQxNy8xLzEgMTE0MTgvMi8xIDExNDE5LzMvMSAxMTQyMC80LzEKZiAxMTQyMS8xLzEgMTE0MjIvMi8xIDExNDIzLzMvMSAxMTQyNC80LzEKZiAxMTQyNS8xLzEgMTE0MjYvMi8xIDExNDI3LzMvMSAxMTQyOC80LzEKZiAxMTQyOS8xLzEgMTE0MzAvMi8xIDExNDMxLzMvMSAxMTQzMi80LzEKZiAxMTQzMy8xLzEgMTE0MzQvMi8xIDExNDM1LzMvMSAxMTQzNi80LzEKZiAxMTQzNy8xLzEgMTE0MzgvMi8xIDExNDM5LzMvMSAxMTQ0MC80LzEKZiAxMTQ0MS8xLzEgMTE0NDIvMi8xIDExNDQzLzMvMSAxMTQ0NC80LzEKZiAxMTQ0NS8xLzEgMTE0NDYvMi8xIDExNDQ3LzMvMSAxMTQ0OC80LzEKZiAxMTQ0OS8xLzEgMTE0NTAvMi8xIDExNDUxLzMvMSAxMTQ1Mi80LzEKZiAxMTQ1My8xLzEgMTE0NTQvMi8xIDExNDU1LzMvMSAxMTQ1Ni80LzEKZiAxMTQ1Ny8xLzEgMTE0NTgvMi8xIDExNDU5LzMvMSAxMTQ2MC80LzEKZiAxMTQ2MS8xLzEgMTE0NjIvMi8xIDExNDYzLzMvMSAxMTQ2NC80LzEKZiAxMTQ2NS8xLzEgMTE0NjYvMi8xIDExNDY3LzMvMSAxMTQ2OC80LzEKZiAxMTQ2OS8xLzEgMTE0NzAvMi8xIDExNDcxLzMvMSAxMTQ3Mi80LzEKZiAxMTQ3My8xLzEgMTE0NzQvMi8xIDExNDc1LzMvMSAxMTQ3Ni80LzEKZiAxMTQ3Ny8xLzEgMTE0NzgvMi8xIDExNDc5LzMvMSAxMTQ4MC80LzEKZiAxMTQ4MS8xLzEgMTE0ODIvMi8xIDExNDgzLzMvMSAxMTQ4NC80LzEKZiAxMTQ4NS8xLzEgMTE0ODYvMi8xIDExNDg3LzMvMSAxMTQ4OC80LzEKZiAxMTQ4OS8xLzEgMTE0OTAvMi8xIDExNDkxLzMvMSAxMTQ5Mi80LzEKZiAxMTQ5My8xLzEgMTE0OTQvMi8xIDExNDk1LzMvMSAxMTQ5Ni80LzEKZiAxMTQ5Ny8xLzEgMTE0OTgvMi8xIDExNDk5LzMvMSAxMTUwMC80LzEKZiAxMTUwMS8xLzEgMTE1MDIvMi8xIDExNTAzLzMvMSAxMTUwNC80LzEKZiAxMTUwNS8xLzEgMTE1MDYvMi8xIDExNTA3LzMvMSAxMTUwOC80LzEKZiAxMTUwOS8xLzEgMTE1MTAvMi8xIDExNTExLzMvMSAxMTUxMi80LzEKZiAxMTUxMy8xLzEgMTE1MTQvMi8xIDExNTE1LzMvMSAxMTUxNi80LzEKZiAxMTUxNy8xLzEgMTE1MTgvMi8xIDExNTE5LzMvMSAxMTUyMC80LzEKZiAxMTUyMS8xLzEgMTE1MjIvMi8xIDExNTIzLzMvMSAxMTUyNC80LzEKZiAxMTUyNS8xLzEgMTE1MjYvMi8xIDExNTI3LzMvMSAxMTUyOC80LzEKZiAxMTUyOS8xLzEgMTE1MzAvMi8xIDExNTMxLzMvMSAxMTUzMi80LzEKZiAxMTUzMy8xLzEgMTE1MzQvMi8xIDExNTM1LzMvMSAxMTUzNi80LzEKZiAxMTUzNy8xLzEgMTE1MzgvMi8xIDExNTM5LzMvMSAxMTU0MC80LzEKZiAxMTU0MS8xLzEgMTE1NDIvMi8xIDExNTQzLzMvMSAxMTU0NC80LzEKZiAxMTU0NS8xLzEgMTE1NDYvMi8xIDExNTQ3LzMvMSAxMTU0OC80LzEKZiAxMTU0OS8xLzEgMTE1NTAvMi8xIDExNTUxLzMvMSAxMTU1Mi80LzEKZiAxMTU1My8xLzEgMTE1NTQvMi8xIDExNTU1LzMvMSAxMTU1Ni80LzEKZiAxMTU1Ny8xLzEgMTE1NTgvMi8xIDExNTU5LzMvMSAxMTU2MC80LzEKZiAxMTU2MS8xLzEgMTE1NjIvMi8xIDExNTYzLzMvMSAxMTU2NC80LzEKZiAxMTU2NS8xLzEgMTE1NjYvMi8xIDExNTY3LzMvMSAxMTU2OC80LzEKZiAxMTU2OS8xLzEgMTE1NzAvMi8xIDExNTcxLzMvMSAxMTU3Mi80LzEKZiAxMTU3My8xLzEgMTE1NzQvMi8xIDExNTc1LzMvMSAxMTU3Ni80LzEKZiAxMTU3Ny8xLzEgMTE1NzgvMi8xIDExNTc5LzMvMSAxMTU4MC80LzEKZiAxMTU4MS8xLzEgMTE1ODIvMi8xIDExNTgzLzMvMSAxMTU4NC80LzEKZiAxMTU4NS8xLzEgMTE1ODYvMi8xIDExNTg3LzMvMSAxMTU4OC80LzEKZiAxMTU4OS8xLzEgMTE1OTAvMi8xIDExNTkxLzMvMSAxMTU5Mi80LzEKZiAxMTU5My8xLzEgMTE1OTQvMi8xIDExNTk1LzMvMSAxMTU5Ni80LzEKZiAxMTU5Ny8xLzEgMTE1OTgvMi8xIDExNTk5LzMvMSAxMTYwMC80LzEKZiAxMTYwMS8xLzEgMTE2MDIvMi8xIDExNjAzLzMvMSAxMTYwNC80LzEKZiAxMTYwNS8xLzEgMTE2MDYvMi8xIDExNjA3LzMvMSAxMTYwOC80LzEKZiAxMTYwOS8xLzEgMTE2MTAvMi8xIDExNjExLzMvMSAxMTYxMi80LzEKZiAxMTYxMy8xLzEgMTE2MTQvMi8xIDExNjE1LzMvMSAxMTYxNi80LzEKZiAxMTYxNy8xLzEgMTE2MTgvMi8xIDExNjE5LzMvMSAxMTYyMC80LzEKZiAxMTYyMS8xLzEgMTE2MjIvMi8xIDExNjIzLzMvMSAxMTYyNC80LzEKZiAxMTYyNS8xLzEgMTE2MjYvMi8xIDExNjI3LzMvMSAxMTYyOC80LzEKZiAxMTYyOS8xLzEgMTE2MzAvMi8xIDExNjMxLzMvMSAxMTYzMi80LzEKZiAxMTYzMy8xLzEgMTE2MzQvMi8xIDExNjM1LzMvMSAxMTYzNi80LzEKZiAxMTYzNy8xLzEgMTE2MzgvMi8xIDExNjM5LzMvMSAxMTY0MC80LzEKZiAxMTY0MS8xLzEgMTE2NDIvMi8xIDExNjQzLzMvMSAxMTY0NC80LzEKZiAxMTY0NS8xLzEgMTE2NDYvMi8xIDExNjQ3LzMvMSAxMTY0OC80LzEKZiAxMTY0OS8xLzEgMTE2NTAvMi8xIDExNjUxLzMvMSAxMTY1Mi80LzEKZiAxMTY1My8xLzEgMTE2NTQvMi8xIDExNjU1LzMvMSAxMTY1Ni80LzEKZiAxMTY1Ny8xLzEgMTE2NTgvMi8xIDExNjU5LzMvMSAxMTY2MC80LzEKZiAxMTY2MS8xLzEgMTE2NjIvMi8xIDExNjYzLzMvMSAxMTY2NC80LzEKZiAxMTY2NS8xLzEgMTE2NjYvMi8xIDExNjY3LzMvMSAxMTY2OC80LzEKZiAxMTY2OS8xLzEgMTE2NzAvMi8xIDExNjcxLzMvMSAxMTY3Mi80LzEKZiAxMTY3My8xLzEgMTE2NzQvMi8xIDExNjc1LzMvMSAxMTY3Ni80LzEKZiAxMTY3Ny8xLzEgMTE2NzgvMi8xIDExNjc5LzMvMSAxMTY4MC80LzEKZiAxMTY4MS8xLzEgMTE2ODIvMi8xIDExNjgzLzMvMSAxMTY4NC80LzEKZiAxMTY4NS8xLzEgMTE2ODYvMi8xIDExNjg3LzMvMSAxMTY4OC80LzEKZiAxMTY4OS8xLzEgMTE2OTAvMi8xIDExNjkxLzMvMSAxMTY5Mi80LzEKZiAxMTY5My8xLzEgMTE2OTQvMi8xIDExNjk1LzMvMSAxMTY5Ni80LzEKZiAxMTY5Ny8xLzEgMTE2OTgvMi8xIDExNjk5LzMvMSAxMTcwMC80LzEKZiAxMTcwMS8xLzEgMTE3MDIvMi8xIDExNzAzLzMvMSAxMTcwNC80LzEKZiAxMTcwNS8xLzEgMTE3MDYvMi8xIDExNzA3LzMvMSAxMTcwOC80LzEKZiAxMTcwOS8xLzEgMTE3MTAvMi8xIDExNzExLzMvMSAxMTcxMi80LzEKZiAxMTcxMy8xLzEgMTE3MTQvMi8xIDExNzE1LzMvMSAxMTcxNi80LzEKZiAxMTcxNy8xLzEgMTE3MTgvMi8xIDExNzE5LzMvMSAxMTcyMC80LzEKZiAxMTcyMS8xLzEgMTE3MjIvMi8xIDExNzIzLzMvMSAxMTcyNC80LzEKZiAxMTcyNS8xLzEgMTE3MjYvMi8xIDExNzI3LzMvMSAxMTcyOC80LzEKZiAxMTcyOS8xLzEgMTE3MzAvMi8xIDExNzMxLzMvMSAxMTczMi80LzEKZiAxMTczMy8xLzEgMTE3MzQvMi8xIDExNzM1LzMvMSAxMTczNi80LzEKZiAxMTczNy8xLzEgMTE3MzgvMi8xIDExNzM5LzMvMSAxMTc0MC80LzEKZiAxMTc0MS8xLzEgMTE3NDIvMi8xIDExNzQzLzMvMSAxMTc0NC80LzEKZiAxMTc0NS8xLzEgMTE3NDYvMi8xIDExNzQ3LzMvMSAxMTc0OC80LzEKZiAxMTc0OS8xLzEgMTE3NTAvMi8xIDExNzUxLzMvMSAxMTc1Mi80LzEKZiAxMTc1My8xLzEgMTE3NTQvMi8xIDExNzU1LzMvMSAxMTc1Ni80LzEKZiAxMTc1Ny8xLzEgMTE3NTgvMi8xIDExNzU5LzMvMSAxMTc2MC80LzEKZiAxMTc2MS8xLzEgMTE3NjIvMi8xIDExNzYzLzMvMSAxMTc2NC80LzEKZiAxMTc2NS8xLzEgMTE3NjYvMi8xIDExNzY3LzMvMSAxMTc2OC80LzEKZiAxMTc2OS8xLzEgMTE3NzAvMi8xIDExNzcxLzMvMSAxMTc3Mi80LzEKZiAxMTc3My8xLzEgMTE3NzQvMi8xIDExNzc1LzMvMSAxMTc3Ni80LzEKZiAxMTc3Ny8xLzEgMTE3NzgvMi8xIDExNzc5LzMvMSAxMTc4MC80LzEKZiAxMTc4MS8xLzEgMTE3ODIvMi8xIDExNzgzLzMvMSAxMTc4NC80LzEKZiAxMTc4NS8xLzEgMTE3ODYvMi8xIDExNzg3LzMvMSAxMTc4OC80LzEKZiAxMTc4OS8xLzEgMTE3OTAvMi8xIDExNzkxLzMvMSAxMTc5Mi80LzEKZiAxMTc5My8xLzEgMTE3OTQvMi8xIDExNzk1LzMvMSAxMTc5Ni80LzEKZiAxMTc5Ny8xLzEgMTE3OTgvMi8xIDExNzk5LzMvMSAxMTgwMC80LzEKZiAxMTgwMS8xLzEgMTE4MDIvMi8xIDExODAzLzMvMSAxMTgwNC80LzEKZiAxMTgwNS8xLzEgMTE4MDYvMi8xIDExODA3LzMvMSAxMTgwOC80LzEKZiAxMTgwOS8xLzEgMTE4MTAvMi8xIDExODExLzMvMSAxMTgxMi80LzEKZiAxMTgxMy8xLzEgMTE4MTQvMi8xIDExODE1LzMvMSAxMTgxNi80LzEKZiAxMTgxNy8xLzEgMTE4MTgvMi8xIDExODE5LzMvMSAxMTgyMC80LzEKZiAxMTgyMS8xLzEgMTE4MjIvMi8xIDExODIzLzMvMSAxMTgyNC80LzEKZiAxMTgyNS8xLzEgMTE4MjYvMi8xIDExODI3LzMvMSAxMTgyOC80LzEKZiAxMTgyOS8xLzEgMTE4MzAvMi8xIDExODMxLzMvMSAxMTgzMi80LzEKZiAxMTgzMy8xLzEgMTE4MzQvMi8xIDExODM1LzMvMSAxMTgzNi80LzEKZiAxMTgzNy8xLzEgMTE4MzgvMi8xIDExODM5LzMvMSAxMTg0MC80LzEKZiAxMTg0MS8xLzEgMTE4NDIvMi8xIDExODQzLzMvMSAxMTg0NC80LzEKZiAxMTg0NS8xLzEgMTE4NDYvMi8xIDExODQ3LzMvMSAxMTg0OC80LzEKZiAxMTg0OS8xLzEgMTE4NTAvMi8xIDExODUxLzMvMSAxMTg1Mi80LzEKZiAxMTg1My8xLzEgMTE4NTQvMi8xIDExODU1LzMvMSAxMTg1Ni80LzEKZiAxMTg1Ny8xLzEgMTE4NTgvMi8xIDExODU5LzMvMSAxMTg2MC80LzEKZiAxMTg2MS8xLzEgMTE4NjIvMi8xIDExODYzLzMvMSAxMTg2NC80LzEKZiAxMTg2NS8xLzEgMTE4NjYvMi8xIDExODY3LzMvMSAxMTg2OC80LzEKZiAxMTg2OS8xLzEgMTE4NzAvMi8xIDExODcxLzMvMSAxMTg3Mi80LzEKZiAxMTg3My8xLzEgMTE4NzQvMi8xIDExODc1LzMvMSAxMTg3Ni80LzEKZiAxMTg3Ny8xLzEgMTE4NzgvMi8xIDExODc5LzMvMSAxMTg4MC80LzEKZiAxMTg4MS8xLzEgMTE4ODIvMi8xIDExODgzLzMvMSAxMTg4NC80LzEKZiAxMTg4NS8xLzEgMTE4ODYvMi8xIDExODg3LzMvMSAxMTg4OC80LzEKZiAxMTg4OS8xLzEgMTE4OTAvMi8xIDExODkxLzMvMSAxMTg5Mi80LzEKZiAxMTg5My8xLzEgMTE4OTQvMi8xIDExODk1LzMvMSAxMTg5Ni80LzEKZiAxMTg5Ny8xLzEgMTE4OTgvMi8xIDExODk5LzMvMSAxMTkwMC80LzEKZiAxMTkwMS8xLzEgMTE5MDIvMi8xIDExOTAzLzMvMSAxMTkwNC80LzEKZiAxMTkwNS8xLzEgMTE5MDYvMi8xIDExOTA3LzMvMSAxMTkwOC80LzEKZiAxMTkwOS8xLzEgMTE5MTAvMi8xIDExOTExLzMvMSAxMTkxMi80LzEKZiAxMTkxMy8xLzEgMTE5MTQvMi8xIDExOTE1LzMvMSAxMTkxNi80LzEKZiAxMTkxNy8xLzEgMTE5MTgvMi8xIDExOTE5LzMvMSAxMTkyMC80LzEKZiAxMTkyMS8xLzEgMTE5MjIvMi8xIDExOTIzLzMvMSAxMTkyNC80LzEKZiAxMTkyNS8xLzEgMTE5MjYvMi8xIDExOTI3LzMvMSAxMTkyOC80LzEKZiAxMTkyOS8xLzEgMTE5MzAvMi8xIDExOTMxLzMvMSAxMTkzMi80LzEKZiAxMTkzMy8xLzEgMTE5MzQvMi8xIDExOTM1LzMvMSAxMTkzNi80LzEKZiAxMTkzNy8xLzEgMTE5MzgvMi8xIDExOTM5LzMvMSAxMTk0MC80LzEKZiAxMTk0MS8xLzEgMTE5NDIvMi8xIDExOTQzLzMvMSAxMTk0NC80LzEKZiAxMTk0NS8xLzEgMTE5NDYvMi8xIDExOTQ3LzMvMSAxMTk0OC80LzEKZiAxMTk0OS8xLzEgMTE5NTAvMi8xIDExOTUxLzMvMSAxMTk1Mi80LzEKZiAxMTk1My8xLzEgMTE5NTQvMi8xIDExOTU1LzMvMSAxMTk1Ni80LzEKZiAxMTk1Ny8xLzEgMTE5NTgvMi8xIDExOTU5LzMvMSAxMTk2MC80LzEKZiAxMTk2MS8xLzEgMTE5NjIvMi8xIDExOTYzLzMvMSAxMTk2NC80LzEKZiAxMTk2NS8xLzEgMTE5NjYvMi8xIDExOTY3LzMvMSAxMTk2OC80LzEKZiAxMTk2OS8xLzEgMTE5NzAvMi8xIDExOTcxLzMvMSAxMTk3Mi80LzEKZiAxMTk3My8xLzEgMTE5NzQvMi8xIDExOTc1LzMvMSAxMTk3Ni80LzEKZiAxMTk3Ny8xLzEgMTE5NzgvMi8xIDExOTc5LzMvMSAxMTk4MC80LzEKZiAxMTk4MS8xLzEgMTE5ODIvMi8xIDExOTgzLzMvMSAxMTk4NC80LzEKZiAxMTk4NS8xLzEgMTE5ODYvMi8xIDExOTg3LzMvMSAxMTk4OC80LzEKZiAxMTk4OS8xLzEgMTE5OTAvMi8xIDExOTkxLzMvMSAxMTk5Mi80LzEKZiAxMTk5My8xLzEgMTE5OTQvMi8xIDExOTk1LzMvMSAxMTk5Ni80LzEKZiAxMTk5Ny8xLzEgMTE5OTgvMi8xIDExOTk5LzMvMSAxMjAwMC80LzEKZiAxMjAwMS8xLzEgMTIwMDIvMi8xIDEyMDAzLzMvMSAxMjAwNC80LzEKZiAxMjAwNS8xLzEgMTIwMDYvMi8xIDEyMDA3LzMvMSAxMjAwOC80LzEKZiAxMjAwOS8xLzEgMTIwMTAvMi8xIDEyMDExLzMvMSAxMjAxMi80LzEKZiAxMjAxMy8xLzEgMTIwMTQvMi8xIDEyMDE1LzMvMSAxMjAxNi80LzEKZiAxMjAxNy8xLzEgMTIwMTgvMi8xIDEyMDE5LzMvMSAxMjAyMC80LzEKZiAxMjAyMS8xLzEgMTIwMjIvMi8xIDEyMDIzLzMvMSAxMjAyNC80LzEKZiAxMjAyNS8xLzEgMTIwMjYvMi8xIDEyMDI3LzMvMSAxMjAyOC80LzEKZiAxMjAyOS8xLzEgMTIwMzAvMi8xIDEyMDMxLzMvMSAxMjAzMi80LzEKZiAxMjAzMy8xLzEgMTIwMzQvMi8xIDEyMDM1LzMvMSAxMjAzNi80LzEKZiAxMjAzNy8xLzEgMTIwMzgvMi8xIDEyMDM5LzMvMSAxMjA0MC80LzEKZiAxMjA0MS8xLzEgMTIwNDIvMi8xIDEyMDQzLzMvMSAxMjA0NC80LzEKZiAxMjA0NS8xLzEgMTIwNDYvMi8xIDEyMDQ3LzMvMSAxMjA0OC80LzEKZiAxMjA0OS8xLzEgMTIwNTAvMi8xIDEyMDUxLzMvMSAxMjA1Mi80LzEKZiAxMjA1My8xLzEgMTIwNTQvMi8xIDEyMDU1LzMvMSAxMjA1Ni80LzEKZiAxMjA1Ny8xLzEgMTIwNTgvMi8xIDEyMDU5LzMvMSAxMjA2MC80LzEKZiAxMjA2MS8xLzEgMTIwNjIvMi8xIDEyMDYzLzMvMSAxMjA2NC80LzEKZiAxMjA2NS8xLzEgMTIwNjYvMi8xIDEyMDY3LzMvMSAxMjA2OC80LzEKZiAxMjA2OS8xLzEgMTIwNzAvMi8xIDEyMDcxLzMvMSAxMjA3Mi80LzEKZiAxMjA3My8xLzEgMTIwNzQvMi8xIDEyMDc1LzMvMSAxMjA3Ni80LzEKZiAxMjA3Ny8xLzEgMTIwNzgvMi8xIDEyMDc5LzMvMSAxMjA4MC80LzEKZiAxMjA4MS8xLzEgMTIwODIvMi8xIDEyMDgzLzMvMSAxMjA4NC80LzEKZiAxMjA4NS8xLzEgMTIwODYvMi8xIDEyMDg3LzMvMSAxMjA4OC80LzEKZiAxMjA4OS8xLzEgMTIwOTAvMi8xIDEyMDkxLzMvMSAxMjA5Mi80LzEKZiAxMjA5My8xLzEgMTIwOTQvMi8xIDEyMDk1LzMvMSAxMjA5Ni80LzEKZiAxMjA5Ny8xLzEgMTIwOTgvMi8xIDEyMDk5LzMvMSAxMjEwMC80LzEKZiAxMjEwMS8xLzEgMTIxMDIvMi8xIDEyMTAzLzMvMSAxMjEwNC80LzEKZiAxMjEwNS8xLzEgMTIxMDYvMi8xIDEyMTA3LzMvMSAxMjEwOC80LzEKZiAxMjEwOS8xLzEgMTIxMTAvMi8xIDEyMTExLzMvMSAxMjExMi80LzEKZiAxMjExMy8xLzEgMTIxMTQvMi8xIDEyMTE1LzMvMSAxMjExNi80LzEKZiAxMjExNy8xLzEgMTIxMTgvMi8xIDEyMTE5LzMvMSAxMjEyMC80LzEKZiAxMjEyMS8xLzEgMTIxMjIvMi8xIDEyMTIzLzMvMSAxMjEyNC80LzEKZiAxMjEyNS8xLzEgMTIxMjYvMi8xIDEyMTI3LzMvMSAxMjEyOC80LzEKZiAxMjEyOS8xLzEgMTIxMzAvMi8xIDEyMTMxLzMvMSAxMjEzMi80LzEKZiAxMjEzMy8xLzEgMTIxMzQvMi8xIDEyMTM1LzMvMSAxMjEzNi80LzEKZiAxMjEzNy8xLzEgMTIxMzgvMi8xIDEyMTM5LzMvMSAxMjE0MC80LzEKZiAxMjE0MS8xLzEgMTIxNDIvMi8xIDEyMTQzLzMvMSAxMjE0NC80LzEKZiAxMjE0NS8xLzEgMTIxNDYvMi8xIDEyMTQ3LzMvMSAxMjE0OC80LzEKZiAxMjE0OS8xLzEgMTIxNTAvMi8xIDEyMTUxLzMvMSAxMjE1Mi80LzEKZiAxMjE1My8xLzEgMTIxNTQvMi8xIDEyMTU1LzMvMSAxMjE1Ni80LzEKZiAxMjE1Ny8xLzEgMTIxNTgvMi8xIDEyMTU5LzMvMSAxMjE2MC80LzEKZiAxMjE2MS8xLzEgMTIxNjIvMi8xIDEyMTYzLzMvMSAxMjE2NC80LzEKZiAxMjE2NS8xLzEgMTIxNjYvMi8xIDEyMTY3LzMvMSAxMjE2OC80LzEKZiAxMjE2OS8xLzEgMTIxNzAvMi8xIDEyMTcxLzMvMSAxMjE3Mi80LzEKZiAxMjE3My8xLzEgMTIxNzQvMi8xIDEyMTc1LzMvMSAxMjE3Ni80LzEKZiAxMjE3Ny8xLzEgMTIxNzgvMi8xIDEyMTc5LzMvMSAxMjE4MC80LzEKZiAxMjE4MS8xLzEgMTIxODIvMi8xIDEyMTgzLzMvMSAxMjE4NC80LzEKZiAxMjE4NS8xLzEgMTIxODYvMi8xIDEyMTg3LzMvMSAxMjE4OC80LzEKZiAxMjE4OS8xLzEgMTIxOTAvMi8xIDEyMTkxLzMvMSAxMjE5Mi80LzEKZiAxMjE5My8xLzEgMTIxOTQvMi8xIDEyMTk1LzMvMSAxMjE5Ni80LzEKZiAxMjE5Ny8xLzEgMTIxOTgvMi8xIDEyMTk5LzMvMSAxMjIwMC80LzEKZiAxMjIwMS8xLzEgMTIyMDIvMi8xIDEyMjAzLzMvMSAxMjIwNC80LzEKZiAxMjIwNS8xLzEgMTIyMDYvMi8xIDEyMjA3LzMvMSAxMjIwOC80LzEKZiAxMjIwOS8xLzEgMTIyMTAvMi8xIDEyMjExLzMvMSAxMjIxMi80LzEKZiAxMjIxMy8xLzEgMTIyMTQvMi8xIDEyMjE1LzMvMSAxMjIxNi80LzEKZiAxMjIxNy8xLzEgMTIyMTgvMi8xIDEyMjE5LzMvMSAxMjIyMC80LzEKZiAxMjIyMS8xLzEgMTIyMjIvMi8xIDEyMjIzLzMvMSAxMjIyNC80LzEKZiAxMjIyNS8xLzEgMTIyMjYvMi8xIDEyMjI3LzMvMSAxMjIyOC80LzEKZiAxMjIyOS8xLzEgMTIyMzAvMi8xIDEyMjMxLzMvMSAxMjIzMi80LzEKZiAxMjIzMy8xLzEgMTIyMzQvMi8xIDEyMjM1LzMvMSAxMjIzNi80LzEKZiAxMjIzNy8xLzEgMTIyMzgvMi8xIDEyMjM5LzMvMSAxMjI0MC80LzEKZiAxMjI0MS8xLzEgMTIyNDIvMi8xIDEyMjQzLzMvMSAxMjI0NC80LzEKZiAxMjI0NS8xLzEgMTIyNDYvMi8xIDEyMjQ3LzMvMSAxMjI0OC80LzEKZiAxMjI0OS8xLzEgMTIyNTAvMi8xIDEyMjUxLzMvMSAxMjI1Mi80LzEKZiAxMjI1My8xLzEgMTIyNTQvMi8xIDEyMjU1LzMvMSAxMjI1Ni80LzEKZiAxMjI1Ny8xLzEgMTIyNTgvMi8xIDEyMjU5LzMvMSAxMjI2MC80LzEKZiAxMjI2MS8xLzEgMTIyNjIvMi8xIDEyMjYzLzMvMSAxMjI2NC80LzEKZiAxMjI2NS8xLzEgMTIyNjYvMi8xIDEyMjY3LzMvMSAxMjI2OC80LzEKZiAxMjI2OS8xLzEgMTIyNzAvMi8xIDEyMjcxLzMvMSAxMjI3Mi80LzEKZiAxMjI3My8xLzEgMTIyNzQvMi8xIDEyMjc1LzMvMSAxMjI3Ni80LzEKZiAxMjI3Ny8xLzEgMTIyNzgvMi8xIDEyMjc5LzMvMSAxMjI4MC80LzEKZiAxMjI4MS8xLzEgMTIyODIvMi8xIDEyMjgzLzMvMSAxMjI4NC80LzEKZiAxMjI4NS8xLzEgMTIyODYvMi8xIDEyMjg3LzMvMSAxMjI4OC80LzEKZiAxMjI4OS8xLzEgMTIyOTAvMi8xIDEyMjkxLzMvMSAxMjI5Mi80LzEKZiAxMjI5My8xLzEgMTIyOTQvMi8xIDEyMjk1LzMvMSAxMjI5Ni80LzEKZiAxMjI5Ny8xLzEgMTIyOTgvMi8xIDEyMjk5LzMvMSAxMjMwMC80LzEKZiAxMjMwMS8xLzEgMTIzMDIvMi8xIDEyMzAzLzMvMSAxMjMwNC80LzEKZiAxMjMwNS8xLzEgMTIzMDYvMi8xIDEyMzA3LzMvMSAxMjMwOC80LzEKZiAxMjMwOS8xLzEgMTIzMTAvMi8xIDEyMzExLzMvMSAxMjMxMi80LzEKZiAxMjMxMy8xLzEgMTIzMTQvMi8xIDEyMzE1LzMvMSAxMjMxNi80LzEKZiAxMjMxNy8xLzEgMTIzMTgvMi8xIDEyMzE5LzMvMSAxMjMyMC80LzEKZiAxMjMyMS8xLzEgMTIzMjIvMi8xIDEyMzIzLzMvMSAxMjMyNC80LzEKZiAxMjMyNS8xLzEgMTIzMjYvMi8xIDEyMzI3LzMvMSAxMjMyOC80LzEKZiAxMjMyOS8xLzEgMTIzMzAvMi8xIDEyMzMxLzMvMSAxMjMzMi80LzEKZiAxMjMzMy8xLzEgMTIzMzQvMi8xIDEyMzM1LzMvMSAxMjMzNi80LzEKZiAxMjMzNy8xLzEgMTIzMzgvMi8xIDEyMzM5LzMvMSAxMjM0MC80LzEKZiAxMjM0MS8xLzEgMTIzNDIvMi8xIDEyMzQzLzMvMSAxMjM0NC80LzEKZiAxMjM0NS8xLzEgMTIzNDYvMi8xIDEyMzQ3LzMvMSAxMjM0OC80LzEKZiAxMjM0OS8xLzEgMTIzNTAvMi8xIDEyMzUxLzMvMSAxMjM1Mi80LzEKZiAxMjM1My8xLzEgMTIzNTQvMi8xIDEyMzU1LzMvMSAxMjM1Ni80LzEKZiAxMjM1Ny8xLzEgMTIzNTgvMi8xIDEyMzU5LzMvMSAxMjM2MC80LzEKZiAxMjM2MS8xLzEgMTIzNjIvMi8xIDEyMzYzLzMvMSAxMjM2NC80LzEKZiAxMjM2NS8xLzEgMTIzNjYvMi8xIDEyMzY3LzMvMSAxMjM2OC80LzEKZiAxMjM2OS8xLzEgMTIzNzAvMi8xIDEyMzcxLzMvMSAxMjM3Mi80LzEKZiAxMjM3My8xLzEgMTIzNzQvMi8xIDEyMzc1LzMvMSAxMjM3Ni80LzEKZiAxMjM3Ny8xLzEgMTIzNzgvMi8xIDEyMzc5LzMvMSAxMjM4MC80LzEKZiAxMjM4MS8xLzEgMTIzODIvMi8xIDEyMzgzLzMvMSAxMjM4NC80LzEKZiAxMjM4NS8xLzEgMTIzODYvMi8xIDEyMzg3LzMvMSAxMjM4OC80LzEKZiAxMjM4OS8xLzEgMTIzOTAvMi8xIDEyMzkxLzMvMSAxMjM5Mi80LzEKZiAxMjM5My8xLzEgMTIzOTQvMi8xIDEyMzk1LzMvMSAxMjM5Ni80LzEKZiAxMjM5Ny8xLzEgMTIzOTgvMi8xIDEyMzk5LzMvMSAxMjQwMC80LzEKZiAxMjQwMS8xLzEgMTI0MDIvMi8xIDEyNDAzLzMvMSAxMjQwNC80LzEKZiAxMjQwNS8xLzEgMTI0MDYvMi8xIDEyNDA3LzMvMSAxMjQwOC80LzEKZiAxMjQwOS8xLzEgMTI0MTAvMi8xIDEyNDExLzMvMSAxMjQxMi80LzEKZiAxMjQxMy8xLzEgMTI0MTQvMi8xIDEyNDE1LzMvMSAxMjQxNi80LzEKZiAxMjQxNy8xLzEgMTI0MTgvMi8xIDEyNDE5LzMvMSAxMjQyMC80LzEKZiAxMjQyMS8xLzEgMTI0MjIvMi8xIDEyNDIzLzMvMSAxMjQyNC80LzEKZiAxMjQyNS8xLzEgMTI0MjYvMi8xIDEyNDI3LzMvMSAxMjQyOC80LzEKZiAxMjQyOS8xLzEgMTI0MzAvMi8xIDEyNDMxLzMvMSAxMjQzMi80LzEKZiAxMjQzMy8xLzEgMTI0MzQvMi8xIDEyNDM1LzMvMSAxMjQzNi80LzEKZiAxMjQzNy8xLzEgMTI0MzgvMi8xIDEyNDM5LzMvMSAxMjQ0MC80LzEKZiAxMjQ0MS8xLzEgMTI0NDIvMi8xIDEyNDQzLzMvMSAxMjQ0NC80LzEKZiAxMjQ0NS8xLzEgMTI0NDYvMi8xIDEyNDQ3LzMvMSAxMjQ0OC80LzEKZiAxMjQ0OS8xLzEgMTI0NTAvMi8xIDEyNDUxLzMvMSAxMjQ1Mi80LzEKZiAxMjQ1My8xLzEgMTI0NTQvMi8xIDEyNDU1LzMvMSAxMjQ1Ni80LzEKZiAxMjQ1Ny8xLzEgMTI0NTgvMi8xIDEyNDU5LzMvMSAxMjQ2MC80LzEKZiAxMjQ2MS8xLzEgMTI0NjIvMi8xIDEyNDYzLzMvMSAxMjQ2NC80LzEKZiAxMjQ2NS8xLzEgMTI0NjYvMi8xIDEyNDY3LzMvMSAxMjQ2OC80LzEKZiAxMjQ2OS8xLzEgMTI0NzAvMi8xIDEyNDcxLzMvMSAxMjQ3Mi80LzEKZiAxMjQ3My8xLzEgMTI0NzQvMi8xIDEyNDc1LzMvMSAxMjQ3Ni80LzEKZiAxMjQ3Ny8xLzEgMTI0NzgvMi8xIDEyNDc5LzMvMSAxMjQ4MC80LzEKZiAxMjQ4MS8xLzEgMTI0ODIvMi8xIDEyNDgzLzMvMSAxMjQ4NC80LzEKZiAxMjQ4NS8xLzEgMTI0ODYvMi8xIDEyNDg3LzMvMSAxMjQ4OC80LzEKZiAxMjQ4OS8xLzEgMTI0OTAvMi8xIDEyNDkxLzMvMSAxMjQ5Mi80LzEKZiAxMjQ5My8xLzEgMTI0OTQvMi8xIDEyNDk1LzMvMSAxMjQ5Ni80LzEKZiAxMjQ5Ny8xLzEgMTI0OTgvMi8xIDEyNDk5LzMvMSAxMjUwMC80LzEKZiAxMjUwMS8xLzEgMTI1MDIvMi8xIDEyNTAzLzMvMSAxMjUwNC80LzEKZiAxMjUwNS8xLzEgMTI1MDYvMi8xIDEyNTA3LzMvMSAxMjUwOC80LzEKZiAxMjUwOS8xLzEgMTI1MTAvMi8xIDEyNTExLzMvMSAxMjUxMi80LzEKZiAxMjUxMy8xLzEgMTI1MTQvMi8xIDEyNTE1LzMvMSAxMjUxNi80LzEKZiAxMjUxNy8xLzEgMTI1MTgvMi8xIDEyNTE5LzMvMSAxMjUyMC80LzEKZiAxMjUyMS8xLzEgMTI1MjIvMi8xIDEyNTIzLzMvMSAxMjUyNC80LzEKZiAxMjUyNS8xLzEgMTI1MjYvMi8xIDEyNTI3LzMvMSAxMjUyOC80LzEKZiAxMjUyOS8xLzEgMTI1MzAvMi8xIDEyNTMxLzMvMSAxMjUzMi80LzEKZiAxMjUzMy8xLzEgMTI1MzQvMi8xIDEyNTM1LzMvMSAxMjUzNi80LzEKZiAxMjUzNy8xLzEgMTI1MzgvMi8xIDEyNTM5LzMvMSAxMjU0MC80LzEKZiAxMjU0MS8xLzEgMTI1NDIvMi8xIDEyNTQzLzMvMSAxMjU0NC80LzEKZiAxMjU0NS8xLzEgMTI1NDYvMi8xIDEyNTQ3LzMvMSAxMjU0OC80LzEKZiAxMjU0OS8xLzEgMTI1NTAvMi8xIDEyNTUxLzMvMSAxMjU1Mi80LzEKZiAxMjU1My8xLzEgMTI1NTQvMi8xIDEyNTU1LzMvMSAxMjU1Ni80LzEKZiAxMjU1Ny8xLzEgMTI1NTgvMi8xIDEyNTU5LzMvMSAxMjU2MC80LzEKZiAxMjU2MS8xLzEgMTI1NjIvMi8xIDEyNTYzLzMvMSAxMjU2NC80LzEKZiAxMjU2NS8xLzEgMTI1NjYvMi8xIDEyNTY3LzMvMSAxMjU2OC80LzEKZiAxMjU2OS8xLzEgMTI1NzAvMi8xIDEyNTcxLzMvMSAxMjU3Mi80LzEKZiAxMjU3My8xLzEgMTI1NzQvMi8xIDEyNTc1LzMvMSAxMjU3Ni80LzEKZiAxMjU3Ny8xLzEgMTI1NzgvMi8xIDEyNTc5LzMvMSAxMjU4MC80LzEKZiAxMjU4MS8xLzEgMTI1ODIvMi8xIDEyNTgzLzMvMSAxMjU4NC80LzEKZiAxMjU4NS8xLzEgMTI1ODYvMi8xIDEyNTg3LzMvMSAxMjU4OC80LzEKZiAxMjU4OS8xLzEgMTI1OTAvMi8xIDEyNTkxLzMvMSAxMjU5Mi80LzEKZiAxMjU5My8xLzEgMTI1OTQvMi8xIDEyNTk1LzMvMSAxMjU5Ni80LzEKZiAxMjU5Ny8xLzEgMTI1OTgvMi8xIDEyNTk5LzMvMSAxMjYwMC80LzEKZiAxMjYwMS8xLzEgMTI2MDIvMi8xIDEyNjAzLzMvMSAxMjYwNC80LzEKZiAxMjYwNS8xLzEgMTI2MDYvMi8xIDEyNjA3LzMvMSAxMjYwOC80LzEKZiAxMjYwOS8xLzEgMTI2MTAvMi8xIDEyNjExLzMvMSAxMjYxMi80LzEKZiAxMjYxMy8xLzEgMTI2MTQvMi8xIDEyNjE1LzMvMSAxMjYxNi80LzEKZiAxMjYxNy8xLzEgMTI2MTgvMi8xIDEyNjE5LzMvMSAxMjYyMC80LzEKZiAxMjYyMS8xLzEgMTI2MjIvMi8xIDEyNjIzLzMvMSAxMjYyNC80LzEKZiAxMjYyNS8xLzEgMTI2MjYvMi8xIDEyNjI3LzMvMSAxMjYyOC80LzEKZiAxMjYyOS8xLzEgMTI2MzAvMi8xIDEyNjMxLzMvMSAxMjYzMi80LzEKZiAxMjYzMy8xLzEgMTI2MzQvMi8xIDEyNjM1LzMvMSAxMjYzNi80LzEKZiAxMjYzNy8xLzEgMTI2MzgvMi8xIDEyNjM5LzMvMSAxMjY0MC80LzEKZiAxMjY0MS8xLzEgMTI2NDIvMi8xIDEyNjQzLzMvMSAxMjY0NC80LzEKZiAxMjY0NS8xLzEgMTI2NDYvMi8xIDEyNjQ3LzMvMSAxMjY0OC80LzEKZiAxMjY0OS8xLzEgMTI2NTAvMi8xIDEyNjUxLzMvMSAxMjY1Mi80LzEKZiAxMjY1My8xLzEgMTI2NTQvMi8xIDEyNjU1LzMvMSAxMjY1Ni80LzEKZiAxMjY1Ny8xLzEgMTI2NTgvMi8xIDEyNjU5LzMvMSAxMjY2MC80LzEKZiAxMjY2MS8xLzEgMTI2NjIvMi8xIDEyNjYzLzMvMSAxMjY2NC80LzEKZiAxMjY2NS8xLzEgMTI2NjYvMi8xIDEyNjY3LzMvMSAxMjY2OC80LzEKZiAxMjY2OS8xLzEgMTI2NzAvMi8xIDEyNjcxLzMvMSAxMjY3Mi80LzEKZiAxMjY3My8xLzEgMTI2NzQvMi8xIDEyNjc1LzMvMSAxMjY3Ni80LzEKZiAxMjY3Ny8xLzEgMTI2NzgvMi8xIDEyNjc5LzMvMSAxMjY4MC80LzEKZiAxMjY4MS8xLzEgMTI2ODIvMi8xIDEyNjgzLzMvMSAxMjY4NC80LzEKZiAxMjY4NS8xLzEgMTI2ODYvMi8xIDEyNjg3LzMvMSAxMjY4OC80LzEKZiAxMjY4OS8xLzEgMTI2OTAvMi8xIDEyNjkxLzMvMSAxMjY5Mi80LzEKZiAxMjY5My8xLzEgMTI2OTQvMi8xIDEyNjk1LzMvMSAxMjY5Ni80LzEKZiAxMjY5Ny8xLzEgMTI2OTgvMi8xIDEyNjk5LzMvMSAxMjcwMC80LzEKZiAxMjcwMS8xLzEgMTI3MDIvMi8xIDEyNzAzLzMvMSAxMjcwNC80LzEKZiAxMjcwNS8xLzEgMTI3MDYvMi8xIDEyNzA3LzMvMSAxMjcwOC80LzEKZiAxMjcwOS8xLzEgMTI3MTAvMi8xIDEyNzExLzMvMSAxMjcxMi80LzEKZiAxMjcxMy8xLzEgMTI3MTQvMi8xIDEyNzE1LzMvMSAxMjcxNi80LzEKZiAxMjcxNy8xLzEgMTI3MTgvMi8xIDEyNzE5LzMvMSAxMjcyMC80LzEKZiAxMjcyMS8xLzEgMTI3MjIvMi8xIDEyNzIzLzMvMSAxMjcyNC80LzEKZiAxMjcyNS8xLzEgMTI3MjYvMi8xIDEyNzI3LzMvMSAxMjcyOC80LzEKZiAxMjcyOS8xLzEgMTI3MzAvMi8xIDEyNzMxLzMvMSAxMjczMi80LzEKZiAxMjczMy8xLzEgMTI3MzQvMi8xIDEyNzM1LzMvMSAxMjczNi80LzEKZiAxMjczNy8xLzEgMTI3MzgvMi8xIDEyNzM5LzMvMSAxMjc0MC80LzEKZiAxMjc0MS8xLzEgMTI3NDIvMi8xIDEyNzQzLzMvMSAxMjc0NC80LzEKZiAxMjc0NS8xLzEgMTI3NDYvMi8xIDEyNzQ3LzMvMSAxMjc0OC80LzEKZiAxMjc0OS8xLzEgMTI3NTAvMi8xIDEyNzUxLzMvMSAxMjc1Mi80LzEKZiAxMjc1My8xLzEgMTI3NTQvMi8xIDEyNzU1LzMvMSAxMjc1Ni80LzEKZiAxMjc1Ny8xLzEgMTI3NTgvMi8xIDEyNzU5LzMvMSAxMjc2MC80LzEKZiAxMjc2MS8xLzEgMTI3NjIvMi8xIDEyNzYzLzMvMSAxMjc2NC80LzEKZiAxMjc2NS8xLzEgMTI3NjYvMi8xIDEyNzY3LzMvMSAxMjc2OC80LzEKZiAxMjc2OS8xLzEgMTI3NzAvMi8xIDEyNzcxLzMvMSAxMjc3Mi80LzEKZiAxMjc3My8xLzEgMTI3NzQvMi8xIDEyNzc1LzMvMSAxMjc3Ni80LzEKZiAxMjc3Ny8xLzEgMTI3NzgvMi8xIDEyNzc5LzMvMSAxMjc4MC80LzEKZiAxMjc4MS8xLzEgMTI3ODIvMi8xIDEyNzgzLzMvMSAxMjc4NC80LzEKZiAxMjc4NS8xLzEgMTI3ODYvMi8xIDEyNzg3LzMvMSAxMjc4OC80LzEKZiAxMjc4OS8xLzEgMTI3OTAvMi8xIDEyNzkxLzMvMSAxMjc5Mi80LzEKZiAxMjc5My8xLzEgMTI3OTQvMi8xIDEyNzk1LzMvMSAxMjc5Ni80LzEKZiAxMjc5Ny8xLzEgMTI3OTgvMi8xIDEyNzk5LzMvMSAxMjgwMC80LzEKZiAxMjgwMS8xLzEgMTI4MDIvMi8xIDEyODAzLzMvMSAxMjgwNC80LzEKZiAxMjgwNS8xLzEgMTI4MDYvMi8xIDEyODA3LzMvMSAxMjgwOC80LzEKZiAxMjgwOS8xLzEgMTI4MTAvMi8xIDEyODExLzMvMSAxMjgxMi80LzEKZiAxMjgxMy8xLzEgMTI4MTQvMi8xIDEyODE1LzMvMSAxMjgxNi80LzEKZiAxMjgxNy8xLzEgMTI4MTgvMi8xIDEyODE5LzMvMSAxMjgyMC80LzEKZiAxMjgyMS8xLzEgMTI4MjIvMi8xIDEyODIzLzMvMSAxMjgyNC80LzEKZiAxMjgyNS8xLzEgMTI4MjYvMi8xIDEyODI3LzMvMSAxMjgyOC80LzEKZiAxMjgyOS8xLzEgMTI4MzAvMi8xIDEyODMxLzMvMSAxMjgzMi80LzEKZiAxMjgzMy8xLzEgMTI4MzQvMi8xIDEyODM1LzMvMSAxMjgzNi80LzEKZiAxMjgzNy8xLzEgMTI4MzgvMi8xIDEyODM5LzMvMSAxMjg0MC80LzEKZiAxMjg0MS8xLzEgMTI4NDIvMi8xIDEyODQzLzMvMSAxMjg0NC80LzEKZiAxMjg0NS8xLzEgMTI4NDYvMi8xIDEyODQ3LzMvMSAxMjg0OC80LzEKZiAxMjg0OS8xLzEgMTI4NTAvMi8xIDEyODUxLzMvMSAxMjg1Mi80LzEKZiAxMjg1My8xLzEgMTI4NTQvMi8xIDEyODU1LzMvMSAxMjg1Ni80LzEKZiAxMjg1Ny8xLzEgMTI4NTgvMi8xIDEyODU5LzMvMSAxMjg2MC80LzEKZiAxMjg2MS8xLzEgMTI4NjIvMi8xIDEyODYzLzMvMSAxMjg2NC80LzEKZiAxMjg2NS8xLzEgMTI4NjYvMi8xIDEyODY3LzMvMSAxMjg2OC80LzEKZiAxMjg2OS8xLzEgMTI4NzAvMi8xIDEyODcxLzMvMSAxMjg3Mi80LzEKZiAxMjg3My8xLzEgMTI4NzQvMi8xIDEyODc1LzMvMSAxMjg3Ni80LzEKZiAxMjg3Ny8xLzEgMTI4NzgvMi8xIDEyODc5LzMvMSAxMjg4MC80LzEKZiAxMjg4MS8xLzEgMTI4ODIvMi8xIDEyODgzLzMvMSAxMjg4NC80LzEKZiAxMjg4NS8xLzEgMTI4ODYvMi8xIDEyODg3LzMvMSAxMjg4OC80LzEKZiAxMjg4OS8xLzEgMTI4OTAvMi8xIDEyODkxLzMvMSAxMjg5Mi80LzEKZiAxMjg5My8xLzEgMTI4OTQvMi8xIDEyODk1LzMvMSAxMjg5Ni80LzEKZiAxMjg5Ny8xLzEgMTI4OTgvMi8xIDEyODk5LzMvMSAxMjkwMC80LzEKZiAxMjkwMS8xLzEgMTI5MDIvMi8xIDEyOTAzLzMvMSAxMjkwNC80LzEKZiAxMjkwNS8xLzEgMTI5MDYvMi8xIDEyOTA3LzMvMSAxMjkwOC80LzEKZiAxMjkwOS8xLzEgMTI5MTAvMi8xIDEyOTExLzMvMSAxMjkxMi80LzEKZiAxMjkxMy8xLzEgMTI5MTQvMi8xIDEyOTE1LzMvMSAxMjkxNi80LzEKZiAxMjkxNy8xLzEgMTI5MTgvMi8xIDEyOTE5LzMvMSAxMjkyMC80LzEKZiAxMjkyMS8xLzEgMTI5MjIvMi8xIDEyOTIzLzMvMSAxMjkyNC80LzEKZiAxMjkyNS8xLzEgMTI5MjYvMi8xIDEyOTI3LzMvMSAxMjkyOC80LzEKZiAxMjkyOS8xLzEgMTI5MzAvMi8xIDEyOTMxLzMvMSAxMjkzMi80LzEKZiAxMjkzMy8xLzEgMTI5MzQvMi8xIDEyOTM1LzMvMSAxMjkzNi80LzEKZiAxMjkzNy8xLzEgMTI5MzgvMi8xIDEyOTM5LzMvMSAxMjk0MC80LzEKZiAxMjk0MS8xLzEgMTI5NDIvMi8xIDEyOTQzLzMvMSAxMjk0NC80LzEKZiAxMjk0NS8xLzEgMTI5NDYvMi8xIDEyOTQ3LzMvMSAxMjk0OC80LzEKZiAxMjk0OS8xLzEgMTI5NTAvMi8xIDEyOTUxLzMvMSAxMjk1Mi80LzEKZiAxMjk1My8xLzEgMTI5NTQvMi8xIDEyOTU1LzMvMSAxMjk1Ni80LzEKZiAxMjk1Ny8xLzEgMTI5NTgvMi8xIDEyOTU5LzMvMSAxMjk2MC80LzEKZiAxMjk2MS8xLzEgMTI5NjIvMi8xIDEyOTYzLzMvMSAxMjk2NC80LzEKZiAxMjk2NS8xLzEgMTI5NjYvMi8xIDEyOTY3LzMvMSAxMjk2OC80LzEKZiAxMjk2OS8xLzEgMTI5NzAvMi8xIDEyOTcxLzMvMSAxMjk3Mi80LzEKZiAxMjk3My8xLzEgMTI5NzQvMi8xIDEyOTc1LzMvMSAxMjk3Ni80LzEKZiAxMjk3Ny8xLzEgMTI5NzgvMi8xIDEyOTc5LzMvMSAxMjk4MC80LzEKZiAxMjk4MS8xLzEgMTI5ODIvMi8xIDEyOTgzLzMvMSAxMjk4NC80LzEKZiAxMjk4NS8xLzEgMTI5ODYvMi8xIDEyOTg3LzMvMSAxMjk4OC80LzEKZiAxMjk4OS8xLzEgMTI5OTAvMi8xIDEyOTkxLzMvMSAxMjk5Mi80LzEKZiAxMjk5My8xLzEgMTI5OTQvMi8xIDEyOTk1LzMvMSAxMjk5Ni80LzEKZiAxMjk5Ny8xLzEgMTI5OTgvMi8xIDEyOTk5LzMvMSAxMzAwMC80LzEKZiAxMzAwMS8xLzEgMTMwMDIvMi8xIDEzMDAzLzMvMSAxMzAwNC80LzEKZiAxMzAwNS8xLzEgMTMwMDYvMi8xIDEzMDA3LzMvMSAxMzAwOC80LzEKZiAxMzAwOS8xLzEgMTMwMTAvMi8xIDEzMDExLzMvMSAxMzAxMi80LzEKZiAxMzAxMy8xLzEgMTMwMTQvMi8xIDEzMDE1LzMvMSAxMzAxNi80LzEKZiAxMzAxNy8xLzEgMTMwMTgvMi8xIDEzMDE5LzMvMSAxMzAyMC80LzEKZiAxMzAyMS8xLzEgMTMwMjIvMi8xIDEzMDIzLzMvMSAxMzAyNC80LzEKZiAxMzAyNS8xLzEgMTMwMjYvMi8xIDEzMDI3LzMvMSAxMzAyOC80LzEKZiAxMzAyOS8xLzEgMTMwMzAvMi8xIDEzMDMxLzMvMSAxMzAzMi80LzEKZiAxMzAzMy8xLzEgMTMwMzQvMi8xIDEzMDM1LzMvMSAxMzAzNi80LzEKZiAxMzAzNy8xLzEgMTMwMzgvMi8xIDEzMDM5LzMvMSAxMzA0MC80LzEKZiAxMzA0MS8xLzEgMTMwNDIvMi8xIDEzMDQzLzMvMSAxMzA0NC80LzEKZiAxMzA0NS8xLzEgMTMwNDYvMi8xIDEzMDQ3LzMvMSAxMzA0OC80LzEKZiAxMzA0OS8xLzEgMTMwNTAvMi8xIDEzMDUxLzMvMSAxMzA1Mi80LzEKZiAxMzA1My8xLzEgMTMwNTQvMi8xIDEzMDU1LzMvMSAxMzA1Ni80LzEKZiAxMzA1Ny8xLzEgMTMwNTgvMi8xIDEzMDU5LzMvMSAxMzA2MC80LzEKZiAxMzA2MS8xLzEgMTMwNjIvMi8xIDEzMDYzLzMvMSAxMzA2NC80LzEKZiAxMzA2NS8xLzEgMTMwNjYvMi8xIDEzMDY3LzMvMSAxMzA2OC80LzEKZiAxMzA2OS8xLzEgMTMwNzAvMi8xIDEzMDcxLzMvMSAxMzA3Mi80LzEKZiAxMzA3My8xLzEgMTMwNzQvMi8xIDEzMDc1LzMvMSAxMzA3Ni80LzEKZiAxMzA3Ny8xLzEgMTMwNzgvMi8xIDEzMDc5LzMvMSAxMzA4MC80LzEKZiAxMzA4MS8xLzEgMTMwODIvMi8xIDEzMDgzLzMvMSAxMzA4NC80LzEKZiAxMzA4NS8xLzEgMTMwODYvMi8xIDEzMDg3LzMvMSAxMzA4OC80LzEKZiAxMzA4OS8xLzEgMTMwOTAvMi8xIDEzMDkxLzMvMSAxMzA5Mi80LzEKZiAxMzA5My8xLzEgMTMwOTQvMi8xIDEzMDk1LzMvMSAxMzA5Ni80LzEKZiAxMzA5Ny8xLzEgMTMwOTgvMi8xIDEzMDk5LzMvMSAxMzEwMC80LzEKZiAxMzEwMS8xLzEgMTMxMDIvMi8xIDEzMTAzLzMvMSAxMzEwNC80LzEKZiAxMzEwNS8xLzEgMTMxMDYvMi8xIDEzMTA3LzMvMSAxMzEwOC80LzEKZiAxMzEwOS8xLzEgMTMxMTAvMi8xIDEzMTExLzMvMSAxMzExMi80LzEKZiAxMzExMy8xLzEgMTMxMTQvMi8xIDEzMTE1LzMvMSAxMzExNi80LzEKZiAxMzExNy8xLzEgMTMxMTgvMi8xIDEzMTE5LzMvMSAxMzEyMC80LzEKZiAxMzEyMS8xLzEgMTMxMjIvMi8xIDEzMTIzLzMvMSAxMzEyNC80LzEKZiAxMzEyNS8xLzEgMTMxMjYvMi8xIDEzMTI3LzMvMSAxMzEyOC80LzEKZiAxMzEyOS8xLzEgMTMxMzAvMi8xIDEzMTMxLzMvMSAxMzEzMi80LzEKZiAxMzEzMy8xLzEgMTMxMzQvMi8xIDEzMTM1LzMvMSAxMzEzNi80LzEKZiAxMzEzNy8xLzEgMTMxMzgvMi8xIDEzMTM5LzMvMSAxMzE0MC80LzEKZiAxMzE0MS8xLzEgMTMxNDIvMi8xIDEzMTQzLzMvMSAxMzE0NC80LzEKZiAxMzE0NS8xLzEgMTMxNDYvMi8xIDEzMTQ3LzMvMSAxMzE0OC80LzEKZiAxMzE0OS8xLzEgMTMxNTAvMi8xIDEzMTUxLzMvMSAxMzE1Mi80LzEKZiAxMzE1My8xLzEgMTMxNTQvMi8xIDEzMTU1LzMvMSAxMzE1Ni80LzEKZiAxMzE1Ny8xLzEgMTMxNTgvMi8xIDEzMTU5LzMvMSAxMzE2MC80LzEKZiAxMzE2MS8xLzEgMTMxNjIvMi8xIDEzMTYzLzMvMSAxMzE2NC80LzEKZiAxMzE2NS8xLzEgMTMxNjYvMi8xIDEzMTY3LzMvMSAxMzE2OC80LzEKZiAxMzE2OS8xLzEgMTMxNzAvMi8xIDEzMTcxLzMvMSAxMzE3Mi80LzEKZiAxMzE3My8xLzEgMTMxNzQvMi8xIDEzMTc1LzMvMSAxMzE3Ni80LzEKZiAxMzE3Ny8xLzEgMTMxNzgvMi8xIDEzMTc5LzMvMSAxMzE4MC80LzEKZiAxMzE4MS8xLzEgMTMxODIvMi8xIDEzMTgzLzMvMSAxMzE4NC80LzEKZiAxMzE4NS8xLzEgMTMxODYvMi8xIDEzMTg3LzMvMSAxMzE4OC80LzEKZiAxMzE4OS8xLzEgMTMxOTAvMi8xIDEzMTkxLzMvMSAxMzE5Mi80LzEKZiAxMzE5My8xLzEgMTMxOTQvMi8xIDEzMTk1LzMvMSAxMzE5Ni80LzEKZiAxMzE5Ny8xLzEgMTMxOTgvMi8xIDEzMTk5LzMvMSAxMzIwMC80LzEKZiAxMzIwMS8xLzEgMTMyMDIvMi8xIDEzMjAzLzMvMSAxMzIwNC80LzEKZiAxMzIwNS8xLzEgMTMyMDYvMi8xIDEzMjA3LzMvMSAxMzIwOC80LzEKZiAxMzIwOS8xLzEgMTMyMTAvMi8xIDEzMjExLzMvMSAxMzIxMi80LzEKZiAxMzIxMy8xLzEgMTMyMTQvMi8xIDEzMjE1LzMvMSAxMzIxNi80LzEKZiAxMzIxNy8xLzEgMTMyMTgvMi8xIDEzMjE5LzMvMSAxMzIyMC80LzEKZiAxMzIyMS8xLzEgMTMyMjIvMi8xIDEzMjIzLzMvMSAxMzIyNC80LzEKZiAxMzIyNS8xLzEgMTMyMjYvMi8xIDEzMjI3LzMvMSAxMzIyOC80LzEKZiAxMzIyOS8xLzEgMTMyMzAvMi8xIDEzMjMxLzMvMSAxMzIzMi80LzEKZiAxMzIzMy8xLzEgMTMyMzQvMi8xIDEzMjM1LzMvMSAxMzIzNi80LzEKZiAxMzIzNy8xLzEgMTMyMzgvMi8xIDEzMjM5LzMvMSAxMzI0MC80LzEKZiAxMzI0MS8xLzEgMTMyNDIvMi8xIDEzMjQzLzMvMSAxMzI0NC80LzEKZiAxMzI0NS8xLzEgMTMyNDYvMi8xIDEzMjQ3LzMvMSAxMzI0OC80LzEKZiAxMzI0OS8xLzEgMTMyNTAvMi8xIDEzMjUxLzMvMSAxMzI1Mi80LzEKZiAxMzI1My8xLzEgMTMyNTQvMi8xIDEzMjU1LzMvMSAxMzI1Ni80LzEKZiAxMzI1Ny8xLzEgMTMyNTgvMi8xIDEzMjU5LzMvMSAxMzI2MC80LzEKZiAxMzI2MS8xLzEgMTMyNjIvMi8xIDEzMjYzLzMvMSAxMzI2NC80LzEKZiAxMzI2NS8xLzEgMTMyNjYvMi8xIDEzMjY3LzMvMSAxMzI2OC80LzEKZiAxMzI2OS8xLzEgMTMyNzAvMi8xIDEzMjcxLzMvMSAxMzI3Mi80LzEKZiAxMzI3My8xLzEgMTMyNzQvMi8xIDEzMjc1LzMvMSAxMzI3Ni80LzEKZiAxMzI3Ny8xLzEgMTMyNzgvMi8xIDEzMjc5LzMvMSAxMzI4MC80LzEKZiAxMzI4MS8xLzEgMTMyODIvMi8xIDEzMjgzLzMvMSAxMzI4NC80LzEKZiAxMzI4NS8xLzEgMTMyODYvMi8xIDEzMjg3LzMvMSAxMzI4OC80LzEKZiAxMzI4OS8xLzEgMTMyOTAvMi8xIDEzMjkxLzMvMSAxMzI5Mi80LzEKZiAxMzI5My8xLzEgMTMyOTQvMi8xIDEzMjk1LzMvMSAxMzI5Ni80LzEKZiAxMzI5Ny8xLzEgMTMyOTgvMi8xIDEzMjk5LzMvMSAxMzMwMC80LzEKZiAxMzMwMS8xLzEgMTMzMDIvMi8xIDEzMzAzLzMvMSAxMzMwNC80LzEKZiAxMzMwNS8xLzEgMTMzMDYvMi8xIDEzMzA3LzMvMSAxMzMwOC80LzEKZiAxMzMwOS8xLzEgMTMzMTAvMi8xIDEzMzExLzMvMSAxMzMxMi80LzEKZiAxMzMxMy8xLzEgMTMzMTQvMi8xIDEzMzE1LzMvMSAxMzMxNi80LzEKZiAxMzMxNy8xLzEgMTMzMTgvMi8xIDEzMzE5LzMvMSAxMzMyMC80LzEKZiAxMzMyMS8xLzEgMTMzMjIvMi8xIDEzMzIzLzMvMSAxMzMyNC80LzEKZiAxMzMyNS8xLzEgMTMzMjYvMi8xIDEzMzI3LzMvMSAxMzMyOC80LzEKZiAxMzMyOS8xLzEgMTMzMzAvMi8xIDEzMzMxLzMvMSAxMzMzMi80LzEKZiAxMzMzMy8xLzEgMTMzMzQvMi8xIDEzMzM1LzMvMSAxMzMzNi80LzEKZiAxMzMzNy8xLzEgMTMzMzgvMi8xIDEzMzM5LzMvMSAxMzM0MC80LzEKZiAxMzM0MS8xLzEgMTMzNDIvMi8xIDEzMzQzLzMvMSAxMzM0NC80LzEKZiAxMzM0NS8xLzEgMTMzNDYvMi8xIDEzMzQ3LzMvMSAxMzM0OC80LzEKZiAxMzM0OS8xLzEgMTMzNTAvMi8xIDEzMzUxLzMvMSAxMzM1Mi80LzEKZiAxMzM1My8xLzEgMTMzNTQvMi8xIDEzMzU1LzMvMSAxMzM1Ni80LzEKZiAxMzM1Ny8xLzEgMTMzNTgvMi8xIDEzMzU5LzMvMSAxMzM2MC80LzEKZiAxMzM2MS8xLzEgMTMzNjIvMi8xIDEzMzYzLzMvMSAxMzM2NC80LzEKZiAxMzM2NS8xLzEgMTMzNjYvMi8xIDEzMzY3LzMvMSAxMzM2OC80LzEKZiAxMzM2OS8xLzEgMTMzNzAvMi8xIDEzMzcxLzMvMSAxMzM3Mi80LzEKZiAxMzM3My8xLzEgMTMzNzQvMi8xIDEzMzc1LzMvMSAxMzM3Ni80LzEKZiAxMzM3Ny8xLzEgMTMzNzgvMi8xIDEzMzc5LzMvMSAxMzM4MC80LzEKZiAxMzM4MS8xLzEgMTMzODIvMi8xIDEzMzgzLzMvMSAxMzM4NC80LzEKZiAxMzM4NS8xLzEgMTMzODYvMi8xIDEzMzg3LzMvMSAxMzM4OC80LzEKZiAxMzM4OS8xLzEgMTMzOTAvMi8xIDEzMzkxLzMvMSAxMzM5Mi80LzEKZiAxMzM5My8xLzEgMTMzOTQvMi8xIDEzMzk1LzMvMSAxMzM5Ni80LzEKZiAxMzM5Ny8xLzEgMTMzOTgvMi8xIDEzMzk5LzMvMSAxMzQwMC80LzEKZiAxMzQwMS8xLzEgMTM0MDIvMi8xIDEzNDAzLzMvMSAxMzQwNC80LzEKZiAxMzQwNS8xLzEgMTM0MDYvMi8xIDEzNDA3LzMvMSAxMzQwOC80LzEKZiAxMzQwOS8xLzEgMTM0MTAvMi8xIDEzNDExLzMvMSAxMzQxMi80LzEKZiAxMzQxMy8xLzEgMTM0MTQvMi8xIDEzNDE1LzMvMSAxMzQxNi80LzEKZiAxMzQxNy8xLzEgMTM0MTgvMi8xIDEzNDE5LzMvMSAxMzQyMC80LzEKZiAxMzQyMS8xLzEgMTM0MjIvMi8xIDEzNDIzLzMvMSAxMzQyNC80LzEKZiAxMzQyNS8xLzEgMTM0MjYvMi8xIDEzNDI3LzMvMSAxMzQyOC80LzEKZiAxMzQyOS8xLzEgMTM0MzAvMi8xIDEzNDMxLzMvMSAxMzQzMi80LzEKZiAxMzQzMy8xLzEgMTM0MzQvMi8xIDEzNDM1LzMvMSAxMzQzNi80LzEKZiAxMzQzNy8xLzEgMTM0MzgvMi8xIDEzNDM5LzMvMSAxMzQ0MC80LzEKZiAxMzQ0MS8xLzEgMTM0NDIvMi8xIDEzNDQzLzMvMSAxMzQ0NC80LzEKZiAxMzQ0NS8xLzEgMTM0NDYvMi8xIDEzNDQ3LzMvMSAxMzQ0OC80LzEKZiAxMzQ0OS8xLzEgMTM0NTAvMi8xIDEzNDUxLzMvMSAxMzQ1Mi80LzEKZiAxMzQ1My8xLzEgMTM0NTQvMi8xIDEzNDU1LzMvMSAxMzQ1Ni80LzEKZiAxMzQ1Ny8xLzEgMTM0NTgvMi8xIDEzNDU5LzMvMSAxMzQ2MC80LzEKZiAxMzQ2MS8xLzEgMTM0NjIvMi8xIDEzNDYzLzMvMSAxMzQ2NC80LzEKZiAxMzQ2NS8xLzEgMTM0NjYvMi8xIDEzNDY3LzMvMSAxMzQ2OC80LzEKZiAxMzQ2OS8xLzEgMTM0NzAvMi8xIDEzNDcxLzMvMSAxMzQ3Mi80LzEKZiAxMzQ3My8xLzEgMTM0NzQvMi8xIDEzNDc1LzMvMSAxMzQ3Ni80LzEKZiAxMzQ3Ny8xLzEgMTM0NzgvMi8xIDEzNDc5LzMvMSAxMzQ4MC80LzEKZiAxMzQ4MS8xLzEgMTM0ODIvMi8xIDEzNDgzLzMvMSAxMzQ4NC80LzEKZiAxMzQ4NS8xLzEgMTM0ODYvMi8xIDEzNDg3LzMvMSAxMzQ4OC80LzEKZiAxMzQ4OS8xLzEgMTM0OTAvMi8xIDEzNDkxLzMvMSAxMzQ5Mi80LzEKZiAxMzQ5My8xLzEgMTM0OTQvMi8xIDEzNDk1LzMvMSAxMzQ5Ni80LzEKZiAxMzQ5Ny8xLzEgMTM0OTgvMi8xIDEzNDk5LzMvMSAxMzUwMC80LzEKZiAxMzUwMS8xLzEgMTM1MDIvMi8xIDEzNTAzLzMvMSAxMzUwNC80LzEKZiAxMzUwNS8xLzEgMTM1MDYvMi8xIDEzNTA3LzMvMSAxMzUwOC80LzEKZiAxMzUwOS8xLzEgMTM1MTAvMi8xIDEzNTExLzMvMSAxMzUxMi80LzEKZiAxMzUxMy8xLzEgMTM1MTQvMi8xIDEzNTE1LzMvMSAxMzUxNi80LzEKZiAxMzUxNy8xLzEgMTM1MTgvMi8xIDEzNTE5LzMvMSAxMzUyMC80LzEKZiAxMzUyMS8xLzEgMTM1MjIvMi8xIDEzNTIzLzMvMSAxMzUyNC80LzEKZiAxMzUyNS8xLzEgMTM1MjYvMi8xIDEzNTI3LzMvMSAxMzUyOC80LzEKZiAxMzUyOS8xLzEgMTM1MzAvMi8xIDEzNTMxLzMvMSAxMzUzMi80LzEKZiAxMzUzMy8xLzEgMTM1MzQvMi8xIDEzNTM1LzMvMSAxMzUzNi80LzEKZiAxMzUzNy8xLzEgMTM1MzgvMi8xIDEzNTM5LzMvMSAxMzU0MC80LzEKZiAxMzU0MS8xLzEgMTM1NDIvMi8xIDEzNTQzLzMvMSAxMzU0NC80LzEKZiAxMzU0NS8xLzEgMTM1NDYvMi8xIDEzNTQ3LzMvMSAxMzU0OC80LzEKZiAxMzU0OS8xLzEgMTM1NTAvMi8xIDEzNTUxLzMvMSAxMzU1Mi80LzEKZiAxMzU1My8xLzEgMTM1NTQvMi8xIDEzNTU1LzMvMSAxMzU1Ni80LzEKZiAxMzU1Ny8xLzEgMTM1NTgvMi8xIDEzNTU5LzMvMSAxMzU2MC80LzEKZiAxMzU2MS8xLzEgMTM1NjIvMi8xIDEzNTYzLzMvMSAxMzU2NC80LzEKZiAxMzU2NS8xLzEgMTM1NjYvMi8xIDEzNTY3LzMvMSAxMzU2OC80LzEKZiAxMzU2OS8xLzEgMTM1NzAvMi8xIDEzNTcxLzMvMSAxMzU3Mi80LzEKZiAxMzU3My8xLzEgMTM1NzQvMi8xIDEzNTc1LzMvMSAxMzU3Ni80LzEKZiAxMzU3Ny8xLzEgMTM1NzgvMi8xIDEzNTc5LzMvMSAxMzU4MC80LzEKZiAxMzU4MS8xLzEgMTM1ODIvMi8xIDEzNTgzLzMvMSAxMzU4NC80LzEKZiAxMzU4NS8xLzEgMTM1ODYvMi8xIDEzNTg3LzMvMSAxMzU4OC80LzEKZiAxMzU4OS8xLzEgMTM1OTAvMi8xIDEzNTkxLzMvMSAxMzU5Mi80LzEKZiAxMzU5My8xLzEgMTM1OTQvMi8xIDEzNTk1LzMvMSAxMzU5Ni80LzEKZiAxMzU5Ny8xLzEgMTM1OTgvMi8xIDEzNTk5LzMvMSAxMzYwMC80LzEKZiAxMzYwMS8xLzEgMTM2MDIvMi8xIDEzNjAzLzMvMSAxMzYwNC80LzEKZiAxMzYwNS8xLzEgMTM2MDYvMi8xIDEzNjA3LzMvMSAxMzYwOC80LzEKZiAxMzYwOS8xLzEgMTM2MTAvMi8xIDEzNjExLzMvMSAxMzYxMi80LzEKZiAxMzYxMy8xLzEgMTM2MTQvMi8xIDEzNjE1LzMvMSAxMzYxNi80LzEKZiAxMzYxNy8xLzEgMTM2MTgvMi8xIDEzNjE5LzMvMSAxMzYyMC80LzEKZiAxMzYyMS8xLzEgMTM2MjIvMi8xIDEzNjIzLzMvMSAxMzYyNC80LzEKZiAxMzYyNS8xLzEgMTM2MjYvMi8xIDEzNjI3LzMvMSAxMzYyOC80LzEKZiAxMzYyOS8xLzEgMTM2MzAvMi8xIDEzNjMxLzMvMSAxMzYzMi80LzEKZiAxMzYzMy8xLzEgMTM2MzQvMi8xIDEzNjM1LzMvMSAxMzYzNi80LzEKZiAxMzYzNy8xLzEgMTM2MzgvMi8xIDEzNjM5LzMvMSAxMzY0MC80LzEKZiAxMzY0MS8xLzEgMTM2NDIvMi8xIDEzNjQzLzMvMSAxMzY0NC80LzEKZiAxMzY0NS8xLzEgMTM2NDYvMi8xIDEzNjQ3LzMvMSAxMzY0OC80LzEKZiAxMzY0OS8xLzEgMTM2NTAvMi8xIDEzNjUxLzMvMSAxMzY1Mi80LzEKZiAxMzY1My8xLzEgMTM2NTQvMi8xIDEzNjU1LzMvMSAxMzY1Ni80LzEKZiAxMzY1Ny8xLzEgMTM2NTgvMi8xIDEzNjU5LzMvMSAxMzY2MC80LzEKZiAxMzY2MS8xLzEgMTM2NjIvMi8xIDEzNjYzLzMvMSAxMzY2NC80LzEKZiAxMzY2NS8xLzEgMTM2NjYvMi8xIDEzNjY3LzMvMSAxMzY2OC80LzEKZiAxMzY2OS8xLzEgMTM2NzAvMi8xIDEzNjcxLzMvMSAxMzY3Mi80LzEKZiAxMzY3My8xLzEgMTM2NzQvMi8xIDEzNjc1LzMvMSAxMzY3Ni80LzEKZiAxMzY3Ny8xLzEgMTM2NzgvMi8xIDEzNjc5LzMvMSAxMzY4MC80LzEKZiAxMzY4MS8xLzEgMTM2ODIvMi8xIDEzNjgzLzMvMSAxMzY4NC80LzEKZiAxMzY4NS8xLzEgMTM2ODYvMi8xIDEzNjg3LzMvMSAxMzY4OC80LzEKZiAxMzY4OS8xLzEgMTM2OTAvMi8xIDEzNjkxLzMvMSAxMzY5Mi80LzEKZiAxMzY5My8xLzEgMTM2OTQvMi8xIDEzNjk1LzMvMSAxMzY5Ni80LzEKZiAxMzY5Ny8xLzEgMTM2OTgvMi8xIDEzNjk5LzMvMSAxMzcwMC80LzEKZiAxMzcwMS8xLzEgMTM3MDIvMi8xIDEzNzAzLzMvMSAxMzcwNC80LzEKZiAxMzcwNS8xLzEgMTM3MDYvMi8xIDEzNzA3LzMvMSAxMzcwOC80LzEKZiAxMzcwOS8xLzEgMTM3MTAvMi8xIDEzNzExLzMvMSAxMzcxMi80LzEKZiAxMzcxMy8xLzEgMTM3MTQvMi8xIDEzNzE1LzMvMSAxMzcxNi80LzEKZiAxMzcxNy8xLzEgMTM3MTgvMi8xIDEzNzE5LzMvMSAxMzcyMC80LzEKZiAxMzcyMS8xLzEgMTM3MjIvMi8xIDEzNzIzLzMvMSAxMzcyNC80LzEKZiAxMzcyNS8xLzEgMTM3MjYvMi8xIDEzNzI3LzMvMSAxMzcyOC80LzEKZiAxMzcyOS8xLzEgMTM3MzAvMi8xIDEzNzMxLzMvMSAxMzczMi80LzEKZiAxMzczMy8xLzEgMTM3MzQvMi8xIDEzNzM1LzMvMSAxMzczNi80LzEKZiAxMzczNy8xLzEgMTM3MzgvMi8xIDEzNzM5LzMvMSAxMzc0MC80LzEKZiAxMzc0MS8xLzEgMTM3NDIvMi8xIDEzNzQzLzMvMSAxMzc0NC80LzEKZiAxMzc0NS8xLzEgMTM3NDYvMi8xIDEzNzQ3LzMvMSAxMzc0OC80LzEKZiAxMzc0OS8xLzEgMTM3NTAvMi8xIDEzNzUxLzMvMSAxMzc1Mi80LzEKZiAxMzc1My8xLzEgMTM3NTQvMi8xIDEzNzU1LzMvMSAxMzc1Ni80LzEKZiAxMzc1Ny8xLzEgMTM3NTgvMi8xIDEzNzU5LzMvMSAxMzc2MC80LzEKZiAxMzc2MS8xLzEgMTM3NjIvMi8xIDEzNzYzLzMvMSAxMzc2NC80LzEKZiAxMzc2NS8xLzEgMTM3NjYvMi8xIDEzNzY3LzMvMSAxMzc2OC80LzEKZiAxMzc2OS8xLzEgMTM3NzAvMi8xIDEzNzcxLzMvMSAxMzc3Mi80LzEKZiAxMzc3My8xLzEgMTM3NzQvMi8xIDEzNzc1LzMvMSAxMzc3Ni80LzEKZiAxMzc3Ny8xLzEgMTM3NzgvMi8xIDEzNzc5LzMvMSAxMzc4MC80LzEKZiAxMzc4MS8xLzEgMTM3ODIvMi8xIDEzNzgzLzMvMSAxMzc4NC80LzEKZiAxMzc4NS8xLzEgMTM3ODYvMi8xIDEzNzg3LzMvMSAxMzc4OC80LzEKZiAxMzc4OS8xLzEgMTM3OTAvMi8xIDEzNzkxLzMvMSAxMzc5Mi80LzEKZiAxMzc5My8xLzEgMTM3OTQvMi8xIDEzNzk1LzMvMSAxMzc5Ni80LzEKZiAxMzc5Ny8xLzEgMTM3OTgvMi8xIDEzNzk5LzMvMSAxMzgwMC80LzEKZiAxMzgwMS8xLzEgMTM4MDIvMi8xIDEzODAzLzMvMSAxMzgwNC80LzEKZiAxMzgwNS8xLzEgMTM4MDYvMi8xIDEzODA3LzMvMSAxMzgwOC80LzEKZiAxMzgwOS8xLzEgMTM4MTAvMi8xIDEzODExLzMvMSAxMzgxMi80LzEKZiAxMzgxMy8xLzEgMTM4MTQvMi8xIDEzODE1LzMvMSAxMzgxNi80LzEKZiAxMzgxNy8xLzEgMTM4MTgvMi8xIDEzODE5LzMvMSAxMzgyMC80LzEKZiAxMzgyMS8xLzEgMTM4MjIvMi8xIDEzODIzLzMvMSAxMzgyNC80LzEKZiAxMzgyNS8xLzEgMTM4MjYvMi8xIDEzODI3LzMvMSAxMzgyOC80LzEKZiAxMzgyOS8xLzEgMTM4MzAvMi8xIDEzODMxLzMvMSAxMzgzMi80LzEKZiAxMzgzMy8xLzEgMTM4MzQvMi8xIDEzODM1LzMvMSAxMzgzNi80LzEKZiAxMzgzNy8xLzEgMTM4MzgvMi8xIDEzODM5LzMvMSAxMzg0MC80LzEKZiAxMzg0MS8xLzEgMTM4NDIvMi8xIDEzODQzLzMvMSAxMzg0NC80LzEKZiAxMzg0NS8xLzEgMTM4NDYvMi8xIDEzODQ3LzMvMSAxMzg0OC80LzEKZiAxMzg0OS8xLzEgMTM4NTAvMi8xIDEzODUxLzMvMSAxMzg1Mi80LzEKZiAxMzg1My8xLzEgMTM4NTQvMi8xIDEzODU1LzMvMSAxMzg1Ni80LzEKZiAxMzg1Ny8xLzEgMTM4NTgvMi8xIDEzODU5LzMvMSAxMzg2MC80LzEKZiAxMzg2MS8xLzEgMTM4NjIvMi8xIDEzODYzLzMvMSAxMzg2NC80LzEKZiAxMzg2NS8xLzEgMTM4NjYvMi8xIDEzODY3LzMvMSAxMzg2OC80LzEKZiAxMzg2OS8xLzEgMTM4NzAvMi8xIDEzODcxLzMvMSAxMzg3Mi80LzEKZiAxMzg3My8xLzEgMTM4NzQvMi8xIDEzODc1LzMvMSAxMzg3Ni80LzEKZiAxMzg3Ny8xLzEgMTM4NzgvMi8xIDEzODc5LzMvMSAxMzg4MC80LzEKZiAxMzg4MS8xLzEgMTM4ODIvMi8xIDEzODgzLzMvMSAxMzg4NC80LzEKZiAxMzg4NS8xLzEgMTM4ODYvMi8xIDEzODg3LzMvMSAxMzg4OC80LzEKZiAxMzg4OS8xLzEgMTM4OTAvMi8xIDEzODkxLzMvMSAxMzg5Mi80LzEKZiAxMzg5My8xLzEgMTM4OTQvMi8xIDEzODk1LzMvMSAxMzg5Ni80LzEKZiAxMzg5Ny8xLzEgMTM4OTgvMi8xIDEzODk5LzMvMSAxMzkwMC80LzEKZiAxMzkwMS8xLzEgMTM5MDIvMi8xIDEzOTAzLzMvMSAxMzkwNC80LzEKZiAxMzkwNS8xLzEgMTM5MDYvMi8xIDEzOTA3LzMvMSAxMzkwOC80LzEKZiAxMzkwOS8xLzEgMTM5MTAvMi8xIDEzOTExLzMvMSAxMzkxMi80LzEKZiAxMzkxMy8xLzEgMTM5MTQvMi8xIDEzOTE1LzMvMSAxMzkxNi80LzEKZiAxMzkxNy8xLzEgMTM5MTgvMi8xIDEzOTE5LzMvMSAxMzkyMC80LzEKZiAxMzkyMS8xLzEgMTM5MjIvMi8xIDEzOTIzLzMvMSAxMzkyNC80LzEKZiAxMzkyNS8xLzEgMTM5MjYvMi8xIDEzOTI3LzMvMSAxMzkyOC80LzEKZiAxMzkyOS8xLzEgMTM5MzAvMi8xIDEzOTMxLzMvMSAxMzkzMi80LzEKZiAxMzkzMy8xLzEgMTM5MzQvMi8xIDEzOTM1LzMvMSAxMzkzNi80LzEKZiAxMzkzNy8xLzEgMTM5MzgvMi8xIDEzOTM5LzMvMSAxMzk0MC80LzEKZiAxMzk0MS8xLzEgMTM5NDIvMi8xIDEzOTQzLzMvMSAxMzk0NC80LzEKZiAxMzk0NS8xLzEgMTM5NDYvMi8xIDEzOTQ3LzMvMSAxMzk0OC80LzEKZiAxMzk0OS8xLzEgMTM5NTAvMi8xIDEzOTUxLzMvMSAxMzk1Mi80LzEKZiAxMzk1My8xLzEgMTM5NTQvMi8xIDEzOTU1LzMvMSAxMzk1Ni80LzEKZiAxMzk1Ny8xLzEgMTM5NTgvMi8xIDEzOTU5LzMvMSAxMzk2MC80LzEKZiAxMzk2MS8xLzEgMTM5NjIvMi8xIDEzOTYzLzMvMSAxMzk2NC80LzEKZiAxMzk2NS8xLzEgMTM5NjYvMi8xIDEzOTY3LzMvMSAxMzk2OC80LzEKZiAxMzk2OS8xLzEgMTM5NzAvMi8xIDEzOTcxLzMvMSAxMzk3Mi80LzEKZiAxMzk3My8xLzEgMTM5NzQvMi8xIDEzOTc1LzMvMSAxMzk3Ni80LzEKZiAxMzk3Ny8xLzEgMTM5NzgvMi8xIDEzOTc5LzMvMSAxMzk4MC80LzEKZiAxMzk4MS8xLzEgMTM5ODIvMi8xIDEzOTgzLzMvMSAxMzk4NC80LzEKZiAxMzk4NS8xLzEgMTM5ODYvMi8xIDEzOTg3LzMvMSAxMzk4OC80LzEKZiAxMzk4OS8xLzEgMTM5OTAvMi8xIDEzOTkxLzMvMSAxMzk5Mi80LzEKZiAxMzk5My8xLzEgMTM5OTQvMi8xIDEzOTk1LzMvMSAxMzk5Ni80LzEKZiAxMzk5Ny8xLzEgMTM5OTgvMi8xIDEzOTk5LzMvMSAxNDAwMC80LzEKZiAxNDAwMS8xLzEgMTQwMDIvMi8xIDE0MDAzLzMvMSAxNDAwNC80LzEKZiAxNDAwNS8xLzEgMTQwMDYvMi8xIDE0MDA3LzMvMSAxNDAwOC80LzEKZiAxNDAwOS8xLzEgMTQwMTAvMi8xIDE0MDExLzMvMSAxNDAxMi80LzEKZiAxNDAxMy8xLzEgMTQwMTQvMi8xIDE0MDE1LzMvMSAxNDAxNi80LzEKZiAxNDAxNy8xLzEgMTQwMTgvMi8xIDE0MDE5LzMvMSAxNDAyMC80LzEKZiAxNDAyMS8xLzEgMTQwMjIvMi8xIDE0MDIzLzMvMSAxNDAyNC80LzEKZiAxNDAyNS8xLzEgMTQwMjYvMi8xIDE0MDI3LzMvMSAxNDAyOC80LzEKZiAxNDAyOS8xLzEgMTQwMzAvMi8xIDE0MDMxLzMvMSAxNDAzMi80LzEKZiAxNDAzMy8xLzEgMTQwMzQvMi8xIDE0MDM1LzMvMSAxNDAzNi80LzEKZiAxNDAzNy8xLzEgMTQwMzgvMi8xIDE0MDM5LzMvMSAxNDA0MC80LzEKZiAxNDA0MS8xLzEgMTQwNDIvMi8xIDE0MDQzLzMvMSAxNDA0NC80LzEKZiAxNDA0NS8xLzEgMTQwNDYvMi8xIDE0MDQ3LzMvMSAxNDA0OC80LzEKZiAxNDA0OS8xLzEgMTQwNTAvMi8xIDE0MDUxLzMvMSAxNDA1Mi80LzEKZiAxNDA1My8xLzEgMTQwNTQvMi8xIDE0MDU1LzMvMSAxNDA1Ni80LzEKZiAxNDA1Ny8xLzEgMTQwNTgvMi8xIDE0MDU5LzMvMSAxNDA2MC80LzEKZiAxNDA2MS8xLzEgMTQwNjIvMi8xIDE0MDYzLzMvMSAxNDA2NC80LzEKZiAxNDA2NS8xLzEgMTQwNjYvMi8xIDE0MDY3LzMvMSAxNDA2OC80LzEKZiAxNDA2OS8xLzEgMTQwNzAvMi8xIDE0MDcxLzMvMSAxNDA3Mi80LzEKZiAxNDA3My8xLzEgMTQwNzQvMi8xIDE0MDc1LzMvMSAxNDA3Ni80LzEKZiAxNDA3Ny8xLzEgMTQwNzgvMi8xIDE0MDc5LzMvMSAxNDA4MC80LzEKZiAxNDA4MS8xLzEgMTQwODIvMi8xIDE0MDgzLzMvMSAxNDA4NC80LzEKZiAxNDA4NS8xLzEgMTQwODYvMi8xIDE0MDg3LzMvMSAxNDA4OC80LzEKZiAxNDA4OS8xLzEgMTQwOTAvMi8xIDE0MDkxLzMvMSAxNDA5Mi80LzEKZiAxNDA5My8xLzEgMTQwOTQvMi8xIDE0MDk1LzMvMSAxNDA5Ni80LzEKZiAxNDA5Ny8xLzEgMTQwOTgvMi8xIDE0MDk5LzMvMSAxNDEwMC80LzEKZiAxNDEwMS8xLzEgMTQxMDIvMi8xIDE0MTAzLzMvMSAxNDEwNC80LzEKZiAxNDEwNS8xLzEgMTQxMDYvMi8xIDE0MTA3LzMvMSAxNDEwOC80LzEKZiAxNDEwOS8xLzEgMTQxMTAvMi8xIDE0MTExLzMvMSAxNDExMi80LzEKZiAxNDExMy8xLzEgMTQxMTQvMi8xIDE0MTE1LzMvMSAxNDExNi80LzEKZiAxNDExNy8xLzEgMTQxMTgvMi8xIDE0MTE5LzMvMSAxNDEyMC80LzEKZiAxNDEyMS8xLzEgMTQxMjIvMi8xIDE0MTIzLzMvMSAxNDEyNC80LzEKZiAxNDEyNS8xLzEgMTQxMjYvMi8xIDE0MTI3LzMvMSAxNDEyOC80LzEKZiAxNDEyOS8xLzEgMTQxMzAvMi8xIDE0MTMxLzMvMSAxNDEzMi80LzEKZiAxNDEzMy8xLzEgMTQxMzQvMi8xIDE0MTM1LzMvMSAxNDEzNi80LzEKZiAxNDEzNy8xLzEgMTQxMzgvMi8xIDE0MTM5LzMvMSAxNDE0MC80LzEKZiAxNDE0MS8xLzEgMTQxNDIvMi8xIDE0MTQzLzMvMSAxNDE0NC80LzEKZiAxNDE0NS8xLzEgMTQxNDYvMi8xIDE0MTQ3LzMvMSAxNDE0OC80LzEKZiAxNDE0OS8xLzEgMTQxNTAvMi8xIDE0MTUxLzMvMSAxNDE1Mi80LzEKZiAxNDE1My8xLzEgMTQxNTQvMi8xIDE0MTU1LzMvMSAxNDE1Ni80LzEKZiAxNDE1Ny8xLzEgMTQxNTgvMi8xIDE0MTU5LzMvMSAxNDE2MC80LzEKZiAxNDE2MS8xLzEgMTQxNjIvMi8xIDE0MTYzLzMvMSAxNDE2NC80LzEKZiAxNDE2NS8xLzEgMTQxNjYvMi8xIDE0MTY3LzMvMSAxNDE2OC80LzEKZiAxNDE2OS8xLzEgMTQxNzAvMi8xIDE0MTcxLzMvMSAxNDE3Mi80LzEKZiAxNDE3My8xLzEgMTQxNzQvMi8xIDE0MTc1LzMvMSAxNDE3Ni80LzEKZiAxNDE3Ny8xLzEgMTQxNzgvMi8xIDE0MTc5LzMvMSAxNDE4MC80LzEKZiAxNDE4MS8xLzEgMTQxODIvMi8xIDE0MTgzLzMvMSAxNDE4NC80LzEKZiAxNDE4NS8xLzEgMTQxODYvMi8xIDE0MTg3LzMvMSAxNDE4OC80LzEKZiAxNDE4OS8xLzEgMTQxOTAvMi8xIDE0MTkxLzMvMSAxNDE5Mi80LzEKZiAxNDE5My8xLzEgMTQxOTQvMi8xIDE0MTk1LzMvMSAxNDE5Ni80LzEKZiAxNDE5Ny8xLzEgMTQxOTgvMi8xIDE0MTk5LzMvMSAxNDIwMC80LzEKZiAxNDIwMS8xLzEgMTQyMDIvMi8xIDE0MjAzLzMvMSAxNDIwNC80LzEKZiAxNDIwNS8xLzEgMTQyMDYvMi8xIDE0MjA3LzMvMSAxNDIwOC80LzEKZiAxNDIwOS8xLzEgMTQyMTAvMi8xIDE0MjExLzMvMSAxNDIxMi80LzEKZiAxNDIxMy8xLzEgMTQyMTQvMi8xIDE0MjE1LzMvMSAxNDIxNi80LzEKZiAxNDIxNy8xLzEgMTQyMTgvMi8xIDE0MjE5LzMvMSAxNDIyMC80LzEKZiAxNDIyMS8xLzEgMTQyMjIvMi8xIDE0MjIzLzMvMSAxNDIyNC80LzEKZiAxNDIyNS8xLzEgMTQyMjYvMi8xIDE0MjI3LzMvMSAxNDIyOC80LzEKZiAxNDIyOS8xLzEgMTQyMzAvMi8xIDE0MjMxLzMvMSAxNDIzMi80LzEKZiAxNDIzMy8xLzEgMTQyMzQvMi8xIDE0MjM1LzMvMSAxNDIzNi80LzEKZiAxNDIzNy8xLzEgMTQyMzgvMi8xIDE0MjM5LzMvMSAxNDI0MC80LzEKZiAxNDI0MS8xLzEgMTQyNDIvMi8xIDE0MjQzLzMvMSAxNDI0NC80LzEKZiAxNDI0NS8xLzEgMTQyNDYvMi8xIDE0MjQ3LzMvMSAxNDI0OC80LzEKZiAxNDI0OS8xLzEgMTQyNTAvMi8xIDE0MjUxLzMvMSAxNDI1Mi80LzEKZiAxNDI1My8xLzEgMTQyNTQvMi8xIDE0MjU1LzMvMSAxNDI1Ni80LzEKZiAxNDI1Ny8xLzEgMTQyNTgvMi8xIDE0MjU5LzMvMSAxNDI2MC80LzEKZiAxNDI2MS8xLzEgMTQyNjIvMi8xIDE0MjYzLzMvMSAxNDI2NC80LzEKZiAxNDI2NS8xLzEgMTQyNjYvMi8xIDE0MjY3LzMvMSAxNDI2OC80LzEKZiAxNDI2OS8xLzEgMTQyNzAvMi8xIDE0MjcxLzMvMSAxNDI3Mi80LzEKZiAxNDI3My8xLzEgMTQyNzQvMi8xIDE0Mjc1LzMvMSAxNDI3Ni80LzEKZiAxNDI3Ny8xLzEgMTQyNzgvMi8xIDE0Mjc5LzMvMSAxNDI4MC80LzEKZiAxNDI4MS8xLzEgMTQyODIvMi8xIDE0MjgzLzMvMSAxNDI4NC80LzEKZiAxNDI4NS8xLzEgMTQyODYvMi8xIDE0Mjg3LzMvMSAxNDI4OC80LzEKZiAxNDI4OS8xLzEgMTQyOTAvMi8xIDE0MjkxLzMvMSAxNDI5Mi80LzEKZiAxNDI5My8xLzEgMTQyOTQvMi8xIDE0Mjk1LzMvMSAxNDI5Ni80LzEKZiAxNDI5Ny8xLzEgMTQyOTgvMi8xIDE0Mjk5LzMvMSAxNDMwMC80LzEKZiAxNDMwMS8xLzEgMTQzMDIvMi8xIDE0MzAzLzMvMSAxNDMwNC80LzEKZiAxNDMwNS8xLzEgMTQzMDYvMi8xIDE0MzA3LzMvMSAxNDMwOC80LzEKZiAxNDMwOS8xLzEgMTQzMTAvMi8xIDE0MzExLzMvMSAxNDMxMi80LzEKZiAxNDMxMy8xLzEgMTQzMTQvMi8xIDE0MzE1LzMvMSAxNDMxNi80LzEKZiAxNDMxNy8xLzEgMTQzMTgvMi8xIDE0MzE5LzMvMSAxNDMyMC80LzEKZiAxNDMyMS8xLzEgMTQzMjIvMi8xIDE0MzIzLzMvMSAxNDMyNC80LzEKZiAxNDMyNS8xLzEgMTQzMjYvMi8xIDE0MzI3LzMvMSAxNDMyOC80LzEKZiAxNDMyOS8xLzEgMTQzMzAvMi8xIDE0MzMxLzMvMSAxNDMzMi80LzEKZiAxNDMzMy8xLzEgMTQzMzQvMi8xIDE0MzM1LzMvMSAxNDMzNi80LzEKZiAxNDMzNy8xLzEgMTQzMzgvMi8xIDE0MzM5LzMvMSAxNDM0MC80LzEKZiAxNDM0MS8xLzEgMTQzNDIvMi8xIDE0MzQzLzMvMSAxNDM0NC80LzEKZiAxNDM0NS8xLzEgMTQzNDYvMi8xIDE0MzQ3LzMvMSAxNDM0OC80LzEKZiAxNDM0OS8xLzEgMTQzNTAvMi8xIDE0MzUxLzMvMSAxNDM1Mi80LzEKZiAxNDM1My8xLzEgMTQzNTQvMi8xIDE0MzU1LzMvMSAxNDM1Ni80LzEKZiAxNDM1Ny8xLzEgMTQzNTgvMi8xIDE0MzU5LzMvMSAxNDM2MC80LzEKZiAxNDM2MS8xLzEgMTQzNjIvMi8xIDE0MzYzLzMvMSAxNDM2NC80LzEKZiAxNDM2NS8xLzEgMTQzNjYvMi8xIDE0MzY3LzMvMSAxNDM2OC80LzEKZiAxNDM2OS8xLzEgMTQzNzAvMi8xIDE0MzcxLzMvMSAxNDM3Mi80LzEKZiAxNDM3My8xLzEgMTQzNzQvMi8xIDE0Mzc1LzMvMSAxNDM3Ni80LzEKZiAxNDM3Ny8xLzEgMTQzNzgvMi8xIDE0Mzc5LzMvMSAxNDM4MC80LzEKZiAxNDM4MS8xLzEgMTQzODIvMi8xIDE0MzgzLzMvMSAxNDM4NC80LzEKZiAxNDM4NS8xLzEgMTQzODYvMi8xIDE0Mzg3LzMvMSAxNDM4OC80LzEKZiAxNDM4OS8xLzEgMTQzOTAvMi8xIDE0MzkxLzMvMSAxNDM5Mi80LzEKZiAxNDM5My8xLzEgMTQzOTQvMi8xIDE0Mzk1LzMvMSAxNDM5Ni80LzEKZiAxNDM5Ny8xLzEgMTQzOTgvMi8xIDE0Mzk5LzMvMSAxNDQwMC80LzEKZiAxNDQwMS8xLzEgMTQ0MDIvMi8xIDE0NDAzLzMvMSAxNDQwNC80LzEKZiAxNDQwNS8xLzEgMTQ0MDYvMi8xIDE0NDA3LzMvMSAxNDQwOC80LzEKZiAxNDQwOS8xLzEgMTQ0MTAvMi8xIDE0NDExLzMvMSAxNDQxMi80LzEKZiAxNDQxMy8xLzEgMTQ0MTQvMi8xIDE0NDE1LzMvMSAxNDQxNi80LzEKZiAxNDQxNy8xLzEgMTQ0MTgvMi8xIDE0NDE5LzMvMSAxNDQyMC80LzEKZiAxNDQyMS8xLzEgMTQ0MjIvMi8xIDE0NDIzLzMvMSAxNDQyNC80LzEKZiAxNDQyNS8xLzEgMTQ0MjYvMi8xIDE0NDI3LzMvMSAxNDQyOC80LzEKZiAxNDQyOS8xLzEgMTQ0MzAvMi8xIDE0NDMxLzMvMSAxNDQzMi80LzEKZiAxNDQzMy8xLzEgMTQ0MzQvMi8xIDE0NDM1LzMvMSAxNDQzNi80LzEKZiAxNDQzNy8xLzEgMTQ0MzgvMi8xIDE0NDM5LzMvMSAxNDQ0MC80LzEKZiAxNDQ0MS8xLzEgMTQ0NDIvMi8xIDE0NDQzLzMvMSAxNDQ0NC80LzEKZiAxNDQ0NS8xLzEgMTQ0NDYvMi8xIDE0NDQ3LzMvMSAxNDQ0OC80LzEKZiAxNDQ0OS8xLzEgMTQ0NTAvMi8xIDE0NDUxLzMvMSAxNDQ1Mi80LzEKZiAxNDQ1My8xLzEgMTQ0NTQvMi8xIDE0NDU1LzMvMSAxNDQ1Ni80LzEKZiAxNDQ1Ny8xLzEgMTQ0NTgvMi8xIDE0NDU5LzMvMSAxNDQ2MC80LzEKZiAxNDQ2MS8xLzEgMTQ0NjIvMi8xIDE0NDYzLzMvMSAxNDQ2NC80LzEKZiAxNDQ2NS8xLzEgMTQ0NjYvMi8xIDE0NDY3LzMvMSAxNDQ2OC80LzEKZiAxNDQ2OS8xLzEgMTQ0NzAvMi8xIDE0NDcxLzMvMSAxNDQ3Mi80LzEKZiAxNDQ3My8xLzEgMTQ0NzQvMi8xIDE0NDc1LzMvMSAxNDQ3Ni80LzEKZiAxNDQ3Ny8xLzEgMTQ0NzgvMi8xIDE0NDc5LzMvMSAxNDQ4MC80LzEKZiAxNDQ4MS8xLzEgMTQ0ODIvMi8xIDE0NDgzLzMvMSAxNDQ4NC80LzEKZiAxNDQ4NS8xLzEgMTQ0ODYvMi8xIDE0NDg3LzMvMSAxNDQ4OC80LzEKZiAxNDQ4OS8xLzEgMTQ0OTAvMi8xIDE0NDkxLzMvMSAxNDQ5Mi80LzEKZiAxNDQ5My8xLzEgMTQ0OTQvMi8xIDE0NDk1LzMvMSAxNDQ5Ni80LzEKZiAxNDQ5Ny8xLzEgMTQ0OTgvMi8xIDE0NDk5LzMvMSAxNDUwMC80LzEKZiAxNDUwMS8xLzEgMTQ1MDIvMi8xIDE0NTAzLzMvMSAxNDUwNC80LzEKZiAxNDUwNS8xLzEgMTQ1MDYvMi8xIDE0NTA3LzMvMSAxNDUwOC80LzEKZiAxNDUwOS8xLzEgMTQ1MTAvMi8xIDE0NTExLzMvMSAxNDUxMi80LzEKZiAxNDUxMy8xLzEgMTQ1MTQvMi8xIDE0NTE1LzMvMSAxNDUxNi80LzEKZiAxNDUxNy8xLzEgMTQ1MTgvMi8xIDE0NTE5LzMvMSAxNDUyMC80LzEKZiAxNDUyMS8xLzEgMTQ1MjIvMi8xIDE0NTIzLzMvMSAxNDUyNC80LzEKZiAxNDUyNS8xLzEgMTQ1MjYvMi8xIDE0NTI3LzMvMSAxNDUyOC80LzEKZiAxNDUyOS8xLzEgMTQ1MzAvMi8xIDE0NTMxLzMvMSAxNDUzMi80LzEKZiAxNDUzMy8xLzEgMTQ1MzQvMi8xIDE0NTM1LzMvMSAxNDUzNi80LzEKZiAxNDUzNy8xLzEgMTQ1MzgvMi8xIDE0NTM5LzMvMSAxNDU0MC80LzEKZiAxNDU0MS8xLzEgMTQ1NDIvMi8xIDE0NTQzLzMvMSAxNDU0NC80LzEKZiAxNDU0NS8xLzEgMTQ1NDYvMi8xIDE0NTQ3LzMvMSAxNDU0OC80LzEKZiAxNDU0OS8xLzEgMTQ1NTAvMi8xIDE0NTUxLzMvMSAxNDU1Mi80LzEKZiAxNDU1My8xLzEgMTQ1NTQvMi8xIDE0NTU1LzMvMSAxNDU1Ni80LzEKZiAxNDU1Ny8xLzEgMTQ1NTgvMi8xIDE0NTU5LzMvMSAxNDU2MC80LzEKZiAxNDU2MS8xLzEgMTQ1NjIvMi8xIDE0NTYzLzMvMSAxNDU2NC80LzEKZiAxNDU2NS8xLzEgMTQ1NjYvMi8xIDE0NTY3LzMvMSAxNDU2OC80LzEKZiAxNDU2OS8xLzEgMTQ1NzAvMi8xIDE0NTcxLzMvMSAxNDU3Mi80LzEKZiAxNDU3My8xLzEgMTQ1NzQvMi8xIDE0NTc1LzMvMSAxNDU3Ni80LzEKZiAxNDU3Ny8xLzEgMTQ1NzgvMi8xIDE0NTc5LzMvMSAxNDU4MC80LzEKZiAxNDU4MS8xLzEgMTQ1ODIvMi8xIDE0NTgzLzMvMSAxNDU4NC80LzEKZiAxNDU4NS8xLzEgMTQ1ODYvMi8xIDE0NTg3LzMvMSAxNDU4OC80LzEKZiAxNDU4OS8xLzEgMTQ1OTAvMi8xIDE0NTkxLzMvMSAxNDU5Mi80LzEKZiAxNDU5My8xLzEgMTQ1OTQvMi8xIDE0NTk1LzMvMSAxNDU5Ni80LzEKZiAxNDU5Ny8xLzEgMTQ1OTgvMi8xIDE0NTk5LzMvMSAxNDYwMC80LzEKZiAxNDYwMS8xLzEgMTQ2MDIvMi8xIDE0NjAzLzMvMSAxNDYwNC80LzEKZiAxNDYwNS8xLzEgMTQ2MDYvMi8xIDE0NjA3LzMvMSAxNDYwOC80LzEKZiAxNDYwOS8xLzEgMTQ2MTAvMi8xIDE0NjExLzMvMSAxNDYxMi80LzEKZiAxNDYxMy8xLzEgMTQ2MTQvMi8xIDE0NjE1LzMvMSAxNDYxNi80LzEKZiAxNDYxNy8xLzEgMTQ2MTgvMi8xIDE0NjE5LzMvMSAxNDYyMC80LzEKZiAxNDYyMS8xLzEgMTQ2MjIvMi8xIDE0NjIzLzMvMSAxNDYyNC80LzEKZiAxNDYyNS8xLzEgMTQ2MjYvMi8xIDE0NjI3LzMvMSAxNDYyOC80LzEKZiAxNDYyOS8xLzEgMTQ2MzAvMi8xIDE0NjMxLzMvMSAxNDYzMi80LzEKZiAxNDYzMy8xLzEgMTQ2MzQvMi8xIDE0NjM1LzMvMSAxNDYzNi80LzEKZiAxNDYzNy8xLzEgMTQ2MzgvMi8xIDE0NjM5LzMvMSAxNDY0MC80LzEKZiAxNDY0MS8xLzEgMTQ2NDIvMi8xIDE0NjQzLzMvMSAxNDY0NC80LzEKZiAxNDY0NS8xLzEgMTQ2NDYvMi8xIDE0NjQ3LzMvMSAxNDY0OC80LzEKZiAxNDY0OS8xLzEgMTQ2NTAvMi8xIDE0NjUxLzMvMSAxNDY1Mi80LzEKZiAxNDY1My8xLzEgMTQ2NTQvMi8xIDE0NjU1LzMvMSAxNDY1Ni80LzEKZiAxNDY1Ny8xLzEgMTQ2NTgvMi8xIDE0NjU5LzMvMSAxNDY2MC80LzEKZiAxNDY2MS8xLzEgMTQ2NjIvMi8xIDE0NjYzLzMvMSAxNDY2NC80LzEKZiAxNDY2NS8xLzEgMTQ2NjYvMi8xIDE0NjY3LzMvMSAxNDY2OC80LzEKZiAxNDY2OS8xLzEgMTQ2NzAvMi8xIDE0NjcxLzMvMSAxNDY3Mi80LzEKZiAxNDY3My8xLzEgMTQ2NzQvMi8xIDE0Njc1LzMvMSAxNDY3Ni80LzEKZiAxNDY3Ny8xLzEgMTQ2NzgvMi8xIDE0Njc5LzMvMSAxNDY4MC80LzEKZiAxNDY4MS8xLzEgMTQ2ODIvMi8xIDE0NjgzLzMvMSAxNDY4NC80LzEKZiAxNDY4NS8xLzEgMTQ2ODYvMi8xIDE0Njg3LzMvMSAxNDY4OC80LzEKZiAxNDY4OS8xLzEgMTQ2OTAvMi8xIDE0NjkxLzMvMSAxNDY5Mi80LzEKZiAxNDY5My8xLzEgMTQ2OTQvMi8xIDE0Njk1LzMvMSAxNDY5Ni80LzEKZiAxNDY5Ny8xLzEgMTQ2OTgvMi8xIDE0Njk5LzMvMSAxNDcwMC80LzEKZiAxNDcwMS8xLzEgMTQ3MDIvMi8xIDE0NzAzLzMvMSAxNDcwNC80LzEKZiAxNDcwNS8xLzEgMTQ3MDYvMi8xIDE0NzA3LzMvMSAxNDcwOC80LzEKZiAxNDcwOS8xLzEgMTQ3MTAvMi8xIDE0NzExLzMvMSAxNDcxMi80LzEKZiAxNDcxMy8xLzEgMTQ3MTQvMi8xIDE0NzE1LzMvMSAxNDcxNi80LzEKZiAxNDcxNy8xLzEgMTQ3MTgvMi8xIDE0NzE5LzMvMSAxNDcyMC80LzEKZiAxNDcyMS8xLzEgMTQ3MjIvMi8xIDE0NzIzLzMvMSAxNDcyNC80LzEKZiAxNDcyNS8xLzEgMTQ3MjYvMi8xIDE0NzI3LzMvMSAxNDcyOC80LzEKZiAxNDcyOS8xLzEgMTQ3MzAvMi8xIDE0NzMxLzMvMSAxNDczMi80LzEKZiAxNDczMy8xLzEgMTQ3MzQvMi8xIDE0NzM1LzMvMSAxNDczNi80LzEKZiAxNDczNy8xLzEgMTQ3MzgvMi8xIDE0NzM5LzMvMSAxNDc0MC80LzEKZiAxNDc0MS8xLzEgMTQ3NDIvMi8xIDE0NzQzLzMvMSAxNDc0NC80LzEKZiAxNDc0NS8xLzEgMTQ3NDYvMi8xIDE0NzQ3LzMvMSAxNDc0OC80LzEKZiAxNDc0OS8xLzEgMTQ3NTAvMi8xIDE0NzUxLzMvMSAxNDc1Mi80LzEKZiAxNDc1My8xLzEgMTQ3NTQvMi8xIDE0NzU1LzMvMSAxNDc1Ni80LzEKZiAxNDc1Ny8xLzEgMTQ3NTgvMi8xIDE0NzU5LzMvMSAxNDc2MC80LzEKZiAxNDc2MS8xLzEgMTQ3NjIvMi8xIDE0NzYzLzMvMSAxNDc2NC80LzEKZiAxNDc2NS8xLzEgMTQ3NjYvMi8xIDE0NzY3LzMvMSAxNDc2OC80LzEKZiAxNDc2OS8xLzEgMTQ3NzAvMi8xIDE0NzcxLzMvMSAxNDc3Mi80LzEKZiAxNDc3My8xLzEgMTQ3NzQvMi8xIDE0Nzc1LzMvMSAxNDc3Ni80LzEKZiAxNDc3Ny8xLzEgMTQ3NzgvMi8xIDE0Nzc5LzMvMSAxNDc4MC80LzEKZiAxNDc4MS8xLzEgMTQ3ODIvMi8xIDE0NzgzLzMvMSAxNDc4NC80LzEKZiAxNDc4NS8xLzEgMTQ3ODYvMi8xIDE0Nzg3LzMvMSAxNDc4OC80LzEKZiAxNDc4OS8xLzEgMTQ3OTAvMi8xIDE0NzkxLzMvMSAxNDc5Mi80LzEKZiAxNDc5My8xLzEgMTQ3OTQvMi8xIDE0Nzk1LzMvMSAxNDc5Ni80LzEKZiAxNDc5Ny8xLzEgMTQ3OTgvMi8xIDE0Nzk5LzMvMSAxNDgwMC80LzEKZiAxNDgwMS8xLzEgMTQ4MDIvMi8xIDE0ODAzLzMvMSAxNDgwNC80LzEKZiAxNDgwNS8xLzEgMTQ4MDYvMi8xIDE0ODA3LzMvMSAxNDgwOC80LzEKZiAxNDgwOS8xLzEgMTQ4MTAvMi8xIDE0ODExLzMvMSAxNDgxMi80LzEKZiAxNDgxMy8xLzEgMTQ4MTQvMi8xIDE0ODE1LzMvMSAxNDgxNi80LzEKZiAxNDgxNy8xLzEgMTQ4MTgvMi8xIDE0ODE5LzMvMSAxNDgyMC80LzEKZiAxNDgyMS8xLzEgMTQ4MjIvMi8xIDE0ODIzLzMvMSAxNDgyNC80LzEKZiAxNDgyNS8xLzEgMTQ4MjYvMi8xIDE0ODI3LzMvMSAxNDgyOC80LzEKZiAxNDgyOS8xLzEgMTQ4MzAvMi8xIDE0ODMxLzMvMSAxNDgzMi80LzEKZiAxNDgzMy8xLzEgMTQ4MzQvMi8xIDE0ODM1LzMvMSAxNDgzNi80LzEKZiAxNDgzNy8xLzEgMTQ4MzgvMi8xIDE0ODM5LzMvMSAxNDg0MC80LzEKZiAxNDg0MS8xLzEgMTQ4NDIvMi8xIDE0ODQzLzMvMSAxNDg0NC80LzEKZiAxNDg0NS8xLzEgMTQ4NDYvMi8xIDE0ODQ3LzMvMSAxNDg0OC80LzEKZiAxNDg0OS8xLzEgMTQ4NTAvMi8xIDE0ODUxLzMvMSAxNDg1Mi80LzEKZiAxNDg1My8xLzEgMTQ4NTQvMi8xIDE0ODU1LzMvMSAxNDg1Ni80LzEKZiAxNDg1Ny8xLzEgMTQ4NTgvMi8xIDE0ODU5LzMvMSAxNDg2MC80LzEKZiAxNDg2MS8xLzEgMTQ4NjIvMi8xIDE0ODYzLzMvMSAxNDg2NC80LzEKZiAxNDg2NS8xLzEgMTQ4NjYvMi8xIDE0ODY3LzMvMSAxNDg2OC80LzEKZiAxNDg2OS8xLzEgMTQ4NzAvMi8xIDE0ODcxLzMvMSAxNDg3Mi80LzEKZiAxNDg3My8xLzEgMTQ4NzQvMi8xIDE0ODc1LzMvMSAxNDg3Ni80LzEKZiAxNDg3Ny8xLzEgMTQ4NzgvMi8xIDE0ODc5LzMvMSAxNDg4MC80LzEKZiAxNDg4MS8xLzEgMTQ4ODIvMi8xIDE0ODgzLzMvMSAxNDg4NC80LzEKZiAxNDg4NS8xLzEgMTQ4ODYvMi8xIDE0ODg3LzMvMSAxNDg4OC80LzEKZiAxNDg4OS8xLzEgMTQ4OTAvMi8xIDE0ODkxLzMvMSAxNDg5Mi80LzEKZiAxNDg5My8xLzEgMTQ4OTQvMi8xIDE0ODk1LzMvMSAxNDg5Ni80LzEKZiAxNDg5Ny8xLzEgMTQ4OTgvMi8xIDE0ODk5LzMvMSAxNDkwMC80LzEKZiAxNDkwMS8xLzEgMTQ5MDIvMi8xIDE0OTAzLzMvMSAxNDkwNC80LzEKZiAxNDkwNS8xLzEgMTQ5MDYvMi8xIDE0OTA3LzMvMSAxNDkwOC80LzEKZiAxNDkwOS8xLzEgMTQ5MTAvMi8xIDE0OTExLzMvMSAxNDkxMi80LzEKZiAxNDkxMy8xLzEgMTQ5MTQvMi8xIDE0OTE1LzMvMSAxNDkxNi80LzEKZiAxNDkxNy8xLzEgMTQ5MTgvMi8xIDE0OTE5LzMvMSAxNDkyMC80LzEKZiAxNDkyMS8xLzEgMTQ5MjIvMi8xIDE0OTIzLzMvMSAxNDkyNC80LzEKZiAxNDkyNS8xLzEgMTQ5MjYvMi8xIDE0OTI3LzMvMSAxNDkyOC80LzEKZiAxNDkyOS8xLzEgMTQ5MzAvMi8xIDE0OTMxLzMvMSAxNDkzMi80LzEKZiAxNDkzMy8xLzEgMTQ5MzQvMi8xIDE0OTM1LzMvMSAxNDkzNi80LzEKZiAxNDkzNy8xLzEgMTQ5MzgvMi8xIDE0OTM5LzMvMSAxNDk0MC80LzEKZiAxNDk0MS8xLzEgMTQ5NDIvMi8xIDE0OTQzLzMvMSAxNDk0NC80LzEKZiAxNDk0NS8xLzEgMTQ5NDYvMi8xIDE0OTQ3LzMvMSAxNDk0OC80LzEKZiAxNDk0OS8xLzEgMTQ5NTAvMi8xIDE0OTUxLzMvMSAxNDk1Mi80LzEKZiAxNDk1My8xLzEgMTQ5NTQvMi8xIDE0OTU1LzMvMSAxNDk1Ni80LzEKZiAxNDk1Ny8xLzEgMTQ5NTgvMi8xIDE0OTU5LzMvMSAxNDk2MC80LzEKZiAxNDk2MS8xLzEgMTQ5NjIvMi8xIDE0OTYzLzMvMSAxNDk2NC80LzEKZiAxNDk2NS8xLzEgMTQ5NjYvMi8xIDE0OTY3LzMvMSAxNDk2OC80LzEKZiAxNDk2OS8xLzEgMTQ5NzAvMi8xIDE0OTcxLzMvMSAxNDk3Mi80LzEKZiAxNDk3My8xLzEgMTQ5NzQvMi8xIDE0OTc1LzMvMSAxNDk3Ni80LzEKZiAxNDk3Ny8xLzEgMTQ5NzgvMi8xIDE0OTc5LzMvMSAxNDk4MC80LzEKZiAxNDk4MS8xLzEgMTQ5ODIvMi8xIDE0OTgzLzMvMSAxNDk4NC80LzEKZiAxNDk4NS8xLzEgMTQ5ODYvMi8xIDE0OTg3LzMvMSAxNDk4OC80LzEKZiAxNDk4OS8xLzEgMTQ5OTAvMi8xIDE0OTkxLzMvMSAxNDk5Mi80LzEKZiAxNDk5My8xLzEgMTQ5OTQvMi8xIDE0OTk1LzMvMSAxNDk5Ni80LzEKZiAxNDk5Ny8xLzEgMTQ5OTgvMi8xIDE0OTk5LzMvMSAxNTAwMC80LzEKZiAxNTAwMS8xLzEgMTUwMDIvMi8xIDE1MDAzLzMvMSAxNTAwNC80LzEKZiAxNTAwNS8xLzEgMTUwMDYvMi8xIDE1MDA3LzMvMSAxNTAwOC80LzEKZiAxNTAwOS8xLzEgMTUwMTAvMi8xIDE1MDExLzMvMSAxNTAxMi80LzEKZiAxNTAxMy8xLzEgMTUwMTQvMi8xIDE1MDE1LzMvMSAxNTAxNi80LzEKZiAxNTAxNy8xLzEgMTUwMTgvMi8xIDE1MDE5LzMvMSAxNTAyMC80LzEKZiAxNTAyMS8xLzEgMTUwMjIvMi8xIDE1MDIzLzMvMSAxNTAyNC80LzEKZiAxNTAyNS8xLzEgMTUwMjYvMi8xIDE1MDI3LzMvMSAxNTAyOC80LzEKZiAxNTAyOS8xLzEgMTUwMzAvMi8xIDE1MDMxLzMvMSAxNTAzMi80LzEKZiAxNTAzMy8xLzEgMTUwMzQvMi8xIDE1MDM1LzMvMSAxNTAzNi80LzEKZiAxNTAzNy8xLzEgMTUwMzgvMi8xIDE1MDM5LzMvMSAxNTA0MC80LzEKZiAxNTA0MS8xLzEgMTUwNDIvMi8xIDE1MDQzLzMvMSAxNTA0NC80LzEKZiAxNTA0NS8xLzEgMTUwNDYvMi8xIDE1MDQ3LzMvMSAxNTA0OC80LzEKZiAxNTA0OS8xLzEgMTUwNTAvMi8xIDE1MDUxLzMvMSAxNTA1Mi80LzEKZiAxNTA1My8xLzEgMTUwNTQvMi8xIDE1MDU1LzMvMSAxNTA1Ni80LzEKZiAxNTA1Ny8xLzEgMTUwNTgvMi8xIDE1MDU5LzMvMSAxNTA2MC80LzEKZiAxNTA2MS8xLzEgMTUwNjIvMi8xIDE1MDYzLzMvMSAxNTA2NC80LzEKZiAxNTA2NS8xLzEgMTUwNjYvMi8xIDE1MDY3LzMvMSAxNTA2OC80LzEKZiAxNTA2OS8xLzEgMTUwNzAvMi8xIDE1MDcxLzMvMSAxNTA3Mi80LzEKZiAxNTA3My8xLzEgMTUwNzQvMi8xIDE1MDc1LzMvMSAxNTA3Ni80LzEKZiAxNTA3Ny8xLzEgMTUwNzgvMi8xIDE1MDc5LzMvMSAxNTA4MC80LzEKZiAxNTA4MS8xLzEgMTUwODIvMi8xIDE1MDgzLzMvMSAxNTA4NC80LzEKZiAxNTA4NS8xLzEgMTUwODYvMi8xIDE1MDg3LzMvMSAxNTA4OC80LzEKZiAxNTA4OS8xLzEgMTUwOTAvMi8xIDE1MDkxLzMvMSAxNTA5Mi80LzEKZiAxNTA5My8xLzEgMTUwOTQvMi8xIDE1MDk1LzMvMSAxNTA5Ni80LzEKZiAxNTA5Ny8xLzEgMTUwOTgvMi8xIDE1MDk5LzMvMSAxNTEwMC80LzEKZiAxNTEwMS8xLzEgMTUxMDIvMi8xIDE1MTAzLzMvMSAxNTEwNC80LzEKZiAxNTEwNS8xLzEgMTUxMDYvMi8xIDE1MTA3LzMvMSAxNTEwOC80LzEKZiAxNTEwOS8xLzEgMTUxMTAvMi8xIDE1MTExLzMvMSAxNTExMi80LzEKZiAxNTExMy8xLzEgMTUxMTQvMi8xIDE1MTE1LzMvMSAxNTExNi80LzEKZiAxNTExNy8xLzEgMTUxMTgvMi8xIDE1MTE5LzMvMSAxNTEyMC80LzEKZiAxNTEyMS8xLzEgMTUxMjIvMi8xIDE1MTIzLzMvMSAxNTEyNC80LzEKZiAxNTEyNS8xLzEgMTUxMjYvMi8xIDE1MTI3LzMvMSAxNTEyOC80LzEKZiAxNTEyOS8xLzEgMTUxMzAvMi8xIDE1MTMxLzMvMSAxNTEzMi80LzEKZiAxNTEzMy8xLzEgMTUxMzQvMi8xIDE1MTM1LzMvMSAxNTEzNi80LzEKZiAxNTEzNy8xLzEgMTUxMzgvMi8xIDE1MTM5LzMvMSAxNTE0MC80LzEKZiAxNTE0MS8xLzEgMTUxNDIvMi8xIDE1MTQzLzMvMSAxNTE0NC80LzEKZiAxNTE0NS8xLzEgMTUxNDYvMi8xIDE1MTQ3LzMvMSAxNTE0OC80LzEKZiAxNTE0OS8xLzEgMTUxNTAvMi8xIDE1MTUxLzMvMSAxNTE1Mi80LzEKZiAxNTE1My8xLzEgMTUxNTQvMi8xIDE1MTU1LzMvMSAxNTE1Ni80LzEKZiAxNTE1Ny8xLzEgMTUxNTgvMi8xIDE1MTU5LzMvMSAxNTE2MC80LzEKZiAxNTE2MS8xLzEgMTUxNjIvMi8xIDE1MTYzLzMvMSAxNTE2NC80LzEKZiAxNTE2NS8xLzEgMTUxNjYvMi8xIDE1MTY3LzMvMSAxNTE2OC80LzEKZiAxNTE2OS8xLzEgMTUxNzAvMi8xIDE1MTcxLzMvMSAxNTE3Mi80LzEKZiAxNTE3My8xLzEgMTUxNzQvMi8xIDE1MTc1LzMvMSAxNTE3Ni80LzEKZiAxNTE3Ny8xLzEgMTUxNzgvMi8xIDE1MTc5LzMvMSAxNTE4MC80LzEKZiAxNTE4MS8xLzEgMTUxODIvMi8xIDE1MTgzLzMvMSAxNTE4NC80LzEKZiAxNTE4NS8xLzEgMTUxODYvMi8xIDE1MTg3LzMvMSAxNTE4OC80LzEKZiAxNTE4OS8xLzEgMTUxOTAvMi8xIDE1MTkxLzMvMSAxNTE5Mi80LzEKZiAxNTE5My8xLzEgMTUxOTQvMi8xIDE1MTk1LzMvMSAxNTE5Ni80LzEKZiAxNTE5Ny8xLzEgMTUxOTgvMi8xIDE1MTk5LzMvMSAxNTIwMC80LzEKZiAxNTIwMS8xLzEgMTUyMDIvMi8xIDE1MjAzLzMvMSAxNTIwNC80LzEKZiAxNTIwNS8xLzEgMTUyMDYvMi8xIDE1MjA3LzMvMSAxNTIwOC80LzEKZiAxNTIwOS8xLzEgMTUyMTAvMi8xIDE1MjExLzMvMSAxNTIxMi80LzEKZiAxNTIxMy8xLzEgMTUyMTQvMi8xIDE1MjE1LzMvMSAxNTIxNi80LzEKZiAxNTIxNy8xLzEgMTUyMTgvMi8xIDE1MjE5LzMvMSAxNTIyMC80LzEKZiAxNTIyMS8xLzEgMTUyMjIvMi8xIDE1MjIzLzMvMSAxNTIyNC80LzEKZiAxNTIyNS8xLzEgMTUyMjYvMi8xIDE1MjI3LzMvMSAxNTIyOC80LzEKZiAxNTIyOS8xLzEgMTUyMzAvMi8xIDE1MjMxLzMvMSAxNTIzMi80LzEKZiAxNTIzMy8xLzEgMTUyMzQvMi8xIDE1MjM1LzMvMSAxNTIzNi80LzEKZiAxNTIzNy8xLzEgMTUyMzgvMi8xIDE1MjM5LzMvMSAxNTI0MC80LzEKZiAxNTI0MS8xLzEgMTUyNDIvMi8xIDE1MjQzLzMvMSAxNTI0NC80LzEKZiAxNTI0NS8xLzEgMTUyNDYvMi8xIDE1MjQ3LzMvMSAxNTI0OC80LzEKZiAxNTI0OS8xLzEgMTUyNTAvMi8xIDE1MjUxLzMvMSAxNTI1Mi80LzEKZiAxNTI1My8xLzEgMTUyNTQvMi8xIDE1MjU1LzMvMSAxNTI1Ni80LzEKZiAxNTI1Ny8xLzEgMTUyNTgvMi8xIDE1MjU5LzMvMSAxNTI2MC80LzEKZiAxNTI2MS8xLzEgMTUyNjIvMi8xIDE1MjYzLzMvMSAxNTI2NC80LzEKZiAxNTI2NS8xLzEgMTUyNjYvMi8xIDE1MjY3LzMvMSAxNTI2OC80LzEKZiAxNTI2OS8xLzEgMTUyNzAvMi8xIDE1MjcxLzMvMSAxNTI3Mi80LzEKZiAxNTI3My8xLzEgMTUyNzQvMi8xIDE1Mjc1LzMvMSAxNTI3Ni80LzEKZiAxNTI3Ny8xLzEgMTUyNzgvMi8xIDE1Mjc5LzMvMSAxNTI4MC80LzEKZiAxNTI4MS8xLzEgMTUyODIvMi8xIDE1MjgzLzMvMSAxNTI4NC80LzEKZiAxNTI4NS8xLzEgMTUyODYvMi8xIDE1Mjg3LzMvMSAxNTI4OC80LzEKZiAxNTI4OS8xLzEgMTUyOTAvMi8xIDE1MjkxLzMvMSAxNTI5Mi80LzEKZiAxNTI5My8xLzEgMTUyOTQvMi8xIDE1Mjk1LzMvMSAxNTI5Ni80LzEKZiAxNTI5Ny8xLzEgMTUyOTgvMi8xIDE1Mjk5LzMvMSAxNTMwMC80LzEKZiAxNTMwMS8xLzEgMTUzMDIvMi8xIDE1MzAzLzMvMSAxNTMwNC80LzEKZiAxNTMwNS8xLzEgMTUzMDYvMi8xIDE1MzA3LzMvMSAxNTMwOC80LzEKZiAxNTMwOS8xLzEgMTUzMTAvMi8xIDE1MzExLzMvMSAxNTMxMi80LzEKZiAxNTMxMy8xLzEgMTUzMTQvMi8xIDE1MzE1LzMvMSAxNTMxNi80LzEKZiAxNTMxNy8xLzEgMTUzMTgvMi8xIDE1MzE5LzMvMSAxNTMyMC80LzEKZiAxNTMyMS8xLzEgMTUzMjIvMi8xIDE1MzIzLzMvMSAxNTMyNC80LzEKZiAxNTMyNS8xLzEgMTUzMjYvMi8xIDE1MzI3LzMvMSAxNTMyOC80LzEKZiAxNTMyOS8xLzEgMTUzMzAvMi8xIDE1MzMxLzMvMSAxNTMzMi80LzEKZiAxNTMzMy8xLzEgMTUzMzQvMi8xIDE1MzM1LzMvMSAxNTMzNi80LzEKZiAxNTMzNy8xLzEgMTUzMzgvMi8xIDE1MzM5LzMvMSAxNTM0MC80LzEKZiAxNTM0MS8xLzEgMTUzNDIvMi8xIDE1MzQzLzMvMSAxNTM0NC80LzEKZiAxNTM0NS8xLzEgMTUzNDYvMi8xIDE1MzQ3LzMvMSAxNTM0OC80LzEKZiAxNTM0OS8xLzEgMTUzNTAvMi8xIDE1MzUxLzMvMSAxNTM1Mi80LzEKZiAxNTM1My8xLzEgMTUzNTQvMi8xIDE1MzU1LzMvMSAxNTM1Ni80LzEKZiAxNTM1Ny8xLzEgMTUzNTgvMi8xIDE1MzU5LzMvMSAxNTM2MC80LzEKZiAxNTM2MS8xLzEgMTUzNjIvMi8xIDE1MzYzLzMvMSAxNTM2NC80LzEKZiAxNTM2NS8xLzEgMTUzNjYvMi8xIDE1MzY3LzMvMSAxNTM2OC80LzEKZiAxNTM2OS8xLzEgMTUzNzAvMi8xIDE1MzcxLzMvMSAxNTM3Mi80LzEKZiAxNTM3My8xLzEgMTUzNzQvMi8xIDE1Mzc1LzMvMSAxNTM3Ni80LzEKZiAxNTM3Ny8xLzEgMTUzNzgvMi8xIDE1Mzc5LzMvMSAxNTM4MC80LzEKZiAxNTM4MS8xLzEgMTUzODIvMi8xIDE1MzgzLzMvMSAxNTM4NC80LzEKZiAxNTM4NS8xLzEgMTUzODYvMi8xIDE1Mzg3LzMvMSAxNTM4OC80LzEKZiAxNTM4OS8xLzEgMTUzOTAvMi8xIDE1MzkxLzMvMSAxNTM5Mi80LzEKZiAxNTM5My8xLzEgMTUzOTQvMi8xIDE1Mzk1LzMvMSAxNTM5Ni80LzEKZiAxNTM5Ny8xLzEgMTUzOTgvMi8xIDE1Mzk5LzMvMSAxNTQwMC80LzEKZiAxNTQwMS8xLzEgMTU0MDIvMi8xIDE1NDAzLzMvMSAxNTQwNC80LzEKZiAxNTQwNS8xLzEgMTU0MDYvMi8xIDE1NDA3LzMvMSAxNTQwOC80LzEKZiAxNTQwOS8xLzEgMTU0MTAvMi8xIDE1NDExLzMvMSAxNTQxMi80LzEKZiAxNTQxMy8xLzEgMTU0MTQvMi8xIDE1NDE1LzMvMSAxNTQxNi80LzEKZiAxNTQxNy8xLzEgMTU0MTgvMi8xIDE1NDE5LzMvMSAxNTQyMC80LzEKZiAxNTQyMS8xLzEgMTU0MjIvMi8xIDE1NDIzLzMvMSAxNTQyNC80LzEKZiAxNTQyNS8xLzEgMTU0MjYvMi8xIDE1NDI3LzMvMSAxNTQyOC80LzEKZiAxNTQyOS8xLzEgMTU0MzAvMi8xIDE1NDMxLzMvMSAxNTQzMi80LzEKZiAxNTQzMy8xLzEgMTU0MzQvMi8xIDE1NDM1LzMvMSAxNTQzNi80LzEKZiAxNTQzNy8xLzEgMTU0MzgvMi8xIDE1NDM5LzMvMSAxNTQ0MC80LzEKZiAxNTQ0MS8xLzEgMTU0NDIvMi8xIDE1NDQzLzMvMSAxNTQ0NC80LzEKZiAxNTQ0NS8xLzEgMTU0NDYvMi8xIDE1NDQ3LzMvMSAxNTQ0OC80LzEKZiAxNTQ0OS8xLzEgMTU0NTAvMi8xIDE1NDUxLzMvMSAxNTQ1Mi80LzEKZiAxNTQ1My8xLzEgMTU0NTQvMi8xIDE1NDU1LzMvMSAxNTQ1Ni80LzEKZiAxNTQ1Ny8xLzEgMTU0NTgvMi8xIDE1NDU5LzMvMSAxNTQ2MC80LzEKZiAxNTQ2MS8xLzEgMTU0NjIvMi8xIDE1NDYzLzMvMSAxNTQ2NC80LzEKZiAxNTQ2NS8xLzEgMTU0NjYvMi8xIDE1NDY3LzMvMSAxNTQ2OC80LzEKZiAxNTQ2OS8xLzEgMTU0NzAvMi8xIDE1NDcxLzMvMSAxNTQ3Mi80LzEKZiAxNTQ3My8xLzEgMTU0NzQvMi8xIDE1NDc1LzMvMSAxNTQ3Ni80LzEKZiAxNTQ3Ny8xLzEgMTU0NzgvMi8xIDE1NDc5LzMvMSAxNTQ4MC80LzEKZiAxNTQ4MS8xLzEgMTU0ODIvMi8xIDE1NDgzLzMvMSAxNTQ4NC80LzEKZiAxNTQ4NS8xLzEgMTU0ODYvMi8xIDE1NDg3LzMvMSAxNTQ4OC80LzEKZiAxNTQ4OS8xLzEgMTU0OTAvMi8xIDE1NDkxLzMvMSAxNTQ5Mi80LzEKZiAxNTQ5My8xLzEgMTU0OTQvMi8xIDE1NDk1LzMvMSAxNTQ5Ni80LzEKZiAxNTQ5Ny8xLzEgMTU0OTgvMi8xIDE1NDk5LzMvMSAxNTUwMC80LzEKZiAxNTUwMS8xLzEgMTU1MDIvMi8xIDE1NTAzLzMvMSAxNTUwNC80LzEKZiAxNTUwNS8xLzEgMTU1MDYvMi8xIDE1NTA3LzMvMSAxNTUwOC80LzEKZiAxNTUwOS8xLzEgMTU1MTAvMi8xIDE1NTExLzMvMSAxNTUxMi80LzEKZiAxNTUxMy8xLzEgMTU1MTQvMi8xIDE1NTE1LzMvMSAxNTUxNi80LzEKZiAxNTUxNy8xLzEgMTU1MTgvMi8xIDE1NTE5LzMvMSAxNTUyMC80LzEKZiAxNTUyMS8xLzEgMTU1MjIvMi8xIDE1NTIzLzMvMSAxNTUyNC80LzEKZiAxNTUyNS8xLzEgMTU1MjYvMi8xIDE1NTI3LzMvMSAxNTUyOC80LzEKZiAxNTUyOS8xLzEgMTU1MzAvMi8xIDE1NTMxLzMvMSAxNTUzMi80LzEKZiAxNTUzMy8xLzEgMTU1MzQvMi8xIDE1NTM1LzMvMSAxNTUzNi80LzEKZiAxNTUzNy8xLzEgMTU1MzgvMi8xIDE1NTM5LzMvMSAxNTU0MC80LzEKZiAxNTU0MS8xLzEgMTU1NDIvMi8xIDE1NTQzLzMvMSAxNTU0NC80LzEKZiAxNTU0NS8xLzEgMTU1NDYvMi8xIDE1NTQ3LzMvMSAxNTU0OC80LzEKZiAxNTU0OS8xLzEgMTU1NTAvMi8xIDE1NTUxLzMvMSAxNTU1Mi80LzEKZiAxNTU1My8xLzEgMTU1NTQvMi8xIDE1NTU1LzMvMSAxNTU1Ni80LzEKZiAxNTU1Ny8xLzEgMTU1NTgvMi8xIDE1NTU5LzMvMSAxNTU2MC80LzEKZiAxNTU2MS8xLzEgMTU1NjIvMi8xIDE1NTYzLzMvMSAxNTU2NC80LzEKZiAxNTU2NS8xLzEgMTU1NjYvMi8xIDE1NTY3LzMvMSAxNTU2OC80LzEKZiAxNTU2OS8xLzEgMTU1NzAvMi8xIDE1NTcxLzMvMSAxNTU3Mi80LzEKZiAxNTU3My8xLzEgMTU1NzQvMi8xIDE1NTc1LzMvMSAxNTU3Ni80LzEKZiAxNTU3Ny8xLzEgMTU1NzgvMi8xIDE1NTc5LzMvMSAxNTU4MC80LzEKZiAxNTU4MS8xLzEgMTU1ODIvMi8xIDE1NTgzLzMvMSAxNTU4NC80LzEKZiAxNTU4NS8xLzEgMTU1ODYvMi8xIDE1NTg3LzMvMSAxNTU4OC80LzEKZiAxNTU4OS8xLzEgMTU1OTAvMi8xIDE1NTkxLzMvMSAxNTU5Mi80LzEKZiAxNTU5My8xLzEgMTU1OTQvMi8xIDE1NTk1LzMvMSAxNTU5Ni80LzEKZiAxNTU5Ny8xLzEgMTU1OTgvMi8xIDE1NTk5LzMvMSAxNTYwMC80LzEKZiAxNTYwMS8xLzEgMTU2MDIvMi8xIDE1NjAzLzMvMSAxNTYwNC80LzEKZiAxNTYwNS8xLzEgMTU2MDYvMi8xIDE1NjA3LzMvMSAxNTYwOC80LzEKZiAxNTYwOS8xLzEgMTU2MTAvMi8xIDE1NjExLzMvMSAxNTYxMi80LzEKZiAxNTYxMy8xLzEgMTU2MTQvMi8xIDE1NjE1LzMvMSAxNTYxNi80LzEKZiAxNTYxNy8xLzEgMTU2MTgvMi8xIDE1NjE5LzMvMSAxNTYyMC80LzEKZiAxNTYyMS8xLzEgMTU2MjIvMi8xIDE1NjIzLzMvMSAxNTYyNC80LzEKZiAxNTYyNS8xLzEgMTU2MjYvMi8xIDE1NjI3LzMvMSAxNTYyOC80LzEKZiAxNTYyOS8xLzEgMTU2MzAvMi8xIDE1NjMxLzMvMSAxNTYzMi80LzEKZiAxNTYzMy8xLzEgMTU2MzQvMi8xIDE1NjM1LzMvMSAxNTYzNi80LzEKZiAxNTYzNy8xLzEgMTU2MzgvMi8xIDE1NjM5LzMvMSAxNTY0MC80LzEKZiAxNTY0MS8xLzEgMTU2NDIvMi8xIDE1NjQzLzMvMSAxNTY0NC80LzEKZiAxNTY0NS8xLzEgMTU2NDYvMi8xIDE1NjQ3LzMvMSAxNTY0OC80LzEKZiAxNTY0OS8xLzEgMTU2NTAvMi8xIDE1NjUxLzMvMSAxNTY1Mi80LzEKZiAxNTY1My8xLzEgMTU2NTQvMi8xIDE1NjU1LzMvMSAxNTY1Ni80LzEKZiAxNTY1Ny8xLzEgMTU2NTgvMi8xIDE1NjU5LzMvMSAxNTY2MC80LzEKZiAxNTY2MS8xLzEgMTU2NjIvMi8xIDE1NjYzLzMvMSAxNTY2NC80LzEKZiAxNTY2NS8xLzEgMTU2NjYvMi8xIDE1NjY3LzMvMSAxNTY2OC80LzEKZiAxNTY2OS8xLzEgMTU2NzAvMi8xIDE1NjcxLzMvMSAxNTY3Mi80LzEKZiAxNTY3My8xLzEgMTU2NzQvMi8xIDE1Njc1LzMvMSAxNTY3Ni80LzEKZiAxNTY3Ny8xLzEgMTU2NzgvMi8xIDE1Njc5LzMvMSAxNTY4MC80LzEKZiAxNTY4MS8xLzEgMTU2ODIvMi8xIDE1NjgzLzMvMSAxNTY4NC80LzEKZiAxNTY4NS8xLzEgMTU2ODYvMi8xIDE1Njg3LzMvMSAxNTY4OC80LzEKZiAxNTY4OS8xLzEgMTU2OTAvMi8xIDE1NjkxLzMvMSAxNTY5Mi80LzEKZiAxNTY5My8xLzEgMTU2OTQvMi8xIDE1Njk1LzMvMSAxNTY5Ni80LzEKZiAxNTY5Ny8xLzEgMTU2OTgvMi8xIDE1Njk5LzMvMSAxNTcwMC80LzEKZiAxNTcwMS8xLzEgMTU3MDIvMi8xIDE1NzAzLzMvMSAxNTcwNC80LzEKZiAxNTcwNS8xLzEgMTU3MDYvMi8xIDE1NzA3LzMvMSAxNTcwOC80LzEKZiAxNTcwOS8xLzEgMTU3MTAvMi8xIDE1NzExLzMvMSAxNTcxMi80LzEKZiAxNTcxMy8xLzEgMTU3MTQvMi8xIDE1NzE1LzMvMSAxNTcxNi80LzEKZiAxNTcxNy8xLzEgMTU3MTgvMi8xIDE1NzE5LzMvMSAxNTcyMC80LzEKZiAxNTcyMS8xLzEgMTU3MjIvMi8xIDE1NzIzLzMvMSAxNTcyNC80LzEKZiAxNTcyNS8xLzEgMTU3MjYvMi8xIDE1NzI3LzMvMSAxNTcyOC80LzEKZiAxNTcyOS8xLzEgMTU3MzAvMi8xIDE1NzMxLzMvMSAxNTczMi80LzEKZiAxNTczMy8xLzEgMTU3MzQvMi8xIDE1NzM1LzMvMSAxNTczNi80LzEKZiAxNTczNy8xLzEgMTU3MzgvMi8xIDE1NzM5LzMvMSAxNTc0MC80LzEKZiAxNTc0MS8xLzEgMTU3NDIvMi8xIDE1NzQzLzMvMSAxNTc0NC80LzEKZiAxNTc0NS8xLzEgMTU3NDYvMi8xIDE1NzQ3LzMvMSAxNTc0OC80LzEKZiAxNTc0OS8xLzEgMTU3NTAvMi8xIDE1NzUxLzMvMSAxNTc1Mi80LzEKZiAxNTc1My8xLzEgMTU3NTQvMi8xIDE1NzU1LzMvMSAxNTc1Ni80LzEKZiAxNTc1Ny8xLzEgMTU3NTgvMi8xIDE1NzU5LzMvMSAxNTc2MC80LzEKZiAxNTc2MS8xLzEgMTU3NjIvMi8xIDE1NzYzLzMvMSAxNTc2NC80LzEKZiAxNTc2NS8xLzEgMTU3NjYvMi8xIDE1NzY3LzMvMSAxNTc2OC80LzEKZiAxNTc2OS8xLzEgMTU3NzAvMi8xIDE1NzcxLzMvMSAxNTc3Mi80LzEKZiAxNTc3My8xLzEgMTU3NzQvMi8xIDE1Nzc1LzMvMSAxNTc3Ni80LzEKZiAxNTc3Ny8xLzEgMTU3NzgvMi8xIDE1Nzc5LzMvMSAxNTc4MC80LzEKZiAxNTc4MS8xLzEgMTU3ODIvMi8xIDE1NzgzLzMvMSAxNTc4NC80LzEKZiAxNTc4NS8xLzEgMTU3ODYvMi8xIDE1Nzg3LzMvMSAxNTc4OC80LzEKZiAxNTc4OS8xLzEgMTU3OTAvMi8xIDE1NzkxLzMvMSAxNTc5Mi80LzEKZiAxNTc5My8xLzEgMTU3OTQvMi8xIDE1Nzk1LzMvMSAxNTc5Ni80LzEKZiAxNTc5Ny8xLzEgMTU3OTgvMi8xIDE1Nzk5LzMvMSAxNTgwMC80LzEKZiAxNTgwMS8xLzEgMTU4MDIvMi8xIDE1ODAzLzMvMSAxNTgwNC80LzEKZiAxNTgwNS8xLzEgMTU4MDYvMi8xIDE1ODA3LzMvMSAxNTgwOC80LzEKZiAxNTgwOS8xLzEgMTU4MTAvMi8xIDE1ODExLzMvMSAxNTgxMi80LzEKZiAxNTgxMy8xLzEgMTU4MTQvMi8xIDE1ODE1LzMvMSAxNTgxNi80LzEKZiAxNTgxNy8xLzEgMTU4MTgvMi8xIDE1ODE5LzMvMSAxNTgyMC80LzEKZiAxNTgyMS8xLzEgMTU4MjIvMi8xIDE1ODIzLzMvMSAxNTgyNC80LzEKZiAxNTgyNS8xLzEgMTU4MjYvMi8xIDE1ODI3LzMvMSAxNTgyOC80LzEKZiAxNTgyOS8xLzEgMTU4MzAvMi8xIDE1ODMxLzMvMSAxNTgzMi80LzEKZiAxNTgzMy8xLzEgMTU4MzQvMi8xIDE1ODM1LzMvMSAxNTgzNi80LzEKZiAxNTgzNy8xLzEgMTU4MzgvMi8xIDE1ODM5LzMvMSAxNTg0MC80LzEKZiAxNTg0MS8xLzEgMTU4NDIvMi8xIDE1ODQzLzMvMSAxNTg0NC80LzEKZiAxNTg0NS8xLzEgMTU4NDYvMi8xIDE1ODQ3LzMvMSAxNTg0OC80LzEKZiAxNTg0OS8xLzEgMTU4NTAvMi8xIDE1ODUxLzMvMSAxNTg1Mi80LzEKZiAxNTg1My8xLzEgMTU4NTQvMi8xIDE1ODU1LzMvMSAxNTg1Ni80LzEKZiAxNTg1Ny8xLzEgMTU4NTgvMi8xIDE1ODU5LzMvMSAxNTg2MC80LzEKZiAxNTg2MS8xLzEgMTU4NjIvMi8xIDE1ODYzLzMvMSAxNTg2NC80LzEKZiAxNTg2NS8xLzEgMTU4NjYvMi8xIDE1ODY3LzMvMSAxNTg2OC80LzEKZiAxNTg2OS8xLzEgMTU4NzAvMi8xIDE1ODcxLzMvMSAxNTg3Mi80LzEKZiAxNTg3My8xLzEgMTU4NzQvMi8xIDE1ODc1LzMvMSAxNTg3Ni80LzEKZiAxNTg3Ny8xLzEgMTU4NzgvMi8xIDE1ODc5LzMvMSAxNTg4MC80LzEKZiAxNTg4MS8xLzEgMTU4ODIvMi8xIDE1ODgzLzMvMSAxNTg4NC80LzEKZiAxNTg4NS8xLzEgMTU4ODYvMi8xIDE1ODg3LzMvMSAxNTg4OC80LzEKZiAxNTg4OS8xLzEgMTU4OTAvMi8xIDE1ODkxLzMvMSAxNTg5Mi80LzEKZiAxNTg5My8xLzEgMTU4OTQvMi8xIDE1ODk1LzMvMSAxNTg5Ni80LzEKZiAxNTg5Ny8xLzEgMTU4OTgvMi8xIDE1ODk5LzMvMSAxNTkwMC80LzEKZiAxNTkwMS8xLzEgMTU5MDIvMi8xIDE1OTAzLzMvMSAxNTkwNC80LzEKZiAxNTkwNS8xLzEgMTU5MDYvMi8xIDE1OTA3LzMvMSAxNTkwOC80LzEKZiAxNTkwOS8xLzEgMTU5MTAvMi8xIDE1OTExLzMvMSAxNTkxMi80LzEKZiAxNTkxMy8xLzEgMTU5MTQvMi8xIDE1OTE1LzMvMSAxNTkxNi80LzEKZiAxNTkxNy8xLzEgMTU5MTgvMi8xIDE1OTE5LzMvMSAxNTkyMC80LzEKZiAxNTkyMS8xLzEgMTU5MjIvMi8xIDE1OTIzLzMvMSAxNTkyNC80LzEKZiAxNTkyNS8xLzEgMTU5MjYvMi8xIDE1OTI3LzMvMSAxNTkyOC80LzEKZiAxNTkyOS8xLzEgMTU5MzAvMi8xIDE1OTMxLzMvMSAxNTkzMi80LzEKZiAxNTkzMy8xLzEgMTU5MzQvMi8xIDE1OTM1LzMvMSAxNTkzNi80LzEKZiAxNTkzNy8xLzEgMTU5MzgvMi8xIDE1OTM5LzMvMSAxNTk0MC80LzEKZiAxNTk0MS8xLzEgMTU5NDIvMi8xIDE1OTQzLzMvMSAxNTk0NC80LzEKZiAxNTk0NS8xLzEgMTU5NDYvMi8xIDE1OTQ3LzMvMSAxNTk0OC80LzEKZiAxNTk0OS8xLzEgMTU5NTAvMi8xIDE1OTUxLzMvMSAxNTk1Mi80LzEKZiAxNTk1My8xLzEgMTU5NTQvMi8xIDE1OTU1LzMvMSAxNTk1Ni80LzEKZiAxNTk1Ny8xLzEgMTU5NTgvMi8xIDE1OTU5LzMvMSAxNTk2MC80LzEKZiAxNTk2MS8xLzEgMTU5NjIvMi8xIDE1OTYzLzMvMSAxNTk2NC80LzEKZiAxNTk2NS8xLzEgMTU5NjYvMi8xIDE1OTY3LzMvMSAxNTk2OC80LzEKZiAxNTk2OS8xLzEgMTU5NzAvMi8xIDE1OTcxLzMvMSAxNTk3Mi80LzEKZiAxNTk3My8xLzEgMTU5NzQvMi8xIDE1OTc1LzMvMSAxNTk3Ni80LzEKZiAxNTk3Ny8xLzEgMTU5NzgvMi8xIDE1OTc5LzMvMSAxNTk4MC80LzEKZiAxNTk4MS8xLzEgMTU5ODIvMi8xIDE1OTgzLzMvMSAxNTk4NC80LzEKZiAxNTk4NS8xLzEgMTU5ODYvMi8xIDE1OTg3LzMvMSAxNTk4OC80LzEKZiAxNTk4OS8xLzEgMTU5OTAvMi8xIDE1OTkxLzMvMSAxNTk5Mi80LzEKZiAxNTk5My8xLzEgMTU5OTQvMi8xIDE1OTk1LzMvMSAxNTk5Ni80LzEKZiAxNTk5Ny8xLzEgMTU5OTgvMi8xIDE1OTk5LzMvMSAxNjAwMC80LzEKZiAxNjAwMS8xLzEgMTYwMDIvMi8xIDE2MDAzLzMvMSAxNjAwNC80LzEKZiAxNjAwNS8xLzEgMTYwMDYvMi8xIDE2MDA3LzMvMSAxNjAwOC80LzEKZiAxNjAwOS8xLzEgMTYwMTAvMi8xIDE2MDExLzMvMSAxNjAxMi80LzEKZiAxNjAxMy8xLzEgMTYwMTQvMi8xIDE2MDE1LzMvMSAxNjAxNi80LzEKZiAxNjAxNy8xLzEgMTYwMTgvMi8xIDE2MDE5LzMvMSAxNjAyMC80LzEKZiAxNjAyMS8xLzEgMTYwMjIvMi8xIDE2MDIzLzMvMSAxNjAyNC80LzEKZiAxNjAyNS8xLzEgMTYwMjYvMi8xIDE2MDI3LzMvMSAxNjAyOC80LzEKZiAxNjAyOS8xLzEgMTYwMzAvMi8xIDE2MDMxLzMvMSAxNjAzMi80LzEKZiAxNjAzMy8xLzEgMTYwMzQvMi8xIDE2MDM1LzMvMSAxNjAzNi80LzEKZiAxNjAzNy8xLzEgMTYwMzgvMi8xIDE2MDM5LzMvMSAxNjA0MC80LzEKZiAxNjA0MS8xLzEgMTYwNDIvMi8xIDE2MDQzLzMvMSAxNjA0NC80LzEKZiAxNjA0NS8xLzEgMTYwNDYvMi8xIDE2MDQ3LzMvMSAxNjA0OC80LzEKZiAxNjA0OS8xLzEgMTYwNTAvMi8xIDE2MDUxLzMvMSAxNjA1Mi80LzEKZiAxNjA1My8xLzEgMTYwNTQvMi8xIDE2MDU1LzMvMSAxNjA1Ni80LzEKZiAxNjA1Ny8xLzEgMTYwNTgvMi8xIDE2MDU5LzMvMSAxNjA2MC80LzEKZiAxNjA2MS8xLzEgMTYwNjIvMi8xIDE2MDYzLzMvMSAxNjA2NC80LzEKZiAxNjA2NS8xLzEgMTYwNjYvMi8xIDE2MDY3LzMvMSAxNjA2OC80LzEKZiAxNjA2OS8xLzEgMTYwNzAvMi8xIDE2MDcxLzMvMSAxNjA3Mi80LzEKZiAxNjA3My8xLzEgMTYwNzQvMi8xIDE2MDc1LzMvMSAxNjA3Ni80LzEKZiAxNjA3Ny8xLzEgMTYwNzgvMi8xIDE2MDc5LzMvMSAxNjA4MC80LzEKZiAxNjA4MS8xLzEgMTYwODIvMi8xIDE2MDgzLzMvMSAxNjA4NC80LzEKZiAxNjA4NS8xLzEgMTYwODYvMi8xIDE2MDg3LzMvMSAxNjA4OC80LzEKZiAxNjA4OS8xLzEgMTYwOTAvMi8xIDE2MDkxLzMvMSAxNjA5Mi80LzEKZiAxNjA5My8xLzEgMTYwOTQvMi8xIDE2MDk1LzMvMSAxNjA5Ni80LzEKZiAxNjA5Ny8xLzEgMTYwOTgvMi8xIDE2MDk5LzMvMSAxNjEwMC80LzEKZiAxNjEwMS8xLzEgMTYxMDIvMi8xIDE2MTAzLzMvMSAxNjEwNC80LzEKZiAxNjEwNS8xLzEgMTYxMDYvMi8xIDE2MTA3LzMvMSAxNjEwOC80LzEKZiAxNjEwOS8xLzEgMTYxMTAvMi8xIDE2MTExLzMvMSAxNjExMi80LzEKZiAxNjExMy8xLzEgMTYxMTQvMi8xIDE2MTE1LzMvMSAxNjExNi80LzEKZiAxNjExNy8xLzEgMTYxMTgvMi8xIDE2MTE5LzMvMSAxNjEyMC80LzEKZiAxNjEyMS8xLzEgMTYxMjIvMi8xIDE2MTIzLzMvMSAxNjEyNC80LzEKZiAxNjEyNS8xLzEgMTYxMjYvMi8xIDE2MTI3LzMvMSAxNjEyOC80LzEKZiAxNjEyOS8xLzEgMTYxMzAvMi8xIDE2MTMxLzMvMSAxNjEzMi80LzEKZiAxNjEzMy8xLzEgMTYxMzQvMi8xIDE2MTM1LzMvMSAxNjEzNi80LzEKZiAxNjEzNy8xLzEgMTYxMzgvMi8xIDE2MTM5LzMvMSAxNjE0MC80LzEKZiAxNjE0MS8xLzEgMTYxNDIvMi8xIDE2MTQzLzMvMSAxNjE0NC80LzEKZiAxNjE0NS8xLzEgMTYxNDYvMi8xIDE2MTQ3LzMvMSAxNjE0OC80LzEKZiAxNjE0OS8xLzEgMTYxNTAvMi8xIDE2MTUxLzMvMSAxNjE1Mi80LzEKZiAxNjE1My8xLzEgMTYxNTQvMi8xIDE2MTU1LzMvMSAxNjE1Ni80LzEKZiAxNjE1Ny8xLzEgMTYxNTgvMi8xIDE2MTU5LzMvMSAxNjE2MC80LzEKZiAxNjE2MS8xLzEgMTYxNjIvMi8xIDE2MTYzLzMvMSAxNjE2NC80LzEKZiAxNjE2NS8xLzEgMTYxNjYvMi8xIDE2MTY3LzMvMSAxNjE2OC80LzEKZiAxNjE2OS8xLzEgMTYxNzAvMi8xIDE2MTcxLzMvMSAxNjE3Mi80LzEKZiAxNjE3My8xLzEgMTYxNzQvMi8xIDE2MTc1LzMvMSAxNjE3Ni80LzEKZiAxNjE3Ny8xLzEgMTYxNzgvMi8xIDE2MTc5LzMvMSAxNjE4MC80LzEKZiAxNjE4MS8xLzEgMTYxODIvMi8xIDE2MTgzLzMvMSAxNjE4NC80LzEKZiAxNjE4NS8xLzEgMTYxODYvMi8xIDE2MTg3LzMvMSAxNjE4OC80LzEKZiAxNjE4OS8xLzEgMTYxOTAvMi8xIDE2MTkxLzMvMSAxNjE5Mi80LzEKZiAxNjE5My8xLzEgMTYxOTQvMi8xIDE2MTk1LzMvMSAxNjE5Ni80LzEKZiAxNjE5Ny8xLzEgMTYxOTgvMi8xIDE2MTk5LzMvMSAxNjIwMC80LzEKZiAxNjIwMS8xLzEgMTYyMDIvMi8xIDE2MjAzLzMvMSAxNjIwNC80LzEKZiAxNjIwNS8xLzEgMTYyMDYvMi8xIDE2MjA3LzMvMSAxNjIwOC80LzEKZiAxNjIwOS8xLzEgMTYyMTAvMi8xIDE2MjExLzMvMSAxNjIxMi80LzEKZiAxNjIxMy8xLzEgMTYyMTQvMi8xIDE2MjE1LzMvMSAxNjIxNi80LzEKZiAxNjIxNy8xLzEgMTYyMTgvMi8xIDE2MjE5LzMvMSAxNjIyMC80LzEKZiAxNjIyMS8xLzEgMTYyMjIvMi8xIDE2MjIzLzMvMSAxNjIyNC80LzEKZiAxNjIyNS8xLzEgMTYyMjYvMi8xIDE2MjI3LzMvMSAxNjIyOC80LzEKZiAxNjIyOS8xLzEgMTYyMzAvMi8xIDE2MjMxLzMvMSAxNjIzMi80LzEKZiAxNjIzMy8xLzEgMTYyMzQvMi8xIDE2MjM1LzMvMSAxNjIzNi80LzEKZiAxNjIzNy8xLzEgMTYyMzgvMi8xIDE2MjM5LzMvMSAxNjI0MC80LzEKZiAxNjI0MS8xLzEgMTYyNDIvMi8xIDE2MjQzLzMvMSAxNjI0NC80LzEKZiAxNjI0NS8xLzEgMTYyNDYvMi8xIDE2MjQ3LzMvMSAxNjI0OC80LzEKZiAxNjI0OS8xLzEgMTYyNTAvMi8xIDE2MjUxLzMvMSAxNjI1Mi80LzEKZiAxNjI1My8xLzEgMTYyNTQvMi8xIDE2MjU1LzMvMSAxNjI1Ni80LzEKZiAxNjI1Ny8xLzEgMTYyNTgvMi8xIDE2MjU5LzMvMSAxNjI2MC80LzEKZiAxNjI2MS8xLzEgMTYyNjIvMi8xIDE2MjYzLzMvMSAxNjI2NC80LzEKZiAxNjI2NS8xLzEgMTYyNjYvMi8xIDE2MjY3LzMvMSAxNjI2OC80LzEKZiAxNjI2OS8xLzEgMTYyNzAvMi8xIDE2MjcxLzMvMSAxNjI3Mi80LzEKZiAxNjI3My8xLzEgMTYyNzQvMi8xIDE2Mjc1LzMvMSAxNjI3Ni80LzEKZiAxNjI3Ny8xLzEgMTYyNzgvMi8xIDE2Mjc5LzMvMSAxNjI4MC80LzEKZiAxNjI4MS8xLzEgMTYyODIvMi8xIDE2MjgzLzMvMSAxNjI4NC80LzEKZiAxNjI4NS8xLzEgMTYyODYvMi8xIDE2Mjg3LzMvMSAxNjI4OC80LzEKZiAxNjI4OS8xLzEgMTYyOTAvMi8xIDE2MjkxLzMvMSAxNjI5Mi80LzEKZiAxNjI5My8xLzEgMTYyOTQvMi8xIDE2Mjk1LzMvMSAxNjI5Ni80LzEKZiAxNjI5Ny8xLzEgMTYyOTgvMi8xIDE2Mjk5LzMvMSAxNjMwMC80LzEKZiAxNjMwMS8xLzEgMTYzMDIvMi8xIDE2MzAzLzMvMSAxNjMwNC80LzEKZiAxNjMwNS8xLzEgMTYzMDYvMi8xIDE2MzA3LzMvMSAxNjMwOC80LzEKZiAxNjMwOS8xLzEgMTYzMTAvMi8xIDE2MzExLzMvMSAxNjMxMi80LzEKZiAxNjMxMy8xLzEgMTYzMTQvMi8xIDE2MzE1LzMvMSAxNjMxNi80LzEKZiAxNjMxNy8xLzEgMTYzMTgvMi8xIDE2MzE5LzMvMSAxNjMyMC80LzEKZiAxNjMyMS8xLzEgMTYzMjIvMi8xIDE2MzIzLzMvMSAxNjMyNC80LzEKZiAxNjMyNS8xLzEgMTYzMjYvMi8xIDE2MzI3LzMvMSAxNjMyOC80LzEKZiAxNjMyOS8xLzEgMTYzMzAvMi8xIDE2MzMxLzMvMSAxNjMzMi80LzEKZiAxNjMzMy8xLzEgMTYzMzQvMi8xIDE2MzM1LzMvMSAxNjMzNi80LzEKZiAxNjMzNy8xLzEgMTYzMzgvMi8xIDE2MzM5LzMvMSAxNjM0MC80LzEKZiAxNjM0MS8xLzEgMTYzNDIvMi8xIDE2MzQzLzMvMSAxNjM0NC80LzEKZiAxNjM0NS8xLzEgMTYzNDYvMi8xIDE2MzQ3LzMvMSAxNjM0OC80LzEKZiAxNjM0OS8xLzEgMTYzNTAvMi8xIDE2MzUxLzMvMSAxNjM1Mi80LzEKZiAxNjM1My8xLzEgMTYzNTQvMi8xIDE2MzU1LzMvMSAxNjM1Ni80LzEKZiAxNjM1Ny8xLzEgMTYzNTgvMi8xIDE2MzU5LzMvMSAxNjM2MC80LzEKZiAxNjM2MS8xLzEgMTYzNjIvMi8xIDE2MzYzLzMvMSAxNjM2NC80LzEKZiAxNjM2NS8xLzEgMTYzNjYvMi8xIDE2MzY3LzMvMSAxNjM2OC80LzEKZiAxNjM2OS8xLzEgMTYzNzAvMi8xIDE2MzcxLzMvMSAxNjM3Mi80LzEKZiAxNjM3My8xLzEgMTYzNzQvMi8xIDE2Mzc1LzMvMSAxNjM3Ni80LzEKZiAxNjM3Ny8xLzEgMTYzNzgvMi8xIDE2Mzc5LzMvMSAxNjM4MC80LzEKZiAxNjM4MS8xLzEgMTYzODIvMi8xIDE2MzgzLzMvMSAxNjM4NC80LzEKZiAxNjM4NS8xLzEgMTYzODYvMi8xIDE2Mzg3LzMvMSAxNjM4OC80LzEKZiAxNjM4OS8xLzEgMTYzOTAvMi8xIDE2MzkxLzMvMSAxNjM5Mi80LzEKZiAxNjM5My8xLzEgMTYzOTQvMi8xIDE2Mzk1LzMvMSAxNjM5Ni80LzEKZiAxNjM5Ny8xLzEgMTYzOTgvMi8xIDE2Mzk5LzMvMSAxNjQwMC80LzEKZiAxNjQwMS8xLzEgMTY0MDIvMi8xIDE2NDAzLzMvMSAxNjQwNC80LzEKZiAxNjQwNS8xLzEgMTY0MDYvMi8xIDE2NDA3LzMvMSAxNjQwOC80LzEKZiAxNjQwOS8xLzEgMTY0MTAvMi8xIDE2NDExLzMvMSAxNjQxMi80LzEKZiAxNjQxMy8xLzEgMTY0MTQvMi8xIDE2NDE1LzMvMSAxNjQxNi80LzEKZiAxNjQxNy8xLzEgMTY0MTgvMi8xIDE2NDE5LzMvMSAxNjQyMC80LzEKZiAxNjQyMS8xLzEgMTY0MjIvMi8xIDE2NDIzLzMvMSAxNjQyNC80LzEKZiAxNjQyNS8xLzEgMTY0MjYvMi8xIDE2NDI3LzMvMSAxNjQyOC80LzEKZiAxNjQyOS8xLzEgMTY0MzAvMi8xIDE2NDMxLzMvMSAxNjQzMi80LzEKZiAxNjQzMy8xLzEgMTY0MzQvMi8xIDE2NDM1LzMvMSAxNjQzNi80LzEKZiAxNjQzNy8xLzEgMTY0MzgvMi8xIDE2NDM5LzMvMSAxNjQ0MC80LzEKZiAxNjQ0MS8xLzEgMTY0NDIvMi8xIDE2NDQzLzMvMSAxNjQ0NC80LzEKZiAxNjQ0NS8xLzEgMTY0NDYvMi8xIDE2NDQ3LzMvMSAxNjQ0OC80LzEKZiAxNjQ0OS8xLzEgMTY0NTAvMi8xIDE2NDUxLzMvMSAxNjQ1Mi80LzEKZiAxNjQ1My8xLzEgMTY0NTQvMi8xIDE2NDU1LzMvMSAxNjQ1Ni80LzEKZiAxNjQ1Ny8xLzEgMTY0NTgvMi8xIDE2NDU5LzMvMSAxNjQ2MC80LzEKZiAxNjQ2MS8xLzEgMTY0NjIvMi8xIDE2NDYzLzMvMSAxNjQ2NC80LzEKZiAxNjQ2NS8xLzEgMTY0NjYvMi8xIDE2NDY3LzMvMSAxNjQ2OC80LzEKZiAxNjQ2OS8xLzEgMTY0NzAvMi8xIDE2NDcxLzMvMSAxNjQ3Mi80LzEKZiAxNjQ3My8xLzEgMTY0NzQvMi8xIDE2NDc1LzMvMSAxNjQ3Ni80LzEKZiAxNjQ3Ny8xLzEgMTY0NzgvMi8xIDE2NDc5LzMvMSAxNjQ4MC80LzEKZiAxNjQ4MS8xLzEgMTY0ODIvMi8xIDE2NDgzLzMvMSAxNjQ4NC80LzEKZiAxNjQ4NS8xLzEgMTY0ODYvMi8xIDE2NDg3LzMvMSAxNjQ4OC80LzEKZiAxNjQ4OS8xLzEgMTY0OTAvMi8xIDE2NDkxLzMvMSAxNjQ5Mi80LzEKZiAxNjQ5My8xLzEgMTY0OTQvMi8xIDE2NDk1LzMvMSAxNjQ5Ni80LzEKZiAxNjQ5Ny8xLzEgMTY0OTgvMi8xIDE2NDk5LzMvMSAxNjUwMC80LzEKZiAxNjUwMS8xLzEgMTY1MDIvMi8xIDE2NTAzLzMvMSAxNjUwNC80LzEKZiAxNjUwNS8xLzEgMTY1MDYvMi8xIDE2NTA3LzMvMSAxNjUwOC80LzEKZiAxNjUwOS8xLzEgMTY1MTAvMi8xIDE2NTExLzMvMSAxNjUxMi80LzEKZiAxNjUxMy8xLzEgMTY1MTQvMi8xIDE2NTE1LzMvMSAxNjUxNi80LzEKZiAxNjUxNy8xLzEgMTY1MTgvMi8xIDE2NTE5LzMvMSAxNjUyMC80LzEKZiAxNjUyMS8xLzEgMTY1MjIvMi8xIDE2NTIzLzMvMSAxNjUyNC80LzEKZiAxNjUyNS8xLzEgMTY1MjYvMi8xIDE2NTI3LzMvMSAxNjUyOC80LzEKZiAxNjUyOS8xLzEgMTY1MzAvMi8xIDE2NTMxLzMvMSAxNjUzMi80LzEKZiAxNjUzMy8xLzEgMTY1MzQvMi8xIDE2NTM1LzMvMSAxNjUzNi80LzEKZiAxNjUzNy8xLzEgMTY1MzgvMi8xIDE2NTM5LzMvMSAxNjU0MC80LzEKZiAxNjU0MS8xLzEgMTY1NDIvMi8xIDE2NTQzLzMvMSAxNjU0NC80LzEKZiAxNjU0NS8xLzEgMTY1NDYvMi8xIDE2NTQ3LzMvMSAxNjU0OC80LzEKZiAxNjU0OS8xLzEgMTY1NTAvMi8xIDE2NTUxLzMvMSAxNjU1Mi80LzEKZiAxNjU1My8xLzEgMTY1NTQvMi8xIDE2NTU1LzMvMSAxNjU1Ni80LzEKZiAxNjU1Ny8xLzEgMTY1NTgvMi8xIDE2NTU5LzMvMSAxNjU2MC80LzEKZiAxNjU2MS8xLzEgMTY1NjIvMi8xIDE2NTYzLzMvMSAxNjU2NC80LzEKZiAxNjU2NS8xLzEgMTY1NjYvMi8xIDE2NTY3LzMvMSAxNjU2OC80LzEKZiAxNjU2OS8xLzEgMTY1NzAvMi8xIDE2NTcxLzMvMSAxNjU3Mi80LzEKZiAxNjU3My8xLzEgMTY1NzQvMi8xIDE2NTc1LzMvMSAxNjU3Ni80LzEKZiAxNjU3Ny8xLzEgMTY1NzgvMi8xIDE2NTc5LzMvMSAxNjU4MC80LzEKZiAxNjU4MS8xLzEgMTY1ODIvMi8xIDE2NTgzLzMvMSAxNjU4NC80LzEKZiAxNjU4NS8xLzEgMTY1ODYvMi8xIDE2NTg3LzMvMSAxNjU4OC80LzEKZiAxNjU4OS8xLzEgMTY1OTAvMi8xIDE2NTkxLzMvMSAxNjU5Mi80LzEKZiAxNjU5My8xLzEgMTY1OTQvMi8xIDE2NTk1LzMvMSAxNjU5Ni80LzEKZiAxNjU5Ny8xLzEgMTY1OTgvMi8xIDE2NTk5LzMvMSAxNjYwMC80LzEKZiAxNjYwMS8xLzEgMTY2MDIvMi8xIDE2NjAzLzMvMSAxNjYwNC80LzEKZiAxNjYwNS8xLzEgMTY2MDYvMi8xIDE2NjA3LzMvMSAxNjYwOC80LzEKZiAxNjYwOS8xLzEgMTY2MTAvMi8xIDE2NjExLzMvMSAxNjYxMi80LzEKZiAxNjYxMy8xLzEgMTY2MTQvMi8xIDE2NjE1LzMvMSAxNjYxNi80LzEKZiAxNjYxNy8xLzEgMTY2MTgvMi8xIDE2NjE5LzMvMSAxNjYyMC80LzEKZiAxNjYyMS8xLzEgMTY2MjIvMi8xIDE2NjIzLzMvMSAxNjYyNC80LzEKZiAxNjYyNS8xLzEgMTY2MjYvMi8xIDE2NjI3LzMvMSAxNjYyOC80LzEKZiAxNjYyOS8xLzEgMTY2MzAvMi8xIDE2NjMxLzMvMSAxNjYzMi80LzEKZiAxNjYzMy8xLzEgMTY2MzQvMi8xIDE2NjM1LzMvMSAxNjYzNi80LzEKZiAxNjYzNy8xLzEgMTY2MzgvMi8xIDE2NjM5LzMvMSAxNjY0MC80LzEKZiAxNjY0MS8xLzEgMTY2NDIvMi8xIDE2NjQzLzMvMSAxNjY0NC80LzEKZiAxNjY0NS8xLzEgMTY2NDYvMi8xIDE2NjQ3LzMvMSAxNjY0OC80LzEKZiAxNjY0OS8xLzEgMTY2NTAvMi8xIDE2NjUxLzMvMSAxNjY1Mi80LzEKZiAxNjY1My8xLzEgMTY2NTQvMi8xIDE2NjU1LzMvMSAxNjY1Ni80LzEKZiAxNjY1Ny8xLzEgMTY2NTgvMi8xIDE2NjU5LzMvMSAxNjY2MC80LzEKZiAxNjY2MS8xLzEgMTY2NjIvMi8xIDE2NjYzLzMvMSAxNjY2NC80LzEKZiAxNjY2NS8xLzEgMTY2NjYvMi8xIDE2NjY3LzMvMSAxNjY2OC80LzEKZiAxNjY2OS8xLzEgMTY2NzAvMi8xIDE2NjcxLzMvMSAxNjY3Mi80LzEKZiAxNjY3My8xLzEgMTY2NzQvMi8xIDE2Njc1LzMvMSAxNjY3Ni80LzEKZiAxNjY3Ny8xLzEgMTY2NzgvMi8xIDE2Njc5LzMvMSAxNjY4MC80LzEKZiAxNjY4MS8xLzEgMTY2ODIvMi8xIDE2NjgzLzMvMSAxNjY4NC80LzEKZiAxNjY4NS8xLzEgMTY2ODYvMi8xIDE2Njg3LzMvMSAxNjY4OC80LzEKZiAxNjY4OS8xLzEgMTY2OTAvMi8xIDE2NjkxLzMvMSAxNjY5Mi80LzEKZiAxNjY5My8xLzEgMTY2OTQvMi8xIDE2Njk1LzMvMSAxNjY5Ni80LzEKZiAxNjY5Ny8xLzEgMTY2OTgvMi8xIDE2Njk5LzMvMSAxNjcwMC80LzEKZiAxNjcwMS8xLzEgMTY3MDIvMi8xIDE2NzAzLzMvMSAxNjcwNC80LzEKZiAxNjcwNS8xLzEgMTY3MDYvMi8xIDE2NzA3LzMvMSAxNjcwOC80LzEKZiAxNjcwOS8xLzEgMTY3MTAvMi8xIDE2NzExLzMvMSAxNjcxMi80LzEKZiAxNjcxMy8xLzEgMTY3MTQvMi8xIDE2NzE1LzMvMSAxNjcxNi80LzEKZiAxNjcxNy8xLzEgMTY3MTgvMi8xIDE2NzE5LzMvMSAxNjcyMC80LzEKZiAxNjcyMS8xLzEgMTY3MjIvMi8xIDE2NzIzLzMvMSAxNjcyNC80LzEKZiAxNjcyNS8xLzEgMTY3MjYvMi8xIDE2NzI3LzMvMSAxNjcyOC80LzEKZiAxNjcyOS8xLzEgMTY3MzAvMi8xIDE2NzMxLzMvMSAxNjczMi80LzEKZiAxNjczMy8xLzEgMTY3MzQvMi8xIDE2NzM1LzMvMSAxNjczNi80LzEKZiAxNjczNy8xLzEgMTY3MzgvMi8xIDE2NzM5LzMvMSAxNjc0MC80LzEKZiAxNjc0MS8xLzEgMTY3NDIvMi8xIDE2NzQzLzMvMSAxNjc0NC80LzEKZiAxNjc0NS8xLzEgMTY3NDYvMi8xIDE2NzQ3LzMvMSAxNjc0OC80LzEKZiAxNjc0OS8xLzEgMTY3NTAvMi8xIDE2NzUxLzMvMSAxNjc1Mi80LzEKZiAxNjc1My8xLzEgMTY3NTQvMi8xIDE2NzU1LzMvMSAxNjc1Ni80LzEKZiAxNjc1Ny8xLzEgMTY3NTgvMi8xIDE2NzU5LzMvMSAxNjc2MC80LzEKZiAxNjc2MS8xLzEgMTY3NjIvMi8xIDE2NzYzLzMvMSAxNjc2NC80LzEKZiAxNjc2NS8xLzEgMTY3NjYvMi8xIDE2NzY3LzMvMSAxNjc2OC80LzEKZiAxNjc2OS8xLzEgMTY3NzAvMi8xIDE2NzcxLzMvMSAxNjc3Mi80LzEKZiAxNjc3My8xLzEgMTY3NzQvMi8xIDE2Nzc1LzMvMSAxNjc3Ni80LzEKZiAxNjc3Ny8xLzEgMTY3NzgvMi8xIDE2Nzc5LzMvMSAxNjc4MC80LzEKZiAxNjc4MS8xLzEgMTY3ODIvMi8xIDE2NzgzLzMvMSAxNjc4NC80LzEKZiAxNjc4NS8xLzEgMTY3ODYvMi8xIDE2Nzg3LzMvMSAxNjc4OC80LzEKZiAxNjc4OS8xLzEgMTY3OTAvMi8xIDE2NzkxLzMvMSAxNjc5Mi80LzEKZiAxNjc5My8xLzEgMTY3OTQvMi8xIDE2Nzk1LzMvMSAxNjc5Ni80LzEKZiAxNjc5Ny8xLzEgMTY3OTgvMi8xIDE2Nzk5LzMvMSAxNjgwMC80LzEKZiAxNjgwMS8xLzEgMTY4MDIvMi8xIDE2ODAzLzMvMSAxNjgwNC80LzEKZiAxNjgwNS8xLzEgMTY4MDYvMi8xIDE2ODA3LzMvMSAxNjgwOC80LzEKZiAxNjgwOS8xLzEgMTY4MTAvMi8xIDE2ODExLzMvMSAxNjgxMi80LzEKZiAxNjgxMy8xLzEgMTY4MTQvMi8xIDE2ODE1LzMvMSAxNjgxNi80LzEKZiAxNjgxNy8xLzEgMTY4MTgvMi8xIDE2ODE5LzMvMSAxNjgyMC80LzEKZiAxNjgyMS8xLzEgMTY4MjIvMi8xIDE2ODIzLzMvMSAxNjgyNC80LzEKZiAxNjgyNS8xLzEgMTY4MjYvMi8xIDE2ODI3LzMvMSAxNjgyOC80LzEKZiAxNjgyOS8xLzEgMTY4MzAvMi8xIDE2ODMxLzMvMSAxNjgzMi80LzEKZiAxNjgzMy8xLzEgMTY4MzQvMi8xIDE2ODM1LzMvMSAxNjgzNi80LzEKZiAxNjgzNy8xLzEgMTY4MzgvMi8xIDE2ODM5LzMvMSAxNjg0MC80LzEKZiAxNjg0MS8xLzEgMTY4NDIvMi8xIDE2ODQzLzMvMSAxNjg0NC80LzEKZiAxNjg0NS8xLzEgMTY4NDYvMi8xIDE2ODQ3LzMvMSAxNjg0OC80LzEKZiAxNjg0OS8xLzEgMTY4NTAvMi8xIDE2ODUxLzMvMSAxNjg1Mi80LzEKZiAxNjg1My8xLzEgMTY4NTQvMi8xIDE2ODU1LzMvMSAxNjg1Ni80LzEKZiAxNjg1Ny8xLzEgMTY4NTgvMi8xIDE2ODU5LzMvMSAxNjg2MC80LzEKZiAxNjg2MS8xLzEgMTY4NjIvMi8xIDE2ODYzLzMvMSAxNjg2NC80LzEKZiAxNjg2NS8xLzEgMTY4NjYvMi8xIDE2ODY3LzMvMSAxNjg2OC80LzEKZiAxNjg2OS8xLzEgMTY4NzAvMi8xIDE2ODcxLzMvMSAxNjg3Mi80LzEKZiAxNjg3My8xLzEgMTY4NzQvMi8xIDE2ODc1LzMvMSAxNjg3Ni80LzEKZiAxNjg3Ny8xLzEgMTY4NzgvMi8xIDE2ODc5LzMvMSAxNjg4MC80LzEKZiAxNjg4MS8xLzEgMTY4ODIvMi8xIDE2ODgzLzMvMSAxNjg4NC80LzEKZiAxNjg4NS8xLzEgMTY4ODYvMi8xIDE2ODg3LzMvMSAxNjg4OC80LzEKZiAxNjg4OS8xLzEgMTY4OTAvMi8xIDE2ODkxLzMvMSAxNjg5Mi80LzEKZiAxNjg5My8xLzEgMTY4OTQvMi8xIDE2ODk1LzMvMSAxNjg5Ni80LzEKZiAxNjg5Ny8xLzEgMTY4OTgvMi8xIDE2ODk5LzMvMSAxNjkwMC80LzEKZiAxNjkwMS8xLzEgMTY5MDIvMi8xIDE2OTAzLzMvMSAxNjkwNC80LzEKZiAxNjkwNS8xLzEgMTY5MDYvMi8xIDE2OTA3LzMvMSAxNjkwOC80LzEKZiAxNjkwOS8xLzEgMTY5MTAvMi8xIDE2OTExLzMvMSAxNjkxMi80LzEKZiAxNjkxMy8xLzEgMTY5MTQvMi8xIDE2OTE1LzMvMSAxNjkxNi80LzEKZiAxNjkxNy8xLzEgMTY5MTgvMi8xIDE2OTE5LzMvMSAxNjkyMC80LzEKZiAxNjkyMS8xLzEgMTY5MjIvMi8xIDE2OTIzLzMvMSAxNjkyNC80LzEKZiAxNjkyNS8xLzEgMTY5MjYvMi8xIDE2OTI3LzMvMSAxNjkyOC80LzEKZiAxNjkyOS8xLzEgMTY5MzAvMi8xIDE2OTMxLzMvMSAxNjkzMi80LzEKZiAxNjkzMy8xLzEgMTY5MzQvMi8xIDE2OTM1LzMvMSAxNjkzNi80LzEKZiAxNjkzNy8xLzEgMTY5MzgvMi8xIDE2OTM5LzMvMSAxNjk0MC80LzEKZiAxNjk0MS8xLzEgMTY5NDIvMi8xIDE2OTQzLzMvMSAxNjk0NC80LzEKZiAxNjk0NS8xLzEgMTY5NDYvMi8xIDE2OTQ3LzMvMSAxNjk0OC80LzEKZiAxNjk0OS8xLzEgMTY5NTAvMi8xIDE2OTUxLzMvMSAxNjk1Mi80LzEKZiAxNjk1My8xLzEgMTY5NTQvMi8xIDE2OTU1LzMvMSAxNjk1Ni80LzEKZiAxNjk1Ny8xLzEgMTY5NTgvMi8xIDE2OTU5LzMvMSAxNjk2MC80LzEKZiAxNjk2MS8xLzEgMTY5NjIvMi8xIDE2OTYzLzMvMSAxNjk2NC80LzEKZiAxNjk2NS8xLzEgMTY5NjYvMi8xIDE2OTY3LzMvMSAxNjk2OC80LzEKZiAxNjk2OS8xLzEgMTY5NzAvMi8xIDE2OTcxLzMvMSAxNjk3Mi80LzEKZiAxNjk3My8xLzEgMTY5NzQvMi8xIDE2OTc1LzMvMSAxNjk3Ni80LzEKZiAxNjk3Ny8xLzEgMTY5NzgvMi8xIDE2OTc5LzMvMSAxNjk4MC80LzEKZiAxNjk4MS8xLzEgMTY5ODIvMi8xIDE2OTgzLzMvMSAxNjk4NC80LzEKZiAxNjk4NS8xLzEgMTY5ODYvMi8xIDE2OTg3LzMvMSAxNjk4OC80LzEKZiAxNjk4OS8xLzEgMTY5OTAvMi8xIDE2OTkxLzMvMSAxNjk5Mi80LzEKZiAxNjk5My8xLzEgMTY5OTQvMi8xIDE2OTk1LzMvMSAxNjk5Ni80LzEKZiAxNjk5Ny8xLzEgMTY5OTgvMi8xIDE2OTk5LzMvMSAxNzAwMC80LzEKZiAxNzAwMS8xLzEgMTcwMDIvMi8xIDE3MDAzLzMvMSAxNzAwNC80LzEKZiAxNzAwNS8xLzEgMTcwMDYvMi8xIDE3MDA3LzMvMSAxNzAwOC80LzEKZiAxNzAwOS8xLzEgMTcwMTAvMi8xIDE3MDExLzMvMSAxNzAxMi80LzEKZiAxNzAxMy8xLzEgMTcwMTQvMi8xIDE3MDE1LzMvMSAxNzAxNi80LzEKZiAxNzAxNy8xLzEgMTcwMTgvMi8xIDE3MDE5LzMvMSAxNzAyMC80LzEKZiAxNzAyMS8xLzEgMTcwMjIvMi8xIDE3MDIzLzMvMSAxNzAyNC80LzEKZiAxNzAyNS8xLzEgMTcwMjYvMi8xIDE3MDI3LzMvMSAxNzAyOC80LzEKZiAxNzAyOS8xLzEgMTcwMzAvMi8xIDE3MDMxLzMvMSAxNzAzMi80LzEKZiAxNzAzMy8xLzEgMTcwMzQvMi8xIDE3MDM1LzMvMSAxNzAzNi80LzEKZiAxNzAzNy8xLzEgMTcwMzgvMi8xIDE3MDM5LzMvMSAxNzA0MC80LzEKZiAxNzA0MS8xLzEgMTcwNDIvMi8xIDE3MDQzLzMvMSAxNzA0NC80LzEKZiAxNzA0NS8xLzEgMTcwNDYvMi8xIDE3MDQ3LzMvMSAxNzA0OC80LzEKZiAxNzA0OS8xLzEgMTcwNTAvMi8xIDE3MDUxLzMvMSAxNzA1Mi80LzEKZiAxNzA1My8xLzEgMTcwNTQvMi8xIDE3MDU1LzMvMSAxNzA1Ni80LzEKZiAxNzA1Ny8xLzEgMTcwNTgvMi8xIDE3MDU5LzMvMSAxNzA2MC80LzEKZiAxNzA2MS8xLzEgMTcwNjIvMi8xIDE3MDYzLzMvMSAxNzA2NC80LzEKZiAxNzA2NS8xLzEgMTcwNjYvMi8xIDE3MDY3LzMvMSAxNzA2OC80LzEKZiAxNzA2OS8xLzEgMTcwNzAvMi8xIDE3MDcxLzMvMSAxNzA3Mi80LzEKZiAxNzA3My8xLzEgMTcwNzQvMi8xIDE3MDc1LzMvMSAxNzA3Ni80LzEKZiAxNzA3Ny8xLzEgMTcwNzgvMi8xIDE3MDc5LzMvMSAxNzA4MC80LzEKZiAxNzA4MS8xLzEgMTcwODIvMi8xIDE3MDgzLzMvMSAxNzA4NC80LzEKZiAxNzA4NS8xLzEgMTcwODYvMi8xIDE3MDg3LzMvMSAxNzA4OC80LzEKZiAxNzA4OS8xLzEgMTcwOTAvMi8xIDE3MDkxLzMvMSAxNzA5Mi80LzEKZiAxNzA5My8xLzEgMTcwOTQvMi8xIDE3MDk1LzMvMSAxNzA5Ni80LzEKZiAxNzA5Ny8xLzEgMTcwOTgvMi8xIDE3MDk5LzMvMSAxNzEwMC80LzEKZiAxNzEwMS8xLzEgMTcxMDIvMi8xIDE3MTAzLzMvMSAxNzEwNC80LzEKZiAxNzEwNS8xLzEgMTcxMDYvMi8xIDE3MTA3LzMvMSAxNzEwOC80LzEKZiAxNzEwOS8xLzEgMTcxMTAvMi8xIDE3MTExLzMvMSAxNzExMi80LzEKZiAxNzExMy8xLzEgMTcxMTQvMi8xIDE3MTE1LzMvMSAxNzExNi80LzEKZiAxNzExNy8xLzEgMTcxMTgvMi8xIDE3MTE5LzMvMSAxNzEyMC80LzEKZiAxNzEyMS8xLzEgMTcxMjIvMi8xIDE3MTIzLzMvMSAxNzEyNC80LzEKZiAxNzEyNS8xLzEgMTcxMjYvMi8xIDE3MTI3LzMvMSAxNzEyOC80LzEKZiAxNzEyOS8xLzEgMTcxMzAvMi8xIDE3MTMxLzMvMSAxNzEzMi80LzEKZiAxNzEzMy8xLzEgMTcxMzQvMi8xIDE3MTM1LzMvMSAxNzEzNi80LzEKZiAxNzEzNy8xLzEgMTcxMzgvMi8xIDE3MTM5LzMvMSAxNzE0MC80LzEKZiAxNzE0MS8xLzEgMTcxNDIvMi8xIDE3MTQzLzMvMSAxNzE0NC80LzEKZiAxNzE0NS8xLzEgMTcxNDYvMi8xIDE3MTQ3LzMvMSAxNzE0OC80LzEKZiAxNzE0OS8xLzEgMTcxNTAvMi8xIDE3MTUxLzMvMSAxNzE1Mi80LzEKZiAxNzE1My8xLzEgMTcxNTQvMi8xIDE3MTU1LzMvMSAxNzE1Ni80LzEKZiAxNzE1Ny8xLzEgMTcxNTgvMi8xIDE3MTU5LzMvMSAxNzE2MC80LzEKZiAxNzE2MS8xLzEgMTcxNjIvMi8xIDE3MTYzLzMvMSAxNzE2NC80LzEKZiAxNzE2NS8xLzEgMTcxNjYvMi8xIDE3MTY3LzMvMSAxNzE2OC80LzEKZiAxNzE2OS8xLzEgMTcxNzAvMi8xIDE3MTcxLzMvMSAxNzE3Mi80LzEKZiAxNzE3My8xLzEgMTcxNzQvMi8xIDE3MTc1LzMvMSAxNzE3Ni80LzEKZiAxNzE3Ny8xLzEgMTcxNzgvMi8xIDE3MTc5LzMvMSAxNzE4MC80LzEKZiAxNzE4MS8xLzEgMTcxODIvMi8xIDE3MTgzLzMvMSAxNzE4NC80LzEKZiAxNzE4NS8xLzEgMTcxODYvMi8xIDE3MTg3LzMvMSAxNzE4OC80LzEKZiAxNzE4OS8xLzEgMTcxOTAvMi8xIDE3MTkxLzMvMSAxNzE5Mi80LzEKZiAxNzE5My8xLzEgMTcxOTQvMi8xIDE3MTk1LzMvMSAxNzE5Ni80LzEKZiAxNzE5Ny8xLzEgMTcxOTgvMi8xIDE3MTk5LzMvMSAxNzIwMC80LzEKZiAxNzIwMS8xLzEgMTcyMDIvMi8xIDE3MjAzLzMvMSAxNzIwNC80LzEKZiAxNzIwNS8xLzEgMTcyMDYvMi8xIDE3MjA3LzMvMSAxNzIwOC80LzEKZiAxNzIwOS8xLzEgMTcyMTAvMi8xIDE3MjExLzMvMSAxNzIxMi80LzEKZiAxNzIxMy8xLzEgMTcyMTQvMi8xIDE3MjE1LzMvMSAxNzIxNi80LzEKZiAxNzIxNy8xLzEgMTcyMTgvMi8xIDE3MjE5LzMvMSAxNzIyMC80LzEKZiAxNzIyMS8xLzEgMTcyMjIvMi8xIDE3MjIzLzMvMSAxNzIyNC80LzEKZiAxNzIyNS8xLzEgMTcyMjYvMi8xIDE3MjI3LzMvMSAxNzIyOC80LzEKZiAxNzIyOS8xLzEgMTcyMzAvMi8xIDE3MjMxLzMvMSAxNzIzMi80LzEKZiAxNzIzMy8xLzEgMTcyMzQvMi8xIDE3MjM1LzMvMSAxNzIzNi80LzEKZiAxNzIzNy8xLzEgMTcyMzgvMi8xIDE3MjM5LzMvMSAxNzI0MC80LzEKZiAxNzI0MS8xLzEgMTcyNDIvMi8xIDE3MjQzLzMvMSAxNzI0NC80LzEKZiAxNzI0NS8xLzEgMTcyNDYvMi8xIDE3MjQ3LzMvMSAxNzI0OC80LzEKZiAxNzI0OS8xLzEgMTcyNTAvMi8xIDE3MjUxLzMvMSAxNzI1Mi80LzEKZiAxNzI1My8xLzEgMTcyNTQvMi8xIDE3MjU1LzMvMSAxNzI1Ni80LzEKZiAxNzI1Ny8xLzEgMTcyNTgvMi8xIDE3MjU5LzMvMSAxNzI2MC80LzEKZiAxNzI2MS8xLzEgMTcyNjIvMi8xIDE3MjYzLzMvMSAxNzI2NC80LzEKZiAxNzI2NS8xLzEgMTcyNjYvMi8xIDE3MjY3LzMvMSAxNzI2OC80LzEKZiAxNzI2OS8xLzEgMTcyNzAvMi8xIDE3MjcxLzMvMSAxNzI3Mi80LzEKZiAxNzI3My8xLzEgMTcyNzQvMi8xIDE3Mjc1LzMvMSAxNzI3Ni80LzEKZiAxNzI3Ny8xLzEgMTcyNzgvMi8xIDE3Mjc5LzMvMSAxNzI4MC80LzEKZiAxNzI4MS8xLzEgMTcyODIvMi8xIDE3MjgzLzMvMSAxNzI4NC80LzEKZiAxNzI4NS8xLzEgMTcyODYvMi8xIDE3Mjg3LzMvMSAxNzI4OC80LzEKZiAxNzI4OS8xLzEgMTcyOTAvMi8xIDE3MjkxLzMvMSAxNzI5Mi80LzEKZiAxNzI5My8xLzEgMTcyOTQvMi8xIDE3Mjk1LzMvMSAxNzI5Ni80LzEKZiAxNzI5Ny8xLzEgMTcyOTgvMi8xIDE3Mjk5LzMvMSAxNzMwMC80LzEKZiAxNzMwMS8xLzEgMTczMDIvMi8xIDE3MzAzLzMvMSAxNzMwNC80LzEKZiAxNzMwNS8xLzEgMTczMDYvMi8xIDE3MzA3LzMvMSAxNzMwOC80LzEKZiAxNzMwOS8xLzEgMTczMTAvMi8xIDE3MzExLzMvMSAxNzMxMi80LzEKZiAxNzMxMy8xLzEgMTczMTQvMi8xIDE3MzE1LzMvMSAxNzMxNi80LzEKZiAxNzMxNy8xLzEgMTczMTgvMi8xIDE3MzE5LzMvMSAxNzMyMC80LzEKZiAxNzMyMS8xLzEgMTczMjIvMi8xIDE3MzIzLzMvMSAxNzMyNC80LzEKZiAxNzMyNS8xLzEgMTczMjYvMi8xIDE3MzI3LzMvMSAxNzMyOC80LzEKZiAxNzMyOS8xLzEgMTczMzAvMi8xIDE3MzMxLzMvMSAxNzMzMi80LzEKZiAxNzMzMy8xLzEgMTczMzQvMi8xIDE3MzM1LzMvMSAxNzMzNi80LzEKZiAxNzMzNy8xLzEgMTczMzgvMi8xIDE3MzM5LzMvMSAxNzM0MC80LzEKZiAxNzM0MS8xLzEgMTczNDIvMi8xIDE3MzQzLzMvMSAxNzM0NC80LzEKZiAxNzM0NS8xLzEgMTczNDYvMi8xIDE3MzQ3LzMvMSAxNzM0OC80LzEKZiAxNzM0OS8xLzEgMTczNTAvMi8xIDE3MzUxLzMvMSAxNzM1Mi80LzEKZiAxNzM1My8xLzEgMTczNTQvMi8xIDE3MzU1LzMvMSAxNzM1Ni80LzEKZiAxNzM1Ny8xLzEgMTczNTgvMi8xIDE3MzU5LzMvMSAxNzM2MC80LzEKZiAxNzM2MS8xLzEgMTczNjIvMi8xIDE3MzYzLzMvMSAxNzM2NC80LzEKZiAxNzM2NS8xLzEgMTczNjYvMi8xIDE3MzY3LzMvMSAxNzM2OC80LzEKZiAxNzM2OS8xLzEgMTczNzAvMi8xIDE3MzcxLzMvMSAxNzM3Mi80LzEKZiAxNzM3My8xLzEgMTczNzQvMi8xIDE3Mzc1LzMvMSAxNzM3Ni80LzEKZiAxNzM3Ny8xLzEgMTczNzgvMi8xIDE3Mzc5LzMvMSAxNzM4MC80LzEKZiAxNzM4MS8xLzEgMTczODIvMi8xIDE3MzgzLzMvMSAxNzM4NC80LzEKZiAxNzM4NS8xLzEgMTczODYvMi8xIDE3Mzg3LzMvMSAxNzM4OC80LzEKZiAxNzM4OS8xLzEgMTczOTAvMi8xIDE3MzkxLzMvMSAxNzM5Mi80LzEKZiAxNzM5My8xLzEgMTczOTQvMi8xIDE3Mzk1LzMvMSAxNzM5Ni80LzEKZiAxNzM5Ny8xLzEgMTczOTgvMi8xIDE3Mzk5LzMvMSAxNzQwMC80LzEKZiAxNzQwMS8xLzEgMTc0MDIvMi8xIDE3NDAzLzMvMSAxNzQwNC80LzEKZiAxNzQwNS8xLzEgMTc0MDYvMi8xIDE3NDA3LzMvMSAxNzQwOC80LzEKZiAxNzQwOS8xLzEgMTc0MTAvMi8xIDE3NDExLzMvMSAxNzQxMi80LzEKZiAxNzQxMy8xLzEgMTc0MTQvMi8xIDE3NDE1LzMvMSAxNzQxNi80LzEKZiAxNzQxNy8xLzEgMTc0MTgvMi8xIDE3NDE5LzMvMSAxNzQyMC80LzEKZiAxNzQyMS8xLzEgMTc0MjIvMi8xIDE3NDIzLzMvMSAxNzQyNC80LzEKZiAxNzQyNS8xLzEgMTc0MjYvMi8xIDE3NDI3LzMvMSAxNzQyOC80LzEKZiAxNzQyOS8xLzEgMTc0MzAvMi8xIDE3NDMxLzMvMSAxNzQzMi80LzEKZiAxNzQzMy8xLzEgMTc0MzQvMi8xIDE3NDM1LzMvMSAxNzQzNi80LzEKZiAxNzQzNy8xLzEgMTc0MzgvMi8xIDE3NDM5LzMvMSAxNzQ0MC80LzEKZiAxNzQ0MS8xLzEgMTc0NDIvMi8xIDE3NDQzLzMvMSAxNzQ0NC80LzEKZiAxNzQ0NS8xLzEgMTc0NDYvMi8xIDE3NDQ3LzMvMSAxNzQ0OC80LzEKZiAxNzQ0OS8xLzEgMTc0NTAvMi8xIDE3NDUxLzMvMSAxNzQ1Mi80LzEKZiAxNzQ1My8xLzEgMTc0NTQvMi8xIDE3NDU1LzMvMSAxNzQ1Ni80LzEKZiAxNzQ1Ny8xLzEgMTc0NTgvMi8xIDE3NDU5LzMvMSAxNzQ2MC80LzEKZiAxNzQ2MS8xLzEgMTc0NjIvMi8xIDE3NDYzLzMvMSAxNzQ2NC80LzEKZiAxNzQ2NS8xLzEgMTc0NjYvMi8xIDE3NDY3LzMvMSAxNzQ2OC80LzEKZiAxNzQ2OS8xLzEgMTc0NzAvMi8xIDE3NDcxLzMvMSAxNzQ3Mi80LzEKZiAxNzQ3My8xLzEgMTc0NzQvMi8xIDE3NDc1LzMvMSAxNzQ3Ni80LzEKZiAxNzQ3Ny8xLzEgMTc0NzgvMi8xIDE3NDc5LzMvMSAxNzQ4MC80LzEKZiAxNzQ4MS8xLzEgMTc0ODIvMi8xIDE3NDgzLzMvMSAxNzQ4NC80LzEKZiAxNzQ4NS8xLzEgMTc0ODYvMi8xIDE3NDg3LzMvMSAxNzQ4OC80LzEKZiAxNzQ4OS8xLzEgMTc0OTAvMi8xIDE3NDkxLzMvMSAxNzQ5Mi80LzEKZiAxNzQ5My8xLzEgMTc0OTQvMi8xIDE3NDk1LzMvMSAxNzQ5Ni80LzEKZiAxNzQ5Ny8xLzEgMTc0OTgvMi8xIDE3NDk5LzMvMSAxNzUwMC80LzEKZiAxNzUwMS8xLzEgMTc1MDIvMi8xIDE3NTAzLzMvMSAxNzUwNC80LzEKZiAxNzUwNS8xLzEgMTc1MDYvMi8xIDE3NTA3LzMvMSAxNzUwOC80LzEKZiAxNzUwOS8xLzEgMTc1MTAvMi8xIDE3NTExLzMvMSAxNzUxMi80LzEKZiAxNzUxMy8xLzEgMTc1MTQvMi8xIDE3NTE1LzMvMSAxNzUxNi80LzEKZiAxNzUxNy8xLzEgMTc1MTgvMi8xIDE3NTE5LzMvMSAxNzUyMC80LzEKZiAxNzUyMS8xLzEgMTc1MjIvMi8xIDE3NTIzLzMvMSAxNzUyNC80LzEKZiAxNzUyNS8xLzEgMTc1MjYvMi8xIDE3NTI3LzMvMSAxNzUyOC80LzEKZiAxNzUyOS8xLzEgMTc1MzAvMi8xIDE3NTMxLzMvMSAxNzUzMi80LzEKZiAxNzUzMy8xLzEgMTc1MzQvMi8xIDE3NTM1LzMvMSAxNzUzNi80LzEKZiAxNzUzNy8xLzEgMTc1MzgvMi8xIDE3NTM5LzMvMSAxNzU0MC80LzEKZiAxNzU0MS8xLzEgMTc1NDIvMi8xIDE3NTQzLzMvMSAxNzU0NC80LzEKZiAxNzU0NS8xLzEgMTc1NDYvMi8xIDE3NTQ3LzMvMSAxNzU0OC80LzEKZiAxNzU0OS8xLzEgMTc1NTAvMi8xIDE3NTUxLzMvMSAxNzU1Mi80LzEKZiAxNzU1My8xLzEgMTc1NTQvMi8xIDE3NTU1LzMvMSAxNzU1Ni80LzEKZiAxNzU1Ny8xLzEgMTc1NTgvMi8xIDE3NTU5LzMvMSAxNzU2MC80LzEKZiAxNzU2MS8xLzEgMTc1NjIvMi8xIDE3NTYzLzMvMSAxNzU2NC80LzEKZiAxNzU2NS8xLzEgMTc1NjYvMi8xIDE3NTY3LzMvMSAxNzU2OC80LzEKZiAxNzU2OS8xLzEgMTc1NzAvMi8xIDE3NTcxLzMvMSAxNzU3Mi80LzEKZiAxNzU3My8xLzEgMTc1NzQvMi8xIDE3NTc1LzMvMSAxNzU3Ni80LzEKZiAxNzU3Ny8xLzEgMTc1NzgvMi8xIDE3NTc5LzMvMSAxNzU4MC80LzEKZiAxNzU4MS8xLzEgMTc1ODIvMi8xIDE3NTgzLzMvMSAxNzU4NC80LzEKZiAxNzU4NS8xLzEgMTc1ODYvMi8xIDE3NTg3LzMvMSAxNzU4OC80LzEKZiAxNzU4OS8xLzEgMTc1OTAvMi8xIDE3NTkxLzMvMSAxNzU5Mi80LzEKZiAxNzU5My8xLzEgMTc1OTQvMi8xIDE3NTk1LzMvMSAxNzU5Ni80LzEKZiAxNzU5Ny8xLzEgMTc1OTgvMi8xIDE3NTk5LzMvMSAxNzYwMC80LzEKZiAxNzYwMS8xLzEgMTc2MDIvMi8xIDE3NjAzLzMvMSAxNzYwNC80LzEKZiAxNzYwNS8xLzEgMTc2MDYvMi8xIDE3NjA3LzMvMSAxNzYwOC80LzEKZiAxNzYwOS8xLzEgMTc2MTAvMi8xIDE3NjExLzMvMSAxNzYxMi80LzEKZiAxNzYxMy8xLzEgMTc2MTQvMi8xIDE3NjE1LzMvMSAxNzYxNi80LzEKZiAxNzYxNy8xLzEgMTc2MTgvMi8xIDE3NjE5LzMvMSAxNzYyMC80LzEKZiAxNzYyMS8xLzEgMTc2MjIvMi8xIDE3NjIzLzMvMSAxNzYyNC80LzEKZiAxNzYyNS8xLzEgMTc2MjYvMi8xIDE3NjI3LzMvMSAxNzYyOC80LzEKZiAxNzYyOS8xLzEgMTc2MzAvMi8xIDE3NjMxLzMvMSAxNzYzMi80LzEKZiAxNzYzMy8xLzEgMTc2MzQvMi8xIDE3NjM1LzMvMSAxNzYzNi80LzEKZiAxNzYzNy8xLzEgMTc2MzgvMi8xIDE3NjM5LzMvMSAxNzY0MC80LzEKZiAxNzY0MS8xLzEgMTc2NDIvMi8xIDE3NjQzLzMvMSAxNzY0NC80LzEKZiAxNzY0NS8xLzEgMTc2NDYvMi8xIDE3NjQ3LzMvMSAxNzY0OC80LzEKZiAxNzY0OS8xLzEgMTc2NTAvMi8xIDE3NjUxLzMvMSAxNzY1Mi80LzEKZiAxNzY1My8xLzEgMTc2NTQvMi8xIDE3NjU1LzMvMSAxNzY1Ni80LzEKZiAxNzY1Ny8xLzEgMTc2NTgvMi8xIDE3NjU5LzMvMSAxNzY2MC80LzEKZiAxNzY2MS8xLzEgMTc2NjIvMi8xIDE3NjYzLzMvMSAxNzY2NC80LzEKZiAxNzY2NS8xLzEgMTc2NjYvMi8xIDE3NjY3LzMvMSAxNzY2OC80LzEKZiAxNzY2OS8xLzEgMTc2NzAvMi8xIDE3NjcxLzMvMSAxNzY3Mi80LzEKZiAxNzY3My8xLzEgMTc2NzQvMi8xIDE3Njc1LzMvMSAxNzY3Ni80LzEKZiAxNzY3Ny8xLzEgMTc2NzgvMi8xIDE3Njc5LzMvMSAxNzY4MC80LzEKZiAxNzY4MS8xLzEgMTc2ODIvMi8xIDE3NjgzLzMvMSAxNzY4NC80LzEKZiAxNzY4NS8xLzEgMTc2ODYvMi8xIDE3Njg3LzMvMSAxNzY4OC80LzEKZiAxNzY4OS8xLzEgMTc2OTAvMi8xIDE3NjkxLzMvMSAxNzY5Mi80LzEKZiAxNzY5My8xLzEgMTc2OTQvMi8xIDE3Njk1LzMvMSAxNzY5Ni80LzEKZiAxNzY5Ny8xLzEgMTc2OTgvMi8xIDE3Njk5LzMvMSAxNzcwMC80LzEKZiAxNzcwMS8xLzEgMTc3MDIvMi8xIDE3NzAzLzMvMSAxNzcwNC80LzEKZiAxNzcwNS8xLzEgMTc3MDYvMi8xIDE3NzA3LzMvMSAxNzcwOC80LzEKZiAxNzcwOS8xLzEgMTc3MTAvMi8xIDE3NzExLzMvMSAxNzcxMi80LzEKZiAxNzcxMy8xLzEgMTc3MTQvMi8xIDE3NzE1LzMvMSAxNzcxNi80LzEKZiAxNzcxNy8xLzEgMTc3MTgvMi8xIDE3NzE5LzMvMSAxNzcyMC80LzEKZiAxNzcyMS8xLzEgMTc3MjIvMi8xIDE3NzIzLzMvMSAxNzcyNC80LzEKZiAxNzcyNS8xLzEgMTc3MjYvMi8xIDE3NzI3LzMvMSAxNzcyOC80LzEKZiAxNzcyOS8xLzEgMTc3MzAvMi8xIDE3NzMxLzMvMSAxNzczMi80LzEKZiAxNzczMy8xLzEgMTc3MzQvMi8xIDE3NzM1LzMvMSAxNzczNi80LzEKZiAxNzczNy8xLzEgMTc3MzgvMi8xIDE3NzM5LzMvMSAxNzc0MC80LzEKZiAxNzc0MS8xLzEgMTc3NDIvMi8xIDE3NzQzLzMvMSAxNzc0NC80LzEKZiAxNzc0NS8xLzEgMTc3NDYvMi8xIDE3NzQ3LzMvMSAxNzc0OC80LzEKZiAxNzc0OS8xLzEgMTc3NTAvMi8xIDE3NzUxLzMvMSAxNzc1Mi80LzEKZiAxNzc1My8xLzEgMTc3NTQvMi8xIDE3NzU1LzMvMSAxNzc1Ni80LzEKZiAxNzc1Ny8xLzEgMTc3NTgvMi8xIDE3NzU5LzMvMSAxNzc2MC80LzEKZiAxNzc2MS8xLzEgMTc3NjIvMi8xIDE3NzYzLzMvMSAxNzc2NC80LzEKZiAxNzc2NS8xLzEgMTc3NjYvMi8xIDE3NzY3LzMvMSAxNzc2OC80LzEKZiAxNzc2OS8xLzEgMTc3NzAvMi8xIDE3NzcxLzMvMSAxNzc3Mi80LzEKZiAxNzc3My8xLzEgMTc3NzQvMi8xIDE3Nzc1LzMvMSAxNzc3Ni80LzEKZiAxNzc3Ny8xLzEgMTc3NzgvMi8xIDE3Nzc5LzMvMSAxNzc4MC80LzEKZiAxNzc4MS8xLzEgMTc3ODIvMi8xIDE3NzgzLzMvMSAxNzc4NC80LzEKZiAxNzc4NS8xLzEgMTc3ODYvMi8xIDE3Nzg3LzMvMSAxNzc4OC80LzEKZiAxNzc4OS8xLzEgMTc3OTAvMi8xIDE3NzkxLzMvMSAxNzc5Mi80LzEKZiAxNzc5My8xLzEgMTc3OTQvMi8xIDE3Nzk1LzMvMSAxNzc5Ni80LzEKZiAxNzc5Ny8xLzEgMTc3OTgvMi8xIDE3Nzk5LzMvMSAxNzgwMC80LzEKZiAxNzgwMS8xLzEgMTc4MDIvMi8xIDE3ODAzLzMvMSAxNzgwNC80LzEKZiAxNzgwNS8xLzEgMTc4MDYvMi8xIDE3ODA3LzMvMSAxNzgwOC80LzEKZiAxNzgwOS8xLzEgMTc4MTAvMi8xIDE3ODExLzMvMSAxNzgxMi80LzEKZiAxNzgxMy8xLzEgMTc4MTQvMi8xIDE3ODE1LzMvMSAxNzgxNi80LzEKZiAxNzgxNy8xLzEgMTc4MTgvMi8xIDE3ODE5LzMvMSAxNzgyMC80LzEKZiAxNzgyMS8xLzEgMTc4MjIvMi8xIDE3ODIzLzMvMSAxNzgyNC80LzEKZiAxNzgyNS8xLzEgMTc4MjYvMi8xIDE3ODI3LzMvMSAxNzgyOC80LzEKZiAxNzgyOS8xLzEgMTc4MzAvMi8xIDE3ODMxLzMvMSAxNzgzMi80LzEKZiAxNzgzMy8xLzEgMTc4MzQvMi8xIDE3ODM1LzMvMSAxNzgzNi80LzEKZiAxNzgzNy8xLzEgMTc4MzgvMi8xIDE3ODM5LzMvMSAxNzg0MC80LzEKZiAxNzg0MS8xLzEgMTc4NDIvMi8xIDE3ODQzLzMvMSAxNzg0NC80LzEKZiAxNzg0NS8xLzEgMTc4NDYvMi8xIDE3ODQ3LzMvMSAxNzg0OC80LzEKZiAxNzg0OS8xLzEgMTc4NTAvMi8xIDE3ODUxLzMvMSAxNzg1Mi80LzEKZiAxNzg1My8xLzEgMTc4NTQvMi8xIDE3ODU1LzMvMSAxNzg1Ni80LzEKZiAxNzg1Ny8xLzEgMTc4NTgvMi8xIDE3ODU5LzMvMSAxNzg2MC80LzEKZiAxNzg2MS8xLzEgMTc4NjIvMi8xIDE3ODYzLzMvMSAxNzg2NC80LzEKZiAxNzg2NS8xLzEgMTc4NjYvMi8xIDE3ODY3LzMvMSAxNzg2OC80LzEKZiAxNzg2OS8xLzEgMTc4NzAvMi8xIDE3ODcxLzMvMSAxNzg3Mi80LzEKZiAxNzg3My8xLzEgMTc4NzQvMi8xIDE3ODc1LzMvMSAxNzg3Ni80LzEKZiAxNzg3Ny8xLzEgMTc4NzgvMi8xIDE3ODc5LzMvMSAxNzg4MC80LzEKZiAxNzg4MS8xLzEgMTc4ODIvMi8xIDE3ODgzLzMvMSAxNzg4NC80LzEKZiAxNzg4NS8xLzEgMTc4ODYvMi8xIDE3ODg3LzMvMSAxNzg4OC80LzEKZiAxNzg4OS8xLzEgMTc4OTAvMi8xIDE3ODkxLzMvMSAxNzg5Mi80LzEKZiAxNzg5My8xLzEgMTc4OTQvMi8xIDE3ODk1LzMvMSAxNzg5Ni80LzEKZiAxNzg5Ny8xLzEgMTc4OTgvMi8xIDE3ODk5LzMvMSAxNzkwMC80LzEKZiAxNzkwMS8xLzEgMTc5MDIvMi8xIDE3OTAzLzMvMSAxNzkwNC80LzEKZiAxNzkwNS8xLzEgMTc5MDYvMi8xIDE3OTA3LzMvMSAxNzkwOC80LzEKZiAxNzkwOS8xLzEgMTc5MTAvMi8xIDE3OTExLzMvMSAxNzkxMi80LzEKZiAxNzkxMy8xLzEgMTc5MTQvMi8xIDE3OTE1LzMvMSAxNzkxNi80LzEKZiAxNzkxNy8xLzEgMTc5MTgvMi8xIDE3OTE5LzMvMSAxNzkyMC80LzEKZiAxNzkyMS8xLzEgMTc5MjIvMi8xIDE3OTIzLzMvMSAxNzkyNC80LzEKZiAxNzkyNS8xLzEgMTc5MjYvMi8xIDE3OTI3LzMvMSAxNzkyOC80LzEKZiAxNzkyOS8xLzEgMTc5MzAvMi8xIDE3OTMxLzMvMSAxNzkzMi80LzEKZiAxNzkzMy8xLzEgMTc5MzQvMi8xIDE3OTM1LzMvMSAxNzkzNi80LzEKZiAxNzkzNy8xLzEgMTc5MzgvMi8xIDE3OTM5LzMvMSAxNzk0MC80LzEKZiAxNzk0MS8xLzEgMTc5NDIvMi8xIDE3OTQzLzMvMSAxNzk0NC80LzEKZiAxNzk0NS8xLzEgMTc5NDYvMi8xIDE3OTQ3LzMvMSAxNzk0OC80LzEKZiAxNzk0OS8xLzEgMTc5NTAvMi8xIDE3OTUxLzMvMSAxNzk1Mi80LzEKZiAxNzk1My8xLzEgMTc5NTQvMi8xIDE3OTU1LzMvMSAxNzk1Ni80LzEKZiAxNzk1Ny8xLzEgMTc5NTgvMi8xIDE3OTU5LzMvMSAxNzk2MC80LzEKZiAxNzk2MS8xLzEgMTc5NjIvMi8xIDE3OTYzLzMvMSAxNzk2NC80LzEKZiAxNzk2NS8xLzEgMTc5NjYvMi8xIDE3OTY3LzMvMSAxNzk2OC80LzEKZiAxNzk2OS8xLzEgMTc5NzAvMi8xIDE3OTcxLzMvMSAxNzk3Mi80LzEKZiAxNzk3My8xLzEgMTc5NzQvMi8xIDE3OTc1LzMvMSAxNzk3Ni80LzEKZiAxNzk3Ny8xLzEgMTc5NzgvMi8xIDE3OTc5LzMvMSAxNzk4MC80LzEKZiAxNzk4MS8xLzEgMTc5ODIvMi8xIDE3OTgzLzMvMSAxNzk4NC80LzEKZiAxNzk4NS8xLzEgMTc5ODYvMi8xIDE3OTg3LzMvMSAxNzk4OC80LzEKZiAxNzk4OS8xLzEgMTc5OTAvMi8xIDE3OTkxLzMvMSAxNzk5Mi80LzEKZiAxNzk5My8xLzEgMTc5OTQvMi8xIDE3OTk1LzMvMSAxNzk5Ni80LzEKZiAxNzk5Ny8xLzEgMTc5OTgvMi8xIDE3OTk5LzMvMSAxODAwMC80LzEKZiAxODAwMS8xLzEgMTgwMDIvMi8xIDE4MDAzLzMvMSAxODAwNC80LzEKZiAxODAwNS8xLzEgMTgwMDYvMi8xIDE4MDA3LzMvMSAxODAwOC80LzEKZiAxODAwOS8xLzEgMTgwMTAvMi8xIDE4MDExLzMvMSAxODAxMi80LzEKZiAxODAxMy8xLzEgMTgwMTQvMi8xIDE4MDE1LzMvMSAxODAxNi80LzEKZiAxODAxNy8xLzEgMTgwMTgvMi8xIDE4MDE5LzMvMSAxODAyMC80LzEKZiAxODAyMS8xLzEgMTgwMjIvMi8xIDE4MDIzLzMvMSAxODAyNC80LzEKZiAxODAyNS8xLzEgMTgwMjYvMi8xIDE4MDI3LzMvMSAxODAyOC80LzEKZiAxODAyOS8xLzEgMTgwMzAvMi8xIDE4MDMxLzMvMSAxODAzMi80LzEKZiAxODAzMy8xLzEgMTgwMzQvMi8xIDE4MDM1LzMvMSAxODAzNi80LzEKZiAxODAzNy8xLzEgMTgwMzgvMi8xIDE4MDM5LzMvMSAxODA0MC80LzEKZiAxODA0MS8xLzEgMTgwNDIvMi8xIDE4MDQzLzMvMSAxODA0NC80LzEKZiAxODA0NS8xLzEgMTgwNDYvMi8xIDE4MDQ3LzMvMSAxODA0OC80LzEKZiAxODA0OS8xLzEgMTgwNTAvMi8xIDE4MDUxLzMvMSAxODA1Mi80LzEKZiAxODA1My8xLzEgMTgwNTQvMi8xIDE4MDU1LzMvMSAxODA1Ni80LzEKZiAxODA1Ny8xLzEgMTgwNTgvMi8xIDE4MDU5LzMvMSAxODA2MC80LzEKZiAxODA2MS8xLzEgMTgwNjIvMi8xIDE4MDYzLzMvMSAxODA2NC80LzEKZiAxODA2NS8xLzEgMTgwNjYvMi8xIDE4MDY3LzMvMSAxODA2OC80LzEKZiAxODA2OS8xLzEgMTgwNzAvMi8xIDE4MDcxLzMvMSAxODA3Mi80LzEKZiAxODA3My8xLzEgMTgwNzQvMi8xIDE4MDc1LzMvMSAxODA3Ni80LzEKZiAxODA3Ny8xLzEgMTgwNzgvMi8xIDE4MDc5LzMvMSAxODA4MC80LzEKZiAxODA4MS8xLzEgMTgwODIvMi8xIDE4MDgzLzMvMSAxODA4NC80LzEKZiAxODA4NS8xLzEgMTgwODYvMi8xIDE4MDg3LzMvMSAxODA4OC80LzEKZiAxODA4OS8xLzEgMTgwOTAvMi8xIDE4MDkxLzMvMSAxODA5Mi80LzEKZiAxODA5My8xLzEgMTgwOTQvMi8xIDE4MDk1LzMvMSAxODA5Ni80LzEKZiAxODA5Ny8xLzEgMTgwOTgvMi8xIDE4MDk5LzMvMSAxODEwMC80LzEKZiAxODEwMS8xLzEgMTgxMDIvMi8xIDE4MTAzLzMvMSAxODEwNC80LzEKZiAxODEwNS8xLzEgMTgxMDYvMi8xIDE4MTA3LzMvMSAxODEwOC80LzEKZiAxODEwOS8xLzEgMTgxMTAvMi8xIDE4MTExLzMvMSAxODExMi80LzEKZiAxODExMy8xLzEgMTgxMTQvMi8xIDE4MTE1LzMvMSAxODExNi80LzEKZiAxODExNy8xLzEgMTgxMTgvMi8xIDE4MTE5LzMvMSAxODEyMC80LzEKZiAxODEyMS8xLzEgMTgxMjIvMi8xIDE4MTIzLzMvMSAxODEyNC80LzEKZiAxODEyNS8xLzEgMTgxMjYvMi8xIDE4MTI3LzMvMSAxODEyOC80LzEKZiAxODEyOS8xLzEgMTgxMzAvMi8xIDE4MTMxLzMvMSAxODEzMi80LzEKZiAxODEzMy8xLzEgMTgxMzQvMi8xIDE4MTM1LzMvMSAxODEzNi80LzEKZiAxODEzNy8xLzEgMTgxMzgvMi8xIDE4MTM5LzMvMSAxODE0MC80LzEKZiAxODE0MS8xLzEgMTgxNDIvMi8xIDE4MTQzLzMvMSAxODE0NC80LzEKZiAxODE0NS8xLzEgMTgxNDYvMi8xIDE4MTQ3LzMvMSAxODE0OC80LzEKZiAxODE0OS8xLzEgMTgxNTAvMi8xIDE4MTUxLzMvMSAxODE1Mi80LzEKZiAxODE1My8xLzEgMTgxNTQvMi8xIDE4MTU1LzMvMSAxODE1Ni80LzEKZiAxODE1Ny8xLzEgMTgxNTgvMi8xIDE4MTU5LzMvMSAxODE2MC80LzEKZiAxODE2MS8xLzEgMTgxNjIvMi8xIDE4MTYzLzMvMSAxODE2NC80LzEKZiAxODE2NS8xLzEgMTgxNjYvMi8xIDE4MTY3LzMvMSAxODE2OC80LzEKZiAxODE2OS8xLzEgMTgxNzAvMi8xIDE4MTcxLzMvMSAxODE3Mi80LzEKZiAxODE3My8xLzEgMTgxNzQvMi8xIDE4MTc1LzMvMSAxODE3Ni80LzEKZiAxODE3Ny8xLzEgMTgxNzgvMi8xIDE4MTc5LzMvMSAxODE4MC80LzEKZiAxODE4MS8xLzEgMTgxODIvMi8xIDE4MTgzLzMvMSAxODE4NC80LzEKZiAxODE4NS8xLzEgMTgxODYvMi8xIDE4MTg3LzMvMSAxODE4OC80LzEKZiAxODE4OS8xLzEgMTgxOTAvMi8xIDE4MTkxLzMvMSAxODE5Mi80LzEKZiAxODE5My8xLzEgMTgxOTQvMi8xIDE4MTk1LzMvMSAxODE5Ni80LzEKZiAxODE5Ny8xLzEgMTgxOTgvMi8xIDE4MTk5LzMvMSAxODIwMC80LzEKZiAxODIwMS8xLzEgMTgyMDIvMi8xIDE4MjAzLzMvMSAxODIwNC80LzEKZiAxODIwNS8xLzEgMTgyMDYvMi8xIDE4MjA3LzMvMSAxODIwOC80LzEKZiAxODIwOS8xLzEgMTgyMTAvMi8xIDE4MjExLzMvMSAxODIxMi80LzEKZiAxODIxMy8xLzEgMTgyMTQvMi8xIDE4MjE1LzMvMSAxODIxNi80LzEKZiAxODIxNy8xLzEgMTgyMTgvMi8xIDE4MjE5LzMvMSAxODIyMC80LzEKZiAxODIyMS8xLzEgMTgyMjIvMi8xIDE4MjIzLzMvMSAxODIyNC80LzEKZiAxODIyNS8xLzEgMTgyMjYvMi8xIDE4MjI3LzMvMSAxODIyOC80LzEKZiAxODIyOS8xLzEgMTgyMzAvMi8xIDE4MjMxLzMvMSAxODIzMi80LzEKZiAxODIzMy8xLzEgMTgyMzQvMi8xIDE4MjM1LzMvMSAxODIzNi80LzEKZiAxODIzNy8xLzEgMTgyMzgvMi8xIDE4MjM5LzMvMSAxODI0MC80LzEKZiAxODI0MS8xLzEgMTgyNDIvMi8xIDE4MjQzLzMvMSAxODI0NC80LzEKZiAxODI0NS8xLzEgMTgyNDYvMi8xIDE4MjQ3LzMvMSAxODI0OC80LzEKZiAxODI0OS8xLzEgMTgyNTAvMi8xIDE4MjUxLzMvMSAxODI1Mi80LzEKZiAxODI1My8xLzEgMTgyNTQvMi8xIDE4MjU1LzMvMSAxODI1Ni80LzEKZiAxODI1Ny8xLzEgMTgyNTgvMi8xIDE4MjU5LzMvMSAxODI2MC80LzEKZiAxODI2MS8xLzEgMTgyNjIvMi8xIDE4MjYzLzMvMSAxODI2NC80LzEKZiAxODI2NS8xLzEgMTgyNjYvMi8xIDE4MjY3LzMvMSAxODI2OC80LzEKZiAxODI2OS8xLzEgMTgyNzAvMi8xIDE4MjcxLzMvMSAxODI3Mi80LzEKZiAxODI3My8xLzEgMTgyNzQvMi8xIDE4Mjc1LzMvMSAxODI3Ni80LzEKZiAxODI3Ny8xLzEgMTgyNzgvMi8xIDE4Mjc5LzMvMSAxODI4MC80LzEKZiAxODI4MS8xLzEgMTgyODIvMi8xIDE4MjgzLzMvMSAxODI4NC80LzEKZiAxODI4NS8xLzEgMTgyODYvMi8xIDE4Mjg3LzMvMSAxODI4OC80LzEKZiAxODI4OS8xLzEgMTgyOTAvMi8xIDE4MjkxLzMvMSAxODI5Mi80LzEKZiAxODI5My8xLzEgMTgyOTQvMi8xIDE4Mjk1LzMvMSAxODI5Ni80LzEKZiAxODI5Ny8xLzEgMTgyOTgvMi8xIDE4Mjk5LzMvMSAxODMwMC80LzEKZiAxODMwMS8xLzEgMTgzMDIvMi8xIDE4MzAzLzMvMSAxODMwNC80LzEKZiAxODMwNS8xLzEgMTgzMDYvMi8xIDE4MzA3LzMvMSAxODMwOC80LzEKZiAxODMwOS8xLzEgMTgzMTAvMi8xIDE4MzExLzMvMSAxODMxMi80LzEKZiAxODMxMy8xLzEgMTgzMTQvMi8xIDE4MzE1LzMvMSAxODMxNi80LzEKZiAxODMxNy8xLzEgMTgzMTgvMi8xIDE4MzE5LzMvMSAxODMyMC80LzEKZiAxODMyMS8xLzEgMTgzMjIvMi8xIDE4MzIzLzMvMSAxODMyNC80LzEKZiAxODMyNS8xLzEgMTgzMjYvMi8xIDE4MzI3LzMvMSAxODMyOC80LzEKZiAxODMyOS8xLzEgMTgzMzAvMi8xIDE4MzMxLzMvMSAxODMzMi80LzEKZiAxODMzMy8xLzEgMTgzMzQvMi8xIDE4MzM1LzMvMSAxODMzNi80LzEKZiAxODMzNy8xLzEgMTgzMzgvMi8xIDE4MzM5LzMvMSAxODM0MC80LzEKZiAxODM0MS8xLzEgMTgzNDIvMi8xIDE4MzQzLzMvMSAxODM0NC80LzEKZiAxODM0NS8xLzEgMTgzNDYvMi8xIDE4MzQ3LzMvMSAxODM0OC80LzEKZiAxODM0OS8xLzEgMTgzNTAvMi8xIDE4MzUxLzMvMSAxODM1Mi80LzEKZiAxODM1My8xLzEgMTgzNTQvMi8xIDE4MzU1LzMvMSAxODM1Ni80LzEKZiAxODM1Ny8xLzEgMTgzNTgvMi8xIDE4MzU5LzMvMSAxODM2MC80LzEKZiAxODM2MS8xLzEgMTgzNjIvMi8xIDE4MzYzLzMvMSAxODM2NC80LzEKZiAxODM2NS8xLzEgMTgzNjYvMi8xIDE4MzY3LzMvMSAxODM2OC80LzEKZiAxODM2OS8xLzEgMTgzNzAvMi8xIDE4MzcxLzMvMSAxODM3Mi80LzEKZiAxODM3My8xLzEgMTgzNzQvMi8xIDE4Mzc1LzMvMSAxODM3Ni80LzEKZiAxODM3Ny8xLzEgMTgzNzgvMi8xIDE4Mzc5LzMvMSAxODM4MC80LzEKZiAxODM4MS8xLzEgMTgzODIvMi8xIDE4MzgzLzMvMSAxODM4NC80LzEKZiAxODM4NS8xLzEgMTgzODYvMi8xIDE4Mzg3LzMvMSAxODM4OC80LzEKZiAxODM4OS8xLzEgMTgzOTAvMi8xIDE4MzkxLzMvMSAxODM5Mi80LzEKZiAxODM5My8xLzEgMTgzOTQvMi8xIDE4Mzk1LzMvMSAxODM5Ni80LzEKZiAxODM5Ny8xLzEgMTgzOTgvMi8xIDE4Mzk5LzMvMSAxODQwMC80LzEKZiAxODQwMS8xLzEgMTg0MDIvMi8xIDE4NDAzLzMvMSAxODQwNC80LzEKZiAxODQwNS8xLzEgMTg0MDYvMi8xIDE4NDA3LzMvMSAxODQwOC80LzEKZiAxODQwOS8xLzEgMTg0MTAvMi8xIDE4NDExLzMvMSAxODQxMi80LzEKZiAxODQxMy8xLzEgMTg0MTQvMi8xIDE4NDE1LzMvMSAxODQxNi80LzEKZiAxODQxNy8xLzEgMTg0MTgvMi8xIDE4NDE5LzMvMSAxODQyMC80LzEKZiAxODQyMS8xLzEgMTg0MjIvMi8xIDE4NDIzLzMvMSAxODQyNC80LzEKZiAxODQyNS8xLzEgMTg0MjYvMi8xIDE4NDI3LzMvMSAxODQyOC80LzEKZiAxODQyOS8xLzEgMTg0MzAvMi8xIDE4NDMxLzMvMSAxODQzMi80LzEKZiAxODQzMy8xLzEgMTg0MzQvMi8xIDE4NDM1LzMvMSAxODQzNi80LzEKZiAxODQzNy8xLzEgMTg0MzgvMi8xIDE4NDM5LzMvMSAxODQ0MC80LzEKZiAxODQ0MS8xLzEgMTg0NDIvMi8xIDE4NDQzLzMvMSAxODQ0NC80LzEKZiAxODQ0NS8xLzEgMTg0NDYvMi8xIDE4NDQ3LzMvMSAxODQ0OC80LzEKZiAxODQ0OS8xLzEgMTg0NTAvMi8xIDE4NDUxLzMvMSAxODQ1Mi80LzEKZiAxODQ1My8xLzEgMTg0NTQvMi8xIDE4NDU1LzMvMSAxODQ1Ni80LzEKZiAxODQ1Ny8xLzEgMTg0NTgvMi8xIDE4NDU5LzMvMSAxODQ2MC80LzEKZiAxODQ2MS8xLzEgMTg0NjIvMi8xIDE4NDYzLzMvMSAxODQ2NC80LzEKZiAxODQ2NS8xLzEgMTg0NjYvMi8xIDE4NDY3LzMvMSAxODQ2OC80LzEKZiAxODQ2OS8xLzEgMTg0NzAvMi8xIDE4NDcxLzMvMSAxODQ3Mi80LzEKZiAxODQ3My8xLzEgMTg0NzQvMi8xIDE4NDc1LzMvMSAxODQ3Ni80LzEKZiAxODQ3Ny8xLzEgMTg0NzgvMi8xIDE4NDc5LzMvMSAxODQ4MC80LzEKZiAxODQ4MS8xLzEgMTg0ODIvMi8xIDE4NDgzLzMvMSAxODQ4NC80LzEKZiAxODQ4NS8xLzEgMTg0ODYvMi8xIDE4NDg3LzMvMSAxODQ4OC80LzEKZiAxODQ4OS8xLzEgMTg0OTAvMi8xIDE4NDkxLzMvMSAxODQ5Mi80LzEKZiAxODQ5My8xLzEgMTg0OTQvMi8xIDE4NDk1LzMvMSAxODQ5Ni80LzEKZiAxODQ5Ny8xLzEgMTg0OTgvMi8xIDE4NDk5LzMvMSAxODUwMC80LzEKZiAxODUwMS8xLzEgMTg1MDIvMi8xIDE4NTAzLzMvMSAxODUwNC80LzEKZiAxODUwNS8xLzEgMTg1MDYvMi8xIDE4NTA3LzMvMSAxODUwOC80LzEKZiAxODUwOS8xLzEgMTg1MTAvMi8xIDE4NTExLzMvMSAxODUxMi80LzEKZiAxODUxMy8xLzEgMTg1MTQvMi8xIDE4NTE1LzMvMSAxODUxNi80LzEKZiAxODUxNy8xLzEgMTg1MTgvMi8xIDE4NTE5LzMvMSAxODUyMC80LzEKZiAxODUyMS8xLzEgMTg1MjIvMi8xIDE4NTIzLzMvMSAxODUyNC80LzEKZiAxODUyNS8xLzEgMTg1MjYvMi8xIDE4NTI3LzMvMSAxODUyOC80LzEKZiAxODUyOS8xLzEgMTg1MzAvMi8xIDE4NTMxLzMvMSAxODUzMi80LzEKZiAxODUzMy8xLzEgMTg1MzQvMi8xIDE4NTM1LzMvMSAxODUzNi80LzEKZiAxODUzNy8xLzEgMTg1MzgvMi8xIDE4NTM5LzMvMSAxODU0MC80LzEKZiAxODU0MS8xLzEgMTg1NDIvMi8xIDE4NTQzLzMvMSAxODU0NC80LzEKZiAxODU0NS8xLzEgMTg1NDYvMi8xIDE4NTQ3LzMvMSAxODU0OC80LzEKZiAxODU0OS8xLzEgMTg1NTAvMi8xIDE4NTUxLzMvMSAxODU1Mi80LzEKZiAxODU1My8xLzEgMTg1NTQvMi8xIDE4NTU1LzMvMSAxODU1Ni80LzEKZiAxODU1Ny8xLzEgMTg1NTgvMi8xIDE4NTU5LzMvMSAxODU2MC80LzEKZiAxODU2MS8xLzEgMTg1NjIvMi8xIDE4NTYzLzMvMSAxODU2NC80LzEKZiAxODU2NS8xLzEgMTg1NjYvMi8xIDE4NTY3LzMvMSAxODU2OC80LzEKZiAxODU2OS8xLzEgMTg1NzAvMi8xIDE4NTcxLzMvMSAxODU3Mi80LzEKZiAxODU3My8xLzEgMTg1NzQvMi8xIDE4NTc1LzMvMSAxODU3Ni80LzEKZiAxODU3Ny8xLzEgMTg1NzgvMi8xIDE4NTc5LzMvMSAxODU4MC80LzEKZiAxODU4MS8xLzEgMTg1ODIvMi8xIDE4NTgzLzMvMSAxODU4NC80LzEKZiAxODU4NS8xLzEgMTg1ODYvMi8xIDE4NTg3LzMvMSAxODU4OC80LzEKZiAxODU4OS8xLzEgMTg1OTAvMi8xIDE4NTkxLzMvMSAxODU5Mi80LzEKZiAxODU5My8xLzEgMTg1OTQvMi8xIDE4NTk1LzMvMSAxODU5Ni80LzEKZiAxODU5Ny8xLzEgMTg1OTgvMi8xIDE4NTk5LzMvMSAxODYwMC80LzEKZiAxODYwMS8xLzEgMTg2MDIvMi8xIDE4NjAzLzMvMSAxODYwNC80LzEKZiAxODYwNS8xLzEgMTg2MDYvMi8xIDE4NjA3LzMvMSAxODYwOC80LzEKZiAxODYwOS8xLzEgMTg2MTAvMi8xIDE4NjExLzMvMSAxODYxMi80LzEKZiAxODYxMy8xLzEgMTg2MTQvMi8xIDE4NjE1LzMvMSAxODYxNi80LzEKZiAxODYxNy8xLzEgMTg2MTgvMi8xIDE4NjE5LzMvMSAxODYyMC80LzEKZiAxODYyMS8xLzEgMTg2MjIvMi8xIDE4NjIzLzMvMSAxODYyNC80LzEKZiAxODYyNS8xLzEgMTg2MjYvMi8xIDE4NjI3LzMvMSAxODYyOC80LzEKZiAxODYyOS8xLzEgMTg2MzAvMi8xIDE4NjMxLzMvMSAxODYzMi80LzEKZiAxODYzMy8xLzEgMTg2MzQvMi8xIDE4NjM1LzMvMSAxODYzNi80LzEKZiAxODYzNy8xLzEgMTg2MzgvMi8xIDE4NjM5LzMvMSAxODY0MC80LzEKZiAxODY0MS8xLzEgMTg2NDIvMi8xIDE4NjQzLzMvMSAxODY0NC80LzEKZiAxODY0NS8xLzEgMTg2NDYvMi8xIDE4NjQ3LzMvMSAxODY0OC80LzEKZiAxODY0OS8xLzEgMTg2NTAvMi8xIDE4NjUxLzMvMSAxODY1Mi80LzEKZiAxODY1My8xLzEgMTg2NTQvMi8xIDE4NjU1LzMvMSAxODY1Ni80LzEKZiAxODY1Ny8xLzEgMTg2NTgvMi8xIDE4NjU5LzMvMSAxODY2MC80LzEKZiAxODY2MS8xLzEgMTg2NjIvMi8xIDE4NjYzLzMvMSAxODY2NC80LzEKZiAxODY2NS8xLzEgMTg2NjYvMi8xIDE4NjY3LzMvMSAxODY2OC80LzEKZiAxODY2OS8xLzEgMTg2NzAvMi8xIDE4NjcxLzMvMSAxODY3Mi80LzEKZiAxODY3My8xLzEgMTg2NzQvMi8xIDE4Njc1LzMvMSAxODY3Ni80LzEKZiAxODY3Ny8xLzEgMTg2NzgvMi8xIDE4Njc5LzMvMSAxODY4MC80LzEKZiAxODY4MS8xLzEgMTg2ODIvMi8xIDE4NjgzLzMvMSAxODY4NC80LzEKZiAxODY4NS8xLzEgMTg2ODYvMi8xIDE4Njg3LzMvMSAxODY4OC80LzEKZiAxODY4OS8xLzEgMTg2OTAvMi8xIDE4NjkxLzMvMSAxODY5Mi80LzEKZiAxODY5My8xLzEgMTg2OTQvMi8xIDE4Njk1LzMvMSAxODY5Ni80LzEKZiAxODY5Ny8xLzEgMTg2OTgvMi8xIDE4Njk5LzMvMSAxODcwMC80LzEKZiAxODcwMS8xLzEgMTg3MDIvMi8xIDE4NzAzLzMvMSAxODcwNC80LzEKZiAxODcwNS8xLzEgMTg3MDYvMi8xIDE4NzA3LzMvMSAxODcwOC80LzEKZiAxODcwOS8xLzEgMTg3MTAvMi8xIDE4NzExLzMvMSAxODcxMi80LzEKZiAxODcxMy8xLzEgMTg3MTQvMi8xIDE4NzE1LzMvMSAxODcxNi80LzEKZiAxODcxNy8xLzEgMTg3MTgvMi8xIDE4NzE5LzMvMSAxODcyMC80LzEKZiAxODcyMS8xLzEgMTg3MjIvMi8xIDE4NzIzLzMvMSAxODcyNC80LzEKZiAxODcyNS8xLzEgMTg3MjYvMi8xIDE4NzI3LzMvMSAxODcyOC80LzEKZiAxODcyOS8xLzEgMTg3MzAvMi8xIDE4NzMxLzMvMSAxODczMi80LzEKZiAxODczMy8xLzEgMTg3MzQvMi8xIDE4NzM1LzMvMSAxODczNi80LzEKZiAxODczNy8xLzEgMTg3MzgvMi8xIDE4NzM5LzMvMSAxODc0MC80LzEKZiAxODc0MS8xLzEgMTg3NDIvMi8xIDE4NzQzLzMvMSAxODc0NC80LzEKZiAxODc0NS8xLzEgMTg3NDYvMi8xIDE4NzQ3LzMvMSAxODc0OC80LzEKZiAxODc0OS8xLzEgMTg3NTAvMi8xIDE4NzUxLzMvMSAxODc1Mi80LzEKZiAxODc1My8xLzEgMTg3NTQvMi8xIDE4NzU1LzMvMSAxODc1Ni80LzEKZiAxODc1Ny8xLzEgMTg3NTgvMi8xIDE4NzU5LzMvMSAxODc2MC80LzEKZiAxODc2MS8xLzEgMTg3NjIvMi8xIDE4NzYzLzMvMSAxODc2NC80LzEKZiAxODc2NS8xLzEgMTg3NjYvMi8xIDE4NzY3LzMvMSAxODc2OC80LzEKZiAxODc2OS8xLzEgMTg3NzAvMi8xIDE4NzcxLzMvMSAxODc3Mi80LzEKZiAxODc3My8xLzEgMTg3NzQvMi8xIDE4Nzc1LzMvMSAxODc3Ni80LzEKZiAxODc3Ny8xLzEgMTg3NzgvMi8xIDE4Nzc5LzMvMSAxODc4MC80LzEKZiAxODc4MS8xLzEgMTg3ODIvMi8xIDE4NzgzLzMvMSAxODc4NC80LzEKZiAxODc4NS8xLzEgMTg3ODYvMi8xIDE4Nzg3LzMvMSAxODc4OC80LzEKZiAxODc4OS8xLzEgMTg3OTAvMi8xIDE4NzkxLzMvMSAxODc5Mi80LzEKZiAxODc5My8xLzEgMTg3OTQvMi8xIDE4Nzk1LzMvMSAxODc5Ni80LzEKZiAxODc5Ny8xLzEgMTg3OTgvMi8xIDE4Nzk5LzMvMSAxODgwMC80LzEKZiAxODgwMS8xLzEgMTg4MDIvMi8xIDE4ODAzLzMvMSAxODgwNC80LzEKZiAxODgwNS8xLzEgMTg4MDYvMi8xIDE4ODA3LzMvMSAxODgwOC80LzEKZiAxODgwOS8xLzEgMTg4MTAvMi8xIDE4ODExLzMvMSAxODgxMi80LzEKZiAxODgxMy8xLzEgMTg4MTQvMi8xIDE4ODE1LzMvMSAxODgxNi80LzEKZiAxODgxNy8xLzEgMTg4MTgvMi8xIDE4ODE5LzMvMSAxODgyMC80LzEKZiAxODgyMS8xLzEgMTg4MjIvMi8xIDE4ODIzLzMvMSAxODgyNC80LzEKZiAxODgyNS8xLzEgMTg4MjYvMi8xIDE4ODI3LzMvMSAxODgyOC80LzEKZiAxODgyOS8xLzEgMTg4MzAvMi8xIDE4ODMxLzMvMSAxODgzMi80LzEKZiAxODgzMy8xLzEgMTg4MzQvMi8xIDE4ODM1LzMvMSAxODgzNi80LzEKZiAxODgzNy8xLzEgMTg4MzgvMi8xIDE4ODM5LzMvMSAxODg0MC80LzEKZiAxODg0MS8xLzEgMTg4NDIvMi8xIDE4ODQzLzMvMSAxODg0NC80LzEKZiAxODg0NS8xLzEgMTg4NDYvMi8xIDE4ODQ3LzMvMSAxODg0OC80LzEKZiAxODg0OS8xLzEgMTg4NTAvMi8xIDE4ODUxLzMvMSAxODg1Mi80LzEKZiAxODg1My8xLzEgMTg4NTQvMi8xIDE4ODU1LzMvMSAxODg1Ni80LzEKZiAxODg1Ny8xLzEgMTg4NTgvMi8xIDE4ODU5LzMvMSAxODg2MC80LzEKZiAxODg2MS8xLzEgMTg4NjIvMi8xIDE4ODYzLzMvMSAxODg2NC80LzEKZiAxODg2NS8xLzEgMTg4NjYvMi8xIDE4ODY3LzMvMSAxODg2OC80LzEKZiAxODg2OS8xLzEgMTg4NzAvMi8xIDE4ODcxLzMvMSAxODg3Mi80LzEKZiAxODg3My8xLzEgMTg4NzQvMi8xIDE4ODc1LzMvMSAxODg3Ni80LzEKZiAxODg3Ny8xLzEgMTg4NzgvMi8xIDE4ODc5LzMvMSAxODg4MC80LzEKZiAxODg4MS8xLzEgMTg4ODIvMi8xIDE4ODgzLzMvMSAxODg4NC80LzEKZiAxODg4NS8xLzEgMTg4ODYvMi8xIDE4ODg3LzMvMSAxODg4OC80LzEKZiAxODg4OS8xLzEgMTg4OTAvMi8xIDE4ODkxLzMvMSAxODg5Mi80LzEKZiAxODg5My8xLzEgMTg4OTQvMi8xIDE4ODk1LzMvMSAxODg5Ni80LzEKZiAxODg5Ny8xLzEgMTg4OTgvMi8xIDE4ODk5LzMvMSAxODkwMC80LzEKZiAxODkwMS8xLzEgMTg5MDIvMi8xIDE4OTAzLzMvMSAxODkwNC80LzEKZiAxODkwNS8xLzEgMTg5MDYvMi8xIDE4OTA3LzMvMSAxODkwOC80LzEKZiAxODkwOS8xLzEgMTg5MTAvMi8xIDE4OTExLzMvMSAxODkxMi80LzEKZiAxODkxMy8xLzEgMTg5MTQvMi8xIDE4OTE1LzMvMSAxODkxNi80LzEKZiAxODkxNy8xLzEgMTg5MTgvMi8xIDE4OTE5LzMvMSAxODkyMC80LzEKZiAxODkyMS8xLzEgMTg5MjIvMi8xIDE4OTIzLzMvMSAxODkyNC80LzEKZiAxODkyNS8xLzEgMTg5MjYvMi8xIDE4OTI3LzMvMSAxODkyOC80LzEKZiAxODkyOS8xLzEgMTg5MzAvMi8xIDE4OTMxLzMvMSAxODkzMi80LzEKZiAxODkzMy8xLzEgMTg5MzQvMi8xIDE4OTM1LzMvMSAxODkzNi80LzEKZiAxODkzNy8xLzEgMTg5MzgvMi8xIDE4OTM5LzMvMSAxODk0MC80LzEKZiAxODk0MS8xLzEgMTg5NDIvMi8xIDE4OTQzLzMvMSAxODk0NC80LzEKZiAxODk0NS8xLzEgMTg5NDYvMi8xIDE4OTQ3LzMvMSAxODk0OC80LzEKZiAxODk0OS8xLzEgMTg5NTAvMi8xIDE4OTUxLzMvMSAxODk1Mi80LzEKZiAxODk1My8xLzEgMTg5NTQvMi8xIDE4OTU1LzMvMSAxODk1Ni80LzEKZiAxODk1Ny8xLzEgMTg5NTgvMi8xIDE4OTU5LzMvMSAxODk2MC80LzEKZiAxODk2MS8xLzEgMTg5NjIvMi8xIDE4OTYzLzMvMSAxODk2NC80LzEKZiAxODk2NS8xLzEgMTg5NjYvMi8xIDE4OTY3LzMvMSAxODk2OC80LzEKZiAxODk2OS8xLzEgMTg5NzAvMi8xIDE4OTcxLzMvMSAxODk3Mi80LzEKZiAxODk3My8xLzEgMTg5NzQvMi8xIDE4OTc1LzMvMSAxODk3Ni80LzEKZiAxODk3Ny8xLzEgMTg5NzgvMi8xIDE4OTc5LzMvMSAxODk4MC80LzEKZiAxODk4MS8xLzEgMTg5ODIvMi8xIDE4OTgzLzMvMSAxODk4NC80LzEKZiAxODk4NS8xLzEgMTg5ODYvMi8xIDE4OTg3LzMvMSAxODk4OC80LzEKZiAxODk4OS8xLzEgMTg5OTAvMi8xIDE4OTkxLzMvMSAxODk5Mi80LzEKZiAxODk5My8xLzEgMTg5OTQvMi8xIDE4OTk1LzMvMSAxODk5Ni80LzEKZiAxODk5Ny8xLzEgMTg5OTgvMi8xIDE4OTk5LzMvMSAxOTAwMC80LzEKZiAxOTAwMS8xLzEgMTkwMDIvMi8xIDE5MDAzLzMvMSAxOTAwNC80LzEKZiAxOTAwNS8xLzEgMTkwMDYvMi8xIDE5MDA3LzMvMSAxOTAwOC80LzEKZiAxOTAwOS8xLzEgMTkwMTAvMi8xIDE5MDExLzMvMSAxOTAxMi80LzEKZiAxOTAxMy8xLzEgMTkwMTQvMi8xIDE5MDE1LzMvMSAxOTAxNi80LzEKZiAxOTAxNy8xLzEgMTkwMTgvMi8xIDE5MDE5LzMvMSAxOTAyMC80LzEKZiAxOTAyMS8xLzEgMTkwMjIvMi8xIDE5MDIzLzMvMSAxOTAyNC80LzEKZiAxOTAyNS8xLzEgMTkwMjYvMi8xIDE5MDI3LzMvMSAxOTAyOC80LzEKZiAxOTAyOS8xLzEgMTkwMzAvMi8xIDE5MDMxLzMvMSAxOTAzMi80LzEKZiAxOTAzMy8xLzEgMTkwMzQvMi8xIDE5MDM1LzMvMSAxOTAzNi80LzEKZiAxOTAzNy8xLzEgMTkwMzgvMi8xIDE5MDM5LzMvMSAxOTA0MC80LzEKZiAxOTA0MS8xLzEgMTkwNDIvMi8xIDE5MDQzLzMvMSAxOTA0NC80LzEKZiAxOTA0NS8xLzEgMTkwNDYvMi8xIDE5MDQ3LzMvMSAxOTA0OC80LzEKZiAxOTA0OS8xLzEgMTkwNTAvMi8xIDE5MDUxLzMvMSAxOTA1Mi80LzEKZiAxOTA1My8xLzEgMTkwNTQvMi8xIDE5MDU1LzMvMSAxOTA1Ni80LzEKZiAxOTA1Ny8xLzEgMTkwNTgvMi8xIDE5MDU5LzMvMSAxOTA2MC80LzEKZiAxOTA2MS8xLzEgMTkwNjIvMi8xIDE5MDYzLzMvMSAxOTA2NC80LzEKZiAxOTA2NS8xLzEgMTkwNjYvMi8xIDE5MDY3LzMvMSAxOTA2OC80LzEKZiAxOTA2OS8xLzEgMTkwNzAvMi8xIDE5MDcxLzMvMSAxOTA3Mi80LzEKZiAxOTA3My8xLzEgMTkwNzQvMi8xIDE5MDc1LzMvMSAxOTA3Ni80LzEKZiAxOTA3Ny8xLzEgMTkwNzgvMi8xIDE5MDc5LzMvMSAxOTA4MC80LzEKZiAxOTA4MS8xLzEgMTkwODIvMi8xIDE5MDgzLzMvMSAxOTA4NC80LzEKZiAxOTA4NS8xLzEgMTkwODYvMi8xIDE5MDg3LzMvMSAxOTA4OC80LzEKZiAxOTA4OS8xLzEgMTkwOTAvMi8xIDE5MDkxLzMvMSAxOTA5Mi80LzEKZiAxOTA5My8xLzEgMTkwOTQvMi8xIDE5MDk1LzMvMSAxOTA5Ni80LzEKZiAxOTA5Ny8xLzEgMTkwOTgvMi8xIDE5MDk5LzMvMSAxOTEwMC80LzEKZiAxOTEwMS8xLzEgMTkxMDIvMi8xIDE5MTAzLzMvMSAxOTEwNC80LzEKZiAxOTEwNS8xLzEgMTkxMDYvMi8xIDE5MTA3LzMvMSAxOTEwOC80LzEKZiAxOTEwOS8xLzEgMTkxMTAvMi8xIDE5MTExLzMvMSAxOTExMi80LzEKZiAxOTExMy8xLzEgMTkxMTQvMi8xIDE5MTE1LzMvMSAxOTExNi80LzEKZiAxOTExNy8xLzEgMTkxMTgvMi8xIDE5MTE5LzMvMSAxOTEyMC80LzEKZiAxOTEyMS8xLzEgMTkxMjIvMi8xIDE5MTIzLzMvMSAxOTEyNC80LzEKZiAxOTEyNS8xLzEgMTkxMjYvMi8xIDE5MTI3LzMvMSAxOTEyOC80LzEKZiAxOTEyOS8xLzEgMTkxMzAvMi8xIDE5MTMxLzMvMSAxOTEzMi80LzEKZiAxOTEzMy8xLzEgMTkxMzQvMi8xIDE5MTM1LzMvMSAxOTEzNi80LzEKZiAxOTEzNy8xLzEgMTkxMzgvMi8xIDE5MTM5LzMvMSAxOTE0MC80LzEKZiAxOTE0MS8xLzEgMTkxNDIvMi8xIDE5MTQzLzMvMSAxOTE0NC80LzEKZiAxOTE0NS8xLzEgMTkxNDYvMi8xIDE5MTQ3LzMvMSAxOTE0OC80LzEKZiAxOTE0OS8xLzEgMTkxNTAvMi8xIDE5MTUxLzMvMSAxOTE1Mi80LzEKZiAxOTE1My8xLzEgMTkxNTQvMi8xIDE5MTU1LzMvMSAxOTE1Ni80LzEKZiAxOTE1Ny8xLzEgMTkxNTgvMi8xIDE5MTU5LzMvMSAxOTE2MC80LzEKZiAxOTE2MS8xLzEgMTkxNjIvMi8xIDE5MTYzLzMvMSAxOTE2NC80LzEKZiAxOTE2NS8xLzEgMTkxNjYvMi8xIDE5MTY3LzMvMSAxOTE2OC80LzEKZiAxOTE2OS8xLzEgMTkxNzAvMi8xIDE5MTcxLzMvMSAxOTE3Mi80LzEKZiAxOTE3My8xLzEgMTkxNzQvMi8xIDE5MTc1LzMvMSAxOTE3Ni80LzEKZiAxOTE3Ny8xLzEgMTkxNzgvMi8xIDE5MTc5LzMvMSAxOTE4MC80LzEKZiAxOTE4MS8xLzEgMTkxODIvMi8xIDE5MTgzLzMvMSAxOTE4NC80LzEKZiAxOTE4NS8xLzEgMTkxODYvMi8xIDE5MTg3LzMvMSAxOTE4OC80LzEKZiAxOTE4OS8xLzEgMTkxOTAvMi8xIDE5MTkxLzMvMSAxOTE5Mi80LzEKZiAxOTE5My8xLzEgMTkxOTQvMi8xIDE5MTk1LzMvMSAxOTE5Ni80LzEKZiAxOTE5Ny8xLzEgMTkxOTgvMi8xIDE5MTk5LzMvMSAxOTIwMC80LzEKZiAxOTIwMS8xLzEgMTkyMDIvMi8xIDE5MjAzLzMvMSAxOTIwNC80LzEKZiAxOTIwNS8xLzEgMTkyMDYvMi8xIDE5MjA3LzMvMSAxOTIwOC80LzEKZiAxOTIwOS8xLzEgMTkyMTAvMi8xIDE5MjExLzMvMSAxOTIxMi80LzEKZiAxOTIxMy8xLzEgMTkyMTQvMi8xIDE5MjE1LzMvMSAxOTIxNi80LzEKZiAxOTIxNy8xLzEgMTkyMTgvMi8xIDE5MjE5LzMvMSAxOTIyMC80LzEKZiAxOTIyMS8xLzEgMTkyMjIvMi8xIDE5MjIzLzMvMSAxOTIyNC80LzEKZiAxOTIyNS8xLzEgMTkyMjYvMi8xIDE5MjI3LzMvMSAxOTIyOC80LzEKZiAxOTIyOS8xLzEgMTkyMzAvMi8xIDE5MjMxLzMvMSAxOTIzMi80LzEKZiAxOTIzMy8xLzEgMTkyMzQvMi8xIDE5MjM1LzMvMSAxOTIzNi80LzEKZiAxOTIzNy8xLzEgMTkyMzgvMi8xIDE5MjM5LzMvMSAxOTI0MC80LzEKZiAxOTI0MS8xLzEgMTkyNDIvMi8xIDE5MjQzLzMvMSAxOTI0NC80LzEKZiAxOTI0NS8xLzEgMTkyNDYvMi8xIDE5MjQ3LzMvMSAxOTI0OC80LzEKZiAxOTI0OS8xLzEgMTkyNTAvMi8xIDE5MjUxLzMvMSAxOTI1Mi80LzEKZiAxOTI1My8xLzEgMTkyNTQvMi8xIDE5MjU1LzMvMSAxOTI1Ni80LzEKZiAxOTI1Ny8xLzEgMTkyNTgvMi8xIDE5MjU5LzMvMSAxOTI2MC80LzEKZiAxOTI2MS8xLzEgMTkyNjIvMi8xIDE5MjYzLzMvMSAxOTI2NC80LzEKZiAxOTI2NS8xLzEgMTkyNjYvMi8xIDE5MjY3LzMvMSAxOTI2OC80LzEKZiAxOTI2OS8xLzEgMTkyNzAvMi8xIDE5MjcxLzMvMSAxOTI3Mi80LzEKZiAxOTI3My8xLzEgMTkyNzQvMi8xIDE5Mjc1LzMvMSAxOTI3Ni80LzEKZiAxOTI3Ny8xLzEgMTkyNzgvMi8xIDE5Mjc5LzMvMSAxOTI4MC80LzEKZiAxOTI4MS8xLzEgMTkyODIvMi8xIDE5MjgzLzMvMSAxOTI4NC80LzEKZiAxOTI4NS8xLzEgMTkyODYvMi8xIDE5Mjg3LzMvMSAxOTI4OC80LzEKZiAxOTI4OS8xLzEgMTkyOTAvMi8xIDE5MjkxLzMvMSAxOTI5Mi80LzEKZiAxOTI5My8xLzEgMTkyOTQvMi8xIDE5Mjk1LzMvMSAxOTI5Ni80LzEKZiAxOTI5Ny8xLzEgMTkyOTgvMi8xIDE5Mjk5LzMvMSAxOTMwMC80LzEKZiAxOTMwMS8xLzEgMTkzMDIvMi8xIDE5MzAzLzMvMSAxOTMwNC80LzEKZiAxOTMwNS8xLzEgMTkzMDYvMi8xIDE5MzA3LzMvMSAxOTMwOC80LzEKZiAxOTMwOS8xLzEgMTkzMTAvMi8xIDE5MzExLzMvMSAxOTMxMi80LzEKZiAxOTMxMy8xLzEgMTkzMTQvMi8xIDE5MzE1LzMvMSAxOTMxNi80LzEKZiAxOTMxNy8xLzEgMTkzMTgvMi8xIDE5MzE5LzMvMSAxOTMyMC80LzEKZiAxOTMyMS8xLzEgMTkzMjIvMi8xIDE5MzIzLzMvMSAxOTMyNC80LzEKZiAxOTMyNS8xLzEgMTkzMjYvMi8xIDE5MzI3LzMvMSAxOTMyOC80LzEKZiAxOTMyOS8xLzEgMTkzMzAvMi8xIDE5MzMxLzMvMSAxOTMzMi80LzEKZiAxOTMzMy8xLzEgMTkzMzQvMi8xIDE5MzM1LzMvMSAxOTMzNi80LzEKZiAxOTMzNy8xLzEgMTkzMzgvMi8xIDE5MzM5LzMvMSAxOTM0MC80LzEKZiAxOTM0MS8xLzEgMTkzNDIvMi8xIDE5MzQzLzMvMSAxOTM0NC80LzEKZiAxOTM0NS8xLzEgMTkzNDYvMi8xIDE5MzQ3LzMvMSAxOTM0OC80LzEKZiAxOTM0OS8xLzEgMTkzNTAvMi8xIDE5MzUxLzMvMSAxOTM1Mi80LzEKZiAxOTM1My8xLzEgMTkzNTQvMi8xIDE5MzU1LzMvMSAxOTM1Ni80LzEKZiAxOTM1Ny8xLzEgMTkzNTgvMi8xIDE5MzU5LzMvMSAxOTM2MC80LzEKZiAxOTM2MS8xLzEgMTkzNjIvMi8xIDE5MzYzLzMvMSAxOTM2NC80LzEKZiAxOTM2NS8xLzEgMTkzNjYvMi8xIDE5MzY3LzMvMSAxOTM2OC80LzEKZiAxOTM2OS8xLzEgMTkzNzAvMi8xIDE5MzcxLzMvMSAxOTM3Mi80LzEKZiAxOTM3My8xLzEgMTkzNzQvMi8xIDE5Mzc1LzMvMSAxOTM3Ni80LzEKZiAxOTM3Ny8xLzEgMTkzNzgvMi8xIDE5Mzc5LzMvMSAxOTM4MC80LzEKZiAxOTM4MS8xLzEgMTkzODIvMi8xIDE5MzgzLzMvMSAxOTM4NC80LzEKZiAxOTM4NS8xLzEgMTkzODYvMi8xIDE5Mzg3LzMvMSAxOTM4OC80LzEKZiAxOTM4OS8xLzEgMTkzOTAvMi8xIDE5MzkxLzMvMSAxOTM5Mi80LzEKZiAxOTM5My8xLzEgMTkzOTQvMi8xIDE5Mzk1LzMvMSAxOTM5Ni80LzEKZiAxOTM5Ny8xLzEgMTkzOTgvMi8xIDE5Mzk5LzMvMSAxOTQwMC80LzEKZiAxOTQwMS8xLzEgMTk0MDIvMi8xIDE5NDAzLzMvMSAxOTQwNC80LzEKZiAxOTQwNS8xLzEgMTk0MDYvMi8xIDE5NDA3LzMvMSAxOTQwOC80LzEKZiAxOTQwOS8xLzEgMTk0MTAvMi8xIDE5NDExLzMvMSAxOTQxMi80LzEKZiAxOTQxMy8xLzEgMTk0MTQvMi8xIDE5NDE1LzMvMSAxOTQxNi80LzEKZiAxOTQxNy8xLzEgMTk0MTgvMi8xIDE5NDE5LzMvMSAxOTQyMC80LzEKZiAxOTQyMS8xLzEgMTk0MjIvMi8xIDE5NDIzLzMvMSAxOTQyNC80LzEKZiAxOTQyNS8xLzEgMTk0MjYvMi8xIDE5NDI3LzMvMSAxOTQyOC80LzEKZiAxOTQyOS8xLzEgMTk0MzAvMi8xIDE5NDMxLzMvMSAxOTQzMi80LzEKZiAxOTQzMy8xLzEgMTk0MzQvMi8xIDE5NDM1LzMvMSAxOTQzNi80LzEKZiAxOTQzNy8xLzEgMTk0MzgvMi8xIDE5NDM5LzMvMSAxOTQ0MC80LzEKZiAxOTQ0MS8xLzEgMTk0NDIvMi8xIDE5NDQzLzMvMSAxOTQ0NC80LzEKZiAxOTQ0NS8xLzEgMTk0NDYvMi8xIDE5NDQ3LzMvMSAxOTQ0OC80LzEKZiAxOTQ0OS8xLzEgMTk0NTAvMi8xIDE5NDUxLzMvMSAxOTQ1Mi80LzEKZiAxOTQ1My8xLzEgMTk0NTQvMi8xIDE5NDU1LzMvMSAxOTQ1Ni80LzEKZiAxOTQ1Ny8xLzEgMTk0NTgvMi8xIDE5NDU5LzMvMSAxOTQ2MC80LzEKZiAxOTQ2MS8xLzEgMTk0NjIvMi8xIDE5NDYzLzMvMSAxOTQ2NC80LzEKZiAxOTQ2NS8xLzEgMTk0NjYvMi8xIDE5NDY3LzMvMSAxOTQ2OC80LzEKZiAxOTQ2OS8xLzEgMTk0NzAvMi8xIDE5NDcxLzMvMSAxOTQ3Mi80LzEKZiAxOTQ3My8xLzEgMTk0NzQvMi8xIDE5NDc1LzMvMSAxOTQ3Ni80LzEKZiAxOTQ3Ny8xLzEgMTk0NzgvMi8xIDE5NDc5LzMvMSAxOTQ4MC80LzEKZiAxOTQ4MS8xLzEgMTk0ODIvMi8xIDE5NDgzLzMvMSAxOTQ4NC80LzEKZiAxOTQ4NS8xLzEgMTk0ODYvMi8xIDE5NDg3LzMvMSAxOTQ4OC80LzEKZiAxOTQ4OS8xLzEgMTk0OTAvMi8xIDE5NDkxLzMvMSAxOTQ5Mi80LzEKZiAxOTQ5My8xLzEgMTk0OTQvMi8xIDE5NDk1LzMvMSAxOTQ5Ni80LzEKZiAxOTQ5Ny8xLzEgMTk0OTgvMi8xIDE5NDk5LzMvMSAxOTUwMC80LzEKZiAxOTUwMS8xLzEgMTk1MDIvMi8xIDE5NTAzLzMvMSAxOTUwNC80LzEKZiAxOTUwNS8xLzEgMTk1MDYvMi8xIDE5NTA3LzMvMSAxOTUwOC80LzEKZiAxOTUwOS8xLzEgMTk1MTAvMi8xIDE5NTExLzMvMSAxOTUxMi80LzEKZiAxOTUxMy8xLzEgMTk1MTQvMi8xIDE5NTE1LzMvMSAxOTUxNi80LzEKZiAxOTUxNy8xLzEgMTk1MTgvMi8xIDE5NTE5LzMvMSAxOTUyMC80LzEKZiAxOTUyMS8xLzEgMTk1MjIvMi8xIDE5NTIzLzMvMSAxOTUyNC80LzEKZiAxOTUyNS8xLzEgMTk1MjYvMi8xIDE5NTI3LzMvMSAxOTUyOC80LzEKZiAxOTUyOS8xLzEgMTk1MzAvMi8xIDE5NTMxLzMvMSAxOTUzMi80LzEKZiAxOTUzMy8xLzEgMTk1MzQvMi8xIDE5NTM1LzMvMSAxOTUzNi80LzEKZiAxOTUzNy8xLzEgMTk1MzgvMi8xIDE5NTM5LzMvMSAxOTU0MC80LzEKZiAxOTU0MS8xLzEgMTk1NDIvMi8xIDE5NTQzLzMvMSAxOTU0NC80LzEKZiAxOTU0NS8xLzEgMTk1NDYvMi8xIDE5NTQ3LzMvMSAxOTU0OC80LzEKZiAxOTU0OS8xLzEgMTk1NTAvMi8xIDE5NTUxLzMvMSAxOTU1Mi80LzEKZiAxOTU1My8xLzEgMTk1NTQvMi8xIDE5NTU1LzMvMSAxOTU1Ni80LzEKZiAxOTU1Ny8xLzEgMTk1NTgvMi8xIDE5NTU5LzMvMSAxOTU2MC80LzEKZiAxOTU2MS8xLzEgMTk1NjIvMi8xIDE5NTYzLzMvMSAxOTU2NC80LzEKZiAxOTU2NS8xLzEgMTk1NjYvMi8xIDE5NTY3LzMvMSAxOTU2OC80LzEKZiAxOTU2OS8xLzEgMTk1NzAvMi8xIDE5NTcxLzMvMSAxOTU3Mi80LzEKZiAxOTU3My8xLzEgMTk1NzQvMi8xIDE5NTc1LzMvMSAxOTU3Ni80LzEKZiAxOTU3Ny8xLzEgMTk1NzgvMi8xIDE5NTc5LzMvMSAxOTU4MC80LzEKZiAxOTU4MS8xLzEgMTk1ODIvMi8xIDE5NTgzLzMvMSAxOTU4NC80LzEKZiAxOTU4NS8xLzEgMTk1ODYvMi8xIDE5NTg3LzMvMSAxOTU4OC80LzEKZiAxOTU4OS8xLzEgMTk1OTAvMi8xIDE5NTkxLzMvMSAxOTU5Mi80LzEKZiAxOTU5My8xLzEgMTk1OTQvMi8xIDE5NTk1LzMvMSAxOTU5Ni80LzEKZiAxOTU5Ny8xLzEgMTk1OTgvMi8xIDE5NTk5LzMvMSAxOTYwMC80LzEKZiAxOTYwMS8xLzEgMTk2MDIvMi8xIDE5NjAzLzMvMSAxOTYwNC80LzEKZiAxOTYwNS8xLzEgMTk2MDYvMi8xIDE5NjA3LzMvMSAxOTYwOC80LzEKZiAxOTYwOS8xLzEgMTk2MTAvMi8xIDE5NjExLzMvMSAxOTYxMi80LzEKZiAxOTYxMy8xLzEgMTk2MTQvMi8xIDE5NjE1LzMvMSAxOTYxNi80LzEKZiAxOTYxNy8xLzEgMTk2MTgvMi8xIDE5NjE5LzMvMSAxOTYyMC80LzEKZiAxOTYyMS8xLzEgMTk2MjIvMi8xIDE5NjIzLzMvMSAxOTYyNC80LzEKZiAxOTYyNS8xLzEgMTk2MjYvMi8xIDE5NjI3LzMvMSAxOTYyOC80LzEKZiAxOTYyOS8xLzEgMTk2MzAvMi8xIDE5NjMxLzMvMSAxOTYzMi80LzEKZiAxOTYzMy8xLzEgMTk2MzQvMi8xIDE5NjM1LzMvMSAxOTYzNi80LzEKZiAxOTYzNy8xLzEgMTk2MzgvMi8xIDE5NjM5LzMvMSAxOTY0MC80LzEKZiAxOTY0MS8xLzEgMTk2NDIvMi8xIDE5NjQzLzMvMSAxOTY0NC80LzEKZiAxOTY0NS8xLzEgMTk2NDYvMi8xIDE5NjQ3LzMvMSAxOTY0OC80LzEKZiAxOTY0OS8xLzEgMTk2NTAvMi8xIDE5NjUxLzMvMSAxOTY1Mi80LzEKZiAxOTY1My8xLzEgMTk2NTQvMi8xIDE5NjU1LzMvMSAxOTY1Ni80LzEKZiAxOTY1Ny8xLzEgMTk2NTgvMi8xIDE5NjU5LzMvMSAxOTY2MC80LzEKZiAxOTY2MS8xLzEgMTk2NjIvMi8xIDE5NjYzLzMvMSAxOTY2NC80LzEKZiAxOTY2NS8xLzEgMTk2NjYvMi8xIDE5NjY3LzMvMSAxOTY2OC80LzEKZiAxOTY2OS8xLzEgMTk2NzAvMi8xIDE5NjcxLzMvMSAxOTY3Mi80LzEKZiAxOTY3My8xLzEgMTk2NzQvMi8xIDE5Njc1LzMvMSAxOTY3Ni80LzEKZiAxOTY3Ny8xLzEgMTk2NzgvMi8xIDE5Njc5LzMvMSAxOTY4MC80LzEKZiAxOTY4MS8xLzEgMTk2ODIvMi8xIDE5NjgzLzMvMSAxOTY4NC80LzEKZiAxOTY4NS8xLzEgMTk2ODYvMi8xIDE5Njg3LzMvMSAxOTY4OC80LzEKZiAxOTY4OS8xLzEgMTk2OTAvMi8xIDE5NjkxLzMvMSAxOTY5Mi80LzEKZiAxOTY5My8xLzEgMTk2OTQvMi8xIDE5Njk1LzMvMSAxOTY5Ni80LzEKZiAxOTY5Ny8xLzEgMTk2OTgvMi8xIDE5Njk5LzMvMSAxOTcwMC80LzEKZiAxOTcwMS8xLzEgMTk3MDIvMi8xIDE5NzAzLzMvMSAxOTcwNC80LzEKZiAxOTcwNS8xLzEgMTk3MDYvMi8xIDE5NzA3LzMvMSAxOTcwOC80LzEKZiAxOTcwOS8xLzEgMTk3MTAvMi8xIDE5NzExLzMvMSAxOTcxMi80LzEKZiAxOTcxMy8xLzEgMTk3MTQvMi8xIDE5NzE1LzMvMSAxOTcxNi80LzEKZiAxOTcxNy8xLzEgMTk3MTgvMi8xIDE5NzE5LzMvMSAxOTcyMC80LzEKZiAxOTcyMS8xLzEgMTk3MjIvMi8xIDE5NzIzLzMvMSAxOTcyNC80LzEKZiAxOTcyNS8xLzEgMTk3MjYvMi8xIDE5NzI3LzMvMSAxOTcyOC80LzEKZiAxOTcyOS8xLzEgMTk3MzAvMi8xIDE5NzMxLzMvMSAxOTczMi80LzEKZiAxOTczMy8xLzEgMTk3MzQvMi8xIDE5NzM1LzMvMSAxOTczNi80LzEKZiAxOTczNy8xLzEgMTk3MzgvMi8xIDE5NzM5LzMvMSAxOTc0MC80LzEKZiAxOTc0MS8xLzEgMTk3NDIvMi8xIDE5NzQzLzMvMSAxOTc0NC80LzEKZiAxOTc0NS8xLzEgMTk3NDYvMi8xIDE5NzQ3LzMvMSAxOTc0OC80LzEKZiAxOTc0OS8xLzEgMTk3NTAvMi8xIDE5NzUxLzMvMSAxOTc1Mi80LzEKZiAxOTc1My8xLzEgMTk3NTQvMi8xIDE5NzU1LzMvMSAxOTc1Ni80LzEKZiAxOTc1Ny8xLzEgMTk3NTgvMi8xIDE5NzU5LzMvMSAxOTc2MC80LzEKZiAxOTc2MS8xLzEgMTk3NjIvMi8xIDE5NzYzLzMvMSAxOTc2NC80LzEKZiAxOTc2NS8xLzEgMTk3NjYvMi8xIDE5NzY3LzMvMSAxOTc2OC80LzEKZiAxOTc2OS8xLzEgMTk3NzAvMi8xIDE5NzcxLzMvMSAxOTc3Mi80LzEKZiAxOTc3My8xLzEgMTk3NzQvMi8xIDE5Nzc1LzMvMSAxOTc3Ni80LzEKZiAxOTc3Ny8xLzEgMTk3NzgvMi8xIDE5Nzc5LzMvMSAxOTc4MC80LzEKZiAxOTc4MS8xLzEgMTk3ODIvMi8xIDE5NzgzLzMvMSAxOTc4NC80LzEKZiAxOTc4NS8xLzEgMTk3ODYvMi8xIDE5Nzg3LzMvMSAxOTc4OC80LzEKZiAxOTc4OS8xLzEgMTk3OTAvMi8xIDE5NzkxLzMvMSAxOTc5Mi80LzEKZiAxOTc5My8xLzEgMTk3OTQvMi8xIDE5Nzk1LzMvMSAxOTc5Ni80LzEKZiAxOTc5Ny8xLzEgMTk3OTgvMi8xIDE5Nzk5LzMvMSAxOTgwMC80LzEKZiAxOTgwMS8xLzEgMTk4MDIvMi8xIDE5ODAzLzMvMSAxOTgwNC80LzEKZiAxOTgwNS8xLzEgMTk4MDYvMi8xIDE5ODA3LzMvMSAxOTgwOC80LzEKZiAxOTgwOS8xLzEgMTk4MTAvMi8xIDE5ODExLzMvMSAxOTgxMi80LzEKZiAxOTgxMy8xLzEgMTk4MTQvMi8xIDE5ODE1LzMvMSAxOTgxNi80LzEKZiAxOTgxNy8xLzEgMTk4MTgvMi8xIDE5ODE5LzMvMSAxOTgyMC80LzEKZiAxOTgyMS8xLzEgMTk4MjIvMi8xIDE5ODIzLzMvMSAxOTgyNC80LzEKZiAxOTgyNS8xLzEgMTk4MjYvMi8xIDE5ODI3LzMvMSAxOTgyOC80LzEKZiAxOTgyOS8xLzEgMTk4MzAvMi8xIDE5ODMxLzMvMSAxOTgzMi80LzEKZiAxOTgzMy8xLzEgMTk4MzQvMi8xIDE5ODM1LzMvMSAxOTgzNi80LzEKZiAxOTgzNy8xLzEgMTk4MzgvMi8xIDE5ODM5LzMvMSAxOTg0MC80LzEKZiAxOTg0MS8xLzEgMTk4NDIvMi8xIDE5ODQzLzMvMSAxOTg0NC80LzEKZiAxOTg0NS8xLzEgMTk4NDYvMi8xIDE5ODQ3LzMvMSAxOTg0OC80LzEKZiAxOTg0OS8xLzEgMTk4NTAvMi8xIDE5ODUxLzMvMSAxOTg1Mi80LzEKZiAxOTg1My8xLzEgMTk4NTQvMi8xIDE5ODU1LzMvMSAxOTg1Ni80LzEKZiAxOTg1Ny8xLzEgMTk4NTgvMi8xIDE5ODU5LzMvMSAxOTg2MC80LzEKZiAxOTg2MS8xLzEgMTk4NjIvMi8xIDE5ODYzLzMvMSAxOTg2NC80LzEKZiAxOTg2NS8xLzEgMTk4NjYvMi8xIDE5ODY3LzMvMSAxOTg2OC80LzEKZiAxOTg2OS8xLzEgMTk4NzAvMi8xIDE5ODcxLzMvMSAxOTg3Mi80LzEKZiAxOTg3My8xLzEgMTk4NzQvMi8xIDE5ODc1LzMvMSAxOTg3Ni80LzEKZiAxOTg3Ny8xLzEgMTk4NzgvMi8xIDE5ODc5LzMvMSAxOTg4MC80LzEKZiAxOTg4MS8xLzEgMTk4ODIvMi8xIDE5ODgzLzMvMSAxOTg4NC80LzEKZiAxOTg4NS8xLzEgMTk4ODYvMi8xIDE5ODg3LzMvMSAxOTg4OC80LzEKZiAxOTg4OS8xLzEgMTk4OTAvMi8xIDE5ODkxLzMvMSAxOTg5Mi80LzEKZiAxOTg5My8xLzEgMTk4OTQvMi8xIDE5ODk1LzMvMSAxOTg5Ni80LzEKZiAxOTg5Ny8xLzEgMTk4OTgvMi8xIDE5ODk5LzMvMSAxOTkwMC80LzEKZiAxOTkwMS8xLzEgMTk5MDIvMi8xIDE5OTAzLzMvMSAxOTkwNC80LzEKZiAxOTkwNS8xLzEgMTk5MDYvMi8xIDE5OTA3LzMvMSAxOTkwOC80LzEKZiAxOTkwOS8xLzEgMTk5MTAvMi8xIDE5OTExLzMvMSAxOTkxMi80LzEKZiAxOTkxMy8xLzEgMTk5MTQvMi8xIDE5OTE1LzMvMSAxOTkxNi80LzEKZiAxOTkxNy8xLzEgMTk5MTgvMi8xIDE5OTE5LzMvMSAxOTkyMC80LzEKZiAxOTkyMS8xLzEgMTk5MjIvMi8xIDE5OTIzLzMvMSAxOTkyNC80LzEKZiAxOTkyNS8xLzEgMTk5MjYvMi8xIDE5OTI3LzMvMSAxOTkyOC80LzEKZiAxOTkyOS8xLzEgMTk5MzAvMi8xIDE5OTMxLzMvMSAxOTkzMi80LzEKZiAxOTkzMy8xLzEgMTk5MzQvMi8xIDE5OTM1LzMvMSAxOTkzNi80LzEKZiAxOTkzNy8xLzEgMTk5MzgvMi8xIDE5OTM5LzMvMSAxOTk0MC80LzEKZiAxOTk0MS8xLzEgMTk5NDIvMi8xIDE5OTQzLzMvMSAxOTk0NC80LzEKZiAxOTk0NS8xLzEgMTk5NDYvMi8xIDE5OTQ3LzMvMSAxOTk0OC80LzEKZiAxOTk0OS8xLzEgMTk5NTAvMi8xIDE5OTUxLzMvMSAxOTk1Mi80LzEKZiAxOTk1My8xLzEgMTk5NTQvMi8xIDE5OTU1LzMvMSAxOTk1Ni80LzEKZiAxOTk1Ny8xLzEgMTk5NTgvMi8xIDE5OTU5LzMvMSAxOTk2MC80LzEKZiAxOTk2MS8xLzEgMTk5NjIvMi8xIDE5OTYzLzMvMSAxOTk2NC80LzEKZiAxOTk2NS8xLzEgMTk5NjYvMi8xIDE5OTY3LzMvMSAxOTk2OC80LzEKZiAxOTk2OS8xLzEgMTk5NzAvMi8xIDE5OTcxLzMvMSAxOTk3Mi80LzEKZiAxOTk3My8xLzEgMTk5NzQvMi8xIDE5OTc1LzMvMSAxOTk3Ni80LzEKZiAxOTk3Ny8xLzEgMTk5NzgvMi8xIDE5OTc5LzMvMSAxOTk4MC80LzEKZiAxOTk4MS8xLzEgMTk5ODIvMi8xIDE5OTgzLzMvMSAxOTk4NC80LzEKZiAxOTk4NS8xLzEgMTk5ODYvMi8xIDE5OTg3LzMvMSAxOTk4OC80LzEKZiAxOTk4OS8xLzEgMTk5OTAvMi8xIDE5OTkxLzMvMSAxOTk5Mi80LzEKZiAxOTk5My8xLzEgMTk5OTQvMi8xIDE5OTk1LzMvMSAxOTk5Ni80LzEKZiAxOTk5Ny8xLzEgMTk5OTgvMi8xIDE5OTk5LzMvMSAyMDAwMC80LzEKZiAyMDAwMS8xLzEgMjAwMDIvMi8xIDIwMDAzLzMvMSAyMDAwNC80LzEKZiAyMDAwNS8xLzEgMjAwMDYvMi8xIDIwMDA3LzMvMSAyMDAwOC80LzEKZiAyMDAwOS8xLzEgMjAwMTAvMi8xIDIwMDExLzMvMSAyMDAxMi80LzEKZiAyMDAxMy8xLzEgMjAwMTQvMi8xIDIwMDE1LzMvMSAyMDAxNi80LzEKZiAyMDAxNy8xLzEgMjAwMTgvMi8xIDIwMDE5LzMvMSAyMDAyMC80LzEKZiAyMDAyMS8xLzEgMjAwMjIvMi8xIDIwMDIzLzMvMSAyMDAyNC80LzEKZiAyMDAyNS8xLzEgMjAwMjYvMi8xIDIwMDI3LzMvMSAyMDAyOC80LzEKZiAyMDAyOS8xLzEgMjAwMzAvMi8xIDIwMDMxLzMvMSAyMDAzMi80LzEKZiAyMDAzMy8xLzEgMjAwMzQvMi8xIDIwMDM1LzMvMSAyMDAzNi80LzEKZiAyMDAzNy8xLzEgMjAwMzgvMi8xIDIwMDM5LzMvMSAyMDA0MC80LzEKZiAyMDA0MS8xLzEgMjAwNDIvMi8xIDIwMDQzLzMvMSAyMDA0NC80LzEKZiAyMDA0NS8xLzEgMjAwNDYvMi8xIDIwMDQ3LzMvMSAyMDA0OC80LzEKZiAyMDA0OS8xLzEgMjAwNTAvMi8xIDIwMDUxLzMvMSAyMDA1Mi80LzEKZiAyMDA1My8xLzEgMjAwNTQvMi8xIDIwMDU1LzMvMSAyMDA1Ni80LzEKZiAyMDA1Ny8xLzEgMjAwNTgvMi8xIDIwMDU5LzMvMSAyMDA2MC80LzEKZiAyMDA2MS8xLzEgMjAwNjIvMi8xIDIwMDYzLzMvMSAyMDA2NC80LzEKZiAyMDA2NS8xLzEgMjAwNjYvMi8xIDIwMDY3LzMvMSAyMDA2OC80LzEKZiAyMDA2OS8xLzEgMjAwNzAvMi8xIDIwMDcxLzMvMSAyMDA3Mi80LzEKZiAyMDA3My8xLzEgMjAwNzQvMi8xIDIwMDc1LzMvMSAyMDA3Ni80LzEKZiAyMDA3Ny8xLzEgMjAwNzgvMi8xIDIwMDc5LzMvMSAyMDA4MC80LzEKZiAyMDA4MS8xLzEgMjAwODIvMi8xIDIwMDgzLzMvMSAyMDA4NC80LzEKZiAyMDA4NS8xLzEgMjAwODYvMi8xIDIwMDg3LzMvMSAyMDA4OC80LzEKZiAyMDA4OS8xLzEgMjAwOTAvMi8xIDIwMDkxLzMvMSAyMDA5Mi80LzEKZiAyMDA5My8xLzEgMjAwOTQvMi8xIDIwMDk1LzMvMSAyMDA5Ni80LzEKZiAyMDA5Ny8xLzEgMjAwOTgvMi8xIDIwMDk5LzMvMSAyMDEwMC80LzEKZiAyMDEwMS8xLzEgMjAxMDIvMi8xIDIwMTAzLzMvMSAyMDEwNC80LzEKZiAyMDEwNS8xLzEgMjAxMDYvMi8xIDIwMTA3LzMvMSAyMDEwOC80LzEKZiAyMDEwOS8xLzEgMjAxMTAvMi8xIDIwMTExLzMvMSAyMDExMi80LzEKZiAyMDExMy8xLzEgMjAxMTQvMi8xIDIwMTE1LzMvMSAyMDExNi80LzEKZiAyMDExNy8xLzEgMjAxMTgvMi8xIDIwMTE5LzMvMSAyMDEyMC80LzEKZiAyMDEyMS8xLzEgMjAxMjIvMi8xIDIwMTIzLzMvMSAyMDEyNC80LzEKZiAyMDEyNS8xLzEgMjAxMjYvMi8xIDIwMTI3LzMvMSAyMDEyOC80LzEKZiAyMDEyOS8xLzEgMjAxMzAvMi8xIDIwMTMxLzMvMSAyMDEzMi80LzEKZiAyMDEzMy8xLzEgMjAxMzQvMi8xIDIwMTM1LzMvMSAyMDEzNi80LzEKZiAyMDEzNy8xLzEgMjAxMzgvMi8xIDIwMTM5LzMvMSAyMDE0MC80LzEKZiAyMDE0MS8xLzEgMjAxNDIvMi8xIDIwMTQzLzMvMSAyMDE0NC80LzEKZiAyMDE0NS8xLzEgMjAxNDYvMi8xIDIwMTQ3LzMvMSAyMDE0OC80LzEKZiAyMDE0OS8xLzEgMjAxNTAvMi8xIDIwMTUxLzMvMSAyMDE1Mi80LzEKZiAyMDE1My8xLzEgMjAxNTQvMi8xIDIwMTU1LzMvMSAyMDE1Ni80LzEKZiAyMDE1Ny8xLzEgMjAxNTgvMi8xIDIwMTU5LzMvMSAyMDE2MC80LzEKZiAyMDE2MS8xLzEgMjAxNjIvMi8xIDIwMTYzLzMvMSAyMDE2NC80LzEKZiAyMDE2NS8xLzEgMjAxNjYvMi8xIDIwMTY3LzMvMSAyMDE2OC80LzEKZiAyMDE2OS8xLzEgMjAxNzAvMi8xIDIwMTcxLzMvMSAyMDE3Mi80LzEKZiAyMDE3My8xLzEgMjAxNzQvMi8xIDIwMTc1LzMvMSAyMDE3Ni80LzEKZiAyMDE3Ny8xLzEgMjAxNzgvMi8xIDIwMTc5LzMvMSAyMDE4MC80LzEKZiAyMDE4MS8xLzEgMjAxODIvMi8xIDIwMTgzLzMvMSAyMDE4NC80LzEKZiAyMDE4NS8xLzEgMjAxODYvMi8xIDIwMTg3LzMvMSAyMDE4OC80LzEKZiAyMDE4OS8xLzEgMjAxOTAvMi8xIDIwMTkxLzMvMSAyMDE5Mi80LzEKZiAyMDE5My8xLzEgMjAxOTQvMi8xIDIwMTk1LzMvMSAyMDE5Ni80LzEKZiAyMDE5Ny8xLzEgMjAxOTgvMi8xIDIwMTk5LzMvMSAyMDIwMC80LzEKZiAyMDIwMS8xLzEgMjAyMDIvMi8xIDIwMjAzLzMvMSAyMDIwNC80LzEKZiAyMDIwNS8xLzEgMjAyMDYvMi8xIDIwMjA3LzMvMSAyMDIwOC80LzEKZiAyMDIwOS8xLzEgMjAyMTAvMi8xIDIwMjExLzMvMSAyMDIxMi80LzEKZiAyMDIxMy8xLzEgMjAyMTQvMi8xIDIwMjE1LzMvMSAyMDIxNi80LzEKZiAyMDIxNy8xLzEgMjAyMTgvMi8xIDIwMjE5LzMvMSAyMDIyMC80LzEKZiAyMDIyMS8xLzEgMjAyMjIvMi8xIDIwMjIzLzMvMSAyMDIyNC80LzEKZiAyMDIyNS8xLzEgMjAyMjYvMi8xIDIwMjI3LzMvMSAyMDIyOC80LzEKZiAyMDIyOS8xLzEgMjAyMzAvMi8xIDIwMjMxLzMvMSAyMDIzMi80LzEKZiAyMDIzMy8xLzEgMjAyMzQvMi8xIDIwMjM1LzMvMSAyMDIzNi80LzEKZiAyMDIzNy8xLzEgMjAyMzgvMi8xIDIwMjM5LzMvMSAyMDI0MC80LzEKZiAyMDI0MS8xLzEgMjAyNDIvMi8xIDIwMjQzLzMvMSAyMDI0NC80LzEKZiAyMDI0NS8xLzEgMjAyNDYvMi8xIDIwMjQ3LzMvMSAyMDI0OC80LzEKZiAyMDI0OS8xLzEgMjAyNTAvMi8xIDIwMjUxLzMvMSAyMDI1Mi80LzEKZiAyMDI1My8xLzEgMjAyNTQvMi8xIDIwMjU1LzMvMSAyMDI1Ni80LzEKZiAyMDI1Ny8xLzEgMjAyNTgvMi8xIDIwMjU5LzMvMSAyMDI2MC80LzEKZiAyMDI2MS8xLzEgMjAyNjIvMi8xIDIwMjYzLzMvMSAyMDI2NC80LzEKZiAyMDI2NS8xLzEgMjAyNjYvMi8xIDIwMjY3LzMvMSAyMDI2OC80LzEKZiAyMDI2OS8xLzEgMjAyNzAvMi8xIDIwMjcxLzMvMSAyMDI3Mi80LzEKZiAyMDI3My8xLzEgMjAyNzQvMi8xIDIwMjc1LzMvMSAyMDI3Ni80LzEKZiAyMDI3Ny8xLzEgMjAyNzgvMi8xIDIwMjc5LzMvMSAyMDI4MC80LzEKZiAyMDI4MS8xLzEgMjAyODIvMi8xIDIwMjgzLzMvMSAyMDI4NC80LzEKZiAyMDI4NS8xLzEgMjAyODYvMi8xIDIwMjg3LzMvMSAyMDI4OC80LzEKZiAyMDI4OS8xLzEgMjAyOTAvMi8xIDIwMjkxLzMvMSAyMDI5Mi80LzEKZiAyMDI5My8xLzEgMjAyOTQvMi8xIDIwMjk1LzMvMSAyMDI5Ni80LzEKZiAyMDI5Ny8xLzEgMjAyOTgvMi8xIDIwMjk5LzMvMSAyMDMwMC80LzEKZiAyMDMwMS8xLzEgMjAzMDIvMi8xIDIwMzAzLzMvMSAyMDMwNC80LzEKZiAyMDMwNS8xLzEgMjAzMDYvMi8xIDIwMzA3LzMvMSAyMDMwOC80LzEKZiAyMDMwOS8xLzEgMjAzMTAvMi8xIDIwMzExLzMvMSAyMDMxMi80LzEKZiAyMDMxMy8xLzEgMjAzMTQvMi8xIDIwMzE1LzMvMSAyMDMxNi80LzEKZiAyMDMxNy8xLzEgMjAzMTgvMi8xIDIwMzE5LzMvMSAyMDMyMC80LzEKZiAyMDMyMS8xLzEgMjAzMjIvMi8xIDIwMzIzLzMvMSAyMDMyNC80LzEKZiAyMDMyNS8xLzEgMjAzMjYvMi8xIDIwMzI3LzMvMSAyMDMyOC80LzEKZiAyMDMyOS8xLzEgMjAzMzAvMi8xIDIwMzMxLzMvMSAyMDMzMi80LzEKZiAyMDMzMy8xLzEgMjAzMzQvMi8xIDIwMzM1LzMvMSAyMDMzNi80LzEKZiAyMDMzNy8xLzEgMjAzMzgvMi8xIDIwMzM5LzMvMSAyMDM0MC80LzEKZiAyMDM0MS8xLzEgMjAzNDIvMi8xIDIwMzQzLzMvMSAyMDM0NC80LzEKZiAyMDM0NS8xLzEgMjAzNDYvMi8xIDIwMzQ3LzMvMSAyMDM0OC80LzEKZiAyMDM0OS8xLzEgMjAzNTAvMi8xIDIwMzUxLzMvMSAyMDM1Mi80LzEKZiAyMDM1My8xLzEgMjAzNTQvMi8xIDIwMzU1LzMvMSAyMDM1Ni80LzEKZiAyMDM1Ny8xLzEgMjAzNTgvMi8xIDIwMzU5LzMvMSAyMDM2MC80LzEKZiAyMDM2MS8xLzEgMjAzNjIvMi8xIDIwMzYzLzMvMSAyMDM2NC80LzEKZiAyMDM2NS8xLzEgMjAzNjYvMi8xIDIwMzY3LzMvMSAyMDM2OC80LzEKZiAyMDM2OS8xLzEgMjAzNzAvMi8xIDIwMzcxLzMvMSAyMDM3Mi80LzEKZiAyMDM3My8xLzEgMjAzNzQvMi8xIDIwMzc1LzMvMSAyMDM3Ni80LzEKZiAyMDM3Ny8xLzEgMjAzNzgvMi8xIDIwMzc5LzMvMSAyMDM4MC80LzEKZiAyMDM4MS8xLzEgMjAzODIvMi8xIDIwMzgzLzMvMSAyMDM4NC80LzEKZiAyMDM4NS8xLzEgMjAzODYvMi8xIDIwMzg3LzMvMSAyMDM4OC80LzEKZiAyMDM4OS8xLzEgMjAzOTAvMi8xIDIwMzkxLzMvMSAyMDM5Mi80LzEKZiAyMDM5My8xLzEgMjAzOTQvMi8xIDIwMzk1LzMvMSAyMDM5Ni80LzEKZiAyMDM5Ny8xLzEgMjAzOTgvMi8xIDIwMzk5LzMvMSAyMDQwMC80LzEKZiAyMDQwMS8xLzEgMjA0MDIvMi8xIDIwNDAzLzMvMSAyMDQwNC80LzEKZiAyMDQwNS8xLzEgMjA0MDYvMi8xIDIwNDA3LzMvMSAyMDQwOC80LzEKZiAyMDQwOS8xLzEgMjA0MTAvMi8xIDIwNDExLzMvMSAyMDQxMi80LzEKZiAyMDQxMy8xLzEgMjA0MTQvMi8xIDIwNDE1LzMvMSAyMDQxNi80LzEKZiAyMDQxNy8xLzEgMjA0MTgvMi8xIDIwNDE5LzMvMSAyMDQyMC80LzEKZiAyMDQyMS8xLzEgMjA0MjIvMi8xIDIwNDIzLzMvMSAyMDQyNC80LzEKZiAyMDQyNS8xLzEgMjA0MjYvMi8xIDIwNDI3LzMvMSAyMDQyOC80LzEKZiAyMDQyOS8xLzEgMjA0MzAvMi8xIDIwNDMxLzMvMSAyMDQzMi80LzEKZiAyMDQzMy8xLzEgMjA0MzQvMi8xIDIwNDM1LzMvMSAyMDQzNi80LzEKZiAyMDQzNy8xLzEgMjA0MzgvMi8xIDIwNDM5LzMvMSAyMDQ0MC80LzEKZiAyMDQ0MS8xLzEgMjA0NDIvMi8xIDIwNDQzLzMvMSAyMDQ0NC80LzEKZiAyMDQ0NS8xLzEgMjA0NDYvMi8xIDIwNDQ3LzMvMSAyMDQ0OC80LzEKZiAyMDQ0OS8xLzEgMjA0NTAvMi8xIDIwNDUxLzMvMSAyMDQ1Mi80LzEKZiAyMDQ1My8xLzEgMjA0NTQvMi8xIDIwNDU1LzMvMSAyMDQ1Ni80LzEKZiAyMDQ1Ny8xLzEgMjA0NTgvMi8xIDIwNDU5LzMvMSAyMDQ2MC80LzEKZiAyMDQ2MS8xLzEgMjA0NjIvMi8xIDIwNDYzLzMvMSAyMDQ2NC80LzEKZiAyMDQ2NS8xLzEgMjA0NjYvMi8xIDIwNDY3LzMvMSAyMDQ2OC80LzEKZiAyMDQ2OS8xLzEgMjA0NzAvMi8xIDIwNDcxLzMvMSAyMDQ3Mi80LzEKZiAyMDQ3My8xLzEgMjA0NzQvMi8xIDIwNDc1LzMvMSAyMDQ3Ni80LzEKZiAyMDQ3Ny8xLzEgMjA0NzgvMi8xIDIwNDc5LzMvMSAyMDQ4MC80LzEKZiAyMDQ4MS8xLzEgMjA0ODIvMi8xIDIwNDgzLzMvMSAyMDQ4NC80LzEKZiAyMDQ4NS8xLzEgMjA0ODYvMi8xIDIwNDg3LzMvMSAyMDQ4OC80LzEKZiAyMDQ4OS8xLzEgMjA0OTAvMi8xIDIwNDkxLzMvMSAyMDQ5Mi80LzEKZiAyMDQ5My8xLzEgMjA0OTQvMi8xIDIwNDk1LzMvMSAyMDQ5Ni80LzEKZiAyMDQ5Ny8xLzEgMjA0OTgvMi8xIDIwNDk5LzMvMSAyMDUwMC80LzEKZiAyMDUwMS8xLzEgMjA1MDIvMi8xIDIwNTAzLzMvMSAyMDUwNC80LzEKZiAyMDUwNS8xLzEgMjA1MDYvMi8xIDIwNTA3LzMvMSAyMDUwOC80LzEKZiAyMDUwOS8xLzEgMjA1MTAvMi8xIDIwNTExLzMvMSAyMDUxMi80LzEKZiAyMDUxMy8xLzEgMjA1MTQvMi8xIDIwNTE1LzMvMSAyMDUxNi80LzEKZiAyMDUxNy8xLzEgMjA1MTgvMi8xIDIwNTE5LzMvMSAyMDUyMC80LzEKZiAyMDUyMS8xLzEgMjA1MjIvMi8xIDIwNTIzLzMvMSAyMDUyNC80LzEKZiAyMDUyNS8xLzEgMjA1MjYvMi8xIDIwNTI3LzMvMSAyMDUyOC80LzEKZiAyMDUyOS8xLzEgMjA1MzAvMi8xIDIwNTMxLzMvMSAyMDUzMi80LzEKZiAyMDUzMy8xLzEgMjA1MzQvMi8xIDIwNTM1LzMvMSAyMDUzNi80LzEKZiAyMDUzNy8xLzEgMjA1MzgvMi8xIDIwNTM5LzMvMSAyMDU0MC80LzEKZiAyMDU0MS8xLzEgMjA1NDIvMi8xIDIwNTQzLzMvMSAyMDU0NC80LzEKZiAyMDU0NS8xLzEgMjA1NDYvMi8xIDIwNTQ3LzMvMSAyMDU0OC80LzEKZiAyMDU0OS8xLzEgMjA1NTAvMi8xIDIwNTUxLzMvMSAyMDU1Mi80LzEKZiAyMDU1My8xLzEgMjA1NTQvMi8xIDIwNTU1LzMvMSAyMDU1Ni80LzEKZiAyMDU1Ny8xLzEgMjA1NTgvMi8xIDIwNTU5LzMvMSAyMDU2MC80LzEKZiAyMDU2MS8xLzEgMjA1NjIvMi8xIDIwNTYzLzMvMSAyMDU2NC80LzEKZiAyMDU2NS8xLzEgMjA1NjYvMi8xIDIwNTY3LzMvMSAyMDU2OC80LzEKZiAyMDU2OS8xLzEgMjA1NzAvMi8xIDIwNTcxLzMvMSAyMDU3Mi80LzEKZiAyMDU3My8xLzEgMjA1NzQvMi8xIDIwNTc1LzMvMSAyMDU3Ni80LzEKZiAyMDU3Ny8xLzEgMjA1NzgvMi8xIDIwNTc5LzMvMSAyMDU4MC80LzEKZiAyMDU4MS8xLzEgMjA1ODIvMi8xIDIwNTgzLzMvMSAyMDU4NC80LzEKZiAyMDU4NS8xLzEgMjA1ODYvMi8xIDIwNTg3LzMvMSAyMDU4OC80LzEKZiAyMDU4OS8xLzEgMjA1OTAvMi8xIDIwNTkxLzMvMSAyMDU5Mi80LzEKZiAyMDU5My8xLzEgMjA1OTQvMi8xIDIwNTk1LzMvMSAyMDU5Ni80LzEKZiAyMDU5Ny8xLzEgMjA1OTgvMi8xIDIwNTk5LzMvMSAyMDYwMC80LzEKZiAyMDYwMS8xLzEgMjA2MDIvMi8xIDIwNjAzLzMvMSAyMDYwNC80LzEKZiAyMDYwNS8xLzEgMjA2MDYvMi8xIDIwNjA3LzMvMSAyMDYwOC80LzEKZiAyMDYwOS8xLzEgMjA2MTAvMi8xIDIwNjExLzMvMSAyMDYxMi80LzEKZiAyMDYxMy8xLzEgMjA2MTQvMi8xIDIwNjE1LzMvMSAyMDYxNi80LzEKZiAyMDYxNy8xLzEgMjA2MTgvMi8xIDIwNjE5LzMvMSAyMDYyMC80LzEKZiAyMDYyMS8xLzEgMjA2MjIvMi8xIDIwNjIzLzMvMSAyMDYyNC80LzEKZiAyMDYyNS8xLzEgMjA2MjYvMi8xIDIwNjI3LzMvMSAyMDYyOC80LzEKZiAyMDYyOS8xLzEgMjA2MzAvMi8xIDIwNjMxLzMvMSAyMDYzMi80LzEKZiAyMDYzMy8xLzEgMjA2MzQvMi8xIDIwNjM1LzMvMSAyMDYzNi80LzEKZiAyMDYzNy8xLzEgMjA2MzgvMi8xIDIwNjM5LzMvMSAyMDY0MC80LzEKZiAyMDY0MS8xLzEgMjA2NDIvMi8xIDIwNjQzLzMvMSAyMDY0NC80LzEKZiAyMDY0NS8xLzEgMjA2NDYvMi8xIDIwNjQ3LzMvMSAyMDY0OC80LzEKZiAyMDY0OS8xLzEgMjA2NTAvMi8xIDIwNjUxLzMvMSAyMDY1Mi80LzEKZiAyMDY1My8xLzEgMjA2NTQvMi8xIDIwNjU1LzMvMSAyMDY1Ni80LzEKZiAyMDY1Ny8xLzEgMjA2NTgvMi8xIDIwNjU5LzMvMSAyMDY2MC80LzEKZiAyMDY2MS8xLzEgMjA2NjIvMi8xIDIwNjYzLzMvMSAyMDY2NC80LzEKZiAyMDY2NS8xLzEgMjA2NjYvMi8xIDIwNjY3LzMvMSAyMDY2OC80LzEKZiAyMDY2OS8xLzEgMjA2NzAvMi8xIDIwNjcxLzMvMSAyMDY3Mi80LzEKZiAyMDY3My8xLzEgMjA2NzQvMi8xIDIwNjc1LzMvMSAyMDY3Ni80LzEKZiAyMDY3Ny8xLzEgMjA2NzgvMi8xIDIwNjc5LzMvMSAyMDY4MC80LzEKZiAyMDY4MS8xLzEgMjA2ODIvMi8xIDIwNjgzLzMvMSAyMDY4NC80LzEKZiAyMDY4NS8xLzEgMjA2ODYvMi8xIDIwNjg3LzMvMSAyMDY4OC80LzEKZiAyMDY4OS8xLzEgMjA2OTAvMi8xIDIwNjkxLzMvMSAyMDY5Mi80LzEKZiAyMDY5My8xLzEgMjA2OTQvMi8xIDIwNjk1LzMvMSAyMDY5Ni80LzEKZiAyMDY5Ny8xLzEgMjA2OTgvMi8xIDIwNjk5LzMvMSAyMDcwMC80LzEKZiAyMDcwMS8xLzEgMjA3MDIvMi8xIDIwNzAzLzMvMSAyMDcwNC80LzEKZiAyMDcwNS8xLzEgMjA3MDYvMi8xIDIwNzA3LzMvMSAyMDcwOC80LzEKZiAyMDcwOS8xLzEgMjA3MTAvMi8xIDIwNzExLzMvMSAyMDcxMi80LzEKZiAyMDcxMy8xLzEgMjA3MTQvMi8xIDIwNzE1LzMvMSAyMDcxNi80LzEKZiAyMDcxNy8xLzEgMjA3MTgvMi8xIDIwNzE5LzMvMSAyMDcyMC80LzEKZiAyMDcyMS8xLzEgMjA3MjIvMi8xIDIwNzIzLzMvMSAyMDcyNC80LzEKZiAyMDcyNS8xLzEgMjA3MjYvMi8xIDIwNzI3LzMvMSAyMDcyOC80LzEKZiAyMDcyOS8xLzEgMjA3MzAvMi8xIDIwNzMxLzMvMSAyMDczMi80LzEKZiAyMDczMy8xLzEgMjA3MzQvMi8xIDIwNzM1LzMvMSAyMDczNi80LzEKZiAyMDczNy8xLzEgMjA3MzgvMi8xIDIwNzM5LzMvMSAyMDc0MC80LzEKZiAyMDc0MS8xLzEgMjA3NDIvMi8xIDIwNzQzLzMvMSAyMDc0NC80LzEKZiAyMDc0NS8xLzEgMjA3NDYvMi8xIDIwNzQ3LzMvMSAyMDc0OC80LzEKZiAyMDc0OS8xLzEgMjA3NTAvMi8xIDIwNzUxLzMvMSAyMDc1Mi80LzEKZiAyMDc1My8xLzEgMjA3NTQvMi8xIDIwNzU1LzMvMSAyMDc1Ni80LzEKZiAyMDc1Ny8xLzEgMjA3NTgvMi8xIDIwNzU5LzMvMSAyMDc2MC80LzEKZiAyMDc2MS8xLzEgMjA3NjIvMi8xIDIwNzYzLzMvMSAyMDc2NC80LzEKZiAyMDc2NS8xLzEgMjA3NjYvMi8xIDIwNzY3LzMvMSAyMDc2OC80LzEKZiAyMDc2OS8xLzEgMjA3NzAvMi8xIDIwNzcxLzMvMSAyMDc3Mi80LzEKZiAyMDc3My8xLzEgMjA3NzQvMi8xIDIwNzc1LzMvMSAyMDc3Ni80LzEKZiAyMDc3Ny8xLzEgMjA3NzgvMi8xIDIwNzc5LzMvMSAyMDc4MC80LzEKZiAyMDc4MS8xLzEgMjA3ODIvMi8xIDIwNzgzLzMvMSAyMDc4NC80LzEKZiAyMDc4NS8xLzEgMjA3ODYvMi8xIDIwNzg3LzMvMSAyMDc4OC80LzEKZiAyMDc4OS8xLzEgMjA3OTAvMi8xIDIwNzkxLzMvMSAyMDc5Mi80LzEKZiAyMDc5My8xLzEgMjA3OTQvMi8xIDIwNzk1LzMvMSAyMDc5Ni80LzEKZiAyMDc5Ny8xLzEgMjA3OTgvMi8xIDIwNzk5LzMvMSAyMDgwMC80LzEKZiAyMDgwMS8xLzEgMjA4MDIvMi8xIDIwODAzLzMvMSAyMDgwNC80LzEKZiAyMDgwNS8xLzEgMjA4MDYvMi8xIDIwODA3LzMvMSAyMDgwOC80LzEKZiAyMDgwOS8xLzEgMjA4MTAvMi8xIDIwODExLzMvMSAyMDgxMi80LzEKZiAyMDgxMy8xLzEgMjA4MTQvMi8xIDIwODE1LzMvMSAyMDgxNi80LzEKZiAyMDgxNy8xLzEgMjA4MTgvMi8xIDIwODE5LzMvMSAyMDgyMC80LzEKZiAyMDgyMS8xLzEgMjA4MjIvMi8xIDIwODIzLzMvMSAyMDgyNC80LzEKZiAyMDgyNS8xLzEgMjA4MjYvMi8xIDIwODI3LzMvMSAyMDgyOC80LzEKZiAyMDgyOS8xLzEgMjA4MzAvMi8xIDIwODMxLzMvMSAyMDgzMi80LzEKZiAyMDgzMy8xLzEgMjA4MzQvMi8xIDIwODM1LzMvMSAyMDgzNi80LzEKZiAyMDgzNy8xLzEgMjA4MzgvMi8xIDIwODM5LzMvMSAyMDg0MC80LzEKZiAyMDg0MS8xLzEgMjA4NDIvMi8xIDIwODQzLzMvMSAyMDg0NC80LzEKZiAyMDg0NS8xLzEgMjA4NDYvMi8xIDIwODQ3LzMvMSAyMDg0OC80LzEKZiAyMDg0OS8xLzEgMjA4NTAvMi8xIDIwODUxLzMvMSAyMDg1Mi80LzEKZiAyMDg1My8xLzEgMjA4NTQvMi8xIDIwODU1LzMvMSAyMDg1Ni80LzEKZiAyMDg1Ny8xLzEgMjA4NTgvMi8xIDIwODU5LzMvMSAyMDg2MC80LzEKZiAyMDg2MS8xLzEgMjA4NjIvMi8xIDIwODYzLzMvMSAyMDg2NC80LzEKZiAyMDg2NS8xLzEgMjA4NjYvMi8xIDIwODY3LzMvMSAyMDg2OC80LzEKZiAyMDg2OS8xLzEgMjA4NzAvMi8xIDIwODcxLzMvMSAyMDg3Mi80LzEKZiAyMDg3My8xLzEgMjA4NzQvMi8xIDIwODc1LzMvMSAyMDg3Ni80LzEKZiAyMDg3Ny8xLzEgMjA4NzgvMi8xIDIwODc5LzMvMSAyMDg4MC80LzEKZiAyMDg4MS8xLzEgMjA4ODIvMi8xIDIwODgzLzMvMSAyMDg4NC80LzEKZiAyMDg4NS8xLzEgMjA4ODYvMi8xIDIwODg3LzMvMSAyMDg4OC80LzEKZiAyMDg4OS8xLzEgMjA4OTAvMi8xIDIwODkxLzMvMSAyMDg5Mi80LzEKZiAyMDg5My8xLzEgMjA4OTQvMi8xIDIwODk1LzMvMSAyMDg5Ni80LzEKZiAyMDg5Ny8xLzEgMjA4OTgvMi8xIDIwODk5LzMvMSAyMDkwMC80LzEKZiAyMDkwMS8xLzEgMjA5MDIvMi8xIDIwOTAzLzMvMSAyMDkwNC80LzEKZiAyMDkwNS8xLzEgMjA5MDYvMi8xIDIwOTA3LzMvMSAyMDkwOC80LzEKZiAyMDkwOS8xLzEgMjA5MTAvMi8xIDIwOTExLzMvMSAyMDkxMi80LzEKZiAyMDkxMy8xLzEgMjA5MTQvMi8xIDIwOTE1LzMvMSAyMDkxNi80LzEKZiAyMDkxNy8xLzEgMjA5MTgvMi8xIDIwOTE5LzMvMSAyMDkyMC80LzEKZiAyMDkyMS8xLzEgMjA5MjIvMi8xIDIwOTIzLzMvMSAyMDkyNC80LzEKZiAyMDkyNS8xLzEgMjA5MjYvMi8xIDIwOTI3LzMvMSAyMDkyOC80LzEKZiAyMDkyOS8xLzEgMjA5MzAvMi8xIDIwOTMxLzMvMSAyMDkzMi80LzEKZiAyMDkzMy8xLzEgMjA5MzQvMi8xIDIwOTM1LzMvMSAyMDkzNi80LzEKZiAyMDkzNy8xLzEgMjA5MzgvMi8xIDIwOTM5LzMvMSAyMDk0MC80LzEKZiAyMDk0MS8xLzEgMjA5NDIvMi8xIDIwOTQzLzMvMSAyMDk0NC80LzEKZiAyMDk0NS8xLzEgMjA5NDYvMi8xIDIwOTQ3LzMvMSAyMDk0OC80LzEKZiAyMDk0OS8xLzEgMjA5NTAvMi8xIDIwOTUxLzMvMSAyMDk1Mi80LzEKZiAyMDk1My8xLzEgMjA5NTQvMi8xIDIwOTU1LzMvMSAyMDk1Ni80LzEKZiAyMDk1Ny8xLzEgMjA5NTgvMi8xIDIwOTU5LzMvMSAyMDk2MC80LzEKZiAyMDk2MS8xLzEgMjA5NjIvMi8xIDIwOTYzLzMvMSAyMDk2NC80LzEKZiAyMDk2NS8xLzEgMjA5NjYvMi8xIDIwOTY3LzMvMSAyMDk2OC80LzEKZiAyMDk2OS8xLzEgMjA5NzAvMi8xIDIwOTcxLzMvMSAyMDk3Mi80LzEKZiAyMDk3My8xLzEgMjA5NzQvMi8xIDIwOTc1LzMvMSAyMDk3Ni80LzEKZiAyMDk3Ny8xLzEgMjA5NzgvMi8xIDIwOTc5LzMvMSAyMDk4MC80LzEKZiAyMDk4MS8xLzEgMjA5ODIvMi8xIDIwOTgzLzMvMSAyMDk4NC80LzEKZiAyMDk4NS8xLzEgMjA5ODYvMi8xIDIwOTg3LzMvMSAyMDk4OC80LzEKZiAyMDk4OS8xLzEgMjA5OTAvMi8xIDIwOTkxLzMvMSAyMDk5Mi80LzEKZiAyMDk5My8xLzEgMjA5OTQvMi8xIDIwOTk1LzMvMSAyMDk5Ni80LzEKZiAyMDk5Ny8xLzEgMjA5OTgvMi8xIDIwOTk5LzMvMSAyMTAwMC80LzEKZiAyMTAwMS8xLzEgMjEwMDIvMi8xIDIxMDAzLzMvMSAyMTAwNC80LzEKZiAyMTAwNS8xLzEgMjEwMDYvMi8xIDIxMDA3LzMvMSAyMTAwOC80LzEKZiAyMTAwOS8xLzEgMjEwMTAvMi8xIDIxMDExLzMvMSAyMTAxMi80LzEKZiAyMTAxMy8xLzEgMjEwMTQvMi8xIDIxMDE1LzMvMSAyMTAxNi80LzEKZiAyMTAxNy8xLzEgMjEwMTgvMi8xIDIxMDE5LzMvMSAyMTAyMC80LzEKZiAyMTAyMS8xLzEgMjEwMjIvMi8xIDIxMDIzLzMvMSAyMTAyNC80LzEKZiAyMTAyNS8xLzEgMjEwMjYvMi8xIDIxMDI3LzMvMSAyMTAyOC80LzEKZiAyMTAyOS8xLzEgMjEwMzAvMi8xIDIxMDMxLzMvMSAyMTAzMi80LzEKZiAyMTAzMy8xLzEgMjEwMzQvMi8xIDIxMDM1LzMvMSAyMTAzNi80LzEKZiAyMTAzNy8xLzEgMjEwMzgvMi8xIDIxMDM5LzMvMSAyMTA0MC80LzEKZiAyMTA0MS8xLzEgMjEwNDIvMi8xIDIxMDQzLzMvMSAyMTA0NC80LzEKZiAyMTA0NS8xLzEgMjEwNDYvMi8xIDIxMDQ3LzMvMSAyMTA0OC80LzEKZiAyMTA0OS8xLzEgMjEwNTAvMi8xIDIxMDUxLzMvMSAyMTA1Mi80LzEKZiAyMTA1My8xLzEgMjEwNTQvMi8xIDIxMDU1LzMvMSAyMTA1Ni80LzEKZiAyMTA1Ny8xLzEgMjEwNTgvMi8xIDIxMDU5LzMvMSAyMTA2MC80LzEKZiAyMTA2MS8xLzEgMjEwNjIvMi8xIDIxMDYzLzMvMSAyMTA2NC80LzEKZiAyMTA2NS8xLzEgMjEwNjYvMi8xIDIxMDY3LzMvMSAyMTA2OC80LzEKZiAyMTA2OS8xLzEgMjEwNzAvMi8xIDIxMDcxLzMvMSAyMTA3Mi80LzEKZiAyMTA3My8xLzEgMjEwNzQvMi8xIDIxMDc1LzMvMSAyMTA3Ni80LzEKZiAyMTA3Ny8xLzEgMjEwNzgvMi8xIDIxMDc5LzMvMSAyMTA4MC80LzEKZiAyMTA4MS8xLzEgMjEwODIvMi8xIDIxMDgzLzMvMSAyMTA4NC80LzEKZiAyMTA4NS8xLzEgMjEwODYvMi8xIDIxMDg3LzMvMSAyMTA4OC80LzEKZiAyMTA4OS8xLzEgMjEwOTAvMi8xIDIxMDkxLzMvMSAyMTA5Mi80LzEKZiAyMTA5My8xLzEgMjEwOTQvMi8xIDIxMDk1LzMvMSAyMTA5Ni80LzEKZiAyMTA5Ny8xLzEgMjEwOTgvMi8xIDIxMDk5LzMvMSAyMTEwMC80LzEKZiAyMTEwMS8xLzEgMjExMDIvMi8xIDIxMTAzLzMvMSAyMTEwNC80LzEKZiAyMTEwNS8xLzEgMjExMDYvMi8xIDIxMTA3LzMvMSAyMTEwOC80LzEKZiAyMTEwOS8xLzEgMjExMTAvMi8xIDIxMTExLzMvMSAyMTExMi80LzEKZiAyMTExMy8xLzEgMjExMTQvMi8xIDIxMTE1LzMvMSAyMTExNi80LzEKZiAyMTExNy8xLzEgMjExMTgvMi8xIDIxMTE5LzMvMSAyMTEyMC80LzEKZiAyMTEyMS8xLzEgMjExMjIvMi8xIDIxMTIzLzMvMSAyMTEyNC80LzEKZiAyMTEyNS8xLzEgMjExMjYvMi8xIDIxMTI3LzMvMSAyMTEyOC80LzEKZiAyMTEyOS8xLzEgMjExMzAvMi8xIDIxMTMxLzMvMSAyMTEzMi80LzEKZiAyMTEzMy8xLzEgMjExMzQvMi8xIDIxMTM1LzMvMSAyMTEzNi80LzEKZiAyMTEzNy8xLzEgMjExMzgvMi8xIDIxMTM5LzMvMSAyMTE0MC80LzEKZiAyMTE0MS8xLzEgMjExNDIvMi8xIDIxMTQzLzMvMSAyMTE0NC80LzEKZiAyMTE0NS8xLzEgMjExNDYvMi8xIDIxMTQ3LzMvMSAyMTE0OC80LzEKZiAyMTE0OS8xLzEgMjExNTAvMi8xIDIxMTUxLzMvMSAyMTE1Mi80LzEKZiAyMTE1My8xLzEgMjExNTQvMi8xIDIxMTU1LzMvMSAyMTE1Ni80LzEKZiAyMTE1Ny8xLzEgMjExNTgvMi8xIDIxMTU5LzMvMSAyMTE2MC80LzEKZiAyMTE2MS8xLzEgMjExNjIvMi8xIDIxMTYzLzMvMSAyMTE2NC80LzEKZiAyMTE2NS8xLzEgMjExNjYvMi8xIDIxMTY3LzMvMSAyMTE2OC80LzEKZiAyMTE2OS8xLzEgMjExNzAvMi8xIDIxMTcxLzMvMSAyMTE3Mi80LzEKZiAyMTE3My8xLzEgMjExNzQvMi8xIDIxMTc1LzMvMSAyMTE3Ni80LzEKZiAyMTE3Ny8xLzEgMjExNzgvMi8xIDIxMTc5LzMvMSAyMTE4MC80LzEKZiAyMTE4MS8xLzEgMjExODIvMi8xIDIxMTgzLzMvMSAyMTE4NC80LzEKZiAyMTE4NS8xLzEgMjExODYvMi8xIDIxMTg3LzMvMSAyMTE4OC80LzEKZiAyMTE4OS8xLzEgMjExOTAvMi8xIDIxMTkxLzMvMSAyMTE5Mi80LzEKZiAyMTE5My8xLzEgMjExOTQvMi8xIDIxMTk1LzMvMSAyMTE5Ni80LzEKZiAyMTE5Ny8xLzEgMjExOTgvMi8xIDIxMTk5LzMvMSAyMTIwMC80LzEKZiAyMTIwMS8xLzEgMjEyMDIvMi8xIDIxMjAzLzMvMSAyMTIwNC80LzEKZiAyMTIwNS8xLzEgMjEyMDYvMi8xIDIxMjA3LzMvMSAyMTIwOC80LzEKZiAyMTIwOS8xLzEgMjEyMTAvMi8xIDIxMjExLzMvMSAyMTIxMi80LzEKZiAyMTIxMy8xLzEgMjEyMTQvMi8xIDIxMjE1LzMvMSAyMTIxNi80LzEKZiAyMTIxNy8xLzEgMjEyMTgvMi8xIDIxMjE5LzMvMSAyMTIyMC80LzEKZiAyMTIyMS8xLzEgMjEyMjIvMi8xIDIxMjIzLzMvMSAyMTIyNC80LzEKZiAyMTIyNS8xLzEgMjEyMjYvMi8xIDIxMjI3LzMvMSAyMTIyOC80LzEKZiAyMTIyOS8xLzEgMjEyMzAvMi8xIDIxMjMxLzMvMSAyMTIzMi80LzEKZiAyMTIzMy8xLzEgMjEyMzQvMi8xIDIxMjM1LzMvMSAyMTIzNi80LzEKZiAyMTIzNy8xLzEgMjEyMzgvMi8xIDIxMjM5LzMvMSAyMTI0MC80LzEKZiAyMTI0MS8xLzEgMjEyNDIvMi8xIDIxMjQzLzMvMSAyMTI0NC80LzEKZiAyMTI0NS8xLzEgMjEyNDYvMi8xIDIxMjQ3LzMvMSAyMTI0OC80LzEKZiAyMTI0OS8xLzEgMjEyNTAvMi8xIDIxMjUxLzMvMSAyMTI1Mi80LzEKZiAyMTI1My8xLzEgMjEyNTQvMi8xIDIxMjU1LzMvMSAyMTI1Ni80LzEKZiAyMTI1Ny8xLzEgMjEyNTgvMi8xIDIxMjU5LzMvMSAyMTI2MC80LzEKZiAyMTI2MS8xLzEgMjEyNjIvMi8xIDIxMjYzLzMvMSAyMTI2NC80LzEKZiAyMTI2NS8xLzEgMjEyNjYvMi8xIDIxMjY3LzMvMSAyMTI2OC80LzEKZiAyMTI2OS8xLzEgMjEyNzAvMi8xIDIxMjcxLzMvMSAyMTI3Mi80LzEKZiAyMTI3My8xLzEgMjEyNzQvMi8xIDIxMjc1LzMvMSAyMTI3Ni80LzEKZiAyMTI3Ny8xLzEgMjEyNzgvMi8xIDIxMjc5LzMvMSAyMTI4MC80LzEKZiAyMTI4MS8xLzEgMjEyODIvMi8xIDIxMjgzLzMvMSAyMTI4NC80LzEKZiAyMTI4NS8xLzEgMjEyODYvMi8xIDIxMjg3LzMvMSAyMTI4OC80LzEKZiAyMTI4OS8xLzEgMjEyOTAvMi8xIDIxMjkxLzMvMSAyMTI5Mi80LzEKZiAyMTI5My8xLzEgMjEyOTQvMi8xIDIxMjk1LzMvMSAyMTI5Ni80LzEKZiAyMTI5Ny8xLzEgMjEyOTgvMi8xIDIxMjk5LzMvMSAyMTMwMC80LzEKZiAyMTMwMS8xLzEgMjEzMDIvMi8xIDIxMzAzLzMvMSAyMTMwNC80LzEKZiAyMTMwNS8xLzEgMjEzMDYvMi8xIDIxMzA3LzMvMSAyMTMwOC80LzEKZiAyMTMwOS8xLzEgMjEzMTAvMi8xIDIxMzExLzMvMSAyMTMxMi80LzEKZiAyMTMxMy8xLzEgMjEzMTQvMi8xIDIxMzE1LzMvMSAyMTMxNi80LzEKZiAyMTMxNy8xLzEgMjEzMTgvMi8xIDIxMzE5LzMvMSAyMTMyMC80LzEKZiAyMTMyMS8xLzEgMjEzMjIvMi8xIDIxMzIzLzMvMSAyMTMyNC80LzEKZiAyMTMyNS8xLzEgMjEzMjYvMi8xIDIxMzI3LzMvMSAyMTMyOC80LzEKZiAyMTMyOS8xLzEgMjEzMzAvMi8xIDIxMzMxLzMvMSAyMTMzMi80LzEKZiAyMTMzMy8xLzEgMjEzMzQvMi8xIDIxMzM1LzMvMSAyMTMzNi80LzEKZiAyMTMzNy8xLzEgMjEzMzgvMi8xIDIxMzM5LzMvMSAyMTM0MC80LzEKZiAyMTM0MS8xLzEgMjEzNDIvMi8xIDIxMzQzLzMvMSAyMTM0NC80LzEKZiAyMTM0NS8xLzEgMjEzNDYvMi8xIDIxMzQ3LzMvMSAyMTM0OC80LzEKZiAyMTM0OS8xLzEgMjEzNTAvMi8xIDIxMzUxLzMvMSAyMTM1Mi80LzEKZiAyMTM1My8xLzEgMjEzNTQvMi8xIDIxMzU1LzMvMSAyMTM1Ni80LzEKZiAyMTM1Ny8xLzEgMjEzNTgvMi8xIDIxMzU5LzMvMSAyMTM2MC80LzEKZiAyMTM2MS8xLzEgMjEzNjIvMi8xIDIxMzYzLzMvMSAyMTM2NC80LzEKZiAyMTM2NS8xLzEgMjEzNjYvMi8xIDIxMzY3LzMvMSAyMTM2OC80LzEKZiAyMTM2OS8xLzEgMjEzNzAvMi8xIDIxMzcxLzMvMSAyMTM3Mi80LzEKZiAyMTM3My8xLzEgMjEzNzQvMi8xIDIxMzc1LzMvMSAyMTM3Ni80LzEKZiAyMTM3Ny8xLzEgMjEzNzgvMi8xIDIxMzc5LzMvMSAyMTM4MC80LzEKZiAyMTM4MS8xLzEgMjEzODIvMi8xIDIxMzgzLzMvMSAyMTM4NC80LzEKZiAyMTM4NS8xLzEgMjEzODYvMi8xIDIxMzg3LzMvMSAyMTM4OC80LzEKZiAyMTM4OS8xLzEgMjEzOTAvMi8xIDIxMzkxLzMvMSAyMTM5Mi80LzEKZiAyMTM5My8xLzEgMjEzOTQvMi8xIDIxMzk1LzMvMSAyMTM5Ni80LzEKZiAyMTM5Ny8xLzEgMjEzOTgvMi8xIDIxMzk5LzMvMSAyMTQwMC80LzEKZiAyMTQwMS8xLzEgMjE0MDIvMi8xIDIxNDAzLzMvMSAyMTQwNC80LzEKZiAyMTQwNS8xLzEgMjE0MDYvMi8xIDIxNDA3LzMvMSAyMTQwOC80LzEKZiAyMTQwOS8xLzEgMjE0MTAvMi8xIDIxNDExLzMvMSAyMTQxMi80LzEKZiAyMTQxMy8xLzEgMjE0MTQvMi8xIDIxNDE1LzMvMSAyMTQxNi80LzEKZiAyMTQxNy8xLzEgMjE0MTgvMi8xIDIxNDE5LzMvMSAyMTQyMC80LzEKZiAyMTQyMS8xLzEgMjE0MjIvMi8xIDIxNDIzLzMvMSAyMTQyNC80LzEKZiAyMTQyNS8xLzEgMjE0MjYvMi8xIDIxNDI3LzMvMSAyMTQyOC80LzEKZiAyMTQyOS8xLzEgMjE0MzAvMi8xIDIxNDMxLzMvMSAyMTQzMi80LzEKZiAyMTQzMy8xLzEgMjE0MzQvMi8xIDIxNDM1LzMvMSAyMTQzNi80LzEKZiAyMTQzNy8xLzEgMjE0MzgvMi8xIDIxNDM5LzMvMSAyMTQ0MC80LzEKZiAyMTQ0MS8xLzEgMjE0NDIvMi8xIDIxNDQzLzMvMSAyMTQ0NC80LzEKZiAyMTQ0NS8xLzEgMjE0NDYvMi8xIDIxNDQ3LzMvMSAyMTQ0OC80LzEKZiAyMTQ0OS8xLzEgMjE0NTAvMi8xIDIxNDUxLzMvMSAyMTQ1Mi80LzEKZiAyMTQ1My8xLzEgMjE0NTQvMi8xIDIxNDU1LzMvMSAyMTQ1Ni80LzEKZiAyMTQ1Ny8xLzEgMjE0NTgvMi8xIDIxNDU5LzMvMSAyMTQ2MC80LzEKZiAyMTQ2MS8xLzEgMjE0NjIvMi8xIDIxNDYzLzMvMSAyMTQ2NC80LzEKZiAyMTQ2NS8xLzEgMjE0NjYvMi8xIDIxNDY3LzMvMSAyMTQ2OC80LzEKZiAyMTQ2OS8xLzEgMjE0NzAvMi8xIDIxNDcxLzMvMSAyMTQ3Mi80LzEKZiAyMTQ3My8xLzEgMjE0NzQvMi8xIDIxNDc1LzMvMSAyMTQ3Ni80LzEKZiAyMTQ3Ny8xLzEgMjE0NzgvMi8xIDIxNDc5LzMvMSAyMTQ4MC80LzEKZiAyMTQ4MS8xLzEgMjE0ODIvMi8xIDIxNDgzLzMvMSAyMTQ4NC80LzEKZiAyMTQ4NS8xLzEgMjE0ODYvMi8xIDIxNDg3LzMvMSAyMTQ4OC80LzEKZiAyMTQ4OS8xLzEgMjE0OTAvMi8xIDIxNDkxLzMvMSAyMTQ5Mi80LzEKZiAyMTQ5My8xLzEgMjE0OTQvMi8xIDIxNDk1LzMvMSAyMTQ5Ni80LzEKZiAyMTQ5Ny8xLzEgMjE0OTgvMi8xIDIxNDk5LzMvMSAyMTUwMC80LzEKZiAyMTUwMS8xLzEgMjE1MDIvMi8xIDIxNTAzLzMvMSAyMTUwNC80LzEKZiAyMTUwNS8xLzEgMjE1MDYvMi8xIDIxNTA3LzMvMSAyMTUwOC80LzEKZiAyMTUwOS8xLzEgMjE1MTAvMi8xIDIxNTExLzMvMSAyMTUxMi80LzEKZiAyMTUxMy8xLzEgMjE1MTQvMi8xIDIxNTE1LzMvMSAyMTUxNi80LzEKZiAyMTUxNy8xLzEgMjE1MTgvMi8xIDIxNTE5LzMvMSAyMTUyMC80LzEKZiAyMTUyMS8xLzEgMjE1MjIvMi8xIDIxNTIzLzMvMSAyMTUyNC80LzEKZiAyMTUyNS8xLzEgMjE1MjYvMi8xIDIxNTI3LzMvMSAyMTUyOC80LzEKZiAyMTUyOS8xLzEgMjE1MzAvMi8xIDIxNTMxLzMvMSAyMTUzMi80LzEKZiAyMTUzMy8xLzEgMjE1MzQvMi8xIDIxNTM1LzMvMSAyMTUzNi80LzEKZiAyMTUzNy8xLzEgMjE1MzgvMi8xIDIxNTM5LzMvMSAyMTU0MC80LzEKZiAyMTU0MS8xLzEgMjE1NDIvMi8xIDIxNTQzLzMvMSAyMTU0NC80LzEKZiAyMTU0NS8xLzEgMjE1NDYvMi8xIDIxNTQ3LzMvMSAyMTU0OC80LzEKZiAyMTU0OS8xLzEgMjE1NTAvMi8xIDIxNTUxLzMvMSAyMTU1Mi80LzEKZiAyMTU1My8xLzEgMjE1NTQvMi8xIDIxNTU1LzMvMSAyMTU1Ni80LzEKZiAyMTU1Ny8xLzEgMjE1NTgvMi8xIDIxNTU5LzMvMSAyMTU2MC80LzEKZiAyMTU2MS8xLzEgMjE1NjIvMi8xIDIxNTYzLzMvMSAyMTU2NC80LzEKZiAyMTU2NS8xLzEgMjE1NjYvMi8xIDIxNTY3LzMvMSAyMTU2OC80LzEKZiAyMTU2OS8xLzEgMjE1NzAvMi8xIDIxNTcxLzMvMSAyMTU3Mi80LzEKZiAyMTU3My8xLzEgMjE1NzQvMi8xIDIxNTc1LzMvMSAyMTU3Ni80LzEKZiAyMTU3Ny8xLzEgMjE1NzgvMi8xIDIxNTc5LzMvMSAyMTU4MC80LzEKZiAyMTU4MS8xLzEgMjE1ODIvMi8xIDIxNTgzLzMvMSAyMTU4NC80LzEKZiAyMTU4NS8xLzEgMjE1ODYvMi8xIDIxNTg3LzMvMSAyMTU4OC80LzEKZiAyMTU4OS8xLzEgMjE1OTAvMi8xIDIxNTkxLzMvMSAyMTU5Mi80LzEKZiAyMTU5My8xLzEgMjE1OTQvMi8xIDIxNTk1LzMvMSAyMTU5Ni80LzEKZiAyMTU5Ny8xLzEgMjE1OTgvMi8xIDIxNTk5LzMvMSAyMTYwMC80LzEKZiAyMTYwMS8xLzEgMjE2MDIvMi8xIDIxNjAzLzMvMSAyMTYwNC80LzEKZiAyMTYwNS8xLzEgMjE2MDYvMi8xIDIxNjA3LzMvMSAyMTYwOC80LzEKZiAyMTYwOS8xLzEgMjE2MTAvMi8xIDIxNjExLzMvMSAyMTYxMi80LzEKZiAyMTYxMy8xLzEgMjE2MTQvMi8xIDIxNjE1LzMvMSAyMTYxNi80LzEKZiAyMTYxNy8xLzEgMjE2MTgvMi8xIDIxNjE5LzMvMSAyMTYyMC80LzEKZiAyMTYyMS8xLzEgMjE2MjIvMi8xIDIxNjIzLzMvMSAyMTYyNC80LzEKZiAyMTYyNS8xLzEgMjE2MjYvMi8xIDIxNjI3LzMvMSAyMTYyOC80LzEKZiAyMTYyOS8xLzEgMjE2MzAvMi8xIDIxNjMxLzMvMSAyMTYzMi80LzEKZiAyMTYzMy8xLzEgMjE2MzQvMi8xIDIxNjM1LzMvMSAyMTYzNi80LzEKZiAyMTYzNy8xLzEgMjE2MzgvMi8xIDIxNjM5LzMvMSAyMTY0MC80LzEKZiAyMTY0MS8xLzEgMjE2NDIvMi8xIDIxNjQzLzMvMSAyMTY0NC80LzEKZiAyMTY0NS8xLzEgMjE2NDYvMi8xIDIxNjQ3LzMvMSAyMTY0OC80LzEKZiAyMTY0OS8xLzEgMjE2NTAvMi8xIDIxNjUxLzMvMSAyMTY1Mi80LzEKZiAyMTY1My8xLzEgMjE2NTQvMi8xIDIxNjU1LzMvMSAyMTY1Ni80LzEKZiAyMTY1Ny8xLzEgMjE2NTgvMi8xIDIxNjU5LzMvMSAyMTY2MC80LzEKZiAyMTY2MS8xLzEgMjE2NjIvMi8xIDIxNjYzLzMvMSAyMTY2NC80LzEKZiAyMTY2NS8xLzEgMjE2NjYvMi8xIDIxNjY3LzMvMSAyMTY2OC80LzEKZiAyMTY2OS8xLzEgMjE2NzAvMi8xIDIxNjcxLzMvMSAyMTY3Mi80LzEKZiAyMTY3My8xLzEgMjE2NzQvMi8xIDIxNjc1LzMvMSAyMTY3Ni80LzEKZiAyMTY3Ny8xLzEgMjE2NzgvMi8xIDIxNjc5LzMvMSAyMTY4MC80LzEKZiAyMTY4MS8xLzEgMjE2ODIvMi8xIDIxNjgzLzMvMSAyMTY4NC80LzEKZiAyMTY4NS8xLzEgMjE2ODYvMi8xIDIxNjg3LzMvMSAyMTY4OC80LzEKZiAyMTY4OS8xLzEgMjE2OTAvMi8xIDIxNjkxLzMvMSAyMTY5Mi80LzEKZiAyMTY5My8xLzEgMjE2OTQvMi8xIDIxNjk1LzMvMSAyMTY5Ni80LzEKZiAyMTY5Ny8xLzEgMjE2OTgvMi8xIDIxNjk5LzMvMSAyMTcwMC80LzEKZiAyMTcwMS8xLzEgMjE3MDIvMi8xIDIxNzAzLzMvMSAyMTcwNC80LzEKZiAyMTcwNS8xLzEgMjE3MDYvMi8xIDIxNzA3LzMvMSAyMTcwOC80LzEKZiAyMTcwOS8xLzEgMjE3MTAvMi8xIDIxNzExLzMvMSAyMTcxMi80LzEKZiAyMTcxMy8xLzEgMjE3MTQvMi8xIDIxNzE1LzMvMSAyMTcxNi80LzEKZiAyMTcxNy8xLzEgMjE3MTgvMi8xIDIxNzE5LzMvMSAyMTcyMC80LzEKZiAyMTcyMS8xLzEgMjE3MjIvMi8xIDIxNzIzLzMvMSAyMTcyNC80LzEKZiAyMTcyNS8xLzEgMjE3MjYvMi8xIDIxNzI3LzMvMSAyMTcyOC80LzEKZiAyMTcyOS8xLzEgMjE3MzAvMi8xIDIxNzMxLzMvMSAyMTczMi80LzEKZiAyMTczMy8xLzEgMjE3MzQvMi8xIDIxNzM1LzMvMSAyMTczNi80LzEKZiAyMTczNy8xLzEgMjE3MzgvMi8xIDIxNzM5LzMvMSAyMTc0MC80LzEKZiAyMTc0MS8xLzEgMjE3NDIvMi8xIDIxNzQzLzMvMSAyMTc0NC80LzEKZiAyMTc0NS8xLzEgMjE3NDYvMi8xIDIxNzQ3LzMvMSAyMTc0OC80LzEKZiAyMTc0OS8xLzEgMjE3NTAvMi8xIDIxNzUxLzMvMSAyMTc1Mi80LzEKZiAyMTc1My8xLzEgMjE3NTQvMi8xIDIxNzU1LzMvMSAyMTc1Ni80LzEKZiAyMTc1Ny8xLzEgMjE3NTgvMi8xIDIxNzU5LzMvMSAyMTc2MC80LzEKZiAyMTc2MS8xLzEgMjE3NjIvMi8xIDIxNzYzLzMvMSAyMTc2NC80LzEKZiAyMTc2NS8xLzEgMjE3NjYvMi8xIDIxNzY3LzMvMSAyMTc2OC80LzEKZiAyMTc2OS8xLzEgMjE3NzAvMi8xIDIxNzcxLzMvMSAyMTc3Mi80LzEKZiAyMTc3My8xLzEgMjE3NzQvMi8xIDIxNzc1LzMvMSAyMTc3Ni80LzEKZiAyMTc3Ny8xLzEgMjE3NzgvMi8xIDIxNzc5LzMvMSAyMTc4MC80LzEKZiAyMTc4MS8xLzEgMjE3ODIvMi8xIDIxNzgzLzMvMSAyMTc4NC80LzEKZiAyMTc4NS8xLzEgMjE3ODYvMi8xIDIxNzg3LzMvMSAyMTc4OC80LzEKZiAyMTc4OS8xLzEgMjE3OTAvMi8xIDIxNzkxLzMvMSAyMTc5Mi80LzEKZiAyMTc5My8xLzEgMjE3OTQvMi8xIDIxNzk1LzMvMSAyMTc5Ni80LzEKZiAyMTc5Ny8xLzEgMjE3OTgvMi8xIDIxNzk5LzMvMSAyMTgwMC80LzEKZiAyMTgwMS8xLzEgMjE4MDIvMi8xIDIxODAzLzMvMSAyMTgwNC80LzEKZiAyMTgwNS8xLzEgMjE4MDYvMi8xIDIxODA3LzMvMSAyMTgwOC80LzEKZiAyMTgwOS8xLzEgMjE4MTAvMi8xIDIxODExLzMvMSAyMTgxMi80LzEKZiAyMTgxMy8xLzEgMjE4MTQvMi8xIDIxODE1LzMvMSAyMTgxNi80LzEKZiAyMTgxNy8xLzEgMjE4MTgvMi8xIDIxODE5LzMvMSAyMTgyMC80LzEKZiAyMTgyMS8xLzEgMjE4MjIvMi8xIDIxODIzLzMvMSAyMTgyNC80LzEKZiAyMTgyNS8xLzEgMjE4MjYvMi8xIDIxODI3LzMvMSAyMTgyOC80LzEKZiAyMTgyOS8xLzEgMjE4MzAvMi8xIDIxODMxLzMvMSAyMTgzMi80LzEKZiAyMTgzMy8xLzEgMjE4MzQvMi8xIDIxODM1LzMvMSAyMTgzNi80LzEKZiAyMTgzNy8xLzEgMjE4MzgvMi8xIDIxODM5LzMvMSAyMTg0MC80LzEKZiAyMTg0MS8xLzEgMjE4NDIvMi8xIDIxODQzLzMvMSAyMTg0NC80LzEKZiAyMTg0NS8xLzEgMjE4NDYvMi8xIDIxODQ3LzMvMSAyMTg0OC80LzEKZiAyMTg0OS8xLzEgMjE4NTAvMi8xIDIxODUxLzMvMSAyMTg1Mi80LzEKZiAyMTg1My8xLzEgMjE4NTQvMi8xIDIxODU1LzMvMSAyMTg1Ni80LzEKZiAyMTg1Ny8xLzEgMjE4NTgvMi8xIDIxODU5LzMvMSAyMTg2MC80LzEKZiAyMTg2MS8xLzEgMjE4NjIvMi8xIDIxODYzLzMvMSAyMTg2NC80LzEKZiAyMTg2NS8xLzEgMjE4NjYvMi8xIDIxODY3LzMvMSAyMTg2OC80LzEKZiAyMTg2OS8xLzEgMjE4NzAvMi8xIDIxODcxLzMvMSAyMTg3Mi80LzEKZiAyMTg3My8xLzEgMjE4NzQvMi8xIDIxODc1LzMvMSAyMTg3Ni80LzEKZiAyMTg3Ny8xLzEgMjE4NzgvMi8xIDIxODc5LzMvMSAyMTg4MC80LzEKZiAyMTg4MS8xLzEgMjE4ODIvMi8xIDIxODgzLzMvMSAyMTg4NC80LzEKZiAyMTg4NS8xLzEgMjE4ODYvMi8xIDIxODg3LzMvMSAyMTg4OC80LzEKZiAyMTg4OS8xLzEgMjE4OTAvMi8xIDIxODkxLzMvMSAyMTg5Mi80LzEKZiAyMTg5My8xLzEgMjE4OTQvMi8xIDIxODk1LzMvMSAyMTg5Ni80LzEKZiAyMTg5Ny8xLzEgMjE4OTgvMi8xIDIxODk5LzMvMSAyMTkwMC80LzEKZiAyMTkwMS8xLzEgMjE5MDIvMi8xIDIxOTAzLzMvMSAyMTkwNC80LzEKZiAyMTkwNS8xLzEgMjE5MDYvMi8xIDIxOTA3LzMvMSAyMTkwOC80LzEKZiAyMTkwOS8xLzEgMjE5MTAvMi8xIDIxOTExLzMvMSAyMTkxMi80LzEKZiAyMTkxMy8xLzEgMjE5MTQvMi8xIDIxOTE1LzMvMSAyMTkxNi80LzEKZiAyMTkxNy8xLzEgMjE5MTgvMi8xIDIxOTE5LzMvMSAyMTkyMC80LzEKZiAyMTkyMS8xLzEgMjE5MjIvMi8xIDIxOTIzLzMvMSAyMTkyNC80LzEKZiAyMTkyNS8xLzEgMjE5MjYvMi8xIDIxOTI3LzMvMSAyMTkyOC80LzEKZiAyMTkyOS8xLzEgMjE5MzAvMi8xIDIxOTMxLzMvMSAyMTkzMi80LzEKZiAyMTkzMy8xLzEgMjE5MzQvMi8xIDIxOTM1LzMvMSAyMTkzNi80LzEKZiAyMTkzNy8xLzEgMjE5MzgvMi8xIDIxOTM5LzMvMSAyMTk0MC80LzEKZiAyMTk0MS8xLzEgMjE5NDIvMi8xIDIxOTQzLzMvMSAyMTk0NC80LzEKZiAyMTk0NS8xLzEgMjE5NDYvMi8xIDIxOTQ3LzMvMSAyMTk0OC80LzEKZiAyMTk0OS8xLzEgMjE5NTAvMi8xIDIxOTUxLzMvMSAyMTk1Mi80LzEKZiAyMTk1My8xLzEgMjE5NTQvMi8xIDIxOTU1LzMvMSAyMTk1Ni80LzEKZiAyMTk1Ny8xLzEgMjE5NTgvMi8xIDIxOTU5LzMvMSAyMTk2MC80LzEKZiAyMTk2MS8xLzEgMjE5NjIvMi8xIDIxOTYzLzMvMSAyMTk2NC80LzEKZiAyMTk2NS8xLzEgMjE5NjYvMi8xIDIxOTY3LzMvMSAyMTk2OC80LzEKZiAyMTk2OS8xLzEgMjE5NzAvMi8xIDIxOTcxLzMvMSAyMTk3Mi80LzEKZiAyMTk3My8xLzEgMjE5NzQvMi8xIDIxOTc1LzMvMSAyMTk3Ni80LzEKZiAyMTk3Ny8xLzEgMjE5NzgvMi8xIDIxOTc5LzMvMSAyMTk4MC80LzEKZiAyMTk4MS8xLzEgMjE5ODIvMi8xIDIxOTgzLzMvMSAyMTk4NC80LzEKZiAyMTk4NS8xLzEgMjE5ODYvMi8xIDIxOTg3LzMvMSAyMTk4OC80LzEKZiAyMTk4OS8xLzEgMjE5OTAvMi8xIDIxOTkxLzMvMSAyMTk5Mi80LzEKZiAyMTk5My8xLzEgMjE5OTQvMi8xIDIxOTk1LzMvMSAyMTk5Ni80LzEKZiAyMTk5Ny8xLzEgMjE5OTgvMi8xIDIxOTk5LzMvMSAyMjAwMC80LzEKZiAyMjAwMS8xLzEgMjIwMDIvMi8xIDIyMDAzLzMvMSAyMjAwNC80LzEKZiAyMjAwNS8xLzEgMjIwMDYvMi8xIDIyMDA3LzMvMSAyMjAwOC80LzEKZiAyMjAwOS8xLzEgMjIwMTAvMi8xIDIyMDExLzMvMSAyMjAxMi80LzEKZiAyMjAxMy8xLzEgMjIwMTQvMi8xIDIyMDE1LzMvMSAyMjAxNi80LzEKZiAyMjAxNy8xLzEgMjIwMTgvMi8xIDIyMDE5LzMvMSAyMjAyMC80LzEKZiAyMjAyMS8xLzEgMjIwMjIvMi8xIDIyMDIzLzMvMSAyMjAyNC80LzEKZiAyMjAyNS8xLzEgMjIwMjYvMi8xIDIyMDI3LzMvMSAyMjAyOC80LzEKZiAyMjAyOS8xLzEgMjIwMzAvMi8xIDIyMDMxLzMvMSAyMjAzMi80LzEKZiAyMjAzMy8xLzEgMjIwMzQvMi8xIDIyMDM1LzMvMSAyMjAzNi80LzEKZiAyMjAzNy8xLzEgMjIwMzgvMi8xIDIyMDM5LzMvMSAyMjA0MC80LzEKZiAyMjA0MS8xLzEgMjIwNDIvMi8xIDIyMDQzLzMvMSAyMjA0NC80LzEKZiAyMjA0NS8xLzEgMjIwNDYvMi8xIDIyMDQ3LzMvMSAyMjA0OC80LzEKZiAyMjA0OS8xLzEgMjIwNTAvMi8xIDIyMDUxLzMvMSAyMjA1Mi80LzEKZiAyMjA1My8xLzEgMjIwNTQvMi8xIDIyMDU1LzMvMSAyMjA1Ni80LzEKZiAyMjA1Ny8xLzEgMjIwNTgvMi8xIDIyMDU5LzMvMSAyMjA2MC80LzEKZiAyMjA2MS8xLzEgMjIwNjIvMi8xIDIyMDYzLzMvMSAyMjA2NC80LzEKZiAyMjA2NS8xLzEgMjIwNjYvMi8xIDIyMDY3LzMvMSAyMjA2OC80LzEKZiAyMjA2OS8xLzEgMjIwNzAvMi8xIDIyMDcxLzMvMSAyMjA3Mi80LzEKZiAyMjA3My8xLzEgMjIwNzQvMi8xIDIyMDc1LzMvMSAyMjA3Ni80LzEKZiAyMjA3Ny8xLzEgMjIwNzgvMi8xIDIyMDc5LzMvMSAyMjA4MC80LzEKZiAyMjA4MS8xLzEgMjIwODIvMi8xIDIyMDgzLzMvMSAyMjA4NC80LzEKZiAyMjA4NS8xLzEgMjIwODYvMi8xIDIyMDg3LzMvMSAyMjA4OC80LzEKZiAyMjA4OS8xLzEgMjIwOTAvMi8xIDIyMDkxLzMvMSAyMjA5Mi80LzEKZiAyMjA5My8xLzEgMjIwOTQvMi8xIDIyMDk1LzMvMSAyMjA5Ni80LzEKZiAyMjA5Ny8xLzEgMjIwOTgvMi8xIDIyMDk5LzMvMSAyMjEwMC80LzEKZiAyMjEwMS8xLzEgMjIxMDIvMi8xIDIyMTAzLzMvMSAyMjEwNC80LzEKZiAyMjEwNS8xLzEgMjIxMDYvMi8xIDIyMTA3LzMvMSAyMjEwOC80LzEKZiAyMjEwOS8xLzEgMjIxMTAvMi8xIDIyMTExLzMvMSAyMjExMi80LzEKZiAyMjExMy8xLzEgMjIxMTQvMi8xIDIyMTE1LzMvMSAyMjExNi80LzEKZiAyMjExNy8xLzEgMjIxMTgvMi8xIDIyMTE5LzMvMSAyMjEyMC80LzEKZiAyMjEyMS8xLzEgMjIxMjIvMi8xIDIyMTIzLzMvMSAyMjEyNC80LzEKZiAyMjEyNS8xLzEgMjIxMjYvMi8xIDIyMTI3LzMvMSAyMjEyOC80LzEKZiAyMjEyOS8xLzEgMjIxMzAvMi8xIDIyMTMxLzMvMSAyMjEzMi80LzEKZiAyMjEzMy8xLzEgMjIxMzQvMi8xIDIyMTM1LzMvMSAyMjEzNi80LzEKZiAyMjEzNy8xLzEgMjIxMzgvMi8xIDIyMTM5LzMvMSAyMjE0MC80LzEKZiAyMjE0MS8xLzEgMjIxNDIvMi8xIDIyMTQzLzMvMSAyMjE0NC80LzEKZiAyMjE0NS8xLzEgMjIxNDYvMi8xIDIyMTQ3LzMvMSAyMjE0OC80LzEKZiAyMjE0OS8xLzEgMjIxNTAvMi8xIDIyMTUxLzMvMSAyMjE1Mi80LzEKZiAyMjE1My8xLzEgMjIxNTQvMi8xIDIyMTU1LzMvMSAyMjE1Ni80LzEKZiAyMjE1Ny8xLzEgMjIxNTgvMi8xIDIyMTU5LzMvMSAyMjE2MC80LzEKZiAyMjE2MS8xLzEgMjIxNjIvMi8xIDIyMTYzLzMvMSAyMjE2NC80LzEKZiAyMjE2NS8xLzEgMjIxNjYvMi8xIDIyMTY3LzMvMSAyMjE2OC80LzEKZiAyMjE2OS8xLzEgMjIxNzAvMi8xIDIyMTcxLzMvMSAyMjE3Mi80LzEKZiAyMjE3My8xLzEgMjIxNzQvMi8xIDIyMTc1LzMvMSAyMjE3Ni80LzEKZiAyMjE3Ny8xLzEgMjIxNzgvMi8xIDIyMTc5LzMvMSAyMjE4MC80LzEKZiAyMjE4MS8xLzEgMjIxODIvMi8xIDIyMTgzLzMvMSAyMjE4NC80LzEKZiAyMjE4NS8xLzEgMjIxODYvMi8xIDIyMTg3LzMvMSAyMjE4OC80LzEKZiAyMjE4OS8xLzEgMjIxOTAvMi8xIDIyMTkxLzMvMSAyMjE5Mi80LzEKZiAyMjE5My8xLzEgMjIxOTQvMi8xIDIyMTk1LzMvMSAyMjE5Ni80LzEKZiAyMjE5Ny8xLzEgMjIxOTgvMi8xIDIyMTk5LzMvMSAyMjIwMC80LzEKZiAyMjIwMS8xLzEgMjIyMDIvMi8xIDIyMjAzLzMvMSAyMjIwNC80LzEKZiAyMjIwNS8xLzEgMjIyMDYvMi8xIDIyMjA3LzMvMSAyMjIwOC80LzEKZiAyMjIwOS8xLzEgMjIyMTAvMi8xIDIyMjExLzMvMSAyMjIxMi80LzEKZiAyMjIxMy8xLzEgMjIyMTQvMi8xIDIyMjE1LzMvMSAyMjIxNi80LzEKZiAyMjIxNy8xLzEgMjIyMTgvMi8xIDIyMjE5LzMvMSAyMjIyMC80LzEKZiAyMjIyMS8xLzEgMjIyMjIvMi8xIDIyMjIzLzMvMSAyMjIyNC80LzEKZiAyMjIyNS8xLzEgMjIyMjYvMi8xIDIyMjI3LzMvMSAyMjIyOC80LzEKZiAyMjIyOS8xLzEgMjIyMzAvMi8xIDIyMjMxLzMvMSAyMjIzMi80LzEKZiAyMjIzMy8xLzEgMjIyMzQvMi8xIDIyMjM1LzMvMSAyMjIzNi80LzEKZiAyMjIzNy8xLzEgMjIyMzgvMi8xIDIyMjM5LzMvMSAyMjI0MC80LzEKZiAyMjI0MS8xLzEgMjIyNDIvMi8xIDIyMjQzLzMvMSAyMjI0NC80LzEKZiAyMjI0NS8xLzEgMjIyNDYvMi8xIDIyMjQ3LzMvMSAyMjI0OC80LzEKZiAyMjI0OS8xLzEgMjIyNTAvMi8xIDIyMjUxLzMvMSAyMjI1Mi80LzEKZiAyMjI1My8xLzEgMjIyNTQvMi8xIDIyMjU1LzMvMSAyMjI1Ni80LzEKZiAyMjI1Ny8xLzEgMjIyNTgvMi8xIDIyMjU5LzMvMSAyMjI2MC80LzEKZiAyMjI2MS8xLzEgMjIyNjIvMi8xIDIyMjYzLzMvMSAyMjI2NC80LzEKZiAyMjI2NS8xLzEgMjIyNjYvMi8xIDIyMjY3LzMvMSAyMjI2OC80LzEKZiAyMjI2OS8xLzEgMjIyNzAvMi8xIDIyMjcxLzMvMSAyMjI3Mi80LzEKZiAyMjI3My8xLzEgMjIyNzQvMi8xIDIyMjc1LzMvMSAyMjI3Ni80LzEKZiAyMjI3Ny8xLzEgMjIyNzgvMi8xIDIyMjc5LzMvMSAyMjI4MC80LzEKZiAyMjI4MS8xLzEgMjIyODIvMi8xIDIyMjgzLzMvMSAyMjI4NC80LzEKZiAyMjI4NS8xLzEgMjIyODYvMi8xIDIyMjg3LzMvMSAyMjI4OC80LzEKZiAyMjI4OS8xLzEgMjIyOTAvMi8xIDIyMjkxLzMvMSAyMjI5Mi80LzEKZiAyMjI5My8xLzEgMjIyOTQvMi8xIDIyMjk1LzMvMSAyMjI5Ni80LzEKZiAyMjI5Ny8xLzEgMjIyOTgvMi8xIDIyMjk5LzMvMSAyMjMwMC80LzEKZiAyMjMwMS8xLzEgMjIzMDIvMi8xIDIyMzAzLzMvMSAyMjMwNC80LzEKZiAyMjMwNS8xLzEgMjIzMDYvMi8xIDIyMzA3LzMvMSAyMjMwOC80LzEKZiAyMjMwOS8xLzEgMjIzMTAvMi8xIDIyMzExLzMvMSAyMjMxMi80LzEKZiAyMjMxMy8xLzEgMjIzMTQvMi8xIDIyMzE1LzMvMSAyMjMxNi80LzEKZiAyMjMxNy8xLzEgMjIzMTgvMi8xIDIyMzE5LzMvMSAyMjMyMC80LzEKZiAyMjMyMS8xLzEgMjIzMjIvMi8xIDIyMzIzLzMvMSAyMjMyNC80LzEKZiAyMjMyNS8xLzEgMjIzMjYvMi8xIDIyMzI3LzMvMSAyMjMyOC80LzEKZiAyMjMyOS8xLzEgMjIzMzAvMi8xIDIyMzMxLzMvMSAyMjMzMi80LzEKZiAyMjMzMy8xLzEgMjIzMzQvMi8xIDIyMzM1LzMvMSAyMjMzNi80LzEKZiAyMjMzNy8xLzEgMjIzMzgvMi8xIDIyMzM5LzMvMSAyMjM0MC80LzEKZiAyMjM0MS8xLzEgMjIzNDIvMi8xIDIyMzQzLzMvMSAyMjM0NC80LzEKZiAyMjM0NS8xLzEgMjIzNDYvMi8xIDIyMzQ3LzMvMSAyMjM0OC80LzEKZiAyMjM0OS8xLzEgMjIzNTAvMi8xIDIyMzUxLzMvMSAyMjM1Mi80LzEKZiAyMjM1My8xLzEgMjIzNTQvMi8xIDIyMzU1LzMvMSAyMjM1Ni80LzEKZiAyMjM1Ny8xLzEgMjIzNTgvMi8xIDIyMzU5LzMvMSAyMjM2MC80LzEKZiAyMjM2MS8xLzEgMjIzNjIvMi8xIDIyMzYzLzMvMSAyMjM2NC80LzEKZiAyMjM2NS8xLzEgMjIzNjYvMi8xIDIyMzY3LzMvMSAyMjM2OC80LzEKZiAyMjM2OS8xLzEgMjIzNzAvMi8xIDIyMzcxLzMvMSAyMjM3Mi80LzEKZiAyMjM3My8xLzEgMjIzNzQvMi8xIDIyMzc1LzMvMSAyMjM3Ni80LzEKZiAyMjM3Ny8xLzEgMjIzNzgvMi8xIDIyMzc5LzMvMSAyMjM4MC80LzEKZiAyMjM4MS8xLzEgMjIzODIvMi8xIDIyMzgzLzMvMSAyMjM4NC80LzEKZiAyMjM4NS8xLzEgMjIzODYvMi8xIDIyMzg3LzMvMSAyMjM4OC80LzEKZiAyMjM4OS8xLzEgMjIzOTAvMi8xIDIyMzkxLzMvMSAyMjM5Mi80LzEKZiAyMjM5My8xLzEgMjIzOTQvMi8xIDIyMzk1LzMvMSAyMjM5Ni80LzEKZiAyMjM5Ny8xLzEgMjIzOTgvMi8xIDIyMzk5LzMvMSAyMjQwMC80LzEKZiAyMjQwMS8xLzEgMjI0MDIvMi8xIDIyNDAzLzMvMSAyMjQwNC80LzEKZiAyMjQwNS8xLzEgMjI0MDYvMi8xIDIyNDA3LzMvMSAyMjQwOC80LzEKZiAyMjQwOS8xLzEgMjI0MTAvMi8xIDIyNDExLzMvMSAyMjQxMi80LzEKZiAyMjQxMy8xLzEgMjI0MTQvMi8xIDIyNDE1LzMvMSAyMjQxNi80LzEKZiAyMjQxNy8xLzEgMjI0MTgvMi8xIDIyNDE5LzMvMSAyMjQyMC80LzEKZiAyMjQyMS8xLzEgMjI0MjIvMi8xIDIyNDIzLzMvMSAyMjQyNC80LzEKZiAyMjQyNS8xLzEgMjI0MjYvMi8xIDIyNDI3LzMvMSAyMjQyOC80LzEKZiAyMjQyOS8xLzEgMjI0MzAvMi8xIDIyNDMxLzMvMSAyMjQzMi80LzEKZiAyMjQzMy8xLzEgMjI0MzQvMi8xIDIyNDM1LzMvMSAyMjQzNi80LzEKZiAyMjQzNy8xLzEgMjI0MzgvMi8xIDIyNDM5LzMvMSAyMjQ0MC80LzEKZiAyMjQ0MS8xLzEgMjI0NDIvMi8xIDIyNDQzLzMvMSAyMjQ0NC80LzEKZiAyMjQ0NS8xLzEgMjI0NDYvMi8xIDIyNDQ3LzMvMSAyMjQ0OC80LzEKZiAyMjQ0OS8xLzEgMjI0NTAvMi8xIDIyNDUxLzMvMSAyMjQ1Mi80LzEKZiAyMjQ1My8xLzEgMjI0NTQvMi8xIDIyNDU1LzMvMSAyMjQ1Ni80LzEKZiAyMjQ1Ny8xLzEgMjI0NTgvMi8xIDIyNDU5LzMvMSAyMjQ2MC80LzEKZiAyMjQ2MS8xLzEgMjI0NjIvMi8xIDIyNDYzLzMvMSAyMjQ2NC80LzEKZiAyMjQ2NS8xLzEgMjI0NjYvMi8xIDIyNDY3LzMvMSAyMjQ2OC80LzEKZiAyMjQ2OS8xLzEgMjI0NzAvMi8xIDIyNDcxLzMvMSAyMjQ3Mi80LzEKZiAyMjQ3My8xLzEgMjI0NzQvMi8xIDIyNDc1LzMvMSAyMjQ3Ni80LzEKZiAyMjQ3Ny8xLzEgMjI0NzgvMi8xIDIyNDc5LzMvMSAyMjQ4MC80LzEKZiAyMjQ4MS8xLzEgMjI0ODIvMi8xIDIyNDgzLzMvMSAyMjQ4NC80LzEKZiAyMjQ4NS8xLzEgMjI0ODYvMi8xIDIyNDg3LzMvMSAyMjQ4OC80LzEKZiAyMjQ4OS8xLzEgMjI0OTAvMi8xIDIyNDkxLzMvMSAyMjQ5Mi80LzEKDQo=</ImportMesh>
  <ImportMesh filename="test-area_mesh_0002.obj">IyBUaWxlZDJVbml0eSBnZW5lcmF0ZWQgZmlsZS4gRG8gbm90IG1vZGlmeSBieSBoYW5kLg0KIyBXYXZlZnJvbnQgZmlsZSBmb3IgJ3Rlc3QtYXJlYV9tZXNoXzAwMDIub2JqJw0KDQojIFZlcnRpY2VzIChDb3VudCA9IDE5NjQpDQp2IC02ODggLTE2MCAwDQp2IC03MDQgLTE2MCAwDQp2IC03MDQgLTE0NCAwDQp2IC02ODggLTE0NCAwDQp2IC02NzIgLTE2MCAwDQp2IC02ODggLTE2MCAwDQp2IC02ODggLTE0NCAwDQp2IC02NzIgLTE0NCAwDQp2IC02NTYgLTE2MCAwDQp2IC02NzIgLTE2MCAwDQp2IC02NzIgLTE0NCAwDQp2IC02NTYgLTE0NCAwDQp2IC0xMDI0IC0xNzYgMA0KdiAtMTA0MCAtMTc2IDANCnYgLTEwNDAgLTE2MCAwDQp2IC0xMDI0IC0xNjAgMA0KdiAtMTAwOCAtMTc2IDANCnYgLTEwMjQgLTE3NiAwDQp2IC0xMDI0IC0xNjAgMA0KdiAtMTAwOCAtMTYwIDANCnYgLTcwNCAtMTc2IDANCnYgLTcyMCAtMTc2IDANCnYgLTcyMCAtMTYwIDANCnYgLTcwNCAtMTYwIDANCnYgLTY4OCAtMTc2IDANCnYgLTcwNCAtMTc2IDANCnYgLTcwNCAtMTYwIDANCnYgLTY4OCAtMTYwIDANCnYgLTY3MiAtMTc2IDANCnYgLTY4OCAtMTc2IDANCnYgLTY4OCAtMTYwIDANCnYgLTY3MiAtMTYwIDANCnYgLTY1NiAtMTc2IDANCnYgLTY3MiAtMTc2IDANCnYgLTY3MiAtMTYwIDANCnYgLTY1NiAtMTYwIDANCnYgLTY0MCAtMTc2IDANCnYgLTY1NiAtMTc2IDANCnYgLTY1NiAtMTYwIDANCnYgLTY0MCAtMTYwIDANCnYgLTEwNDAgLTE5MiAwDQp2IC0xMDU2IC0xOTIgMA0KdiAtMTA1NiAtMTc2IDANCnYgLTEwNDAgLTE3NiAwDQp2IC0xMDI0IC0xOTIgMA0KdiAtMTA0MCAtMTkyIDANCnYgLTEwNDAgLTE3NiAwDQp2IC0xMDI0IC0xNzYgMA0KdiAtMTAwOCAtMTkyIDANCnYgLTEwMjQgLTE5MiAwDQp2IC0xMDI0IC0xNzYgMA0KdiAtMTAwOCAtMTc2IDANCnYgLTk5MiAtMTkyIDANCnYgLTEwMDggLTE5MiAwDQp2IC0xMDA4IC0xNzYgMA0KdiAtOTkyIC0xNzYgMA0KdiAtNzA0IC0xOTIgMA0KdiAtNzIwIC0xOTIgMA0KdiAtNzIwIC0xNzYgMA0KdiAtNzA0IC0xNzYgMA0KdiAtNjg4IC0xOTIgMA0KdiAtNzA0IC0xOTIgMA0KdiAtNzA0IC0xNzYgMA0KdiAtNjg4IC0xNzYgMA0KdiAtNjcyIC0xOTIgMA0KdiAtNjg4IC0xOTIgMA0KdiAtNjg4IC0xNzYgMA0KdiAtNjcyIC0xNzYgMA0KdiAtNjU2IC0xOTIgMA0KdiAtNjcyIC0xOTIgMA0KdiAtNjcyIC0xNzYgMA0KdiAtNjU2IC0xNzYgMA0KdiAtNjQwIC0xOTIgMA0KdiAtNjU2IC0xOTIgMA0KdiAtNjU2IC0xNzYgMA0KdiAtNjQwIC0xNzYgMA0KdiAtNjI0IC0xOTIgMA0KdiAtNjQwIC0xOTIgMA0KdiAtNjQwIC0xNzYgMA0KdiAtNjI0IC0xNzYgMA0KdiAtMTA0MCAtMjA4IDANCnYgLTEwNTYgLTIwOCAwDQp2IC0xMDU2IC0xOTIgMA0KdiAtMTA0MCAtMTkyIDANCnYgLTEwMjQgLTIwOCAwDQp2IC0xMDQwIC0yMDggMA0KdiAtMTA0MCAtMTkyIDANCnYgLTEwMjQgLTE5MiAwDQp2IC0xMDA4IC0yMDggMA0KdiAtMTAyNCAtMjA4IDANCnYgLTEwMjQgLTE5MiAwDQp2IC0xMDA4IC0xOTIgMA0KdiAtOTkyIC0yMDggMA0KdiAtMTAwOCAtMjA4IDANCnYgLTEwMDggLTE5MiAwDQp2IC05OTIgLTE5MiAwDQp2IC04NDggLTIwOCAwDQp2IC04NjQgLTIwOCAwDQp2IC04NjQgLTE5MiAwDQp2IC04NDggLTE5MiAwDQp2IC04MzIgLTIwOCAwDQp2IC04NDggLTIwOCAwDQp2IC04NDggLTE5MiAwDQp2IC04MzIgLTE5MiAwDQp2IC04MTYgLTIwOCAwDQp2IC04MzIgLTIwOCAwDQp2IC04MzIgLTE5MiAwDQp2IC04MTYgLTE5MiAwDQp2IC04MDAgLTIwOCAwDQp2IC04MTYgLTIwOCAwDQp2IC04MTYgLTE5MiAwDQp2IC04MDAgLTE5MiAwDQp2IC03ODQgLTIwOCAwDQp2IC04MDAgLTIwOCAwDQp2IC04MDAgLTE5MiAwDQp2IC03ODQgLTE5MiAwDQp2IC03NjggLTIwOCAwDQp2IC03ODQgLTIwOCAwDQp2IC03ODQgLTE5MiAwDQp2IC03NjggLTE5MiAwDQp2IC03NTIgLTIwOCAwDQp2IC03NjggLTIwOCAwDQp2IC03NjggLTE5MiAwDQp2IC03NTIgLTE5MiAwDQp2IC03MzYgLTIwOCAwDQp2IC03NTIgLTIwOCAwDQp2IC03NTIgLTE5MiAwDQp2IC03MzYgLTE5MiAwDQp2IC03MjAgLTIwOCAwDQp2IC03MzYgLTIwOCAwDQp2IC03MzYgLTE5MiAwDQp2IC03MjAgLTE5MiAwDQp2IC03MDQgLTIwOCAwDQp2IC03MjAgLTIwOCAwDQp2IC03MjAgLTE5MiAwDQp2IC03MDQgLTE5MiAwDQp2IC02ODggLTIwOCAwDQp2IC03MDQgLTIwOCAwDQp2IC03MDQgLTE5MiAwDQp2IC02ODggLTE5MiAwDQp2IC02NzIgLTIwOCAwDQp2IC02ODggLTIwOCAwDQp2IC02ODggLTE5MiAwDQp2IC02NzIgLTE5MiAwDQp2IC02NTYgLTIwOCAwDQp2IC02NzIgLTIwOCAwDQp2IC02NzIgLTE5MiAwDQp2IC02NTYgLTE5MiAwDQp2IC02NDAgLTIwOCAwDQp2IC02NTYgLTIwOCAwDQp2IC02NTYgLTE5MiAwDQp2IC02NDAgLTE5MiAwDQp2IC02MjQgLTIwOCAwDQp2IC02NDAgLTIwOCAwDQp2IC02NDAgLTE5MiAwDQp2IC02MjQgLTE5MiAwDQp2IC0xMDQwIC0yMjQgMA0KdiAtMTA1NiAtMjI0IDANCnYgLTEwNTYgLTIwOCAwDQp2IC0xMDQwIC0yMDggMA0KdiAtMTAyNCAtMjI0IDANCnYgLTEwNDAgLTIyNCAwDQp2IC0xMDQwIC0yMDggMA0KdiAtMTAyNCAtMjA4IDANCnYgLTEwMDggLTIyNCAwDQp2IC0xMDI0IC0yMjQgMA0KdiAtMTAyNCAtMjA4IDANCnYgLTEwMDggLTIwOCAwDQp2IC05OTIgLTIyNCAwDQp2IC0xMDA4IC0yMjQgMA0KdiAtMTAwOCAtMjA4IDANCnYgLTk5MiAtMjA4IDANCnYgLTkxMiAtMjI0IDANCnYgLTkyOCAtMjI0IDANCnYgLTkyOCAtMjA4IDANCnYgLTkxMiAtMjA4IDANCnYgLTg5NiAtMjI0IDANCnYgLTkxMiAtMjI0IDANCnYgLTkxMiAtMjA4IDANCnYgLTg5NiAtMjA4IDANCnYgLTg4MCAtMjI0IDANCnYgLTg5NiAtMjI0IDANCnYgLTg5NiAtMjA4IDANCnYgLTg4MCAtMjA4IDANCnYgLTg2NCAtMjI0IDANCnYgLTg4MCAtMjI0IDANCnYgLTg4MCAtMjA4IDANCnYgLTg2NCAtMjA4IDANCnYgLTg0OCAtMjI0IDANCnYgLTg2NCAtMjI0IDANCnYgLTg2NCAtMjA4IDANCnYgLTg0OCAtMjA4IDANCnYgLTgzMiAtMjI0IDANCnYgLTg0OCAtMjI0IDANCnYgLTg0OCAtMjA4IDANCnYgLTgzMiAtMjA4IDANCnYgLTgxNiAtMjI0IDANCnYgLTgzMiAtMjI0IDANCnYgLTgzMiAtMjA4IDANCnYgLTgxNiAtMjA4IDANCnYgLTgwMCAtMjI0IDANCnYgLTgxNiAtMjI0IDANCnYgLTgxNiAtMjA4IDANCnYgLTgwMCAtMjA4IDANCnYgLTc4NCAtMjI0IDANCnYgLTgwMCAtMjI0IDANCnYgLTgwMCAtMjA4IDANCnYgLTc4NCAtMjA4IDANCnYgLTc2OCAtMjI0IDANCnYgLTc4NCAtMjI0IDANCnYgLTc4NCAtMjA4IDANCnYgLTc2OCAtMjA4IDANCnYgLTc1MiAtMjI0IDANCnYgLTc2OCAtMjI0IDANCnYgLTc2OCAtMjA4IDANCnYgLTc1MiAtMjA4IDANCnYgLTczNiAtMjI0IDANCnYgLTc1MiAtMjI0IDANCnYgLTc1MiAtMjA4IDANCnYgLTczNiAtMjA4IDANCnYgLTcyMCAtMjI0IDANCnYgLTczNiAtMjI0IDANCnYgLTczNiAtMjA4IDANCnYgLTcyMCAtMjA4IDANCnYgLTcwNCAtMjI0IDANCnYgLTcyMCAtMjI0IDANCnYgLTcyMCAtMjA4IDANCnYgLTcwNCAtMjA4IDANCnYgLTY4OCAtMjI0IDANCnYgLTcwNCAtMjI0IDANCnYgLTcwNCAtMjA4IDANCnYgLTY4OCAtMjA4IDANCnYgLTY3MiAtMjI0IDANCnYgLTY4OCAtMjI0IDANCnYgLTY4OCAtMjA4IDANCnYgLTY3MiAtMjA4IDANCnYgLTY1NiAtMjI0IDANCnYgLTY3MiAtMjI0IDANCnYgLTY3MiAtMjA4IDANCnYgLTY1NiAtMjA4IDANCnYgLTY0MCAtMjI0IDANCnYgLTY1NiAtMjI0IDANCnYgLTY1NiAtMjA4IDANCnYgLTY0MCAtMjA4IDANCnYgLTYyNCAtMjI0IDANCnYgLTY0MCAtMjI0IDANCnYgLTY0MCAtMjA4IDANCnYgLTYyNCAtMjA4IDANCnYgLTkyOCAtMjQwIDANCnYgLTk0NCAtMjQwIDANCnYgLTk0NCAtMjI0IDANCnYgLTkyOCAtMjI0IDANCnYgLTkxMiAtMjQwIDANCnYgLTkyOCAtMjQwIDANCnYgLTkyOCAtMjI0IDANCnYgLTkxMiAtMjI0IDANCnYgLTg5NiAtMjQwIDANCnYgLTkxMiAtMjQwIDANCnYgLTkxMiAtMjI0IDANCnYgLTg5NiAtMjI0IDANCnYgLTg4MCAtMjQwIDANCnYgLTg5NiAtMjQwIDANCnYgLTg5NiAtMjI0IDANCnYgLTg4MCAtMjI0IDANCnYgLTg2NCAtMjQwIDANCnYgLTg4MCAtMjQwIDANCnYgLTg4MCAtMjI0IDANCnYgLTg2NCAtMjI0IDANCnYgLTg0OCAtMjQwIDANCnYgLTg2NCAtMjQwIDANCnYgLTg2NCAtMjI0IDANCnYgLTg0OCAtMjI0IDANCnYgLTgzMiAtMjQwIDANCnYgLTg0OCAtMjQwIDANCnYgLTg0OCAtMjI0IDANCnYgLTgzMiAtMjI0IDANCnYgLTgxNiAtMjQwIDANCnYgLTgzMiAtMjQwIDANCnYgLTgzMiAtMjI0IDANCnYgLTgxNiAtMjI0IDANCnYgLTgwMCAtMjQwIDANCnYgLTgxNiAtMjQwIDANCnYgLTgxNiAtMjI0IDANCnYgLTgwMCAtMjI0IDANCnYgLTc4NCAtMjQwIDANCnYgLTgwMCAtMjQwIDANCnYgLTgwMCAtMjI0IDANCnYgLTc4NCAtMjI0IDANCnYgLTc2OCAtMjQwIDANCnYgLTc4NCAtMjQwIDANCnYgLTc4NCAtMjI0IDANCnYgLTc2OCAtMjI0IDANCnYgLTc1MiAtMjQwIDANCnYgLTc2OCAtMjQwIDANCnYgLTc2OCAtMjI0IDANCnYgLTc1MiAtMjI0IDANCnYgLTczNiAtMjQwIDANCnYgLTc1MiAtMjQwIDANCnYgLTc1MiAtMjI0IDANCnYgLTczNiAtMjI0IDANCnYgLTcyMCAtMjQwIDANCnYgLTczNiAtMjQwIDANCnYgLTczNiAtMjI0IDANCnYgLTcyMCAtMjI0IDANCnYgLTcwNCAtMjQwIDANCnYgLTcyMCAtMjQwIDANCnYgLTcyMCAtMjI0IDANCnYgLTcwNCAtMjI0IDANCnYgLTY4OCAtMjQwIDANCnYgLTcwNCAtMjQwIDANCnYgLTcwNCAtMjI0IDANCnYgLTY4OCAtMjI0IDANCnYgLTY3MiAtMjQwIDANCnYgLTY4OCAtMjQwIDANCnYgLTY4OCAtMjI0IDANCnYgLTY3MiAtMjI0IDANCnYgLTY1NiAtMjQwIDANCnYgLTY3MiAtMjQwIDANCnYgLTY3MiAtMjI0IDANCnYgLTY1NiAtMjI0IDANCnYgLTY0MCAtMjQwIDANCnYgLTY1NiAtMjQwIDANCnYgLTY1NiAtMjI0IDANCnYgLTY0MCAtMjI0IDANCnYgLTYyNCAtMjQwIDANCnYgLTY0MCAtMjQwIDANCnYgLTY0MCAtMjI0IDANCnYgLTYyNCAtMjI0IDANCnYgLTkyOCAtMjU2IDANCnYgLTk0NCAtMjU2IDANCnYgLTk0NCAtMjQwIDANCnYgLTkyOCAtMjQwIDANCnYgLTkxMiAtMjU2IDANCnYgLTkyOCAtMjU2IDANCnYgLTkyOCAtMjQwIDANCnYgLTkxMiAtMjQwIDANCnYgLTg5NiAtMjU2IDANCnYgLTkxMiAtMjU2IDANCnYgLTkxMiAtMjQwIDANCnYgLTg5NiAtMjQwIDANCnYgLTg4MCAtMjU2IDANCnYgLTg5NiAtMjU2IDANCnYgLTg5NiAtMjQwIDANCnYgLTg4MCAtMjQwIDANCnYgLTg2NCAtMjU2IDANCnYgLTg4MCAtMjU2IDANCnYgLTg4MCAtMjQwIDANCnYgLTg2NCAtMjQwIDANCnYgLTg0OCAtMjU2IDANCnYgLTg2NCAtMjU2IDANCnYgLTg2NCAtMjQwIDANCnYgLTg0OCAtMjQwIDANCnYgLTgzMiAtMjU2IDANCnYgLTg0OCAtMjU2IDANCnYgLTg0OCAtMjQwIDANCnYgLTgzMiAtMjQwIDANCnYgLTgxNiAtMjU2IDANCnYgLTgzMiAtMjU2IDANCnYgLTgzMiAtMjQwIDANCnYgLTgxNiAtMjQwIDANCnYgLTgwMCAtMjU2IDANCnYgLTgxNiAtMjU2IDANCnYgLTgxNiAtMjQwIDANCnYgLTgwMCAtMjQwIDANCnYgLTc4NCAtMjU2IDANCnYgLTgwMCAtMjU2IDANCnYgLTgwMCAtMjQwIDANCnYgLTc4NCAtMjQwIDANCnYgLTc2OCAtMjU2IDANCnYgLTc4NCAtMjU2IDANCnYgLTc4NCAtMjQwIDANCnYgLTc2OCAtMjQwIDANCnYgLTc1MiAtMjU2IDANCnYgLTc2OCAtMjU2IDANCnYgLTc2OCAtMjQwIDANCnYgLTc1MiAtMjQwIDANCnYgLTczNiAtMjU2IDANCnYgLTc1MiAtMjU2IDANCnYgLTc1MiAtMjQwIDANCnYgLTczNiAtMjQwIDANCnYgLTcyMCAtMjU2IDANCnYgLTczNiAtMjU2IDANCnYgLTczNiAtMjQwIDANCnYgLTcyMCAtMjQwIDANCnYgLTcwNCAtMjU2IDANCnYgLTcyMCAtMjU2IDANCnYgLTcyMCAtMjQwIDANCnYgLTcwNCAtMjQwIDANCnYgLTY4OCAtMjU2IDANCnYgLTcwNCAtMjU2IDANCnYgLTcwNCAtMjQwIDANCnYgLTY4OCAtMjQwIDANCnYgLTY3MiAtMjU2IDANCnYgLTY4OCAtMjU2IDANCnYgLTY4OCAtMjQwIDANCnYgLTY3MiAtMjQwIDANCnYgLTY1NiAtMjU2IDANCnYgLTY3MiAtMjU2IDANCnYgLTY3MiAtMjQwIDANCnYgLTY1NiAtMjQwIDANCnYgLTY0MCAtMjU2IDANCnYgLTY1NiAtMjU2IDANCnYgLTY1NiAtMjQwIDANCnYgLTY0MCAtMjQwIDANCnYgLTYyNCAtMjU2IDANCnYgLTY0MCAtMjU2IDANCnYgLTY0MCAtMjQwIDANCnYgLTYyNCAtMjQwIDANCnYgLTk0NCAtMjcyIDANCnYgLTk2MCAtMjcyIDANCnYgLTk2MCAtMjU2IDANCnYgLTk0NCAtMjU2IDANCnYgLTkyOCAtMjcyIDANCnYgLTk0NCAtMjcyIDANCnYgLTk0NCAtMjU2IDANCnYgLTkyOCAtMjU2IDANCnYgLTkxMiAtMjcyIDANCnYgLTkyOCAtMjcyIDANCnYgLTkyOCAtMjU2IDANCnYgLTkxMiAtMjU2IDANCnYgLTg5NiAtMjcyIDANCnYgLTkxMiAtMjcyIDANCnYgLTkxMiAtMjU2IDANCnYgLTg5NiAtMjU2IDANCnYgLTg4MCAtMjcyIDANCnYgLTg5NiAtMjcyIDANCnYgLTg5NiAtMjU2IDANCnYgLTg4MCAtMjU2IDANCnYgLTg2NCAtMjcyIDANCnYgLTg4MCAtMjcyIDANCnYgLTg4MCAtMjU2IDANCnYgLTg2NCAtMjU2IDANCnYgLTg0OCAtMjcyIDANCnYgLTg2NCAtMjcyIDANCnYgLTg2NCAtMjU2IDANCnYgLTg0OCAtMjU2IDANCnYgLTgzMiAtMjcyIDANCnYgLTg0OCAtMjcyIDANCnYgLTg0OCAtMjU2IDANCnYgLTgzMiAtMjU2IDANCnYgLTgxNiAtMjcyIDANCnYgLTgzMiAtMjcyIDANCnYgLTgzMiAtMjU2IDANCnYgLTgxNiAtMjU2IDANCnYgLTgwMCAtMjcyIDANCnYgLTgxNiAtMjcyIDANCnYgLTgxNiAtMjU2IDANCnYgLTgwMCAtMjU2IDANCnYgLTc4NCAtMjcyIDANCnYgLTgwMCAtMjcyIDANCnYgLTgwMCAtMjU2IDANCnYgLTc4NCAtMjU2IDANCnYgLTc2OCAtMjcyIDANCnYgLTc4NCAtMjcyIDANCnYgLTc4NCAtMjU2IDANCnYgLTc2OCAtMjU2IDANCnYgLTc1MiAtMjcyIDANCnYgLTc2OCAtMjcyIDANCnYgLTc2OCAtMjU2IDANCnYgLTc1MiAtMjU2IDANCnYgLTczNiAtMjcyIDANCnYgLTc1MiAtMjcyIDANCnYgLTc1MiAtMjU2IDANCnYgLTczNiAtMjU2IDANCnYgLTcyMCAtMjcyIDANCnYgLTczNiAtMjcyIDANCnYgLTczNiAtMjU2IDANCnYgLTcyMCAtMjU2IDANCnYgLTcwNCAtMjcyIDANCnYgLTcyMCAtMjcyIDANCnYgLTcyMCAtMjU2IDANCnYgLTcwNCAtMjU2IDANCnYgLTY4OCAtMjcyIDANCnYgLTcwNCAtMjcyIDANCnYgLTcwNCAtMjU2IDANCnYgLTY4OCAtMjU2IDANCnYgLTY3MiAtMjcyIDANCnYgLTY4OCAtMjcyIDANCnYgLTY4OCAtMjU2IDANCnYgLTY3MiAtMjU2IDANCnYgLTY1NiAtMjcyIDANCnYgLTY3MiAtMjcyIDANCnYgLTY3MiAtMjU2IDANCnYgLTY1NiAtMjU2IDANCnYgLTY0MCAtMjcyIDANCnYgLTY1NiAtMjcyIDANCnYgLTY1NiAtMjU2IDANCnYgLTY0MCAtMjU2IDANCnYgLTYyNCAtMjcyIDANCnYgLTY0MCAtMjcyIDANCnYgLTY0MCAtMjU2IDANCnYgLTYyNCAtMjU2IDANCnYgLTk0NCAtMjg4IDANCnYgLTk2MCAtMjg4IDANCnYgLTk2MCAtMjcyIDANCnYgLTk0NCAtMjcyIDANCnYgLTkyOCAtMjg4IDANCnYgLTk0NCAtMjg4IDANCnYgLTk0NCAtMjcyIDANCnYgLTkyOCAtMjcyIDANCnYgLTkxMiAtMjg4IDANCnYgLTkyOCAtMjg4IDANCnYgLTkyOCAtMjcyIDANCnYgLTkxMiAtMjcyIDANCnYgLTg5NiAtMjg4IDANCnYgLTkxMiAtMjg4IDANCnYgLTkxMiAtMjcyIDANCnYgLTg5NiAtMjcyIDANCnYgLTg4MCAtMjg4IDANCnYgLTg5NiAtMjg4IDANCnYgLTg5NiAtMjcyIDANCnYgLTg4MCAtMjcyIDANCnYgLTg2NCAtMjg4IDANCnYgLTg4MCAtMjg4IDANCnYgLTg4MCAtMjcyIDANCnYgLTg2NCAtMjcyIDANCnYgLTg0OCAtMjg4IDANCnYgLTg2NCAtMjg4IDANCnYgLTg2NCAtMjcyIDANCnYgLTg0OCAtMjcyIDANCnYgLTgzMiAtMjg4IDANCnYgLTg0OCAtMjg4IDANCnYgLTg0OCAtMjcyIDANCnYgLTgzMiAtMjcyIDANCnYgLTgxNiAtMjg4IDANCnYgLTgzMiAtMjg4IDANCnYgLTgzMiAtMjcyIDANCnYgLTgxNiAtMjcyIDANCnYgLTgwMCAtMjg4IDANCnYgLTgxNiAtMjg4IDANCnYgLTgxNiAtMjcyIDANCnYgLTgwMCAtMjcyIDANCnYgLTc4NCAtMjg4IDANCnYgLTgwMCAtMjg4IDANCnYgLTgwMCAtMjcyIDANCnYgLTc4NCAtMjcyIDANCnYgLTc2OCAtMjg4IDANCnYgLTc4NCAtMjg4IDANCnYgLTc4NCAtMjcyIDANCnYgLTc2OCAtMjcyIDANCnYgLTc1MiAtMjg4IDANCnYgLTc2OCAtMjg4IDANCnYgLTc2OCAtMjcyIDANCnYgLTc1MiAtMjcyIDANCnYgLTczNiAtMjg4IDANCnYgLTc1MiAtMjg4IDANCnYgLTc1MiAtMjcyIDANCnYgLTczNiAtMjcyIDANCnYgLTcyMCAtMjg4IDANCnYgLTczNiAtMjg4IDANCnYgLTczNiAtMjcyIDANCnYgLTcyMCAtMjcyIDANCnYgLTcwNCAtMjg4IDANCnYgLTcyMCAtMjg4IDANCnYgLTcyMCAtMjcyIDANCnYgLTcwNCAtMjcyIDANCnYgLTY4OCAtMjg4IDANCnYgLTcwNCAtMjg4IDANCnYgLTcwNCAtMjcyIDANCnYgLTY4OCAtMjcyIDANCnYgLTY3MiAtMjg4IDANCnYgLTY4OCAtMjg4IDANCnYgLTY4OCAtMjcyIDANCnYgLTY3MiAtMjcyIDANCnYgLTY1NiAtMjg4IDANCnYgLTY3MiAtMjg4IDANCnYgLTY3MiAtMjcyIDANCnYgLTY1NiAtMjcyIDANCnYgLTY0MCAtMjg4IDANCnYgLTY1NiAtMjg4IDANCnYgLTY1NiAtMjcyIDANCnYgLTY0MCAtMjcyIDANCnYgLTYyNCAtMjg4IDANCnYgLTY0MCAtMjg4IDANCnYgLTY0MCAtMjcyIDANCnYgLTYyNCAtMjcyIDANCnYgLTk2MCAtMzA0IDANCnYgLTk3NiAtMzA0IDANCnYgLTk3NiAtMjg4IDANCnYgLTk2MCAtMjg4IDANCnYgLTk0NCAtMzA0IDANCnYgLTk2MCAtMzA0IDANCnYgLTk2MCAtMjg4IDANCnYgLTk0NCAtMjg4IDANCnYgLTkyOCAtMzA0IDANCnYgLTk0NCAtMzA0IDANCnYgLTk0NCAtMjg4IDANCnYgLTkyOCAtMjg4IDANCnYgLTkxMiAtMzA0IDANCnYgLTkyOCAtMzA0IDANCnYgLTkyOCAtMjg4IDANCnYgLTkxMiAtMjg4IDANCnYgLTg5NiAtMzA0IDANCnYgLTkxMiAtMzA0IDANCnYgLTkxMiAtMjg4IDANCnYgLTg5NiAtMjg4IDANCnYgLTg4MCAtMzA0IDANCnYgLTg5NiAtMzA0IDANCnYgLTg5NiAtMjg4IDANCnYgLTg4MCAtMjg4IDANCnYgLTg2NCAtMzA0IDANCnYgLTg4MCAtMzA0IDANCnYgLTg4MCAtMjg4IDANCnYgLTg2NCAtMjg4IDANCnYgLTg0OCAtMzA0IDANCnYgLTg2NCAtMzA0IDANCnYgLTg2NCAtMjg4IDANCnYgLTg0OCAtMjg4IDANCnYgLTgzMiAtMzA0IDANCnYgLTg0OCAtMzA0IDANCnYgLTg0OCAtMjg4IDANCnYgLTgzMiAtMjg4IDANCnYgLTgxNiAtMzA0IDANCnYgLTgzMiAtMzA0IDANCnYgLTgzMiAtMjg4IDANCnYgLTgxNiAtMjg4IDANCnYgLTgwMCAtMzA0IDANCnYgLTgxNiAtMzA0IDANCnYgLTgxNiAtMjg4IDANCnYgLTgwMCAtMjg4IDANCnYgLTc4NCAtMzA0IDANCnYgLTgwMCAtMzA0IDANCnYgLTgwMCAtMjg4IDANCnYgLTc4NCAtMjg4IDANCnYgLTc2OCAtMzA0IDANCnYgLTc4NCAtMzA0IDANCnYgLTc4NCAtMjg4IDANCnYgLTc2OCAtMjg4IDANCnYgLTc1MiAtMzA0IDANCnYgLTc2OCAtMzA0IDANCnYgLTc2OCAtMjg4IDANCnYgLTc1MiAtMjg4IDANCnYgLTczNiAtMzA0IDANCnYgLTc1MiAtMzA0IDANCnYgLTc1MiAtMjg4IDANCnYgLTczNiAtMjg4IDANCnYgLTcyMCAtMzA0IDANCnYgLTczNiAtMzA0IDANCnYgLTczNiAtMjg4IDANCnYgLTcyMCAtMjg4IDANCnYgLTcwNCAtMzA0IDANCnYgLTcyMCAtMzA0IDANCnYgLTcyMCAtMjg4IDANCnYgLTcwNCAtMjg4IDANCnYgLTY4OCAtMzA0IDANCnYgLTcwNCAtMzA0IDANCnYgLTcwNCAtMjg4IDANCnYgLTY4OCAtMjg4IDANCnYgLTY3MiAtMzA0IDANCnYgLTY4OCAtMzA0IDANCnYgLTY4OCAtMjg4IDANCnYgLTY3MiAtMjg4IDANCnYgLTY1NiAtMzA0IDANCnYgLTY3MiAtMzA0IDANCnYgLTY3MiAtMjg4IDANCnYgLTY1NiAtMjg4IDANCnYgLTY0MCAtMzA0IDANCnYgLTY1NiAtMzA0IDANCnYgLTY1NiAtMjg4IDANCnYgLTY0MCAtMjg4IDANCnYgLTYyNCAtMzA0IDANCnYgLTY0MCAtMzA0IDANCnYgLTY0MCAtMjg4IDANCnYgLTYyNCAtMjg4IDANCnYgLTk2MCAtMzIwIDANCnYgLTk3NiAtMzIwIDANCnYgLTk3NiAtMzA0IDANCnYgLTk2MCAtMzA0IDANCnYgLTk0NCAtMzIwIDANCnYgLTk2MCAtMzIwIDANCnYgLTk2MCAtMzA0IDANCnYgLTk0NCAtMzA0IDANCnYgLTkyOCAtMzIwIDANCnYgLTk0NCAtMzIwIDANCnYgLTk0NCAtMzA0IDANCnYgLTkyOCAtMzA0IDANCnYgLTkxMiAtMzIwIDANCnYgLTkyOCAtMzIwIDANCnYgLTkyOCAtMzA0IDANCnYgLTkxMiAtMzA0IDANCnYgLTg5NiAtMzIwIDANCnYgLTkxMiAtMzIwIDANCnYgLTkxMiAtMzA0IDANCnYgLTg5NiAtMzA0IDANCnYgLTg4MCAtMzIwIDANCnYgLTg5NiAtMzIwIDANCnYgLTg5NiAtMzA0IDANCnYgLTg4MCAtMzA0IDANCnYgLTg2NCAtMzIwIDANCnYgLTg4MCAtMzIwIDANCnYgLTg4MCAtMzA0IDANCnYgLTg2NCAtMzA0IDANCnYgLTg0OCAtMzIwIDANCnYgLTg2NCAtMzIwIDANCnYgLTg2NCAtMzA0IDANCnYgLTg0OCAtMzA0IDANCnYgLTgzMiAtMzIwIDANCnYgLTg0OCAtMzIwIDANCnYgLTg0OCAtMzA0IDANCnYgLTgzMiAtMzA0IDANCnYgLTgxNiAtMzIwIDANCnYgLTgzMiAtMzIwIDANCnYgLTgzMiAtMzA0IDANCnYgLTgxNiAtMzA0IDANCnYgLTgwMCAtMzIwIDANCnYgLTgxNiAtMzIwIDANCnYgLTgxNiAtMzA0IDANCnYgLTgwMCAtMzA0IDANCnYgLTc4NCAtMzIwIDANCnYgLTgwMCAtMzIwIDANCnYgLTgwMCAtMzA0IDANCnYgLTc4NCAtMzA0IDANCnYgLTc2OCAtMzIwIDANCnYgLTc4NCAtMzIwIDANCnYgLTc4NCAtMzA0IDANCnYgLTc2OCAtMzA0IDANCnYgLTc1MiAtMzIwIDANCnYgLTc2OCAtMzIwIDANCnYgLTc2OCAtMzA0IDANCnYgLTc1MiAtMzA0IDANCnYgLTczNiAtMzIwIDANCnYgLTc1MiAtMzIwIDANCnYgLTc1MiAtMzA0IDANCnYgLTczNiAtMzA0IDANCnYgLTcyMCAtMzIwIDANCnYgLTczNiAtMzIwIDANCnYgLTczNiAtMzA0IDANCnYgLTcyMCAtMzA0IDANCnYgLTcwNCAtMzIwIDANCnYgLTcyMCAtMzIwIDANCnYgLTcyMCAtMzA0IDANCnYgLTcwNCAtMzA0IDANCnYgLTY4OCAtMzIwIDANCnYgLTcwNCAtMzIwIDANCnYgLTcwNCAtMzA0IDANCnYgLTY4OCAtMzA0IDANCnYgLTY3MiAtMzIwIDANCnYgLTY4OCAtMzIwIDANCnYgLTY4OCAtMzA0IDANCnYgLTY3MiAtMzA0IDANCnYgLTY1NiAtMzIwIDANCnYgLTY3MiAtMzIwIDANCnYgLTY3MiAtMzA0IDANCnYgLTY1NiAtMzA0IDANCnYgLTY0MCAtMzIwIDANCnYgLTY1NiAtMzIwIDANCnYgLTY1NiAtMzA0IDANCnYgLTY0MCAtMzA0IDANCnYgLTYyNCAtMzIwIDANCnYgLTY0MCAtMzIwIDANCnYgLTY0MCAtMzA0IDANCnYgLTYyNCAtMzA0IDANCnYgLTk2MCAtMzM2IDANCnYgLTk3NiAtMzM2IDANCnYgLTk3NiAtMzIwIDANCnYgLTk2MCAtMzIwIDANCnYgLTk0NCAtMzM2IDANCnYgLTk2MCAtMzM2IDANCnYgLTk2MCAtMzIwIDANCnYgLTk0NCAtMzIwIDANCnYgLTkyOCAtMzM2IDANCnYgLTk0NCAtMzM2IDANCnYgLTk0NCAtMzIwIDANCnYgLTkyOCAtMzIwIDANCnYgLTkxMiAtMzM2IDANCnYgLTkyOCAtMzM2IDANCnYgLTkyOCAtMzIwIDANCnYgLTkxMiAtMzIwIDANCnYgLTg5NiAtMzM2IDANCnYgLTkxMiAtMzM2IDANCnYgLTkxMiAtMzIwIDANCnYgLTg5NiAtMzIwIDANCnYgLTg4MCAtMzM2IDANCnYgLTg5NiAtMzM2IDANCnYgLTg5NiAtMzIwIDANCnYgLTg4MCAtMzIwIDANCnYgLTg2NCAtMzM2IDANCnYgLTg4MCAtMzM2IDANCnYgLTg4MCAtMzIwIDANCnYgLTg2NCAtMzIwIDANCnYgLTg0OCAtMzM2IDANCnYgLTg2NCAtMzM2IDANCnYgLTg2NCAtMzIwIDANCnYgLTg0OCAtMzIwIDANCnYgLTgzMiAtMzM2IDANCnYgLTg0OCAtMzM2IDANCnYgLTg0OCAtMzIwIDANCnYgLTgzMiAtMzIwIDANCnYgLTgxNiAtMzM2IDANCnYgLTgzMiAtMzM2IDANCnYgLTgzMiAtMzIwIDANCnYgLTgxNiAtMzIwIDANCnYgLTgwMCAtMzM2IDANCnYgLTgxNiAtMzM2IDANCnYgLTgxNiAtMzIwIDANCnYgLTgwMCAtMzIwIDANCnYgLTc4NCAtMzM2IDANCnYgLTgwMCAtMzM2IDANCnYgLTgwMCAtMzIwIDANCnYgLTc4NCAtMzIwIDANCnYgLTc2OCAtMzM2IDANCnYgLTc4NCAtMzM2IDANCnYgLTc4NCAtMzIwIDANCnYgLTc2OCAtMzIwIDANCnYgLTc1MiAtMzM2IDANCnYgLTc2OCAtMzM2IDANCnYgLTc2OCAtMzIwIDANCnYgLTc1MiAtMzIwIDANCnYgLTczNiAtMzM2IDANCnYgLTc1MiAtMzM2IDANCnYgLTc1MiAtMzIwIDANCnYgLTczNiAtMzIwIDANCnYgLTcyMCAtMzM2IDANCnYgLTczNiAtMzM2IDANCnYgLTczNiAtMzIwIDANCnYgLTcyMCAtMzIwIDANCnYgLTcwNCAtMzM2IDANCnYgLTcyMCAtMzM2IDANCnYgLTcyMCAtMzIwIDANCnYgLTcwNCAtMzIwIDANCnYgLTY4OCAtMzM2IDANCnYgLTcwNCAtMzM2IDANCnYgLTcwNCAtMzIwIDANCnYgLTY4OCAtMzIwIDANCnYgLTY3MiAtMzM2IDANCnYgLTY4OCAtMzM2IDANCnYgLTY4OCAtMzIwIDANCnYgLTY3MiAtMzIwIDANCnYgLTY1NiAtMzM2IDANCnYgLTY3MiAtMzM2IDANCnYgLTY3MiAtMzIwIDANCnYgLTY1NiAtMzIwIDANCnYgLTY0MCAtMzM2IDANCnYgLTY1NiAtMzM2IDANCnYgLTY1NiAtMzIwIDANCnYgLTY0MCAtMzIwIDANCnYgLTYyNCAtMzM2IDANCnYgLTY0MCAtMzM2IDANCnYgLTY0MCAtMzIwIDANCnYgLTYyNCAtMzIwIDANCnYgLTk0NCAtMzUyIDANCnYgLTk2MCAtMzUyIDANCnYgLTk2MCAtMzM2IDANCnYgLTk0NCAtMzM2IDANCnYgLTkyOCAtMzUyIDANCnYgLTk0NCAtMzUyIDANCnYgLTk0NCAtMzM2IDANCnYgLTkyOCAtMzM2IDANCnYgLTkxMiAtMzUyIDANCnYgLTkyOCAtMzUyIDANCnYgLTkyOCAtMzM2IDANCnYgLTkxMiAtMzM2IDANCnYgLTg5NiAtMzUyIDANCnYgLTkxMiAtMzUyIDANCnYgLTkxMiAtMzM2IDANCnYgLTg5NiAtMzM2IDANCnYgLTg4MCAtMzUyIDANCnYgLTg5NiAtMzUyIDANCnYgLTg5NiAtMzM2IDANCnYgLTg4MCAtMzM2IDANCnYgLTg2NCAtMzUyIDANCnYgLTg4MCAtMzUyIDANCnYgLTg4MCAtMzM2IDANCnYgLTg2NCAtMzM2IDANCnYgLTg0OCAtMzUyIDANCnYgLTg2NCAtMzUyIDANCnYgLTg2NCAtMzM2IDANCnYgLTg0OCAtMzM2IDANCnYgLTgzMiAtMzUyIDANCnYgLTg0OCAtMzUyIDANCnYgLTg0OCAtMzM2IDANCnYgLTgzMiAtMzM2IDANCnYgLTgxNiAtMzUyIDANCnYgLTgzMiAtMzUyIDANCnYgLTgzMiAtMzM2IDANCnYgLTgxNiAtMzM2IDANCnYgLTgwMCAtMzUyIDANCnYgLTgxNiAtMzUyIDANCnYgLTgxNiAtMzM2IDANCnYgLTgwMCAtMzM2IDANCnYgLTc4NCAtMzUyIDANCnYgLTgwMCAtMzUyIDANCnYgLTgwMCAtMzM2IDANCnYgLTc4NCAtMzM2IDANCnYgLTc2OCAtMzUyIDANCnYgLTc4NCAtMzUyIDANCnYgLTc4NCAtMzM2IDANCnYgLTc2OCAtMzM2IDANCnYgLTc1MiAtMzUyIDANCnYgLTc2OCAtMzUyIDANCnYgLTc2OCAtMzM2IDANCnYgLTc1MiAtMzM2IDANCnYgLTczNiAtMzUyIDANCnYgLTc1MiAtMzUyIDANCnYgLTc1MiAtMzM2IDANCnYgLTczNiAtMzM2IDANCnYgLTcyMCAtMzUyIDANCnYgLTczNiAtMzUyIDANCnYgLTczNiAtMzM2IDANCnYgLTcyMCAtMzM2IDANCnYgLTcwNCAtMzUyIDANCnYgLTcyMCAtMzUyIDANCnYgLTcyMCAtMzM2IDANCnYgLTcwNCAtMzM2IDANCnYgLTY4OCAtMzUyIDANCnYgLTcwNCAtMzUyIDANCnYgLTcwNCAtMzM2IDANCnYgLTY4OCAtMzM2IDANCnYgLTY3MiAtMzUyIDANCnYgLTY4OCAtMzUyIDANCnYgLTY4OCAtMzM2IDANCnYgLTY3MiAtMzM2IDANCnYgLTY1NiAtMzUyIDANCnYgLTY3MiAtMzUyIDANCnYgLTY3MiAtMzM2IDANCnYgLTY1NiAtMzM2IDANCnYgLTY0MCAtMzUyIDANCnYgLTY1NiAtMzUyIDANCnYgLTY1NiAtMzM2IDANCnYgLTY0MCAtMzM2IDANCnYgLTYyNCAtMzUyIDANCnYgLTY0MCAtMzUyIDANCnYgLTY0MCAtMzM2IDANCnYgLTYyNCAtMzM2IDANCnYgLTk0NCAtMzY4IDANCnYgLTk2MCAtMzY4IDANCnYgLTk2MCAtMzUyIDANCnYgLTk0NCAtMzUyIDANCnYgLTkyOCAtMzY4IDANCnYgLTk0NCAtMzY4IDANCnYgLTk0NCAtMzUyIDANCnYgLTkyOCAtMzUyIDANCnYgLTkxMiAtMzY4IDANCnYgLTkyOCAtMzY4IDANCnYgLTkyOCAtMzUyIDANCnYgLTkxMiAtMzUyIDANCnYgLTg5NiAtMzY4IDANCnYgLTkxMiAtMzY4IDANCnYgLTkxMiAtMzUyIDANCnYgLTg5NiAtMzUyIDANCnYgLTg4MCAtMzY4IDANCnYgLTg5NiAtMzY4IDANCnYgLTg5NiAtMzUyIDANCnYgLTg4MCAtMzUyIDANCnYgLTg2NCAtMzY4IDANCnYgLTg4MCAtMzY4IDANCnYgLTg4MCAtMzUyIDANCnYgLTg2NCAtMzUyIDANCnYgLTg0OCAtMzY4IDANCnYgLTg2NCAtMzY4IDANCnYgLTg2NCAtMzUyIDANCnYgLTg0OCAtMzUyIDANCnYgLTgzMiAtMzY4IDANCnYgLTg0OCAtMzY4IDANCnYgLTg0OCAtMzUyIDANCnYgLTgzMiAtMzUyIDANCnYgLTgxNiAtMzY4IDANCnYgLTgzMiAtMzY4IDANCnYgLTgzMiAtMzUyIDANCnYgLTgxNiAtMzUyIDANCnYgLTgwMCAtMzY4IDANCnYgLTgxNiAtMzY4IDANCnYgLTgxNiAtMzUyIDANCnYgLTgwMCAtMzUyIDANCnYgLTc4NCAtMzY4IDANCnYgLTgwMCAtMzY4IDANCnYgLTgwMCAtMzUyIDANCnYgLTc4NCAtMzUyIDANCnYgLTc2OCAtMzY4IDANCnYgLTc4NCAtMzY4IDANCnYgLTc4NCAtMzUyIDANCnYgLTc2OCAtMzUyIDANCnYgLTc1MiAtMzY4IDANCnYgLTc2OCAtMzY4IDANCnYgLTc2OCAtMzUyIDANCnYgLTc1MiAtMzUyIDANCnYgLTczNiAtMzY4IDANCnYgLTc1MiAtMzY4IDANCnYgLTc1MiAtMzUyIDANCnYgLTczNiAtMzUyIDANCnYgLTcyMCAtMzY4IDANCnYgLTczNiAtMzY4IDANCnYgLTczNiAtMzUyIDANCnYgLTcyMCAtMzUyIDANCnYgLTcwNCAtMzY4IDANCnYgLTcyMCAtMzY4IDANCnYgLTcyMCAtMzUyIDANCnYgLTcwNCAtMzUyIDANCnYgLTY4OCAtMzY4IDANCnYgLTcwNCAtMzY4IDANCnYgLTcwNCAtMzUyIDANCnYgLTY4OCAtMzUyIDANCnYgLTY3MiAtMzY4IDANCnYgLTY4OCAtMzY4IDANCnYgLTY4OCAtMzUyIDANCnYgLTY3MiAtMzUyIDANCnYgLTY1NiAtMzY4IDANCnYgLTY3MiAtMzY4IDANCnYgLTY3MiAtMzUyIDANCnYgLTY1NiAtMzUyIDANCnYgLTY0MCAtMzY4IDANCnYgLTY1NiAtMzY4IDANCnYgLTY1NiAtMzUyIDANCnYgLTY0MCAtMzUyIDANCnYgLTYyNCAtMzY4IDANCnYgLTY0MCAtMzY4IDANCnYgLTY0MCAtMzUyIDANCnYgLTYyNCAtMzUyIDANCnYgLTk2MCAtMzg0IDANCnYgLTk3NiAtMzg0IDANCnYgLTk3NiAtMzY4IDANCnYgLTk2MCAtMzY4IDANCnYgLTk0NCAtMzg0IDANCnYgLTk2MCAtMzg0IDANCnYgLTk2MCAtMzY4IDANCnYgLTk0NCAtMzY4IDANCnYgLTkyOCAtMzg0IDANCnYgLTk0NCAtMzg0IDANCnYgLTk0NCAtMzY4IDANCnYgLTkyOCAtMzY4IDANCnYgLTkxMiAtMzg0IDANCnYgLTkyOCAtMzg0IDANCnYgLTkyOCAtMzY4IDANCnYgLTkxMiAtMzY4IDANCnYgLTg5NiAtMzg0IDANCnYgLTkxMiAtMzg0IDANCnYgLTkxMiAtMzY4IDANCnYgLTg5NiAtMzY4IDANCnYgLTg4MCAtMzg0IDANCnYgLTg5NiAtMzg0IDANCnYgLTg5NiAtMzY4IDANCnYgLTg4MCAtMzY4IDANCnYgLTg2NCAtMzg0IDANCnYgLTg4MCAtMzg0IDANCnYgLTg4MCAtMzY4IDANCnYgLTg2NCAtMzY4IDANCnYgLTg0OCAtMzg0IDANCnYgLTg2NCAtMzg0IDANCnYgLTg2NCAtMzY4IDANCnYgLTg0OCAtMzY4IDANCnYgLTgzMiAtMzg0IDANCnYgLTg0OCAtMzg0IDANCnYgLTg0OCAtMzY4IDANCnYgLTgzMiAtMzY4IDANCnYgLTgxNiAtMzg0IDANCnYgLTgzMiAtMzg0IDANCnYgLTgzMiAtMzY4IDANCnYgLTgxNiAtMzY4IDANCnYgLTgwMCAtMzg0IDANCnYgLTgxNiAtMzg0IDANCnYgLTgxNiAtMzY4IDANCnYgLTgwMCAtMzY4IDANCnYgLTc4NCAtMzg0IDANCnYgLTgwMCAtMzg0IDANCnYgLTgwMCAtMzY4IDANCnYgLTc4NCAtMzY4IDANCnYgLTc2OCAtMzg0IDANCnYgLTc4NCAtMzg0IDANCnYgLTc4NCAtMzY4IDANCnYgLTc2OCAtMzY4IDANCnYgLTc1MiAtMzg0IDANCnYgLTc2OCAtMzg0IDANCnYgLTc2OCAtMzY4IDANCnYgLTc1MiAtMzY4IDANCnYgLTczNiAtMzg0IDANCnYgLTc1MiAtMzg0IDANCnYgLTc1MiAtMzY4IDANCnYgLTczNiAtMzY4IDANCnYgLTcyMCAtMzg0IDANCnYgLTczNiAtMzg0IDANCnYgLTczNiAtMzY4IDANCnYgLTcyMCAtMzY4IDANCnYgLTcwNCAtMzg0IDANCnYgLTcyMCAtMzg0IDANCnYgLTcyMCAtMzY4IDANCnYgLTcwNCAtMzY4IDANCnYgLTY4OCAtMzg0IDANCnYgLTcwNCAtMzg0IDANCnYgLTcwNCAtMzY4IDANCnYgLTY4OCAtMzY4IDANCnYgLTY3MiAtMzg0IDANCnYgLTY4OCAtMzg0IDANCnYgLTY4OCAtMzY4IDANCnYgLTY3MiAtMzY4IDANCnYgLTY1NiAtMzg0IDANCnYgLTY3MiAtMzg0IDANCnYgLTY3MiAtMzY4IDANCnYgLTY1NiAtMzY4IDANCnYgLTY0MCAtMzg0IDANCnYgLTY1NiAtMzg0IDANCnYgLTY1NiAtMzY4IDANCnYgLTY0MCAtMzY4IDANCnYgLTYyNCAtMzg0IDANCnYgLTY0MCAtMzg0IDANCnYgLTY0MCAtMzY4IDANCnYgLTYyNCAtMzY4IDANCnYgLTk2MCAtNDAwIDANCnYgLTk3NiAtNDAwIDANCnYgLTk3NiAtMzg0IDANCnYgLTk2MCAtMzg0IDANCnYgLTk0NCAtNDAwIDANCnYgLTk2MCAtNDAwIDANCnYgLTk2MCAtMzg0IDANCnYgLTk0NCAtMzg0IDANCnYgLTkyOCAtNDAwIDANCnYgLTk0NCAtNDAwIDANCnYgLTk0NCAtMzg0IDANCnYgLTkyOCAtMzg0IDANCnYgLTkxMiAtNDAwIDANCnYgLTkyOCAtNDAwIDANCnYgLTkyOCAtMzg0IDANCnYgLTkxMiAtMzg0IDANCnYgLTg5NiAtNDAwIDANCnYgLTkxMiAtNDAwIDANCnYgLTkxMiAtMzg0IDANCnYgLTg5NiAtMzg0IDANCnYgLTg4MCAtNDAwIDANCnYgLTg5NiAtNDAwIDANCnYgLTg5NiAtMzg0IDANCnYgLTg4MCAtMzg0IDANCnYgLTg2NCAtNDAwIDANCnYgLTg4MCAtNDAwIDANCnYgLTg4MCAtMzg0IDANCnYgLTg2NCAtMzg0IDANCnYgLTg0OCAtNDAwIDANCnYgLTg2NCAtNDAwIDANCnYgLTg2NCAtMzg0IDANCnYgLTg0OCAtMzg0IDANCnYgLTgzMiAtNDAwIDANCnYgLTg0OCAtNDAwIDANCnYgLTg0OCAtMzg0IDANCnYgLTgzMiAtMzg0IDANCnYgLTgxNiAtNDAwIDANCnYgLTgzMiAtNDAwIDANCnYgLTgzMiAtMzg0IDANCnYgLTgxNiAtMzg0IDANCnYgLTgwMCAtNDAwIDANCnYgLTgxNiAtNDAwIDANCnYgLTgxNiAtMzg0IDANCnYgLTgwMCAtMzg0IDANCnYgLTc4NCAtNDAwIDANCnYgLTgwMCAtNDAwIDANCnYgLTgwMCAtMzg0IDANCnYgLTc4NCAtMzg0IDANCnYgLTc2OCAtNDAwIDANCnYgLTc4NCAtNDAwIDANCnYgLTc4NCAtMzg0IDANCnYgLTc2OCAtMzg0IDANCnYgLTc1MiAtNDAwIDANCnYgLTc2OCAtNDAwIDANCnYgLTc2OCAtMzg0IDANCnYgLTc1MiAtMzg0IDANCnYgLTczNiAtNDAwIDANCnYgLTc1MiAtNDAwIDANCnYgLTc1MiAtMzg0IDANCnYgLTczNiAtMzg0IDANCnYgLTcyMCAtNDAwIDANCnYgLTczNiAtNDAwIDANCnYgLTczNiAtMzg0IDANCnYgLTcyMCAtMzg0IDANCnYgLTcwNCAtNDAwIDANCnYgLTcyMCAtNDAwIDANCnYgLTcyMCAtMzg0IDANCnYgLTcwNCAtMzg0IDANCnYgLTY4OCAtNDAwIDANCnYgLTcwNCAtNDAwIDANCnYgLTcwNCAtMzg0IDANCnYgLTY4OCAtMzg0IDANCnYgLTY3MiAtNDAwIDANCnYgLTY4OCAtNDAwIDANCnYgLTY4OCAtMzg0IDANCnYgLTY3MiAtMzg0IDANCnYgLTY1NiAtNDAwIDANCnYgLTY3MiAtNDAwIDANCnYgLTY3MiAtMzg0IDANCnYgLTY1NiAtMzg0IDANCnYgLTY0MCAtNDAwIDANCnYgLTY1NiAtNDAwIDANCnYgLTY1NiAtMzg0IDANCnYgLTY0MCAtMzg0IDANCnYgLTYyNCAtNDAwIDANCnYgLTY0MCAtNDAwIDANCnYgLTY0MCAtMzg0IDANCnYgLTYyNCAtMzg0IDANCnYgLTEwMjQgLTQxNiAwDQp2IC0xMDQwIC00MTYgMA0KdiAtMTA0MCAtNDAwIDANCnYgLTEwMjQgLTQwMCAwDQp2IC0xMDA4IC00MTYgMA0KdiAtMTAyNCAtNDE2IDANCnYgLTEwMjQgLTQwMCAwDQp2IC0xMDA4IC00MDAgMA0KdiAtOTkyIC00MTYgMA0KdiAtMTAwOCAtNDE2IDANCnYgLTEwMDggLTQwMCAwDQp2IC05OTIgLTQwMCAwDQp2IC05NzYgLTQxNiAwDQp2IC05OTIgLTQxNiAwDQp2IC05OTIgLTQwMCAwDQp2IC05NzYgLTQwMCAwDQp2IC05NjAgLTQxNiAwDQp2IC05NzYgLTQxNiAwDQp2IC05NzYgLTQwMCAwDQp2IC05NjAgLTQwMCAwDQp2IC05NDQgLTQxNiAwDQp2IC05NjAgLTQxNiAwDQp2IC05NjAgLTQwMCAwDQp2IC05NDQgLTQwMCAwDQp2IC05MjggLTQxNiAwDQp2IC05NDQgLTQxNiAwDQp2IC05NDQgLTQwMCAwDQp2IC05MjggLTQwMCAwDQp2IC05MTIgLTQxNiAwDQp2IC05MjggLTQxNiAwDQp2IC05MjggLTQwMCAwDQp2IC05MTIgLTQwMCAwDQp2IC04OTYgLTQxNiAwDQp2IC05MTIgLTQxNiAwDQp2IC05MTIgLTQwMCAwDQp2IC04OTYgLTQwMCAwDQp2IC04ODAgLTQxNiAwDQp2IC04OTYgLTQxNiAwDQp2IC04OTYgLTQwMCAwDQp2IC04ODAgLTQwMCAwDQp2IC04NjQgLTQxNiAwDQp2IC04ODAgLTQxNiAwDQp2IC04ODAgLTQwMCAwDQp2IC04NjQgLTQwMCAwDQp2IC04NDggLTQxNiAwDQp2IC04NjQgLTQxNiAwDQp2IC04NjQgLTQwMCAwDQp2IC04NDggLTQwMCAwDQp2IC04MzIgLTQxNiAwDQp2IC04NDggLTQxNiAwDQp2IC04NDggLTQwMCAwDQp2IC04MzIgLTQwMCAwDQp2IC04MTYgLTQxNiAwDQp2IC04MzIgLTQxNiAwDQp2IC04MzIgLTQwMCAwDQp2IC04MTYgLTQwMCAwDQp2IC04MDAgLTQxNiAwDQp2IC04MTYgLTQxNiAwDQp2IC04MTYgLTQwMCAwDQp2IC04MDAgLTQwMCAwDQp2IC03ODQgLTQxNiAwDQp2IC04MDAgLTQxNiAwDQp2IC04MDAgLTQwMCAwDQp2IC03ODQgLTQwMCAwDQp2IC03NjggLTQxNiAwDQp2IC03ODQgLTQxNiAwDQp2IC03ODQgLTQwMCAwDQp2IC03NjggLTQwMCAwDQp2IC03NTIgLTQxNiAwDQp2IC03NjggLTQxNiAwDQp2IC03NjggLTQwMCAwDQp2IC03NTIgLTQwMCAwDQp2IC03MzYgLTQxNiAwDQp2IC03NTIgLTQxNiAwDQp2IC03NTIgLTQwMCAwDQp2IC03MzYgLTQwMCAwDQp2IC03MjAgLTQxNiAwDQp2IC03MzYgLTQxNiAwDQp2IC03MzYgLTQwMCAwDQp2IC03MjAgLTQwMCAwDQp2IC03MDQgLTQxNiAwDQp2IC03MjAgLTQxNiAwDQp2IC03MjAgLTQwMCAwDQp2IC03MDQgLTQwMCAwDQp2IC02ODggLTQxNiAwDQp2IC03MDQgLTQxNiAwDQp2IC03MDQgLTQwMCAwDQp2IC02ODggLTQwMCAwDQp2IC02NzIgLTQxNiAwDQp2IC02ODggLTQxNiAwDQp2IC02ODggLTQwMCAwDQp2IC02NzIgLTQwMCAwDQp2IC02NTYgLTQxNiAwDQp2IC02NzIgLTQxNiAwDQp2IC02NzIgLTQwMCAwDQp2IC02NTYgLTQwMCAwDQp2IC02NDAgLTQxNiAwDQp2IC02NTYgLTQxNiAwDQp2IC02NTYgLTQwMCAwDQp2IC02NDAgLTQwMCAwDQp2IC02MjQgLTQxNiAwDQp2IC02NDAgLTQxNiAwDQp2IC02NDAgLTQwMCAwDQp2IC02MjQgLTQwMCAwDQp2IC0xMDI0IC00MzIgMA0KdiAtMTA0MCAtNDMyIDANCnYgLTEwNDAgLTQxNiAwDQp2IC0xMDI0IC00MTYgMA0KdiAtMTAwOCAtNDMyIDANCnYgLTEwMjQgLTQzMiAwDQp2IC0xMDI0IC00MTYgMA0KdiAtMTAwOCAtNDE2IDANCnYgLTk5MiAtNDMyIDANCnYgLTEwMDggLTQzMiAwDQp2IC0xMDA4IC00MTYgMA0KdiAtOTkyIC00MTYgMA0KdiAtOTc2IC00MzIgMA0KdiAtOTkyIC00MzIgMA0KdiAtOTkyIC00MTYgMA0KdiAtOTc2IC00MTYgMA0KdiAtOTYwIC00MzIgMA0KdiAtOTc2IC00MzIgMA0KdiAtOTc2IC00MTYgMA0KdiAtOTYwIC00MTYgMA0KdiAtOTQ0IC00MzIgMA0KdiAtOTYwIC00MzIgMA0KdiAtOTYwIC00MTYgMA0KdiAtOTQ0IC00MTYgMA0KdiAtOTI4IC00MzIgMA0KdiAtOTQ0IC00MzIgMA0KdiAtOTQ0IC00MTYgMA0KdiAtOTI4IC00MTYgMA0KdiAtOTEyIC00MzIgMA0KdiAtOTI4IC00MzIgMA0KdiAtOTI4IC00MTYgMA0KdiAtOTEyIC00MTYgMA0KdiAtODk2IC00MzIgMA0KdiAtOTEyIC00MzIgMA0KdiAtOTEyIC00MTYgMA0KdiAtODk2IC00MTYgMA0KdiAtODgwIC00MzIgMA0KdiAtODk2IC00MzIgMA0KdiAtODk2IC00MTYgMA0KdiAtODgwIC00MTYgMA0KdiAtODY0IC00MzIgMA0KdiAtODgwIC00MzIgMA0KdiAtODgwIC00MTYgMA0KdiAtODY0IC00MTYgMA0KdiAtODQ4IC00MzIgMA0KdiAtODY0IC00MzIgMA0KdiAtODY0IC00MTYgMA0KdiAtODQ4IC00MTYgMA0KdiAtODMyIC00MzIgMA0KdiAtODQ4IC00MzIgMA0KdiAtODQ4IC00MTYgMA0KdiAtODMyIC00MTYgMA0KdiAtODE2IC00MzIgMA0KdiAtODMyIC00MzIgMA0KdiAtODMyIC00MTYgMA0KdiAtODE2IC00MTYgMA0KdiAtODAwIC00MzIgMA0KdiAtODE2IC00MzIgMA0KdiAtODE2IC00MTYgMA0KdiAtODAwIC00MTYgMA0KdiAtNzg0IC00MzIgMA0KdiAtODAwIC00MzIgMA0KdiAtODAwIC00MTYgMA0KdiAtNzg0IC00MTYgMA0KdiAtNzY4IC00MzIgMA0KdiAtNzg0IC00MzIgMA0KdiAtNzg0IC00MTYgMA0KdiAtNzY4IC00MTYgMA0KdiAtNzUyIC00MzIgMA0KdiAtNzY4IC00MzIgMA0KdiAtNzY4IC00MTYgMA0KdiAtNzUyIC00MTYgMA0KdiAtNzM2IC00MzIgMA0KdiAtNzUyIC00MzIgMA0KdiAtNzUyIC00MTYgMA0KdiAtNzM2IC00MTYgMA0KdiAtNzIwIC00MzIgMA0KdiAtNzM2IC00MzIgMA0KdiAtNzM2IC00MTYgMA0KdiAtNzIwIC00MTYgMA0KdiAtNzA0IC00MzIgMA0KdiAtNzIwIC00MzIgMA0KdiAtNzIwIC00MTYgMA0KdiAtNzA0IC00MTYgMA0KdiAtNjg4IC00MzIgMA0KdiAtNzA0IC00MzIgMA0KdiAtNzA0IC00MTYgMA0KdiAtNjg4IC00MTYgMA0KdiAtNjcyIC00MzIgMA0KdiAtNjg4IC00MzIgMA0KdiAtNjg4IC00MTYgMA0KdiAtNjcyIC00MTYgMA0KdiAtNjU2IC00MzIgMA0KdiAtNjcyIC00MzIgMA0KdiAtNjcyIC00MTYgMA0KdiAtNjU2IC00MTYgMA0KdiAtNjQwIC00MzIgMA0KdiAtNjU2IC00MzIgMA0KdiAtNjU2IC00MTYgMA0KdiAtNjQwIC00MTYgMA0KdiAtNjI0IC00MzIgMA0KdiAtNjQwIC00MzIgMA0KdiAtNjQwIC00MTYgMA0KdiAtNjI0IC00MTYgMA0KdiAtNjA4IC00MzIgMA0KdiAtNjI0IC00MzIgMA0KdiAtNjI0IC00MTYgMA0KdiAtNjA4IC00MTYgMA0KdiAtMTE1MiAtNDQ4IDANCnYgLTExNjggLTQ0OCAwDQp2IC0xMTY4IC00MzIgMA0KdiAtMTE1MiAtNDMyIDANCnYgLTExMzYgLTQ0OCAwDQp2IC0xMTUyIC00NDggMA0KdiAtMTE1MiAtNDMyIDANCnYgLTExMzYgLTQzMiAwDQp2IC0xMTIwIC00NDggMA0KdiAtMTEzNiAtNDQ4IDANCnYgLTExMzYgLTQzMiAwDQp2IC0xMTIwIC00MzIgMA0KdiAtMTEwNCAtNDQ4IDANCnYgLTExMjAgLTQ0OCAwDQp2IC0xMTIwIC00MzIgMA0KdiAtMTEwNCAtNDMyIDANCnYgLTEwODggLTQ0OCAwDQp2IC0xMTA0IC00NDggMA0KdiAtMTEwNCAtNDMyIDANCnYgLTEwODggLTQzMiAwDQp2IC0xMDcyIC00NDggMA0KdiAtMTA4OCAtNDQ4IDANCnYgLTEwODggLTQzMiAwDQp2IC0xMDcyIC00MzIgMA0KdiAtMTA1NiAtNDQ4IDANCnYgLTEwNzIgLTQ0OCAwDQp2IC0xMDcyIC00MzIgMA0KdiAtMTA1NiAtNDMyIDANCnYgLTEwNDAgLTQ0OCAwDQp2IC0xMDU2IC00NDggMA0KdiAtMTA1NiAtNDMyIDANCnYgLTEwNDAgLTQzMiAwDQp2IC0xMDI0IC00NDggMA0KdiAtMTA0MCAtNDQ4IDANCnYgLTEwNDAgLTQzMiAwDQp2IC0xMDI0IC00MzIgMA0KdiAtMTAwOCAtNDQ4IDANCnYgLTEwMjQgLTQ0OCAwDQp2IC0xMDI0IC00MzIgMA0KdiAtMTAwOCAtNDMyIDANCnYgLTk5MiAtNDQ4IDANCnYgLTEwMDggLTQ0OCAwDQp2IC0xMDA4IC00MzIgMA0KdiAtOTkyIC00MzIgMA0KdiAtOTc2IC00NDggMA0KdiAtOTkyIC00NDggMA0KdiAtOTkyIC00MzIgMA0KdiAtOTc2IC00MzIgMA0KdiAtOTYwIC00NDggMA0KdiAtOTc2IC00NDggMA0KdiAtOTc2IC00MzIgMA0KdiAtOTYwIC00MzIgMA0KdiAtOTQ0IC00NDggMA0KdiAtOTYwIC00NDggMA0KdiAtOTYwIC00MzIgMA0KdiAtOTQ0IC00MzIgMA0KdiAtOTI4IC00NDggMA0KdiAtOTQ0IC00NDggMA0KdiAtOTQ0IC00MzIgMA0KdiAtOTI4IC00MzIgMA0KdiAtOTEyIC00NDggMA0KdiAtOTI4IC00NDggMA0KdiAtOTI4IC00MzIgMA0KdiAtOTEyIC00MzIgMA0KdiAtODk2IC00NDggMA0KdiAtOTEyIC00NDggMA0KdiAtOTEyIC00MzIgMA0KdiAtODk2IC00MzIgMA0KdiAtODgwIC00NDggMA0KdiAtODk2IC00NDggMA0KdiAtODk2IC00MzIgMA0KdiAtODgwIC00MzIgMA0KdiAtODY0IC00NDggMA0KdiAtODgwIC00NDggMA0KdiAtODgwIC00MzIgMA0KdiAtODY0IC00MzIgMA0KdiAtODQ4IC00NDggMA0KdiAtODY0IC00NDggMA0KdiAtODY0IC00MzIgMA0KdiAtODQ4IC00MzIgMA0KdiAtODMyIC00NDggMA0KdiAtODQ4IC00NDggMA0KdiAtODQ4IC00MzIgMA0KdiAtODMyIC00MzIgMA0KdiAtODE2IC00NDggMA0KdiAtODMyIC00NDggMA0KdiAtODMyIC00MzIgMA0KdiAtODE2IC00MzIgMA0KdiAtODAwIC00NDggMA0KdiAtODE2IC00NDggMA0KdiAtODE2IC00MzIgMA0KdiAtODAwIC00MzIgMA0KdiAtNzg0IC00NDggMA0KdiAtODAwIC00NDggMA0KdiAtODAwIC00MzIgMA0KdiAtNzg0IC00MzIgMA0KdiAtNzY4IC00NDggMA0KdiAtNzg0IC00NDggMA0KdiAtNzg0IC00MzIgMA0KdiAtNzY4IC00MzIgMA0KdiAtNzUyIC00NDggMA0KdiAtNzY4IC00NDggMA0KdiAtNzY4IC00MzIgMA0KdiAtNzUyIC00MzIgMA0KdiAtNzM2IC00NDggMA0KdiAtNzUyIC00NDggMA0KdiAtNzUyIC00MzIgMA0KdiAtNzM2IC00MzIgMA0KdiAtNzIwIC00NDggMA0KdiAtNzM2IC00NDggMA0KdiAtNzM2IC00MzIgMA0KdiAtNzIwIC00MzIgMA0KdiAtNzA0IC00NDggMA0KdiAtNzIwIC00NDggMA0KdiAtNzIwIC00MzIgMA0KdiAtNzA0IC00MzIgMA0KdiAtNjg4IC00NDggMA0KdiAtNzA0IC00NDggMA0KdiAtNzA0IC00MzIgMA0KdiAtNjg4IC00MzIgMA0KdiAtNjcyIC00NDggMA0KdiAtNjg4IC00NDggMA0KdiAtNjg4IC00MzIgMA0KdiAtNjcyIC00MzIgMA0KdiAtNjU2IC00NDggMA0KdiAtNjcyIC00NDggMA0KdiAtNjcyIC00MzIgMA0KdiAtNjU2IC00MzIgMA0KdiAtNjQwIC00NDggMA0KdiAtNjU2IC00NDggMA0KdiAtNjU2IC00MzIgMA0KdiAtNjQwIC00MzIgMA0KdiAtNjI0IC00NDggMA0KdiAtNjQwIC00NDggMA0KdiAtNjQwIC00MzIgMA0KdiAtNjI0IC00MzIgMA0KdiAtNjA4IC00NDggMA0KdiAtNjI0IC00NDggMA0KdiAtNjI0IC00MzIgMA0KdiAtNjA4IC00MzIgMA0KdiAtMTE1MiAtNDY0IDANCnYgLTExNjggLTQ2NCAwDQp2IC0xMTY4IC00NDggMA0KdiAtMTE1MiAtNDQ4IDANCnYgLTExMzYgLTQ2NCAwDQp2IC0xMTUyIC00NjQgMA0KdiAtMTE1MiAtNDQ4IDANCnYgLTExMzYgLTQ0OCAwDQp2IC0xMTIwIC00NjQgMA0KdiAtMTEzNiAtNDY0IDANCnYgLTExMzYgLTQ0OCAwDQp2IC0xMTIwIC00NDggMA0KdiAtMTEwNCAtNDY0IDANCnYgLTExMjAgLTQ2NCAwDQp2IC0xMTIwIC00NDggMA0KdiAtMTEwNCAtNDQ4IDANCnYgLTEwODggLTQ2NCAwDQp2IC0xMTA0IC00NjQgMA0KdiAtMTEwNCAtNDQ4IDANCnYgLTEwODggLTQ0OCAwDQp2IC0xMDcyIC00NjQgMA0KdiAtMTA4OCAtNDY0IDANCnYgLTEwODggLTQ0OCAwDQp2IC0xMDcyIC00NDggMA0KdiAtMTA1NiAtNDY0IDANCnYgLTEwNzIgLTQ2NCAwDQp2IC0xMDcyIC00NDggMA0KdiAtMTA1NiAtNDQ4IDANCnYgLTEwNDAgLTQ2NCAwDQp2IC0xMDU2IC00NjQgMA0KdiAtMTA1NiAtNDQ4IDANCnYgLTEwNDAgLTQ0OCAwDQp2IC0xMDI0IC00NjQgMA0KdiAtMTA0MCAtNDY0IDANCnYgLTEwNDAgLTQ0OCAwDQp2IC0xMDI0IC00NDggMA0KdiAtMTAwOCAtNDY0IDANCnYgLTEwMjQgLTQ2NCAwDQp2IC0xMDI0IC00NDggMA0KdiAtMTAwOCAtNDQ4IDANCnYgLTk5MiAtNDY0IDANCnYgLTEwMDggLTQ2NCAwDQp2IC0xMDA4IC00NDggMA0KdiAtOTkyIC00NDggMA0KdiAtOTc2IC00NjQgMA0KdiAtOTkyIC00NjQgMA0KdiAtOTkyIC00NDggMA0KdiAtOTc2IC00NDggMA0KdiAtOTYwIC00NjQgMA0KdiAtOTc2IC00NjQgMA0KdiAtOTc2IC00NDggMA0KdiAtOTYwIC00NDggMA0KdiAtOTQ0IC00NjQgMA0KdiAtOTYwIC00NjQgMA0KdiAtOTYwIC00NDggMA0KdiAtOTQ0IC00NDggMA0KdiAtOTI4IC00NjQgMA0KdiAtOTQ0IC00NjQgMA0KdiAtOTQ0IC00NDggMA0KdiAtOTI4IC00NDggMA0KdiAtOTEyIC00NjQgMA0KdiAtOTI4IC00NjQgMA0KdiAtOTI4IC00NDggMA0KdiAtOTEyIC00NDggMA0KdiAtODk2IC00NjQgMA0KdiAtOTEyIC00NjQgMA0KdiAtOTEyIC00NDggMA0KdiAtODk2IC00NDggMA0KdiAtODgwIC00NjQgMA0KdiAtODk2IC00NjQgMA0KdiAtODk2IC00NDggMA0KdiAtODgwIC00NDggMA0KdiAtODY0IC00NjQgMA0KdiAtODgwIC00NjQgMA0KdiAtODgwIC00NDggMA0KdiAtODY0IC00NDggMA0KdiAtODQ4IC00NjQgMA0KdiAtODY0IC00NjQgMA0KdiAtODY0IC00NDggMA0KdiAtODQ4IC00NDggMA0KdiAtODMyIC00NjQgMA0KdiAtODQ4IC00NjQgMA0KdiAtODQ4IC00NDggMA0KdiAtODMyIC00NDggMA0KdiAtODE2IC00NjQgMA0KdiAtODMyIC00NjQgMA0KdiAtODMyIC00NDggMA0KdiAtODE2IC00NDggMA0KdiAtODAwIC00NjQgMA0KdiAtODE2IC00NjQgMA0KdiAtODE2IC00NDggMA0KdiAtODAwIC00NDggMA0KdiAtNzg0IC00NjQgMA0KdiAtODAwIC00NjQgMA0KdiAtODAwIC00NDggMA0KdiAtNzg0IC00NDggMA0KdiAtNzY4IC00NjQgMA0KdiAtNzg0IC00NjQgMA0KdiAtNzg0IC00NDggMA0KdiAtNzY4IC00NDggMA0KdiAtNzUyIC00NjQgMA0KdiAtNzY4IC00NjQgMA0KdiAtNzY4IC00NDggMA0KdiAtNzUyIC00NDggMA0KdiAtNzM2IC00NjQgMA0KdiAtNzUyIC00NjQgMA0KdiAtNzUyIC00NDggMA0KdiAtNzM2IC00NDggMA0KdiAtNzIwIC00NjQgMA0KdiAtNzM2IC00NjQgMA0KdiAtNzM2IC00NDggMA0KdiAtNzIwIC00NDggMA0KdiAtNzA0IC00NjQgMA0KdiAtNzIwIC00NjQgMA0KdiAtNzIwIC00NDggMA0KdiAtNzA0IC00NDggMA0KdiAtNjg4IC00NjQgMA0KdiAtNzA0IC00NjQgMA0KdiAtNzA0IC00NDggMA0KdiAtNjg4IC00NDggMA0KdiAtNjcyIC00NjQgMA0KdiAtNjg4IC00NjQgMA0KdiAtNjg4IC00NDggMA0KdiAtNjcyIC00NDggMA0KdiAtNjU2IC00NjQgMA0KdiAtNjcyIC00NjQgMA0KdiAtNjcyIC00NDggMA0KdiAtNjU2IC00NDggMA0KdiAtNjQwIC00NjQgMA0KdiAtNjU2IC00NjQgMA0KdiAtNjU2IC00NDggMA0KdiAtNjQwIC00NDggMA0KdiAtNjI0IC00NjQgMA0KdiAtNjQwIC00NjQgMA0KdiAtNjQwIC00NDggMA0KdiAtNjI0IC00NDggMA0KdiAtNjA4IC00NjQgMA0KdiAtNjI0IC00NjQgMA0KdiAtNjI0IC00NDggMA0KdiAtNjA4IC00NDggMA0KdiAtMTE1MiAtNDgwIDANCnYgLTExNjggLTQ4MCAwDQp2IC0xMTY4IC00NjQgMA0KdiAtMTE1MiAtNDY0IDANCnYgLTExMzYgLTQ4MCAwDQp2IC0xMTUyIC00ODAgMA0KdiAtMTE1MiAtNDY0IDANCnYgLTExMzYgLTQ2NCAwDQp2IC0xMTIwIC00ODAgMA0KdiAtMTEzNiAtNDgwIDANCnYgLTExMzYgLTQ2NCAwDQp2IC0xMTIwIC00NjQgMA0KdiAtMTEwNCAtNDgwIDANCnYgLTExMjAgLTQ4MCAwDQp2IC0xMTIwIC00NjQgMA0KdiAtMTEwNCAtNDY0IDANCnYgLTEwODggLTQ4MCAwDQp2IC0xMTA0IC00ODAgMA0KdiAtMTEwNCAtNDY0IDANCnYgLTEwODggLTQ2NCAwDQp2IC0xMDcyIC00ODAgMA0KdiAtMTA4OCAtNDgwIDANCnYgLTEwODggLTQ2NCAwDQp2IC0xMDcyIC00NjQgMA0KdiAtMTA1NiAtNDgwIDANCnYgLTEwNzIgLTQ4MCAwDQp2IC0xMDcyIC00NjQgMA0KdiAtMTA1NiAtNDY0IDANCnYgLTEwNDAgLTQ4MCAwDQp2IC0xMDU2IC00ODAgMA0KdiAtMTA1NiAtNDY0IDANCnYgLTEwNDAgLTQ2NCAwDQp2IC0xMDI0IC00ODAgMA0KdiAtMTA0MCAtNDgwIDANCnYgLTEwNDAgLTQ2NCAwDQp2IC0xMDI0IC00NjQgMA0KdiAtMTAwOCAtNDgwIDANCnYgLTEwMjQgLTQ4MCAwDQp2IC0xMDI0IC00NjQgMA0KdiAtMTAwOCAtNDY0IDANCnYgLTk5MiAtNDgwIDANCnYgLTEwMDggLTQ4MCAwDQp2IC0xMDA4IC00NjQgMA0KdiAtOTkyIC00NjQgMA0KdiAtOTc2IC00ODAgMA0KdiAtOTkyIC00ODAgMA0KdiAtOTkyIC00NjQgMA0KdiAtOTc2IC00NjQgMA0KdiAtOTYwIC00ODAgMA0KdiAtOTc2IC00ODAgMA0KdiAtOTc2IC00NjQgMA0KdiAtOTYwIC00NjQgMA0KdiAtOTQ0IC00ODAgMA0KdiAtOTYwIC00ODAgMA0KdiAtOTYwIC00NjQgMA0KdiAtOTQ0IC00NjQgMA0KdiAtOTI4IC00ODAgMA0KdiAtOTQ0IC00ODAgMA0KdiAtOTQ0IC00NjQgMA0KdiAtOTI4IC00NjQgMA0KdiAtOTEyIC00ODAgMA0KdiAtOTI4IC00ODAgMA0KdiAtOTI4IC00NjQgMA0KdiAtOTEyIC00NjQgMA0KdiAtODk2IC00ODAgMA0KdiAtOTEyIC00ODAgMA0KdiAtOTEyIC00NjQgMA0KdiAtODk2IC00NjQgMA0KdiAtODgwIC00ODAgMA0KdiAtODk2IC00ODAgMA0KdiAtODk2IC00NjQgMA0KdiAtODgwIC00NjQgMA0KdiAtODY0IC00ODAgMA0KdiAtODgwIC00ODAgMA0KdiAtODgwIC00NjQgMA0KdiAtODY0IC00NjQgMA0KdiAtODQ4IC00ODAgMA0KdiAtODY0IC00ODAgMA0KdiAtODY0IC00NjQgMA0KdiAtODQ4IC00NjQgMA0KdiAtODMyIC00ODAgMA0KdiAtODQ4IC00ODAgMA0KdiAtODQ4IC00NjQgMA0KdiAtODMyIC00NjQgMA0KdiAtODE2IC00ODAgMA0KdiAtODMyIC00ODAgMA0KdiAtODMyIC00NjQgMA0KdiAtODE2IC00NjQgMA0KdiAtODAwIC00ODAgMA0KdiAtODE2IC00ODAgMA0KdiAtODE2IC00NjQgMA0KdiAtODAwIC00NjQgMA0KdiAtNzg0IC00ODAgMA0KdiAtODAwIC00ODAgMA0KdiAtODAwIC00NjQgMA0KdiAtNzg0IC00NjQgMA0KdiAtNzY4IC00ODAgMA0KdiAtNzg0IC00ODAgMA0KdiAtNzg0IC00NjQgMA0KdiAtNzY4IC00NjQgMA0KdiAtNzUyIC00ODAgMA0KdiAtNzY4IC00ODAgMA0KdiAtNzY4IC00NjQgMA0KdiAtNzUyIC00NjQgMA0KdiAtNzM2IC00ODAgMA0KdiAtNzUyIC00ODAgMA0KdiAtNzUyIC00NjQgMA0KdiAtNzM2IC00NjQgMA0KdiAtNzIwIC00ODAgMA0KdiAtNzM2IC00ODAgMA0KdiAtNzM2IC00NjQgMA0KdiAtNzIwIC00NjQgMA0KdiAtNzA0IC00ODAgMA0KdiAtNzIwIC00ODAgMA0KdiAtNzIwIC00NjQgMA0KdiAtNzA0IC00NjQgMA0KdiAtNjg4IC00ODAgMA0KdiAtNzA0IC00ODAgMA0KdiAtNzA0IC00NjQgMA0KdiAtNjg4IC00NjQgMA0KdiAtNjcyIC00ODAgMA0KdiAtNjg4IC00ODAgMA0KdiAtNjg4IC00NjQgMA0KdiAtNjcyIC00NjQgMA0KdiAtNjU2IC00ODAgMA0KdiAtNjcyIC00ODAgMA0KdiAtNjcyIC00NjQgMA0KdiAtNjU2IC00NjQgMA0KdiAtNjQwIC00ODAgMA0KdiAtNjU2IC00ODAgMA0KdiAtNjU2IC00NjQgMA0KdiAtNjQwIC00NjQgMA0KdiAtNjI0IC00ODAgMA0KdiAtNjQwIC00ODAgMA0KdiAtNjQwIC00NjQgMA0KdiAtNjI0IC00NjQgMA0KdiAtNjA4IC00ODAgMA0KdiAtNjI0IC00ODAgMA0KdiAtNjI0IC00NjQgMA0KdiAtNjA4IC00NjQgMA0KdiAtMTEyMCAtNDk2IDANCnYgLTExMzYgLTQ5NiAwDQp2IC0xMTM2IC00ODAgMA0KdiAtMTEyMCAtNDgwIDANCnYgLTExMDQgLTQ5NiAwDQp2IC0xMTIwIC00OTYgMA0KdiAtMTEyMCAtNDgwIDANCnYgLTExMDQgLTQ4MCAwDQp2IC0xMDg4IC00OTYgMA0KdiAtMTEwNCAtNDk2IDANCnYgLTExMDQgLTQ4MCAwDQp2IC0xMDg4IC00ODAgMA0KdiAtMTA3MiAtNDk2IDANCnYgLTEwODggLTQ5NiAwDQp2IC0xMDg4IC00ODAgMA0KdiAtMTA3MiAtNDgwIDANCnYgLTEwNTYgLTQ5NiAwDQp2IC0xMDcyIC00OTYgMA0KdiAtMTA3MiAtNDgwIDANCnYgLTEwNTYgLTQ4MCAwDQp2IC0xMDQwIC00OTYgMA0KdiAtMTA1NiAtNDk2IDANCnYgLTEwNTYgLTQ4MCAwDQp2IC0xMDQwIC00ODAgMA0KdiAtMTAyNCAtNDk2IDANCnYgLTEwNDAgLTQ5NiAwDQp2IC0xMDQwIC00ODAgMA0KdiAtMTAyNCAtNDgwIDANCnYgLTEwMDggLTQ5NiAwDQp2IC0xMDI0IC00OTYgMA0KdiAtMTAyNCAtNDgwIDANCnYgLTEwMDggLTQ4MCAwDQp2IC05OTIgLTQ5NiAwDQp2IC0xMDA4IC00OTYgMA0KdiAtMTAwOCAtNDgwIDANCnYgLTk5MiAtNDgwIDANCnYgLTk3NiAtNDk2IDANCnYgLTk5MiAtNDk2IDANCnYgLTk5MiAtNDgwIDANCnYgLTk3NiAtNDgwIDANCnYgLTk2MCAtNDk2IDANCnYgLTk3NiAtNDk2IDANCnYgLTk3NiAtNDgwIDANCnYgLTk2MCAtNDgwIDANCnYgLTk0NCAtNDk2IDANCnYgLTk2MCAtNDk2IDANCnYgLTk2MCAtNDgwIDANCnYgLTk0NCAtNDgwIDANCnYgLTkyOCAtNDk2IDANCnYgLTk0NCAtNDk2IDANCnYgLTk0NCAtNDgwIDANCnYgLTkyOCAtNDgwIDANCnYgLTkxMiAtNDk2IDANCnYgLTkyOCAtNDk2IDANCnYgLTkyOCAtNDgwIDANCnYgLTkxMiAtNDgwIDANCnYgLTg5NiAtNDk2IDANCnYgLTkxMiAtNDk2IDANCnYgLTkxMiAtNDgwIDANCnYgLTg5NiAtNDgwIDANCnYgLTg4MCAtNDk2IDANCnYgLTg5NiAtNDk2IDANCnYgLTg5NiAtNDgwIDANCnYgLTg4MCAtNDgwIDANCnYgLTg2NCAtNDk2IDANCnYgLTg4MCAtNDk2IDANCnYgLTg4MCAtNDgwIDANCnYgLTg2NCAtNDgwIDANCnYgLTg0OCAtNDk2IDANCnYgLTg2NCAtNDk2IDANCnYgLTg2NCAtNDgwIDANCnYgLTg0OCAtNDgwIDANCnYgLTgzMiAtNDk2IDANCnYgLTg0OCAtNDk2IDANCnYgLTg0OCAtNDgwIDANCnYgLTgzMiAtNDgwIDANCnYgLTgxNiAtNDk2IDANCnYgLTgzMiAtNDk2IDANCnYgLTgzMiAtNDgwIDANCnYgLTgxNiAtNDgwIDANCnYgLTgwMCAtNDk2IDANCnYgLTgxNiAtNDk2IDANCnYgLTgxNiAtNDgwIDANCnYgLTgwMCAtNDgwIDANCnYgLTc4NCAtNDk2IDANCnYgLTgwMCAtNDk2IDANCnYgLTgwMCAtNDgwIDANCnYgLTc4NCAtNDgwIDANCnYgLTc2OCAtNDk2IDANCnYgLTc4NCAtNDk2IDANCnYgLTc4NCAtNDgwIDANCnYgLTc2OCAtNDgwIDANCnYgLTc1MiAtNDk2IDANCnYgLTc2OCAtNDk2IDANCnYgLTc2OCAtNDgwIDANCnYgLTc1MiAtNDgwIDANCnYgLTczNiAtNDk2IDANCnYgLTc1MiAtNDk2IDANCnYgLTc1MiAtNDgwIDANCnYgLTczNiAtNDgwIDANCnYgLTcyMCAtNDk2IDANCnYgLTczNiAtNDk2IDANCnYgLTczNiAtNDgwIDANCnYgLTcyMCAtNDgwIDANCnYgLTcwNCAtNDk2IDANCnYgLTcyMCAtNDk2IDANCnYgLTcyMCAtNDgwIDANCnYgLTcwNCAtNDgwIDANCnYgLTY4OCAtNDk2IDANCnYgLTcwNCAtNDk2IDANCnYgLTcwNCAtNDgwIDANCnYgLTY4OCAtNDgwIDANCnYgLTY3MiAtNDk2IDANCnYgLTY4OCAtNDk2IDANCnYgLTY4OCAtNDgwIDANCnYgLTY3MiAtNDgwIDANCnYgLTY1NiAtNDk2IDANCnYgLTY3MiAtNDk2IDANCnYgLTY3MiAtNDgwIDANCnYgLTY1NiAtNDgwIDANCnYgLTY0MCAtNDk2IDANCnYgLTY1NiAtNDk2IDANCnYgLTY1NiAtNDgwIDANCnYgLTY0MCAtNDgwIDANCnYgLTYyNCAtNDk2IDANCnYgLTY0MCAtNDk2IDANCnYgLTY0MCAtNDgwIDANCnYgLTYyNCAtNDgwIDANCnYgLTcyMCAtNTEyIDANCnYgLTczNiAtNTEyIDANCnYgLTczNiAtNDk2IDANCnYgLTcyMCAtNDk2IDANCnYgLTcwNCAtNTEyIDANCnYgLTcyMCAtNTEyIDANCnYgLTcyMCAtNDk2IDANCnYgLTcwNCAtNDk2IDANCnYgLTY4OCAtNTEyIDANCnYgLTcwNCAtNTEyIDANCnYgLTcwNCAtNDk2IDANCnYgLTY4OCAtNDk2IDANCnYgLTY3MiAtNTEyIDANCnYgLTY4OCAtNTEyIDANCnYgLTY4OCAtNDk2IDANCnYgLTY3MiAtNDk2IDANCnYgLTY1NiAtNTEyIDANCnYgLTY3MiAtNTEyIDANCnYgLTY3MiAtNDk2IDANCnYgLTY1NiAtNDk2IDANCg0KIyBUZXh0dXJlIGNvb3JpZGluYXRlcyAoQ291bnQgPSA1NikNCnZ0IDAuMTU4MDU3OSAwLjY3ODcwNzINCnZ0IDAuMTc0NTg2OCAwLjY3ODcwNzINCnZ0IDAuMTc0NTg2OCAwLjcwOTEyNTUNCnZ0IDAuMTU4MDU3OSAwLjcwOTEyNTUNCnZ0IDAuMTQwNDk1OSAwLjY3ODcwNzINCnZ0IDAuMTU3MDI0OCAwLjY3ODcwNzINCnZ0IDAuMTU3MDI0OCAwLjcwOTEyNTUNCnZ0IDAuMTQwNDk1OSAwLjcwOTEyNTUNCnZ0IDAuMTIyOTMzOSAwLjY3ODcwNzINCnZ0IDAuMTM5NDYyOCAwLjY3ODcwNzINCnZ0IDAuMTM5NDYyOCAwLjcwOTEyNTUNCnZ0IDAuMTIyOTMzOSAwLjcwOTEyNTUNCnZ0IDAuMDg3ODA5OTIgMC45Njk1ODE3DQp2dCAwLjEwNDMzODggMC45Njk1ODE3DQp2dCAwLjEwNDMzODggMQ0KdnQgMC4wODc4MDk5MiAxDQp2dCAwLjA4NzgwOTkyIDAuNjQ2Mzg3OA0KdnQgMC4xMDQzMzg4IDAuNjQ2Mzg3OA0KdnQgMC4xMDQzMzg4IDAuNjc2ODA2MQ0KdnQgMC4wODc4MDk5MiAwLjY3NjgwNjENCnZ0IDAuMTQwNDk1OSAwLjY0NjM4NzgNCnZ0IDAuMTU3MDI0OCAwLjY0NjM4NzgNCnZ0IDAuMTU3MDI0OCAwLjY3NjgwNjENCnZ0IDAuMTQwNDk1OSAwLjY3NjgwNjENCnZ0IDAuMTA1MzcxOSAwLjY0NjM4NzgNCnZ0IDAuMTIxOTAwOCAwLjY0NjM4NzgNCnZ0IDAuMTIxOTAwOCAwLjY3NjgwNjENCnZ0IDAuMTA1MzcxOSAwLjY3NjgwNjENCnZ0IDAuMTU4MDU3OSAwLjY0NjM4NzgNCnZ0IDAuMTc0NTg2OCAwLjY0NjM4NzgNCnZ0IDAuMTc0NTg2OCAwLjY3NjgwNjENCnZ0IDAuMTU4MDU3OSAwLjY3NjgwNjENCnZ0IDAuMTIyOTMzOSAwLjY0NjM4NzgNCnZ0IDAuMTM5NDYyOCAwLjY0NjM4NzgNCnZ0IDAuMTM5NDYyOCAwLjY3NjgwNjENCnZ0IDAuMTIyOTMzOSAwLjY3NjgwNjENCnZ0IDAuMTU4MDU3OSAwLjYxNDA2ODQNCnZ0IDAuMTc0NTg2OCAwLjYxNDA2ODQNCnZ0IDAuMTc0NTg2OCAwLjY0NDQ4NjcNCnZ0IDAuMTU4MDU3OSAwLjY0NDQ4NjcNCnZ0IDAuMDg3ODA5OTIgMC42Nzg3MDcyDQp2dCAwLjEwNDMzODggMC42Nzg3MDcyDQp2dCAwLjEwNDMzODggMC43MDkxMjU1DQp2dCAwLjA4NzgwOTkyIDAuNzA5MTI1NQ0KdnQgMC4xMDUzNzE5IDAuNjc4NzA3Mg0KdnQgMC4xMjE5MDA4IDAuNjc4NzA3Mg0KdnQgMC4xMjE5MDA4IDAuNzA5MTI1NQ0KdnQgMC4xMDUzNzE5IDAuNzA5MTI1NQ0KdnQgMC4xNDA0OTU5IDAuNjE0MDY4NA0KdnQgMC4xNTcwMjQ4IDAuNjE0MDY4NA0KdnQgMC4xNTcwMjQ4IDAuNjQ0NDg2Nw0KdnQgMC4xNDA0OTU5IDAuNjQ0NDg2Nw0KdnQgMC4xMjI5MzM5IDAuNjE0MDY4NA0KdnQgMC4xMzk0NjI4IDAuNjE0MDY4NA0KdnQgMC4xMzk0NjI4IDAuNjQ0NDg2Nw0KdnQgMC4xMjI5MzM5IDAuNjQ0NDg2Nw0KDQojIE5vcm1hbA0Kdm4gMCAwIC0xDQoNCiMgTWVzaCBkZXNjcmlwdGlvbg0KZyB0ZXN0LWFyZWFfbWVzaF8wMDAyDQoNCiMgRmFjZXMNCmYgMS8xLzEgMi8yLzEgMy8zLzEgNC80LzEKZiA1LzUvMSA2LzYvMSA3LzcvMSA4LzgvMQpmIDkvOS8xIDEwLzEwLzEgMTEvMTEvMSAxMi8xMi8xCmYgMTMvMTMvMSAxNC8xNC8xIDE1LzE1LzEgMTYvMTYvMQpmIDE3LzEzLzEgMTgvMTQvMSAxOS8xNS8xIDIwLzE2LzEKZiAyMS8xLzEgMjIvMi8xIDIzLzMvMSAyNC80LzEKZiAyNS8xNy8xIDI2LzE4LzEgMjcvMTkvMSAyOC8yMC8xCmYgMjkvMjEvMSAzMC8yMi8xIDMxLzIzLzEgMzIvMjQvMQpmIDMzLzI1LzEgMzQvMjYvMSAzNS8yNy8xIDM2LzI4LzEKZiAzNy85LzEgMzgvMTAvMSAzOS8xMS8xIDQwLzEyLzEKZiA0MS8xMy8xIDQyLzE0LzEgNDMvMTUvMSA0NC8xNi8xCmYgNDUvMTMvMSA0Ni8xNC8xIDQ3LzE1LzEgNDgvMTYvMQpmIDQ5LzEzLzEgNTAvMTQvMSA1MS8xNS8xIDUyLzE2LzEKZiA1My8xMy8xIDU0LzE0LzEgNTUvMTUvMSA1Ni8xNi8xCmYgNTcvMjkvMSA1OC8zMC8xIDU5LzMxLzEgNjAvMzIvMQpmIDYxLzIxLzEgNjIvMjIvMSA2My8yMy8xIDY0LzI0LzEKZiA2NS8yMS8xIDY2LzIyLzEgNjcvMjMvMSA2OC8yNC8xCmYgNjkvMjEvMSA3MC8yMi8xIDcxLzIzLzEgNzIvMjQvMQpmIDczLzI1LzEgNzQvMjYvMSA3NS8yNy8xIDc2LzI4LzEKZiA3Ny85LzEgNzgvMTAvMSA3OS8xMS8xIDgwLzEyLzEKZiA4MS8xMy8xIDgyLzE0LzEgODMvMTUvMSA4NC8xNi8xCmYgODUvMTMvMSA4Ni8xNC8xIDg3LzE1LzEgODgvMTYvMQpmIDg5LzEzLzEgOTAvMTQvMSA5MS8xNS8xIDkyLzE2LzEKZiA5My8xMy8xIDk0LzE0LzEgOTUvMTUvMSA5Ni8xNi8xCmYgOTcvMS8xIDk4LzIvMSA5OS8zLzEgMTAwLzQvMQpmIDEwMS81LzEgMTAyLzYvMSAxMDMvNy8xIDEwNC84LzEKZiAxMDUvNS8xIDEwNi82LzEgMTA3LzcvMSAxMDgvOC8xCmYgMTA5LzUvMSAxMTAvNi8xIDExMS83LzEgMTEyLzgvMQpmIDExMy81LzEgMTE0LzYvMSAxMTUvNy8xIDExNi84LzEKZiAxMTcvNS8xIDExOC82LzEgMTE5LzcvMSAxMjAvOC8xCmYgMTIxLzUvMSAxMjIvNi8xIDEyMy83LzEgMTI0LzgvMQpmIDEyNS81LzEgMTI2LzYvMSAxMjcvNy8xIDEyOC84LzEKZiAxMjkvNS8xIDEzMC82LzEgMTMxLzcvMSAxMzIvOC8xCmYgMTMzLzE3LzEgMTM0LzE4LzEgMTM1LzE5LzEgMTM2LzIwLzEKZiAxMzcvMjEvMSAxMzgvMjIvMSAxMzkvMjMvMSAxNDAvMjQvMQpmIDE0MS8yMS8xIDE0Mi8yMi8xIDE0My8yMy8xIDE0NC8yNC8xCmYgMTQ1LzIxLzEgMTQ2LzIyLzEgMTQ3LzIzLzEgMTQ4LzI0LzEKZiAxNDkvMjEvMSAxNTAvMjIvMSAxNTEvMjMvMSAxNTIvMjQvMQpmIDE1My8zMy8xIDE1NC8zNC8xIDE1NS8zNS8xIDE1Ni8zNi8xCmYgMTU3LzEzLzEgMTU4LzE0LzEgMTU5LzE1LzEgMTYwLzE2LzEKZiAxNjEvMTMvMSAxNjIvMTQvMSAxNjMvMTUvMSAxNjQvMTYvMQpmIDE2NS8xMy8xIDE2Ni8xNC8xIDE2Ny8xNS8xIDE2OC8xNi8xCmYgMTY5LzEzLzEgMTcwLzE0LzEgMTcxLzE1LzEgMTcyLzE2LzEKZiAxNzMvMS8xIDE3NC8yLzEgMTc1LzMvMSAxNzYvNC8xCmYgMTc3LzUvMSAxNzgvNi8xIDE3OS83LzEgMTgwLzgvMQpmIDE4MS81LzEgMTgyLzYvMSAxODMvNy8xIDE4NC84LzEKZiAxODUvNS8xIDE4Ni82LzEgMTg3LzcvMSAxODgvOC8xCmYgMTg5LzE3LzEgMTkwLzE4LzEgMTkxLzE5LzEgMTkyLzIwLzEKZiAxOTMvMjEvMSAxOTQvMjIvMSAxOTUvMjMvMSAxOTYvMjQvMQpmIDE5Ny8yMS8xIDE5OC8yMi8xIDE5OS8yMy8xIDIwMC8yNC8xCmYgMjAxLzIxLzEgMjAyLzIyLzEgMjAzLzIzLzEgMjA0LzI0LzEKZiAyMDUvMjEvMSAyMDYvMjIvMSAyMDcvMjMvMSAyMDgvMjQvMQpmIDIwOS8yMS8xIDIxMC8yMi8xIDIxMS8yMy8xIDIxMi8yNC8xCmYgMjEzLzIxLzEgMjE0LzIyLzEgMjE1LzIzLzEgMjE2LzI0LzEKZiAyMTcvMjEvMSAyMTgvMjIvMSAyMTkvMjMvMSAyMjAvMjQvMQpmIDIyMS8yMS8xIDIyMi8yMi8xIDIyMy8yMy8xIDIyNC8yNC8xCmYgMjI1LzIxLzEgMjI2LzIyLzEgMjI3LzIzLzEgMjI4LzI0LzEKZiAyMjkvMjEvMSAyMzAvMjIvMSAyMzEvMjMvMSAyMzIvMjQvMQpmIDIzMy8yMS8xIDIzNC8yMi8xIDIzNS8yMy8xIDIzNi8yNC8xCmYgMjM3LzIxLzEgMjM4LzIyLzEgMjM5LzIzLzEgMjQwLzI0LzEKZiAyNDEvMjEvMSAyNDIvMjIvMSAyNDMvMjMvMSAyNDQvMjQvMQpmIDI0NS8zMy8xIDI0Ni8zNC8xIDI0Ny8zNS8xIDI0OC8zNi8xCmYgMjQ5LzEvMSAyNTAvMi8xIDI1MS8zLzEgMjUyLzQvMQpmIDI1My8xNy8xIDI1NC8xOC8xIDI1NS8xOS8xIDI1Ni8yMC8xCmYgMjU3LzIxLzEgMjU4LzIyLzEgMjU5LzIzLzEgMjYwLzI0LzEKZiAyNjEvMjEvMSAyNjIvMjIvMSAyNjMvMjMvMSAyNjQvMjQvMQpmIDI2NS8yMS8xIDI2Ni8yMi8xIDI2Ny8yMy8xIDI2OC8yNC8xCmYgMjY5LzIxLzEgMjcwLzIyLzEgMjcxLzIzLzEgMjcyLzI0LzEKZiAyNzMvMjEvMSAyNzQvMjIvMSAyNzUvMjMvMSAyNzYvMjQvMQpmIDI3Ny8yMS8xIDI3OC8yMi8xIDI3OS8yMy8xIDI4MC8yNC8xCmYgMjgxLzIxLzEgMjgyLzIyLzEgMjgzLzIzLzEgMjg0LzI0LzEKZiAyODUvMjEvMSAyODYvMjIvMSAyODcvMjMvMSAyODgvMjQvMQpmIDI4OS8yMS8xIDI5MC8yMi8xIDI5MS8yMy8xIDI5Mi8yNC8xCmYgMjkzLzIxLzEgMjk0LzIyLzEgMjk1LzIzLzEgMjk2LzI0LzEKZiAyOTcvMjEvMSAyOTgvMjIvMSAyOTkvMjMvMSAzMDAvMjQvMQpmIDMwMS8yMS8xIDMwMi8yMi8xIDMwMy8yMy8xIDMwNC8yNC8xCmYgMzA1LzIxLzEgMzA2LzIyLzEgMzA3LzIzLzEgMzA4LzI0LzEKZiAzMDkvMjEvMSAzMTAvMjIvMSAzMTEvMjMvMSAzMTIvMjQvMQpmIDMxMy8yMS8xIDMxNC8yMi8xIDMxNS8yMy8xIDMxNi8yNC8xCmYgMzE3LzIxLzEgMzE4LzIyLzEgMzE5LzIzLzEgMzIwLzI0LzEKZiAzMjEvMjEvMSAzMjIvMjIvMSAzMjMvMjMvMSAzMjQvMjQvMQpmIDMyNS8zMy8xIDMyNi8zNC8xIDMyNy8zNS8xIDMyOC8zNi8xCmYgMzI5LzI5LzEgMzMwLzMwLzEgMzMxLzMxLzEgMzMyLzMyLzEKZiAzMzMvMjEvMSAzMzQvMjIvMSAzMzUvMjMvMSAzMzYvMjQvMQpmIDMzNy8yMS8xIDMzOC8yMi8xIDMzOS8yMy8xIDM0MC8yNC8xCmYgMzQxLzIxLzEgMzQyLzIyLzEgMzQzLzIzLzEgMzQ0LzI0LzEKZiAzNDUvMjEvMSAzNDYvMjIvMSAzNDcvMjMvMSAzNDgvMjQvMQpmIDM0OS8yMS8xIDM1MC8yMi8xIDM1MS8yMy8xIDM1Mi8yNC8xCmYgMzUzLzIxLzEgMzU0LzIyLzEgMzU1LzIzLzEgMzU2LzI0LzEKZiAzNTcvMjEvMSAzNTgvMjIvMSAzNTkvMjMvMSAzNjAvMjQvMQpmIDM2MS8yMS8xIDM2Mi8yMi8xIDM2My8yMy8xIDM2NC8yNC8xCmYgMzY1LzIxLzEgMzY2LzIyLzEgMzY3LzIzLzEgMzY4LzI0LzEKZiAzNjkvMjEvMSAzNzAvMjIvMSAzNzEvMjMvMSAzNzIvMjQvMQpmIDM3My8yMS8xIDM3NC8yMi8xIDM3NS8yMy8xIDM3Ni8yNC8xCmYgMzc3LzIxLzEgMzc4LzIyLzEgMzc5LzIzLzEgMzgwLzI0LzEKZiAzODEvMjEvMSAzODIvMjIvMSAzODMvMjMvMSAzODQvMjQvMQpmIDM4NS8yMS8xIDM4Ni8yMi8xIDM4Ny8yMy8xIDM4OC8yNC8xCmYgMzg5LzIxLzEgMzkwLzIyLzEgMzkxLzIzLzEgMzkyLzI0LzEKZiAzOTMvMjEvMSAzOTQvMjIvMSAzOTUvMjMvMSAzOTYvMjQvMQpmIDM5Ny8yMS8xIDM5OC8yMi8xIDM5OS8yMy8xIDQwMC8yNC8xCmYgNDAxLzIxLzEgNDAyLzIyLzEgNDAzLzIzLzEgNDA0LzI0LzEKZiA0MDUvMzMvMSA0MDYvMzQvMSA0MDcvMzUvMSA0MDgvMzYvMQpmIDQwOS8xLzEgNDEwLzIvMSA0MTEvMy8xIDQxMi80LzEKZiA0MTMvMTcvMSA0MTQvMTgvMSA0MTUvMTkvMSA0MTYvMjAvMQpmIDQxNy8yMS8xIDQxOC8yMi8xIDQxOS8yMy8xIDQyMC8yNC8xCmYgNDIxLzIxLzEgNDIyLzIyLzEgNDIzLzIzLzEgNDI0LzI0LzEKZiA0MjUvMjEvMSA0MjYvMjIvMSA0MjcvMjMvMSA0MjgvMjQvMQpmIDQyOS8yMS8xIDQzMC8yMi8xIDQzMS8yMy8xIDQzMi8yNC8xCmYgNDMzLzIxLzEgNDM0LzIyLzEgNDM1LzIzLzEgNDM2LzI0LzEKZiA0MzcvMjEvMSA0MzgvMjIvMSA0MzkvMjMvMSA0NDAvMjQvMQpmIDQ0MS8yMS8xIDQ0Mi8yMi8xIDQ0My8yMy8xIDQ0NC8yNC8xCmYgNDQ1LzIxLzEgNDQ2LzIyLzEgNDQ3LzIzLzEgNDQ4LzI0LzEKZiA0NDkvMjEvMSA0NTAvMjIvMSA0NTEvMjMvMSA0NTIvMjQvMQpmIDQ1My8yMS8xIDQ1NC8yMi8xIDQ1NS8yMy8xIDQ1Ni8yNC8xCmYgNDU3LzIxLzEgNDU4LzIyLzEgNDU5LzIzLzEgNDYwLzI0LzEKZiA0NjEvMjEvMSA0NjIvMjIvMSA0NjMvMjMvMSA0NjQvMjQvMQpmIDQ2NS8yMS8xIDQ2Ni8yMi8xIDQ2Ny8yMy8xIDQ2OC8yNC8xCmYgNDY5LzIxLzEgNDcwLzIyLzEgNDcxLzIzLzEgNDcyLzI0LzEKZiA0NzMvMjEvMSA0NzQvMjIvMSA0NzUvMjMvMSA0NzYvMjQvMQpmIDQ3Ny8yMS8xIDQ3OC8yMi8xIDQ3OS8yMy8xIDQ4MC8yNC8xCmYgNDgxLzIxLzEgNDgyLzIyLzEgNDgzLzIzLzEgNDg0LzI0LzEKZiA0ODUvMjEvMSA0ODYvMjIvMSA0ODcvMjMvMSA0ODgvMjQvMQpmIDQ4OS8zMy8xIDQ5MC8zNC8xIDQ5MS8zNS8xIDQ5Mi8zNi8xCmYgNDkzLzI5LzEgNDk0LzMwLzEgNDk1LzMxLzEgNDk2LzMyLzEKZiA0OTcvMjEvMSA0OTgvMjIvMSA0OTkvMjMvMSA1MDAvMjQvMQpmIDUwMS8yMS8xIDUwMi8yMi8xIDUwMy8yMy8xIDUwNC8yNC8xCmYgNTA1LzIxLzEgNTA2LzIyLzEgNTA3LzIzLzEgNTA4LzI0LzEKZiA1MDkvMjEvMSA1MTAvMjIvMSA1MTEvMjMvMSA1MTIvMjQvMQpmIDUxMy8yMS8xIDUxNC8yMi8xIDUxNS8yMy8xIDUxNi8yNC8xCmYgNTE3LzIxLzEgNTE4LzIyLzEgNTE5LzIzLzEgNTIwLzI0LzEKZiA1MjEvMjEvMSA1MjIvMjIvMSA1MjMvMjMvMSA1MjQvMjQvMQpmIDUyNS8yMS8xIDUyNi8yMi8xIDUyNy8yMy8xIDUyOC8yNC8xCmYgNTI5LzIxLzEgNTMwLzIyLzEgNTMxLzIzLzEgNTMyLzI0LzEKZiA1MzMvMjEvMSA1MzQvMjIvMSA1MzUvMjMvMSA1MzYvMjQvMQpmIDUzNy8yMS8xIDUzOC8yMi8xIDUzOS8yMy8xIDU0MC8yNC8xCmYgNTQxLzIxLzEgNTQyLzIyLzEgNTQzLzIzLzEgNTQ0LzI0LzEKZiA1NDUvMjEvMSA1NDYvMjIvMSA1NDcvMjMvMSA1NDgvMjQvMQpmIDU0OS8yMS8xIDU1MC8yMi8xIDU1MS8yMy8xIDU1Mi8yNC8xCmYgNTUzLzIxLzEgNTU0LzIyLzEgNTU1LzIzLzEgNTU2LzI0LzEKZiA1NTcvMjEvMSA1NTgvMjIvMSA1NTkvMjMvMSA1NjAvMjQvMQpmIDU2MS8yMS8xIDU2Mi8yMi8xIDU2My8yMy8xIDU2NC8yNC8xCmYgNTY1LzIxLzEgNTY2LzIyLzEgNTY3LzIzLzEgNTY4LzI0LzEKZiA1NjkvMjEvMSA1NzAvMjIvMSA1NzEvMjMvMSA1NzIvMjQvMQpmIDU3My8zMy8xIDU3NC8zNC8xIDU3NS8zNS8xIDU3Ni8zNi8xCmYgNTc3LzEvMSA1NzgvMi8xIDU3OS8zLzEgNTgwLzQvMQpmIDU4MS8xNy8xIDU4Mi8xOC8xIDU4My8xOS8xIDU4NC8yMC8xCmYgNTg1LzIxLzEgNTg2LzIyLzEgNTg3LzIzLzEgNTg4LzI0LzEKZiA1ODkvMjEvMSA1OTAvMjIvMSA1OTEvMjMvMSA1OTIvMjQvMQpmIDU5My8yMS8xIDU5NC8yMi8xIDU5NS8yMy8xIDU5Ni8yNC8xCmYgNTk3LzIxLzEgNTk4LzIyLzEgNTk5LzIzLzEgNjAwLzI0LzEKZiA2MDEvMjEvMSA2MDIvMjIvMSA2MDMvMjMvMSA2MDQvMjQvMQpmIDYwNS8yMS8xIDYwNi8yMi8xIDYwNy8yMy8xIDYwOC8yNC8xCmYgNjA5LzIxLzEgNjEwLzIyLzEgNjExLzIzLzEgNjEyLzI0LzEKZiA2MTMvMjEvMSA2MTQvMjIvMSA2MTUvMjMvMSA2MTYvMjQvMQpmIDYxNy8yMS8xIDYxOC8yMi8xIDYxOS8yMy8xIDYyMC8yNC8xCmYgNjIxLzIxLzEgNjIyLzIyLzEgNjIzLzIzLzEgNjI0LzI0LzEKZiA2MjUvMjEvMSA2MjYvMjIvMSA2MjcvMjMvMSA2MjgvMjQvMQpmIDYyOS8yMS8xIDYzMC8yMi8xIDYzMS8yMy8xIDYzMi8yNC8xCmYgNjMzLzIxLzEgNjM0LzIyLzEgNjM1LzIzLzEgNjM2LzI0LzEKZiA2MzcvMjEvMSA2MzgvMjIvMSA2MzkvMjMvMSA2NDAvMjQvMQpmIDY0MS8yMS8xIDY0Mi8yMi8xIDY0My8yMy8xIDY0NC8yNC8xCmYgNjQ1LzIxLzEgNjQ2LzIyLzEgNjQ3LzIzLzEgNjQ4LzI0LzEKZiA2NDkvMjEvMSA2NTAvMjIvMSA2NTEvMjMvMSA2NTIvMjQvMQpmIDY1My8yMS8xIDY1NC8yMi8xIDY1NS8yMy8xIDY1Ni8yNC8xCmYgNjU3LzIxLzEgNjU4LzIyLzEgNjU5LzIzLzEgNjYwLzI0LzEKZiA2NjEvMzMvMSA2NjIvMzQvMSA2NjMvMzUvMSA2NjQvMzYvMQpmIDY2NS8yOS8xIDY2Ni8zMC8xIDY2Ny8zMS8xIDY2OC8zMi8xCmYgNjY5LzIxLzEgNjcwLzIyLzEgNjcxLzIzLzEgNjcyLzI0LzEKZiA2NzMvMjEvMSA2NzQvMjIvMSA2NzUvMjMvMSA2NzYvMjQvMQpmIDY3Ny8yMS8xIDY3OC8yMi8xIDY3OS8yMy8xIDY4MC8yNC8xCmYgNjgxLzIxLzEgNjgyLzIyLzEgNjgzLzIzLzEgNjg0LzI0LzEKZiA2ODUvMjEvMSA2ODYvMjIvMSA2ODcvMjMvMSA2ODgvMjQvMQpmIDY4OS8yMS8xIDY5MC8yMi8xIDY5MS8yMy8xIDY5Mi8yNC8xCmYgNjkzLzIxLzEgNjk0LzIyLzEgNjk1LzIzLzEgNjk2LzI0LzEKZiA2OTcvMjEvMSA2OTgvMjIvMSA2OTkvMjMvMSA3MDAvMjQvMQpmIDcwMS8yMS8xIDcwMi8yMi8xIDcwMy8yMy8xIDcwNC8yNC8xCmYgNzA1LzIxLzEgNzA2LzIyLzEgNzA3LzIzLzEgNzA4LzI0LzEKZiA3MDkvMjEvMSA3MTAvMjIvMSA3MTEvMjMvMSA3MTIvMjQvMQpmIDcxMy8yMS8xIDcxNC8yMi8xIDcxNS8yMy8xIDcxNi8yNC8xCmYgNzE3LzIxLzEgNzE4LzIyLzEgNzE5LzIzLzEgNzIwLzI0LzEKZiA3MjEvMjEvMSA3MjIvMjIvMSA3MjMvMjMvMSA3MjQvMjQvMQpmIDcyNS8yMS8xIDcyNi8yMi8xIDcyNy8yMy8xIDcyOC8yNC8xCmYgNzI5LzIxLzEgNzMwLzIyLzEgNzMxLzIzLzEgNzMyLzI0LzEKZiA3MzMvMjEvMSA3MzQvMjIvMSA3MzUvMjMvMSA3MzYvMjQvMQpmIDczNy8yMS8xIDczOC8yMi8xIDczOS8yMy8xIDc0MC8yNC8xCmYgNzQxLzIxLzEgNzQyLzIyLzEgNzQzLzIzLzEgNzQ0LzI0LzEKZiA3NDUvMjEvMSA3NDYvMjIvMSA3NDcvMjMvMSA3NDgvMjQvMQpmIDc0OS8zMy8xIDc1MC8zNC8xIDc1MS8zNS8xIDc1Mi8zNi8xCmYgNzUzLzM3LzEgNzU0LzM4LzEgNzU1LzM5LzEgNzU2LzQwLzEKZiA3NTcvNDEvMSA3NTgvNDIvMSA3NTkvNDMvMSA3NjAvNDQvMQpmIDc2MS8yMS8xIDc2Mi8yMi8xIDc2My8yMy8xIDc2NC8yNC8xCmYgNzY1LzIxLzEgNzY2LzIyLzEgNzY3LzIzLzEgNzY4LzI0LzEKZiA3NjkvMjEvMSA3NzAvMjIvMSA3NzEvMjMvMSA3NzIvMjQvMQpmIDc3My8yMS8xIDc3NC8yMi8xIDc3NS8yMy8xIDc3Ni8yNC8xCmYgNzc3LzIxLzEgNzc4LzIyLzEgNzc5LzIzLzEgNzgwLzI0LzEKZiA3ODEvMjEvMSA3ODIvMjIvMSA3ODMvMjMvMSA3ODQvMjQvMQpmIDc4NS8yMS8xIDc4Ni8yMi8xIDc4Ny8yMy8xIDc4OC8yNC8xCmYgNzg5LzIxLzEgNzkwLzIyLzEgNzkxLzIzLzEgNzkyLzI0LzEKZiA3OTMvMjEvMSA3OTQvMjIvMSA3OTUvMjMvMSA3OTYvMjQvMQpmIDc5Ny8yMS8xIDc5OC8yMi8xIDc5OS8yMy8xIDgwMC8yNC8xCmYgODAxLzIxLzEgODAyLzIyLzEgODAzLzIzLzEgODA0LzI0LzEKZiA4MDUvMjEvMSA4MDYvMjIvMSA4MDcvMjMvMSA4MDgvMjQvMQpmIDgwOS8yMS8xIDgxMC8yMi8xIDgxMS8yMy8xIDgxMi8yNC8xCmYgODEzLzIxLzEgODE0LzIyLzEgODE1LzIzLzEgODE2LzI0LzEKZiA4MTcvMjEvMSA4MTgvMjIvMSA4MTkvMjMvMSA4MjAvMjQvMQpmIDgyMS8yMS8xIDgyMi8yMi8xIDgyMy8yMy8xIDgyNC8yNC8xCmYgODI1LzIxLzEgODI2LzIyLzEgODI3LzIzLzEgODI4LzI0LzEKZiA4MjkvMjEvMSA4MzAvMjIvMSA4MzEvMjMvMSA4MzIvMjQvMQpmIDgzMy8yMS8xIDgzNC8yMi8xIDgzNS8yMy8xIDgzNi8yNC8xCmYgODM3LzMzLzEgODM4LzM0LzEgODM5LzM1LzEgODQwLzM2LzEKZiA4NDEvMjkvMSA4NDIvMzAvMSA4NDMvMzEvMSA4NDQvMzIvMQpmIDg0NS8yMS8xIDg0Ni8yMi8xIDg0Ny8yMy8xIDg0OC8yNC8xCmYgODQ5LzIxLzEgODUwLzIyLzEgODUxLzIzLzEgODUyLzI0LzEKZiA4NTMvMjEvMSA4NTQvMjIvMSA4NTUvMjMvMSA4NTYvMjQvMQpmIDg1Ny8yMS8xIDg1OC8yMi8xIDg1OS8yMy8xIDg2MC8yNC8xCmYgODYxLzIxLzEgODYyLzIyLzEgODYzLzIzLzEgODY0LzI0LzEKZiA4NjUvMjEvMSA4NjYvMjIvMSA4NjcvMjMvMSA4NjgvMjQvMQpmIDg2OS8yMS8xIDg3MC8yMi8xIDg3MS8yMy8xIDg3Mi8yNC8xCmYgODczLzIxLzEgODc0LzIyLzEgODc1LzIzLzEgODc2LzI0LzEKZiA4NzcvMjEvMSA4NzgvMjIvMSA4NzkvMjMvMSA4ODAvMjQvMQpmIDg4MS8yMS8xIDg4Mi8yMi8xIDg4My8yMy8xIDg4NC8yNC8xCmYgODg1LzIxLzEgODg2LzIyLzEgODg3LzIzLzEgODg4LzI0LzEKZiA4ODkvMjEvMSA4OTAvMjIvMSA4OTEvMjMvMSA4OTIvMjQvMQpmIDg5My8yMS8xIDg5NC8yMi8xIDg5NS8yMy8xIDg5Ni8yNC8xCmYgODk3LzIxLzEgODk4LzIyLzEgODk5LzIzLzEgOTAwLzI0LzEKZiA5MDEvMjEvMSA5MDIvMjIvMSA5MDMvMjMvMSA5MDQvMjQvMQpmIDkwNS8yMS8xIDkwNi8yMi8xIDkwNy8yMy8xIDkwOC8yNC8xCmYgOTA5LzIxLzEgOTEwLzIyLzEgOTExLzIzLzEgOTEyLzI0LzEKZiA5MTMvMjEvMSA5MTQvMjIvMSA5MTUvMjMvMSA5MTYvMjQvMQpmIDkxNy8yMS8xIDkxOC8yMi8xIDkxOS8yMy8xIDkyMC8yNC8xCmYgOTIxLzMzLzEgOTIyLzM0LzEgOTIzLzM1LzEgOTI0LzM2LzEKZiA5MjUvMzcvMSA5MjYvMzgvMSA5MjcvMzkvMSA5MjgvNDAvMQpmIDkyOS80MS8xIDkzMC80Mi8xIDkzMS80My8xIDkzMi80NC8xCmYgOTMzLzIxLzEgOTM0LzIyLzEgOTM1LzIzLzEgOTM2LzI0LzEKZiA5MzcvMjEvMSA5MzgvMjIvMSA5MzkvMjMvMSA5NDAvMjQvMQpmIDk0MS8yMS8xIDk0Mi8yMi8xIDk0My8yMy8xIDk0NC8yNC8xCmYgOTQ1LzIxLzEgOTQ2LzIyLzEgOTQ3LzIzLzEgOTQ4LzI0LzEKZiA5NDkvMjEvMSA5NTAvMjIvMSA5NTEvMjMvMSA5NTIvMjQvMQpmIDk1My8yMS8xIDk1NC8yMi8xIDk1NS8yMy8xIDk1Ni8yNC8xCmYgOTU3LzIxLzEgOTU4LzIyLzEgOTU5LzIzLzEgOTYwLzI0LzEKZiA5NjEvMjEvMSA5NjIvMjIvMSA5NjMvMjMvMSA5NjQvMjQvMQpmIDk2NS8yMS8xIDk2Ni8yMi8xIDk2Ny8yMy8xIDk2OC8yNC8xCmYgOTY5LzIxLzEgOTcwLzIyLzEgOTcxLzIzLzEgOTcyLzI0LzEKZiA5NzMvMjEvMSA5NzQvMjIvMSA5NzUvMjMvMSA5NzYvMjQvMQpmIDk3Ny8yMS8xIDk3OC8yMi8xIDk3OS8yMy8xIDk4MC8yNC8xCmYgOTgxLzIxLzEgOTgyLzIyLzEgOTgzLzIzLzEgOTg0LzI0LzEKZiA5ODUvMjEvMSA5ODYvMjIvMSA5ODcvMjMvMSA5ODgvMjQvMQpmIDk4OS8yMS8xIDk5MC8yMi8xIDk5MS8yMy8xIDk5Mi8yNC8xCmYgOTkzLzIxLzEgOTk0LzIyLzEgOTk1LzIzLzEgOTk2LzI0LzEKZiA5OTcvMjEvMSA5OTgvMjIvMSA5OTkvMjMvMSAxMDAwLzI0LzEKZiAxMDAxLzIxLzEgMTAwMi8yMi8xIDEwMDMvMjMvMSAxMDA0LzI0LzEKZiAxMDA1LzMzLzEgMTAwNi8zNC8xIDEwMDcvMzUvMSAxMDA4LzM2LzEKZiAxMDA5LzEvMSAxMDEwLzIvMSAxMDExLzMvMSAxMDEyLzQvMQpmIDEwMTMvNS8xIDEwMTQvNi8xIDEwMTUvNy8xIDEwMTYvOC8xCmYgMTAxNy8xNy8xIDEwMTgvMTgvMSAxMDE5LzE5LzEgMTAyMC8yMC8xCmYgMTAyMS8yMS8xIDEwMjIvMjIvMSAxMDIzLzIzLzEgMTAyNC8yNC8xCmYgMTAyNS8yMS8xIDEwMjYvMjIvMSAxMDI3LzIzLzEgMTAyOC8yNC8xCmYgMTAyOS8yMS8xIDEwMzAvMjIvMSAxMDMxLzIzLzEgMTAzMi8yNC8xCmYgMTAzMy8yMS8xIDEwMzQvMjIvMSAxMDM1LzIzLzEgMTAzNi8yNC8xCmYgMTAzNy8yMS8xIDEwMzgvMjIvMSAxMDM5LzIzLzEgMTA0MC8yNC8xCmYgMTA0MS8yMS8xIDEwNDIvMjIvMSAxMDQzLzIzLzEgMTA0NC8yNC8xCmYgMTA0NS8yMS8xIDEwNDYvMjIvMSAxMDQ3LzIzLzEgMTA0OC8yNC8xCmYgMTA0OS8yMS8xIDEwNTAvMjIvMSAxMDUxLzIzLzEgMTA1Mi8yNC8xCmYgMTA1My8yMS8xIDEwNTQvMjIvMSAxMDU1LzIzLzEgMTA1Ni8yNC8xCmYgMTA1Ny8yMS8xIDEwNTgvMjIvMSAxMDU5LzIzLzEgMTA2MC8yNC8xCmYgMTA2MS8yMS8xIDEwNjIvMjIvMSAxMDYzLzIzLzEgMTA2NC8yNC8xCmYgMTA2NS8yMS8xIDEwNjYvMjIvMSAxMDY3LzIzLzEgMTA2OC8yNC8xCmYgMTA2OS8yMS8xIDEwNzAvMjIvMSAxMDcxLzIzLzEgMTA3Mi8yNC8xCmYgMTA3My8yMS8xIDEwNzQvMjIvMSAxMDc1LzIzLzEgMTA3Ni8yNC8xCmYgMTA3Ny8yMS8xIDEwNzgvMjIvMSAxMDc5LzIzLzEgMTA4MC8yNC8xCmYgMTA4MS8yMS8xIDEwODIvMjIvMSAxMDgzLzIzLzEgMTA4NC8yNC8xCmYgMTA4NS8yMS8xIDEwODYvMjIvMSAxMDg3LzIzLzEgMTA4OC8yNC8xCmYgMTA4OS8yMS8xIDEwOTAvMjIvMSAxMDkxLzIzLzEgMTA5Mi8yNC8xCmYgMTA5My8zMy8xIDEwOTQvMzQvMSAxMDk1LzM1LzEgMTA5Ni8zNi8xCmYgMTA5Ny8yOS8xIDEwOTgvMzAvMSAxMDk5LzMxLzEgMTEwMC8zMi8xCmYgMTEwMS8yMS8xIDExMDIvMjIvMSAxMTAzLzIzLzEgMTEwNC8yNC8xCmYgMTEwNS8yMS8xIDExMDYvMjIvMSAxMTA3LzIzLzEgMTEwOC8yNC8xCmYgMTEwOS8yMS8xIDExMTAvMjIvMSAxMTExLzIzLzEgMTExMi8yNC8xCmYgMTExMy8yMS8xIDExMTQvMjIvMSAxMTE1LzIzLzEgMTExNi8yNC8xCmYgMTExNy8yMS8xIDExMTgvMjIvMSAxMTE5LzIzLzEgMTEyMC8yNC8xCmYgMTEyMS8yMS8xIDExMjIvMjIvMSAxMTIzLzIzLzEgMTEyNC8yNC8xCmYgMTEyNS8yMS8xIDExMjYvMjIvMSAxMTI3LzIzLzEgMTEyOC8yNC8xCmYgMTEyOS8yMS8xIDExMzAvMjIvMSAxMTMxLzIzLzEgMTEzMi8yNC8xCmYgMTEzMy8yMS8xIDExMzQvMjIvMSAxMTM1LzIzLzEgMTEzNi8yNC8xCmYgMTEzNy8yMS8xIDExMzgvMjIvMSAxMTM5LzIzLzEgMTE0MC8yNC8xCmYgMTE0MS8yMS8xIDExNDIvMjIvMSAxMTQzLzIzLzEgMTE0NC8yNC8xCmYgMTE0NS8yMS8xIDExNDYvMjIvMSAxMTQ3LzIzLzEgMTE0OC8yNC8xCmYgMTE0OS8yMS8xIDExNTAvMjIvMSAxMTUxLzIzLzEgMTE1Mi8yNC8xCmYgMTE1My8yMS8xIDExNTQvMjIvMSAxMTU1LzIzLzEgMTE1Ni8yNC8xCmYgMTE1Ny8yMS8xIDExNTgvMjIvMSAxMTU5LzIzLzEgMTE2MC8yNC8xCmYgMTE2MS8yMS8xIDExNjIvMjIvMSAxMTYzLzIzLzEgMTE2NC8yNC8xCmYgMTE2NS8yMS8xIDExNjYvMjIvMSAxMTY3LzIzLzEgMTE2OC8yNC8xCmYgMTE2OS8yMS8xIDExNzAvMjIvMSAxMTcxLzIzLzEgMTE3Mi8yNC8xCmYgMTE3My8yMS8xIDExNzQvMjIvMSAxMTc1LzIzLzEgMTE3Ni8yNC8xCmYgMTE3Ny8yMS8xIDExNzgvMjIvMSAxMTc5LzIzLzEgMTE4MC8yNC8xCmYgMTE4MS8zMy8xIDExODIvMzQvMSAxMTgzLzM1LzEgMTE4NC8zNi8xCmYgMTE4NS8xLzEgMTE4Ni8yLzEgMTE4Ny8zLzEgMTE4OC80LzEKZiAxMTg5LzUvMSAxMTkwLzYvMSAxMTkxLzcvMSAxMTkyLzgvMQpmIDExOTMvNS8xIDExOTQvNi8xIDExOTUvNy8xIDExOTYvOC8xCmYgMTE5Ny81LzEgMTE5OC82LzEgMTE5OS83LzEgMTIwMC84LzEKZiAxMjAxLzE3LzEgMTIwMi8xOC8xIDEyMDMvMTkvMSAxMjA0LzIwLzEKZiAxMjA1LzIxLzEgMTIwNi8yMi8xIDEyMDcvMjMvMSAxMjA4LzI0LzEKZiAxMjA5LzIxLzEgMTIxMC8yMi8xIDEyMTEvMjMvMSAxMjEyLzI0LzEKZiAxMjEzLzIxLzEgMTIxNC8yMi8xIDEyMTUvMjMvMSAxMjE2LzI0LzEKZiAxMjE3LzIxLzEgMTIxOC8yMi8xIDEyMTkvMjMvMSAxMjIwLzI0LzEKZiAxMjIxLzIxLzEgMTIyMi8yMi8xIDEyMjMvMjMvMSAxMjI0LzI0LzEKZiAxMjI1LzIxLzEgMTIyNi8yMi8xIDEyMjcvMjMvMSAxMjI4LzI0LzEKZiAxMjI5LzIxLzEgMTIzMC8yMi8xIDEyMzEvMjMvMSAxMjMyLzI0LzEKZiAxMjMzLzIxLzEgMTIzNC8yMi8xIDEyMzUvMjMvMSAxMjM2LzI0LzEKZiAxMjM3LzIxLzEgMTIzOC8yMi8xIDEyMzkvMjMvMSAxMjQwLzI0LzEKZiAxMjQxLzIxLzEgMTI0Mi8yMi8xIDEyNDMvMjMvMSAxMjQ0LzI0LzEKZiAxMjQ1LzIxLzEgMTI0Ni8yMi8xIDEyNDcvMjMvMSAxMjQ4LzI0LzEKZiAxMjQ5LzIxLzEgMTI1MC8yMi8xIDEyNTEvMjMvMSAxMjUyLzI0LzEKZiAxMjUzLzIxLzEgMTI1NC8yMi8xIDEyNTUvMjMvMSAxMjU2LzI0LzEKZiAxMjU3LzIxLzEgMTI1OC8yMi8xIDEyNTkvMjMvMSAxMjYwLzI0LzEKZiAxMjYxLzIxLzEgMTI2Mi8yMi8xIDEyNjMvMjMvMSAxMjY0LzI0LzEKZiAxMjY1LzIxLzEgMTI2Ni8yMi8xIDEyNjcvMjMvMSAxMjY4LzI0LzEKZiAxMjY5LzIxLzEgMTI3MC8yMi8xIDEyNzEvMjMvMSAxMjcyLzI0LzEKZiAxMjczLzIxLzEgMTI3NC8yMi8xIDEyNzUvMjMvMSAxMjc2LzI0LzEKZiAxMjc3LzIxLzEgMTI3OC8yMi8xIDEyNzkvMjMvMSAxMjgwLzI0LzEKZiAxMjgxLzIxLzEgMTI4Mi8yMi8xIDEyODMvMjMvMSAxMjg0LzI0LzEKZiAxMjg1LzMzLzEgMTI4Ni8zNC8xIDEyODcvMzUvMSAxMjg4LzM2LzEKZiAxMjg5LzI5LzEgMTI5MC8zMC8xIDEyOTEvMzEvMSAxMjkyLzMyLzEKZiAxMjkzLzIxLzEgMTI5NC8yMi8xIDEyOTUvMjMvMSAxMjk2LzI0LzEKZiAxMjk3LzIxLzEgMTI5OC8yMi8xIDEyOTkvMjMvMSAxMzAwLzI0LzEKZiAxMzAxLzIxLzEgMTMwMi8yMi8xIDEzMDMvMjMvMSAxMzA0LzI0LzEKZiAxMzA1LzIxLzEgMTMwNi8yMi8xIDEzMDcvMjMvMSAxMzA4LzI0LzEKZiAxMzA5LzIxLzEgMTMxMC8yMi8xIDEzMTEvMjMvMSAxMzEyLzI0LzEKZiAxMzEzLzIxLzEgMTMxNC8yMi8xIDEzMTUvMjMvMSAxMzE2LzI0LzEKZiAxMzE3LzIxLzEgMTMxOC8yMi8xIDEzMTkvMjMvMSAxMzIwLzI0LzEKZiAxMzIxLzIxLzEgMTMyMi8yMi8xIDEzMjMvMjMvMSAxMzI0LzI0LzEKZiAxMzI1LzIxLzEgMTMyNi8yMi8xIDEzMjcvMjMvMSAxMzI4LzI0LzEKZiAxMzI5LzIxLzEgMTMzMC8yMi8xIDEzMzEvMjMvMSAxMzMyLzI0LzEKZiAxMzMzLzIxLzEgMTMzNC8yMi8xIDEzMzUvMjMvMSAxMzM2LzI0LzEKZiAxMzM3LzIxLzEgMTMzOC8yMi8xIDEzMzkvMjMvMSAxMzQwLzI0LzEKZiAxMzQxLzIxLzEgMTM0Mi8yMi8xIDEzNDMvMjMvMSAxMzQ0LzI0LzEKZiAxMzQ1LzIxLzEgMTM0Ni8yMi8xIDEzNDcvMjMvMSAxMzQ4LzI0LzEKZiAxMzQ5LzIxLzEgMTM1MC8yMi8xIDEzNTEvMjMvMSAxMzUyLzI0LzEKZiAxMzUzLzIxLzEgMTM1NC8yMi8xIDEzNTUvMjMvMSAxMzU2LzI0LzEKZiAxMzU3LzIxLzEgMTM1OC8yMi8xIDEzNTkvMjMvMSAxMzYwLzI0LzEKZiAxMzYxLzIxLzEgMTM2Mi8yMi8xIDEzNjMvMjMvMSAxMzY0LzI0LzEKZiAxMzY1LzIxLzEgMTM2Ni8yMi8xIDEzNjcvMjMvMSAxMzY4LzI0LzEKZiAxMzY5LzIxLzEgMTM3MC8yMi8xIDEzNzEvMjMvMSAxMzcyLzI0LzEKZiAxMzczLzIxLzEgMTM3NC8yMi8xIDEzNzUvMjMvMSAxMzc2LzI0LzEKZiAxMzc3LzIxLzEgMTM3OC8yMi8xIDEzNzkvMjMvMSAxMzgwLzI0LzEKZiAxMzgxLzIxLzEgMTM4Mi8yMi8xIDEzODMvMjMvMSAxMzg0LzI0LzEKZiAxMzg1LzIxLzEgMTM4Ni8yMi8xIDEzODcvMjMvMSAxMzg4LzI0LzEKZiAxMzg5LzI1LzEgMTM5MC8yNi8xIDEzOTEvMjcvMSAxMzkyLzI4LzEKZiAxMzkzLzkvMSAxMzk0LzEwLzEgMTM5NS8xMS8xIDEzOTYvMTIvMQpmIDEzOTcvMS8xIDEzOTgvMi8xIDEzOTkvMy8xIDE0MDAvNC8xCmYgMTQwMS81LzEgMTQwMi82LzEgMTQwMy83LzEgMTQwNC84LzEKZiAxNDA1LzUvMSAxNDA2LzYvMSAxNDA3LzcvMSAxNDA4LzgvMQpmIDE0MDkvNS8xIDE0MTAvNi8xIDE0MTEvNy8xIDE0MTIvOC8xCmYgMTQxMy81LzEgMTQxNC82LzEgMTQxNS83LzEgMTQxNi84LzEKZiAxNDE3LzUvMSAxNDE4LzYvMSAxNDE5LzcvMSAxNDIwLzgvMQpmIDE0MjEvNS8xIDE0MjIvNi8xIDE0MjMvNy8xIDE0MjQvOC8xCmYgMTQyNS81LzEgMTQyNi82LzEgMTQyNy83LzEgMTQyOC84LzEKZiAxNDI5LzUvMSAxNDMwLzYvMSAxNDMxLzcvMSAxNDMyLzgvMQpmIDE0MzMvNS8xIDE0MzQvNi8xIDE0MzUvNy8xIDE0MzYvOC8xCmYgMTQzNy81LzEgMTQzOC82LzEgMTQzOS83LzEgMTQ0MC84LzEKZiAxNDQxLzUvMSAxNDQyLzYvMSAxNDQzLzcvMSAxNDQ0LzgvMQpmIDE0NDUvMTcvMSAxNDQ2LzE4LzEgMTQ0Ny8xOS8xIDE0NDgvMjAvMQpmIDE0NDkvMjEvMSAxNDUwLzIyLzEgMTQ1MS8yMy8xIDE0NTIvMjQvMQpmIDE0NTMvMjEvMSAxNDU0LzIyLzEgMTQ1NS8yMy8xIDE0NTYvMjQvMQpmIDE0NTcvMjEvMSAxNDU4LzIyLzEgMTQ1OS8yMy8xIDE0NjAvMjQvMQpmIDE0NjEvMjEvMSAxNDYyLzIyLzEgMTQ2My8yMy8xIDE0NjQvMjQvMQpmIDE0NjUvMjEvMSAxNDY2LzIyLzEgMTQ2Ny8yMy8xIDE0NjgvMjQvMQpmIDE0NjkvMjEvMSAxNDcwLzIyLzEgMTQ3MS8yMy8xIDE0NzIvMjQvMQpmIDE0NzMvMjEvMSAxNDc0LzIyLzEgMTQ3NS8yMy8xIDE0NzYvMjQvMQpmIDE0NzcvMjEvMSAxNDc4LzIyLzEgMTQ3OS8yMy8xIDE0ODAvMjQvMQpmIDE0ODEvMjEvMSAxNDgyLzIyLzEgMTQ4My8yMy8xIDE0ODQvMjQvMQpmIDE0ODUvMjEvMSAxNDg2LzIyLzEgMTQ4Ny8yMy8xIDE0ODgvMjQvMQpmIDE0ODkvMjEvMSAxNDkwLzIyLzEgMTQ5MS8yMy8xIDE0OTIvMjQvMQpmIDE0OTMvMjEvMSAxNDk0LzIyLzEgMTQ5NS8yMy8xIDE0OTYvMjQvMQpmIDE0OTcvMjEvMSAxNDk4LzIyLzEgMTQ5OS8yMy8xIDE1MDAvMjQvMQpmIDE1MDEvMjEvMSAxNTAyLzIyLzEgMTUwMy8yMy8xIDE1MDQvMjQvMQpmIDE1MDUvMjEvMSAxNTA2LzIyLzEgMTUwNy8yMy8xIDE1MDgvMjQvMQpmIDE1MDkvMjEvMSAxNTEwLzIyLzEgMTUxMS8yMy8xIDE1MTIvMjQvMQpmIDE1MTMvMjEvMSAxNTE0LzIyLzEgMTUxNS8yMy8xIDE1MTYvMjQvMQpmIDE1MTcvMjEvMSAxNTE4LzIyLzEgMTUxOS8yMy8xIDE1MjAvMjQvMQpmIDE1MjEvMjEvMSAxNTIyLzIyLzEgMTUyMy8yMy8xIDE1MjQvMjQvMQpmIDE1MjUvMjEvMSAxNTI2LzIyLzEgMTUyNy8yMy8xIDE1MjgvMjQvMQpmIDE1MjkvMjEvMSAxNTMwLzIyLzEgMTUzMS8yMy8xIDE1MzIvMjQvMQpmIDE1MzMvMzMvMSAxNTM0LzM0LzEgMTUzNS8zNS8xIDE1MzYvMzYvMQpmIDE1MzcvMjkvMSAxNTM4LzMwLzEgMTUzOS8zMS8xIDE1NDAvMzIvMQpmIDE1NDEvMjEvMSAxNTQyLzIyLzEgMTU0My8yMy8xIDE1NDQvMjQvMQpmIDE1NDUvMjEvMSAxNTQ2LzIyLzEgMTU0Ny8yMy8xIDE1NDgvMjQvMQpmIDE1NDkvMjEvMSAxNTUwLzIyLzEgMTU1MS8yMy8xIDE1NTIvMjQvMQpmIDE1NTMvMjEvMSAxNTU0LzIyLzEgMTU1NS8yMy8xIDE1NTYvMjQvMQpmIDE1NTcvMjEvMSAxNTU4LzIyLzEgMTU1OS8yMy8xIDE1NjAvMjQvMQpmIDE1NjEvMjEvMSAxNTYyLzIyLzEgMTU2My8yMy8xIDE1NjQvMjQvMQpmIDE1NjUvMjEvMSAxNTY2LzIyLzEgMTU2Ny8yMy8xIDE1NjgvMjQvMQpmIDE1NjkvMjEvMSAxNTcwLzIyLzEgMTU3MS8yMy8xIDE1NzIvMjQvMQpmIDE1NzMvMjEvMSAxNTc0LzIyLzEgMTU3NS8yMy8xIDE1NzYvMjQvMQpmIDE1NzcvMjEvMSAxNTc4LzIyLzEgMTU3OS8yMy8xIDE1ODAvMjQvMQpmIDE1ODEvMjEvMSAxNTgyLzIyLzEgMTU4My8yMy8xIDE1ODQvMjQvMQpmIDE1ODUvMjEvMSAxNTg2LzIyLzEgMTU4Ny8yMy8xIDE1ODgvMjQvMQpmIDE1ODkvMjEvMSAxNTkwLzIyLzEgMTU5MS8yMy8xIDE1OTIvMjQvMQpmIDE1OTMvMjEvMSAxNTk0LzIyLzEgMTU5NS8yMy8xIDE1OTYvMjQvMQpmIDE1OTcvMjEvMSAxNTk4LzIyLzEgMTU5OS8yMy8xIDE2MDAvMjQvMQpmIDE2MDEvMjEvMSAxNjAyLzIyLzEgMTYwMy8yMy8xIDE2MDQvMjQvMQpmIDE2MDUvMjEvMSAxNjA2LzIyLzEgMTYwNy8yMy8xIDE2MDgvMjQvMQpmIDE2MDkvMjEvMSAxNjEwLzIyLzEgMTYxMS8yMy8xIDE2MTIvMjQvMQpmIDE2MTMvMjEvMSAxNjE0LzIyLzEgMTYxNS8yMy8xIDE2MTYvMjQvMQpmIDE2MTcvMjEvMSAxNjE4LzIyLzEgMTYxOS8yMy8xIDE2MjAvMjQvMQpmIDE2MjEvMjEvMSAxNjIyLzIyLzEgMTYyMy8yMy8xIDE2MjQvMjQvMQpmIDE2MjUvMjEvMSAxNjI2LzIyLzEgMTYyNy8yMy8xIDE2MjgvMjQvMQpmIDE2MjkvMjEvMSAxNjMwLzIyLzEgMTYzMS8yMy8xIDE2MzIvMjQvMQpmIDE2MzMvMjEvMSAxNjM0LzIyLzEgMTYzNS8yMy8xIDE2MzYvMjQvMQpmIDE2MzcvMjEvMSAxNjM4LzIyLzEgMTYzOS8yMy8xIDE2NDAvMjQvMQpmIDE2NDEvMjEvMSAxNjQyLzIyLzEgMTY0My8yMy8xIDE2NDQvMjQvMQpmIDE2NDUvMjEvMSAxNjQ2LzIyLzEgMTY0Ny8yMy8xIDE2NDgvMjQvMQpmIDE2NDkvMjEvMSAxNjUwLzIyLzEgMTY1MS8yMy8xIDE2NTIvMjQvMQpmIDE2NTMvNDUvMSAxNjU0LzQ2LzEgMTY1NS80Ny8xIDE2NTYvNDgvMQpmIDE2NTcvNDEvMSAxNjU4LzQyLzEgMTY1OS80My8xIDE2NjAvNDQvMQpmIDE2NjEvMjEvMSAxNjYyLzIyLzEgMTY2My8yMy8xIDE2NjQvMjQvMQpmIDE2NjUvMjEvMSAxNjY2LzIyLzEgMTY2Ny8yMy8xIDE2NjgvMjQvMQpmIDE2NjkvMjEvMSAxNjcwLzIyLzEgMTY3MS8yMy8xIDE2NzIvMjQvMQpmIDE2NzMvMzMvMSAxNjc0LzM0LzEgMTY3NS8zNS8xIDE2NzYvMzYvMQpmIDE2NzcvMzcvMSAxNjc4LzM4LzEgMTY3OS8zOS8xIDE2ODAvNDAvMQpmIDE2ODEvNDkvMSAxNjgyLzUwLzEgMTY4My81MS8xIDE2ODQvNTIvMQpmIDE2ODUvNDEvMSAxNjg2LzQyLzEgMTY4Ny80My8xIDE2ODgvNDQvMQpmIDE2ODkvMjEvMSAxNjkwLzIyLzEgMTY5MS8yMy8xIDE2OTIvMjQvMQpmIDE2OTMvMjEvMSAxNjk0LzIyLzEgMTY5NS8yMy8xIDE2OTYvMjQvMQpmIDE2OTcvMjEvMSAxNjk4LzIyLzEgMTY5OS8yMy8xIDE3MDAvMjQvMQpmIDE3MDEvMjEvMSAxNzAyLzIyLzEgMTcwMy8yMy8xIDE3MDQvMjQvMQpmIDE3MDUvMjEvMSAxNzA2LzIyLzEgMTcwNy8yMy8xIDE3MDgvMjQvMQpmIDE3MDkvMjEvMSAxNzEwLzIyLzEgMTcxMS8yMy8xIDE3MTIvMjQvMQpmIDE3MTMvMjEvMSAxNzE0LzIyLzEgMTcxNS8yMy8xIDE3MTYvMjQvMQpmIDE3MTcvMjEvMSAxNzE4LzIyLzEgMTcxOS8yMy8xIDE3MjAvMjQvMQpmIDE3MjEvMjEvMSAxNzIyLzIyLzEgMTcyMy8yMy8xIDE3MjQvMjQvMQpmIDE3MjUvMjEvMSAxNzI2LzIyLzEgMTcyNy8yMy8xIDE3MjgvMjQvMQpmIDE3MjkvMjEvMSAxNzMwLzIyLzEgMTczMS8yMy8xIDE3MzIvMjQvMQpmIDE3MzMvMjEvMSAxNzM0LzIyLzEgMTczNS8yMy8xIDE3MzYvMjQvMQpmIDE3MzcvMjEvMSAxNzM4LzIyLzEgMTczOS8yMy8xIDE3NDAvMjQvMQpmIDE3NDEvMjEvMSAxNzQyLzIyLzEgMTc0My8yMy8xIDE3NDQvMjQvMQpmIDE3NDUvMjEvMSAxNzQ2LzIyLzEgMTc0Ny8yMy8xIDE3NDgvMjQvMQpmIDE3NDkvMjEvMSAxNzUwLzIyLzEgMTc1MS8yMy8xIDE3NTIvMjQvMQpmIDE3NTMvMjEvMSAxNzU0LzIyLzEgMTc1NS8yMy8xIDE3NTYvMjQvMQpmIDE3NTcvMjEvMSAxNzU4LzIyLzEgMTc1OS8yMy8xIDE3NjAvMjQvMQpmIDE3NjEvMjEvMSAxNzYyLzIyLzEgMTc2My8yMy8xIDE3NjQvMjQvMQpmIDE3NjUvMjEvMSAxNzY2LzIyLzEgMTc2Ny8yMy8xIDE3NjgvMjQvMQpmIDE3NjkvMjEvMSAxNzcwLzIyLzEgMTc3MS8yMy8xIDE3NzIvMjQvMQpmIDE3NzMvMjEvMSAxNzc0LzIyLzEgMTc3NS8yMy8xIDE3NzYvMjQvMQpmIDE3NzcvMjEvMSAxNzc4LzIyLzEgMTc3OS8yMy8xIDE3ODAvMjQvMQpmIDE3ODEvMjEvMSAxNzgyLzIyLzEgMTc4My8yMy8xIDE3ODQvMjQvMQpmIDE3ODUvMjEvMSAxNzg2LzIyLzEgMTc4Ny8yMy8xIDE3ODgvMjQvMQpmIDE3ODkvMjEvMSAxNzkwLzIyLzEgMTc5MS8yMy8xIDE3OTIvMjQvMQpmIDE3OTMvMjUvMSAxNzk0LzI2LzEgMTc5NS8yNy8xIDE3OTYvMjgvMQpmIDE3OTcvMTcvMSAxNzk4LzE4LzEgMTc5OS8xOS8xIDE4MDAvMjAvMQpmIDE4MDEvMjEvMSAxODAyLzIyLzEgMTgwMy8yMy8xIDE4MDQvMjQvMQpmIDE4MDUvMjEvMSAxODA2LzIyLzEgMTgwNy8yMy8xIDE4MDgvMjQvMQpmIDE4MDkvNDUvMSAxODEwLzQ2LzEgMTgxMS80Ny8xIDE4MTIvNDgvMQpmIDE4MTMvNTMvMSAxODE0LzU0LzEgMTgxNS81NS8xIDE4MTYvNTYvMQpmIDE4MTcvMzcvMSAxODE4LzM4LzEgMTgxOS8zOS8xIDE4MjAvNDAvMQpmIDE4MjEvNDkvMSAxODIyLzUwLzEgMTgyMy81MS8xIDE4MjQvNTIvMQpmIDE4MjUvNDkvMSAxODI2LzUwLzEgMTgyNy81MS8xIDE4MjgvNTIvMQpmIDE4MjkvNDkvMSAxODMwLzUwLzEgMTgzMS81MS8xIDE4MzIvNTIvMQpmIDE4MzMvNDkvMSAxODM0LzUwLzEgMTgzNS81MS8xIDE4MzYvNTIvMQpmIDE4MzcvNDkvMSAxODM4LzUwLzEgMTgzOS81MS8xIDE4NDAvNTIvMQpmIDE4NDEvNDkvMSAxODQyLzUwLzEgMTg0My81MS8xIDE4NDQvNTIvMQpmIDE4NDUvNDkvMSAxODQ2LzUwLzEgMTg0Ny81MS8xIDE4NDgvNTIvMQpmIDE4NDkvNDkvMSAxODUwLzUwLzEgMTg1MS81MS8xIDE4NTIvNTIvMQpmIDE4NTMvNDkvMSAxODU0LzUwLzEgMTg1NS81MS8xIDE4NTYvNTIvMQpmIDE4NTcvNDkvMSAxODU4LzUwLzEgMTg1OS81MS8xIDE4NjAvNTIvMQpmIDE4NjEvNDkvMSAxODYyLzUwLzEgMTg2My81MS8xIDE4NjQvNTIvMQpmIDE4NjUvNDkvMSAxODY2LzUwLzEgMTg2Ny81MS8xIDE4NjgvNTIvMQpmIDE4NjkvNDkvMSAxODcwLzUwLzEgMTg3MS81MS8xIDE4NzIvNTIvMQpmIDE4NzMvNDkvMSAxODc0LzUwLzEgMTg3NS81MS8xIDE4NzYvNTIvMQpmIDE4NzcvNDkvMSAxODc4LzUwLzEgMTg3OS81MS8xIDE4ODAvNTIvMQpmIDE4ODEvNDkvMSAxODgyLzUwLzEgMTg4My81MS8xIDE4ODQvNTIvMQpmIDE4ODUvNDkvMSAxODg2LzUwLzEgMTg4Ny81MS8xIDE4ODgvNTIvMQpmIDE4ODkvNDkvMSAxODkwLzUwLzEgMTg5MS81MS8xIDE4OTIvNTIvMQpmIDE4OTMvNDkvMSAxODk0LzUwLzEgMTg5NS81MS8xIDE4OTYvNTIvMQpmIDE4OTcvNDkvMSAxODk4LzUwLzEgMTg5OS81MS8xIDE5MDAvNTIvMQpmIDE5MDEvNDkvMSAxOTAyLzUwLzEgMTkwMy81MS8xIDE5MDQvNTIvMQpmIDE5MDUvNDkvMSAxOTA2LzUwLzEgMTkwNy81MS8xIDE5MDgvNTIvMQpmIDE5MDkvNDkvMSAxOTEwLzUwLzEgMTkxMS81MS8xIDE5MTIvNTIvMQpmIDE5MTMvNDkvMSAxOTE0LzUwLzEgMTkxNS81MS8xIDE5MTYvNTIvMQpmIDE5MTcvNDEvMSAxOTE4LzQyLzEgMTkxOS80My8xIDE5MjAvNDQvMQpmIDE5MjEvMjEvMSAxOTIyLzIyLzEgMTkyMy8yMy8xIDE5MjQvMjQvMQpmIDE5MjUvMjEvMSAxOTI2LzIyLzEgMTkyNy8yMy8xIDE5MjgvMjQvMQpmIDE5MjkvMjEvMSAxOTMwLzIyLzEgMTkzMS8yMy8xIDE5MzIvMjQvMQpmIDE5MzMvNDUvMSAxOTM0LzQ2LzEgMTkzNS80Ny8xIDE5MzYvNDgvMQpmIDE5MzcvNDkvMSAxOTM4LzUwLzEgMTkzOS81MS8xIDE5NDAvNTIvMQpmIDE5NDEvNTMvMSAxOTQyLzU0LzEgMTk0My81NS8xIDE5NDQvNTYvMQpmIDE5NDUvMzcvMSAxOTQ2LzM4LzEgMTk0Ny8zOS8xIDE5NDgvNDAvMQpmIDE5NDkvNDkvMSAxOTUwLzUwLzEgMTk1MS81MS8xIDE5NTIvNTIvMQpmIDE5NTMvNDkvMSAxOTU0LzUwLzEgMTk1NS81MS8xIDE5NTYvNTIvMQpmIDE5NTcvNDkvMSAxOTU4LzUwLzEgMTk1OS81MS8xIDE5NjAvNTIvMQpmIDE5NjEvNTMvMSAxOTYyLzU0LzEgMTk2My81NS8xIDE5NjQvNTYvMQoNCg==</ImportMesh>
  <ImportMesh filename="test-area_mesh_0003.obj">IyBUaWxlZDJVbml0eSBnZW5lcmF0ZWQgZmlsZS4gRG8gbm90IG1vZGlmeSBieSBoYW5kLg0KIyBXYXZlZnJvbnQgZmlsZSBmb3IgJ3Rlc3QtYXJlYV9tZXNoXzAwMDMub2JqJw0KDQojIFZlcnRpY2VzIChDb3VudCA9IDU2KQ0KdiAtOTEyIC0yODggMA0KdiAtOTI4IC0yODggMA0KdiAtOTI4IC0yNzIgMA0KdiAtOTEyIC0yNzIgMA0KdiAtODk2IC0yODggMA0KdiAtOTEyIC0yODggMA0KdiAtOTEyIC0yNzIgMA0KdiAtODk2IC0yNzIgMA0KdiAtOTI4IC0zMDQgMA0KdiAtOTQ0IC0zMDQgMA0KdiAtOTQ0IC0yODggMA0KdiAtOTI4IC0yODggMA0KdiAtOTEyIC0zMDQgMA0KdiAtOTI4IC0zMDQgMA0KdiAtOTI4IC0yODggMA0KdiAtOTEyIC0yODggMA0KdiAtODk2IC0zMDQgMA0KdiAtOTEyIC0zMDQgMA0KdiAtOTEyIC0yODggMA0KdiAtODk2IC0yODggMA0KdiAtODgwIC0zMDQgMA0KdiAtODk2IC0zMDQgMA0KdiAtODk2IC0yODggMA0KdiAtODgwIC0yODggMA0KdiAtOTI4IC0zMjAgMA0KdiAtOTQ0IC0zMjAgMA0KdiAtOTQ0IC0zMDQgMA0KdiAtOTI4IC0zMDQgMA0KdiAtOTEyIC0zMjAgMA0KdiAtOTI4IC0zMjAgMA0KdiAtOTI4IC0zMDQgMA0KdiAtOTEyIC0zMDQgMA0KdiAtODk2IC0zMjAgMA0KdiAtOTEyIC0zMjAgMA0KdiAtOTEyIC0zMDQgMA0KdiAtODk2IC0zMDQgMA0KdiAtODgwIC0zMjAgMA0KdiAtODk2IC0zMjAgMA0KdiAtODk2IC0zMDQgMA0KdiAtODgwIC0zMDQgMA0KdiAtOTI4IC0zMzYgMA0KdiAtOTQ0IC0zMzYgMA0KdiAtOTQ0IC0zMjAgMA0KdiAtOTI4IC0zMjAgMA0KdiAtOTEyIC0zMzYgMA0KdiAtOTI4IC0zMzYgMA0KdiAtOTI4IC0zMjAgMA0KdiAtOTEyIC0zMjAgMA0KdiAtODk2IC0zMzYgMA0KdiAtOTEyIC0zMzYgMA0KdiAtOTEyIC0zMjAgMA0KdiAtODk2IC0zMjAgMA0KdiAtODgwIC0zMzYgMA0KdiAtODk2IC0zMzYgMA0KdiAtODk2IC0zMjAgMA0KdiAtODgwIC0zMjAgMA0KDQojIFRleHR1cmUgY29vcmlkaW5hdGVzIChDb3VudCA9IDQpDQp2dCAwLjMxNjExNTcgMC4yNTg1NTUxDQp2dCAwLjMzMjY0NDYgMC4yNTg1NTUxDQp2dCAwLjMzMjY0NDYgMC4yODg5NzM0DQp2dCAwLjMxNjExNTcgMC4yODg5NzM0DQoNCiMgTm9ybWFsDQp2biAwIDAgLTENCg0KIyBNZXNoIGRlc2NyaXB0aW9uDQpnIHRlc3QtYXJlYV9tZXNoXzAwMDMNCg0KIyBGYWNlcw0KZiAxLzEvMSAyLzIvMSAzLzMvMSA0LzQvMQpmIDUvMS8xIDYvMi8xIDcvMy8xIDgvNC8xCmYgOS8xLzEgMTAvMi8xIDExLzMvMSAxMi80LzEKZiAxMy8xLzEgMTQvMi8xIDE1LzMvMSAxNi80LzEKZiAxNy8xLzEgMTgvMi8xIDE5LzMvMSAyMC80LzEKZiAyMS8xLzEgMjIvMi8xIDIzLzMvMSAyNC80LzEKZiAyNS8xLzEgMjYvMi8xIDI3LzMvMSAyOC80LzEKZiAyOS8xLzEgMzAvMi8xIDMxLzMvMSAzMi80LzEKZiAzMy8xLzEgMzQvMi8xIDM1LzMvMSAzNi80LzEKZiAzNy8xLzEgMzgvMi8xIDM5LzMvMSA0MC80LzEKZiA0MS8xLzEgNDIvMi8xIDQzLzMvMSA0NC80LzEKZiA0NS8xLzEgNDYvMi8xIDQ3LzMvMSA0OC80LzEKZiA0OS8xLzEgNTAvMi8xIDUxLzMvMSA1Mi80LzEKZiA1My8xLzEgNTQvMi8xIDU1LzMvMSA1Ni80LzEKDQo=</ImportMesh>
  <ImportMesh filename="test-area_mesh_0004.obj">IyBUaWxlZDJVbml0eSBnZW5lcmF0ZWQgZmlsZS4gRG8gbm90IG1vZGlmeSBieSBoYW5kLg0KIyBXYXZlZnJvbnQgZmlsZSBmb3IgJ3Rlc3QtYXJlYV9tZXNoXzAwMDQub2JqJw0KDQojIFZlcnRpY2VzIChDb3VudCA9IDE3NikNCnYgLTc2OCAtMTc2IDANCnYgLTc4NCAtMTc2IDANCnYgLTc4NCAtMTYwIDANCnYgLTc2OCAtMTYwIDANCnYgLTYwOCAtMTc2IDANCnYgLTYyNCAtMTc2IDANCnYgLTYyNCAtMTYwIDANCnYgLTYwOCAtMTYwIDANCnYgLTc2OCAtMTkyIDANCnYgLTc4NCAtMTkyIDANCnYgLTc4NCAtMTc2IDANCnYgLTc2OCAtMTc2IDANCnYgLTU5MiAtMjI0IDANCnYgLTYwOCAtMjI0IDANCnYgLTYwOCAtMjA4IDANCnYgLTU5MiAtMjA4IDANCnYgLTgxNiAtMjQwIDANCnYgLTgzMiAtMjQwIDANCnYgLTgzMiAtMjI0IDANCnYgLTgxNiAtMjI0IDANCnYgLTczNiAtMjQwIDANCnYgLTc1MiAtMjQwIDANCnYgLTc1MiAtMjI0IDANCnYgLTczNiAtMjI0IDANCnYgLTY4OCAtMjQwIDANCnYgLTcwNCAtMjQwIDANCnYgLTcwNCAtMjI0IDANCnYgLTY4OCAtMjI0IDANCnYgLTkxMiAtMjU2IDANCnYgLTkyOCAtMjU2IDANCnYgLTkyOCAtMjQwIDANCnYgLTkxMiAtMjQwIDANCnYgLTg5NiAtMjU2IDANCnYgLTkxMiAtMjU2IDANCnYgLTkxMiAtMjQwIDANCnYgLTg5NiAtMjQwIDANCnYgLTkyOCAtMjcyIDANCnYgLTk0NCAtMjcyIDANCnYgLTk0NCAtMjU2IDANCnYgLTkyOCAtMjU2IDANCnYgLTkxMiAtMjcyIDANCnYgLTkyOCAtMjcyIDANCnYgLTkyOCAtMjU2IDANCnYgLTkxMiAtMjU2IDANCnYgLTg5NiAtMjcyIDANCnYgLTkxMiAtMjcyIDANCnYgLTkxMiAtMjU2IDANCnYgLTg5NiAtMjU2IDANCnYgLTg4MCAtMjcyIDANCnYgLTg5NiAtMjcyIDANCnYgLTg5NiAtMjU2IDANCnYgLTg4MCAtMjU2IDANCnYgLTcwNCAtMjcyIDANCnYgLTcyMCAtMjcyIDANCnYgLTcyMCAtMjU2IDANCnYgLTcwNCAtMjU2IDANCnYgLTkyOCAtMjg4IDANCnYgLTk0NCAtMjg4IDANCnYgLTk0NCAtMjcyIDANCnYgLTkyOCAtMjcyIDANCnYgLTkxMiAtMjg4IDANCnYgLTkyOCAtMjg4IDANCnYgLTkyOCAtMjcyIDANCnYgLTkxMiAtMjcyIDANCnYgLTg5NiAtMjg4IDANCnYgLTkxMiAtMjg4IDANCnYgLTkxMiAtMjcyIDANCnYgLTg5NiAtMjcyIDANCnYgLTg4MCAtMjg4IDANCnYgLTg5NiAtMjg4IDANCnYgLTg5NiAtMjcyIDANCnYgLTg4MCAtMjcyIDANCnYgLTcwNCAtMjg4IDANCnYgLTcyMCAtMjg4IDANCnYgLTcyMCAtMjcyIDANCnYgLTcwNCAtMjcyIDANCnYgLTU5MiAtMjg4IDANCnYgLTYwOCAtMjg4IDANCnYgLTYwOCAtMjcyIDANCnYgLTU5MiAtMjcyIDANCnYgLTkyOCAtMzA0IDANCnYgLTk0NCAtMzA0IDANCnYgLTk0NCAtMjg4IDANCnYgLTkyOCAtMjg4IDANCnYgLTg4MCAtMzA0IDANCnYgLTg5NiAtMzA0IDANCnYgLTg5NiAtMjg4IDANCnYgLTg4MCAtMjg4IDANCnYgLTczNiAtMzA0IDANCnYgLTc1MiAtMzA0IDANCnYgLTc1MiAtMjg4IDANCnYgLTczNiAtMjg4IDANCnYgLTkxMiAtMzIwIDANCnYgLTkyOCAtMzIwIDANCnYgLTkyOCAtMzA0IDANCnYgLTkxMiAtMzA0IDANCnYgLTc2OCAtMzIwIDANCnYgLTc4NCAtMzIwIDANCnYgLTc4NCAtMzA0IDANCnYgLTc2OCAtMzA0IDANCnYgLTczNiAtMzIwIDANCnYgLTc1MiAtMzIwIDANCnYgLTc1MiAtMzA0IDANCnYgLTczNiAtMzA0IDANCnYgLTYyNCAtMzIwIDANCnYgLTY0MCAtMzIwIDANCnYgLTY0MCAtMzA0IDANCnYgLTYyNCAtMzA0IDANCnYgLTU0NCAtMzIwIDANCnYgLTU2MCAtMzIwIDANCnYgLTU2MCAtMzA0IDANCnYgLTU0NCAtMzA0IDANCnYgLTg5NiAtMzM2IDANCnYgLTkxMiAtMzM2IDANCnYgLTkxMiAtMzIwIDANCnYgLTg5NiAtMzIwIDANCnYgLTc2OCAtMzM2IDANCnYgLTc4NCAtMzM2IDANCnYgLTc4NCAtMzIwIDANCnYgLTc2OCAtMzIwIDANCnYgLTYyNCAtMzM2IDANCnYgLTY0MCAtMzM2IDANCnYgLTY0MCAtMzIwIDANCnYgLTYyNCAtMzIwIDANCnYgLTU0NCAtMzM2IDANCnYgLTU2MCAtMzM2IDANCnYgLTU2MCAtMzIwIDANCnYgLTU0NCAtMzIwIDANCnYgLTcyMCAtMzUyIDANCnYgLTczNiAtMzUyIDANCnYgLTczNiAtMzM2IDANCnYgLTcyMCAtMzM2IDANCnYgLTcyMCAtMzY4IDANCnYgLTczNiAtMzY4IDANCnYgLTczNiAtMzUyIDANCnYgLTcyMCAtMzUyIDANCnYgLTUyOCAtMzY4IDANCnYgLTU0NCAtMzY4IDANCnYgLTU0NCAtMzUyIDANCnYgLTUyOCAtMzUyIDANCnYgLTc2OCAtMzg0IDANCnYgLTc4NCAtMzg0IDANCnYgLTc4NCAtMzY4IDANCnYgLTc2OCAtMzY4IDANCnYgLTY1NiAtMzg0IDANCnYgLTY3MiAtMzg0IDANCnYgLTY3MiAtMzY4IDANCnYgLTY1NiAtMzY4IDANCnYgLTUyOCAtMzg0IDANCnYgLTU0NCAtMzg0IDANCnYgLTU0NCAtMzY4IDANCnYgLTUyOCAtMzY4IDANCnYgLTc2OCAtNDAwIDANCnYgLTc4NCAtNDAwIDANCnYgLTc4NCAtMzg0IDANCnYgLTc2OCAtMzg0IDANCnYgLTY1NiAtNDAwIDANCnYgLTY3MiAtNDAwIDANCnYgLTY3MiAtMzg0IDANCnYgLTY1NiAtMzg0IDANCnYgLTYyNCAtNDE2IDANCnYgLTY0MCAtNDE2IDANCnYgLTY0MCAtNDAwIDANCnYgLTYyNCAtNDAwIDANCnYgLTgxNiAtNDMyIDANCnYgLTgzMiAtNDMyIDANCnYgLTgzMiAtNDE2IDANCnYgLTgxNiAtNDE2IDANCnYgLTYyNCAtNDMyIDANCnYgLTY0MCAtNDMyIDANCnYgLTY0MCAtNDE2IDANCnYgLTYyNCAtNDE2IDANCnYgLTgxNiAtNDQ4IDANCnYgLTgzMiAtNDQ4IDANCnYgLTgzMiAtNDMyIDANCnYgLTgxNiAtNDMyIDANCg0KIyBUZXh0dXJlIGNvb3JpZGluYXRlcyAoQ291bnQgPSA0NCkNCnZ0IDAuMjgwOTkxNyAwLjY0NjM4NzgNCnZ0IDAuMjk3NTIwNyAwLjY0NjM4NzgNCnZ0IDAuMjk3NTIwNyAwLjY3NjgwNjENCnZ0IDAuMjgwOTkxNyAwLjY3NjgwNjENCnZ0IDAuMjI4MzA1OCAwLjY3ODcwNzINCnZ0IDAuMjQ0ODM0NyAwLjY3ODcwNzINCnZ0IDAuMjQ0ODM0NyAwLjcwOTEyNTUNCnZ0IDAuMjI4MzA1OCAwLjcwOTEyNTUNCnZ0IDAuMjgwOTkxNyAwLjYxNDA2ODQNCnZ0IDAuMjk3NTIwNyAwLjYxNDA2ODQNCnZ0IDAuMjk3NTIwNyAwLjY0NDQ4NjcNCnZ0IDAuMjgwOTkxNyAwLjY0NDQ4NjcNCnZ0IDAuMzY4ODAxNyAwLjI5MDg3NDUNCnZ0IDAuMzg1MzMwNiAwLjI5MDg3NDUNCnZ0IDAuMzg1MzMwNiAwLjMyMTI5MjgNCnZ0IDAuMzY4ODAxNyAwLjMyMTI5MjgNCnZ0IDAuMzUxMjM5NyAwLjI5MDg3NDUNCnZ0IDAuMzY3NzY4NiAwLjI5MDg3NDUNCnZ0IDAuMzY3NzY4NiAwLjMyMTI5MjgNCnZ0IDAuMzUxMjM5NyAwLjMyMTI5MjgNCnZ0IDAuMzY4ODAxNyAwLjI1ODU1NTENCnZ0IDAuMzg1MzMwNiAwLjI1ODU1NTENCnZ0IDAuMzg1MzMwNiAwLjI4ODk3MzQNCnZ0IDAuMzY4ODAxNyAwLjI4ODk3MzQNCnZ0IDAuMzUxMjM5NyAwLjI1ODU1NTENCnZ0IDAuMzY3NzY4NiAwLjI1ODU1NTENCnZ0IDAuMzY3NzY4NiAwLjI4ODk3MzQNCnZ0IDAuMzUxMjM5NyAwLjI4ODk3MzQNCnZ0IDAuMzY4ODAxNyAwLjIyNjIzNTcNCnZ0IDAuMzg1MzMwNiAwLjIyNjIzNTcNCnZ0IDAuMzg1MzMwNiAwLjI1NjY1NA0KdnQgMC4zNjg4MDE3IDAuMjU2NjU0DQp2dCAwLjM1MTIzOTcgMC4yMjYyMzU3DQp2dCAwLjM2Nzc2ODYgMC4yMjYyMzU3DQp2dCAwLjM2Nzc2ODYgMC4yNTY2NTQNCnZ0IDAuMzUxMjM5NyAwLjI1NjY1NA0KdnQgMC43MDI0Nzk0IDAuOTY5NTgxNw0KdnQgMC43MTkwMDgzIDAuOTY5NTgxNw0KdnQgMC43MTkwMDgzIDENCnZ0IDAuNzAyNDc5NCAxDQp2dCAwLjYzMjIzMTQgMC45MzcyNjI0DQp2dCAwLjY0ODc2MDMgMC45MzcyNjI0DQp2dCAwLjY0ODc2MDMgMC45Njc2ODA2DQp2dCAwLjYzMjIzMTQgMC45Njc2ODA2DQoNCiMgTm9ybWFsDQp2biAwIDAgLTENCg0KIyBNZXNoIGRlc2NyaXB0aW9uDQpnIHRlc3QtYXJlYV9tZXNoXzAwMDQNCg0KIyBGYWNlcw0KZiAxLzEvMSAyLzIvMSAzLzMvMSA0LzQvMQpmIDUvNS8xIDYvNi8xIDcvNy8xIDgvOC8xCmYgOS85LzEgMTAvMTAvMSAxMS8xMS8xIDEyLzEyLzEKZiAxMy81LzEgMTQvNi8xIDE1LzcvMSAxNi84LzEKZiAxNy81LzEgMTgvNi8xIDE5LzcvMSAyMC84LzEKZiAyMS81LzEgMjIvNi8xIDIzLzcvMSAyNC84LzEKZiAyNS81LzEgMjYvNi8xIDI3LzcvMSAyOC84LzEKZiAyOS8xMy8xIDMwLzE0LzEgMzEvMTUvMSAzMi8xNi8xCmYgMzMvMTcvMSAzNC8xOC8xIDM1LzE5LzEgMzYvMjAvMQpmIDM3LzEzLzEgMzgvMTQvMSAzOS8xNS8xIDQwLzE2LzEKZiA0MS8yMS8xIDQyLzIyLzEgNDMvMjMvMSA0NC8yNC8xCmYgNDUvMjUvMSA0Ni8yNi8xIDQ3LzI3LzEgNDgvMjgvMQpmIDQ5LzE3LzEgNTAvMTgvMSA1MS8xOS8xIDUyLzIwLzEKZiA1My8xLzEgNTQvMi8xIDU1LzMvMSA1Ni80LzEKZiA1Ny8yMS8xIDU4LzIyLzEgNTkvMjMvMSA2MC8yNC8xCmYgNjEvMjkvMSA2Mi8zMC8xIDYzLzMxLzEgNjQvMzIvMQpmIDY1LzMzLzEgNjYvMzQvMSA2Ny8zNS8xIDY4LzM2LzEKZiA2OS8yNS8xIDcwLzI2LzEgNzEvMjcvMSA3Mi8yOC8xCmYgNzMvOS8xIDc0LzEwLzEgNzUvMTEvMSA3Ni8xMi8xCmYgNzcvNS8xIDc4LzYvMSA3OS83LzEgODAvOC8xCmYgODEvMjkvMSA4Mi8zMC8xIDgzLzMxLzEgODQvMzIvMQpmIDg1LzMzLzEgODYvMzQvMSA4Ny8zNS8xIDg4LzM2LzEKZiA4OS8xLzEgOTAvMi8xIDkxLzMvMSA5Mi80LzEKZiA5My8zNy8xIDk0LzM4LzEgOTUvMzkvMSA5Ni80MC8xCmYgOTcvMS8xIDk4LzIvMSA5OS8zLzEgMTAwLzQvMQpmIDEwMS85LzEgMTAyLzEwLzEgMTAzLzExLzEgMTA0LzEyLzEKZiAxMDUvMS8xIDEwNi8yLzEgMTA3LzMvMSAxMDgvNC8xCmYgMTA5LzEvMSAxMTAvMi8xIDExMS8zLzEgMTEyLzQvMQpmIDExMy80MS8xIDExNC80Mi8xIDExNS80My8xIDExNi80NC8xCmYgMTE3LzkvMSAxMTgvMTAvMSAxMTkvMTEvMSAxMjAvMTIvMQpmIDEyMS85LzEgMTIyLzEwLzEgMTIzLzExLzEgMTI0LzEyLzEKZiAxMjUvOS8xIDEyNi8xMC8xIDEyNy8xMS8xIDEyOC8xMi8xCmYgMTI5LzEvMSAxMzAvMi8xIDEzMS8zLzEgMTMyLzQvMQpmIDEzMy85LzEgMTM0LzEwLzEgMTM1LzExLzEgMTM2LzEyLzEKZiAxMzcvMS8xIDEzOC8yLzEgMTM5LzMvMSAxNDAvNC8xCmYgMTQxLzEvMSAxNDIvMi8xIDE0My8zLzEgMTQ0LzQvMQpmIDE0NS8xLzEgMTQ2LzIvMSAxNDcvMy8xIDE0OC80LzEKZiAxNDkvOS8xIDE1MC8xMC8xIDE1MS8xMS8xIDE1Mi8xMi8xCmYgMTUzLzkvMSAxNTQvMTAvMSAxNTUvMTEvMSAxNTYvMTIvMQpmIDE1Ny85LzEgMTU4LzEwLzEgMTU5LzExLzEgMTYwLzEyLzEKZiAxNjEvMS8xIDE2Mi8yLzEgMTYzLzMvMSAxNjQvNC8xCmYgMTY1LzEvMSAxNjYvMi8xIDE2Ny8zLzEgMTY4LzQvMQpmIDE2OS85LzEgMTcwLzEwLzEgMTcxLzExLzEgMTcyLzEyLzEKZiAxNzMvOS8xIDE3NC8xMC8xIDE3NS8xMS8xIDE3Ni8xMi8xCg0K</ImportMesh>
  <ImportMesh filename="test-area_mesh_0005.obj">IyBUaWxlZDJVbml0eSBnZW5lcmF0ZWQgZmlsZS4gRG8gbm90IG1vZGlmeSBieSBoYW5kLg0KIyBXYXZlZnJvbnQgZmlsZSBmb3IgJ3Rlc3QtYXJlYV9tZXNoXzAwMDUub2JqJw0KDQojIFZlcnRpY2VzIChDb3VudCA9IDQ2OCkNCnYgLTExODQgLTY0IDANCnYgLTEyMDAgLTY0IDANCnYgLTEyMDAgLTQ4IDANCnYgLTExODQgLTQ4IDANCnYgLTExNjggLTY0IDANCnYgLTExODQgLTY0IDANCnYgLTExODQgLTQ4IDANCnYgLTExNjggLTQ4IDANCnYgLTExNTIgLTY0IDANCnYgLTExNjggLTY0IDANCnYgLTExNjggLTQ4IDANCnYgLTExNTIgLTQ4IDANCnYgLTExMzYgLTY0IDANCnYgLTExNTIgLTY0IDANCnYgLTExNTIgLTQ4IDANCnYgLTExMzYgLTQ4IDANCnYgLTExMjAgLTY0IDANCnYgLTExMzYgLTY0IDANCnYgLTExMzYgLTQ4IDANCnYgLTExMjAgLTQ4IDANCnYgLTExMDQgLTY0IDANCnYgLTExMjAgLTY0IDANCnYgLTExMjAgLTQ4IDANCnYgLTExMDQgLTQ4IDANCnYgLTEwODggLTY0IDANCnYgLTExMDQgLTY0IDANCnYgLTExMDQgLTQ4IDANCnYgLTEwODggLTQ4IDANCnYgLTEwNzIgLTY0IDANCnYgLTEwODggLTY0IDANCnYgLTEwODggLTQ4IDANCnYgLTEwNzIgLTQ4IDANCnYgLTEwNTYgLTY0IDANCnYgLTEwNzIgLTY0IDANCnYgLTEwNzIgLTQ4IDANCnYgLTEwNTYgLTQ4IDANCnYgLTEwNDAgLTY0IDANCnYgLTEwNTYgLTY0IDANCnYgLTEwNTYgLTQ4IDANCnYgLTEwNDAgLTQ4IDANCnYgLTEwMjQgLTY0IDANCnYgLTEwNDAgLTY0IDANCnYgLTEwNDAgLTQ4IDANCnYgLTEwMjQgLTQ4IDANCnYgLTEwMDggLTY0IDANCnYgLTEwMjQgLTY0IDANCnYgLTEwMjQgLTQ4IDANCnYgLTEwMDggLTQ4IDANCnYgLTk5MiAtNjQgMA0KdiAtMTAwOCAtNjQgMA0KdiAtMTAwOCAtNDggMA0KdiAtOTkyIC00OCAwDQp2IC05NzYgLTY0IDANCnYgLTk5MiAtNjQgMA0KdiAtOTkyIC00OCAwDQp2IC05NzYgLTQ4IDANCnYgLTk2MCAtNjQgMA0KdiAtOTc2IC02NCAwDQp2IC05NzYgLTQ4IDANCnYgLTk2MCAtNDggMA0KdiAtOTQ0IC02NCAwDQp2IC05NjAgLTY0IDANCnYgLTk2MCAtNDggMA0KdiAtOTQ0IC00OCAwDQp2IC05MjggLTY0IDANCnYgLTk0NCAtNjQgMA0KdiAtOTQ0IC00OCAwDQp2IC05MjggLTQ4IDANCnYgLTkxMiAtNjQgMA0KdiAtOTI4IC02NCAwDQp2IC05MjggLTQ4IDANCnYgLTkxMiAtNDggMA0KdiAtODk2IC02NCAwDQp2IC05MTIgLTY0IDANCnYgLTkxMiAtNDggMA0KdiAtODk2IC00OCAwDQp2IC04ODAgLTY0IDANCnYgLTg5NiAtNjQgMA0KdiAtODk2IC00OCAwDQp2IC04ODAgLTQ4IDANCnYgLTg2NCAtNjQgMA0KdiAtODgwIC02NCAwDQp2IC04ODAgLTQ4IDANCnYgLTg2NCAtNDggMA0KdiAtODQ4IC02NCAwDQp2IC04NjQgLTY0IDANCnYgLTg2NCAtNDggMA0KdiAtODQ4IC00OCAwDQp2IC04MzIgLTY0IDANCnYgLTg0OCAtNjQgMA0KdiAtODQ4IC00OCAwDQp2IC04MzIgLTQ4IDANCnYgLTgxNiAtNjQgMA0KdiAtODMyIC02NCAwDQp2IC04MzIgLTQ4IDANCnYgLTgxNiAtNDggMA0KdiAtODAwIC02NCAwDQp2IC04MTYgLTY0IDANCnYgLTgxNiAtNDggMA0KdiAtODAwIC00OCAwDQp2IC03ODQgLTY0IDANCnYgLTgwMCAtNjQgMA0KdiAtODAwIC00OCAwDQp2IC03ODQgLTQ4IDANCnYgLTc2OCAtNjQgMA0KdiAtNzg0IC02NCAwDQp2IC03ODQgLTQ4IDANCnYgLTc2OCAtNDggMA0KdiAtNzUyIC02NCAwDQp2IC03NjggLTY0IDANCnYgLTc2OCAtNDggMA0KdiAtNzUyIC00OCAwDQp2IC03MzYgLTY0IDANCnYgLTc1MiAtNjQgMA0KdiAtNzUyIC00OCAwDQp2IC03MzYgLTQ4IDANCnYgLTcyMCAtNjQgMA0KdiAtNzM2IC02NCAwDQp2IC03MzYgLTQ4IDANCnYgLTcyMCAtNDggMA0KdiAtNzA0IC02NCAwDQp2IC03MjAgLTY0IDANCnYgLTcyMCAtNDggMA0KdiAtNzA0IC00OCAwDQp2IC02ODggLTY0IDANCnYgLTcwNCAtNjQgMA0KdiAtNzA0IC00OCAwDQp2IC02ODggLTQ4IDANCnYgLTY3MiAtNjQgMA0KdiAtNjg4IC02NCAwDQp2IC02ODggLTQ4IDANCnYgLTY3MiAtNDggMA0KdiAtNjU2IC02NCAwDQp2IC02NzIgLTY0IDANCnYgLTY3MiAtNDggMA0KdiAtNjU2IC00OCAwDQp2IC02NDAgLTY0IDANCnYgLTY1NiAtNjQgMA0KdiAtNjU2IC00OCAwDQp2IC02NDAgLTQ4IDANCnYgLTYyNCAtNjQgMA0KdiAtNjQwIC02NCAwDQp2IC02NDAgLTQ4IDANCnYgLTYyNCAtNDggMA0KdiAtMTE4NCAtODAgMA0KdiAtMTIwMCAtODAgMA0KdiAtMTIwMCAtNjQgMA0KdiAtMTE4NCAtNjQgMA0KdiAtMTE4NCAtOTYgMA0KdiAtMTIwMCAtOTYgMA0KdiAtMTIwMCAtODAgMA0KdiAtMTE4NCAtODAgMA0KdiAtMTE4NCAtMTEyIDANCnYgLTEyMDAgLTExMiAwDQp2IC0xMjAwIC05NiAwDQp2IC0xMTg0IC05NiAwDQp2IC0xMTg0IC0xMjggMA0KdiAtMTIwMCAtMTI4IDANCnYgLTEyMDAgLTExMiAwDQp2IC0xMTg0IC0xMTIgMA0KdiAtMTE4NCAtMTQ0IDANCnYgLTEyMDAgLTE0NCAwDQp2IC0xMjAwIC0xMjggMA0KdiAtMTE4NCAtMTI4IDANCnYgLTExODQgLTE2MCAwDQp2IC0xMjAwIC0xNjAgMA0KdiAtMTIwMCAtMTQ0IDANCnYgLTExODQgLTE0NCAwDQp2IC0xMTg0IC0xNzYgMA0KdiAtMTIwMCAtMTc2IDANCnYgLTEyMDAgLTE2MCAwDQp2IC0xMTg0IC0xNjAgMA0KdiAtMTE4NCAtMTkyIDANCnYgLTEyMDAgLTE5MiAwDQp2IC0xMjAwIC0xNzYgMA0KdiAtMTE4NCAtMTc2IDANCnYgLTExODQgLTIwOCAwDQp2IC0xMjAwIC0yMDggMA0KdiAtMTIwMCAtMTkyIDANCnYgLTExODQgLTE5MiAwDQp2IC0xMTg0IC0yMjQgMA0KdiAtMTIwMCAtMjI0IDANCnYgLTEyMDAgLTIwOCAwDQp2IC0xMTg0IC0yMDggMA0KdiAtMTE4NCAtMjQwIDANCnYgLTEyMDAgLTI0MCAwDQp2IC0xMjAwIC0yMjQgMA0KdiAtMTE4NCAtMjI0IDANCnYgLTExODQgLTI1NiAwDQp2IC0xMjAwIC0yNTYgMA0KdiAtMTIwMCAtMjQwIDANCnYgLTExODQgLTI0MCAwDQp2IC0xMTg0IC0yNzIgMA0KdiAtMTIwMCAtMjcyIDANCnYgLTEyMDAgLTI1NiAwDQp2IC0xMTg0IC0yNTYgMA0KdiAtMTE4NCAtMjg4IDANCnYgLTEyMDAgLTI4OCAwDQp2IC0xMjAwIC0yNzIgMA0KdiAtMTE4NCAtMjcyIDANCnYgLTExODQgLTMwNCAwDQp2IC0xMjAwIC0zMDQgMA0KdiAtMTIwMCAtMjg4IDANCnYgLTExODQgLTI4OCAwDQp2IC0xMTg0IC0zMjAgMA0KdiAtMTIwMCAtMzIwIDANCnYgLTEyMDAgLTMwNCAwDQp2IC0xMTg0IC0zMDQgMA0KdiAtMTA1NiAtMzIwIDANCnYgLTEwNzIgLTMyMCAwDQp2IC0xMDcyIC0zMDQgMA0KdiAtMTA1NiAtMzA0IDANCnYgLTEwNDAgLTMyMCAwDQp2IC0xMDU2IC0zMjAgMA0KdiAtMTA1NiAtMzA0IDANCnYgLTEwNDAgLTMwNCAwDQp2IC0xMTg0IC0zMzYgMA0KdiAtMTIwMCAtMzM2IDANCnYgLTEyMDAgLTMyMCAwDQp2IC0xMTg0IC0zMjAgMA0KdiAtMTA1NiAtMzM2IDANCnYgLTEwNzIgLTMzNiAwDQp2IC0xMDcyIC0zMjAgMA0KdiAtMTA1NiAtMzIwIDANCnYgLTEwNDAgLTMzNiAwDQp2IC0xMDU2IC0zMzYgMA0KdiAtMTA1NiAtMzIwIDANCnYgLTEwNDAgLTMyMCAwDQp2IC0xMTg0IC0zNTIgMA0KdiAtMTIwMCAtMzUyIDANCnYgLTEyMDAgLTMzNiAwDQp2IC0xMTg0IC0zMzYgMA0KdiAtMTA1NiAtMzUyIDANCnYgLTEwNzIgLTM1MiAwDQp2IC0xMDcyIC0zMzYgMA0KdiAtMTA1NiAtMzM2IDANCnYgLTEwNDAgLTM1MiAwDQp2IC0xMDU2IC0zNTIgMA0KdiAtMTA1NiAtMzM2IDANCnYgLTEwNDAgLTMzNiAwDQp2IC0xMTg0IC0zNjggMA0KdiAtMTIwMCAtMzY4IDANCnYgLTEyMDAgLTM1MiAwDQp2IC0xMTg0IC0zNTIgMA0KdiAtMTA1NiAtMzY4IDANCnYgLTEwNzIgLTM2OCAwDQp2IC0xMDcyIC0zNTIgMA0KdiAtMTA1NiAtMzUyIDANCnYgLTEwNDAgLTM2OCAwDQp2IC0xMDU2IC0zNjggMA0KdiAtMTA1NiAtMzUyIDANCnYgLTEwNDAgLTM1MiAwDQp2IC0xMTg0IC0zODQgMA0KdiAtMTIwMCAtMzg0IDANCnYgLTEyMDAgLTM2OCAwDQp2IC0xMTg0IC0zNjggMA0KdiAtMTA1NiAtMzg0IDANCnYgLTEwNzIgLTM4NCAwDQp2IC0xMDcyIC0zNjggMA0KdiAtMTA1NiAtMzY4IDANCnYgLTEwNDAgLTM4NCAwDQp2IC0xMDU2IC0zODQgMA0KdiAtMTA1NiAtMzY4IDANCnYgLTEwNDAgLTM2OCAwDQp2IC0xMTg0IC00MDAgMA0KdiAtMTIwMCAtNDAwIDANCnYgLTEyMDAgLTM4NCAwDQp2IC0xMTg0IC0zODQgMA0KdiAtMTE4NCAtNDE2IDANCnYgLTEyMDAgLTQxNiAwDQp2IC0xMjAwIC00MDAgMA0KdiAtMTE4NCAtNDAwIDANCnYgLTExODQgLTQzMiAwDQp2IC0xMjAwIC00MzIgMA0KdiAtMTIwMCAtNDE2IDANCnYgLTExODQgLTQxNiAwDQp2IC0xMTg0IC00NDggMA0KdiAtMTIwMCAtNDQ4IDANCnYgLTEyMDAgLTQzMiAwDQp2IC0xMTg0IC00MzIgMA0KdiAtMTE4NCAtNDY0IDANCnYgLTEyMDAgLTQ2NCAwDQp2IC0xMjAwIC00NDggMA0KdiAtMTE4NCAtNDQ4IDANCnYgLTExODQgLTQ4MCAwDQp2IC0xMjAwIC00ODAgMA0KdiAtMTIwMCAtNDY0IDANCnYgLTExODQgLTQ2NCAwDQp2IC0xMTg0IC00OTYgMA0KdiAtMTIwMCAtNDk2IDANCnYgLTEyMDAgLTQ4MCAwDQp2IC0xMTg0IC00ODAgMA0KdiAtMTE4NCAtNTEyIDANCnYgLTEyMDAgLTUxMiAwDQp2IC0xMjAwIC00OTYgMA0KdiAtMTE4NCAtNDk2IDANCnYgLTExODQgLTUyOCAwDQp2IC0xMjAwIC01MjggMA0KdiAtMTIwMCAtNTEyIDANCnYgLTExODQgLTUxMiAwDQp2IC0xMTg0IC01NDQgMA0KdiAtMTIwMCAtNTQ0IDANCnYgLTEyMDAgLTUyOCAwDQp2IC0xMTg0IC01MjggMA0KdiAtMTE4NCAtNTYwIDANCnYgLTEyMDAgLTU2MCAwDQp2IC0xMjAwIC01NDQgMA0KdiAtMTE4NCAtNTQ0IDANCnYgLTExODQgLTU3NiAwDQp2IC0xMjAwIC01NzYgMA0KdiAtMTIwMCAtNTYwIDANCnYgLTExODQgLTU2MCAwDQp2IC0xMTg0IC01OTIgMA0KdiAtMTIwMCAtNTkyIDANCnYgLTEyMDAgLTU3NiAwDQp2IC0xMTg0IC01NzYgMA0KdiAtMTE4NCAtNjA4IDANCnYgLTEyMDAgLTYwOCAwDQp2IC0xMjAwIC01OTIgMA0KdiAtMTE4NCAtNTkyIDANCnYgLTExODQgLTYyNCAwDQp2IC0xMjAwIC02MjQgMA0KdiAtMTIwMCAtNjA4IDANCnYgLTExODQgLTYwOCAwDQp2IC0xMTY4IC02MjQgMA0KdiAtMTE4NCAtNjI0IDANCnYgLTExODQgLTYwOCAwDQp2IC0xMTY4IC02MDggMA0KdiAtMTE1MiAtNjI0IDANCnYgLTExNjggLTYyNCAwDQp2IC0xMTY4IC02MDggMA0KdiAtMTE1MiAtNjA4IDANCnYgLTExMzYgLTYyNCAwDQp2IC0xMTUyIC02MjQgMA0KdiAtMTE1MiAtNjA4IDANCnYgLTExMzYgLTYwOCAwDQp2IC0xMTIwIC02MjQgMA0KdiAtMTEzNiAtNjI0IDANCnYgLTExMzYgLTYwOCAwDQp2IC0xMTIwIC02MDggMA0KdiAtMTEwNCAtNjI0IDANCnYgLTExMjAgLTYyNCAwDQp2IC0xMTIwIC02MDggMA0KdiAtMTEwNCAtNjA4IDANCnYgLTEwODggLTYyNCAwDQp2IC0xMTA0IC02MjQgMA0KdiAtMTEwNCAtNjA4IDANCnYgLTEwODggLTYwOCAwDQp2IC0xMDcyIC02MjQgMA0KdiAtMTA4OCAtNjI0IDANCnYgLTEwODggLTYwOCAwDQp2IC0xMDcyIC02MDggMA0KdiAtMTA1NiAtNjI0IDANCnYgLTEwNzIgLTYyNCAwDQp2IC0xMDcyIC02MDggMA0KdiAtMTA1NiAtNjA4IDANCnYgLTEwNDAgLTYyNCAwDQp2IC0xMDU2IC02MjQgMA0KdiAtMTA1NiAtNjA4IDANCnYgLTEwNDAgLTYwOCAwDQp2IC0xMDI0IC02MjQgMA0KdiAtMTA0MCAtNjI0IDANCnYgLTEwNDAgLTYwOCAwDQp2IC0xMDI0IC02MDggMA0KdiAtMTAwOCAtNjI0IDANCnYgLTEwMjQgLTYyNCAwDQp2IC0xMDI0IC02MDggMA0KdiAtMTAwOCAtNjA4IDANCnYgLTk5MiAtNjI0IDANCnYgLTEwMDggLTYyNCAwDQp2IC0xMDA4IC02MDggMA0KdiAtOTkyIC02MDggMA0KdiAtOTc2IC02MjQgMA0KdiAtOTkyIC02MjQgMA0KdiAtOTkyIC02MDggMA0KdiAtOTc2IC02MDggMA0KdiAtOTYwIC02MjQgMA0KdiAtOTc2IC02MjQgMA0KdiAtOTc2IC02MDggMA0KdiAtOTYwIC02MDggMA0KdiAtOTQ0IC02MjQgMA0KdiAtOTYwIC02MjQgMA0KdiAtOTYwIC02MDggMA0KdiAtOTQ0IC02MDggMA0KdiAtOTI4IC02MjQgMA0KdiAtOTQ0IC02MjQgMA0KdiAtOTQ0IC02MDggMA0KdiAtOTI4IC02MDggMA0KdiAtOTEyIC02MjQgMA0KdiAtOTI4IC02MjQgMA0KdiAtOTI4IC02MDggMA0KdiAtOTEyIC02MDggMA0KdiAtODk2IC02MjQgMA0KdiAtOTEyIC02MjQgMA0KdiAtOTEyIC02MDggMA0KdiAtODk2IC02MDggMA0KdiAtODgwIC02MjQgMA0KdiAtODk2IC02MjQgMA0KdiAtODk2IC02MDggMA0KdiAtODgwIC02MDggMA0KdiAtODY0IC02MjQgMA0KdiAtODgwIC02MjQgMA0KdiAtODgwIC02MDggMA0KdiAtODY0IC02MDggMA0KdiAtODQ4IC02MjQgMA0KdiAtODY0IC02MjQgMA0KdiAtODY0IC02MDggMA0KdiAtODQ4IC02MDggMA0KdiAtODMyIC02MjQgMA0KdiAtODQ4IC02MjQgMA0KdiAtODQ4IC02MDggMA0KdiAtODMyIC02MDggMA0KdiAtODE2IC02MjQgMA0KdiAtODMyIC02MjQgMA0KdiAtODMyIC02MDggMA0KdiAtODE2IC02MDggMA0KdiAtODAwIC02MjQgMA0KdiAtODE2IC02MjQgMA0KdiAtODE2IC02MDggMA0KdiAtODAwIC02MDggMA0KdiAtNzg0IC02MjQgMA0KdiAtODAwIC02MjQgMA0KdiAtODAwIC02MDggMA0KdiAtNzg0IC02MDggMA0KdiAtNzY4IC02MjQgMA0KdiAtNzg0IC02MjQgMA0KdiAtNzg0IC02MDggMA0KdiAtNzY4IC02MDggMA0KdiAtNzUyIC02MjQgMA0KdiAtNzY4IC02MjQgMA0KdiAtNzY4IC02MDggMA0KdiAtNzUyIC02MDggMA0KdiAtNzM2IC02MjQgMA0KdiAtNzUyIC02MjQgMA0KdiAtNzUyIC02MDggMA0KdiAtNzM2IC02MDggMA0KdiAtNzIwIC02MjQgMA0KdiAtNzM2IC02MjQgMA0KdiAtNzM2IC02MDggMA0KdiAtNzIwIC02MDggMA0KdiAtNzA0IC02MjQgMA0KdiAtNzIwIC02MjQgMA0KdiAtNzIwIC02MDggMA0KdiAtNzA0IC02MDggMA0KdiAtNjg4IC02MjQgMA0KdiAtNzA0IC02MjQgMA0KdiAtNzA0IC02MDggMA0KdiAtNjg4IC02MDggMA0KdiAtNjcyIC02MjQgMA0KdiAtNjg4IC02MjQgMA0KdiAtNjg4IC02MDggMA0KdiAtNjcyIC02MDggMA0KdiAtNjU2IC02MjQgMA0KdiAtNjcyIC02MjQgMA0KdiAtNjcyIC02MDggMA0KdiAtNjU2IC02MDggMA0KdiAtNjQwIC02MjQgMA0KdiAtNjU2IC02MjQgMA0KdiAtNjU2IC02MDggMA0KdiAtNjQwIC02MDggMA0KdiAtNjI0IC02MjQgMA0KdiAtNjQwIC02MjQgMA0KdiAtNjQwIC02MDggMA0KdiAtNjI0IC02MDggMA0KdiAtNjA4IC02MjQgMA0KdiAtNjI0IC02MjQgMA0KdiAtNjI0IC02MDggMA0KdiAtNjA4IC02MDggMA0KDQojIFRleHR1cmUgY29vcmlkaW5hdGVzIChDb3VudCA9IDQpDQp2dCAxIDANCnZ0IDEgMQ0KdnQgMCAxDQp2dCAwIDANCg0KIyBOb3JtYWwNCnZuIDAgMCAtMQ0KDQojIE1lc2ggZGVzY3JpcHRpb24NCmcgdGVzdC1hcmVhX21lc2hfMDAwNQ0KDQojIEZhY2VzDQpmIDEvMS8xIDIvMi8xIDMvMy8xIDQvNC8xCmYgNS8xLzEgNi8yLzEgNy8zLzEgOC80LzEKZiA5LzEvMSAxMC8yLzEgMTEvMy8xIDEyLzQvMQpmIDEzLzEvMSAxNC8yLzEgMTUvMy8xIDE2LzQvMQpmIDE3LzEvMSAxOC8yLzEgMTkvMy8xIDIwLzQvMQpmIDIxLzEvMSAyMi8yLzEgMjMvMy8xIDI0LzQvMQpmIDI1LzEvMSAyNi8yLzEgMjcvMy8xIDI4LzQvMQpmIDI5LzEvMSAzMC8yLzEgMzEvMy8xIDMyLzQvMQpmIDMzLzEvMSAzNC8yLzEgMzUvMy8xIDM2LzQvMQpmIDM3LzEvMSAzOC8yLzEgMzkvMy8xIDQwLzQvMQpmIDQxLzEvMSA0Mi8yLzEgNDMvMy8xIDQ0LzQvMQpmIDQ1LzEvMSA0Ni8yLzEgNDcvMy8xIDQ4LzQvMQpmIDQ5LzEvMSA1MC8yLzEgNTEvMy8xIDUyLzQvMQpmIDUzLzEvMSA1NC8yLzEgNTUvMy8xIDU2LzQvMQpmIDU3LzEvMSA1OC8yLzEgNTkvMy8xIDYwLzQvMQpmIDYxLzEvMSA2Mi8yLzEgNjMvMy8xIDY0LzQvMQpmIDY1LzEvMSA2Ni8yLzEgNjcvMy8xIDY4LzQvMQpmIDY5LzEvMSA3MC8yLzEgNzEvMy8xIDcyLzQvMQpmIDczLzEvMSA3NC8yLzEgNzUvMy8xIDc2LzQvMQpmIDc3LzEvMSA3OC8yLzEgNzkvMy8xIDgwLzQvMQpmIDgxLzEvMSA4Mi8yLzEgODMvMy8xIDg0LzQvMQpmIDg1LzEvMSA4Ni8yLzEgODcvMy8xIDg4LzQvMQpmIDg5LzEvMSA5MC8yLzEgOTEvMy8xIDkyLzQvMQpmIDkzLzEvMSA5NC8yLzEgOTUvMy8xIDk2LzQvMQpmIDk3LzEvMSA5OC8yLzEgOTkvMy8xIDEwMC80LzEKZiAxMDEvMS8xIDEwMi8yLzEgMTAzLzMvMSAxMDQvNC8xCmYgMTA1LzEvMSAxMDYvMi8xIDEwNy8zLzEgMTA4LzQvMQpmIDEwOS8xLzEgMTEwLzIvMSAxMTEvMy8xIDExMi80LzEKZiAxMTMvMS8xIDExNC8yLzEgMTE1LzMvMSAxMTYvNC8xCmYgMTE3LzEvMSAxMTgvMi8xIDExOS8zLzEgMTIwLzQvMQpmIDEyMS8xLzEgMTIyLzIvMSAxMjMvMy8xIDEyNC80LzEKZiAxMjUvMS8xIDEyNi8yLzEgMTI3LzMvMSAxMjgvNC8xCmYgMTI5LzEvMSAxMzAvMi8xIDEzMS8zLzEgMTMyLzQvMQpmIDEzMy8xLzEgMTM0LzIvMSAxMzUvMy8xIDEzNi80LzEKZiAxMzcvMS8xIDEzOC8yLzEgMTM5LzMvMSAxNDAvNC8xCmYgMTQxLzEvMSAxNDIvMi8xIDE0My8zLzEgMTQ0LzQvMQpmIDE0NS8xLzEgMTQ2LzIvMSAxNDcvMy8xIDE0OC80LzEKZiAxNDkvMS8xIDE1MC8yLzEgMTUxLzMvMSAxNTIvNC8xCmYgMTUzLzEvMSAxNTQvMi8xIDE1NS8zLzEgMTU2LzQvMQpmIDE1Ny8xLzEgMTU4LzIvMSAxNTkvMy8xIDE2MC80LzEKZiAxNjEvMS8xIDE2Mi8yLzEgMTYzLzMvMSAxNjQvNC8xCmYgMTY1LzEvMSAxNjYvMi8xIDE2Ny8zLzEgMTY4LzQvMQpmIDE2OS8xLzEgMTcwLzIvMSAxNzEvMy8xIDE3Mi80LzEKZiAxNzMvMS8xIDE3NC8yLzEgMTc1LzMvMSAxNzYvNC8xCmYgMTc3LzEvMSAxNzgvMi8xIDE3OS8zLzEgMTgwLzQvMQpmIDE4MS8xLzEgMTgyLzIvMSAxODMvMy8xIDE4NC80LzEKZiAxODUvMS8xIDE4Ni8yLzEgMTg3LzMvMSAxODgvNC8xCmYgMTg5LzEvMSAxOTAvMi8xIDE5MS8zLzEgMTkyLzQvMQpmIDE5My8xLzEgMTk0LzIvMSAxOTUvMy8xIDE5Ni80LzEKZiAxOTcvMS8xIDE5OC8yLzEgMTk5LzMvMSAyMDAvNC8xCmYgMjAxLzEvMSAyMDIvMi8xIDIwMy8zLzEgMjA0LzQvMQpmIDIwNS8xLzEgMjA2LzIvMSAyMDcvMy8xIDIwOC80LzEKZiAyMDkvMS8xIDIxMC8yLzEgMjExLzMvMSAyMTIvNC8xCmYgMjEzLzEvMSAyMTQvMi8xIDIxNS8zLzEgMjE2LzQvMQpmIDIxNy8xLzEgMjE4LzIvMSAyMTkvMy8xIDIyMC80LzEKZiAyMjEvMS8xIDIyMi8yLzEgMjIzLzMvMSAyMjQvNC8xCmYgMjI1LzEvMSAyMjYvMi8xIDIyNy8zLzEgMjI4LzQvMQpmIDIyOS8xLzEgMjMwLzIvMSAyMzEvMy8xIDIzMi80LzEKZiAyMzMvMS8xIDIzNC8yLzEgMjM1LzMvMSAyMzYvNC8xCmYgMjM3LzEvMSAyMzgvMi8xIDIzOS8zLzEgMjQwLzQvMQpmIDI0MS8xLzEgMjQyLzIvMSAyNDMvMy8xIDI0NC80LzEKZiAyNDUvMS8xIDI0Ni8yLzEgMjQ3LzMvMSAyNDgvNC8xCmYgMjQ5LzEvMSAyNTAvMi8xIDI1MS8zLzEgMjUyLzQvMQpmIDI1My8xLzEgMjU0LzIvMSAyNTUvMy8xIDI1Ni80LzEKZiAyNTcvMS8xIDI1OC8yLzEgMjU5LzMvMSAyNjAvNC8xCmYgMjYxLzEvMSAyNjIvMi8xIDI2My8zLzEgMjY0LzQvMQpmIDI2NS8xLzEgMjY2LzIvMSAyNjcvMy8xIDI2OC80LzEKZiAyNjkvMS8xIDI3MC8yLzEgMjcxLzMvMSAyNzIvNC8xCmYgMjczLzEvMSAyNzQvMi8xIDI3NS8zLzEgMjc2LzQvMQpmIDI3Ny8xLzEgMjc4LzIvMSAyNzkvMy8xIDI4MC80LzEKZiAyODEvMS8xIDI4Mi8yLzEgMjgzLzMvMSAyODQvNC8xCmYgMjg1LzEvMSAyODYvMi8xIDI4Ny8zLzEgMjg4LzQvMQpmIDI4OS8xLzEgMjkwLzIvMSAyOTEvMy8xIDI5Mi80LzEKZiAyOTMvMS8xIDI5NC8yLzEgMjk1LzMvMSAyOTYvNC8xCmYgMjk3LzEvMSAyOTgvMi8xIDI5OS8zLzEgMzAwLzQvMQpmIDMwMS8xLzEgMzAyLzIvMSAzMDMvMy8xIDMwNC80LzEKZiAzMDUvMS8xIDMwNi8yLzEgMzA3LzMvMSAzMDgvNC8xCmYgMzA5LzEvMSAzMTAvMi8xIDMxMS8zLzEgMzEyLzQvMQpmIDMxMy8xLzEgMzE0LzIvMSAzMTUvMy8xIDMxNi80LzEKZiAzMTcvMS8xIDMxOC8yLzEgMzE5LzMvMSAzMjAvNC8xCmYgMzIxLzEvMSAzMjIvMi8xIDMyMy8zLzEgMzI0LzQvMQpmIDMyNS8xLzEgMzI2LzIvMSAzMjcvMy8xIDMyOC80LzEKZiAzMjkvMS8xIDMzMC8yLzEgMzMxLzMvMSAzMzIvNC8xCmYgMzMzLzEvMSAzMzQvMi8xIDMzNS8zLzEgMzM2LzQvMQpmIDMzNy8xLzEgMzM4LzIvMSAzMzkvMy8xIDM0MC80LzEKZiAzNDEvMS8xIDM0Mi8yLzEgMzQzLzMvMSAzNDQvNC8xCmYgMzQ1LzEvMSAzNDYvMi8xIDM0Ny8zLzEgMzQ4LzQvMQpmIDM0OS8xLzEgMzUwLzIvMSAzNTEvMy8xIDM1Mi80LzEKZiAzNTMvMS8xIDM1NC8yLzEgMzU1LzMvMSAzNTYvNC8xCmYgMzU3LzEvMSAzNTgvMi8xIDM1OS8zLzEgMzYwLzQvMQpmIDM2MS8xLzEgMzYyLzIvMSAzNjMvMy8xIDM2NC80LzEKZiAzNjUvMS8xIDM2Ni8yLzEgMzY3LzMvMSAzNjgvNC8xCmYgMzY5LzEvMSAzNzAvMi8xIDM3MS8zLzEgMzcyLzQvMQpmIDM3My8xLzEgMzc0LzIvMSAzNzUvMy8xIDM3Ni80LzEKZiAzNzcvMS8xIDM3OC8yLzEgMzc5LzMvMSAzODAvNC8xCmYgMzgxLzEvMSAzODIvMi8xIDM4My8zLzEgMzg0LzQvMQpmIDM4NS8xLzEgMzg2LzIvMSAzODcvMy8xIDM4OC80LzEKZiAzODkvMS8xIDM5MC8yLzEgMzkxLzMvMSAzOTIvNC8xCmYgMzkzLzEvMSAzOTQvMi8xIDM5NS8zLzEgMzk2LzQvMQpmIDM5Ny8xLzEgMzk4LzIvMSAzOTkvMy8xIDQwMC80LzEKZiA0MDEvMS8xIDQwMi8yLzEgNDAzLzMvMSA0MDQvNC8xCmYgNDA1LzEvMSA0MDYvMi8xIDQwNy8zLzEgNDA4LzQvMQpmIDQwOS8xLzEgNDEwLzIvMSA0MTEvMy8xIDQxMi80LzEKZiA0MTMvMS8xIDQxNC8yLzEgNDE1LzMvMSA0MTYvNC8xCmYgNDE3LzEvMSA0MTgvMi8xIDQxOS8zLzEgNDIwLzQvMQpmIDQyMS8xLzEgNDIyLzIvMSA0MjMvMy8xIDQyNC80LzEKZiA0MjUvMS8xIDQyNi8yLzEgNDI3LzMvMSA0MjgvNC8xCmYgNDI5LzEvMSA0MzAvMi8xIDQzMS8zLzEgNDMyLzQvMQpmIDQzMy8xLzEgNDM0LzIvMSA0MzUvMy8xIDQzNi80LzEKZiA0MzcvMS8xIDQzOC8yLzEgNDM5LzMvMSA0NDAvNC8xCmYgNDQxLzEvMSA0NDIvMi8xIDQ0My8zLzEgNDQ0LzQvMQpmIDQ0NS8xLzEgNDQ2LzIvMSA0NDcvMy8xIDQ0OC80LzEKZiA0NDkvMS8xIDQ1MC8yLzEgNDUxLzMvMSA0NTIvNC8xCmYgNDUzLzEvMSA0NTQvMi8xIDQ1NS8zLzEgNDU2LzQvMQpmIDQ1Ny8xLzEgNDU4LzIvMSA0NTkvMy8xIDQ2MC80LzEKZiA0NjEvMS8xIDQ2Mi8yLzEgNDYzLzMvMSA0NjQvNC8xCmYgNDY1LzEvMSA0NjYvMi8xIDQ2Ny8zLzEgNDY4LzQvMQoNCg==</ImportMesh>
  <ImportTexture filename="roguelikeSheet_transparent.png">iVBORw0KGgoAAAANSUhEUgAAA8gAAAIOCAYAAABklCQfAAAAGXRFWHRTb2Z0d2FyZQBBZG9iZSBJbWFnZVJlYWR5ccllPAAAAyZpVFh0WE1MOmNvbS5hZG9iZS54bXAAAAAAADw/eHBhY2tldCBiZWdpbj0i77u/IiBpZD0iVzVNME1wQ2VoaUh6cmVTek5UY3prYzlkIj8+IDx4OnhtcG1ldGEgeG1sbnM6eD0iYWRvYmU6bnM6bWV0YS8iIHg6eG1wdGs9IkFkb2JlIFhNUCBDb3JlIDUuNi1jMDE0IDc5LjE1Njc5NywgMjAxNC8wOC8yMC0wOTo1MzowMiAgICAgICAgIj4gPHJkZjpSREYgeG1sbnM6cmRmPSJodHRwOi8vd3d3LnczLm9yZy8xOTk5LzAyLzIyLXJkZi1zeW50YXgtbnMjIj4gPHJkZjpEZXNjcmlwdGlvbiByZGY6YWJvdXQ9IiIgeG1sbnM6eG1wPSJodHRwOi8vbnMuYWRvYmUuY29tL3hhcC8xLjAvIiB4bWxuczp4bXBNTT0iaHR0cDovL25zLmFkb2JlLmNvbS94YXAvMS4wL21tLyIgeG1sbnM6c3RSZWY9Imh0dHA6Ly9ucy5hZG9iZS5jb20veGFwLzEuMC9zVHlwZS9SZXNvdXJjZVJlZiMiIHhtcDpDcmVhdG9yVG9vbD0iQWRvYmUgUGhvdG9zaG9wIENDIDIwMTQgKFdpbmRvd3MpIiB4bXBNTTpJbnN0YW5jZUlEPSJ4bXAuaWlkOjA5ODdCNkQzQ0VGRDExRTQ4NDBDQjIyMDU5Mzg1QUUxIiB4bXBNTTpEb2N1bWVudElEPSJ4bXAuZGlkOjA5ODdCNkQ0Q0VGRDExRTQ4NDBDQjIyMDU5Mzg1QUUxIj4gPHhtcE1NOkRlcml2ZWRGcm9tIHN0UmVmOmluc3RhbmNlSUQ9InhtcC5paWQ6MDk4N0I2RDFDRUZEMTFFNDg0MENCMjIwNTkzODVBRTEiIHN0UmVmOmRvY3VtZW50SUQ9InhtcC5kaWQ6MDk4N0I2RDJDRUZEMTFFNDg0MENCMjIwNTkzODVBRTEiLz4gPC9yZGY6RGVzY3JpcHRpb24+IDwvcmRmOlJERj4gPC94OnhtcG1ldGE+IDw/eHBhY2tldCBlbmQ9InIiPz7wxFiWAAFt40lEQVR42uy9C5hUxZn/X0PQcB9HFMWAIogGVIJMlAUWRZMlKmucqBAxrkokxjV5sij+8pesUSRZ8UnUXJ6EXzREojFiwCjGn5ewSUCNsqiIiwaiXAQ1AQQchoviJcy/3zPz9lRX1+Wty+k+3V3f54E+fU7Vt6vPdJ+uz3mr3qq7/JmVrcxDc0cPr5v67EveHrc/c4qXxzVjnqsqj0e/O8nLY8L1C+p+8/gTXh5fPOvMus1rl3p59B08Lkg77p04qMCj4fyrCso0/3YO0x2fcOH0upNu/HyBx3eHnFZQ5vo1TzLdcfBgUVFRUVFRUSXVD68cR+pHTPvZUuXv9J133knyuOKKK+p82qJrA7UtpjZEhRP2Ly9euL7OtXwID/7zNfSYo9jqdZuKPku6Y6E9fHXHlKOs+v5fnbepqC1iv92klTf9rshjwNQpVh4b585LPDpX4oe506+6Fe8cYy63/9/e1fuMkXuL9aL81bVLF/bevn1F+0DiftCghgMKP/CNjYUf6D/pj4M+MXRAwfMRIwrLfKJuk/Z4VFRUVFp6+eWXkx/xE088saY7xir4sOnIVZNHU1OT1GPRokUl9Sjn+YB6o8aeTn4NmR8A6fjx40keUFYFqJS2qNpg0xZdG6LCC/qYJsjF41B2ffOHqXjA8UNgIwewh+x4k4nBIfGY7HVCeISA48+d1Nu6Dg/JAMfDRtn1w6EOD8kAx0ecc7aVB9QBSK4YQObB9ZRP9ieBs1juuV+9qT2u2sfXi7AcRjwEq2BZBspRUVFRlSpd1GjUqFHGMtBhpkbBKsFDBk8q+MDjpqhJtXgg1La0tGiP6yA3hAe2tem6X3qfDx+Pls0b2OxH38g/nzHhyORRtk+lN998k91www3557NmzUoeZft0cMy3RWwHPIcyJlDn2yK2A55DGQokV/LNIPEcUTxkdXw9eMDlIVZ13ATaQTxeW856qsq2H5MBtq+H2G4XeEY4bmluLtj/Pxv3Fzz/pwGdCp5DHYRkhOMdLTsKyvxt9caC52LgC+ogJCMc713/euG1ZPWaguf1Q4cUPIc6ULcIkI+v78H+0rIntQ6CrT9CLw+uzXvel5YV4VYsZzqu2sfXQ1h2BeX33nuPde3ateB5AoTcPpO2N+9ihzT0Knie3BXi9pkkAqgueqvS7p1vs54H9Sl4DuL3yV5XBGV8Tf61Kw2OxTv0Nnfms+ZRDlGHz6l++Hzr27TNdUgS7+Pi4Vs/KhsaMqTtx3jNmjWMjyLt3r07eTzjjDNY585tP82LFy8uKC962CqLHjx4IAhJbyC0H1d1bqvJA67jKqjNd/Laj0NZ2XU+hAe0D6H2tQdulP/mtB/XnQ9fjyxJBHVRcGzGBGYF6qLgmA7UZTdhlj29pOizleWbQfg94X/XTB5YBj8nITz4Mu+89w8txOLxg7t+TPl3CeHBl1PJVN/Vg2831FcBM79fBtEiHKMwQiwbfi3WEeEYhRFi2fBrsY4IxygcRi0bfo11igDZF45NAGwLxwinPLi+9oWbi8pOkMCtWO7Yh76lPT5B4c3Xw/YAKLtAsg0Iq2QDwkpQDwCgOhA2AbkKnKFMJUWPVXfoKXfms+BxySWXWIPlPffck0oHBubElLouzMGhSOyEuAp8fDx860dlS9BRFrVz586aPBcIk/V9B2qPUzxU3+uhFdQO0LnH6S/PD7+aPksi1KrOhwp6ZWWU11uCR5T6Joz4t4F9tjdy2sD+SA7yj7T2OGzvU2xr91OT57it88DvCbUd8Nsnfv9kHrp2yDxEaFSBpe5YaA8dBFPrh/BQATPu10WxK13Bh1iHij4jHCP0ysC16CJsKEPxMNVDWIa2USFZFyWmArMuSkwFZl2UmAqkuiixDphtgBfLZh2UdXfoTXfms+TR2Gg3xwOgmodk1+it+GOJnae+517HNj98i7SO7Nh4ScfL1sP0XvgfVFkZ1R12sSz6UKLSsteR1adEXHR/I2rEJoTHN2fOVHp8b+bMkrUjK+9FjKTWcmcfO/qqzisek0V/eA+4FgA4jhs3ji1dujQ53rG9KbmZZvIoZzvgWj3u8J2MHa6OhnUIbpbtLLq+8x4miG6D8GIPjPwC3FLOB5SVnQ/0oJwPmUcUc7pRQ72Ro4qGt+1/wzhsHYEUepcwhPbo49v2w/Y/DXiKsXUdsJr1dpig0kYhPLIoEYypQ7Dh78DPL4ZtiCKLw6x1guHV/Pxi2IYosjjMWvs5Wb0mHz0GwTZEkcVh1qkAcmg4lkEtFcLFchDdNvnI9vH1sD0AyjaQHEWDYleojiqvqAlUULIoaN7jneVsgMqPOwYe2JHih1vZeti8l1GSKIoqoqtK5iJ66CLClPqmDqUpqQylQxrCA4Dy/MF12uMmsKyG99K/f/+CR6p4mLatm2UPamfeVLZaPABsARZFKMUoIb8PYRwAU+ZBHSHTNgKnuKxshINKqrI2Hq/FSLJRTz/9dMH1S3fjAn8voM7YsWMLblzYjLqCsrKbH7wHAND9GweyGe1gCtuMbcjPM5V5pCFTO6L8ZAvGlSwrQE57fnLRxZKDY8rrmsq4tp2vh7AMbRv53zeR6tfqsGrbNsjmJ2dVlPldyY9XrozNHLHLD3mD/WL7kV4etu0IIZtOYS148JGktNuiSwhj8lYNm8y6x+yFK4v2zZh4UuY93n3xPvbarmek71c3tBeOvZvAzhVBPQCgDhw2iU2aNIn16NFD2uY9e/awBQsWsA9WLUg6uTIP0CvD3mWnbunPnjr8TXbCqm5s5Ign2ajhvdiyl3ax5S+eVtDZRg9dx95HSVR085LcY/sOfpuocrajefe7SadeBsUiLLeVVXnQRCmbhb/LLVPHFX3WZft0mjdvXhG8y/ZltR0rfv1txo90oFxboc7YsUuLr1+audR8GV30FqK2JvFDnlWvQWmH7rNCbcdqdhSLsgdiVC2AsRMg2wKmC1CLQ6t9wDYNQVsQkqGNMYrsJhw+TU0OJs6XOOK9nVbHQXv37C14/oFQxnS8FAI4RkiWwTJVPnVVWrFiRfKY1hzkalEoOLYBTBMkyzpTumGT5fE4muwhg1DbdqTrcTSpvgo+dMdCe4AAgEPor6N3Atfl4Ti5gZM8PlkAyWnenHLJRwDZgruNuIhtzP8YGCr06ps8dBsxJp9pWPSAYzrx5cRsxQ09u+W/F7q50G3HNrDNW4uPg4dsv0xiWZyCAGCViBKJXvftfF0+cWLewyA+2q26ll03twPyENpk+3SaMmVKfhsTYcn26ZSVdqD4UUiwTf0O8FCvgn3T93LfMZclj8OPyf0r8hjH8j07jQe1HbrRVvR2xBweEYhTAGQXmHSV63xhVzB3bSM1ihxVCMa20eHmfYXp4V9Zvd7q+FHDGNv5xrbCMt0Ly5iOg0daQqC9efDm3AWq7Xky12O7vQ/U+9ZaGhwD7MKc4oED9R3oDRs2RDAmCjuHPknHbMUPN08LPpqPn5y7qM+X7193i7/H8v+xgtNqeS9ZECWCrBNEj/sM7Jlsw+MvNpzMBjR8L3/8nV5wc+0R73ba3pCx8cCld2wEQ8wh03hIDxMEleq64nKTD84tDzEhPKL0nwmcy85nsYZzTgFlHupVsG8C/i7rfpk85oc2cx4XDugY2tyiiSBT26GLIFPbwUoYQe77rScKnm+++cyyfE7EAJJufnQaQCzOP0bZzEMW5x+jbOYhi/OPUap5yJ3LCZilBnPb9+V7HsQlnVwkLunkA6U+Epd0cmlDck6EdlDbZfzSXjjd6CH7cvGawKaX5fOKUHs5e4ONujbXmbi17Vdg1LWv5q4gfa19oN7Nt7IcJPclRZIRkmGbB2WAYjweuyLZhWSIvJQiqU1DDgYT+JPs3xzAgxpBrrb3An8/cV457LP57Ph6+EaQv3DwF9mIQR3J/l7cuYL1bT63o0O2C5JMnub9d7OJjtl62IKtrE4IDxEWedjkbw6FGPIc+iaUKsNw2q9bS2r80ncYe+NPxpsl/LGkjkQAkabhzaZoOAydNg1vNiXHorZDN6ee3o5NJftbARAjJJcTjkUgtsmCXcvqbAOY5ZYvsNrW9T0PKjjGrNa6MigVHGNWa10ZE4Tyc35NoKqCY8xqrSuje13+tWs5KVcCwzkwXsbBMWxTh0pDuYv/a0NSB/5B/SWs3YPZQbK4v9b+FrIfYexsUJPe8JAs+th4iGVl9UuZ8bVBEjEth0c1vRdZJ9cWAl09ALpWtNAiyKpoIOz/+Tu/Yc+sfyy/7+13drdDMVMCntN1MsDUBZVHiIziobKS4xxkCkSmNQfZ5jplcy2N8hMk2/rhld8mTePBaPy0n91YJ/ttol5nZDdhQ3hUqwCKVUAMx9759r8o60IwCJZSgmCHCm5hHwyFpkR7sSwv9I5yAORyQS7OP17+LzdKITUr4M7PQ4a2jmQ3xXnIBlHglzofOSua8/P7SOVmXPvvRg/oVh30Ta6j1f4cYjKNDh7YTaN6ABzDck/N3ELt8Fxc0qnaRVluyeZHXsz6aeMhlrGtHxVFUWP9NmMEGcqY9PaG3YW/591nVsw5gPm/LiM++E5/CA/U5q3biucPW8ImeLiWRfiByON7y+eSPLqOnJrMNxZXFvDxiGJGADZlsTb2T7g1h2X7KYLIbLKs0sZCj6OPH8eI0+Az046QkKx7rpMIyTLgtYFjsSx6l0Kq4dUoyjBr1fBqFGWYtWp4NUo2zLrkgFzJQ7dTBcgaGI5t4531NZC/ef33WPPO3eSyWfbg1dDQ4HQ+shJtiBGL9ATDiRsCzNttyMC83Sy8F10Hltq59fXAzvUxzLCm6rt6j0lsiKRO+KGyWclSn6aWbjmIUVYmKPhb19ezaY4euE6y6BGVXfGjk2RL1vHzuFU3G3gPuKnDgyhu4+9pmh58GZMH5bffxyNL4iGZFxWOdWVV3lGF6hxPQeklA2FbOJaBsC0ch1h7WAbCqqHWJm/+eNajyKM/fWxdtXigMEu1y491iB/8LHhEaW6exDnIwd6LNgmRZoh/aA/bTmNaHlEZ7q+MnJoJD1Bc5qn4904c4WQCY4qHzW+qj4cIzyYPOC5eb0J4pCEcYi3OQXaJJIv7fOBY5x0VATmqzKrlucZZVUzEVb3SzRWjzgvLe7D5zh7fmzmz7pszZ7Z+VhJ1/cOeo5PjtfZeKH8/VYevmjyqaQRKCA+I5mbBg7pEU9oe+Uil7NwSczLgUlyyeeLiPn7JLenfl9AOneD1KO2gnpsQ57fUHrLyJg/ZPGhfjzTh2PaYCmRtX59ap5aXcKKorrU13kCIioqKioqKioqKioqKiuo89dmXvAh57ujhdSE8bn/mlMTDlKgr7XZQPDBBFwjWQX7urx0Juq4Z81z+vbgKPB797iQvjwnXL6j7zeNPeHl88awz6zavXerl0XfwuCDnQzYUpOH8qwqeN/92jvL4hAunJ5P4RY/vDilceuT6NU8qj4NHvGRkWxDVo0TvbMtGRWVFukguRbLs6uXyiH/NqNCfe93nCiLIFA9dBDmq+qTLGi1KlUVa5SFb5kmXidp22LMsChzCw0eYdMuUoEtXB5NumRJ08RLrYNItU4IuXnydOMQ6qiw65oPvsXUHfrNg3yd2zUoe/9brBmkdMaHAgMbGgucb/6Q/nryGkOVuxIjCMp+o26Q9HpVtOP7sv4wnga9N2aioUGBK7aCbOu6yxDwU8fOWs+Lhcm4p2eYr2YNXU1OT1G/RokV1lM8r+Pt6ZOGcUj9rUFbmAd+98ePHkzygbITkqHKJmjxLXL4ptEetKwJyVFnEw7EMlmX7osJ18F2jN9XkERVlqxBAOGTIECePUGvsZvG6ZHteRQiqJg8RjFXZqPG4DHKxHfC5g3KuHk3X/dL7fPh6oCDxFb8EkGxZINOSQJD46oYbOm7Az5rVdlNets/3pkGpItkqLxvAL5eHeCOC4iGr4+uRRZnWKTZFul09XJOC1Swg69YuzrJCtNvHw7R0ExwH6cqYlm6C4yBdGdOSSZT1h1VLN/HHQboyIIwSoyBajCDMR44jHKfXwddmv60xD5Ugskwpp4s+p+ERMtqdpndUlI2ysnxTVjx0UJt/nfbjUFYGuNgOnY/JA4DSZg1jFZT6elTizZy0I9kIgui1ePFixj/H4yZA5euojqfhgeeBB1qTB5bB8xLCI8ufNxUEm8DXx4OPPEMZFTDz+6sVokmAHBqOVdDpOv84zXbLPGAfzkOGto5kN7HnftUxDzl/sZeAr+16xzLwtV3vWAa+tusMy8DXBM28TBFhOI5gDBCtGmYd1fHji9sxGtzucfg4qadUQlnZ68IQbJ3+8N+Lje0K6UEpa6s0vbP6fXFR1kYpVBMMoqhrP+tek5pBWrfUVFbakRVRz8cHmmPU89E4sjJu5pQ7ks1DNnj179+/yJ8HZRkIih7w2nw7YNvW4+vPL2M/OXlU8hy3dR64lBW1HXATQFz+Suaha4fMI0otFTDj/moeom09xNo2oior7wqulRrJVkGz7drHMmi2XftYBs2uyy7xcGwCZZuIMMJxFodZ81G3YX/5lbE8Jgp78q+7k0dcHsanDRjpwwgqfydPTFxmksxD9z50Hj4Qgh6P3n+bs8f5g+tYS/sjG2y+y49ll22RH2/etcv78xLCIyqMQgyPDgGEYmeWKnGIdag1jA8cNolNmjSJ9ejRQ1pvz549bMGCBeyDVQu0Hl/+8pfZXXfdVfAIdUHgDftUHtTzS4G1h19t64OPGzeOLV26tGj73OPMl5hytoMSPS5oa66sKgIcyiMrf5eoYjB0PS4DdV643zTkHIE0+Zyszl2j2sEUtr8OGxysZr0dUXbAXO2yBmRbQA0JtOWE42qA8yxLBsJZHWaNUbeef7/fWBYThR3Q/8CCKJ0psqiSLNJXcIfv0Z+xETf8XFp37dJHnC96+D50HlQA0Q2LHtFIS4qmagcAKXX1T5uytSjKDQ+fyCrVP2vRX2pETQYX7754H3tt1zNOcPtuUueKVP7WAMBRUVm+DsF35tzjim8QyfbJ5kLD44oXC8vjGs2yfT+88r7WLOa3ePrppwuGaKtAGG/EwSPUGTt2bMEcXJtcCFBWNteX9wAQPXr9xvxz2H4drpdDhyg90pCpHVFRqQFytcgWeCMch5Fu6LRsfnKUvV6c9RUlJEdVtlSjD0LMhba96RFi/jfVP1S25GCdMGIk2RamyyVKBLkUCnG+8pHIzUs6wIffrqB2ZEXlPh/w/bf5zsm+9yE8ULdMHVd0LZDt02nevHlFkCvbJwpGkgD0yoZWi8IyUCcHyEXHVVFbsYwueotRW52+bojeUtsxefJk73Z8rcdBsSMRQDi0upqTeGUKkGEOL8zlhTm9OA85rcitj6duHeQomnD4ND/32CQxqcAR7+20Og7au2dvwfMPhDKm4xGSo0otHKatGnXgMxe6loaAh5wvW23KQgQ5xN/HdU4vRLa6jbiIbUx+BIiVevVl3UaMKUgYhB6wnyIsm7WEQfmIa3s0laYl+br8yA8bj47obWEE2OazoSobwgN13dyl+W2cbyzbp9OUKVPy2wigsn0UYYIu3KZGh3kgV4G6DtZBD583qW3jPHcPajv49+naDp1HVARjLSBTgZSHxCg32Sbsksk2YZdMtgm7ZKIm7EIwdhk+3bxvf8HzV1avJx8/aljb4843thWW6V7ooTuOHpUMyTFbLF0NvXqxqOqSz/DorMk2qi57L+CxooUWQVZF4NAD5xvzj+iJ+2yieKq/n+/fROUBw1Ztk/dAdI7vcIfwyNLny/Zci5HXEB4g2ykJMoXwyJoQhuFzx2exhs8gBZR5IFeBugnWz32w7eYaDm3mPV4fNCA/tFkXQaa2QxdBprajFiPIYvCIskSUCMSoWlr2qQiQTXAsA+NyzM+1AflyDo/WLeVEhWPdUk5UONYt5USFY91STtTlndb1KgRjKihv790/iQ7Aj5xyXtCF07Uel27dZfSYwKZXzJdX1vEQL3wbv38lG/B/flbzsBuVzb8L1T9kO7IwPDoE3IZSY/02YwQZylA9xEeqB0UATr6Zn1UeLpltVRl1fTx85Ttn3+czJ9YJ4YHRaPibUbJHy37f4TnOmaVkj4YhyVldAoiHXh0AU8rBezUNbzZFsgF8TcObTcmxqO3QrQVPbUe1rievg2OxX6hbJqqWgdgIyLZwLDtWCiClvkacO5w94bBqEZKrcc5xxxDtPqm9hmlNvCMIw8RDeIQ9X24a8M7yVMrWsmSgmPbyPjL/aor+ZuXmBXocw/ReLe+m62FzY8H3fas8QnScq6nzHaO22RQk28LllUw3V3B0ggj7OCWAOhRbdsMghEdUsQBIYVURSJyqglvYByBLgVcsywu9Va8f/wqWgCyDY5h/y47/lbSsC5iGXgfZR7r3QF0HGeQ7hBrkO4Qa5DuEGkRd81gmCvzazEeuFL26u0+q/nBX/cP//Ru5bJoeNm1OwyNGoUsDY2lEVqn+IaK/WUic5ftZzQq8VAsAQccdo5S27x+jlSE8QihU5nfwaPzSd9h7y+eS6nQdOTWZQ4zvJYRHVlXOJF0iAJuyWJski6Lz+ylKIsS5f6LHry79MtkjK+3IIiTLgNcGjsWy6B0VCJBlcAzJqUa3b/NQKwJmJS6RVMr21spcZJt1jWFIdlYjypjY6END1BW0R5EEKWRypAM+NVoP6YsfKolHCEClvE6pOutZS2Dl0x7f95I2VJYKWrNyE8VnDeMQ8JAVj3L8/eKNtCjvmw+y76+wT/X9wMirbLSBuE8VcUUP2OaXfOLhGOckUzwgCsyDKG5je9L04MuYPHQK4ZFVSOZFhWNdWZV3lAMgi9FjMXMzbPOZp8sJm5WoWokym+CYP5714dYrlv8PO41YDtQ48p+Ux6iSefh0tKvJI+sRh0pWVuYhhwDpEJ/TUEBP/cyGmlMaFeXUPxk5NRMeoCxEbkP81oQYaoweCKgoExhTPGza6eMhwrPJQ3ZjIYRH1iFZ3OcDxzrvKAdA1sExSLY8E4J1hOMoW1CuFIlZs12lW8MWpVvLNkRHu5o8osJKBpW+iZJc/EOBuu9nLNRyRItvvbSVWrYWP2O17FFfXx+sHT5edss8peeRlchtFhUStkvpIStv8pDNg/b1qARITqtOmvON/2fjfvbVeZvI/lD2jilHFfwm/m31Rrbypt+RPaDsSTd+vsADsppvnDuP7AFlB0ydknjUtbbGfmZUVFRUVFRUVFRUVFRUVOepz75EImR+mDUfRb5mzHN1tz9zSqtPgq25o4cH8aC+lxAeuvPxmxsnerXjizctrHviiSe8PM4888y6155f4OVx7MmTkvfS44COmy97PmxlNs8nXL8gyPl49P7b8h7Nv51TcLzh/KsKnovHQXCnjPe4fs2TBce/O6RwwLR4HGRzJ4sq8W6XTGm8bi1LFhmMQ7SjyvXZs1GoBEzxLxFVrd8d3edbNfxWVCVFGVXnxeZ7Xk0eLtJljRalyiKt8uj7rSeSx803n2n0iL9zYX/nfD2cknTxmZvZmGxln86KGnp2k+5v3v1u/hi/LVP37t2l+/fu3Zs/xm/LpJoTzCfT0iXWCiEemCkSIRs0orExv73xT4WJBQZwx2THMcU97/GJusJhWSNGFHqIx2GoRxpwfNCRh7LuPboby0VIDit+HVpYFzUq/A+h6QeqVkHNdg1k2ec0hEeWRAUXHcBUk0dTU5OVx6JFi+pk38ulWw5y9qC+LxuYdPWA90P9zENZ2bUFl0aitlPXJlPHm3JtM31OKOdEdy3A47q2VJNHpctlrjFfh59TbAvdfD3R07XdMDUIpnlQpwhhWX6KSrk9yIDML23EQzJIhOOoqKjSgYnrj0Y1eURlC/hMMOcDaj+6+Wplx/I/vvWDunJ9Dyvp85ulSLYNuKgAppo8AI5bWlqsPKCOCLjJ9y73PXv41TpnDx7kVO8Lj+uALoQHzP2f/egb+eczJhyZPMr2qQQJuPglgGRLC5mWFaLAugrSbT4nOkjHNsA5UeVEgE4+JBNUtaWaPKpFnz6mb/K4/q2tCXjKAJUHUjELNT6nQK7Kh982+cDxhi6d2KB+hyXPX1i3OXns+v7rOcDMXVOGwuoZLxfU+f3KHcnj507qXbD/2KGMLVq9KakLuvuwXuzSHKSubDqdrRRed9WyFcnjsFGFgS12wsCcyZKk7jT4bH10NJu27nW24KyvFb3/vz/yWPJ4xDlnFx4YzNikx3+a1O3s88cEKB7d/ijCdFT1CCK6UR2iDIvmlVb0F35UfCNC1eRRDoCg3BUP6RGyc1CJcAdwfNa/jNIeN0GyDLBtwRo9xLvSldSBCx3JXtFyKGus31ZUXrZf/K5T1nw1qZo8QihEMjke5F57QB4EGX/BTVqgC+GRpd8FhDkEcxHU4TmUMUWyeVgXQR2eQxnZ+eDbIL6u+BzKyNoiehy296nkcWv3U4ueUz1+3L8tGdw33mwpek71+D+djk8ev7//L0XPVR7VpOYd21lD70PyoCrLMs0DrLhGMj5XQS7Fh982+fDrNEPbC2645eC4pbm5YB+fuAsScv3TgE5CHQBoru+cg+MdLTsKyvCJu6Av/omhAwr727k6rB2gQQDHe9e/Xnht5BJ3QUKu+qFDCo4nQJ0DaCtAFqPIqjKukmXDDpUJ28dHrKuaf1ytEucYlwKwswrl4hdy7569RUOk+X3wZca5zycMHcSOGtZUdGGXefDH0gCiGHX2BwgK0If0SOMGQprepYTjPe9+yHp0O4DBcR0kw7FJE881QrMOmNHj5YfnJdNkQDBVBrYBmNFL5ZGVtXzRA5bgeW/5XG1ZVRn0WNdtJPvyl7/M7rrrLnbiiSfmy6r2ywRrt/oCKHX5FlgrNevtyIoQalVLm+Wht9cYo4cywzfBIysSI9mi4NiMCebPDh+1FgXHdJFsUxsKQVntgSCsUh6UN6s9EIRV6gDlDUoPBGGV8qC8+S+smgVwjKAJ4Clbp5gHWHG+ND5XQS7Fh982+fBwnIB9c8cHRYRj0ndLqCPCMUViHRGOKcI61hFkFSRnPWrs077Q7w07VeK21R9w717pto1g7rFsG9U3EMyq5iDL5hpXmmRgy+8DmMb5zS+uWJEDZJoHf2wn26ZtA598rOizxics691fGalFD1mCswJpPGyGXJra4eMRsiOUBY+oDijlr1MAxcn1JQfG8A8F5UyRZPF6J0IzJRJd1Llpzycx5MB32InnTtF6yGADPyu6Y7x42Lijz2g2g73KZrPj2FfffjYZpgZ35+GO/XsfPzopI0a78/XXEZbhUZQBjwOHTUogeNu2bR0wnAPql19+Wbpft+yPKfpKgdf58+cnj+PGjWNLly4t2p48ebIX/JayHeUURjpfe+CZ5DOpupbhMVnEk/eAzwoM95afj7Z5f6qoaVTHb6zLsm9QByOvKg+4Vhx9fMe2GN2jeCS5Wno25LfF6B7FA6J77JMd22J0j/eoVkh+562tCaiKEWIZFMukgtzQPthGjHrrJC77hMs6iZ8zncRln3BZJ/Fzpu2TCcs+4bJO4udMCcimaCseQ1AuJRxXytrKFPDVJeiigq8uQZcKfEX5JujyjTBH+WmEkKQM9eKsrxTc9dtO8BATnInabgBWinRQq3ovotYufST+4WtIAJqm4dWoBQsfZiY47n34MQX7dmxZZ3U9BI/GL/5Hwb4Vv/mR880TEYp1x1Sac+L5jL38Sh6OQW2Q/HoeklEhOpfgMWfOnFaE4EMPPbQAhlX7Y56BypHNcHFVWV8PAOZuIy5iG5ObCh0R5o3tj+K+biPGSEEdHiGyz9+YwEi/bF+WQd0UPRbLyuZmm6LHYlkcfs3LFD0Wy+Lwa16m6LFYFodf14IoEFsKD18f1ZrINpCsWhPZBpJVayKrILmzDoBNKgeoVsr8ZhP8UgDaBL8UgDZ19igAHVV5AjiOqj65LIPhm0wpq+KjxjjEmioeiEE8MIvHqB48MFM9Qgiix/UnntAG07nHH7IvsT9d1JEAqN+KFandULrqqqsKIBkkg2R+P5SHejI/6vBmnXjYUW2blJV2ZEnUGzU6nXtc7lK0eUnusX0Hv60Rztml/u0WL16cigfqlqnjOjrd7TezZPt0mjdvXtGNAdk+0+vr2qFrz75jLit4PvyYjnLDP/tltk+sIPH49keFiZbYsb3zHj87tpGxj4R2sGJAvvOw9wQaH5D3+M3pAD3vCe8l9gOiSqPOWWtQmvOQQ6jW5h+HkC6qTI04f/Dezvy2ONTjCO6Y7LjMQ5zb+4HgEXLub4TjKB9hZ0EVofeZC12KYeSlGGZuA8cU2C2lBww9HSXAh82yFLcO7c1GDD+i4/v/j83s7fum5J+/tXE/Y0IEOQ1IPuecc/L7EIoBkmX7ZQqR3Mp1Ti/eRFrxYu6fdd37Wvms3uBBFZZFj6xfg3zkMjTY5bORViSb13Vzl+a3MTor26fTlCkd31GcbyzbZ/v3oP6tqskjq8I1kHGbXwtZpfXtw6spUiXpso32qpJ0UYdhQ5sxk7UoVfQYRYkiq6LHKEoUWRU9RsmiyCRAzgKg8mCqaos4N1osZzpOee0o+2HU1HnGujnJr6xen99u3rdfeUx2XFZu5xuFHbVXuhd6iMfTlGuSLtmPhy0cZy1hUJYEEZP9T86XHut02mTGVAlnUpKsLUk7POqzY0fWzHWLOkQ7bQ8KOFBgAm96XLZ6B6v/2N+5jsAONu3N/UVl0/yOiZD8yCOPMIwSq/a7CCJ7viCt8nA5R3CNELN6+3pUouA9fJCiBzXpmU4hPLIi2RBr2bJXOmDnh1gDxNy/cWCBx4UDNhTMQzYNsQaIOeip3QUeO0/tWTAP2TTEGiDm6PUbCzxeHzSgYB6yaYi1LNuy7brAoUQBYh2wygDVNkmXCnJtk3SZ2sILpvQsaY/0T5tnvvEHkJwf6fbxtn2Xbt2V+9CtavMg3DwESC5amaPz64y91pZwa9pcswdAct6jMxGQSw3HsiiyC7CaysmOU71N0WPX5FsFcLTXP4qZxhDqcsw5nnDh9I4XvXC6vnD7cUwCgcloeI8JTO+Bx0WPNOSbpCv/5f7+lcY7ftUExDEBVpSr+ARf5fLQDVm1Hc7a8vIrBc9hiGSphZCM26b9LoJhr76Zn1UeLtcTsU4ID1+VY0oFAH7jl85IxQPmAePvMGUdZPitFjvU4AFziuHvTlkHGWA6JgqrPOG6vLL95YJkG2EGaxnoykB1ffOH+e1R3HPdUlA6n1GCp8mHb6e4zJNLv1msU26Pzln9oPCQDJKBcjkEYAwyDa3m5yADLItzkm3nIAMsi3OSbecgAyyLc5LjHGTPmxiGZZ5A4vDt0EJ/1YWw4wOVrkfI9xIVpZKYYItXqLm/puWifD1CDk38US/ZsfL8bVQA7AvGKJt5pLYeIW6Cri7xqJKsCCLnH2TAIyrCsbQ/ntuvg2TYD8dxXV9d1DUZUpyDSNErhAdmsEZolS2txAOsrA14LmSQS/Hht00+fBv5ZZ4gUeRhezex19/fT/77iXXuPqwX+0T/eva33b3YNKKHWOeHHx3N6jsNYS0fdSJ78HVSBWTfodkIyQmYtoOyDpYRXlXlTMdNUIxgjG3zvluU8ShzX0c/MapsE2WuhCzY4rBn2TBo3AdDtV9pbRu+Desgi4Lj3YeqqTNZNkEjm3ldqrLV5BFaNkOYs94Waf0Ki8IDHH+wb5cBnpcZfXznLPt4RBDLniDiiBFGG/GRxhAeod5LtSbmiwovHF4tqm3fBkbNMAzDq0XBvr+x4uWeZMLh1aJgHwySlS3DI0o3gk419Y4KuDqwDemB4IlestcwnQcV5Ib2wTaqbkxUulIF5BBDsxFEEZRFWO6g8V/l4VVVznQcPESIFuuFTMhlynRNkSnTNUW+yzwVdRyFecTikOxKXvsYkwHY1CkYHi54wbq/JwwZxA7sepC07outK5T1Ua8ufih5POBTo53fVwiPEEMFsR1pi9LWrA3h9mlPtQxH18Ex5XgWQCwLHpWqEIm8QnhEFV9fuh55Rtk9SqVyZ7GOUsMpbO846fNs7JhPs6efeYH1Xvk7KyDkAVeEbxPYhvAAkMfjIYaFhxpabropEAG5jOLBlIdl1GgJvIrlTMdHSyA6NBRHVb502fRKLZe5FdXsYXPeKHNTVMdtXjuEh8zH5f2H8CiHYKjypInnJtuwzrFKUAb++Q6PjoqKalPXkVMz4ZEVME2uobJrusXvF4wakCUNK3UiMVX0GEWJIquixyhKFFkVPUZRo8gIcXD9xxE+toDIAy4vChz7erywbjOrhLnStQLJnSux0VRgNZWTHY8wHFVKwbBrMQu3eNwkakRJN+yumjwo54uvb3pN8bjLa4fw4H1837+vR6kFsAudHtzWgbSqDO9Bfc00PKJYKmBQTR719fXeHngzzMcrK+cjf80mgKnqeo6JuihgqhryHmL0Rojh9KHWQYa1j4cbPca1rYmsWgf5WPhHaMdHmnWQD8vB8+kDCO/lvZLkV5ABnytoUz0qEYyrqf0y1bW2xqkqUVFRUVFRUVFRUVFRUVGdpz77khchzx09vC6ERzWd1N/cONHrfHzxpoV1TzzxhJfHmWeeWffa8wu8PI49eVIdvBfdHGLT8wnXL6gLcT745ZZKOQfP9LqbVi1qNUWAjxrWVJdW23DbdE5UZavFQxYNreW5mlHZlG/UPn6mo6Jq+/rhOi0G+zDV5BHqvA654VvJdXnNrJvrXMuH8KD0O6l94RAe5fydy4JHpoZYz5492/nNzJgxo86nfggPqI/bqgRcYuZqXaIuVQIuMXO1LlGXKgGXmLk6dKIuXtSkXHwG60pJ5AVwPKKxUXoMliyC40cNS+/1YWkMWD+SciHAstXqAftQMv+oqCyI/5zaqFY+0zAMVrbfNDRVVU8lV79StwM70qJMHXG+A97U1CT1WLRoUervJSseNj5ZXwOZX/s53/+UrAstHuN12N6niuYgyzwuHNA2B3lr91OLPH4MS+oIc5BlHjtP7ZnMQf7Gm8VDrP9Pp+OL5iDLPF4fNCCZg/z9/X9J5Zz2O3WsEXLxOJR966mnU/FIjvcZzX7E/sbuyD3eIX7/hWOy1wnh4SsEcOpNEFlemHJ7ZG4O8sSJE8tS19dj4cKFVd9xSXMJpkpY3ikN2WbEFhOEwVwdaodblcCkmjyioqJKo9DRcIQXWKdYBzcqgFLV08GfDsbK3Q6+I20CYNkx7IADHLe0tEg9EJxloBzivWTFw9ZH9TeJqm7hd011U0r1XUzD4/vwqDiOx2SA7eshttsFnmFN49XrcteXobCqxMsFx36/ckfy+LmTehfsP3Zo7jq0elNSFwRrGl+ag9SVTaezlYL/qmUrksdho4Tg1AkDcyZLkrq4DvK0da+zBWd9raiNf3/kseTxiHPOLjwwmLFJj/80qVsEyL5rF+tk492lSxdrf5c6vh779u2LYBxA4jDtSlgOCuH2E3Xq7JV/W7ORXX/jk6082IrDsg868lCr15RBsq+qySMqKgKr23BsW49Q0XAeXn7wgx+wCy64gD3wwAPJc9y++uqrtfCiqqfaPv7445kOCsvZDgRc0O7mZmNHXNaJxXoqOOaPASjLIBkyOr+3fC6tU6zIVB3CI8Q5xbZQPKJqU/idUUEsHu/Z0JCqh+57jzLVd/Xg2w31VcDM75ddfwCOW4TXhxELX523KSl7x5SjWsXs6E1DAaA7ngMc72jZUdinXr0xHyiC/rCYHR3qsHaABgEc713/euF1b/UatnHuvMRjwNQprWJ29ASocwBdBMi+cKyDYBvvrVu32t356dfPuk4IjxDZJitFAKw6WFYdcwXsSogq65YuQPjd+ca2gn0Ax5idmofrvXv2su49CofLi/t2sm3xV6xMwCGKAiC+HjZzs33fY1bnt35z5kyvC8H3Zs7M1PsKfRMI/4YirOJ+m8zwMg9dfXwvADYmCDKV4eFFB0lpKyvtMHWkTZ3fUKrvO5BU7gPNMeoSfo0j4+9OVHkF3zfVd0t3LLRHqO++r4cKmHG/Kord4nB9EuuIcEyRWEeEY4qwDmmItU3kN1T0+akuduDZ6FAnhMc5nu9TnJPsInFOstOPsTAnGdQ3EMjKIsGVON84pA7selDRPhGOVftQg8edw05UzH9W6cMVK4J72HSi8hI6TKHaERI6TNExEzyE8ODBh1LW9T1mfX7rZ/9lvFO9P/z3YtKNCpNCJQ3RfV8QNnXHVH9DOC6WgXlU4EX53Kg+q7BPVx/AZ+mWg9j0HNjM+XMLG3f4Tqm/rgxGbU3rz6KgbBpDYLPSDoweQ2eU0tHGeY8+8wghkqyKIlNu6lCu/w+/2mY9btw4tnTp0qLtc49Tf70gag9/F4zem7YXL14cSS/KC5Kz4JFFiWCcxvzlrIgEyGkNua5mUcBXl6CLCr66BF0q8C36IhsSdJkix3jcVE4GzZUynFr5N5JEffljUZWrWh8yXm2RW9fhwKHq6z4bImDojsngWPcaJsjl4XhX/y8UHOv15kPK+vh8aQ6s7rjjjqKbAAWAbChjE5WFsqohtL7KSjtsIkSliiSXU/h3gUeQaTutv0tWFNdBjiqXXMGYH14Ngm3ZMGud+OHVINiWDbPW/u5yw6tBsC0bZk0G5HLKBs5DgDzVA6LqPvBLAWgT/FIA2gS/FIDmgRYVYvhzNSTm0kV44ViE5MqWamig6/IUlSbfyG21QXZWb+J8eupP2YpVhR3Yo/odyjY+eB3pJg2UqTtlelF91u+KxCOqfMpCJMp6hJBE+Qjx5iW5bVa8XQL1798/H20GqbbXrFlTEd9722PV6sHr3omDin5zLl64Pv6OeAJx/rtRxRHjigPkqOxJBra6CDAFhGs1i7WPmn87h2380wHJ9jvv/YONuOHnXh7kOs0fMnbh9PgHKINUw3xNQ70rGbKj5H9TvEmjgmPQgPNuSQAXysqiwKq1SLE+SlWfInGJId1Q3qhCZSE6TIWUrkeeoTyWhRuKMBQ+LvPUoWpc5gnguKFLJ+n+CMkRiCMgR5VELsOpKZBci/ORQ+nFWV/Jb7vAclSxRu7fIu+4stJ1+LCDqhriS5k/rKobs4ZXtnRwjEJI1omPHtvUB9jt0aNtNBU8ivDLH8cyMkgOMce0mjyouv/k0ezC558t++cQIswfZMCj0sE3yl0qOAbB/nJA8s+PKRy2+5V15RmZIN5o041KSQOIxeHVKJth1uLwapTNMGtxeDVKNcyaDMi6IcWqY/xw5TSXj6K2v5Svn+XkW+WAZBMYR0VYzpqgw7b/teXKY4yYmTWU9j85v2hfp9Mme9Vnx1ZG2tjmXbviB1IiExyDDjm4J9tI9LOpj/Dbu3fvov1ihJgvs2PHDqf3CiA5ZMgQr/Nl8ggx17WU82UTuG4o7H9Ro6QhBTfpGr90RmoeWUrSFToKLfpFiHfXwV0/pv4N2be/5O0BIEZILicci0BcC3kLQsg6gnzOx837HnlfD8vlgNxywrlsPrItQMvmI9sCtGw+sgtA20SEbfwqMWGXS5IuWOLpxfYMzLBOMt75oizzxGt77/5s8NjTE/DR/TBs/P6VeZhaC9FGbng070EReGxPIePx2qWPsEP+sYcdecpppPJvPPdk0XuJimCqk2+0POvRdhXclqq+jyhQiZDkA6Ymj0oTZNK+KwMRZBih8kGKHllJ0sWvk00pq4NdBGPRD/dHULYTRIdx/vGOkz7Pxo75NHv6mRdY75W/yx8vVVsAilVADMd0oz4ggitmspcBLwyFpkR7sSwv9I5yAGQKiHbp0qVoe9++fak2ttoi0FmPMvd19BPB2DZCXEkRZZckXUcNa6o7aljb9vU3PtkKQ0dQsnWO+X3iEBPotNcTo4iqDn4wD2IiF53HG89lC1ZsIrRZb4u0fgnOY5Yge7Vj1H+8R13eoxxwvP2d3anXLyVEp+lRaUOsZQKw+kH7WqVR4cWvkw2fJdU2FbRFP9yfxhJitQDJ8Pijm69u7dHtgJKDsQjCuuc6iZAsA14bOBbLoncppBpejaIMs1YNr+b7xaZh1qrh1SjZMOvOriC6devWtjsR/frlt+vr60v6ASzlsOm41JW9MBLMR4j551FM+6WnKivLEZXbIzQ0Zy1imKVzUw6tWP4/VuUbR/6TdL/rWtIh16DOEhzLRKkPw6jFBFx79sh/J12HVZcLwitliHUW5h/j9UWXpMvXA28qUDJQZ30dZIRj/nMgfn7wfURIrl3xkMyLCse6sirvqEJVdJKuCK3ZBuOo0oga2dJlEq0GD6gL+1cHnBscYpmnUEtFiT4umWFdPEKAaSi4pS775Lu8VKWIAseb3trmBce6+jJI5ucfy46LZaKyra4jp5bVwyb7NF8ny+cUosY+ZeI6yNkXDrEW5yC7RJLFfT5wrPOOCgTIeIeusbExvz1x4sR4RqO04FyJ84xVwmEdlHJpt8UU3aIs9VPJHlCH3x8y2idbGqccHryPz9JNLh4hwDTCbfoqJRxTYZcCwxBFhbVnMZpK2a5mj5aXX/H+LKCHz8i+EOsBh/CIUdQOJTc5dTeBCTeIq8kjy3Bse0wFstbfOWKdWl7CiaK61tbYF4mKioqKioqKioqKioqK6jz12ZdIhIxLOWHG6oULF7IZM2bk7z7Mnj27FSPImMWaOgR67ujhdSE8qO8lhIfufCy+9VJyOzBRF5/pevy1d9fxHlBGlglbd1z0oLSD4mHbFvD4zY0TW1V1KInKvnjTwniXK0orn4gqKKvzS6Oq73MKw9ohoR0/7JF/rjoG0RY++g8+sEYxShf9bX3utoL6YnvAx6V+VFSlyTRcuxTR6tBLRaX521mK7zz19zuttuiyRotSZZFWeciWedJlorYd9iyLAofwKHd/LAseXnOQAWgBCuExXnbTkQkgQ2TCLrdEeDZBeNY1ffLo/PfhtvnPpvbjYjOkWFW2mjxgmRAXLUth2aqoKKoAPEcJGeBxPr3x92HZnR3bwrFe3HaLwUcHx43DBrIXnkv3HPBL28jmLIN0Q7Wx/mOPPUZ+TdPQbxXEmKAlxHxZ3w4u1j9u1epg56Ma4JayTFPaibFCLhXlC7dQ3/S7CWXShGRKG0rVlqyImjxLXL4ptIePMB8MNVeKLIdMuT2cAZmfbxznHpcGlCsZGqtdPBS3jP2InbqlP3vq8DdTf134YQHAo9wpw7LV7BEVVWmS/XDrfswx6ptcayyyk0MdVQdz7aO3KeF67ZtunXOTsB0IDJDLBOC4pUWO8wjOKpBD6Jg/n7amO/jJvFTr08pg3gd+VBDkkl0W6oiQDB6v5h4Pf3qZ1/nIEhz7wC3Wh+RXX3++7Zz85ORRySP/HMqYfFxvfKD4Nsjawe9LC26xPlxDDtv7VLJva/dTk0f+OZQx+dh832Xi2yBrB7+vVmRap9gU6Xb1cE0Kxqvr+6/nADN3TRkKSzy+XHDs9yvbVjT43Em9C/YfOzR3bV+9KakLuvuwXuzSHKSubDqdrRT8Vy1bkTwOG9VYeOCEgTmTJUndafDZ/OhoNm3d62zBWV8rauPfH2m7mXrEOWcXHhjM2KTHf5rUtQZkfv1j5b73i9dDLuWSTFkDW1Ei6OrAF45Ro8RZjiZXQqR76pxTkgvD3Kues74gXHD6Mrb2rfPY4H4Psl98dDL76+idjJVgZR34YaHefdWtP1wtHqEU4kc/DY+Qd8/T9I7KtvBvbwPaCNj8ZyXUqA3M2KuCY/6YCuQomYFtIGzKlCls1qxZ7IYbbkie4/a8efO0MKaqp9qePHmydcc2RAe7khQKbvn6sC4qa/eAbVj/FI79xBPSKbBe8LmWtIPy/Q0Bt3x9WK/26PaccbAN69LCsa2b/SCdAuu8ZO2oVakg2Oa7bevB35yDMipg5vfLIBrguEV4DX5NZNnax01DAaA7ngMc72gpXCKQXxNZtvYx1GHtAA0CON67/vWi7xyuiSyufYx1WA6grQEZ1zzOn0xuHeQOYi7OmugLx66A7QPmrnVth0XLytsCZVY8qDcFsgbOAMd9BvbMb9c/3fHVoA6TvuRf/8CWveT2+svurEsuNqOuaLWGlLgOcjrQbPrhp0SwQ3qkETFP07vUNytcbkDUslzgFoaC858V1XcOlvV5b/ncijwvAFH9+/dPQBi2EYjFbZVM9cRt1Zq9lAhRtYGw6e/iA7diB/no9Rvzz2EbutAUOA0R/Q3RDl+4FcHl/o0D2Yx2D9iGO/wUOA0Z/fVpR1Q6UgEz7lcN0W5xuC6JdUQ4pkisI8IxRVjHGpCfEuC3UbIvDblCrg+Yu9bVwSBGhFWRYVl0mQKRstc0tcPlvbi2JQudZPDoc1wje/vVtrtLb7Z8kD9eD1+F9mmAAMqf3HJQsr2teW8yfLp//YHaSf8jR3RsI2jDI8D2Cau6FbWjo96TbR3P4b3yoLz8xdMKjoFwH9/hP2THm6zn/i1W5+GQ5g+LO2KvLbc7mZ0OL9pVL8yhNEpYvmHwuHPYiY2NVhYfrlhR8Nx2HWRT2azcNIiK88u9v2+K752vZN+fpblr5/SRjM35cwsbd/jO4O8dIslpDAfmo5QQBQZBlFe1rYpWYgSZ4gHbsggyFX6pEF1N8oHKNNpiG/0NrSxBZYz+1hYw2342MHoMgm1ZFFknPnoMwqVWxSiy6TuL0WMQbMuiyEWAXKvDoEstBEjT0GoKdNoMwa7FDjIvgONxpxzPFn18UPL8U1v+WHD8f+/ezCb96+eS7T83L2OHNnRP/v19+67868vasX/vzDzgJo8v/YkNOL2tY/7izhXskLF7lO9l5OCVuQ7fro5jufoLG1rZ7UdBKLpXcmzJ3YPYtG+0jTtZvvaa+AXS3AARbyJQbrjECGN6N6XiWazu75xs/9IcvN5xxx0V+RlAuKWW1cFtVAT1WlKM/kZR4dgFkkU4doFkEY5NkFwAyDo4dj2WZZXjhkDoZFu1AMehtDMHxgce93nWxH6XPP+DJPj6qfP/v/bHtud79uxhexYsyG1tU/q+0+tWtrmhkXu+gj2y/jvJ9tvv7GZfqZ9QUH7z479iTd/YlsDvNZtOTWAYQRj24/P6+l7JP9h3zabhyf6Rg2/POdxY3Ib3/qF97yNu+HlbOSHqWo0d9vGBy9ayfCO3WYHsrCw7ET9R2RfOEaZup+UBqsUIsU4PnzeJsfPatnGYOw5Z5/fVise+Yy5jw49hbDjrGK10y9Rxuf/HsSQTEGEEUzV5RJVOOLQ69BJRWVLncrxoViLVlQD2uvnKANoYQc56lmsdyIea+0zRB6/+LoHkRL9/tOj4XXfdVbSvsX6b1vPgXdeyvs29uOe7cmB8srI8AC8I4PfUu//G2DdYHoRR8BwhedGPD2W3f6MDmqlCKI6qHqkgLUSysKxCdrnbEap+1hSH/2dbtTK32EbnPrggH7nFSD9E8l8fNCCJ3FLm/laTR5d1v+yI3E44Mtl33dyl7MIBbZHbFsLc32ryiMoeGKuixyhKFFkVPUZRosiq6DFKFkW2BuQQcBuzWYepX67ose3r8uAugrwJ7EO/R4DjHj16JNuTvvXr/H6MFJtgWNmZf2lXwXMxaiwKhkpDNJiHYtwPgmMIwzxQ89reuz8bnOu0739yvhGI33iubT7zWoCOC6dn7vuxdukj7JB/7GFHnnIaqTy8n7Tfi3GeZ+D5nCaQUQGaT7KwCEm1Ldu5zKbPC8wNxusrPGZ96aBK1/0nj2YXPv9sPBFRUe26d+KgohvCFy9cX9PXIPFmm83IFDEJFwWM3/v40WxJe4K4afPMI6cAkvM38j/etu/Srbk+9dZVbR6E0VcAyUUrc3R+nbHX2hJuTZtr9gBIznt0dgDkWp6jHOLmgGuUl59r7JI4K6RKCbQhBfC7IBkurT7uok7dZ1qVRwiGx0/2mZmArzi3WDfXeOQphR3W+tMms0M4CLbt2O4+diQ5UReUlYFh0g5iZ1u3zNMbz4XpqEdVl+Lfu/zn1vT9Rjju3bt30X4VJFPXlNUphEelKsmA3dAjno+oqHY4Hvr1WWzz3I4+Wd+pM5P9tQrJAMciEOtGp7gAsUw2CVNVdcrt0bmS//A2wFruyLcsmZb43ATPWR5CXQkdZPA4RrM4ccu7pWtHHoQ3X9K+Vd7ljRLwzcjfKCqCaVT8u0SZBZm074oR5KioBIIbunTKwzGAMWzDP9hfKZAMQApLKUG2aBXcwj4AWQq8Ylle6K16fd/30PX919lhezex19/f71zn7sN6sU/0r2d/292LTSN6iHV++NHRrL7TENbyUSeyB18nOCCXcn6xzeuUMvJtO9+WcqyU7Si1KG1Z7TmcdXyVeURFRZgrbTuyBqUud8Vlcl4yKoBgiSTfiGcIj2oSnI8ftK9VGpWOQiTYqiZlJcHWwV0/lt9+/9ffKXjevG9/xZxPEZJlwGsDx2JZ9I7SKzggx2WiOiK9KvCTzcFVDZ+2fU3TPh2klitCTRmyHSIDbDV5RNUO2IVoTzVEHEMBYVakA1MqtFKvJapEbSE/FzCMGoZT8/sgt0Ocg5yeam3+cbnBFG/GrFmzphhqhH3i+tjVCKb57P6ya7OwL+1+D0SHcf7xjpM+z8aO+TR7+pkXWO+Vv8sfr6TPOg/JvKhwrCur8o5KGZCrUa5RcRNwihmpVR5xKaeoEOCgA4Zq8ijFubV5/RAeMh+Xc+DiEQJMQ8GtLxC6jt4IPfJDm1hN8jppfd5D33QQITnCcVQwYMgBKAVM04bsUODr247ku0sA07QhOxT4hoB9hOAf3Xx1a49uB1QkGMtAVtznA8c676gIyNaKUXE/meZeR/nL9CNFWeqnmjzSPLcurx/Cg/fxOQcuHr5gGsqjFN+VtDuCtp5ZOR/UdrhAMUJOfX29F0D5ekyePNn7fIbwaHn5lWAePucjKwoFpaEg2/e9+EahQ12LQkG27/UnK1HorEJyWnXSXMPYtLyTKFzuid9nWt5JFC73VHAdNCzvJAqXe4LtutbWeAMhKioqKioqKioqKioqKipTEeTZs2e3Tpw4Mdl+5P22fdTo7dzRw+umPvuSF+3beMCwa9A57Wt2LVy4kM2YMSO5S/GbGyeS2yGbr/zFmxbW8R6mYday46IHpR0UD9u2gMfiWy9tpczHVmn8tXcndxgx9brrXcRq8oiKioqKioqykymhW5pzh+G1bZLKYdk022QaGZJmHwVeOx9BJgjLhm6TLmu0KFUWaZXHz48Zkjx+Zd0ao0e1yHfUk81nIk2POMQ646qFpZ9ky13FYdhRUfGHMlRHKCvt8G2v7ke/lOfKtlObFtSYYCMEWFBgxhZ64vmgt4kHRCrcilDJgyksjUWFWJmHCxDjNrw2pQ18fayDPjwgUuFWhEoeTEeNPZ0MsTIPFyDGbXhtShv4+lin2oILLnON+Tr8nGJb6ObriZ6u7cYgEDV/BpaVrWFcLo8IyBUEyhEas6npk0fnLxC3zX82UxftED8k373lR63XX/cfMdId5SRq50eUNpFVBbeDAqe6tqqOYV2f77tNZ9WmU+vaJgQiHVDojmF9VzC0gRkb6PFpTy2dDx4QKZ58ORGK8RGSX339+WVJ+Z+cPCp55J/zZWUeNudLhFtMvMW3QdYOfh+frIsHRMp3kC8nQjE+QkKs2Y++kZSfMeHI5JF/zpeVedheg/nrASbj4tsgawe/r5rXgB941pnJ44633krAUwaoPJCKWajxOQVyVT78tskHjtefeALr3a9f8nzD408kj7Cm8ep1jDUN3ZV79nJBnd+v3JE8fu6k3gX7jx3K2KLVm5K6IFjT+NIcpK5sOp2tFF531bIVyeOwUY2FB04YmDNZktTFdZCnrXudLTjra0Xv/++PPJY8HnHO2YUHBjM26fGfJnVrFpBLtV6zLMJrk7TKZvmlLEeTqyHSrdJjg8exGexVNpsdx27LGBz73m0FOL744osjJEdFlej7SukEyo5jXd+bYjYd0DQ7qzyMvfbAjdIyA669OwGI95bPlQPKBTd5Q6nOn9oOVNeRU4OcD1WG4wEDBmiPY33f82GSqR0ur0eF28WLFxe9rgxMIXkPa/eA7fqhQ5JjP1G8T74dFMnaIf0OSdpB+c5R4RZu8InfUxWYioJjMybIv+t8O6g3GqsZbkPog7172YHdu+dBVZZlmgdYcY1kfK6CXIoPv23y4ddphrbzAjhuEdrHJ+6ChFz/NKCTUAcAuuM5wPGOlh0FZfjEXZCQ6xNDBxQchzqsHaBBAMd7179e9J3DxF2QkEv8ziVAnQPomgXkNOHYdli07xrGWfKg3hTIGjhPnXNK8uWfe9VzTp2GOSeez1iAzKMFPyh31uUvSKOuaCVndubv8NpEvwCCcRtgGOH43nvvterkYxtc3ze2o9xAHmJulq+H+HdN8z2GyrSdVntt21OJQ/CwAymugyzrWFLKuEq3DrP4OjZlbYVgLHsNSjvyYN1rTGrnhHo+Qvx9ELj69+9vBFdKGVfJvHX+tuVVZalwS4HSo9dvzD+HbehCm+BUbIcM1Pl9abbDBm7TvmZRo79RegEcI2gCeMrWKeYBVpwvjc9VkEvx4bdNPjwcI9jnPxcCHJM+S0IdEY4pEuuIcEwR1qkYQC5VxDeEdDCIEWFVZFgWXaZApOw1Te1weS+ubSlnR9nU+X9l2Lusz8CeeVCuf7rja9G//kCzR5/RzkAklh854sn89qjhvdiiHx/Kmr6xLYHl5S+epvTg7+LyQ6eoUSWEYfH537fsYLjfFEXWQbn4PlVt0UE5D/BpA7TN3Kw0PZLPQaDIoK59qhspIYYlhwQ3m2hFaEBJ84YB/50FwOLbSgVQrBdqjh4Fyl3KUoTR0tceeKbofNjCKuwTh7qGOie+0Gx7PgDOADYpMKyCZtgX4nxQ2+BaPg2o9BX+Dfi2qKK/YlnTfsrrZU2NX/qOcdSEqWwIj2qDZNaexGu3BDJNScR0kBvaB9sownG1qGIAudxwHBLQESBNQ6sp0GkzBLta5Nppl3k89uJfc3D8dn4/gPIntxyUbG9r3sve3L6LTfrXzyk9Lnv1fQZzMJJOUO7xjpcZ++VxH3d+LyMHd4wvaWnZlYPjtseFDaey27+8ki1fe42yYw1JBcQhmggKFDgGGP7THx7PAzE8ByGs2sCxCBP8+1TBmAjHIhDzAG8T1Q4JCOXwqAbZAkJa500XiTRFKX2uO5SRHFQopr6fUv7NfAHQBFQ+50MGZ2mfk7TPBxUuQ0Rubb1Dlc+iYNj0kCFDSKDOl1V52LxeFrXi198mJz9SlQ3hUa2iQGwpPEL4iOsi47rH4jBrncR1kXHdY3GYtfZ3VlgXGdc9lt1gq+oh1iGhNpRP6GRbtQbHpRCA8aEN3ZN/f9++S1v21qG92YjhR+Sfv/iPzYz9w/6zMnLw7Xkorq/HyHF7Zyv3/Eb2VG6rV3u5jvl4fDZZ+OHACBI/P8jUOcfh1LB9xmfPykeNEZBNw6xlEWvsqGNH0dRpl0WsEdKPOLx3AbCXUnw2RF619COd1g0HPLfiuUwDLqgg6gKp5boxk+bNl6zMQ87K+chSO6hwm2bk0dbbty0YSX34vEmMnVfoOW/evILXMUVufTxQFA+TfDwwknrL1HFFnztxnyly6+OBoniYFMIDdO/EQUUjfS5euD7mT4myVlUDcqUMybYBYP45gDZGkLOe5VoH8qHmPrtq0GunFO4YzNiH7Zs99h6orXvt6h2s/mN/5+5O7bCKIPO6ZtNwdvtRLyXbMKy6ABpykKySuOQK/pAkANIeVTYNueQhmYdRiCgjJKuGWOPrA+jwMM4/NwElvj4AOg/j/HPYrnW5LPHjOzQ4lETgHFUmAK00yYYY6/ZXeztUr1nL7VANuy7l8Fzd6/m2BSOp5z64IB+5nTVrVnJsypQp7PVBA5LILcz9NUVufTxQFA+TfDwwknrd3KX5fTjPV9xnitz6eKAoHiaF8AA4Hvr1WWzz3Jn5fX2nzkz2lwOScQ1k3ObXQlYJMlhTo7WqJF220V5Vki7qMGxoM2ayjoAcFRQQXeuXK3ps+7o8uIsgbwL7tN/j2SM+mQyz1h03qSVAci4YOn374NvzQ6jFiDLsH9l+fOQpdF/Z+oW2QnjVDbHmIVmMulLXTOUhGcFcBfChIVB1flTDakvZATZlC6UM33V9H6HeZ9Z8Kknw95V1TlX7q70dqtes5XbIgK7Uw3N1r5f1ocJRlS+A4IYunfJwDGAM2/AP9pcDkilArANWGaDaJulSQa5tki5TW3QSh1ejbIZZi8OrUTbDrMXh1SjVMOvMAzIMk06jbJoeVFi0rYew6JI4q1TvoRKHfFMgWCXXaLEKkvntT/aZmYdj8bgOUEEAqQh9VDjmARUEkIpQTEmIpQNh2zaojrlAIKWTK5NuiG1yTDH8utoUYv5wyDnIJi8qRCdz9gUv2Je14fP8lAnK/mpvh+o1a7kdsiHBpU7wpHu9rCebiqoOHdz1Y/nt93/9nYLnzfv2Z779mMFaBroyUH3rqac7DuT6bfhctxSU1ofzoPjw7RSXeaoGZRaQz/l4aeqk4WECXBVMmuA5y0OoSyWcZ1sLHss3X9K+RX8dvoPvGjkGMEZItl3/mBotdoXkqPIoxPzhkHOQC6YRcB42IC4DYR0clyt6rXrdUrcnK+2IiiqXqikDdQhlKQM1RIdx/vGOkz7Pxo75NHv6mRdY75W/yx9X1V0z6+Y6WOcX1/XVRV3hGEAk1AntgRmsEVplSyvxACtrAzzyaxarlnlS+fDbJh++jdWYyTpzgNylS5ey1A3pYTvflnKslO0otWzastoxaje+Sj1Q/JI9Nss78eKXerJZ3snUjuW/vqkVorQ+7dj41o5WmItc7rWRa1Uh5g+HnIOMXqWcx+z6fY0J3UoD6+UA9ay0QwZipYYz3euFStLlUzaEBw4VpyTYUg0rD9GOrCyvhHOTKQm2VPOYQ0I2QvCPbr66tUe3A4xgbAO4OrAN6YHgiV6y16C8FxnkhvbBNuJKLjKphlejKMOsVcOrUZRh1qrh1SjZMOvMAfLWrVud6vXr18+5bkgPEEZ6VeAnm4OrGj5t+5qmfTpILVeE2nbIdoi1YKvJA334bNaU5Z1EidmsKcs7ZakdoTumWYuM+bSnXHXTOJfl+ru4fFezkiAtKqqSFQJMfZdXWrNmTf4Rt2XHTftCLPMUAkx9l1fCG4aYDLRIkn2ym4xZWuZJBFxeFLAN4QE5bfA4BWJtIDcNH3y/MUlXVDDwE+EvrnMcFRKSXTv04vBml4htudqBw8upkT5K2RDLPIVaKkr0cekouHjYRk5lniE8qF6m92ScWx6VGXUdOTVouUpvRy0qFJiiXJZXuuKKK4KPXHJd5ikUmKJcllcKdWPftx1pQzIvChz7emx4/IlgQFvS76gi2h0BObDgjpmLGhsbneuG9IjS3wiQPY+KKvXNAZuy4nGXqGAID97HJzLp4kHtEOk8Q3iYvEx1dZ2sco8YoNxEgOkVlKzl1dAOHeSgxo4dSypXS+1Iuw9TynaEAtPQkF2udoQC09CQXentoACfLbjaelQiGOvaD0OrQbrh1SgcZi3uh6HVIN3wahQOsy76XV/d9v3RDa9G4TBrfF7X2hpHgEVFRUVFRUVFRUVFRUVF1f3nb0/wIuTvnvdy3fUPnujtIe778b923E34xv/b5HRnJYRHVOWKX5fX9c5rNXlERdX6tcBF8TsXFVU9uvPOO7X91TSGU/OvDf6mNvBtwTppXht1x9O89mESUepoJiwbuk1fua0xef2fT19R51o+hAelv0ftC4bwqHUVDbHuc9eu/PbbX+5lbehTf/bs2fkvCSQMP/mIruz5v79XsF+lGTNm1InlQngU+D3zs/z23jFXSuvHj1Ttavrk0fnPzm3zn838Z6GSL5LxAl/ac21Tnv97+Cap8vGSfS5kc4xxaLXuWFbOeYi1xkP8vW07tWlBjQk2QoAFBWZsoSeeD3qbeECkwq0IlTyYQmZoKsTKPFyAGLfhtSlt4OtjHfThAZEKtyJU8mCKq05QIFbm4QLEuA2vTWkDXx/rhP7dP+YkM+TicSi7bmU6HsnxwYwNzZX6y+Dd+fJ5CcdkrxPCI0oxBxmh0lU+9RFCD+7aueOxfd/ZP/yjtu7EiROTx8emfUbrgcdlnugh02M5D3xvYrmFCxfGT1ON66SPtrL9Q4azTmtequj3sejiY5Q/uk33rlNeSKfOOYXUIZp71XNKj2V31mk9Rl3RGi/kZRC1AyObl0qtG9JLNz+Wh14RinXHSgnGuvepOoZ1fTqONp1Vm06ta5sQiHRAoTuG9V3B0AZmbKDHpz3Vdj6ogEjx5MuJUIyPkPyq158uScrvOuOe5JF/zpeVedi0X4RbTLzFt0HWDn4fn6yLB0TKd5AvJ0IxPsI177C9TyXlt3Y/NXnkn/NlZR62vyP89QCvt3wbZO3g96V50xKglYdY1fFSeKxkr7BjFMfxmAywfT3EdtcyPOcBGSO/BVDZvg8iwabIsKm+LWAnX6apm3O96b5sUMMBCZTyYHvez54pqsevYazywDIIuuK6x7J1kB+8ckzRe8O2mKA9qrY0eMtf2PoKbDf+0A3Y8xY7rFtnLTxv7NGWzp+PIr0y7F3WZ2BP0msBSJ+wqluRx8gRT7JRw/XXCgDo5S+eFj9oUVUncQ1xnWTHXdY+p3qHKOsDY689cKO0zIBr704AQrU26vgLbvKGUp0/tR0onyzX/PlQZTgeMGCA9jjW9z0fJpnawWvx4sXatqAHFW4hOZj4ujIwhSRCQ9uPwzaswwrH3pSAqdgOimTtkEnWDsp3jgq3cLNQ/J7KwBRe++jjC9sBx7Zuln/X+XZQb1pSrheydpRKu3d+0A6XB2qP9zzowFQ9+HIqmeq7evAAD/VVwMzvr1aI7kwBU/64LjJsqm/S+vqHcsR5GFuV2x722NbEA+qvyu1juY4z7MM2iOsV4xrG/3f5vys9huUeAXZ50EX4HXPTg9p1kH3fW1T2dN8PprdedPVtyRebHx4NKuUQaYyaljM6ij9y+5+c3/bj+u5HCSjDY/Kj2w7N8NiX+0HEem/37rjTu2/3R6xLz84Fz5ObT+37AKRH1Z9a5DFycNutzJaWXay+vlfyCILtfNncdaBT99NTyaAbYjhwNXnEK0TphR1IynJcRWUCtsN2abJQS5mJQjCmLk9W1A4E615jSnZO0joXPKSJ2Y5V6+qmlVlb5WvbDup6wLZwS4Gw+zcOZLPan8M2YxtIMGYT/U2zHTZwS23HjOP92iEDdX5fmu0IJYBGFVjqjoX20EEwtX4IDxUw435dFFtUU1NTvl+yaNEipz5GCA8rQN6ypSvbcnZXJVRCdFgXGdbVB7BlWxg7/HAaTMrKJZ6sMIL7zI3nFbShsfFl9tCmy3JbXaUeuE8FulC3w6ND8N500L5q8UXsuvH3xZ5dyvLt8IsefY5rZONOOZ7NmTMn2fepwX0LygIw968/kNyOQ3a8mXyWQPB478RBrdt799e2AyKmScfp6DYIRFDOQoRUF0U2iYdjF/FAXK4bBeWoj9Dv2wbftshuPvhECkNGGcu9FFOa1zeMCAFgPfxqHRs3bhxbunQpO/c49aWPL8dY2zrgoeboFXozbTuwPIjSbpMwWvraA89YnQ/VORGHuqZ9TkKeC/58AJwBbM6fPz/vPXnyZG1dsSxAaYjzwfuCKO3gz4mpfBpQ6Sv8G/BtUUV/xbKm/ZTXyxpUNn7pOwWjJnTRX7GsaT/l9dKE5Cx4ZFEiGFOjxwC2LS0tBc9tATeEhzUgq8DUBJUmsMV9AJmU5F2DWr7A1rOHknpQ5tFk7wFJXWoEF+rC64keFIiXCeFc996isgkuYkef91jRcig78LjPsyb2u+T5H7bIX1PnwWv7x3qwAY2N+efvrFjBBv9jj7YdGDFNOv4tu/LDi0cNb9u/fO01WmgRpZoDrJvzawvKEFHu6wnMGFF2AWWMKkeVXqY5uTp4DZkcy6cdWRbf7gSoNi/JPerryMqFev/UNhSUB1nU0YkHA5u2yMpSgSTUOQl9LsT3gHBJgUxZ2RDnw6YNYjlXOC63YNg0Rr1NoM6XVXnYvF4WteLX386PjDCBOl9W5WHzelHlkS0Yi2B7+SFvsF9sP5LBcxvA5T1uHryZfWttX2sPJ0D2hUpVfQRIHrRNw5IhGnvL4ouK4PQX7UOsKdFpbA/v0YftkoI5BXSx3bL3FqPHlasPXv1dAsmJfv+ol1fzb+ewjX86oON584fskKZLpGVHDr49eVz040NZ0ze25YcUX7NpOLv9qJfy+6EcD8kyFUTFm3oay6iiSvlO9bEj2fhTF6l/sJ9qKuiA4/a4zf1Yz9eWk87V7txrtLBij8Wbm9jSE97S1h33Sr/kRzeqvBCHw0ixs0JJaBUyOZYKAtNMrFWqYevUDmCaHUVb76y0JQvtSLsDbwNMacGVra9vOzCSWn/pEva53PPPcZA/b968fLlduX2myK2PR/46Q/AwyccDI6n7jrmMDT8m1xXmrom3TB0Hv5RsX3KDZoMxcuvjgaJ4mBTCIyo9IG7TgdbzjcWoL8CxLSSLgP2ttUd29AVShOTOoaCSry/zskneBdD5y1VfKIBTGQTrwJYvjx4UiM/DhibpWALnjD5sPCqbAjju0aNHsj3pW7/O79+zZw/bs2BBbmubld/6HBRbXTi+0eaPkdJTH/4bY99gBdBMEUSkH+bmAOd/cNojtW83dWbn7jhVG4VGsEB4b7vwFM8BBnjmoR3r4dxlkDhvWRSAdKfTJhd5PCzMYwaJ0WcAaHgvTDHPjwo0cY6tm/BvNaoMGZ5DCyBffB+wTwU4IYbPu55z2Q0B1f40//ZZbkep25KVdvTv318Jc7pjldQOjKS23H16R+R2VlvsdsqUKezCAe2RyjPuMUZufTzyv40ED+NNPg8PjKR2WffLjsjthDZouG7u0rxHS/dTjZFbHw8UxcOkEB5R5QdilSDqC31kAGMYAbzkv5ay0786ztrn4v/KXVf/sw2001bnkFDJPxe9kg4GMcEVZIjuo4DTR888QNsGHeAirAPgikAvk6rdEYwrX43129iCBILVx200WBEtlgkAE0AUAPSmnacmUWMemPnjNhKTY7nKBs5DK9R7MC1Xk8Y6itWuUB1+WzBVefhG6mT1szh8D+Ba1i7V/lptR6nbkpV26GCulEN0s9KOqNqW7MZ4uX7rvzjwtwXPf7Ph/LKcEzEhl25+dFoZqUdd+ypjtx7Hbm7YnGwvu9V+7glA9r3/OTAP2LCdJih3Dg2VvHySd+mgmtoGE+Cq6odMOhaVbUgulzAKe3t7xFYcSm0aWi2TCJauoIlw7ArJssgxZsWmvocQkFwOCAwBkaFANHQEK9Tc3xBgWkvz0DB5F3V/rbaj1G3JSjt0w4FtEkJVSzuiahuOB/frI91fDkgGIEZILicci0BskwU7hGBY9PLnZ7Ldx25gby//M+vUvn1585/ZAx+eSPbodNolrE/uurq+3aPPyJzHcrqHFyBToFI25/ayYQ8VPMfh0SoI1Q2PTuYfa7JGU+A0BODatjsqe+AidqKz6AHzbtu0wQsIkmHHAcHdVvyQaZkoib1CvQcfmZZoWa0Z2j3ecJziwQJ4jA/wXkzfQ5c5yFFhr30tcU5eVFRJFToDdaUrSxmoVXAMgv2lhGSAYhUQw7G5L56jrAsRXFhKCdZRVsEt7IOh0JRoL5blhd6lFvQT6psG5rffZn8ui4c1INtCZZcuXYq29+3bVwSUNkO0Q8Kpj4dru6NKDy42cFpNHqE7yq4eWYqYynxtMiSrfjzFIVu6H9lq8lD9OIFc5iDrINoWsMsB5LUOpFkBdd3rlbItWWmHDsJKCWhptiMEmIbwwKHilARbqmHlIdoRAkxDeODcZEqCLdU85pCQfQiuMSXR2rfeLul1ShxeLT7XSYRkGfDawLFYFr1LpX/+/h+l+w8bcyl7YNq0knk4A7ItVG7d2jb0ul+/fvnt+vp6JWzKtmXCLNY+cBoCcG3bHZWuXO78+cJAlj1E8dmfcR4vP5+3Lfsz4Qe5PYO1bB4y7oNM1kUXYi6DNT+cWjW0GjJZq96Dah4y7qe+F9+Oquqc437K37GaPNJaC9nW1xc+QoJ6VFRU+goBpr7LK8H60/iI27Ljpn0hlnkKAaa+yyvhjf7kUXbTX7JPFhwItcwT/Ibh71ndkSexsWM+zZ5+5gXW+sZK535XOcVDcsFpXUmfJ6wq2+Gd/vuYPn269oYQHC+Fhxcgpxk1VSXvUolf6skVTkMArm27o6LKpaLhyTsKH1uISyMVDLGW3XBN9hV78UOs+eHUyqHVEsgpeA87FPV20N+L6geZ8mMsJvnCzge/zzRkq5o8VOeSel5tR034eOnqarNJGz4roUd+RJnVdeTUoOUqvR21qFBginJZXumKK64IDleuyzyFAlOUy/JKacBmiGWesF0/uvnq1h7dDigrGOMQa3EOskskWdznA8c67zQ0duzYuix4eAGyLVTCnS1QY2NjfnvixInBGhYCTiPgRtWKyp3YKctDrfkfSJu1bKUwZQlJ1eSh62xQziu1o+LjlWY70hj5YXsTYTzzWzKqktqhgxyu40QqV0vtwP5YNbQjFJiGhuxytSMU7IWG7EpvR1pwbHtMBbK2r0+tk1bG6mpRXWtrazwLUVFRUVFRUVFRUVFRURGQ//O3J0gJGZd8AsGQaxRmrF64cCGbMWNG/u7D7NmzWzGCjFmsVR6ivnvey3UqD0qb0OP6B0/0on2Kh9gG1fkIJYhAnPLJ/qx5z/vacg09Ps6e++ubmZ1nQX0flfJ+oqKioqKioipLd955p7aPl8Zwats2lLItplEupeiDUUfapNUWnI8ryxotSpVFWuUhW+ZJl4nadtizLAocwiNKsswTL1jyCdcelgmAFqAQHl09bOXrR4X2kG2gLFzOlykXFMqGFJZy0fXtzbvYIQ294rcyqkD3ThzUevHC9fECniG5Xq9CDoGulfNLuSZX+7lTAQUAhA42QgAGBWZM7ShVm6r9fPjCLdSHzNAoHAbO74MyaYKp2AZVOyht8YVbMT8FTpuwzU/he63jX0/VjlK0JSuiJs8Sl28K7REBWQGQB3ft3PHYvo8HSn6+sTj3mOphC7Wh/FwgW9WGx9hn2Nk//KP2ogWRU9OFTSxjM3ctVCdM1k5T20NerGzg+LXnF1idn2NPnlRnWyeEB9SJlxk/OIa12CNkZwveXDpQso6QqlytQjJeW3XnSXfMJiu5702MUkR9EIhEcOClO4b1XYFHBjMu7bCBnng+0oFbrI8Jsfr3L+zb4H4oY/IJAf6mdoj7qWBJvTZjfcz9IWbw55M5mnxCXAdM7ai1FQZM6xSbIt2uHq5JwShqamrKey9atKiuXB7OgIwAmXwxpm5O1kOGDioCJb/+MUq2T+fhIl+/EJBNbYMIlbJhxaYy/HHqsGTbDhClnaa223TIYMi0zXBxHRz3PKiP9ft2qePrAW2NkBwGlH0AF76rvh43Tp/cetNt873+lpXugZ2qhlFXdACbBdRCZ6fulLYlGY7qd2jHzbGDeyaPL8z9mjPIVTpU8x1eU8I61XGs73qTgXoTwwTqIW548ED02gM3SssMuPbuBChUa6OOv+AmbyjV+VPbgfLJcs2fD9WSJwMGDNAex/q+58MkUztc37sv3IZqBy/X6G+Ia4Uv3Ia8ZvGQLrs+1PKNT/f+5oFO4OvjwUeeoYwKmPn9JohGqG1paSnaR4XcEB5egAxZq/uwXR3Ql4NA2F519mGMDc9B5JaO9Y9R/DrIoP+7/N8Zy5Vfldse9thWqYdNRmlo05azu1r7yYZSu0K2qQ2rFl/EBrEvWAGtqYzqOAxDTjqUQrQVygN8UpZ8QcB1BW++HnqZXleMOFCGU8v8EI7Pf+Vt9uHOncm+Aw46yNjmZwezpI4o8KDU13no9NsT+kRIzgBc+0ahH73/ttYrr/xq8jjhwul1teghg2MA20MmTLfuAMngePs7u63AWNYBq3RQxo6tmKlVtVRUUbmAbQhd1kUIxq7ngyFY9xrj3RZV9lzV+rCmcj5wKmY7Vq2rm1ZmbZWvbTuo6wFnTb7R32qTT/S38UvfYeyNP5FeJykbVVKpgBn3m4ZoA8TyUJv/bLTvg+MmwA3h4aJOsp0IkigAUITQhzZdVvBP3CeWl3nYytUP3wcALsDsL3IwC2C7rB1w4Tnsx+Ws0mhDlsQnypLBMcK3Csxlx9EL4ZzalhBzjQFsVXCL8Gzar4Njqodt/VrS6aef7jysHcA2AaFrX81HgMvhESUHIh5sbUDJF44BjAE24DX5f7APIyYmn0suuaRV968c12YEfgCsh1+tYy19T08eTeLLIpxRz4MOBmX/QpU3iY/UhTgfGFn0/Tvx3rq24HFqm23OB8Dm/Pnz2ebNm5NHk/iyCKohzgfvS22HTbuzKBugV5UN4ZEV2QCrquyKX3+b7GFTNio9YKbObxZ1+SFvBG1LaD9R+QgyRFwheswPQeajqwCRFBjE9ZPhESK3j7ZhiJWHj59sKHUS9WXFQ6mxrg6Q8bxgfVkbrht/X5LFmiqfZFSu9ShZpH2glRrBTktiJFgFvqZoMe9j42ETidaBnCibIcHL7qyTeoy6orXkfw/snJ97nHtkb3vv9tEJt/dvu5XX274dITyi2v6GAKADzrtFCrYwbHoou83q+y96bHprGwki+WHaScdr2MC8x8YHrzMOKwQAbmxsNAL0PffcU9LvDX+T4dzjcl+ZzUuS749JsrIhIrsAduPGjWNLly7teB1DeRDWMZU3iR+e63s+Qg31pbYj/96JbbY9H5MnTy541ElWNsT5sGmDWI5aJ2uCGwzU6DCUhfWg0/DIigBYqVMtoOzYsUvjj2kNSYz8/mL7kQnU8o9wXBcBlkWPbx68mX1rbd+kfvJ7Z/DwBmSQaggyQCBCpgw0VVCL2witAJo2SbX4eslwZom3TLqh1C7Qjkm9+NfFbYDjUkFuaNmAetazS9vCqQpoXSHXxYuP8IxUDAE2JUQrOK74btl4UEQFIFl2TFtlwWP+L65unXxhW4duwhFj255f/oOS33SYM2dO6wUX/FvbNemMocnzq666quTtsAXbkB46OAYBwAMkU9Tc3Czd39DQUNZrmc1Q3BDDdn1hME0ozNL5oHqn2QZQFiKQtr6+7eDrywAT9mEZSuTW1cMEuryHK3BTPPhhyTBKYpQwhBn24edQFbkN4SGW13lQFMKjlCuv1LJwaDU1iRcCMW4n0962270m1lvf/GE+eoyeaSgPyKt084YFUKRIhE7X5ZmwHu+nAlrKfGUe9GG/yssUiXYZWs0DKRVOdeWoHqroMdRVzWl2kS6KrItgi20oRTTaJ9rLw7VsHrRNNBngbf+TxcPNtr77URs4d9vCOp02WQt24DFy8O3FMNGyqx2cV7Lla68xelBkA5gholhZ8AAYBig+83OfYU/8/o+sHHAMAhgGKD7rrLPY448/zmoJjjGCrYNj1Ken/jR37f8a6frx1MlfKnh+6vO/LvnfFYa6dhtxEdtILP+/e/sy1quvsVy3EWOcEwXZQl5IKMShv8lwYMLcYVK59qHFNucjK+3ADv+KF81lIUK36JbLLGDiPvJvbDnbwYOkDB5F+DVFbl09TNAf4sYBxYOP3Mq+e/w+VeQ2hIfpGhDiOmILx4P79ZHuj5BcHjDmwfZy1ga1sA3T3thX+zJbD4Dji/9rA1t263HJNkaTUwVkGfDx0V+X7M+udR+b9hnWx/E1Ve8DAVoF3So4T+AhUCZuHkJ9IrcIxvwxzPxcaxcB36HNLh6msi7tASA+rFtnPxDMAXF9vfuNjuvm6n8Ab5k6zsoP7/z6zEXMikfyHWtwz4IeMgrdvXt353aEiELLwBZg9YXnSuehgmOEb+PNvObmJFJ87rrHxD+yMrKcpvgMvS6dapkABjDDbqWBehbOR5bawWcsDnWzAhIn2Y6oyUo7oqKocAyC/bUMyWLGasoSUSIQt+lA52WfEiC+9bj8NgAuH1W28YC6vF9ayvfIVfN8fUHRta5LPd18ZdkcaxV0u2bOLpVCDncO4eUzp9q3DSEiuWId0Vfn4QvnKBGOXWBZhGNbWK6vrw/2uRKzlrv8MGXFg4dbeHSB2xBR6Da4vSDZhkcXuPWNQqvAlppkK4SHLxyDNmzYwAYOHKg8VmqFmiPr65kVIMzK+chKO9LIFu7imZV2RGVDWctAfcjRxyuPrX3r7Zr8GwEci0CsWyYqFBCLWv78TLb72A3s7eV/Zp3atwf3HcguX3QPe+DDE5094Abb5c10DydAFuf24rYJFFVyhcxbFl/ktUyU6n0AHNtANyUSHUIhhlqb7qpR1h72aatLu3yh2gaeZXKB57QEQ6i9Lz5rr/H2mDHxJBalgOT7w2Rd9YlCgx544IEg7fCJQvvAsa8HBY5XrDJ3uAGOZZCM+0oNydTleGDYZ1pL92QJCLNyPrLSDurol/EWZSu5HeVSNWWgDqEsJenib4bXHXkSGzvm0+zpZ15grW+szB+vhHMKQApLKR1z0oFKuIV9ALIUeMWyvNBb9foh3w+faRpgtr5pYH67lB5egCxCIR+NdQVF17q+cCp7H6ssoNs3EzcMd0aZ5tyqIBE9sH65kmRBO2zaoJo/jBcvhHWdl8twcVuQdc1yTRUVwKtlnq5KyQXMs6NUbo8Qc45DRKFDzDn2jUKXE46Ta2cAOBYhWdxXDr374n3EIalXsE9130z6vgKgwJDpSgNCGIoNQ7IBMN5bPtd4Pijluo6cmrTXZph3VtoBv4PYDoqarvsl6aaEbTtA8HlKox3w+U8bTEN44DxmVRZqfr9qHnOIdoSI3Np4kH5fLfaHfi/8dwUef3Tz1a09uh1QUWCsg2QZ8NrAsVgWvUuhf/7+H7XHDxtzKXtg2rTUPbwBWQaarqDoWheyQkMUOdQyUa7QrYpEU14f4A5Fjd7yUM17UOvbJLYyRW/5tkA7QkWgq1UyGLYB7Z6vLc9v41xkfk7y7mNHGj3Gn7qoA3bb5yLzc5IXP9Vkhqc/t+gB7Z/r4x/bB5Lvz8banyGi0K5wHNrDFY7LDcQiiEGSorS87drRlgwtNKjHBDmVLwT1tLxNEO0LpqGWV1JNF6BOIwjRDozcUsCUkqTLFUzFKUy8xHnlqr9xXCrKDMm8qHCsK9vhnV77n3766dbp06eTbpJBOSif+6zXhfZIDZB9QdG1LkKyy2uGhHVK5mzdxV514RDhFCOmqNGGC4+vKNFbsR0ySA49TNrWT8wmTVmf2PY5pYxv1JkfYt1XeExE6IQWDbF+W3hkZg/TEGvbKDN+dnw6x1nx8FW5Ml8X3eTwjEL3evOh5HHtm+X1CAHHUdkXRFxDlqv0dtSyfMFUBtOU/a43nNJshwxATftV8oFsys2NkO2oNSHIivt84FjnHVIhQDUk7KYCyD6g6FPX5zVDg36pVO677LZDm0MP+7b1o0CqKbJLifz6RIcpquZh1iE+01nxqGXlb9gZhqnrznMIDwocH9XvULZRkw37nnvuqbvkkktadUm6oEypzzFlzuZ4xlLP+JuVdlCGcKc997cS22ELjJXQjlBgGgqyy92OUL9noSA7yG8LoR21+DvuMieYWif0fONqU11ra2s8C1FRUVFRUVFRUVFRUVE1r85Zaszs2bNbJ06cmGz/ctUXrOp+97yX665/8EQv2nfxuGxY23DBhQsXshkzZuTvxthmj1ZFb6k+vvVD+qS5JvNrzy9o7XlQH3b+K3Yp+5/9wqS60Q8t8Pp8uHj89oQ+bPfOt9mxJ0+Kd+qiohyFc2MHnHeLMXoM2vjgdXHua1RUBr6zttmssY7pu4vzoW2jy6Z51CGHUbu2pZRtyKJc/7auwvm4sqzRolRZpFUeXxz42+TxNxvON3pERUB2Vp/2dYtB4trFIcqn0QafH5c0fG3n+WI7QibqEt+bDMZ1x21EmWOs20/xdC0TRdO9Ewe1XrxwffwRiSLBscv1KAsgzbejqalJev1ftGhRneoYHsfrp8t7wrpLt+ivXaZ2oMYdvtP5Gs53kn3Oh09nG+s+9thjQc7H2WefXXMA1PewQ1lDz26kss273yX/XWDNbtymnk++nq6Mzd/HB9RVbbF9T76QHQrURR/X75zL3zZ0O0otl7nGfB1+TrEtdPP1RM+Q7Q7Rtw/JB1UFyCBYy1i1dnGI8uXyFDtJAKT5Hw2L5FimzpGsHu8nZsPGdvjAsfiB5t+b6maAWMYViKnzh22gOSvrJ6tgErd9oDKUT4j3A+uVR8iuLsm+8zY/dCHhGDKolhuS+XYAnLa0qDPK644BpI07nDGf95RklH16CXv4VX1VXTtA5x7Xmni5zGfETjLMyYT35HM+AErBy7WzjZ31+fPne52PyZMnM3xPlfT9pH6GXOq4CD8bU6ZMSZ7PmzfP6m8LGXFvuOEG6bFZs2aVFOZkbbFtA/8ZRbl8xnw9ZMDvcrPB528bqh3lUuPpbf3wtzZuT8BTBps8kIpZqPE5BXJVPvy2yQeOH3b0B6zfgEPafpeX7NJeG8QVEmxu5obwqCpA5qO1oIO7du54bD8mi+JiPVV5myiwqQ2Psc+ws38oX6PLZokkBFMVFJsgV6xvI9GP9zKt40yR2C7RU9ZuyjnzXV4JPVT1KF7UCHUphUDpCoU8lK5v/jAT1wJfwIX3EyE5PNTaQi56yJb1oP7QhYZjbE+5IRmT5JlAywhph/sl3AuZrM/HC5f28D4fnJdPO0IopFfacrm5Iauzeeu23D+6R0PPo8gABYJtF5AqN6iHFA/aLoDt6yH7u9iekxB/2xDtKKdadu5i9Qf1yoOqLMs0D7DiGsn4nF8aSpWpWuXDb5t82oaUd7Rd9TuLUCsuJXrVPx+VL6P77Q3hUXWADMJoLTwmF+Cpmxmb2zfp8OqiuKbyNlFglzZQl2kSo7eUcjrIVrXDdoh0yHWPTV6ur5WFIcxpZ7h2EUAtfDZdoDCLcBwCrkNEoWsdjilrVep+pHgPACd+PvELc7+Wh2adBwWOwXOjw/vJAiRHRWWms+5wc0NVxyUKbXOTodQ3HrIC6rr51KVqhwpKXc6Jz9+WbwcAPg/75bqJYiuAYwRNAFVxDWQRYMX50vhcBbkUH37b5IPHO8B+lxRsEWrFm51z/twBuarf3hAeVQXIj037DOvDCqO1eRDNgSlsrzr7MMaG5/4gWwqXaoLlm7ac3ZWtym0Pe2xrQflhuUeICFMi0bIotKoNqxZfxAYxWlIxMfpKjcKGXlLJRiKcU9ZRpn5IQ6+lrIsI43HfNYypUeK2tvSpWBD0jUSDTj/99NYlS5bUub6fBFyufZWxW49zaoePx43TJ7fedNv8OurzavcQoXb7O7uTx01vbUseW5+7jdSBBo8Gxgp8YB/4UDxMcGwD+9AeSAgEP8Cw3maE5Kgoe2gthYcOxACGSgVAIYEwhKAtIkSWeii/DmIpgKuDW5u/Lb4W1IEpDbhdjpsoPpC8e+f2BFTFCLEMimVSQW5oH2wjRr1lYCuD2nx/oH0/QK4McHk4dvXwUaesfkggWgsddIjWwiNGb1EAxao1jGXH8LnJN1Qbsi4AU4R1GcCXCs59vRGIqcdtgFjlrZqvTCknu4jgP8p+lYcMjiECvL13f0b1gH9QXowcYyTatkME/2AeIvV9FH0Wc21J2n/7aWx5p8OT7VJ5PHr/ba1XXvnV5JHyvNo9RAAV4ZjyeeDnDul8oJzp86KDY/SkwjEIHjH6hZAc0Siq1gUJtuD7SPkHZdPyCAViacIxD8k4571UcMrPY4btShrKr4Jb+FdpcBtaAKDivxAeoXwo4odEX37IG8HPURqemQXkWxZflERmfzG8VxKlXdYerYXnuB+jvRAtloEw7AdBuUfPPCB5hH06X6yDvjZtuG78fdKOmDisGaOlqkRZIQC3HMCaRjuokg1x9okQ86BrU9dnaPXgfn2Sf9gph0fc5yMA20N2vGnVDigfKgoNoIH/Kt0jivu+S6C2cdhAUl1dBBqPm+QKx7wQhvnOOb8/KqpSZXNz1adOrYoCa6UGOoiwyrajosp1DZJFj3+x/cgCoMVtKAMgzd8cN0WPbx68Oe+p8vBVJodYy6KyuC8ZQt0Os7oIMl9GV573dWmDDI5d4JMKpi5DkmXzkENGhdErxPrHtgnAfBQiyVcIwXmDvwtCMoIx7Kdq4JjRbP0zz7aNeLj2Vbbs1uPykMyIkNz8vysK4Bh9MBJtqxCwkRWPKD0cU8FUB8cUHwoc66LaeC3EH+9Tv35H/thTP/lq8ghJhuIQ66hKVpYSbIVM0hVVrDVr1hTBubgvqjzCNZBxm18LWSXIYE2NzqqSdNlGiFVJuqjDsKHNmMmalxg9RpjF7aS/uZ3eTqwHcAz9UgRs9A2tzAEyACdEkQFGkwhwG7bkwZQ6pJkvx4MtxReh2rcNach27rINmFI8Q88ZDulnuz6xa/ZpvqxszjPFi7/DxWc75+EY9vNldetFQ1n+8sRDMtWDCfVVbabCA87txGGsLsqKh63m/+Lq1skXts2BmnDEWNrzy38QHMrmzJnTesEF/5Zsn3zGUNLzq666StsOVzgOBdmucCwK4fjCCy9k999/f/IcIbmUSjNqZzMfK0vt6DbiotgOD2UtwVYWPoPVKJiTG2oN46jwogCxDlhlgGqbpEsFubZJukxtMYEtwPDlrA1oYfvmhs1t/cyv9rX2WN/M2MX/tSEfwAFg/tbavsH/fpmMICMk87AqQq+LbCPL1LKlhsJQUWQZeFMBXRQ1emxK+EVtBzX6S03KpQJelygzFbT5IdTwN1n71tsFx/jj/DGZhxj95eEYyxk9uEgz1EdIxih0w6calR6qz5ttBymLHgCvvbr3Uz6XCWAXyp35uc+wJ37ftgzc/PvnM9VzChwDvB51sPq5TAC7UO6ss85ijz/+eLLvgQceYKrnacMxZKvGhFwyn40PXlcSOI6KqgVlJcFWBN+oKMJNqvYM1jLQlYHqupXcgTM6nvMZpylJuvI+ZxR6mnz4dqqWeUJhotT8dns/k48sm8R75PuoQl+36gEZITmvYbQ6lw17yFxoGNP6FngYyrrKN2LqWp+HZIQyX+EwYOrQ6lDRYiqE6spRIr2hYFh37lR/C8oQayzTwA2x5uEY7q7B8GtbDx6yKR6ivjlzZutn/+1m1rxrFxs6qlfy/HszZ9ZViseuvW+xvkeMTaK7vMTnu556S39uG/owjBTn4Vl4rgXSd7qyk+uHJtHdk7n94vNN76zW+nTv3p1dcMEFBfvE5zayhWN+aLMJsiHSb7qWmIZqv/CcuU0QLYaoMUSP8Xk5RF0S0NW7EtuRVoKjSmyHqyDhVUPPbqSyzbvfzbRHVFSa+vn0FXWwzi8AIcCeLuoKxwAioU5oD8xgjdAqW1qJB1hZG+CRX7NYtcyTyoffNvm0tbGj7eIyT7yWPz+T7T52A3t7+Z9Zp9x2ci5yzwf3HcguX3QPe+DDE41/J/QAoQ88hxUoLm+meVQ0IHfp0qUsdUN6iDBKAVEdDInHXGFK7AQhKNvAsvg6OAxY94Nvar+s7TbwLoIudbi0rEyoOciUNuC5A8mScvHHSR6famStAnRv7/Q2227wCeEhCiAUMwYve3gJ+55Dh7CcHhgB5vfx0V++XJoeGAHm9/HRX75cmh6o/5+9dwG0sirz/9dRJEDggNwVvB2gRLTieAOjQQuyzBwrSNOmxpyaaCr50d+/mJapI/6b+GHNDE0NY3OpNBlzHFMbKHW0RFHIFNSA413uCAfwEl7O/zzvPs8+a6+9Ls+6vHu/Z5/nW/ju/b7v+r5rvXufc/ZnP8961uAXSl8gboioQYNLOZ1w0T8mjxz7gnu9oJjFYrFYPQeSbWCb0gPBE71016CMRQe5qX2wj6OOMnvIRbkAZJv//OiK5xSpHtm2y4fq0RCAvHXr1qB2Y8eODW6b0iNE8nxT0DQFGlVQksHWdM40ByTDVo4W6DxtQKx6UQFMdy0dCJr6QwHdWhfaCknDll8Ddd6xPB8ZUppN91jngana+LwWHo0qGVwBdCEa7ALaPDxkcAXQhWgwFWhTeZS/WHPM47a9R+Qv5+ALiw13LKr4o4cFgmweKeBYjZT2PX6O2P/YzV6/01isoqsoBbYasUiXq1J0PZYlwj7FXDvGw3RP6lXRG9eB9hmTCriyKGCbwmPrM33LxykQ6wO5efjgeMceWbm//8kXifknCzFunPuz/KhTPyuOwNdn4xVJPRoKkHuz5A9mMjRSCiuFzs+0eU4LBGJX39Rr6Y6rXxhQwZRyji3i7Ht+CiBX09TlNPie5qEDkRjgKIKHXFALtiEFtVJ4lApqldKiYUspqJXSIwU46r6c8/GXoRokT9jwiWrjtWD8F154objhBr8vHFisnvaZwqa8C2ylLNKVAsRiPKBCdMoq0WpfQoAyRZ9CPbBQmK0ttWBYDNya+oFe1H7IgCuLAsexHqvv2ZMMaGspXbT7tYeWZtv1D4X7pvBoKECW38w+am1tDW6b0qMWf9jyiHC4Ioy1/KNNvWaqNGoX7OYdoVbT1EPmAhbFI0+oqqcHFNSKVQoPKKhVBI96vB5ZFfIcKpHfAHRcAGGV9ebmZut5ruNC7I6u+l6EfuAH3fh+iCh4KEo/WPEgGAtzKStD2/ric50UfYr1SNEH3Wvr+3k81eujAz5fcPX16IlgbOp/zGfHFJ8/U3FLU0cHFxdksVgsFovFYrFYLBar6Ru3TI4i5Gs+/njT5b84LtpD3SdXjwz9ViiFR4juuGZO1P048/Kbm1J4NOIbdv3DN3cMGjJSfGLtNq92D5wzp2narTdH3dMQj1smjxR7d28TE0+cw+mbrLor9ltxFovFKoK+d22pAOLXLvObqoLtTPL1SzGGevahkV5bFiulqlKsD9/xlfLj54f/vbdhTPuFCxeWf1kMGzZMzJo1K0uxkPebtGDBgib1vBQeqh9q586d2vY99Y3gMyeQModYPpZqznSIKBWuXedQq2S75jJToUUVBWJ++JdHWD2++OPnnB7v/dbHrB6///Z/e71mMK5YAINxUfruGpdv3xsVjnFJhpDXKMX7tFH0o3kfzu7FFxbf1WQ6ZjrOYrHiAeqCz3ym/JgKUnI72zk+YBYD6qa++I4pFrJTgbrqEwK4oa9t6n6k0jXXfa/cl8sv/Rr/PejJgAxCqAxVTHuE0GOOOaa8xXkJp59+urXt7Nmzs+3dd99t9cDjOk/00Ana4djU85YtW9ajodhUjEkHt+q56jnqcZ23CtF5ATFl/rDrHOocZN/CXQgcKrSYztMBCILxKUceQAJoHWwiGB826UgSQFNgE2EsBpKhzzCuGEiGPsO4ejMku8C2Fu/Tot6PmL6++4RTMhiWIRieHzZskBh+1LHiD488yJ8wWKyc4PiTfzE/e/6f/77IC6R2btkovnjJD/R/c77zpZrCnK4vvn0AqaD9k//4j5p76IA/5MuGmNc2VT9SgvHU6R+o2seg3MMAGSO/MlSKJ0v7IBLsigy72vsCNujIbe8WYtwfshLfAKUy2H7kIx+paievYWzywHMQdNV1j3XrIN95551VY8O+uKCdoh279ojhQwd7H4sFY8o6yDq4Vc9Vz1GP67zlNtgfX1AOWV6pSB/SXcCBwvNU2ESApAjPU2ETAZIiPM8Fm/LYQiFZHlsoJMtj662QLL8WUEFTXXZCiL65v0+L/HMX2leAYoRhOWIMz1/aubfz34McPWbVTZdceWXQl2KwbnwKX/ChnOu6ngugQPA4BKTqDeopJYN2CGDHeuheF997kuK1TdGPVHCMYPzYkG6mwH1wvFaQbMqK7ckZrzUHZBtUysdtkWFXe5famm8VbW8KserOpeKkPhd1+v0ha7/qzVKp79K+Uh/U9YpxDeMfPFT6wdZ5wHOAXRl0EX6hgrVtHeTYsdlA1wbAFDj2gWh56R4TFLvgNuQcWxvsj+9SPClgGCDb5OWTJm3zcQmg5fVX3ix9QXNwdVKHuti8Trs72+97rQQ/A/tXnz/kYHfB+lf2vSLe6npdDlTWvwYdPPDgXvXLsVFS37uhuPJ9UXrP9SVHfsHns2vHZI//bfLmoPdpPdO0EY7lLwlgGQ4dJOvuiZpWjZAMkWQURI0ZjFn1huMPzpwV3NYErb6+lHNt17OBHGVfLeG4XqBum09dq36YoDTknsS8tnI/APBl2K/XlygAx+va92WPj20emD0/fvfrNXufAhybsmLhGEMyAZC3bOkvtoilRqiE6LAtMmxrXzqhvxg9+jVSh8rn7ejeB57la3dtV69eXdGH1tbHxa3Pfa7zUX+tR7Zvhxl0oW23R7dgbCbgzvYvXyounfUz57hSR4FDvBGOQ4A2T2F/oG+xa95SYTZ0iagQeLZ9UAdI6eeAV/xAL3+YxwgrgrEOilWABp1yZJ9yNBYjrAjGOihWARpki8b6QIgNKnFsKLnfFA95bChqFLnRUt9N7zHY1y7MkV/5tTzzV2+IO844SOx48fnSwckHkd6nKe9pCqkR9NLzvtr3sO6eYMRYhuAdz6zjTxI5S/6iKbYmQW9R87Mrsm37kTPLj1XJx+BxKl9x6jTtsZDrUUAMYKhWAJQSCFMI+qJCJOwLSbMOlQ1iKYBrg1uf1xavBW3+fOZ7yo9r+SUKRo9lOAaVHw8ZmEWSXVFkV90kF9wiHOuyYkFwLASSYz6jy4WTQSHFk1N4eAGyCUxdUOkCW9wHkEkp3tXSfo5oE7dm7eCcpWs6zxteSt+mRnCh7ZYuIJc9KBCvE8K5CeS3GNqlFkSJY0A7NRynSP1WxwR9i4VkSiTXNlc4FJ4pRbx0QnDpd3D4kuQIxy5Itgnh2AXJja5GTH3H91YJdm3QaH7/ABzL21rfUxNIq4oFa/AdddR+6T513xM5YqxCMiuNVv6oqfy6Tv1CRxP+bHzovcMqYJkhuXcqFsTyhON6QbI6jxkeh6ZZF+G1rSfc5iWIHsuw7JIt8iuf44JbgGNTVuyoUaOCOGLq9NO8P6Mj1GKQU91PgdwUHkGAHAuVpvYIkDJou9KSIRp73fJPV8HpNXfOIUensT+yx+F9JDDf4Qe62G/d2CjR45Sgmxd8+/bH9/w85lJTYNQ30psibZviIUeyKFHk7jbdH9jlCCslitzdphve5AgrJYqsttGB0PaXXq3YD+Mb/94BpCgywuWLOyo9YHynHDmA9OEY4XLPlpcr9u/pHJ/PXORGS32vnn/sfv/JbTCK7Ps+VY+lSNM2AbftPQb7EYBNwC0f2/pMXy1wY8RYnnts/KNuqXbNqobjqWd/p/J5FyS379olmocOzbYsVlEhvZawLguAXJ4L3dOBsgi67rrrqn6/X3rppdbf4xg9vrHpTXEepFIPKYGxnGYNKdbZcUcU2RT59ZEJjl3HbGrf/LTX+QCwCLWLFi2qODZ//vzyOTbATeERDMgpoFJuX+W1w694F0Dnvz52TgVUI2RTwVaOaKOHE+Il2YqOIZxT08ZTKAYuXdHjWsC67hq6fb5R5NCK0yngO5UocOyCaAocuyCaAscUiI6JhvuMxyXfaHgjpr7boLDUdxgH7fWiwLEK0SnTtFU//Xj6kiAZYRiAfFAFbPfNvE1wjJLnHZtSrDHaTK1mPX7e35Q/kG1c/A9Bf+i//9HuVOSv/jIsyrr4QzeWPeb9z3nRqXReH1qeu0aIIy4vbbv06qbrxN2bSo8HHHop2SrF/UxxL3RRcV9xijnLpLtWrBQfnlkJ57CPFQfHF1xwgXa/C5JlHd8FyRXPE8BtiNra2rJtS0tLEEOY9tk+pyPYItS2t7dXHMf9ALkmwE3hEaoDVKhE6MOUZgTQElSeVTHvWBe5xX2qF6REQ3o0bNHbJKgQrc57RmB19UEGXNUD51PjmLIIucXD1G95bCGgWKTocU8VplK79oV6hcB16PVdYBwLnbYIJlW2CCYFXGA/VrS2fQhU5x6rMIkVrU0eurnHKkwiSFIgH7ah915OfQ+993Lqe2j6O4AeAB/8MwFprAB+XRAtp2nHpGrr+ow/J5T3GYIvwDGcr/6zRbEhEgxVqgGK8Z8Ljn2ix8OnTYt+LU48NH7az5GTx0Z7uP7Oa2Hy0T1i5W2XZFsE1NazJgn8B7BMAUSA4/ec+ymB/2RY9oFj+doyLPvAMUTF8Z8Myz5wDCnm+M9V+A+0a8+eLNID/+THKN0xeBzqK/+TpR7zvR7LLlsKdz3X/m0U/eQnP6nYUgWRYogSwz+AYvyH++C4L9wi4MbAsfqYCseQVo3/si/6pOc6eFbBFqBWBVuEXfgH58C56vziFB4x6qNCJcJkeftkKQIMUVM1SuxSTPEu25xjah9MHjLEp+63r1LN5a0HdKvp4j79yKPPPpWo5f0uEKZ4hAA1RT0pGgup1bb+llKvB1g9ILXa1t9S6rU99QhSq239VVOvTcDYKKnvCIUAjaYxuSKmLtmAN2WaNnqp45Af21K8baCNniXINkeicS4yPofCXdrfccTiXQhvBw0q/T6ELe6jRj4xcnxI/9J9gC3uo0aSEQAHD2oWuMV91OipOk9M/sDi+mZfF1198JYbO3Y+s0cMO2qwgK2PXnz+BTH28HHZNlSh166QJiruq1Qp5ivvvyfbThp/RG6fC+AaJ5//rWyb53VYrLyFUWRdNJkqAOIYqXAbEgGGNqERZIgQyxAMP9P4ewSP1/I1+fzw58W/7Di8Jtfq4wuVujm3nzv+1ornWXp0l1zFu1Th/OMYOE0BuL79DoXBFJAYMh9YbUcBVtc5Pv2IHTcVRk3n+cxb9vVwFQpT0zwpwugffmCHKApGEt414m2Sx1PbSwCGERhIxcVI6pDDR5A8dj+/XWBbGThK4+hTjuSZYL9f53k68ICxlMbRtxzxNsH+u/q/rZ2LDGPBcbxlKUYHsDlk4AjnXORGS33XjUl9X6V+n/qAtA9Ex35xpANtH8jGqLBuHjJlbnLV78OuyPGDR3xJnCJKhWl2PPCAlwdGjqdetFmIpWNEy9CDxMOb/L7IxcjxOZ/6qLj1578Uh4hB4tm1L3p5xC6JKH9pICYJ8eW1p3b2wf81hvu344Got0k29pBrVwAjRMMfvSTK48FnO383Prsz+rMCRoB85xGGXAO2eV6HxcpLkEYN6dQzZ87MillBuvOKFSucc5BhPnF5DeQhAyvmHqvzkFfe/xtBWQs5Bm5TCSFYBuVYMA4F3VrBcQUg+0KlPIEcH7/++utVkOkz7zclnMZ4hPY7BQwO1XzIjYm2UqtXU/zVc1LAvW5stnnIE0+c07T+4Zs7bpk80vta9DYjIz1GSh+0t2V91sEHwiWlRzrgQECkpNzJ58tCQHSlHKvn5wUuVKh0Ke9q3AhWsanvMenXMhjHjNcWOU7xPqUKwdgn/Vr9goIa9be9X309ZFHmJsu6aMlJHTMmdD7Yvkrcu+GkDI4B7GZMWCXEhNLxpXNXNbk8xEdGicc6Hx9/59YMjgGMH+vcJ94zmO5xthDQ42NvmyduFb/M4HDd2Ys7P5XB8cU0D2FZEnHJUqcHwjGkRaP+8aafe88hDp1zLCt0znEFLAbOOXb93g5VLYAVr8FwzGoESJaf+3pgKrUMx71Bamq0C3QxRVqeR0zxqPi9o/FIBsi+UIkTyMeOHVt+3NzcbIRN3WPtm7KrinUMnKYAXN9+pxDA8aqnXhDTuh4j1KZORS7SHOiQviAk+7QZ0wWrMQrx0MGxCSgg8oTpmjDPkTp3Uf4AFeohg6+Ph60AlEmjlChyd/SYLjhfjiLL0WOq4HxqRetG/CKgFO2n9SHF+9SlkHnJ6uuQ4nWJ8ZChmHpvyn9TNrj/7jo9REE8IjOvUqRHs1h5CSpF21SPKtLYp5hrx3iY7kk9KnqDcB3omDGFQDEKC3LBesgIxj5FulKrXtHnPHXthM3isg1jcvPvkxIqKX94KT7yUk+hcJoCcH37nQKOMWIKj02R33rNOS6SXOCZqk0eHjrJ0AGCx75rrdbDQ07DRfg1SS4SJQOXnC6O8GsSpomrXwzI6eIIvyZhmrj6xUCjpb5TQLA95/dpyjRtuSK3Lcrrmk9N8Qmdkw1QjKL83EFEFSKv8Pfl3On/27mn89/07r+7lIir7LHtwsHijmzvQcEeO794rciSeU8N74fuMwTFo/w3LkF6NKt3wakPAMV4lCpEr8xtPCEgl6JPoR5QDAzWfLa1pRYMi4FbUz/Qy6cfMcI0a3gMqdYqFENqNZ7Xm+E2hfKE4wpA9oVKnFPU2tpafuxa2DpPqK434KaEYxBOjNdBMlfBZhVJMkhQqgfrJMOuLWXclm4ow6EtZdwGkY2a+l6E90eKNO1uuBVBcEzxiS1Y5htRR7BU/+76AGUjeaRIj2YJsevY87SPbefVwtf3eilBMBbmUgKWrS8+10nRp1iPFH3QvbYy3NaqH6kgGbYIyrpjvU15R3vzUFNHR4dgsVgsFovFYrFYLBart6vpG7dM1hIyLvkEwnWHQVixetmyZWLBggXlb0IWLlzYgRFkrGJt8lB1zccfbzJ5UPqEHpf/4rgo2qd4qH3Q3Y87rpnj3Q9dFJlaYEunMy+/OdoHPELGEuuhuxcsFotVNKkp5ynnZPcGXXLllVF/X75z5ZVNoV5y2xQyrQdKlfq3P7Qti1VkYd2PBx5Z3/Hl279et+ynO25a1HHmufOzfuzaeLuAx/zqJPq7aCmwZapeDTWsoMDWk08+KUKKdOk8YsdhrUYCyzXYlmcAoAUohG2oh69i/ajQnmcfdFIrN8fAMatnSk1BDUnzVNN6Qyqgqmm9oX/AcDwx6ao4nphKrjieIqch97b3aZEl/wylrCDM0uuDM2cFtfv1iuXBXrq2KYRLHPlKXlfU10vXluXW//3iaVWfW//PD+/x+nlPkUK78kdNVR4pqp8XFY6Pn9pa+j2740YBj0MLZcbC8ZTWUj+Oat4kjup8jMDMPxn5qpbLNCUHZARIIPfy9smvVAGlPN9YnXtM9fCF2lR+IYBr6sPdd98tTj/99KSQDNLBcd7FuXpS8S/fKtYhla9TeFCLegF0jH9v9T4f+IAP9qcceUDVPp8P+fDH6rBJR1bt8/0DJo/Hdxy68fiOQzeeevwhbkQ4jn2fxgo/UObxIRLeZx/70KnBPz+1Umi0MiZKmZcHqPnZFV7t24+caTzm8rK1TaFLl97rdf51F80I9rK1Zdnh+NjDh2n3UyEZ4Pj0D35Yu58KyfC7bNJR+v2NBskyHKN2798rDm+dWNO/zTIco/a/vkdMPnZCQ0MyBjLlzF+WJyAjQIKO3PZuIcb9QYwbN64MlPL6xyjdPptHiGL9UkB26jGZIFneykoNryoQU/xjINrW1scXIHXQEP91kEPaxHpAX12QrIMOEOyjwocOjkGwj/ohXwfHINjHcMlK8T5NAcdTZ+TzIRLh+E/bnirvg+f48wPp1LAvZQo1FrRC+RSz8o1WxkQp8/bwAUsKFJq8XG1TpGnrlrsMVYxXqjRt6j3xTVl3+YKf7ZzUKfKs2sJxxefzGkGyDo5lNSokAxx/5jOfKT8uCiSHFO4ypWjnDshQcfLwPt0VqmfN+kP2eNWbS7tO6F9e8xglr4MM+sFDX8q2q+5cKk7qc5HWw6eiNPRpi1jq7adLpQ4FXFcfVi1fKlrEObmBperjA8u2VO2Q/sQALh7XjUF+rKab6+B43oYVYt/e0pIqAwcNcvb7pgkzsjaqwIPS3uZh0+IJM0mQDNq7e78C4/7r5O7O1rbt1pCANV1f2fdKxfODBx4cBFI4nvHv7RscDcfxnHJkn+BoOI6HQT+NYt6nrkrWtvdIGY53l35XTH1PHCRX9WXycPGhLjhu37VLNA8dWgHLoHefcIpAUE4BxyOPHlS1jwrJ7ZufFj+dfDTpWuevfdroMbHv49X7O8efAVrnPSj/7t1/nNHjygkfrfwd0vZM6XdHS2V47MoNv8wFBlN61TtNO6Vi0rQRTqn3A893gauPr+0c6vVk6dKqTeeYIsm6tGrTOaZIsi6t2nROT48ku+C4VpDsguMiQ3JM9FeGYxA8DoFkdSptSF9UuA2paq2D47wqZBsjyDI4IoACKN763Ocqzm1tfVzZJwHrDqH18FWoH44jFLJT9MEGlilTmuudHl2Pa9vA1gS+6v4UHrb2vjCpgggFLlWYVIGZApcqTKrAzHDZuxX7PkUY1UWgdecZ3+9dcCyG7Ol+HAjG2r6sFVVgWPF79pl1GSSr+1LAMQj2+UCySTvbd5YfD2seFgaZhnvg/ILNAMc9SfVO006pkDRtgE+EU7gXMF7TPcFjeD60NUGrj684dZr2mM/1VPDFtOrX97+pPadldLPo17dP+XwVkuW06tde3af/UmLadNF/wMDy+Soky2nVz79s+GzT3AmMh0hfDPZQSKbCcd6QTIXjIkJybPQX60RhgBDYJzSCjP34D8/lt2S4TQGzMmjD48s25BNRLgMyRFwheiynIMuQvIUY+cW1D2ELkdula/6+k578PGL89KnUF5V+GUEk2RNw8b5AO2iv68Ols36WVbGuBVSa2vSktZHz6CsVfF1gK/v4ePhEolXocMmWwmpKrVZlS7U2pVar8oFkGaRKj+Oi4aXHB3h7yMCvg38TPIUI19aNeR/HeuSR5hz7PqW2l6FV5wMfErMPi+8ZnMHxykf3iBv2ThE3SPfLNX4Z9Pfurj6+dGwnvL54UPn5//x+Z7lQF6RWl6LH65Lc17FDx4sXd23MHm97em8ZkOspjBzjYyokAxTbgNh1PPsgN/u9ycaRwis0Tbto44iJpvvMDUfgTe2b4nqs+sMxzDce0tf9+y01JKtwvHf3NtJUuUZIt7YBda1TrQFkW4YeJNp2vZE9RmAOBWPZU+a6XAAZZEpBBgiEyCt2wjVnF6EWHyO0Amg+L+hFteR2q7Ys1XrrZEulDoF2ORKt9gHguLfKN907T/nCqQlofX1s7aheCJOvd0JgPyUlGo5RUlgRJve9tl8M7N+36hgl1RoB8q19fxIHDnxH1THfVOueJh+QcwFevTzynAuM79Mzf/WGuOOMg4Lep3Defc3fyR6/v/2SquMuD4Tk+8ZP6bxR2f+9xy9/eaP7mVs69o1su/WZvuKflS+UuiFZ+uJomP7n3DZnGSLEECme0lp6scd2fX5bs/r3XvOQMVKsRonhORzziR7LcOwLyQC/GDmWoZiiXXv2iF2HnOz3ZtyzJ9zL0DYFWEK6ebIvKxJ6sXqP5BRw34raKDkFPCR6rYNjH6WCZB0c+6iekCynNMvTWKnp1hh51q0yJB+z+ahtdf2g9EWG4wv+9mmx8rvvLIMy7KdElPHcz4sSXEMkWoiDxNSv/1GIL47J5TUofzKAdGNjCrICihSp0Bm6NBK2k/1MQEtJpc5AXxqzycsaie6EfN9IeJFgsif0q2hAbYJr3TxoSjRZl7LazwCxphRWXWq1CscyJOtSrXWp1Socy5DsiiLjuLa/9KYCfX29C469uOP1iv2nHDnAu+DYni2VOWycKh72pYH8PlXhGIFZ9z6V2//6rQXigwcuFPtf7gKxA83wanq/lPymaFO9Xe8z2D/qqMp2/SxfHMG5Oi8ZeHXzkXEfpGL/4ZEHjf4Iyeq+kNdJhWEEZznVOm/pIFk+ZtPQdTd6XWvXsecFe9naygqN3jaPOdrrfBsIu7woEJ0yot1oetc7J5YfP/XH9UEeh47u/rnbtCXs5635+O90v6aPXRIMwbD/ggsuqDiPMg9ahuAsS+fs71Sc5wPJsXCcCpJj4TgEkk3w6hutVecNI5jK+1zRYTwXtzoPCiS7+kFNt85AthOMAY7xsa/kdtljeH92Ps+rcFefKuhUUpBjqj+HtoWlkw4XXwm6JmWusA66TXAOyrNqNUKqDVBj5herayqnnKucF1QP7QS0VU+9YKyqaYLVFMCbAq59+/N6F+D2CyioVR7Da/utgEzRW12F3EyA7KOYsbhg30cpxtIooIuPQyPMAMLDxx4u/m3y5soPIgowmwRwLG9TwDr+/OD7jTIfWhc19jlukzw/mTI3WQfEodBcSxiu+vLMES2mRJOpYEmBQpMXpW2KKDQ1+ksZs8krpi3pSwgYY1f7XYd0P8brtmuOZY8DfU1jU8fgez0bHO/Zs7fi+aOPP+ENxzIUw/O2p/f5w/Fz11Q+v/cSKxzbIJgC6U4IlvrjI9ucY0p6dSpIts05DlnNxAeSYdlbGTrhcUtLizckqwWRTft82vt6pOgH6qGHrxR7Jz4ttj30W3FA12P8Wf/8rn8X//nGcd4e2d/8zucTwOO/aB5BgGya5xsLiqFtQ9rZ5ivr5liboDtFUS8fmKRWf04B0Op5vpBbtLWSYyO5ujaqr80jBs5NUTBTqrVuHq+uMBcCsy7VWjeP1zQ315RqHTIu33nIpoJjPvOQTQXHeqt083sp4Cy/njtefL7z08JB2jRr0+sst8coMu091NfYF/lnhPqzovvyRvezFvPljgzFL+3c670kVGxl6xhBKrWaZh1aqCtULqDzic6qXj5tU0Whi6AUUegKuOqqeD1p/BG59RmucfL538q2eV1HhmPdc4pUGA2KIKswSoBT03XUaPG0EybSr9slNVo89aR84PiLw88T/9+mH+k/e3R+fjmw6/OLLyT7wvEz7YeKw96h/6LlT6+/Lt7RtYxtSLo1wjHIB5KxsJbKQzID2XzkwlzdqxJVeuAxV3/ka+r64RLON8bfRc1/frT372OTh69PMCCrc3vxsQsUTQqFzOuWfzrbhsKpaRwAxz7QnboSd56qJbD2pFTskArVKQGYqhQf0FUYDom+qjDcG6Ovpi8tatU+3kP/umPxL4BkLKYlQ/PG3xM+eEhATI0aq6LAMQWiU2QopPSRoRiVAo5BtsrWV7xJm2Pc3vk/k7YOO7v7iWJXMcnBAlI/GkX7wrh9s2DVQTFR6CqA6lo6Ks850ngN2Ka+jitSDMdd6dauSLEaWdbee0ekGI7r0q1NEOwz99gEwaFzj1NHjkMhOXXkOASS29vbyzBsgmYX4MrHQ5dXQkhWYVs9RulDaD+uv/560j0edepnxfs6ty+88EIuHtGAXAGFojIaGwqKoW1j4VQ3DuscawW6U1biLvJSTkWJBqfohy/Ihla5psoG4N2pon6ecpXg7vnHb3t5yNWsbUs72WSax+sal60aN8o1Lls1bvmPtW1crnnIphTbmNTbVD6xfZOLaclwbJqzG/s+9WmHYOyTgq2Om3ofUr2WOvmCsSyfytZPbHyu88V7LqqvRfGIAbZaeLHcsJ3HNfKAY4gUw1JOmzZXf1sD++E4nLfu+ZVO+DUt9QTH5bnJWjjuiuA+/owhTbzzeHbeM7Q5ydS5xyaFzj32XcopL0j2XcopT0gGYeTYtK8WVaRdUea8f45TwGpK4I0CZB1ohoJiaFuoCg1R5FTLRIVCtykSnSq1OgQKQyBSnn+cwi8Gck3nqPugr9Bn6DtlHnK9pYPhWkSeWfkIwUmFKCqYuuCLej4l/RfP8YE9OQXZN/XdNA/ZlHLto5C5yT7ZFxhFh+JblDnIWRXrnCqC6+RT2TrF78WieOQBXvWuAF000OcvC0rCNOpDx3RXvQVQlp/L55ngF4RrHSMoy8/l80zwCzruqO7PPgDK8nP5PIpCC4SFXg8g/JbXfiNC4fjLt389g14fISR/ov8HylFy6Md7j3xThMLxro23i8M6oddHCMm/f7aPNVoPQNzW1la1hX+1XGKp1vrCF77Q9KMf/agjtG0qj1wBORYUQ9siJMfCaSysUypnh6rRqkZTxpN6zGo1acr6xL7PKeeEwHBIGq0KM6b5xzap83hD5uTa2mx/6VUjfMAxIQY4/V/c8aoxRRyOdWKQ+4PQlpeNKeJqZWsqfFHP8Y1Mms4PvT5FAImUyLDufYrzkGXJcCy/T+V1ndUK0iYBmGJbE+DavoTwBVu1SB71nkK1aijKJc87huewPzSKnLKyNas+Khro83JRjS+vuccG+c49joHjGAEk37L6N+Jy8bXseQwcx2hyBtUbnOdNmTKlvIX0axQ11bonQ3IRPHIF5FhQDG2bGk5TRYRZxREFUl2RXUrkl6PDfrD3ugHc4Vg75XXthGOsyq07JghFQgGO39JkTeAx8bIdzkIV2z6Vh04yYPrApBwdDokS6wqCUc63j0EEwbEO2FUgNgG6Tmqlakrlagok97bfGymLXqXw6klFuGr1utjuie/9ivUNfX1WPLRWu3/d8/To692/viv6vq58dI/X/kbSiEGHlB9PGHaE2LCzenoGpFW/9dr+XPvRt193wGbgkLFi3+4Xq86BtGpIrw6VupY6Pq91qjUrTE0dHR18F1gsFovFYrFYLBaL1evVp0idgW9SYA0x0L8+do5X22s+/njT5b84Lor2Qzw+d/yt2XbZsmUVqRK2ub86udb+BT9be1s7n37IOvPym5vuuGZO1D0N9TDdj/UP39wB1QjnbVjh5XfTR/626dw7vxE1lhCPxRNmZgvUTzxxTnkcahTPRxghg0JV7xrxdpDHU9sPEFika8jhI4I8dj+/XcjFMkxr1KqCAlGmolDdBbrsqeNDDu4jHnz2baEr1EUtPHbwwIPFS088K3zXV+xNSvE+5bvIsumSK6+M+p38nSuvbAr1ktumkOtvtEvy3zpfr9S1OlK+LqG+4EE9P/VryXIrpDgXRI+fenGD+OWnvl8uEvqusRO0UWSMIB+oTLeCqtiPrVxd/tsdUpwLosc7t2zMPpdB+wkt48Sw0eO1UWSMIGORLtljzerVQi7WhUsrwRxjEKZXy1qzZk3F80afj8yAXCPBWsYode3iFOfn0QebqIW6EHJd59SroBWMA1TEedWUOca2/RTP0HNYrJ4oXUEuU/GuRhbMNYatbr4xHjMdz0syWIX+Pai1xwdnzgoa669XLA/20rVNIVyeyFe4tnCIl65tCqV8XUJ9Kefm9VrWUqHLK/UkIRyrgn06SM4rzRrhWBXs00FyTJo1wLAMyQjHkGotz0c2ybRUFIgC1bb2VJ8UHgzINZK88HUe59fS0weOXRHgmKrPtVruyXadVH1wFdDyWd7JBLlFWT+5aKIUHnNVTaYUHlMLjamiFB4LKU7GQFySaR6yrnhXo0tXlAueHzZskBh+1LHiD488WFMwlqEK91H/JtTTo/lZv4yg9iNnilAvW1uWSm4/9PyG4IvpfE+d5j6Per2Cg/HU9wyu3tdAoGyCYwok1wKOKZBMFcAvVquOkZxRazpuA1NXe4pPCg8G5JwkR2tBxxxzTPf2ydIxXRQX25nO94kCu/pw9913i9NPP13bFlKEKXCL6cS1kA5EqWBKXaaJ8oWAGnUOgeMUyyuBh6kdxYsaoWaxeqp0QEyF5kYWQDHCsBwxhucv7dzb+e/BmkSPAUARSJdIS6/O7dpH+eJU9hi187Zu/ph+dpDHvIGTyvsXTxdkj3qr3mnaeXxpQpX62uzas0cMFV3rXBM0afwRWRuXqL6zHOdQr1dkOJbBuPwz17WPug5xT4djFyTXCo5dkEyBRBWUQTIoy0W7sFCXDqQpYArHucBXLwbk7JdkV7QWtqAjt71biHF/EOPGjbNGcV3n+0SBQ/oAf2zkP1CUCKnrw0NIlBX7gaAeulZxKMSGyDUfOxSG81AtKly71tUlfRHw2n7j0klUQVVo3dJJ3fOPaT5wLrSR56h2zz+mzauGc6GNPA+ZOv+4DDKd50Ibnodsly59mgLNOrkqWfe0ecsIyRBJRkHUuJZp1SBYyuenkyvXugVYPn/t014eE/s+XrEPYHn9/uO8PK6c8NGKfQDLV274ZY95Teudpp1S9U7TbnTJqdHle06AWhWO29v3dAHU4ApQdkEyrAGMj23r8VLHkBrIqXCcNyRT4TgWkgFaIXWaEj0ePnw4/wAxIPsLorKHi69URGsRRGfN+kP2eNWbS0snK+sYw/JNW8RSserOpeKkPhdVnA/PISJMiUTrotCmPqxavlS0CHtRsRRwWQtArRUE53UdW0QYj8euYUyNEmNfYhULx9k4E6QqmdYVBtnWP9adq1sP2bb+se5c3XrItvWPdeeyaKKkT9vgGMEYvhyhADQFlJcsWdIxd+7cJtyGjEtdcxhkW2bJNO84xfJOIcKoLUaOd7Z3L1czrHlYBs1zxxxtjd6iB0aO23ftKh9rHjo0g+bm6WeTPDBy/ErbM+VjB7cclUHz4jFP9IgocjZuTtMWQwcPFs2d753b7nieCONHCzF4cDLfizv/3fbHpujr5QnGughwSIq0DMZUARxfcMEFFc99ITkD8LO/U/k8EST7wnFekOwLx7GQTBVAtK6IV9Xvmq65yvK8ZXX5KKpH5Xsu3AP74uuBmn/etPLf3UU3PtBU6/ZUj8JGkF3RWoRiXM9YVhmYdyj7dgivKHBMH3rMB98CF9hKAasxQOwzB9kn3Vu3Hi1KjhbjesL4XK4MDJFTUyVrOVqM6wnjc6xgDY8hcmqqZC1Hi3E9YXyuVrDGPr5OmD+M57YbIH4fsSiHaT1k2/rHWuBXGBnuR+h7Ee9nzPs51sMnGi5Hc3VAiu/TO86obitHi9UIs1rBGjMMKMLz1AwDHRhfeOGF2WPYyvt9wHjk0YOMx0ygjPOOU/8uk2HdZy1kiNqKYUdXwDHCMkBydpzgMapvJRwjLAMkUz3EhEkVcIywDJBM8WAV8MuCwA/BKXzzunYsHOvAGKLAALquFGld9LgCkI+4vLR97hpnFHnTlp3xA+q8TmqFwnFqSA6F4xhIxugxvndVsDQBK+VnIPTnIcXPkWlN5xAgbZ/+pnj/lnHivtFhU0vf++ZW8fYx7xEHPPlo8Hg+edpKseHFj4sJY39hPKdwgHzd8k9nW10EGPfLYCpHjxFacT9EhZeu+ftO+rNHlktm3ZDrOlftw6WzfpYt85RatgJdKtjCOTGFulJDd62A2wWlIXOSsY1P21Sp1T0hWtyIfUc4hrTrGMW2j/WgpozL0ArLbvlKjRZTC3RBkbZ3Prgoe/zHU+ZXHYdlwFwCIAaY/IcL7xMIx/icCqI6MEbhMThPB6oQLZZTqnGfTrZK1zZYd0F6Iwnmke465GS/Roa5pySvHOetpvwSgL9QyB901X2u6CnCbRXUiu4osAzKlIhsVfTYA1gPHT0s/kYgkIMevSR3OIblFUH/NLFV/PUTq41/72Ih2QXHG9peEBNP7PwM/da+7DEs9ZQCkilRYa/fAwkit6k9QiBZBtJ/efNE8dS03UJE/IqbsGWdaIu8t3/x0V+LlRbGLmQE2RgBRnjtglkVjlVI1j22+Yb0AeC46HCrzkOWhX2gQq16XkzRL52o849TKEWRr1DZosg64NStK2uLIuuAU44eo2xRZB1wmtc/9hu/PA/Zd/4xSp6H7Dv/WIbR3jYPWYVjWzoz5X0qw7IpegxgPOq2q8Tes78pdm99xQrQpfdHX20UGeH2W2fdIvo9Nkq8fvzWbPuts9aKq+49U2x7em9HnlCJc46FsKdUIxgDSNsqWZtg3QXpjaah6270g+pjzwv2srVNIUgfTgXCLq9aQPSC2e+tm29e1zZFgakpxjIMq5BLTZfWQbbOzyY5gjx12vSwOckSkE86Km5OcmzkOBUkx0aOQyG5n0e1a/Lvk8jIbV4eeQBp0VQ4QAbghCiyGgFGMDVBsRGyFbCl+Jqi0L59yFOpI7QhlahD+5FXhNl3feLQ6tPyubo5z1QvhA94bAIQAA48V3ccIRkem0AZwBjP1R2X03pNoAxgjOcKVo+EYj2M9q3J+zQ7pxOO5a2vECa/OeMOsX37dvHCmLViXCccwxYE+68SZ1qh0hU9ViFV59UNydIXLcO6PeXosm1uMqUvpj7oBOnU6hxk7w9BkE6tzEH2FaRTq3OQU4IlBQpNXpS2KaLQVHCljNnkFdOW9CUEjLGrPXypgF884HXbNcd2HbIn2Nc0NnUMvtezwbEKpLaorw6qXSBr8yu3lVKqZT8dQKuSI8htT+8TQXOS5QjyY5eI0DnJqeE4FJJTw7EPJG/dujX5dVPNH1bXXq6Hh/x3zffvG+ons1s6WoaWvpSHLTy/YFlbU+jvANvPaCEjyAjJMqyq0BsiZ2Q58Nx6wy1FtihyUeDeJ3pMjf5S5yCbgDckyuwThUag0EXpdFFjEyTDVhdN1kWNTZAMW100WTfnWFYpRbevsEUZ1XGpf0YefBb6fYCwRcOroH975bmYumWLhqvj2i229xpIlqPGlDWrU71P5WtBFJkCyCZ4Hzt0fBYpRiB+QawVI0aMKO+D49uEPWccznlxV+UHqG1P762aj2zzUtc9rvgCUIJiWO7Jll6t9kXth2s8+Hv9/M7H3x9X+WEFYPmrL7RnS+XYfqeWV1wYf5wY9UplmjrA8taD30/2uFL8Uvw/BxxbcQxg+e/eXuf0oACdT3RW9fJpW+8odEqljkJjxWtYZikvwTVOPv9b2TbP64QUx5KBVrfPFgWWU7TL5xhSqinQjhHk117d1wXJz4n+Awb6jafr+tin9k5I9r0vecGxLyTnBcc+kCzr1Vdfrdo3YMAAz/douvnDMV4xHiqQikfvFkeeVvo9smb3ai+voZ+YK45sbS0/f3n1au/+vDz4u2LzUMljsN6jsEW6KlKXj6e1+dzxt7pPOl5YfSs8HOf6KEXUNNZDhuTsj3ydQVkGY5BPajUVQn0KeIVcJ1VKNgAGrqmKH6yv8VwqBkBY9fjij/08AIRVD9sHfDWd1ge2VMBHyKeOVQf4CPnUsar7fFO0U7dP5aG755jurAKuT+Xo2PcpBY5NEA3fMsO3zVNaS6SPUIwgmf2xXf1767xd9KBEkV1eJsE90YG0azwyKFPHIwtgWIZkeO4rgGEZkuG5rwCGZUiG56z6KiYKrQqXjsozvRuvAduU1yl/UAegVcCUPHdYB7TSPgpcms4pR411EK4RRJABiluO7v4SQX1OAf4Mio/vjhyXnxPmJPvAMXyJDXOPUa55yDpI3r735Wg4hjnHMPcY5ZqHrIPk/a/v4V8sEUB6e9vV2eNtL+8VZ4r5ZK9dtywRz97dPa1r1643hDh3vld/DtnzdTFm12DpObyW84sPyDE5/Cny/1PNIfBZf9gUOU3hYeoXPEZQtsHyUKXgkXqe67gLihGMsW8h91oFXWqKM7VCdYo+9QbJgOUD2SbwDfWQwTfEw7Tes2m/r2J8UvctplBXaiEY2yAaoRIeI1giSOJxyrUQQNVIsnzMFYm2ifperRrP0Ruz6/uMR/6d/lXR/cEYIrbU36uyhxj//miPvxsvgjxCgK0WXiw3bOdxjdyupYn+NodUcyaCLLVtGZyJfhhBVqtZe1W3xmup1yT0Ie/IsQmSY+A4hRCSWeFAuu3lE4P92gCKY78se9T9BUfhADk0h3/s2LHR+f8pPHqC8INK+QORAsuyEF5N57mO6yBabRdbkKtehbZsMNzb4LiRJC9vJUMnFUxdsEo9X7ff1JYKx7rUalehrpr97ifOTUZoDF0WSQvZXWAaAtuxUscDYO57bd3vdN/fq/X2aKQK0EUDff6ywACoAIFEGIWIctU8ZEdb+BBOjUT7FuiC+cUwzxiKc6lzke/+9V2kIl04JijOpc5FtvZdAlaqIHr82a17xMqt3enzoM92/vs38Sx59QbdNX3gGCLFG+69XYCL3I+SziJFkX2vGaIiBfxSSAXS0L+vvvONTe97ynl9BCtXEJVTmk2Kqdock3YtX1P+QIOapvlwo57nOj5NA9EpoNgEppRzbBFn3/NTwbAc6QTBY9j3BY/0VfZI60GBTt05vpFc0/mh1/cRtVBX6D2lFPiqAmVCwa9YgNVBNkaMfXxh7FCUS553jOskf8FzikQKIE/xe7UoHj1VRQN9Xi6qGgizx+Ia44d40wdouX32XFcJWwIB1afi+oSCX67+AAT/5r41HWrEmFzBusu7fUVnnxRg961g7YJjdUqT/DviYpFmmUUKHJ957vwmOSVX/V11x02LOqiQ7JLvfOOKv4MJgnUpPFJAdsr3Ui1VOECG9YZD1NraGtw2pYcJkvP6MJGq4Be1D5QU7lp9WEqVRu2CXY4O9x5hte56tU/lYYNVGVSpheBirwvb0DnqeSoFlKqVqm2Vq1l6pSx6lcKrJxXhqtXrYrsnvvcr1jfm9cEP6yHrIKvnhHjYrh/Snw+8f0r077DmmZXXoZRh+kT/D4hbnvhN0vcbFtqkXBv1+2cBY15IDtIUwbXPTMAvRVZvyKo1qamjo0OwWCwWi8VisVgsFovV29X0jVsmRxHyNR9/vOnyXxwX7aHuGz/vb8qeGxf/Q9A3ZCk8erp8l3byWWqpHlr/8M0dg4aMFPM2rPBqd9NH/rbp3Du/EfU+DfFYPGGm2Lt7m5h44pzy/fzetfOi+vG1yxY3sUe1x4dnTs2eU7/9xTSqu1asTOaxcOHCqLEsWLCAPTQes2bNyp63tbWR2rW0tGRb+EY/lcfVC6+PGssVCy5mD43HB2Z+JHv+dNt6UrujWyZm29+suDOZhyvLyyVKplhv9MAlml7YTqv4O25EKSMOlwRL4VGkz2L8/mAPkwfjaPFUlWJ90/1/Vn587vT/9YeIiPbqh6nh06aJHQ88ICgfskwfxlJ4oP5l20vlx58feZi2PfUXo+8PBMUjtLiKzzzmPNPF8xClwrXrHGqVbNdcZlkIYqGKbR/rAUBYhLHI/Yi9fkw/5LYIYqGKbR/rIaeJ1XMsKdLV8Pox/ZDbIoiFKrZ9rAcAYRHGIvcj9vox/ZDbxq63m2K93hgPrBZe77HI/Yi9fkw/8lw/OVS4fJWv5EJS9fRIMZYi9SHWA+9pCg/5s/WEGWeV5krnLJhvDQXLbLDvW4eooQFZhspQxbRHCD1o0ODyFvf96ssXW9vOnj07257xj9dbPfC4zhM9tH3rbIdjU89btmyZ8Q2kK9JFhWbdkkwgiPK6rkP9VksHx9BWV8TLVXAMz6vXD42rgFbIHGPqHOTUhbtYLBaLxWKxGkGpC8bJflip3bXmt3ocn9e70jtA8eRJLWLtE21iSmtrBq/y8RTArHrCdUB4XRR+uWT6sst1vOEAGSO/MlTiPogEuyLDrva+gA168IgviVPED7LHAKUy2N47/9KqdnK1NZMHnoOgq1Zo01Vsm7HouqqxYV900K5CpC692QTNKpTieaqHrr3pHGp6NZ5rgmBKqjaco6taXQsY7olgSk3llTXxxLB2KTxs1R1rOZYUVSbl64b2Q/WQRU3llQWFAkPapfDAlGKdajkWWz+okq8b2g/VQxY1lVfWtBMmBrVL4YEpxTrVciy2flAlXze0H6qHLGoqr6rQdrEemFKcsk+p+xF63ZB+pHgddJ/NYtr3lhRaHWzWqoq66zo+x3X9rwVA9+0/JNuuWb26DK8muFUFAO06R/WE68jXDXnvN3JEuQ8FTOXjtsiwq73zA0nzrWIGlM/bvkrcu+GkzAPaz5iwqvMTscj2YR/Uymq4hvEPHvpS5/l6j3vFSRnsyqCL8PvzC/7Sug6yz9goQGqCZoRk19zh0GtQIVn9AaDOY0bAVmE/D6WAYYBskxdlGSmKD4vFYrFYrJ6rFKnNRVm2K28Pin+Rlx/T9S12vBTtf223EXZVuKUAsCoEYhWq8brqFwRTHV8KTK1j1P1b88/r+PaiG3NljAyQt2zpX4JQA1RCJNgWGba1B7CF46NHv0bqUPk8aS1w8MRr4/ZTP/lxRR9aWx8Xtz73uc5H/bUe2b4NZtCFtt0e3SqNzQzt1y3/tLh01s+8bnrM2sUx7W3tqJ4pPOotKvjazvGBZxaLxWKxWLVX0aK/mJb6/vP+Ktved+M/l49t+/MDy48/2f/C0ueqh5d7ecg+KT3w+KxEHt884kOlz/C/+VGVh/w41EN+/p+v3RDsYRqHPMc9hQfMBT7oxSPEBrin586vSql2RpAnzKgC4KpzNGna6nXz1vzzppXHsejGB4J+tuBe/PVffzHb5jlXu48NTF1Q6QJb3AeQSSne1dJ+jmgTt2btSud0/pteSt+mRnChLQK57EGBeJ0Qzk0gb2pnUyxEhra3taN6pvDIG35dcGubKxwKz5QiXiwWi8VisWqrFNHf1EJoG2k4Pndb6XP/VQXxOLeGHn/66dWlnQeMjupH2efjhyUZC6V9Kg8K3IacU2/d2QnyC8QfxULxTrGo4H3tkwIqTe0RIGXQdqVcQzQWorIqnE7efj05Oo39UT3KYL7BD3Sx37qx+UaPWemBOGWkNwXYMhyzWCwWi9U4KnJKMIvVk7TkuE8I8fjaml/3Z4vnZ9HrT89blH2R4Jo/3ScVVMrtq7w2+BXvAuj818fOqYBqhGwq2MoRbfRwQrwkW9GxDM7la0QI0pIzCI9MuaZ61Pp6eSu04nQK+GaxWCwWi9U7dO/kF7PtyP96q/uz4ge+UPrQP7L0WVtOq9UtNYXR7NvEfRXP5X0u2TyoPr4euih8Xh5v/++N5ccx/UAf0/mhrwsc031hksKD5dbXn9gpmg/cJG4lzMtWNeOkY8ugrP58qrWT+qSESvm56gWiFu8qVYjWz3v+4IELrX2wAS7COgCuCvQ6mfodC8b1moPcSKKsZxwLwr5eDNQsFovFYhVLtQARXVqwrS8zNo8tPRfdfcN92WPxP0Ee8v6UHu2JPa56rnJfhcfEk0s7O/2DPUBdPjPWinAPwr1I4dEbdMw3L+toPm5y9hi28PzJq65tCvU459FNov0/6B4QOQY4BkgGrV1pX2GpT2qolBVTvMsG1dQ+uADX1D5l0TEdzMrPQwpj2fx824YAuHqsKMDuU4la3u+CWopHCFCzWCwWi8XKXxj9VQs1oU5+e0u2fagLcHXR36LId8khjlSyQt4vpvdZ6NJX3500TEx5z6Hl52ve2uzdtxgPhON7V60rsYzj/D6+UKmbc/u542+teJ6lR3fJVbxLFcw/tlWNpsBpCsD17TcVJkMU4xHS1rdNPeCYCqOm83zmLft68JJPLBaLxWIVT6FFklJp+ImzKvqhS82WgX0vRlPr3I93nH9FUg+1ArbOA9PXoTq0+gXGLKIHCH0Wr7iqygPGoFa9to1H97pQ+6F+EVPkL2HyEKZGl0G78/mZNfYAOPaeg+wLlf369at6/Prrr1dBpk+Kdko4jfEI7Tdq6MB3VDzXrR+sngNa9dQL5RdIXgtZ56FrbzuHuiayzpeyLrPcXh5Hak08cU7T+odv7lg8YaZ325A2sR57d2/L+swfS1gsFovF6vmS55beZDmmi9yWU7FnfrPyuSM1O7V8+4HQ92CdPVKMRe3TuYn6UpTXNpVcmQchmQntCYpzhXogGJuAWFWfUKjcunVrth07dmz5cXNzsxE2dY91wirWoXCaAnBD+q2CriyEXNs5uhcLwVTnoWtvO8cHblHTNH3WjcXVr7wg2afNmC5YjVGIhwuOJ7SMC+pLaLvUHimuKz/f0PZCIfqRQi0tLTVtl9ojxXXl521tbYXoRwod3TKxpu1Se6S4rvz86bb1hehHCo0bMbim7VJ7pLiu/PyF7XsK0Y88IRckF4YyffifsbZ6bulVXY/3SvNm6w0uLFYKYWRcFUa+dcdnWfx85xvn5UFVn5RQaYNN3WOT5KWefOE0BeCG9tsEurqF6qkRVjyP4iGfM83RVpY6h1jXN6pXXpFjX/BM1SYPDxaLxWKxWLUTwq2xSBIBcE3AYJJPCq0J2IvcjxgPSqXpm6TH6hcYVA/QTY7++VS9Dh2L7ouYIn7R0fGVpULcdXX58bxjx1d85l28bmOH7XgjqU8oVC5fvjzbtra2lh/Pnj07WcdC4TS1RwqlgEaKR+h1fOYQ1wqAG12Dhoysa/tUHjG6a8VK+MIh23545tS69yPV/dBl0tSyfSqPGP32f36S/W2A7fs+dEHd+gF/m6Afqe7H0CGD6to+lUeMfrPiTjHthInZ9gMzP1L3fqS6H74FZ1K3j/bwhCYTeOHcznrOj8R+pLin9fo8ZwomYKQZKx8bI8+Ouce17geeJ8Snk3iU4dDigdH5dsMXGBSPbL8lyg9t2g391I5H87pQ+0H9IqaeAuBdLK7owMe+xxtJTR0dHYLFYrFYLBaLxWKxWKzerqZv3DJZS8i45BOolHJdElasXrZsmViwYEH524OFCxd2YAQZq1ibPFRd8/HHm0welD6hx+W/OC6K9ikeah9M9yOVrv3HJR2TJ00SrykF0FT179dPrH3iCXHZl+cW8hsd6jh6ynhi9L1r50W9T7922eIm8MCoK3XeLs6xhYgpe+g9Yl8X+B0W4wG/Q8Bj1qzSTB7qvF2cYwsR0yJ4QOQY7ylGkOs9ltjX5eqF10d5XLHg4swDo67Uebs4xxYipuyh94h9XVxTh1zCeiEYdaXO28U5thAxZQ+9R+zrUpS/+6neY+zRmB6Mo8VTH9tBWPIJ1x7WCT50uD58uDx8FetHhfaUfQA4VPep4CefUy8oVPsJ/aD0PUQAwADL/aVq6FR4bgSFphQDzMW0j22bxz1I0Z+ieIAQ5nyFU1VC28e2TSmE4hTp1SnGlOq+hKYUA8zFtI9tm1LYjxT9KYoHKDSlGOeDxqQkF2W5F+xHiv4UxaNIUue+UrXy/nsK4ZFiLEXqQ6wH3tMUHjJkT5hxljjz3Pm5c8AdNy3q2HDv7VpQdy2B5DrekICMAHnQoMHlLe6TgVKeb6zOPaZ6+EJtKr8QyDb14ab7rxe/+vLFVtCEyKkLRtVzdGCaNxDr+unqeygsx8KwbxXrkMrXKTy4qBeLxWKxWKzertRFqWQ/nK9uuobpOD6v93x3gOLJk1rE2ifaxJTW1gxe5eMpgFn1hOuUPueXrqvKVq2acrzhABkBEvTgEV/K1kMGIVDK6x+jdPtsHiGK9UsB2dQ+qFCpg0HXOfJx+RhGXlOAMaWfrr6jFwWUIWXaJ13cBschBZXqUdgK+mqDZN90YN92pjYTT6zfLx21HymWdiqCh3pPfdOBfduZ2rR2/dGrh9R+pFjaqQge6j31TQf2bWdqA0Wp6iW1HymWdiqCh3pPfdOBfdvFtslDaj9S9KsoHinEKbR+wCrDZq0qNceu2auD7VoDdN/+Q7LtmtWry/BqgltVANCuc1RPuI58Xdt73fUzgMcb6b1eAchYtRqhDyAQHs+YsKrzE3rpOK55jJLXQQb94KEvdZ7f+WD7KnHvhpO0Hj4VpeH8rK2nny6VOhSyXX2AJalaxDlWqKSAJ+W4bT/AJwCrDVZxLjC1nyq4qu3Qy3VdU7q2rQ86P4TjbT/7S9H++tulX1z9DnD2fcy3nsnaVP1S7PSgtLd52DTy0z92QjKLxWKxWKziKkVqcwpY7AkeFP8ir+Ws61vseCna/9puI+xOIXzx7ToHgViFaryu6X0+1fHlwNQCVptPDsgoNQUZARRA8dbnPldxbmvr48o+CVg3CK2Hr0L9cByhkJ2iDzqoTCVfb1ehrJD5wHgeBc5T3xsb2JrAV92fwsPWfqRgsVgsFotVDxUt+ptiDeN6eKBmJfKITcutt4d8T1N4wFzgg148QmwAr3PnV6VUA8h+/Ymd2ePvThpW5XXmhBlVACwL2j551bVV72X1uiwNIOtSkGVIpkZ+cf1k2JYit53/pvt5xPjpxgFQDMraewJuORK9odRe14dLZ/0sq2LtC7dq6rQJFlOlVftUkbbBsOlYCCSnGicVfF1gK/v4ePhEolksFovFYtVGKaK/LFY9BYA79v0l8Pj6ffdrYVeG6mO+eVkHngOPoa28ryfqZ4vnd3x63qKs/zFFwi5aclLWduncVU0kQAaZUpABAjPI7IJL15xdhFp8XJHuPJpeVEtuN0Os0nrrZEulDoF2ORKt9gHgOAQqfUAwhUdqIE3RXm0b4+ULpyagDYXclF4sFovFYrGKoyKnBLN6h/bu2kU6TwfE1LZ5ackSc+HhuXPdQTWA4xknHVv2UbMiAJgpkAxwPPLoQeXHzfd3Y/CiGx9o0gKyLQVZBUWKVOgMXZ4J28l+JqClpFJjNBnHbPKyRqI7Id83Eh4KwToo9W1jih5TAdUEwrr2pigyNb0bjqeIRqcGahNc6+ZBczSZxWKxWKzGUorUZt9otg7M6+GhU4xHT1/mSb6nKTzqBdO1guM5c+aIgQMHVh3bt29fdtwFybvf0SL6vvNj4s/Ff2fP164M6wfCMQgev2tLqUDZ9l2viPnnTeuQIblPFXQqKcgx1Z9D257xj9d3/vfPgq5JmSusg24TnINSVeI2wW2KFGqs/JwHUKp9S7V2cYpxp4BRXw/XuQzHLBaLxWIVQ0WK/vaWQl18H4ojiCLXO70a4BhgWLefqv1//O8MkjOt/N8k/QIwHjH04Ozfph2VVfPLgGya5xsLiqFtQ9rZ5iv7wHqKol4+AJhHAa8QcId+pIDWEPCOLdQVE8lV26i+Ng+GYRaLxWKxiq0U0d+iyHfJIU4P7/lCyMXHPkCM7Xwh2bXElc8SWADHpggyVQDH6PH+v/lhhcfGm28mefyfE35e2Y8Z3R77FI8+Klyqj12gaFIoZMKSSTHLRJnG4QvdKSpx5wGavp6m1GZq2nQI8PuCeV73KqRCNQMwi8VisVisRgZ1rmJdrCrWLgHcNh83WVBAVwfEMmDXWpA+HTsHuR4efbRQKCqjsaGgGNo2Fk514/CB9dhK3Cbw84HAPJeH8umXDMXq1uSrmz+M6yBTKmmHpIv7gmxolWuqeB4yi8VisViNoxRzf1ms4M+Vj68ln6uLOFOix75rQFPf5xSALZpHHxdohoJiaFuoCg1R5FTLRIVCtykSTbk+wB2KurSSDNWyh6m9CtDUwlYU8Jb7Av1wjSFvmC/8Ly0NDOcNxxNaxpUfb2h7wbtN3n2qRbvY+1HUe9rS0lJ+3NbW5t0mD4X6p+hXyP0o6j09umVi+fHTbeu92+ShUP8U/Qq5H0W9p+NGDC4/fmH7Hu82eSjUP0W/Qu5Hnvc0BdwWBXgZvHuffFKjfYBYlRwNxwi3KUKuOz6rge55HwpYhoJiaFuE5JBrpoR1SuVsnRBQAVZVkDTBrgzVHzttRjniSmkfI916zNgXuR8qJOexRJSvp1pNmrI+se9zyjkcKWaxWCwWq7hKAZVFqWJdj36k+NKhSNeP9Sh6FetQ4VJJi9dt7BB3XZ3t6/jKUjHv2PEVsO063isAOQYUY9rGXDM16KeSC/5cKcUpilrZlnbySW2O7Yvv/GedKJDqiuxSIr+1jg5TdNeKleLDM6cGt5144pxkfRk0ZGRd28fej6Ld0+XLl4tZs2YFt21tbU322jY3N9e1fez9KNo9/c2KO8UHZn4kuO20E9JFPocOGVTX9rH3o2j3FKAldL4otE0ZefEt4pS0fRe8xdyPIt5TFSBcgnVZ84SiIvSDq1gXF3RjBcC7WFzRgY99jzeCmjo6OgSLxWKxWCwWi8VisVi9XX2K1JmFCxd2zJ49O3v8r4+d49X2mo8/3nT5L46Lov0Qj88df2u2XbZsmViwYEH5WxRqQSqUKXobW9iq1v2weaTQ+odv7oCI47af/aVXu3d/65mmP3z7qKj3R4jHyE//WOzdvQ2ii+V78b1r53VgpNJ3ritEKr922eIm8LCdD+eYjkFbiofNJ4UHRVR/7E9eHhQfaAu/wzBS6TvXFSKV8DsEPGzny79ndL9DKR42nxQe1N/3FH/sT14eFB9oe/XC6zswUuk71xUilVcsuDjzsJ0P55iOQVuKh80nhQdFVH/sT14eFB9oC1E2jFT6znWFSCVE80yROpQt4gdtKR42nxQeFFH9sT95eVB8YsaZWpQxU+4HezSmB+MoA3KUcN1ikLp2cYrz8+iDCo4gCmSq849NfiHpzT7zf7EfMhzHFuVSx6aDcdtxH1HmGNv2UzxDz4nV9FNPyLZjDj2sYv/Ny24jtZ8z+2zrcYpPCo/Ya9TKQ+ezedNL2fb+3z2S9LV93/veV3ptx4yp2A9fxFGEXzSaRPFJ4RF7jVp56Hw2b96cbX/7298mfW2nnfr+bHvooZWv7X8u+zmp/Sdnf8p6nOKTwiP2GrXy0Pls2lR6bR/43X1JX9t3Hn9Stj2k+eCK/Svvv4fU3jWXkeKTwiP2GrXy0Pm83P5Ktv3jY6sK9xk2dMzya1ZPj5SvX0+fgyzf0xQeMmRPmHFW1Xlnnjs/GqLvuGlRFVdsuPd2K6ir8K+e4zrOgFxDwVrGprWLU5xfL08ZDgEIAUhRJhC1Aa0NKm3zf9Vq2NgPauTY1ieUPDbTlwHqOaFATJ0/7APNPWH9ZErUtFY+Ng9qFLoIfS2KKFHTWvnYPKhR6CL0tSiiRE1r5WPzoEahi9DXoig2ypTSx+aRIiJWq76yepZSz9WV/XDevOkapuP4PHbefqwAiidPahFrn2gTUzQ1L3RwqwK065wphloaeF2TQqpZMyDnLDlaCzpo0ODyFo/porh4zHS+TxTY1Yeb7r9e/OrLF1e101V/tlWBRjB1QbENekOgUge1shelmBZ6mPqs9ks9T9dvyvhTLK8EHqZ2FC9qhLqWgvTtFIWvUvjoPHRRV1M0HNLTKbJFiFN4+PjkKUjfTlH4KoWPzkMXdTVFw9vb20nXsUWIU3j4+OQpSN9OUfgqhY/OQxd1NUXDd+3eS7qOLUKcwsPHJ0/BB8gUH8BT+Og8dFFXUzScCjm2qFoKjzyAKy9I7y0ptDrYrNVrFLtWrw62aw3QffsPybZrVq8mw63POTpf+bqU93pv+sKq8BFkjNbCFvTgEV8Sp4gfZI9tUVzX+T5R4NA+uIA2BAoRSHVtdO1NyzTp2siwLKdTu/qV93GTilBNuogVrlksFovFYqVTitTm3lK5meJf5MrPvmtgpxrL/td2Z1tMp4aIsPzY1vbMCTOMAFw+x+CL13W9z6e6viTgCHL+OuMfr+/8759VRGsRRAFM4fGMCauEmFC9jjE8z45tXyXu3XBSxfn3ipOyqC8lEq2LQpv6AGs2t4hz6n7fqHOSfQDbF15NBbpC5kuHtLFFhPF47BrG1CgxnDdSsFgsFovFqoeKFv0dtP6hbPvQAaPFTR/4Qvb49EH/km1H/tdb4v3n/VX2+E8/La0xu3fiyVUew08sFYKcu63UtSUjS0O878Z/zrYUD+zHvJnfzLaLV1xV7pfaXu7rrEQealscA47p3N/8SGz78wOzx2f94qWyx8lvbzFeP8Tjm0d8qOI1+GT/Cys8cEzvOP+Kiv1XPfc/ST1gLvBBLx4hNgBknjvfC3DxMaZZ+wA25bopNf+8aeV+LLrxgUJnVhQ2guyK1iIU43rGssrAvEHZt0F4RYFj+pAK+HzahUZiQ/phgmxb39Q2Oj/f9ZVdsBoDxD5zkFOke7NYLBaLxUqrFNHfWqkMVZZzEDpFFxiWn3fCH9XDpv987YYSVEaMw9cDzxfi89HXjPFQ722IdwoPlCty7KOUXqFqn/6meP+WceK+0S8EtV+ypLpm0dy5foV8qR6FA2SIxs6YILQRYNG1f/T0bjCVo8cIrbi/FBXu/DfdHlnGSDTKda7ah0tn/ayqoqsurVlNZ6aCoG6OcF4AbPNPfV2Tn8+9cUFpyJxkbOPTth4wPLB5RLbt22+wcoQ2V7a6nfD2SeERf43aeOh8Bjbvz+W1HTy4dJ1+0s9C9v4kzpVV21W9zwk+KTxir1ErD50PvgapNaR5YNfvub4V+3eRf0/3tR7fVSOP2GvUykPng69Bag07ZGjpev2Vn1ti+wED7e+59hp5xF6jVh46n6YD++by2hY5JZjVuJIjwDLgqo/lIl2m86jp2nnrqWm7hQj4cQKwvfDCC8W+ffu6P4MNHJjtp0IynPveR7+v2S+qPAoZQTZGgLuAFGFWhWMVknWPbb4hfQA4zkuxyymh1HnIeQJ26PrHeUe/XTBcT9AN1fYtz5cevLE7qP3OLRuj+5DCI/Yaw8ZNqYmHzmf7zj25jHnPnpLvm2++GdR+69at0X1I4RF7jbFjx9bEQ+fz6quv5jLmzVu2Z9s/vRHWftOWndF9SOERe40jxw6riYfO5+Wd2/P54Le+VAl29ICwF3fzhkfj318JPGKvcVyNPHQ+W149KLdxQ5VeTBPGdF5dCjEe2/HwcqMXRLVvIuzzEUbKYz1uE/dF9StPj7f/98aaehQVllOlWPc0bd++XYwYMaLiua/adr0hWoYeVPFcp8IBMgAnRJHVCDCCqQmKjZCtgC3F1xSF9u1DCGC6QNG0hnEKyHRFdH3Tn13+qfptA17bOaHVp+VzdXOei1DJmsVisVgsVj7RX1sKcTnFVjP3tzwfuLNPV5XDaKUv8dpF9z7dvGHVA+ewyp7Z/kiPGZvHdu0bq+nrp5N4qG3xHswQ/9N1L4TWQ76nKTzUtnieOqYZa0WFt6wUHiY1Uor1RUtO6hh5dGl1BNjC86VzV5EDahDhhQjwWWd1/9TdfvvtXinWmYcQHW33LCrv23Pa/J6RYi1DsgyrKvSGyBlZDjw3FYxSUqlDYdJWzTp0brTqYYseu66hq6DtC8OUucGudZBV4A2JMtcbjoeNHl8YH52HLi3ZlC4+bPRgUpTalkKdwsPHJ0+NGjWqMD46D11asildHJ5TotS2FOoUHj4+eerQ0cMK46Pz0KUlm9LF+3e2p0SpbSnUKTx8fPLUmAnvKYyPzkOXlmxKFx/Q2Z4SpbalUKfw8PEB6YpjyUWlsJjT3Xs/r0BP8eS75BCnh/dcFSHF2rXUFfX9dc4hnxJTWrqXolqze7X3/ZAh2ReOVUh2eRS2SFdF6vLxtDafO/5W90nHC6tvhYfjXF+AjAFcX9h2QbLcLmYZJhyXK7XaBfu+94UKoT4FvEKuU8RIMQXiapWWrPPQpSX3lnTxWFEgrlZpyToPXVpyb0kXjxUF4mqVlqzz0KUl95Z08VhRIK5Wack6D11acm9JF6+17p38YrY1VTqWAR6qMMO61XnIVAlbrgANwi8OsL+pPPALC6zsjFF39blcERuj9lDte5bFQ1dFG89RPXAMuD+kAnUKD19Y7okp1re+/HPxu7Y7y8+3vbxXnCn8KmfjPGQQbH3mH/t6FA6QYwquFKngi2v9YRNoUo7p/PoT+439gscIyj6Aql4HwBh9Q/uv67sPMKugS01xplaoDhGnWbNYLBaL1TiyzaP1nWNrqnRcK6nXd1VYLp//Z+cn9VBT1XUVuHHf6YP0Y9Glu6s+Jo9ynz5+mPV1sY0thYdJtQbbvNd73vb03qj2GEGWn+flUThADv2mHyIesVGCFB4mmaAWlztC0AR97LQZFdAoH1PB1nQOeNggGbYIyiZPGxCrXja5+q8et/WHArq1BtOYYl8TWsbxp44GVUtLC9+EBtXRLRP5JjSoxo0YzDeBZQQEdd6wbo6tbe5v3hDDaiyFpljDc2xr8tQJCtGpwiwG3TH5uEs+841dgFsLjz789qufVGiWYVOGRhVCZbD1AVVbG50nQHYIELv6pl5Ld1z9woAKppRzbBFn3/PrAeQsFovFYrH8ZaoerVY7psKDTSHp0XL/4LEOhmvVDxDlvuTtcZPB16eN8PQoEhyrj+XUaSr42o7Juvif7q04b/G6jR3irlJEvOMrS8W8Y8dbjzeSCgfIy5cvD2rX2toa3DalRyrZQDQEUkOvV8tr+V4zVRq1C3bziFAPGjKSP6k0qJqbm/kmNKiGDhnEN6FRf249Cx+V5QkrrPpIVz1aV3XZVWFYBQiTrv/rGdrU2Blr7ZWO5f6159gPSgXo7LlaBTqRh1rZmXI/5GrfNg/da6z20eXhU4E6hUcoOOctAOLF4ooOfOx7vCerqaOjg39zslgsFovFYrFYLBar16vpG7dMjiLkaz7+eNPlvzgu2qORburP7/pV1P341IfPaErh0Yhv2PUP39wB0ddtP/tLr3bv/tYzTX/49lFR9zTEY+Snfyz27t4mJp44p0keQ0w/wOt7187rOGHKsdnzEcMG18wDK1A/smad+Npli5tCxqJ6pBhLinuaYiyrV6+O6kdra2vTwoULO6ZMKVUIHz58eM08duzYkW3XrFkjFixYEDQW1SPFWFLc0xRjeeCR9VH9mHbCxKarF17f8d4pJ2bPDxk2omYeWIH692seFlcsuDhoLKpHirGkuKcpxrL8u5+N6sesr/9bE0TqDjm0tKxdSOXnUA+sQP3ypo1ZVDFkLKpHirGkuKcpxsIf81ksVoh65Bzkv1rUWvVL85/nr25S98M+Wzv5OByjePgoxfrCtfL1mddMmUMsH0s1ZzpElArXrnOoVbJdc5lZLBaLxWKxWCxWDwfkUWNLc662vhhWmvv1V0prX/Y7OI7FZXAdddR+fV+V/Srs2o7jMZeHDzBTl3fyhd1UcEypYq2DW/Vc9Rz1uM5bhei8gJgyf9h1DnUOMhfuYrFYLBaLxWKxGgSQAWQRYuXHNvCVzxk0pK/Yu3t/1WNqexcYy+CK0G2C8W7opR/HYy4P7I8PKONSSTqwTQnR1PN81kHWwa16rnqOelznLbfB/viCcszySiwWi8VisVg9VZAKP2HGWcbjG+69ndPMWaxYQJZhVX4sR47laLIKtzIQy4/l82ztTXCMYGyCYheExxy3ATOmZNfiRbJBr7xOMRWOEU5N58ugTfEMiWjLbbA/0DcfSE4BwwDZJi+fNGmbD4vFYrFYrGJIXkNWFbVCcAqPWDiG5ZuOa201nnPQi49l5/lCMo6tltWSWcWRqfK5TaFfxNx///0d06dPL+T7zEqplEiwTQDEoanZCMe+YCxHwVVAV4FXB+mwz3ZNPAagTIVkFSBlALVFl21QHAKlCMeutnnMm6ZcD/rmC8mhUBy6RFQIPLNYLBaLxSqOJk9qEX37D6nYt2b16pp7hAqLqb3ztd3Gc2C95BA4ntIF3ab1dnX6yewWI1RdsKytZh66GkUoalDrmG9eZvR48qprvb9AgXuoPi+qB7ynQtaIpnwRo4J36/lXi9GjRwdB8pIlSzrmzs2XFayArMKxL+yq51PbU+FYBVxTFFx3jm1utQrZJlD2geSUAJonHLvAXO2DD6zbzsVjsZBMieTa5gqHwjOliBeLxWKxWKz6SwVb0Jgxo2vuESNIr9b1QT5eSw3VfO7Z1fWZzNdjyjf/Way56q+CPEYcW31Ptq/b7eXRfNzk6s+Xj68ltQXQ/8C1/1J+/txj/1X+0gGPu4Af2OKqjy0yelDYA0D/7s/MMnrAcRPwt29+2ut+AVTbIFkH3it/ekUGyQDHJkgGEIYtwjA+v/DCC6uO5QrIruiqS7HtXTBMnbechyjQ7AOE9YRlU79iC4a5ouE279D74IJRX1hNAbYMxywWi8ViFVMmiN28eUvNPNT5w+Ant633/GGIhIekWAPYlj26ADfUQ4ZkX32l5Yry479vuzrI49b3HFp+fM6jm3r1z0zzmKODwNkExwjVAMlCXN1hiyTLMHzWWaWfme3bt5cfYzQ5dVSZTJsIp5B2DfJNvcb2rqrYuugxwimlvSpTmrhPNFyNTMsFvWxR5FqnKpukRo/V9G7cV4v+uiDcN4ocWnE6BXyzWCwWi8XqWQIQHXPoYXXzMM0flv1C5w/XE46TXb8TimPgmFVMqXCN0N33+bvFFnG60MExgi9AMgrgGDVixIgyQFMgGUFbdw21HRmQbXN5Q9rXSgjHujnJroi0WmAsdD61DIeh8KxGZ/NaY9km3Vxqeb9PQa+Ye2GC11CgNbXz9WKgZrFYLBarZ2n/a7utqcoUPft3f116cLob6nD+8BvSfOWqCHLA/OFYQcotpBZDKvGZEXBbBIVGjWX19qhxrAA69z92cxYp1kWeV95/j4AviuDYE52PH398jhZuEWAhYgxADP9kycDs6s/6FUur9wuhhes+JiA0weP2l16t2ofnUoAyBDJluJXbx6Zc+7SF64ZU0q4VrKZSPcA7lXwqUcv7XVBL8QgBahaLxWKxWPVVLByHyAm/586vaX8QjrPPMp1b2/zUWoijx3X+PN0V3aXuVwEYo77/dPHN5LRsORJsOgdhGCCZCsay5n//NrHoq2dXPL/99tu15/ZxwaOcUk2p7qyCrC4lO0U01gW4KjyHgrQLwm1p1ilh01bcKhSYQ9Zldi0B5SrElQruqTBqOs9n3rKvh6tQ2KAhI5P+IkvhR/XYvnNP9LVVj4b6o9LcXDg/qseOHTuir616NJKGDhlUOD+qx8s7t0dfW/XoDR8G6+lH9djS9kL0tVWP3iBII1ajtlEep/+V2HXLEjG0hmOAecpQSdt2nAra3500TEyR5tyueWuzd38O6X9g1T7fAlspPJr7Vhfk8v3tNWho9SvZ7tG+nFEQoX9/If5Lkuoo+KvONiHzjE366+t/1QnJZziPwWObMMILjyGSjHCMcEtJr8ZzAIpR0J6cYm0CQh0cm8DRBZUh848rP5S7l59yATF1CauYCLUKghQwlFOPU8hUvTp0qalURcdC5yFPPHFO0/qHb+4Y+ekfe98LapuRkR5y+727t2V9Vv+oxujMCTOy7e7d7cF+KTxSjKXhPnStWRPVfvz48aU/UO3twX4pPFKMpdG0OvK9fsz4j3b9zO0K9kvhkWIsjaa1jz0a1f7k80vbN17Z2eW3sy4eKcbSG5Rifq3O4ye3LOmo1dxdnMdsi37Dceo85q8/sVM0H9gNU+2dz33TrNt2vRE9rhQeG38ff39fvO/+hhgHtfJ2rGBJsY6vLK2CUYDZT3zjP7RtAHLxGDxGWLUBLmzRVz2fUqBL7pfcXte2jwsITRCZRYmf6Vt+rAI0QrLaPnZtZVufbP5q1NrVB52PmoKeWgCqa594QnzstBnk6HNoNLYeadSuJZ6oQkj2ufaYLliNUYiHCscsFovFYrEaT9S1elNIN49Zle885hiYSjH2FB6+y67qFJta3ijjoIIxCOB43rHjm3QwSvWiAC7CLQi2vpWrfdr3oYCrCoMIx/gCwmNIM6ZAYywch/r7pnTn0U9X+jHAMUZM4bEr8puqD+pSTT6p09T+qOe5UrXzAM8UsMrAy2KxWCwWq95KOY+5nvONWcURgO4Tf3+R1/kgFY59oNdHql/n89za9/EFQhWO8ZuOUnp0JSTXc93ivKWLmrtEhWMQPNalR+e9brLvGsahKdU9tRBYCm18+sXC+MR6pBpLo6itra0wPrEeqcbSKHrm6Y2F8Yn1SDWWRtHe9l2F8Yn1SDUWFovV+wSgu/grSzt8zm/Ue9HU0dHB7wgWi8VisVgsFovFYvV6NX3jlskkQq6qUq1EkakFtnS65uOPN8ke8vV8PC7/xXFRtO/jYbsfP7/rV9790EWRTQW2KPrUh8+I9gGPkLHEeujuRSPpe9fOi7qnX7tscRN7FNNj4cKFUR4LFixgj4J6XL3w+iiPKxZczB4F9YC5nDEeOB+UPYrnwR/zWSxWiJz0CcWtQM/9cVcFHMpLG9ng2Ad0ZS/5Wqaq2ur+WqV0u74sCJFauTkGjkPkM7c55XJNvVFzZp+dxGf6qSdk2zGHHlYzj82bXsq29//ukeCxqB4pxpLinqYYy+zZs5O8tlOmTMm2LS0tNfPAlGqsXh0yFtUjxVhS3NMUY/nk7E8leW2nnfr+bHvooWNq5rFpU2nJlgd+d1/wWFSPFGNJcU9TjGXq9NOSvLbvPP6kbHtI88E183i5/ZVs+8fHVgWPRfVIMZYU9zTVWFgsFisYkOUiXTrQVOfcIiRnEH3Ufu/5uD7VrHVrKetA2AXHCPsp1mDOA0QRkkEqHOvahRbschXqqhVsy0taUa/vW70aFVL5OqUHF/disVgsFovFYlF12mmnVX3mvOeee5pq7dGrAdkEnzaYRCjWVbnWPZYBNUWVaHXpJirsU3xMHrA/ZoknapEsCsDWa4mnmLWQY6twl16DkTVtF+sRu7wUi8VisVgsVqPqkiuvdAYfvnPllU09wSMlHB922GHa/VTATeGBUqc8NPoUBis5hqQsq0CcIlorw7Scsm3ypsC+y8fk4Qv2rihp6nRlFUBtqdrqtV3wmgJuqWs7y+nmunPmbVjhdd2bJszwbpPCY/GEmVX7+vYbnOS1Htg8ItrP12Ng8/7osageKcaS4p6mGEs/6ec9RqNHj4728/XA82PGonqkGEuKe5pqLCk0pHlgzT3yumYK33pI7feAgWl+Jw87ZGjpb2X/fjXzaDqwb/RYVI8UY0lxT1ONhVV8OG49+RTSeSY4LYpHKsg2gS0I9lMAN4WHKpz2sPL+exr+fdmHCrvyc10EVQfSKni6YFk3l3nEYQOSRJt9UrpNQuCX083V+dh5v2Au4I4B2NDIcCjkx8K2Dj5Tnh/rYYLpnVvillgZNq40p3P7ludLO97YXTOP7Tv3RI9F9UgxlhT3NMVYtm7dGtWPsWPHZtstW7Zk2zfffLNmHjt27Igei+qRYiwp7mmKsezaHftlb2me7uYt27PtIcNq5/Hyzu3RY1E9UowlxT1NMZbNGx6N6sVxXdun1pfmrY8e8EbNPLa8elD0WFSPFGNJcU9TjYXVM9T+wvPGY83jDid5DB1s/lJl1549PQL2WQUEZJzrC7LBpKkAF7W9j1Sf0CJcKXxSzl3GaGw9C13V69opo+bUiG6tI8gpYJzFYrFYLFY+klNGe2q6qC1aSQUwW7Vw6n1J0Y8Uenbd2mjILoqGDRsmdu7cqd3/0ksv1cyj4kuMzU/3TkCmSIZiH8jE6Kuu4FYeClluKg8PW0GuRlHsWFKkbrNYLBaLxWL5aNL4I8QTG5/zhuq8gdrnOh+cOatq369XLPe6nq5iuG8abYp+sLr13HPPiSOOOEK7n6Kz39khJo3bLe4Q1Sk+Z3buP+pP9Jqz1113XYc48gwx7LRS8Of1N/0DThctOSm74NK5q+r+ZdSPPz+mPPi//JfNTUkAOVQpoq84JzoWslP51EpyxNU0l9gXMOU2rohuSLVpH6BO4blv794k58R6DBw0iH+rs1gsFovVwFANAJsXJIO3D7inSB1OERmsRQpzb4TkGDWPOVqcKZ7OtvAay1tBeH9lYNypSy+9NFuXfOc9T2b7+z0LbS/1guORRw8qP26+vxs/F934AOnnaMmSJUainzt3Ltmj/+qrRcvIvuLVP70tBrzjgAyWX2u9osqjApBlUDQV2LJFUintbTDavQ5yZYVsvGaqNY5jfULWQaYAaWgk1dbGtKZyXkXBYseCbdc+8YQwFehisVgsFovFqrUAihFg84BkGY59vOW5t6GgmkFTJDDL84h7WkpzkQTFs6CIVnNzc/U9bm8nLdOE71XIDlDhGLIDbO8vGYxjx/Kt+ed1jJzZHTwCUH7XliHZ4+27XhHzz5vW4YJkANsLL7xQ7Nu3r+rYwIEDs+MuSIZzjt64UAyQ4Bi2GSx37l+yRFR4GEkR4VadZwyiFLyKbW8TpS2lmrbLJ2VFbmr15tC2McqjsJfPOsicXs1isVgsFitvVcyVHT1DTBLPiE2dW3m/a86sCsnQXlXIckKHbrlXhMAxSJ57Gwqmcko19IPV83XbH5vEvVt+3/WstJ37PvOXHynB2CYA4xFDD87+bdpB/0IHYDhGM67dIFZ9+50ZHINwC/ufvuGGinOrAJmytJMNLGPbmzxVYPVZgsoG61Qf1aNeQJpKPmnTKftriyz3lrnIKdZjTu1H9VCrNodcW1fFulE0atSowvlRPdSqzSHX1lWxbhQNHTKocH5UD7Vqc8i1dVWsG0Vy5KwoflSPLW0vRF9b9WhkOK6aJ7vyh1VzZ11LAcH5kz5zbRapnSRuFJOmztKe5/KoJtRnxK5jz+v0GyyW/+6BDpi/25sqHaeIODdK1BqXaNJFTH2XedJ5PLJvrNYjLzBuWX9S5Y4JQmB9/IGvuJdmg8guRIDPOuusqmO33347KcW67DH3t1XHbuiEY2uKtQqPuueuSKqrfcjaypTrhMK663hMfynAFwqMeURffQBVd31Ke1uad2+JJK9ZvTqq/ZkTZmTb3bvbg/1SeKQYS6PpgQceiGo/Z86cbAspVKF+KTxSjKXRtDryvX7M+I92/cztCvZL4ZFiLI2mtY/FLUl08vml7Ruv7Ozy21kXjxRj6Q2SU5CHqs8HD/byAKAd2gnZsA31yNqsu7HsAfupHinBMEXUOLQfvuNtdA9UbMRU5/Hvj74l/uI9B4qFL9Xm5+3bi25sgjRr23GKDwKubj+1Lz4eZfKjpj2b4Jja3gabunWQdedT051dsE7ps2staNs6yDFp1amAUTf/OOR6vvAbI/CBPkPfeR4yi8VisVisVKoAmKlfzCC5p3qAVj/0YPQ98anknUc/UlS7biQPnINsOx7jAXBM8UAtXrexo0mzb96x40keVAimAG6tPMr0F1vJuZaVoF1wTIV12zmx86RjQJMKkbVsn0e0l5d3YrFYLBaLVSulqLRcFA9QihTsFIXGYvqRYgyN5OEDwbXwAAEIL/7K0o51yr5G/l3RpxEHlQJs8wJ+BkK+FxuffrEwPrEeqcbSKGprayuMT6xHqrE0ip55emNhfGI9Uo2lYT4ztO8qjE+sR6qxsFgsluhFQKyqqaOjg191FovFYrFYLBaLxWL1ehUqgkydg6zTNR9/vOnyXxwXRfs+Hq61kH3m/oJca/+Cn629rZ1PP2R96sNnNP38rl9F3dNQD9P9WP/wzR1QOXnehhVi8YSZ2Ra0b6897f6Xn/p+00d//tWosVA8Bg4qVYfFvsF27+5tYuKJc8rj+N618zqmn3pC9njMoYd592PMhBlNmzfcGzWWUI/Nm0pVHe7/3SPia5ctbgoZi87jhCnHZvtGDPMvbgH3Ft4XMfcj1AMrcj+yZl02loULF3a8733vK92PMWO8+zF+/PimjRs3Ro0l1GPz5s3Z9re//a1YsGBB0Fh0HlOmTMn2DR8+3Hssra2tTatXr466H6EeWJF7zZo12Viuue57HVOnTc/2HXqo/2t7zPgxTU9u3Bw1llCPTZtKr8vKB+4Xl1/6taCxqB5XL7y+471TTsz2HTJshPdYpp0wsemBR9ZH3Y9QD6zI/fs1D4srFlycLdnzzuNLVVYPaT7Yux8nn/+tpod++u2osYR6vNz+Srb942OryssP+Y5F53HYmFIV++aD+3mPZdbX/61p+Xc/G3U/Qj3aXyl91nlp81aReo1iFovFgMxKrJj5tgi5rnOoBa1Sz/2N8eN5yCwdcHrBrYhfOiqFB4sGnLVql9qD5QZO35+6+KWjJjb08lNFEAJnrdql9mCxWKyGBeQUBbOg8jWIUv2a4vPcH/3m+eggkAKH1AiwT9Vn1Uvth+65aQy2/ZTxMhyzZEEkFvThmVOz7V0rVjrbnHpGd7tQUT3UfmHkm+UWRGJBs2aV1v9cvtxd6fNDH/pQuV2oqB5qvzDyzXILIrGgD8z8SLb9zYo7nW0++qFTy+1CRfVQ+4WRb5ZbEIkF4RJA1GrH2C7FtW1S+4WRbxaLxWpoQIZUZkxnpqzJLO+jrGFsgm9fH50gRdgGt7gf04lrKRlWfaHVBfam4/J4KaDeyBrYXEpJ7NsvbL280HaxHgOb90ePRedhglBIW6Z4Us+L9YB0cOgf/DPB++CupTv69esX1I/QdrEegzVrN/qOZbBj/UcZQiFtmeJJPS/WA9LBoX/wzwTvQ5oHdv2u6hv4e7dv9Gsb4oH9jhmLzsMEoZC2TPGknhfrAeng0D/4Z4L3YYeUFtnp3z/s52/AwPjfySEeTQf2jR6LzsMEodS05RTpzRQPSAeH/sG/FEsVseojeB1j3w9F8Wj016a3jL/HpVjLsKyLBsv7ZKiV98sepsi0zcc1/xgEkVx13rArEqtGf13RYxVydVFk7IfqY4poU4BZB7byfl/IxXGoXxg08hrI27c8n23fccCr3m2HjZsi9u16Pur6oR7bt+yIHovOIwaOaymcM42QrEvL3rJlS7Y98MADvf3Hjh0rdu/eHdXHUA/sd8xYdB4xcFxL4ZxphGRdWvbmLV3pvAe8w9v/yLHDxM5d+6L6GOpR7nfEWHQeMXBcS0GfZEjWpWU/tb5Utf2ow4YHXWP3jviIaYjHMy/tiB6LziMGjmspnDONkMxp2T0TwPB95jrP9B4sikcekC2vZRy6bFOsx9Tpp2Xblfff02vel4UCZIDMUqGuyiJYsUq1pnFeayOHKjba2l+KCtUycstp1vDNfv9s27f/kKD2oe1iPfr3fyV6LDoPWUWFYx0k6zRgwIBs29MiyNjvmLHoPGQVFY51kGz7uR3QPywSHNou1gP7HTMWnYesosKxDpJ1GjH8kNLvsX79w36fBraL9cB+v7wpfCw6D1lFhWMdJPc2XXLllUYYo67JawO6Wr7utgwA6mvbPOZo47H2zU/3CNhXwfawww6reO4LuCk8eqN6RARZjuCGpDqrUBviofOpNdDKUJsHVPrMJZbP181X1vnJEe96wTmr2Co6HKuQzHOQ6So6HKuQzHOQ6So6HKuQzHOQ/aClJ6RUqtW3e5M+OLP6C71fr1ju5YERQlk+0cKiQLatzz3xCxQAWQDa5uZm0d7eHhT9TeFRiy8XGJBroJBlonqT6jXXl0GYxWKxWCxWESRDXU+eV7lrT/wKDCkAKBayWdVCsAXBNjSCHOPx+pFniGGnzSw9fnOFuO666zouvfTSuv28XLTkpPLP7dK5q4L6sfJHTWWPqV/o0HocULQ3A6RZw5xeGWwReHELBbSwmnSoKB5YIEwGbsr8Y5Bt/jAAqhpBxfnD8nkwBxfm4qrnmjxN83ZVHznyq879tUG1qQ/9E6SEUsbBYrFYLBaLlUqpo4oA3ZQ5qNTzvCD3heejPWIKnQFkq/9YcXAMqdHf+b8/KP+D5/J8Yh+P/3fkU0Ee/Z79ldh5z/ezf/AY4BggGf5RPZYsWdKh/sP9Ph4AxyOPHiT6Dz5IwBae+3oAHE99z2AxcEAnHHdu4bnOo8eEV1VItp1D9Qq5fiPLFuGlHqNWwO7t0WSuYt244irWjSuuYt244irWrBRw7FNNG86lzkXtKZLH3hvnhKfWvn2looxbX9ooRh02vvw8xOPNz/xzxfMYYQQZIdkWUQb4vPDCCyuuO3DgwGz/3Llzm3DrAtsnB/9UjBw+SOzd8boYNLxftgVIfnLHTzuPC5LH9MFfFsdNHCweX7+nvM1gef2XqzwKCciuYl0+axDLSzTJXqqHLmJt/QBqiR7HgCj9Q5LfXGRTNWsTwNYDwntT9JirWDeuuIp144qrWDeuuIp179Om0TPEmGNPEZv2PRjtBcWyWs++VDxx23WkdG2cMz2msw20pRbUYvUe4dzhS/7Pl8T8+fMFbH3nEKfwSAHK27dvFyNGjKh47qu/++RvxFX3npnBMQi3sP+GG24geUz45GtCPDYqg2MQbmH//YpHYSPIMiRTodUGydRzXOciSIfAcb3X+ZUh2QSr9egfwn5vSq3mKtaNK65i3fg/t1zFuvHEVazNVawbTbrKz7iPCqqqR+vJp4jVD3WCdid0+wD6ps420Fb1643AnCLi3EhRa7n69A9/+MMs6gr/fOYQp/DwAWWdMEp81llnlffdfvvtgho9lj2+dNa/Vh0DOPbxOOustVXHbtd4FDrFGiEZHiMo66AXoVUtyKXCruu4C4oRjLFvVBh1rQ9sipyqc5IpIKuug2zqFzxGUHb1zXZd13EXFCMYY98Ei8VisVgsVo7Cys9Q4Aof+1Z+lj2GDh6cPQ/1AEge2jVFxdcD1Tzu8LoDZmh72/JMZTlS1xvJA4TRX91+6n1N4ZFCMiQjHON+Xw/d/jw8Cj8HGUEUQRmlArMMr6ZzXMd1EK22C0mpjpEM2LYINBb6Qth0wbsK4DIsy1L91PNcx3UQrbZjMGaxWCwWi1VrDU1QN6HeHlnkOlIxxblSeKSodt1IHilBNsZj8bqNVSWeYd+8Y8d7ecoRZNhSI8cxMBzr0WOKdKlgqgIz5RyKhwrRMVCspjSbRE0tNlWvDk2Llq+pi1Z/7LQZzqi26zh46KC9t0MxF+lqXHGRrsYVF+lqXHGRrt6lFEsjFcEjRSp2iiJhMR71vn7RPIokAOHFX1nasU7ZFwulnc8LP/Yeu0gwBVpd5+iOp44QyynNFFD1Vao5w9Q+uM4zLTMlWBXiIl2VemTNuh75Our6zUW6KrVmzZoe+drq+s1Fuir1+zUP98jXVtdvLtJVqZc2b+2Rry213ymirkXxYLHyhuTeOO6mjo4OfvVZLBaLxWKxWCwWi9Xr1fTAX70zipCn/uipppVfeFe0B78U+YiytJOsoi+1tP7hmzsGDRkp5m1YIRZPmJltQfv27rW2++Wnvt/00Z9/Nep9SvEYOGhQtsW+wXbv7m1i4olzvO7n966dZ7zO1y5b3OQ6HnsNilz9oHrAaxrjAfe2KP2gnLdw4ULjdRYsWNDkOh57DYpc/aB6rF69OsqjtbW1MP2gnHfNdd8zXufyS7/W5Doeew2KXP2gejzwyPooj2knTGy6euH1UR5XLLg4ST8o58GSPKZjuGSP7XjsNShy9YPqsfy7n43ymPX1fytMP/hTIIvFClGPTLH+/plHVP3S/OodzzWp+2GfrZ18HI5RPKhQKj/3ncebp2fsUlN5pouzKjVn9tlV+25edhv5OEUfnjk1qG93rViZ1COPe1VkzZ49u2rfsmXLyMdJHw5nzQrq2/Lly5N65HGviqxPfHJO1b7/n713j5arus49dxEsS7IeyMe2HhYWCCEsQL5I4iVhYSBGRvFN6CSA2w+a4VyM/UcnmMSdeyHEEJsLN2kn4LhHRuy4L4PGsTuAQzuMGFtAIMhINiDgGgxGCIGC0AOQ9TQvc3P6zH00z5m1znqvtXft2uf7xqhTVXuvNfdau6r2qV/Nueb87m23eO/30VkfXh01tn+5+86sNlJ13vkf66vXdvnKM8dskwl5XPt9FJsFWCZIymGjinM1nqX+YKD7MYN/SAnd7jpOHeNoylxCbUBQNCBPmTLsETtwYH/UAfa8MfzePOztae9JCa4nvVdf20/drsKubT/vc9nwAWaZlIu8sSpUqkm7eL8OLnUlmUyg6tNGZsSWz3XH1SXxciUcs80FMivVA2qz5fIoP/PsC1Z7S5ct63pOHnFV5NWXemTDBqvNo486fNy8tqkeUJstl0f52Weftb+2S5d2Pd+7d++YNtOnT+9+bR1rio866qhx89qmemJttlwe5c3PbrTaW6Z8bnfvGfs/fMZhU7ueb3B8bucftXDcAk1uOLK1f+Fle+Km4z9wQvfndvvmsZ9bpdTMEz99zGrz8HdPG1evLb8Grs+wT8QFf1alXe3/vbnD/yef2fpSedwpmm3l927Ndj6Grn3Xd3ZLG5ONHONoylxibPTrtcf2XvvGN77hZeOSSy7Bd3UXIBPIMsTKxzbwlW0IpBmij/rItOLZH+4L6u8CYwmuDN0mGDcBsW0/73PZ4PHYQFlCpw4oVSjlNjoo5X2mPj52QzzGXC7KBP4uW76lpqCxkl5QHYT6iLy5ElZDPcpN0IFXfzV6XZn8tla8ttILqoNQH5E3V8JqqEe5CXr11dFEbpMnT27Fays9wjoI9RF5cyWshnqUm6DXXh1NHjZpcjsyXksvqA5CfUTeXAmrOUvA1Pba7h+9Zk2aOr3v4ZiAiUHJJ5LC1YZtLRmya4Lkky/+xujj0f/Ymm3m7XobY74FWNtUN46mzCXMRuwPYrrX2BdKfeDUFYHhcx1ZtGiRdf9TTz2FL94+gCxhVT6WnmMCXxLBrwq3sp2EY9nubf9hOBPqr/7H//SGYwZUExS7IDxlvw2YOSTbBzh92xBcMiS71g6H2PXdx+HX6r6QdcwM2CrsQ/0j6TGOBXXyEEtQd3mUU8E5R9mr8QDu0mMcC+rkIZagniNLda/BuQ3gLj3GsaBOHmIJ6hsyfG5t4Jyj7NV4AHfpMY4FdfIQS1B3eZT7AZxDj08QdPL7Dy/+5fUTR6DXtWRgxYkLnW1GbQ09fv/DWkh+8JuXdHkyDxzx28WU528fs638/6LZTuPQ2VBlsslzMY2DYZP2x4xDtp1xzjUj5zZ0LvJ1iZmL7nXZ/YMrjTZCoNQHTl1QGgKnpuOELF+47bbbtNvPO+8852cl9PPYtvB1a4i1jyfYJulVDhXDcSgYSy+4Cugq8OognbbZjsn7aGwuSE5d7xujlGOGJPJS2/Zirv2snCHVocfyTeLVK8XA564dm5KOSWWvcilnSHXosXyTePVKMfAZC/JVKGdIdeixmhoOmAKf23bsSjomlb3KpZwh1aHHavoXyxj4jQX5KkXnmT5XBE4MvQRhrvNv++zRa0lgzEBGj6/825udryfZvOFzt2s/46btPuPy7StFcMwQGTsO2ZYhm87Hg9+83ftcytfFdn58X6cy9Psg/PP8XDZcnlkfODVBqS+c9lr0no7JIeBaYtAqQFbhOBSWVTgmz3FOOFYB1+QF17Wxra1WIdsEyi5INgGja/1vCPiqtmw2uW3osX3mBTgOlyuk2uUV1e/vttOvIdc6b60vOFfl6Q2x5Qqpnig+izrp9qt2+jXkWuet9QXnqjy9IbZcIdUur6hu/27NF8V+DLnWeWt9wbkqT2+ILVdI9eQp9muybr/66e/XkGudt9YXnKvyNIfaknC85K0HhjdawqJ9gKD0YB60VXqQh+zLdbZN1zDEjnpic4nXbp+lwLcLjnOeN4ZsOn7p1R6aJ+QHx6E/cKk5D1oHyC7vqkup/V0w7LtuuQr5QHOl/5wqAlAVvGPgHapGLq9oqteUlSOk2iU15Lqq4+QA5jpCqXfu3Jm03/u1zRBS7ZIacl2nxzcUmOsIpXZ5RVO9pqwcIdUuqSHXVR0nBzDXEUq9/ZnHkvb7KkdItUtqyHWdHt9QYK4CsCnclsKtdx94o4TDUEgegeMhzZjy9uLBn79QFEfge4sKqKll2KBmia8ZTYwQqRSQXfBLkCjXEYfCM/V3ZcXWeY8ZTuleroP2EY1XN9aQ0G/VMy0TevmGWkvoTIHPUFuu0OeYsTQRorn+cGqbOmxAHuc5AUzbktirrUoB07Yk9mqrUsC0LYm9WvvaJoBpExJ7Se/xsJfy0pE1yaGQrINjmRW7X7zIFHpcrvWt8BjknT7Z4UXmcVR5vuj4dBzb60IRIL++Or1k5GWXXWbd/8ILL+CC0iZAtq3ljelflxiOdWuSXR5pU5burP90Kl67K22nJvaCqpUMmR6YNS3KQzwwa4Gy5aVxf15DgbkKwJYh0/Q4xkM8c+bMrudNWpvbL7BdBWDLkOlJswaiPMRzZnWvpd2Ny2EwMFcB2DJkevLRJ0R5iGcfrZRkwksbDMxVATbX7w2BZBscQ/2tXBEgOx+4yd7gfWd5XXuqhHVAeiAg+8Djyw++NWYbt/UByhjIlHArPcepIdchfWncIT8KSPDN6cF1rTGuA3CbBNHXH312JW2rtGFSjpDpXGHXUN5Q6xwh07nCrqG8odY5QqZzhV1DeUOtc3xhzvWlG6om1NoEyZztWNZB7srUnAjHXDtY3VYeR7Nd5/U01f01tfH10MaMI3UuuvmEzsXnfMh2Tfbw57pubLztKj0vnHKxsQ+FT7vWFLdxzbEVkHXwKEOifbI7c19ZE5kkwTY1O7YP4KrwHAvSLgg3hVn3AiJDk37lGmevMlhf9sxd3m3/36PPCGpflQ1orOTa5F7agPJLrk3upQ0ov+Ta5F7agCr43Gb48ttPX6BVSOYMzCxZxokScsXAcRNrB4/Orfo6yJQk62TnOOLn4nM+zMcZfQ9QEj2bnty0xfi6U11jqoW8aJHdQ0wlnmw1kJug8bDGOBiQTUCog2MTOLqg0gTHtvXHUj7hzi4g9oX01NDwSZpstLoSSaQnnnyy4NrBshayrY+P3RAQ1tl11WVWk3zJeVSlGE9u0zzIOUKqXRobct08pdZI/ujRZ2SxMeY6k+A1zhFS7ZIact3I1zaxRvKCBQuy2FCV4jXOEVLtkhpy3USl1khetOA/ZrEx5vVJ8BrnCKl2SQ25bqJSaySf8sk8Nsa8thWuZWZAYjjmckOyDjKXcZry89uDPcdNrINM0GqrN8zbqR2XbpI25HabDV6DbJoLj8M1F16rrM5FjsNmQz2OWgeZdPeBI4sPn72quPuuNcWcHfeV27bNOmN0W7HF+Vrfcc89I+0XzJlTbtu0bduYbXXI5inWafD3v1k8+bWLC9cPBeMSkFUgNIEotXvoxdeK5YW+djBDsgqhpqRZIbLBsQl8Vah2wbHOjhqC7gOZBIuqGHrVNipUMpja+vjY5X2u9cgMt6zfOvOMMfbUY4z5x6oZV27FZECeXaRnTs5hQ6qOcGifY3SXi3rJ8Xx4m92Gj512r42uIxza5xgS1GnNsu05b7PZ8LHT9rXRdYRD+xxDgvpux3PeZrPhY6fta6PrCIf2OYYE9b2O57zNZsPHDtZGF4WEYyoDRVBGybwYsriME9c9DhV5nllcgkjdRvem7Tob6jFsfXU2bHZLW1Qe6Udf1o9jaLuEVpMNuc80F91Y5VxMibzUcdhs2M4J/0jyx1dfPUgQy8/pXrfNJPIMy/bsKdZtM17/h4D82OXdkC73EWhvO7DG+l4jID/iuOO1QM6wTveqLjtuQef63//mIEEyaTyD8qEmgFRhVwfHHFJMj33qFpNS4dglE/iGrn1OCQFXIVEFX4Ze037dPlcf2q/CramvDowlMOvG42uras/xwpMu6PSib04bTZMK0a7nviAeYweqFqJdz31BPMYOVC1Eu577gniMHahaiHY99wXxGDvjVQTHDEPsXU4t41SWgvLYFrM9pA3vP/mDfn1s485tI7RNDhtSf3H11R2fbVXbMAG5BG1fGyqQu2wwJNNjBmUfkfe5lYDsC5AqHJPosS48upd1i6uWzmvuC4kxEFmFTVbI+uGqAXg86c671ve0f1NsbNq8NXkMOWzk1Jo1a3ravyk2nn322eQx5LCRU7pQwDr7N8XGc5vTf/DKYSOnaH1hL/s3xcb+vemxAjls9FIqmNBzXRKoWHumbTHbQ9rIclSuPhyyTPfS61qVDZ+xhuz3bdM02WDaF7RTbRAk0z2Dso+4T1vUGRxEDW8IgiAIgiAIgiAI6qz7zDFehKwmzlK9yL4JtnRa/o2fd6QNebwQG+sveX8S7YfYcJ2PXPrx9740eMzJv128fsAe5jZxykDx9IO3F6ee+8VG/oLjO49+mU8OffXaywZXn728fExZmNX1zXIbeWkvveL6ThU2UueQ0p/G0xQbGx+6JcmGDL+/7rrrBletWlU+pizM6rpcuY28tJdffvmY1yWHjRTR8VP603iaYmPDhg1JNpYtWzZybr983Q2Dv372b5SPKQvz7j3d0Vdy2z13fb/408s/P+Z1yWEjRXT8lP40nqbYWPfwxiQbK05cOHJuZRZbysKsZnKV20zZbHPYSFEZCpygkXDiBthY85WLkmys+sJNI+eWPIi8vthWZsjWJtUGnxNaL0tJpWySbeR7JIcNFn125PtfJ1ebVBtNeF0gSKdDXQ24zNOeN7rrD8vSRjY4DgFdaUsey5RVW91eV0h3KBwTHKrbVPCTbXoFheo4aRw+Y48RQZsKdCjV059aedqJ5f3sOe8d8/r66ILzz/V+v8Ta0PXfvu3F8n7tAw9HzfuZZ18ojj7q8Fa/th/84PCirdmzZ49sIyj3Lb10/vnnO9u47Lls6Ppv3769vP/Rj34UNW8K6z7qqKNa/dquOO308n7OnNHX9tW924rJ0/0yrJ53/secbVz2XDZ0/bdtG35t1z1wf9S8t25+rJg7/4RWv7bHfGC46M07p79jZNsv9v6y67lNy1ee6WzjsueyoetP20hP//TBqHm/8PK+4vB3T8v2Q8MYMNVkSQ4VZ1Tme1fb4URh+WzIHy64TJL6YwbPuyx9NdSG98vtuWwM55xfbf2xx9Qmhw0IcgKyzNqsA011zS1DMsk3QZcK3r7rnmUtZhXA1THapKvJXAdokuc0tI0OTEOgI9c4XWOPheXYecR6+ci7l8NDmHL8uj/cBHBLl/mfZx8vrK8Hmn/8SH2/8g8ovfjxxAbAw+d2Wdas5qEAt3TpUu/2Pl5YXw80e65T6xOz97sXdY5tAMzntlfZuDc/u5E81t7tfbywvh5ogtEQSLaBLdurWzYApn302r6059978toSwE2fHQZprja+HmiC0RBItoGtCt91nj8TANO+4z9wQrb6rQSWDMl0T88fzWCXMyrrMkmb2ua2IcGaPKtTxDaCaV6vS9upPBN7omk7e19leaV/ufu3rTYkqKs2pNR1wtImHeesoXFwG9046AcMmw31OE31JMvP/ZEzD+va99zOPV6ffarHzI9nvvj9rn073/sbI4+bXo+5EYAsoVGCpg1iGYp1Wa51jyWghmaVDoFsud3Hq6wrPWWyQW2LB9+y2lOhUhdW7Goj9/M+FRJi4YEB12ecrrGzLR9QppDpkHDx3HCdA7JibPQKogjgqD5wiJfT5om95dbv1Tr+XD8Ixdrh81f+ExbnkOC4l69rObahL/lUHzjEy2nzxN566621jj8HYKfY4fNX/l8S55ATgvWyVBXBMdUHnn/UQu8+Nk/sbbf+Q63jzwHYKXbkaytBmeCY1Cs4JhHAUX3gEC+nzRO7fu29tY4/B2Cn2OHzR5LnkOC4/NwmwjGVc+oq5XTEwe/BQ+BFcMwhutSOyj/FiDIqUzZlV6ZpW5sUG+zxZdGcpGf15K69q7X99I/tNghiT3aOQ9VYm7KdaUwmG+bj2KHUF05tUBoKp/S537Hx0WL+vLHf32YtXOL12V+0aFHxi7v/cqyNLd8v3vnhPyqeeuqpnv8IkHuJSSWAbALg0JBlFYhzeGslBMuQbRNkmzzNcizSjq70lMmGT5kqn3W2rja+a3Vle4JPAlYbrPJa4Jhj6ICAbbmOawrXtoGLzd5L3/500NhnX/VccJ8cNt7ziRt79uGOBTiGQhUWjV8qpr+7vFdrIQ/M8vsSOLaGclh/mw2bnSnT33SeP563/KFBgnOvFAtwDA4qUJg0bdrwuVNrIavPjT92Gdr59ne1Ne3jcdvOH89b/tAg4apXUtcj+2qD5j1p80QfNn3Yt6PWQp408Qiv46n9QvvbbNjs8LiN/xuGAFi+tgzJTXhtYwGOoVCFReM1750zhs/hpO7Ph1ob2SRTO9/+rramfZ1fm+A8fzxv+UODBOeUL+wnv//wYveBB0YgWYUqro88Y6idGoLtI5kJW83qLGVrk2qDPK3sUSVoZeCX3l/OPK3bvuLEhV02eLvNBsEreaJNNngcuh8sdDZJpnHYbKjHIRsmKJ02bWrXvn379nvBqYRSrY0GwGkszJre0zG2+Ie/mM9RIwBZF2Yt4dLWVgVS3XNVurXMy35rehbI1nmJQ8XAL8PN1fXYJkipIkQ0xnNs8+DGrAdmWz5wnvvchMJnDlgNsZEK5KniMOBQL3KoXt7xbwd/PdrTdWyfYw4cvlRbHzlkfa/JhsvOy7v2eb9H5Xnsped45Fp6MAw41Iscqh07dpT3b731VtexfY45d+5cbX3kkPW9JhsuO6+88or3jwzyPPbSc8ziEOtQL3Kotu94ubx/41ej23zX5x4xd0BbHzlkfa/JhsvOL3a97L72HvQS82tLtnrpOWZxGHCoFzlUP984HAkxa/Kvuo7tc8zFhb4+csj6XpMNl50dr77N+0cGeR5TPcejcPzGCFSVHuSDEMVQVXqOh2CL2p0cAcnUntfCkq0bPne7FjzUNlUCBMGzOg4GatP2Kmzo9oX0Ne3XnWOXHRVsTduqtqH2Y0iv0wYvL3jXkceN/T/73M+CPgPU1ie/QQiwx342fDzYh6oQybLBpCkBF68VLn+1yhBCrYPq2CRc6nxi7ORcu6yGfepgUbZJTWYVmkU6FMh9Pdgh5yQnhNbtQe6l55jF3s8Qjyd5Yk897cxKxuMLvb1e32sDZQ6v7vX42EMW4hUjb+uKFSsqA3Yf6O31+l4bKHN4da/Hx15fhmQfkSf2g6ctr2Q8vtDb6/W9NlDm8Opej4+9nyEeT/K2nrzi9MqA3Qd6c6/vzfK5PTgWDq+OHZ8Kx+SJVL80jwLVpSPAEAvJOZJ0QdVLBckYuM1hQ/ZJBexYGwTH7zv5Q/rva5Hvz9hriQrZMR5oacMGyoeGDk5CcQhksgdXl3CrCsWUm6rChgn4fECw6sREqWs8U/urfZHFuprXl0OFN23e6uxj8sTGwLkK5SFQqWsXkzVaen4ZbmO86RKMTeOrG+o4WRZ96We4s8nkiY2BcxXKQ6BS1y4ma7T0/PL8Y7zpEoxN46tTFGLNZZ4Ikp/b7P5MmjyxuV5bX6jUtYvJGi09vwy3MZmnJRibxlc31HGZJwI6n3WEJk9sDJyrUB4Clbp2MVmjpeeX4TbGmy7BOPYLtw8cq5JJu2IgOUeSrlwaLgH1jcEqj8Hh1a5xcAKuqhJncSKvKz1eJ52XNdTzmsOG2i8WkFNtkKc4ZHsVYGwSgW6KF9sW6n1oUZNSw5sZWAlUU7NRs526YD0FpHPI5D32BVQTCKvbbF5k3/Bushnjjd77+r9naZNqY/rEQ3r2HrKFUqcCHWXhHroFjYXhNBUqU7y20vOrW0/sc1xqy3PpFRjbQqlTgY5q/IZkTaaxMMCkQmWK11Z6fnXriX2OS215Lr0CY1sodex6ZBbVHlXX2YW+trFQmeK1lZ5f3Xpin+NSW55Lr8DYFkqd+kWRavyuChwLw2kKVKpwGmpDen5164l9jktteS6+xyfw4lq4ZeZmWhsbCMcuSKY1sK5auzmSdEHViKI15i/9kHH//IH5Xnb+w6dvMO+j9/EL/q+rhOpUwE6xEQPDDJ45AVe9btEPjlHf5Q/asPU/1ASxpgzRNk+qbG9a82uDUV1NZZkoLFeN41Q7oXWQdZBiCqUOAWjZjzM/V1FD2ZQ9OxXsc5etGs/KFZasW5d72jkXR4fMx4Cx6n3O4bWV58bnPKlAPfQvTbueu45ayLnCkl999dUx21auXBn12vJYQsekeihzeG3lufE5TypQy3GpGa2rroXM641TQfi1Vw+M2fbrpy+Nem0ZJkOh0vTapsCphGsf0FaBemvR7Y2W7aquhZwrLJmhUOo//fntcZ/bg2MJHZPqfU4FbBWufc6TCtQvvPyYdj23r1eb4TYUjk2Q7FMGKkeSrtzrmOlHNPIiu7y8MVr38MZBmUjLJvpRgX+84B80Uo/PJazIe+wzv1zRGjsfuMne4H1nRcO6L6TbYD0U0mOlW3Occs1ge9IGP3ZBtgR1XX8nIOtAVl1nTPLJTs1wHNvf+gXHo688ngn2XZ5jHxs5ALCXZYskeOSqXRszfoByPlBOAbaHH/lZsfrs0bWMqfWbY5KEqd7nHF5bacPHngrU7D3WwXtdXuVUYPvRj35UrFo16nMiz3HSaxuRJEz1UObw2kobPvZUoGbvsQ7w6vIqEyinJORa98D9xa+f/RvKl9701zYEItXXNofXVtrwsacCNXuPda9tXV7lmDDkrmvX3t3FsQvmjTwnz3HKeGKShKne5xxhkr5fUk1Azd5jHbyb7EkvMifhIoCMTfTDkMzZk13e41zKuY55xJvOZZIO1jsehezutrq5MYiyyBbBcZkh29OGhGSdTfnDgQmg1RrIXMJKwrHLRlOUC9Y33naVdvukUy4OsvPK7mHueteMaSPP+XHMZ14HsLGfQ1dGbBXUdePQebLHALJPaScboKb2N9lUgTWkBJUN9n3tqDbqBNgUmUKbfcOmY4A/BloAyOlKBcpLr7i+89VrLxtMhWPpzWaoDBmTbJ8Kn7GedRNQS0iuE45TgfLyyy/vXHfddYOpcCy92QyVIWOS7VPhM9azbgJqCcl1wjGFWKd4kf/08s93vnzdDYOpcCyTbDFUhkCkbJ8Kn7EJv0xALSG5TjhOBUoGsFQ4lt5shsqQMcn2OTziKaHZuse+8E7n8qz3H95Vxokeq2Clg2qj0YNh1SOAN/Fh6xf1HN7flHXMXbWDRx7pawubahu7bKiA6m/Dr6+vjZFzcM41zjb8WZM/Run05KYtxh9UqK4x1UJetMjuIaYST7YayE0RR0joxHBM+21w6/M5Dyn5ZLPnE67tGo/sPwaQTaWdRj64Dk+qq39MbWWf48TCumt/zHgp3JklwTQEAtmGL9iGytd7S+PgMXC7mGzWXAfZJ5N2leHibZQMB84FbCmeYxUcY+E0R4mqHBCrQnYM9KdCYA6gTIVjFXBjxqQrrZRrLDkgOwb6Y8Xh1aTUEOtUOFYBNwZydaWVco0lB2THQH8qBOYAylQ4VgE3Zky60kq5xpIDsn2hnyFoydw3RjzIst6xSa42XAaKaiQ/+HN7uHYO72/KOubQGsY56iD72hjzQ0HmOsg6G6ruPnBk8eGzVxV337WmmLPjvnLbtllnjG4rtjhftzvuuWek/YI5c8ptm7ZtG7OtDoV6iiUo6oDYByz5uRoObbq2uNYRu9Yx+6wnjgH1Q33Bl2Vq49vfBpu6Osi69r41jV2w7hPq7aoFrauDTHDH8i2tJKFa2lD7q2Wf+LlvYiuf2sNyLDQO1xyqrPUM+UNgrvOfGladCxxzgGiOsejGUJfnmGGNMlb3Go5zQnoOEM0xFt0Y6vIcs9eYMlb3Go5jgNhmJxVEc4xFN4a6PMcMa7EJZHLCcU5Ij/E+VzEW3Rh87TIkX/m3w+G1Vu9w0V0H2SRZ89flAUvNYp1jHbO0yzWM1W08H932qmyMBSNz35w25Ln946uvHiSI5ed0r9tmEnmGZXv2FOu2mURAfuzybkiX+wi0tx1YY33vEJAfcdzxWiBnWKd727nwgVOfc5JyTQhZx5x6XVKv14e6wNdXdWaCdsGx7xpnW5uUddIMqASr6pdqHcSwx3S0/+IRj2vV51IdkxyLHIcKyVWUiELSrt4CKYnCrHFGm6OcsEZh1jijzVEurzGJwqxxRhv0uc1YyiT1yydkP6c+61B916r6vFZNyGKts2s6Vsj2HDZC2+SwIfUXV1/d8dlWtQ0TkEvQ9rWhAnmIjZT1+aF9VmWwk8PGKZ+8qhuQ26SUBGA5bahywV9ISHGuxF46OPYZR2qCrdD1zxDgfzyPAfDf3jG0Ub2uN9yUMQD+2zuGWGhI9f7m/HHABRAh23PYCG2Tw0YTZYNpX9DOYWO8qzM4OIizAEEQBEEQBEEQBI17NcqD7LsGWafl3/h5Z/0l70+i/RAbrlrIvgmpWCbvbWpiq7rHYbORQxsfumWQPM0vffvTxXs+cWN5T9r7ut1bcPp1Wzr3Xz4v6f3hY2P6xEPKex4b3ZMHUq7rlZmiYyTDoMkWl2XiMl1Sctudd63PHkJNxz9x6XHl43cPhCduofNCr2nKGGJtcM1nKm1F5yXHOGSm6BjJMGiyxWWZaA2y6u2U29asWZM9hJqOzwnC3vWudwX3p/XOGzZsSDofsTZeeeWV8p6SRdF5yTEOmSk6RjIMmmxxWSZag6yGW8tt99z1/ewh1HT8JUtPKh+/c+Ddwf1pvTOVcUkZQ6yNX+x6ubx/9JGHyvOSYxw+6+xsUpPTcCZcWtOmejvlNltG3FjR8d85Z0H5eNbkXwX3p/XOa75yUdL5iLWx49W3Db/G2zaV5yXHOPA1X/8eoXvKAk2JrmySbdT3eVtsQFDjAbntCklm5bP+OHbNbsj6Xx6HhOPUpFzq3HQwbtvfBl1w/rlR/W659XuNn1tqLeZ+H8/5558f1e/WW29t/GubWou538dz3vkfi+p3263/0PjXlrI+p2Se7vfxqIlgfLV+7b2Nf21TazH383jUHz9MyYdigCnEdo7jpYxJVY5s2m2yAUF9CcgpCbNYlGWblJpMjDJol3rwrUrmylmoCUhZJq+tDWhtUGlb/6tmw+Zx+HiOXZDNknMz/RigtoGqlY9XGwm8+lM+Xm0k8OpP+Xi1kcCrP1VH9tjxIlnmh9f3TjFsZ+nW/qptpnjato3Ddjwf+Y5JPUZMNm2yxXWhpxTpGbmbNI6mfvbV0lVUtsrn80/1mPnxS794rWvfe945aeRxP9RjBiAbRKHMG/5pOIzQpyazLAHlU8PYVJ5Kbo+phazL/izhUYVJBlMXFJuk9veVDmqlLd04TN5nk0dZHZdqUzfu0PlD6bJ5tUM81znqF+eSWsN4vMrm1Q7xXOeoX5xLag3j8SqbVzvEc52jfnEuqTWMx6tsXu0Qz3WO+sW5pNYwrloUVjvyuGvPasP2wlrWqbsm8mpv2+ZxFM4yUi75jalbpmzacpwj+uCflm27j7e6a3+XbSXU2ZaRuynjsEGpL5zaoDQUTumzf9cLh42pwU31u88+fI/X53/RokXFvz7wiMbGncWHTltaPPXUU8HArir2R7rP/OWyweOemdroH/n6LsSa1/4SsOrAVpaAklAr27psqO2lHbLvWn/sIx1M+kKh/LKvQrYPqJvGIWFZhlO7Qqld+13zAgw3RwS2OuAN/dFFB6oxwJwjPDoFjpsWLp702g7Bjw6KQqSD0dgw5xzh0Slw3LRw8RRt0HxulwV+bnUwGhvmnCM8OgWOmxYuniICWx3wBn1ONDAaG+acIzw6BY5Dj0+QJD2qDD8EO7rtLkmYNdlQt6848T7jOHLIZ0wkqunMUCMzZUvIVmGdtsttal1odX+57SDcyu26jNxNGYcOSufMGujat23HLi84lVCqtxEGp70WwTG9n9515HFj9r3y3M/K/SGQS2BM9wuWDJ3vWWcG9x+3gEyQqUvUlSrpVU5RjlDvKuW7JtkE2DlKL5kSdMWsl0ZdZLtikn1RnzpCpdmLLJ/HgGqKN5rgVt7H2OiVNzwm2Rf1qSNUmj2N8nkMqKZ4owlu5X2MjV55w2OSfVGfOkKlda9tDKimeKMJbuV9jI1eecNjkn3V9QWRvcjyeQyopnijCW7lfYyNVG84w9ENn7s9OMRZbWOyoW73sRUr3zGp77kp5aPVJVDL5FVTxhxh9YjnlN+nZHP0vb66y7M6/KPE7SOAOmx3uA2NzfZel5Arx20KE+fHpv28XQfPNqlga9pWtQ21HwF2rFJsEBy/7+QP6b9nBaznpvfMgguGH5+x/bei58LeZ/mejLnu/uzo/cXf/dGGTl8AsknSgxsa6kxS4TjGRvllLBGOcybV0qlqmJTjMEG2bWxqH5291PrK/aIJE6cVb76+L7iPBF0OifYFT25vgmSyf+ppZ2aZH0Ele57pcawXV/YL8eZyaLU6plDQNXnDbcA9ceLE4vXXXw/7YWmojwRdDon2BU9ub4Jksr9ixYo8r+0QeLDnmR7HenFlvxBvLodWq2MKBV2TNzwWuH1Bl0Oi1czVJnF7EyRPmjih+OBpyyt5bWO9uLJfiDeXQ6vVMYWCrskbbgPuyVOmFa8eCLsmUx/5hYtDon3Bk9ubIJnsn7zi9CyvLUEle57pcawXV/YL8eZyaLU6plDQNXnDY4F7vIq9zATHu39wpTXBVWxyLLLLodKu5FgMsTnrPkuAVsOMXVJBMgZuc9iQfVIBO9YGeYpDtttEYHzHpNuirz8Ex+R9fmPJ/tJWzA+M1OeNC/YXC4pRj7YOlFuZxTqmTFRu6cKa1XBmXxBU91cFjq7s1LmPa7IXCt/9qF07NhUDsxYE96l6TFW8n1LFXtwQL3TudccMxWzbNr+dO3cWM2fODLJPfapUbvu51v2ypy/EC5173TFDMdu2zY+glkowhcgXhGOV4lXwhcvU19bXZu51xwzF8rU12d/+zGPF7KPDQJz6VKnc9nOt+2UvbogXOve6Y4Zitp1zfuNBMlmVK3FVzgRb/SDdNTX0OpvDhtovFpBz2LDBMEcT+IAqfUZPL0Z/BCUvbvh3yzdHHtOPjCGQzD9k3rHntvL5giUTjKDdOEDWhVlzkiy+50zSKWHTFC5dfjmyeIV1oJ1j/XEuYPWVug65KuhMqX88HkOpqwbeELFHObUWMMOkBFQZbh0Tqsx2QoBXbRubrEv1RPt6w6sG3hCxRzm1FjDDpARUGZIb43VlOyHAq7aNTdaleqJ9veFVA2+I2KOcWguYtPnZjcWpy0YBVb62MaHKbCcEeNW2scm6VE+0rze8auANEX9ZS60FzDApAVWGW8d4XdlOCJCqbWOTdame6BRv+HjWSHIsV+3giARbXfr5JcMh3LY2RZHdeyzFGa9dXmSK2Dh30dB14sV/1u4/dxH9dX9ePvW/nmvd98ILL0SBdipgp9gwSZetXQfPBMJleLVIhfLo0idGvLi2UGcpCq1+5chdxembh/7nF5vLuvIxov73z3/EGurdNx5kCcvv9gBaH1sxx69SPqHUphrGOSDT5dFNDX+uatz9qDvvWl+sPnt5cJ+qtfCkCzoP/OCbgzney/Kxy+tah0KOzR5jCdUMyy7YX7NmTbFq1aqgsVGfqrVs2bLO2rVrk19bCZH02OV1rUMhx2aPsYRqhmUX7N9z1/eLXz/7N4LGRn2q1ooTF3buuf+R5NdWQiQ9dnld61DIsdljLKGaYdkF+09u2lIcu2Be0NioT9Va9YWbOv/3f/7t9M+tgEh63ASva8ix2WMsoZphOQX2x6PU5FgmMLW1yWFDXQttWruttpGevhw2cv9AtvOBm+wN3neW04YJ1n0h3QbroZDOemX38GfwXTNGj89grDuf7K29b/Y/lSAsPb+kJY8cX0JqUUzwOj7b27t5c9mvhOShawGFS7sgm0Opjyumln1G+heb+wuQXcm6Xg6oQSxLNElbXDqKJUOxfWA41XvskxArR9Isli2bdY5kWC7vsesYcn/bgZm8tbQOmID3xKXHefV5+JGfjfTVvSdc8BdyTk875+KO9CTnAPNel1kKSbYlvcYqHEvY19kjby2tAybg/eAHP+g1th/96EcjfdV906dPd8IftfHVypUrO9KTnAPMe11mKSTZlvQaq3AsYV9nj7y1tA6YgHfFaX7rQtc9cP9IX3UfhWq7vNEh4dy/fvrSjvQk5wDzXpdZCkm2Jb3GKhxL2NfZoy939OWLgHfq9Bl+17S9u41fDMmr4YK/EM/Hf/rz2zvSk5wDzHvtdQ1JtiW9xiocS9j3sSdrFeu2s3zrIPvYto3Ddrwiwo5tXikeWrbD3thc7wPXOma1Ldd2lnWQY2w0XblgfeNtV2m3Tzrl4qw/uNi//w2DMQGpFHmQiz3DGa1D1xJLW2SfQqVNkMzrlkmUObsM81bGQh5utX9jPcgSkn2h1QbJvm1cbRmkQ+G4Sm+pr00JySRdfeZQ+wTGJFdotQv2x5sXmSH53QPTjJCrblPhWCb6sv24ILfJRF82kSdZQrJP5uvR47wQ9Hq62sqEXzltvLxrnxGm1ddCArYMHdeBP0Py5MmTjZCrblPhWCb6YgDWgbDcJhN92USeZAnJPpmveU01wWTI+mpX23Xr1jmTh8XYeOWVV4zApb4WErBl6LgO/BmSJ02eYoRcdZsKx5RU67XX3+wCYB0Iy23Ux0fkSZaQ7JP5Wh4nBMhdbR9/ZG2xeOnKJBs/HvrMLVvWbeMXu142vrYq0EvAlqHjOvBnSGbA0kGu3PbkECCrX+hkoi8GYB0Iy20y0ZdN5EmWkOzzZZLXVL/w8v1B66tdbR9cd78zeViMjR3/42dGmFZfCwnYMnRcbYc6yGMV43WV4+fjqRmqXTZ0ntvQdcxjxzF0+9GXg2yYII/OiyuKhH6cMn32qK4x1UJetMjuIaYST7YayE0Rl3hiSc8xeZPpOe23wW35eZw/CsTkNVbBuQxzXumGZILYY5XP97AHetjGGbP0Njgs+zdfO0/7wyCHejNMMyQ3OsSaIZkeMyjroJehVU3IpcKua78LihmMeWy+MOpT55dB02efzp6tv25c9JhB2WTTZywExmw3dvy6saM2sltVJ/pSIdn449KevSMQKoHURx89+gyvtrY2OWzofsxSt6lAXKVXvOpEXyokm8SQSBAqgdRHF1xwgVdbW5scNnTzUbepQFylV5zWgIUmSglZN6ZCsvlzO+wBlTWUN3h+RhYt+I8ebSdb2/jZ8B+TDnrZc6yGjlelqhN9qZBs0q9+uWsEQiWQ+mjxuZd5tbW1yWFjzJdszTYViHXtUAd5bB1kUojXlctAkS2uPyyhOcVz67WOuRheC1188E+t4/Cx4Wpz94Ejiw+fvaq4+641xZwd9w1ff2edMbqtcEdv3HHPPSPtF8yZU27btG3bmG11KNZT7CpZJ2GZ26uh72U4tPhMSjjmEOfhX9PcYynXMC8ZgtmiG7JJPuuRqc0d82/rShAmx8WgffGs80bm0vg1yAyiDMosFZglvJrauPbrIFrtlzOkmsOKOTx5FGIXd0Gj3KeCrakN2bBBMt0zKJts2oBYtWWTa/zqftt4oHjgjRFB8p13rR/Ema4/TLzqRF8EyWvWrMFrW9QfJp47UYoOku+56/t4bYv6w8SrTvRFkPxkRL3lVn5uPcPEpddQ1irWbbdJV3PYx7ZtHKnyHZNpLF7ZpQ96aNnWcB3k2wfL7UPQGuu5DV3HXCbyEhA23P7SkTJOsWuh5Xj++OqrBwli+Tnd67aZRJ5h2Z49xbptxv8PQ0B+7PJuSJf7CLS3HbAvjyIgP+K447VAzrBO9ybxPH1qu7vOCSfEUrf5fI4ZtN+Y/U+lx7n0Aot1w7521LZSPDayLdU3SbpUMFWBeblHGx8bKkSnQHEoNEvY7AbmbgiVYBsCqrY+epuLo4DYNTb1WLr96g8GUO/kE14N9ad8wquh/pRPeDXUnwqt+zneZcvCXKftHMdLGZPaxtdzm5TFuvDz3DZFf3H11R2fbVXbMAG5BG1fGyqQh9iIvdao/XzSlq6y2DmluMrruKsi5qD2OeWTV/UXIMdAq6uNbn9VMJwKlamQGnu8Oo9V5THbqDqyWvto0+atPe2fy0aTVEdWax/JGsG96J/LRpNUR1ZrHz23eVNP++ey0STVkdXaR5xArFf9c9mo8seEHD8yhNiu60cNn+M0JYs15A/YoaCdw8Z4V2dwEJE6EARBEARBEARBEHToDz79nSRCPufGj3dy2GjTSd3+zH1J52P20Wd0ctho4xuWkkZRaPpL3/508Z5P3Fjek/a+bl9ndvp1Wzr3Xz4v6Zz62Jg+8ZDynsdG97R2ldby5pg/Zb7mDNhtCn2m+cT25fORcvxUGzlei7/67JmDf/j1ezt835bXluYT25fPR8rxU23keC1kWZI2eVFSyr3kKBeTaiPHa8EJXULLlDRdNySsc+bzkXL8VBsIQ3e/tpx8yybZRk3C1BYbkL++cdnq8nxfcv2drT9/fRlife1Hrhhz0bzih9d21O20zdZP7qd9PjZClKO+cF12Q9Y1+6whlvtyrZke7yKAW3328vLxBeefW7QFkmkeK087cfiHnTnvjbJB5yNVMTa2b3ux64eLFIg87n3DCfFOXTS3aAsk0zxOOGpW+XjihLh/N3Q+UhVj4/U33+r64SIFIrksyu+ed0HRFkiW8wopDyVF5yNVMTa4DFfqayHLwlAimbZAMs3jmA8MFwl65/R3RNmg85GqGBu/2PvLMT9c6MBZt933/cDtQmynHC/ms2kbHylH7eA22YD89d6BqSUotx2Snd9YzjlxuIzMDx6OWyu0943hf0TT3z41aaASXJfO0SdtUrersGvbz/tcNkKA2QdiY2A3Fxz7ZLHWwa3aVm2j7tfZViEalxx/OJZA1zZP8niUhGMJdG3zJI9HSYiUQNc2T/J4lK5mapsguU2SZY844mCKZjt9Vnm/7vPJ+7jdFE/bpnG4jhdzvbGNTyqo/vA51xTFNy/pioSZwtuLtPrDTRlH064t/PiUpf/ate8nj3xI+4OHKqrHzI8XF5/t2vd48fWRx6H1mN86+jeLk847b+gA/3vrIflQCbIMsfKxDXxlmylTphQHDhwYgWoXUPscQwKqBFeGbhOMm4DYtp/3uWzweEJAmcvD6MA2J0T7tgupg6yDW7Wt2kbdr7Mt+/B4AMr+cAxIbi8cA5LbC8eA5PbCMSC5meIaueXjrj2rx2ynMkL0mZV1hVXx/uHP9mpv27px+BwvVH7jC8xAPQSlcvxsm7fXlgm7wnHYoNQXTm1QGgqndB35919eXSw/YZqy51+LQ95xdbF+7b3O98KiRYuKQ586fayNxz5bvLXo/uKpp54Kem/9zd/8zeB55w2XQjrpkv8rCZIpkzbdNzlh2AggS1iVjyXoEgSTCIRVuGU4VvvIdie+b7ju8MP/9po3HDOgmqDYBeEp+23AzCHZdbxINuiVtVl94Zjh1ATFErRNbVwAHNKHx0NjAyT7wzEgub1wDEhuLxwDktsLx4Dk5ongSXpRKZty+X32+dvHbPdZ017W4mXvpcaGzvaKE+/TjiPHOvyQ8dE4GO5CM1AzxK84ceEo0B+cb52ZsKsYhxZK513ZvXPLNV5w2gWlOhuRcNrrax6/Xi+99NLI+zUGkhmMqQ4zP28qJFtDrKVXOEYp/RmOQ8FYesFVQFeBVwfptM12TN5HY/OFZBVcJYDavMs2KI4Js2Y4dgFtFeumfWCZxgZIDoNjQHJ74RiQ3F44BiS3F44Byc0Wf9Zu+Nztg7rtts+i3De8xldvQ91us5Xzs+8an3wfD7u7Vpcwb2on2zAgjdpmj6u/DWqT+nlQ5yjhN5tUsOVtj/1xvTZUW1uuSZ9ToA16nelHlncdeVzxk7//s8FTPnnVCCQ/NATH9MML7feBZIJhBuMUMWSTYuHax4N9iM2ACrf0PAR41bbkOaZbLjgmmOWbCrxyu67Px05bMrK+2tTGJhobQ3LoC5MKoFXCsQvM+Sa3hfS37aOxMSQDjv3hWIVkfAVqDxyrkIyz1x44ViEZZ689cKxCMs4e1DTJxFa2m2xbhY3GikBS3nplQ4K2DrprsEFw/L6TP1TeqMLO/9z7ZEE32k4iSObEXb42d+/bV95iwJYgm28SlmNs0GOTjUNU6ONbjFL7u2BYB8V1KeaYPvBIsJsCzNw/1AMdO14brKvwHAL2dXut2wbHgOT2wjEgub1wDEhuLxwDkqEmayQ51jnXlI9NN9nWaMPS3zeBlkxY1vNrsw5mQwE3hw0VtHMAf4Reee5nxb89+K9jbrSdRFEBL+7y475YMDYpFJJVL7YNtL3rbnBSrdis1r79dd5jCcehxzeFeYeMX/VMy4RetlDrpkCf6j1Ww7tzgHoInNuOI73IIaHWXH84tU0dNqqCYxWSqwq3ZgCXtYMR2l0tHKuQXFW4NQO4rB2M0O5q4ViF5KrCrWW23JyZcwHH/pBcVbi1XCMoH+PVg0zi5Fj82KTUBFs+x2iKJk+ZNgQNf1U8vt3AEzP97Mxe9VzxvHFfUbzwQsC5kFCbAtiJNhiGTTKFV7vgleE0JFRaAvaMadOi5sM2bP29Adm2ljemf11iONatSXZl0pb7fDJz+8BhLDyra5WrqrFsk24ttdzuMx4TnEN54LhKSGYYlmPk2sEA5erhuEpIZhiWY+TawQDl6uG4SkiWpV/kcVRoxitZDRxXCckMw3KMXDsYoBz3WQmpg1zX8XLblcmxyozXF39jJOGV7BebYEteczijts6GXAtNScxoHLpoC9s6Zp/11GSXM13b1kJvf+axLOd/5wM32Ru876xoWPeFdBusB0N6pHRrjlO8x2xP2uDHLsiWoK7r7wRkH3j8hwceHbON2/oAZQxkSriV/X1LReWAdjpuFaHjuWA1l3oB3il6zydurKRtlTaqhuPckKwDY92xAMrVw3FuSNaBse5YAOXq4Tg3JOvAWHcsgHL1cJwbknVgrDsWQNn8uZhi+CyH1kH2sW27dlRdB9lHo2WhzAmvdBEouv3ymuNTvkquUd79gytHyjjRY11briEt6yCb1jlzeDfZkm3UmtBNVC5Y33jbVdrtk065OMjOK7uHQfJdM6aNPOfHvrLBaEo2a1dGbBXUdePQebIPdcGjLM3kk91ZBVlZGmrkF5DE7Ng+gKvCcyxIuyDcFmadEzZNdmKyYNtsuuzIOena2uacMladXvr2p/1/RbvquaD2VdmoC45zQLIPGAOU64fjHJDsA8YA5frhOAck+4AxQLl+OM4ByT5gDFDuFuogjx2f6nUlPfjN4fuzxDhV4PV9Tt7a7h8KzFmsx6xz/tGXu+BWBd6Txxx39RggHhHbEuufTWuheXmC67P15KYtxs8Q1TWmWsiLFtk9xFTiyVYDuUnXQVNyNYZj2m+7nvl4jENKPtns+YRru8Yj+x/qC4Q6ODaBowsqTXBsW38s5QPYLiAm8PfJqJ3ioVZB0AcMJ07J+2XalL06ttSUq40v/KauQ47x5DbRg1wlHMdCcgwYA5TrheNYSI4BY4ByvXAcC8kxYAxQrheOYyE5BowByqOwhjrI3XWQGWzk/QhAKJ5bgk7axmPm+sNsm/dL6aDK5Lk1rmP++SVjfuhg8FbHoe43/ljyQfda6LsPHFmC1t13rSnm7Bg+X9tmnTG6rdjifA3uuOeekfYL5swpt23atm3MtjoU6ilWrzkqENvay2uKLhzaBKyudcSudcw+64ljQP1QFxCaIJLaPbLt8eKc4uPa2sEMySrI+oKpTTY4NoV2q1DtGoMOwtUQ9NwiOH76wduLU89dXD72KckU643tRRi1zbOcIwu3TbMj++W2UTcch0ByDjAGKNcHxyGQnAOMAcr1wXEIJOcAY4ByfXAcAsk5wBig3O01lLWKddtD6yD72LaNo+o6yD4ZqH3PnxyztB1iQ8q2jll3jVPbDD++tEixoY6H4IggVn42dNtMIs+wbM+eYt02kwjIj13eDelyH4HctgNrrOebgPyI447XAjnDOt2bxPP0ycCfeg1xhV77rmNOWd+sA/VDbUBogkGGYw4ppsc+dYt9wDRVpjXOoSHdOULAQ0BwFI6HPab02OX5zTUGtVRTSOi073jUdq5QbZMWnnRB9AcxpW9OGwyMK087sdYvCXQ8HSRXAcbjGZQJGI+aNb3WY9LxdJBcBRiPZ1CmL1nLV6ys9Zh0PB0kVwHG4xmU6YvgkTMPq/WYx3zgZC0kVwHG4xmUbVmY67Tdi0zOKRmoSalZrF02miZdeG7o2tgcNkxALkHb14YK5CE2Yq8LMeuJP7b6nGQ7OWysOm1FNyD7AqEKxyR6rAuPTk2i1WTpvOYu+cJx+aVz6LEuPDrV8xsbIh263dVuPGeu7gUc6yCZYZW2TZn8tlqOT6C8fduLrQXlXsCxDpIZVmnbxAmH1nJ8AuWXd+9vLSj3Ao51kMywStsmTZ5Sy/EJlLdt295aUO4FHOsgmWGVtv3aqzvreW8NgfIv9v6ytaBsmk+OeYbY7sV5tY0v1euawwYUDpe+sJfDxnhXZ3AQ9eshCIIgCIIgCIIg6NAffPo7XoSsJs5Svci+CbZ0OufGj3ekDXm8EBu+c8lhw3Y+tj9zX/A4dF5kU4ItH80++oxkO2QjZi6pNnTnok2SHuQYzy2Fece8LuS5Ja194OHSc7vrhUeSXtuBw5dmeX/I8zF7zntreY/lsqGeU+lBjvHcfuRPbuusu+HC4HGQ55b07I69ped2y21XJJ2Peedd2/nhfz0vyQbNhc7HCUfNij4fKz5/c9T5yGHj9TffKu8fe3ZHeU6lBznGc7vixIWdpzZtDx4HeW5J69etLT0wz2/dlXQ+jpg7EDUOqUULZnfkWuwZh02NspFjHDE2du8Z/rxwQiPpQZ40NTwCZNUXbur85O//LHgc5LklPf3TB0uP3OPfuz7pfCw+97KocUid8smryvNBXmzSO6e/I8pGjnHkOKf0mL3jXomcRJvcXt+mjIPEn1/+DMS2gaDWArKrAZd5uueZ7tBpWdrIBschoCttyWOZsmqr2+sK6Xb9WBAjNXNzChzHKGRtc+5yTRAE5dW+fftxElqqbTvS/icMATJOYkOVWvt0MU6hUaaszaa2uozLMuO0K6TY1CbHOCCoTtkSdbU5d4E2SZcONNU1twzJJN8EXVIhtZB1tZR1IOyCY8pwTTIl8uo1iDIkk1Q41vWLTdjlStRVF2zLjNC+x9/40C1Rv0qT1zW2bw4buZJ75dSuHWmfg4HDl+I/BwRBENR4pWZcZvnULba1yTWOWOnKSvmUmkKN9N4A6fee7j7d5x4z6AWnVI+ZH3/nO9/p2vfxj3985LEro7aa2X/79p3F7Nkzu/a3FZK1SbokaNqyTjMU67Jc6x6zN5ps5sgSbSrpJLf7eJV1sG76wYDmIL3poXKBIEOx6jnW9etViaeUWsipWbh7Oe9YGzlLQ0GQjxb/3tfwJaalolBtnIV2ikK1cRaqUVMyLvd6HGrWe58s+HWVtWsqlPrCqQ1KQ+GUkuf9l2/eV0yf3r3k43tP7y3+28VnFOvX3uuc06JFi4ovfvGLY2zQ2L70pS8VTz31VM/O92f+ctngjP2/2eiEYdYQ65iQZdk+xEtsk7QhQ7ZNnmC5XY5Hbpd2dGOM+cHABUemMkm54E0HoLZQbfXYLnitC27VcHNdm999Igw61x0d3ieHje8e39ww9CZ6tSEIgiAop5qScbkJ45Ce7Rhv+IoTF7b2fSKhdN687hJrW7Zs8YJTCaU6G02A05gfDVztfL3IBMZ0v2BJUSx5+6qy5FRTIflQX9iVz3Xh1DqQVsHTBZe6tcwfO21JlpBo8vym1mBm4Jfh5up67KpfMBdwpwBsrGc4FvJTYTsUPnPAaoiNVCCHoF7q/ccsxEloqSZNnICT0FJNnjINJ6EiWBhe7Le6mPL87UPPb9fCg9qmqgRb/Dh0LTQ/zrGeuq1SwZa3/fSnP63VhmqLADt1Tr42OLSaQqptmvGOiWXItQ8kEwwvOH348ZK3fy16Lux9JsXCNY1l99Q7ir/7ow0dL0DmNbokG5SaEnD59g+Raic2CZcKxzF2cnjDJVQSIPYy0VWvjp3Ta+4LoXV7kJvsOc6pCRPxZaytQqKv9gqJvtorJPqqDm6blGArdS00ZJcKkjrgrcOG7JMK2Ck2conA+P6dny12T9oXDcfkfS6KO0pbMR5o6jNw+h3FQDHq0daBcnDdDQnFIZDJ64J1CbeqUEy5qSpsmCCwTRmgU+eSI3Qb6o2Q6AuCIAhqunLAba4EWz7QCrBtDhybtlVtQ+0XA9g5beTQ7n37isWT/s/R51PvGPp7dSAzvDn8YGZRfPjssDBtakt97t/53fL5giUTjKB9aF0nJYdHmddEy2RfKXbqgvVUSY+raR1zKGDKPi6Pbky26RCgzmHzV3v2ZGmTauNthx2G/y5QK4REX+0VEn21V0j0ZQfWFLjNkWDLJ1QZmaJ7I1qe8Nef/61kOzfeeKN1/wsv+Cdfk1CdCtixNqbPnj/ymEKu1ecuIGUQLsOr3zh1ZN/zb/+Tci0yeXFtoc5dn80ytPq7JWQTbM+YFhfFSP0ff+3/sIZ6H2qCWFOCLZsnVfY3rfm1waiuprJMFJarxnGqnZg6yD5AGutJtfUx1VSuKilY6lxIE6cMFE8/eHthStAFNUdI9AVBEAQ1Xalw25REX01aC902pS5PYO184CZ7g/ed1XNYD4H0knu2b+4CY/W5CY7JW/voG79fhjOXnt9Jo/uPeOO/lpBaFH45Mdje7n2nlv0Ykilc+jN/eYcVsjmUekbxm2Uf2d8LkHUgq64ztsGzFMOxrr+pPJOvfDzHPuN1zSHnmH1gsVfh2FUk9gqpg4zwagiCIAiCqlBT4DaXUsLFUQd5fMH6xtuu0m6fdMrFQXZUGHbBcfd3/eGQaBlaTSIPcvHacEbr0LXE0hbZp1Bpkyd6dN3ycOZsNcybRB5uFbLHALJPaScbWPr0DwVNHWSHlKCywb6vHVlXuZdAmkshYdM5x2vzLGMtMgRBEARBTVOTPLcp4eKog2z+EYUzN9v05KYthek1pbrGVAt50SK7h5hKPNlqIDdNP39kvfW5TdJDS0BMXmMVnMsw57PdkEwQS95jqWEP9LCNJafqbVBY9v493y1On/l1rceYQ70ZphmSxwCyqbQTy1UuydU/prayz3FiYd21P2W8PsAXC4xVeF9DAFV3fJ/+cn8Va5EhCIIgCIJyqylZrFPCxVEH2a67DxxZJn66+641xZwd95Xbts06Y3Rb4V7De8c994y0XzBnTrlt07ZtY7bVoVBPcRcfzZ4/4il2hlhv6j4vo+HQo0Aq4ZhDnH3EJZkIYp8vuiGb5LMemdpQ9mzdMUdDvYvi/FO/PgLZI4DsEzZNMsGxb38bbOrqIOvaxx5Lfe4TNu2qBW2rg5wSVp0LGHXrj2OOFwq/KaKx0php7FiHDEEQBEFQqlKzR+fKYp2i1HBx1EG2n1uCI4JYfs6Apm4ziTzDsj17inXbTCIgP3Z5N6TLfQSe2w6ssc6FgPyI447XAjnDOt275AJjn7XInBBL3cayrQMeXcd8R+lxLr3Ab+wLtqO2leKxkW2pEUBOzeRcZyZo17FcXm6WDY5T1xyngKaPUm2E9q/C24uQagiCIAiCqlaO7NE5slhDzZYuxDe0zm4OGyYgl6Dta0MF8hAbDL8UWr5ceJTV5675fqw4x3msj60+x2hnVbHBa7w2G8Y+ythWnbaiG5DbpNjyT77w3EuwbZNwLiAIgiAIarralugL6i9IDwXtVBu8Jjvkedteh87g4CDejRAEQRAEQRAEQdC4V6M8yL5rkHU658aPd37w6e8k0X6IDVct5JC1vyRX7V+yZ+tv6xcyDqnZR5/R2f7MfUnnNNaG6XxsfOiWQfI8/+4TLxXfPX74nvSrPXus9h769CWdk278RtJcfGy87bDDynseG91TKLmsF/zVay8bXHnaieXjKZPfFjSGgVkLioHDl3Z2vfDI4Juv7wvqu33bi+X92gceLi694vpOyjhINKeY19Y2jtlz3ttX71N1Ln/12TMHj5o1ffg9PCHs8vr+YxYW8867trPltisGX9waFp738u7h69GzO/YWf/j1e5PGQfrIn9zWWXfDhcHnQzeOE46aFT2OFZ+/OWocOWy8/uZb5f1jz+4o50KeoeUrVpbbJk2eEmRrzqyB4oi5A53nt+4afO31N4P6btu2vbxfv25t6ZFKGUd5Pk5c2Hlq0/bg86EbB2e3nXFYeCLLRQtmR40jh43de4bfp7TelOZCnpAjZw5fuydNnR547TihWHzuZZ3Hv3f94KsHwq7Jv9j7y/L+6Z8+OOKROeYDJ5fbfu3VncHnY9UXbur85O//LPh82MbxzunvCB7HKZ+8KmocOWyoc8HX/LGi1zf03Kh9+tlGr85hU+eSe84Xr3ss6bP/zRUndJpg4xBcKuqRLKsUKoZc280F0LnGktte7rG0WQTHu3YMh/7T/YSJ03BSWiKC4337hr+00/175x6Ok9ISERxv2zH8AyXdT5o4ASelJSI45nqldD95Cq7JUPPhePnKMwsZHhvap59t9OocNnUudc6539QXgExZq1NFSbfolipKAEa3UOnW2/rAofQA224hkKyORR2H7rltrKGloWL6Ao5H4ZgFSG4fHLMAye2DYxYguX1wzAIkQ/0gyjyc2qefbfTqHDZ1LnXOGYCc8wV5Y3/x4q7tXSHNElZtMK3r4wvfoXZ0ohBhChV2gSWHE9cpCauhGapdYG/az3ZNwA1vshuOOVSb7wHJ7YHjxb/3tY68ByS3B44prFneA5LbA8cU1izvAcn9o+s/8p1BuqXYWP+NziDdUmx8/dPzBumWYuMzf7lskG54VaF+03HTpzTCRt8Bsg6YGVh12aplCSi5fpmyUnNmamnDVDLKZIeOec8zL3XtU9cfk3Rrgl2eWLWPa/2wtGXyIpNNHaibPNomL69sr/NA24DbF9bVHwxQA1kPxyxAcvvgmAVIbh8cswDJ7YNjFiC5/7TsN48tGJJjgXn5uX9RMCTHAvNHlgwUDMmxwLxgyTAo+wKzT7isbxvbDe8yiHX8//P58ib1s73pZYJz2FDVqCRdBJm6RF2pylXTuKrayLFKDU9Ogdqc40aYdTgcS0imxGXUjtqHJu6CmgfHEpIf/++/P8iQHJq4C2oeHEtIXvfwxkFqR+1DE3dBzYNjCclrvnLRILWj9qGJu6B6RCBMcKw+33DHk942CIQJjtXn67/3x942CIQJjtXnP3zUP7EqgTDBsfp806MWqF95ZrF+7b1+PwAMtTWF1/La1BTIzgHRMTbUUkX9rtS5+J4PWxuZxIu8uhJcCYxH3isHIfmJ/+0G57ikHQnXPn1ttuS4dPb6og6y9OD6ZrWWUqE2xobOTt1AK6G2CqgMXUvM7WU/G3TTPhlmDUBOg+NeQTIdg8Wea4B5XjjuFSTT2FjsuQaY54XjXkEyHYPFnmuAeV447hUk0zFY7LkGmOuhWD7f9dzoOSI4ls9tUNy1Ycs1oyBJsCye26BYPt+7e/fIY4Jj+dwGxd3fr/izPKH0JA8/N0eoPL/xCe/zRm1nTJ08ZvuxC+YV02fP74Jnel7OSWyzATbb8FEOGzr4D1XOtbg0dnmfopi5+NrgOYecayMcy+MMbXeBroTjrvF59HWNyTaWQ9t4EYwpEzWeJEG1TgGE88NxnZDMYMxjGzh86ejjg/sAyvnguE5IZjCWycL4MUA5PxzXCckMxjy2I+aOjpP3AZTzwXGdkMxgzGNbLB7zPoByt9hrLD3FRxw/t4Tj55/YWlz2w487X1/2GktP8fITppVwvP6xfcXySwadNthrLD3Fpx5xSAnHP37+34vP3rjFaYO9xtJTPPPIN4e+4xXFzucmFH/3RxsqXaa2e/+rQ383a6FYhWVqq4NstuF7vFQbOWDXNI74c5jHZhWJw9Q5p5xraT/2B40xMB8ByVrY1qhxgKwLs6Z7Al2+52zUKR5dTvClW8dsA21X/WOWbf2w6oGV64flult6rNoxQaZt3a5qR+f5dYGz3BfSL1Tjff1xDBxXDckqGOsEUK4GjquGZB0YqwIoVwPHVUOyCsY6AZSrgeOqIVkFY50AymNF8EteZAJiug0cOextD4LjIfgtQ6mHgLiE4nlXDu8IgGOCX/IiExDTbfqMGcPfLwPgmOCXvMgExDOPpO9lEw5+H3uzFjgmETCxB9kEPKP79FC1fefLQ7eQY85LtjHy+Ry6PblpS+Tc52U5hzR2vk+1GTsX3/NB43Od61UaENXBt3ysC3v2AfgckG37UaBvPMgSln2A1m1rUtTx2ywb5Pru88mArSb9gtLhuApINoGxHBs/pmMClKuB4yog2QTGcmz8mI4JUK4GjquAZBMYy7HxYzomQLkaOK4Ckk1gLMfGj+mYAGU7JKsh1rQ9FJLVEOtyeyAkqyHWtD0UkkdDrEeTddUByap4XXNIyLBct2qT79rXEMX0a+q65dhz4GNDztn3OKqXVgei5Vr4r11cFA4vMNvSQfbxkV5kl8e9kYDsStb1Dw88GgS2Ou+vzERd/hIhQrF9YNjmPU4BUV+FrkXWeaNtANsLCB/P3uMccJwLkn3AWHdMgHJ1cJwLkn3AWHdMgHJ1cJwLkn3AWHdMgHJ1cJwLkn3AWHdMgPJYcTIudb0xhVz7wHEJgZycS1lvTCHXPnBM4mRc6npjCrn2gWMSJ+OikGopCrnuBRwz8PjABzS+5Ho/xEJuyFpmNXu21paw01gPsoRkX2i1QbJvG1dbBukYOO7V2l8dJJN0oNyL8XEJKsBxOhynQHIMGAOU64PjFEiOAWOAcn1wnALJMWAMUK4PjlMgOQaMAcpuEQyra5FDPMgjMKysRQ7xIDMMq2uRQzzIDMMLlkwYeUzqpQc5Rshi3YzzmDOLNdcl9vmhRELu4O9/c8x+H1sMt9RfDdem/p2vXTxmzbHJHod8NzrEmiGZHjMo66CXoVVNyKXCrmu/C4oZjHlsvjAau35YrWnsA7LqOmbTuOgxg7IJliW8mtq59rugmMGYxwY4zicVkocQRttu3vxFyWAcAsrz5k8rtmx+CnCcEZJf3q0vTXLC4mOTwTgElN87tygee/zJ1r+2VcCxCZJNOmr+vGQwDgFlOt6zm7e0/rWtAo5NkPyLvb/Utpv73tk0kiQwDgFlyny99cXt4+J/LgMwZ7RWn/uIAZgzWqvPfcQAzBmt1ec+YgDmjNbq87pkWwvqWieKLNbtzGJNgHkcwSoB551fdp7Ln63+06EvLJ/UrkW22Qrpv84xlnVD/aWNxq9BZhBlUGapwCzh1dTGtV8H0Wq/mJDqFEnAtnmgOdEXw6YL3lUAl7AspdpT27n26yBa7TdeE3IRmFYFxzpIpuOpYCrHkAOMfUGZjrv2gYfHQHqsuNxU3TYI9klyLgymVcGxDpLpeCqYyjHkAGNfUKbjPrtjvQC5I5OOwx7qXtl47NkdY8C0KjjWQbIOTOUYcoCxLyjTcdevW9v1Q0GKuNxU3TYmGcY9f+mHKoNjHSTPHYJTFUwJjnOCsS8o01ie/qkK6fHiclN12+A+ci42UDY9DwFl0/MQUDY9DwFl0/Oq5MpoLEESWaxt57CdWaxHYJXg1bdtpK3U/jobfZOkSwVTFZjPKT7ubONjQ4XoFChWQ5pN8g0t1sFxSti2PKbOW33quYudXm33/sVaaB+vUFwnHJsgWcKchOMqx2ECZd04QiXLTfXSRp1wbIJkCaYSjqschwmUdeOIUWr/XDbqgmMTJEswlXBc5ThMoKwbR6hkuale2qgTjk2QLGFOwnGV4zCBsm4cwdeExP65bEBmcfZk37be2aMdWZC9bFiELNZmNTGLtQ+8hijVVkj/vq2D7AOtrja6/bk9xDKk2QdUQ5VrzbDvGFztTGWm8O+o0AJh1XCsg2QTvNY1DgnKbVRdcKyDZBO81jUOCcptVF1wrINkE7zWNQ4Jyq0EhprgWAfJJnitaxwSlKHxI59sxK51qXVmoEYW6/xz8bURk8W639UZHMQ1EYIgCIIgCIIgCIIOxSlot3xKO0k1vdQSeR7Ja/67T7xUfPf44XvSr/bssfZ76NOXdE668RtJvwb52HjbYYeV9zw2uqcweF8v7Vevvay0f+kV13dc7VaedmL5eMrkt3XtM0UVbN82nKSLQqzJftU2fETnZfsz9wW/Luo4+uGz+FefPbOc5x9+/d6Oq91Rs6YPfx4ndF+ip75DX7/95d3D3uNnd+wt7Vdtw0cf+ZPbOutuuDD4tX39zbfKe1r76zpXTdE1/+2r5Tyv/C+Xdlztlq9YWT6eNHlK174Zh03V9tm2bXiNKoVYk/2qbfiIPMpPbdoe/Nqq4+iH15Y9Jy6vCbU75gMnl49/7dXuGERTUhtO0vX0Tx8c8dTlsHHkzOH/Q5OmTg+eL3mUf/L3fxb82qrjwLcvCBqfunjdY0nftb+54oROE2wAkCuCUvk8dB1vlTZTS01VGS4+3kWwecH554487hfwg/zg+NRFc0ce9wv4QX5w/LvnXTDyuF/AD/KDY87qSo8Bfv0tNVN1TGIuNVN1TGIuNVN1TGIuNVN1v5R0gqB+EQC5AsmkXOSNVaFSTdrF+3VwqSvJZAJVnzYMxwTK8rnuuLokXq6EY7a5QH5wTKLHbYDkA6/+Ksqz3FY4Lj8bQ4/bAMnkid7/y9cAxwfhmESP2wDJr716IMqz3FY4LkFo6HEbIPm1/XujPMttEdc/ZmCOyl59sP4xA3MMJHP9YwbmGEimescSmAHJEARAbrRkOLMOKNVwZ26jg1LeZ+rjY9c3vJrbmiDYJ1Tbt9QUNBaOVe9+v0MywfF4F8MxgaQMbe53SDaFaY9HON69Z39XaHO/QzLB8XgXwzGVPJGhzf0OyQTH0FjBswxBkKpDcAqqh2X1ZmpDcMkeWLl22NbHx672C+4QiKneY/Yqq/1C1jGr84D84VgnhuR+nZ/0Ho83YJZwrBNDcr/OT85rvAGzhGOdGJL7dX7SezzegFnCsU4MyX372grv8XgE5l3P7Ru5MRyTV5lvXtpyzejtIByTV5lvPtq7e/fIjeGYvMp887oG73lz5MZwTF5lvkFQU3Tc9OH/Ke9c8/+VtxQbOcYBQO71F0gD9DT1mL5rk3XH6MVc2w7H/Q7JMXDclveRC477HZJj4Lgt4dguOO53SI6BY06+1XY47ndIjoFjTr7VBpFn+Pknto48P+L4ucE2yDO8/rF9o89PmBZsgzzDP37+30f/DxwR/lWcPMM7n5sw8nzmkW/iSxXUWFH9YQLjD5+9qrzFgDLbSIFsXR1kkz0AcoUyASdBQCgImNqrtmyQy21TIUR3jFz1mAHHzYDkCROnlbeqgNn3vd6PwOwLx72C5PfOPby8VQXMvu36EZh94bhXkDxp4oTyVhUw+0JyPwKzLxz3CpInT5lW3qoCZl9IbhMws1SvcpQUr3KMVK9y1LVY8Sqb3usxn4+22Mh1vchto+k/uqWMj+GYJUE51EZMX5M9FdoByC2C7eQvtgqA5ABoyA+OuVSRj6htXZA8MGtBsWvHpvKWC5JDE3X1KyQzHHPJJB9R27og+f3HLCz27dtf3nJBcijo9iskMxyHwB+1rQuS58waKLbt2FXeckFyaKKufoVkhuMQ+KO2dUHy7KNPKLY/81h5ywXJoYm62grJMqyavMvJSbse21ekJu0i73Jq0i7yLuvWH/N7ne593rvcTr7XVRvypvaTN5ON0M9pio2c14uU4zZlLnXOmbR7377ylkMpkCzB2CQk6apBasboFNgNteUq6xQzFlcG7F6I6w+ntqnDBgNvHX1i4ZhFj2nbm6/vq+V1pPeUGhHRbz/YhMBxSp9YOGYxJL+49YV6Xlsl63U/ZsGOgb46QJHheOSYQ49p22uv1xN2OWfO7K55qs/7QTHQVwcoMhyP/B8YekzbXj1QzzX5ndPf0TVP9Xk/iZNxEQhzeDV7jTn02pXZmpNxlSDM4dW8Fvlg6LUrszUn4yIQ5vBq9hpz6LUrszUn4yIQ5vBq9hpz6LUpszVFScye+e5i+86X/d6DQ23VyAp6fuyCeWPqczNAyQzw3F5nQ/bxUQ4bLK4bHvNe8o00iZlLCsSm9HedD59zrSYwlAArwVg+pnXButBnE2CzZkybFmXDZhOA3DB4rhI0pW2f4yBUevxKwvHCky4oL3IbH7plsAmQDOWD48W/97XytX38v//+YBMgGcoHxytOXFi+tuse3jjYBEiG8sHxqi/cVL62a75y0WATILlfxR5jNZyat2+440mnjRGPsRJOzdvXf++PnTbYY6yGU/P2Hz7qTorKHuP9e/TbNz1q7nvEwuOHAPler3NGbXXwtnv/q0N/u7czGKvtqe2MqZPH2NBBdiiUhtgY81oqIF8XHMuxy/sUxczF1wbPOeRcq2HVOhCl/Xff+q2hC9z/4mVLB9m072eO/iFgDECuEXxzenBda4zrgIkmAct3j39PJW2rtNEvcMyPJSQXxYu1jAdQXC0c82MJyS/vfrKe1xZQXCkc82MJybWNB1BcKRzzYwnJdXlz+xmKpSQYDxw5bWRb0PpjCcbzrhzdFrD+WILx9BkzRraFrD+W64ynHjZhZNvo9gmVnksCZxs4SpCaPrvwhmwj0BggO8RGDtg1jSNGw2PPY7MKr7Y659hz7YJRgtxfREAuA/jdHv1d4dglrAs7AOQWfcEPOWbOMOm6wFzV7z7hH3q77uiw9lXZaKLmzV+khWMdJFPbLZufqmVcvXpftUknLD5WC8c6SKa2jz1eDySrdaGhcB01f54WjnWQTG2f3byllnGRFxmgnKa5752thWMdJM8dguStL9YTzk4w3s+gTKHTFEKthlezfNYgl1msKYRaCa9m+axBptBpCqFWw6tZPmuQKXSaQqjV8GqWaQ1y00Rh3tt3+refMXVeso2Rz9HQ7clNcddF3Thi58/3qTZj5+J7Pmh8rnPN/mIKed7uAcYq5M4+/1Nj9vvYYril/mqoddn/1m+NWW9sssfh2gDkijVxythf79V6wtzm6QdvL04994vlBY3uuf6wrY+PXd2+kPHKsejsSIih/nIeVSnGkwsPcjgcmyB57QMPA5L7HI5NkPzsjvWA5D6HYxMkr1+3FpDc53BsguSnf1rP+NoCyRRSzYBMnmQKrfZN0DUCyRRSzYA878oytNo3QRdDMoVUMyCTJ5lCq30TdDEkU0g1AzJ5kim0uh/gmIQQ63aGWBNgHjcEq9uGHs/5t03Gdgyp2963QAu3Llsh/X/mGMvPhr5rShsA5IqhmGBRFUOv2kaFSgZTWx8fu7xPwq0OOhhuR4+/eIw99RiqdOOqAppCNbtIz4acw0bT5APHOkiuQ/2YoKtJ8oFjHSTX8tr2YYKuJskHjnWQXIf6MUFXk+QDxzpIrkP9nKCLxXBM4sRcA0ceW65BdiXoYo3AcTGamGv5vOE1yK4EXSyGYxIn5vrIjOE1yK4EXSyGYxIn5pq6ZHgNsilBF+v5jU94nzNqqwv/NW3XgWSO8GiEWFcP7jlDrEdg9X0L/NtG2krtr7MBQK5AKiSq4MvQa9qv2+fqQ/tVuDX11QGnBGbdeHxtVe059gG5KvrmtNE0hcyJIbmuscF7nCYfOFYhubbXFt7jJPnAsQrJdY0N3uM0+cCxCsl1ja0Na5E5ERfDMGe3DhEn4mIY5uzWIeJEXAzDnN06RJyIi2GYs1s7f4jxzGDNbb1Dmx0hul42LEKItVlNCrEOgdcQpdoK6Q9ArkAuSIyByCpsxkBI1QAM1adLr7g+6rUkSB664QQ2WH/49XujXluC5MW/h/PXZF35Xy6Nem0JkoduOIENlloiJQSSV+H0eUnnIQ6tfazzEIfWPtZ5iENrH+s8xCGh1T7vN59SSD52QkoDVWkjR7+m1iqOPQc+NuSccxynH9QZHBwsIAiCIAiCIAiCIGi8q/Qgp/waklJoO5cN+WvGddddF23n8ssv76T0z2GD+vPjr157WbQd8g6m9M9hQ3oofcN+dOJEFClzSbUhf5X964/Oi7bzB/+8pZPSP4cN6s+PF33ximg7T33p2k5K/xw2qH8b32Ntmkub/r+0aS5QtXJ9fnw9fSY7vv1d11d5DY2x49vf9T9L/l+KsePbH4IgyAuQ6Z9tauazKjOn+YjmQP/4CUwvvPDCpHGk9k+1QXMgSCYw/VTiWD6VYS4pNmgOBMkykUSsUvun2uCEF/TP+cxj0tbFpvZPtUFzoC8T9IVn7ukrk8aR2j/VBs2BvqC16T3mSq4SCqi9sMFzaNP/l4P3SeNI7Z9qg+eCrz7Vw7HrWuDzObfZ8envc43na2isHZ/+Pv83+f9SrB2f/hAEQd6AzA9Ssp9VmTnNJV268Z07d0bZmjt3bnTfHDZmzpw5ZltsxuCBw5cWqdmGU2wMzBqbKU6t0xeilL6pNqhsgqqtu/ZF2Vqc0DeHjbkD08aeF6UGY9A5TeibamPqjBlZ3yO9fI8Nq/t9duU/Lo7yFF7zO493YvvmsEF9c/5/6OX/F53WfOWiqH6rvnBTdN8cNqgvVK/k9UD3f8QHjk02fDIV666x6nXTJYZjkw3a5wPJ6v9N3f8iHzg22aB9gGQIgrIDMgRBEARB40NtCuNPmU/KOPql1iwEQb2TuiwmJqlZjsgfdfmnXNKZs49L6tJNn4SxMX0AyBAEQRAEBcFxW5Yk5JhPbN8cyyGg+vWTv/8z6w8ip3zyqg63kY91z13bY/rQdt+5bN261TqXuXPndriNfKx77toe04e2+85l1wuPWOcycPjSDreRj3XPXdtj+tD2GDiWS3zWr73Xu6/sl7o8Rl2CevPNN3v3lf14GWgKHMulm98KGIfsx0s4q7xOHIJLJQRBEARB4xX2U8A61ZMONQuOXW1M+3zs5rblgmNXG9M+H7u5bbng2NXGtM/HblW2GI5piQ/fQiT7kZ3YBI0Mx7T8k28hkv3ITmwiYoZjWrrJt6DXRfQjO6mJiAHIEARBEARBEARBNUjCcQ7FQrKE4xyKhWQJxzlUByQDkCEIgiAIgiAIghoGx7GQnBuOYyE5NxzXBclYgwxBEARB41BtqizQi7mEZqaGIGh8KDccx9rNDcexdnPDcdV2SfAgQxAEQRAEQa1XSAKspiskAVbTFZMAq6miZFpPbtpSiW2y65usi5JprVmzppJxkF3fZF2UTOvOu9ZXMg6yW1WyLgAyBEEQBEEQ1HrFJNNqqmKSaTVVMcm0xhskh8BxlZAcAsdVQnKVcExCiDUEQRAEjUOlhAjnCC/OYYPrGC9YUv9cNj2KWsgQBJkhmdYLH7tgXk/gWEIyrRdetWpVT+BYQjKtF1599vLGwzEAGYIgCILGmRgqow2cNQyHSUq0IcE0aT4J4wAcQ1UIYeDNVEwYOENyLBRLOyljZ0iOhWJpJ2UcDMmxUCztVP16A5AhCIIgaBxCci/75wbMFFsAXahJojDwtkAyhYG3BZIpDDwWkuvo4wPJdfTxgeQ6+gCQIQiCWqhrfufxTi/65rTRRq36wk096ZvTBgRBEARBAGQIglqs5JDRIe18Ln09ZIoN9mKlziXHucgxBrpPCS8rYbDoDjPrhQ3+JT91LkP9qX5l0lxSbVThlYAgCIKgtqkzODiIswBBEARBEARBEAQBkK//7IcGl688M7qo9aov3NRZ85WLkig7xcb02fOL9WvvLX8ZpwXoF154YXRh7GXLlnU2bNiQNJcUGzNnzixuvvnmMuafFrF/amgusUWwF550QWfjQ7ckzSXFxsCsBcW3huZC6waGM4wWxf49b0aNg0I9r/zHxUlzSbFBGU45W+lff3Te4JnHvKfYumtf1DhW3/R0586LjkmaS4qNuQPTinuffqn4g3/e0ln0xSsG556+sti/e3fUOH58/ic6p9767aS5pNiYOmNGsfX+tcVTX7q29IrRaxM7DjofKf1z2KD+/LhNc4lNDEJKSSySy4Zcg9WmuUDVSfc/T82U7cqAncOG7hpP100peQ2tyobu/yb9L5Li/0tV2iCFlnmitcCppaFibPisQQ4t80RrgVNLQ8XY8FmDHFrmidYCp5aGirHRpnrNkF0IsYYgqO/FX55SlNo/1QbNgcHU9SUvBFB7YYPnwD9apii1f6oNmgOD6dB90jhS+6fa4LngigFBEARBAGQIglquWK8+aXFi/1w2pGKjBHodpUB95fPYiB7S3Llzk/rnsiG1YcOGqH7Lli2L7pvDBvWFIAiCIAiADEEQBEGQorYkgkudT8o4UB4KgiAIgAxBEARBUAvguN/rIMs5pM4ntm+O8whBULslqx+EVBKI7WeSzF8RstQmtp9JlGOJH4fUN47tF6tD8NaFIAiCIGi8wn4KWKd60iEIajccUyJkusWI+6aUGGTIpVwcsfk4uG9qoklOQPypyHFwXwnLAGQIgiAIgiAIipRPduh+kU926H5RG7NDMxxTlaDYSkHcNwWSZYWf2Hwc3DcFkmV1ntgKPdy3DkgGIEMQBEEQBEGtV2rJpiYptWRTk5RasqnJcJxDsZCcWv5WB8oxkJxaulYHylVDMgAZgiAIgiAIghogeLmbqVAvdy44TrWXs4pDir1ccFyVPQAyBEEQBEEQBDVQ8HI3UyFebkqq9eSmLVmPT/ZCk3VRUq01a9ZkHQfZC03WRUm17rxrfdZxkL0qk3UBkCEIgiAIgiAIgjIpJyTHwHEVkBwDx1VActVwDECGIAiCIKhv1ctM0ijz1H9C+HIz1cYkXRKSY0GZ+6aWeWJIjgVl7pta5okhORaUuW8dZZ5QBxmCIAiCAJW1QmmOMeSwldoX76b+EsKXm6m2JelSIbnOfjZIrrOfDZLr7AdAhiAIgiCoFrjLAYc5ATPFFkAXgiAIAiBDEAQ1XKtverrTi745bbRRy5Yt60nfnDag5os92wuWTNDu3/RoPWD/1Jeu7Sz64hWDc09fqd2/9f61ZZuqx/EH/7yl89cfnTd45jHv0e6/9+mXyjZ450AQBECGIAgSX56iYXDo9swrr6cBZaIN/nKXOpfU/rnGQPcUmhVaL1GFwdTkIqk2OLwsdS5D/al2ZNJcUm3kDpWD6oFk0766xsGQbNrXhOs84BiCoJzqDA4O4ixAEARBEARBEARBAOTrP/uhweUrz4wuQL3qCzd11nzloiTKTrExffb8Yv3ae8vF7PTr/oUXXhhdxHrZsmWdDRs2JM0lxcbMmTOLm2++ufyV/6vXXjb4qaG5xBbCXnjSBZ2ND92SNJcUGwOzFhTfGpoLLaofDhMriv173owaxzW/83jnyn9cnDSXFBtTD5swEs7GIV5bd+2LGgeFrd550TFJc0mxMXdg2kgoGofN7d+9O2ocPz7/E51Tb/120lxSbEydMaMrvM/k4fCRzUNSlw3piWnTXOhaFmuHrh8p/XPYkIlB2jQXqDrp/ufR/xEp3xDpFA+y7hpP100p3xDpFA+y7v8m/S+S8g2RTvUghybpoqzXqYm9Ymz4ZNsOTdJFWa9TE3vF2PDJth2apIuyXqcm9oqx0dZs29BYIcQagqC+l22NnPc/8cT+qTZoDgymqWGLOcIeU2zwHPiHvhSl9k+1QXNgMB26TxpHav9UGzwXXDH6B7RNIFxniSnbNSnH9cpXBMcmELbtgyAIAiBDEDQuFesJz9U/lw1WrGe915596iufx0bBkAYOX5rUP5cNqY0P3RLVb+FJF0T3zWGD+kLtgGMSr0+uGpJdAJzrR70UOCbx+mRAMgRBAGQIgiAIgqLAJ7Zv08L4U+aTMo46E1RBEARBAGQIgiAIgiqC47YsScgxn9i+dYYXQ+NHPuuP+0U+64/7RaHrj2/43BldP7xRrqTQY+awoVZfiKlmkMOGmj8jZrlPDhsAZAiCIAiCAPtVffkfOi4gGcotSujVFkimhF5tgWRK6OULyQS2lABZ3RYCuDlscPJidVsI4OawoctHEpoTI4eNEB2CSxEEQRAEQRAEQVCaGGypOpC80TbVI1ylDVnZR95om+oRrtKGrMojb7TNtypDDhsAZAiCIAiCIAiCoD7Xk5u2lLdea82aNeWt17rzrvXlrWohxBqCIAiCxqFSsq73Muu7Wsu3V3PRjQOCIAjqfwGQIQiCIAiCIAiCGqZjF8xrxDhWrVrViHGsPnt5LcdBiDUEQRAEQRAEQVCiKInW+rX3FtNnz++60TbfBFs5bFASrZtvvrmYOXNm1422+SbYymGDkmh9a6j9wKwFXTfa5ptgK4eNUMGDDEEQBEHjUCkhwjnCi3PY4DrGKZmsY8ex9f61qIXcZ6Ls0JQl2vQ8p22fdro+vhmsKTs0ZYk2PU+Rry3ZTtfHN4M1ZYemLNGm5ynytSXb6fqElHkiiE0t0ZTDBkFsaommHDYIYlNLNOWwAUCGIAiCIMgKldEGPry6hMMkJdqQYJo0n4RxAI77F5JDgDSk5JKpre2YKSWdVAB1AWlIySVTW9sxU0o6qQDqAtIQYDW1tR0ztO6xDnBT36s5bMTULK7CRg6YrRKIAcgQBEEQBEju9LJ/bsBMsQXQhSAIgrSATLHtsUrpm9MGi+Lje9E3pw0Wxdj3om9OG6yph03oSd+cNlhzB6b1pG9OGyPnpQVhlm3Uj8//RKcXfXPaaKMWnnRBT/rmtAHVo5z/c9pwjc35fwuCIKhSQNbFuIfolE9eVS4aT1GqDQ5B0MXJh2iof7nwPEWpNjiMQRdrH6JLr1haLl5PUaoNDoX4uz/a0PnMXy6LD+c7qyg2PZr4Tk+0QXOg+z/45y2dv/7ovOi5LB663fv0S0lTSbVBc6D7NoVZJs/l/KLY+/gTaXNJtJFrLsnnItMYclzHCAZT6x2m2uDrWPo1+fpiqH/iNTnNRp3haeNZPv/z+H9KlfL5HNfhPff5v8n/lyAIgpqgzuDgIM4CBEEQBEEQBEEQNO5Vhli7PMg2L3OIB9rUNtW+XMTu8iDbvMwhHmhT21T7ciG8y1th82iEeDtMbVPtS2+Fz6/ppjYhHmhT21T78td+n1/CTW1CPNCmtqn25S/1Pt4FU5sQL6Opbap9rB2EIKiJSvUgU/8cbVKvodQ/R5tUDzL1z9EGgiDIC5AJPpevPNPayNXG1d/Hjmm77/gIkgk+L7zwQmtbVxtXfx87pu2+4yNIJvj8lKOtq82nPOdis2Pa7js+gmT6J75gifvLhK2Nq7+PHdN23/HRFxH6B3zmMe8pXP+kbW1c/X3smLb7jo++RPiURnG18S2tYrNj2u47PkAyBEFNg+MccJuqXHCbKsAtBEF9B8j8YO/2zcZGxy6YZ91v2+drx7TddWxdcq+dO3ca269atcq4f+7cuda+PnZsNmzHJumSe+3ascnYfvXZy437Bw5fau3rY8dmw3bssq8mudf+PW+a534k7TeP0dbX147JhuvYukQrW3ftM7Y/+l0TjfsXO/r62LHZsB27fH9qkqTs373b/PlafLx1v22frx3Tdtex1cQzKevck9fJZ7Ahvyy3aS4pOS5Sc2TksCEjlNo0FwiCIAiCHIAMQRDUr/KJAnAptX+qDfYo5fAs5fBMpdjgOfhEALmU2j/VBkcoHbxPGkdq/1QbPBd63JZEcKxYWynjQPQKBEE+/w9D/7fG9HFJXebgE7ER08cl9Xrrcx2N6QNAhiAIKvyjDKrqn26jO1Lhyn9cHPWl/ZrfebwT2zeHDeorn/tGGJmU2j+XDdaar1wU1W/VF26K7pvDBvWVXzb6vQ6ynEPqfGL7YolHf+rP/8UeHfOfz9rQ4Tbyse65a3tMH9ruO5fH//Ak61wW/9VDHW4jH+ueu7bH9KHtvnM5++47rXO568OrO9xGPtY9d22P6UPbY+BY/nAeUk1F9kv94VxdfhdSCUX2S10KoS6dC6liIvvVce09BJdKCIIgCIL6Ub2E1ByedKhZcOxqY9rnYze3LRccu9qY9vnYzW3LBceuNqZ9PnarssVwTD+c8y1Esh/ZiV32xHBMy+/4FiLZj+zEljplOKalc3wLOh+iH9mp+tp7CIVbpdYxbooouVVqHeOmiJJbfaslc6FfvZLrGDdE9MtZah3jpoi+3CXXMYYgCIIgCIK0cJxDsZAs4TiHYiFZwnGW81EDJB+SY41YL0Vwz2uqfLJEN1kE91zmySdLdJNFcM9lnnKsD+2lCO45tMUnS3STRXDP4TE+WaKbLIJ7hDdCEARBENRWOI6F5NxwHAvJueG4Lkju+xBrgvvUzKBNEcG9bx3mpovg3rcOc9OVEtrSNKWExzRNdYTYQBAEQRAEhcJsE+zmhuNYu7nhuGq7JSAjxLqZQoh1M4UQawiCIAjqT4UkwGq6QhJgNV0xCbCa/J1353MTKrFNdn2TddH31Wdeeb2ScZBd32Rd9F1z7+NPVDIOsltVJGHfh1hL9XuItVS/h1hL9XuItVS/h1hL9XuINQRBEASFKCaZVlMVk0yrqYpJpjXeIDkEjquE5BA4rhKSq4TjEpBxuYQgCIIgqB/Vy0zSKPMEQVAdkBwDx1VAcgwcVwHJVcMxCXWQIQiCGii1nnBdfXPaaKNkPeE6++a0kQqVOaA0xxhy2Erti08ElFsIA2+mYsLACWpjc9hIuE6pgcyQHJt/RsJ1Sg3k1OuthOs6rr0AZAiC+l4p/4R0/4x6YYP/AabOJce5yDEGuqccFylJFFcN3Z7ctCUNKBNtcJWE1LkM9aeEkklzSbXBc8nxBSPHF5ScX3JSbAF0oSaJwsDbAskUBt4WSKYw8FhIrqOPDyTX0aeK620vrtEAZAiCWgPJveyf859am+YioawX/XPZaNtcoOZfz+hHKtPn0LYv95dZWyh5XWHm7AEzfWG37YMgCAIgQxAEQRAEtQSSTfvqGoctLLJOz44tTBRwDEFQTnUGB1FGFIIgCIIgCIIgCII613/2Q2WZp73bN0cZWPWFmzprvnJREmWn2Jg+e35BdZwp7IzLPO3cuTNqHMuWLets2LAhaS4pNmbOnFlQHWeq58xlnnbt2BQ1joUnXdDZ+NAtSXNJsTEwa0FBdZypnjOXeYotnE7Jgq78x8VJc0mxMfWwCQXVcaZf7LnMU2zx9dU3Pd2586JjkuaSYmPuwLSC6jjTr+1c5im20PqPz/9E59Rbv500lxQbU2fMKKiOM9YPQhDUJPmEP9cRIu0T/lxHiLRP+HNdIdKhZZ5oLXBqaagYGz5rkEPLPNFa4NTSUDE2fNYgh5Z5orXAqaWhYmy0qV4zZBfKPEEQBEEQBEEQBEFQgTXIEAS1RLElDEgpJRBy2ZDekzbNhSJ7Yu1QNE1K/xw2qH8b5wJBEARBEAAZgqAWwzGFvqcotX+qDQ4xzBFqmCNUMcUGz4GXvaQotX+qDZoDg+nQfdI4Uvun2uC58GuU8t5o0o8wKfNJGQcSQ0EQBAGQIQiCGqvYdeGkxYn9c9mQil1n3ut17tRXPo/NCUGaO3duUv9cNqQ2bNgQ1W/ZsmXRfXPYoL4SJtvyg1KO+cT2RWkhCIJckpnoQ/IOxPazXa/4cch1K7afSTIjfkj+g9h+sTqEkltRkqt+FSfoosf0yzgluepXcYIuekzJrb7Vx3PhBF38waYkV/0qTtDFFwdKctWv4gRdfIGhJFd9C8RI0AVB4145YD8FrFM96RAEtRuOKUkt3WLEfU3l3kKvk7HXSu6ber3j5LB0ixH3NZWdywrIN3zujDKLdb+Kxk5zoMc5wvl6KRo7ry/jLNb9Kho7zUFeIPpV8uLUyy9jub/Q8YWqX1XXRRKCIAhqh3yyQ/eLfLJD94vamB1aVnCJreLCfVMgWVZfiY1y474pkCwrp8RWT+G+dXz/QxZrCIIgCIIgqPVKLdnUJKWWbGqSUks2NRmOcygWklNLk+pAOQaSU8uK6kC5akjGGmQIgiAIGoeK/dLU6zX7VM+9CXPRjQOCUgUvdzMV6uXOBcfd9ibUdp3PbS8XHFdlTxU8yBAEQRAEQRDUAMHL3UyFeLkpb83O5yZkPT7ZC03WRTlnnnnl9azjIHuhybooX8zex5/IOg6yV2UeGgAyBEEQBEEQBEFQJuWE5Bg4rgKSY+C4CkiuGo5JCLGGIAiCoHGolBDhHOHFOWxwHeOU5Imx45BVAaD+EIUvt8VDS+HLbfHQUvhy29YhMySnZKBmwE4t85Rad54BO/V6R1Cbsm6YAbuOCiYAZAiCoAZKrSdcV9+cNtooWU+4zr45baR+WVp8EA6Tvtwn2pBf1FLmkzIOwHH/CeHLzVQb4VhCcp39cl+vcl/nYuG27rKeAGQIgvpeqV/4Vxejv5D2ygb/E0qdS2r/XGOge6rrzqXrYmFwzZo1yUCZYoNr06fOZag/lfFLmkuqDZ5Lji89Ob405fzilWILoAtBEAQBkCEIaiUkt+ULf5vmIqGsF/1z2WjbXCAIgiAI0gtJuiAIgiAIgiAIgiBoSJ3BwUGcBQiCIAiCIAiCIAiAfP1nPzS4fOWZxd7tm6MMrPrCTZ01X7koibJTbEyfPb9Yv/be4vN/e1+5PuzCCy8sdu7cGTWOZcuWdTZs2JA0lxQbM2fOLG6++eYyhO6r1142+KmhuezasSlqHAtPuqCz8aFbkuaSYmNg1oLiW0NzufSK68sMfguWxBdNv+Z3Hu9c+Y+Lk+aSYmPqYROKTY8OJ0zgbKmxhdIp8dGdFx2TNJcUG5StlTOvUibBuaevjC62/uPzP9E59dZvJ80lxcbUGTOKrfevrT1xAwRBkE30P8+VYMenTaroGu+6Pvq0SRX933Qt2fBpk0OhSbpyZL2OsUF9XG1Ck3TlyHodY4P6uNqEJunKkfU6xgb1wRVufAgh1hAEQRAEQRAEQRBUIEkXBEEtUUptvdTafDlsSC9Om+ZC0TCxdigCJaV/DhvUv41zgSAIgiCopYDM4dVteDE4vLoNc+Hw6jbMhcOr2zAXDq9uw1xkeDWHi6cotX+qDQ51zBHymCNkMsUGz4GXiqQotX+qDZoDg+nQfdI4Uvun2uC50OO2lBJjxdpKGQfKQ0EQBAGQGylaP33D584YbAMk0/ppWkfdBkimL6Tyy1g/i9ZP17FerA7R+um61npVLYJRCZOxa6lZqf1z2WDFrs3u9dpw6iufx+ZRIA0cvjSpfy4bUhsfuiWq38KTLojum8MG9ZUw2e+lxOQcUucT27ct11KoWfJZf9wv8ll/3C8KXX9M3xvl85jvkDlsqD8AxlyzcthQo9JifoTPYcNXWIMMQRAEQVBfqpeQmsOTDkGqUpOCNUmpScGapJCEXpycVt5U2K3DBieWlbfQa1YOGxzlJ2+hy7hy2AgCZPK8UphyG0SeVwpTboPI8/qtlsyFfvGiMOU2iL4QUZhyG0S/vFGYMgRBEARBEJQuWblF3kIAN4cNWXVF3kIAN4cNWTFF3kIAN4eNYECm8GQKU26DuMxTG5Rj7V7TLhZtEF8s2qAc63YhCIIgCIKgarTzuQnlrdd65pXXy1uvtffxJ8pb1er7EGsk6WqmkKSrmWprki4IgiAIgiAIAiAXo0m62vBicJKuNsyFk3S1YS4x6z6aqpi1I01V1etPIAiCIAiCeqmZR75Z3nqto981sbz1WtMXH1/eAMgQBEEQBEEQBEENF+fdmXrYhK5bSDRiDhucM2fuwLSuW0gkYQ4bnO9m6owZXbeQKMAcNgDIEARBEASNC/UykzTKPPWf1BJKOUsq+dqS7XR9fO2oJZRyllTytSXb6fr42lFLKIWWVAqx7dNO1ydkTAy48ha6VC+HDQZceQu9ZuWwwYArb6Fgm8NGiA4tIAiCoMZJrSdcV9+cNtooWU+4zr45baRCZQ4ozTGGHLZS++IT0X5IDoFoU1vbMVMgPRSSQyDa1NZ2zBRID4XkEGA1tbUdMxXSc+SuyWGj1zXrJeA2wQYAGYKgcSO6aCatRz6/SM+KmGiDL/ypc0k+F5nGQPeUqC8lFwHB4J13rU8GyhQbnGwwdS5D/SkvQ9JcUm3IxImpX3ia8qUrhy2ALgRBEKQF5Omz52sbUJZoWQZKfW7ra7OjymbD1VfVzJkztdspS7QsA6U+t/W12fE9vk9fVQOzFmi3U5ZoWQZKfW7ra7Pje3yfvqpo/YROFDYiy0Cpz219bXZ8j+/TVxWtwdCJQk9kGSj1ua2vzY7v8X36jjkvM2Zot1P4iiwDpT639bXZ8T2+T18dlKVCXa9ttG0uqdnsc2TDz5VRv01zgSAIgiBIr87g4KA1CzSVUJL7Xc997fju893Pj21ZoKmEktzveu5rx3ef735+bPNWqN4M13NfO777fPfzY1sWaAohkftdz33t+O7z3c+PbeF4arie67mvHd99vvv5sc1LqHoRXc997fju892PyzgEQU2T639WXaUDXdfouq6hrv978OJDENQk/f8CDADTgp/UmKp6cQAAAABJRU5ErkJggg==</ImportTexture>
  <ImportTexture filename="red-collision-box.png">iVBORw0KGgoAAAANSUhEUgAAABAAAAAQCAYAAAAf8/9hAAAACXBIWXMAAC4jAAAuIwF4pT92AAAKT2lDQ1BQaG90b3Nob3AgSUNDIHByb2ZpbGUAAHjanVNnVFPpFj333vRCS4iAlEtvUhUIIFJCi4AUkSYqIQkQSoghodkVUcERRUUEG8igiAOOjoCMFVEsDIoK2AfkIaKOg6OIisr74Xuja9a89+bN/rXXPues852zzwfACAyWSDNRNYAMqUIeEeCDx8TG4eQuQIEKJHAAEAizZCFz/SMBAPh+PDwrIsAHvgABeNMLCADATZvAMByH/w/qQplcAYCEAcB0kThLCIAUAEB6jkKmAEBGAYCdmCZTAKAEAGDLY2LjAFAtAGAnf+bTAICd+Jl7AQBblCEVAaCRACATZYhEAGg7AKzPVopFAFgwABRmS8Q5ANgtADBJV2ZIALC3AMDOEAuyAAgMADBRiIUpAAR7AGDIIyN4AISZABRG8lc88SuuEOcqAAB4mbI8uSQ5RYFbCC1xB1dXLh4ozkkXKxQ2YQJhmkAuwnmZGTKBNA/g88wAAKCRFRHgg/P9eM4Ors7ONo62Dl8t6r8G/yJiYuP+5c+rcEAAAOF0ftH+LC+zGoA7BoBt/qIl7gRoXgugdfeLZrIPQLUAoOnaV/Nw+H48PEWhkLnZ2eXk5NhKxEJbYcpXff5nwl/AV/1s+X48/Pf14L7iJIEyXYFHBPjgwsz0TKUcz5IJhGLc5o9H/LcL//wd0yLESWK5WCoU41EScY5EmozzMqUiiUKSKcUl0v9k4t8s+wM+3zUAsGo+AXuRLahdYwP2SycQWHTA4vcAAPK7b8HUKAgDgGiD4c93/+8//UegJQCAZkmScQAAXkQkLlTKsz/HCAAARKCBKrBBG/TBGCzABhzBBdzBC/xgNoRCJMTCQhBCCmSAHHJgKayCQiiGzbAdKmAv1EAdNMBRaIaTcA4uwlW4Dj1wD/phCJ7BKLyBCQRByAgTYSHaiAFiilgjjggXmYX4IcFIBBKLJCDJiBRRIkuRNUgxUopUIFVIHfI9cgI5h1xGupE7yAAygvyGvEcxlIGyUT3UDLVDuag3GoRGogvQZHQxmo8WoJvQcrQaPYw2oefQq2gP2o8+Q8cwwOgYBzPEbDAuxsNCsTgsCZNjy7EirAyrxhqwVqwDu4n1Y8+xdwQSgUXACTYEd0IgYR5BSFhMWE7YSKggHCQ0EdoJNwkDhFHCJyKTqEu0JroR+cQYYjIxh1hILCPWEo8TLxB7iEPENyQSiUMyJ7mQAkmxpFTSEtJG0m5SI+ksqZs0SBojk8naZGuyBzmULCAryIXkneTD5DPkG+Qh8lsKnWJAcaT4U+IoUspqShnlEOU05QZlmDJBVaOaUt2ooVQRNY9aQq2htlKvUYeoEzR1mjnNgxZJS6WtopXTGmgXaPdpr+h0uhHdlR5Ol9BX0svpR+iX6AP0dwwNhhWDx4hnKBmbGAcYZxl3GK+YTKYZ04sZx1QwNzHrmOeZD5lvVVgqtip8FZHKCpVKlSaVGyovVKmqpqreqgtV81XLVI+pXlN9rkZVM1PjqQnUlqtVqp1Q61MbU2epO6iHqmeob1Q/pH5Z/YkGWcNMw09DpFGgsV/jvMYgC2MZs3gsIWsNq4Z1gTXEJrHN2Xx2KruY/R27iz2qqaE5QzNKM1ezUvOUZj8H45hx+Jx0TgnnKKeX836K3hTvKeIpG6Y0TLkxZVxrqpaXllirSKtRq0frvTau7aedpr1Fu1n7gQ5Bx0onXCdHZ4/OBZ3nU9lT3acKpxZNPTr1ri6qa6UbobtEd79up+6Ynr5egJ5Mb6feeb3n+hx9L/1U/W36p/VHDFgGswwkBtsMzhg8xTVxbzwdL8fb8VFDXcNAQ6VhlWGX4YSRudE8o9VGjUYPjGnGXOMk423GbcajJgYmISZLTepN7ppSTbmmKaY7TDtMx83MzaLN1pk1mz0x1zLnm+eb15vft2BaeFostqi2uGVJsuRaplnutrxuhVo5WaVYVVpds0atna0l1rutu6cRp7lOk06rntZnw7Dxtsm2qbcZsOXYBtuutm22fWFnYhdnt8Wuw+6TvZN9un2N/T0HDYfZDqsdWh1+c7RyFDpWOt6azpzuP33F9JbpL2dYzxDP2DPjthPLKcRpnVOb00dnF2e5c4PziIuJS4LLLpc+Lpsbxt3IveRKdPVxXeF60vWdm7Obwu2o26/uNu5p7ofcn8w0nymeWTNz0MPIQ+BR5dE/C5+VMGvfrH5PQ0+BZ7XnIy9jL5FXrdewt6V3qvdh7xc+9j5yn+M+4zw33jLeWV/MN8C3yLfLT8Nvnl+F30N/I/9k/3r/0QCngCUBZwOJgUGBWwL7+Hp8Ib+OPzrbZfay2e1BjKC5QRVBj4KtguXBrSFoyOyQrSH355jOkc5pDoVQfujW0Adh5mGLw34MJ4WHhVeGP45wiFga0TGXNXfR3ENz30T6RJZE3ptnMU85ry1KNSo+qi5qPNo3ujS6P8YuZlnM1VidWElsSxw5LiquNm5svt/87fOH4p3iC+N7F5gvyF1weaHOwvSFpxapLhIsOpZATIhOOJTwQRAqqBaMJfITdyWOCnnCHcJnIi/RNtGI2ENcKh5O8kgqTXqS7JG8NXkkxTOlLOW5hCepkLxMDUzdmzqeFpp2IG0yPTq9MYOSkZBxQqohTZO2Z+pn5mZ2y6xlhbL+xW6Lty8elQfJa7OQrAVZLQq2QqboVFoo1yoHsmdlV2a/zYnKOZarnivN7cyzytuQN5zvn//tEsIS4ZK2pYZLVy0dWOa9rGo5sjxxedsK4xUFK4ZWBqw8uIq2Km3VT6vtV5eufr0mek1rgV7ByoLBtQFr6wtVCuWFfevc1+1dT1gvWd+1YfqGnRs+FYmKrhTbF5cVf9go3HjlG4dvyr+Z3JS0qavEuWTPZtJm6ebeLZ5bDpaql+aXDm4N2dq0Dd9WtO319kXbL5fNKNu7g7ZDuaO/PLi8ZafJzs07P1SkVPRU+lQ27tLdtWHX+G7R7ht7vPY07NXbW7z3/T7JvttVAVVN1WbVZftJ+7P3P66Jqun4lvttXa1ObXHtxwPSA/0HIw6217nU1R3SPVRSj9Yr60cOxx++/p3vdy0NNg1VjZzG4iNwRHnk6fcJ3/ceDTradox7rOEH0x92HWcdL2pCmvKaRptTmvtbYlu6T8w+0dbq3nr8R9sfD5w0PFl5SvNUyWna6YLTk2fyz4ydlZ19fi753GDborZ752PO32oPb++6EHTh0kX/i+c7vDvOXPK4dPKy2+UTV7hXmq86X23qdOo8/pPTT8e7nLuarrlca7nuer21e2b36RueN87d9L158Rb/1tWeOT3dvfN6b/fF9/XfFt1+cif9zsu72Xcn7q28T7xf9EDtQdlD3YfVP1v+3Njv3H9qwHeg89HcR/cGhYPP/pH1jw9DBY+Zj8uGDYbrnjg+OTniP3L96fynQ89kzyaeF/6i/suuFxYvfvjV69fO0ZjRoZfyl5O/bXyl/erA6xmv28bCxh6+yXgzMV70VvvtwXfcdx3vo98PT+R8IH8o/2j5sfVT0Kf7kxmTk/8EA5jz/GMzLdsAAAAgY0hSTQAAeiUAAICDAAD5/wAAgOkAAHUwAADqYAAAOpgAABdvkl/FRgAAAEpJREFUeNrs07ENwDAQw0AqCDKBB/6BPYEbpsoAxjcpzF7XKSqdboCZANTmtoYSlZkUsDaBZ2hdNDvAAf4BfF/onanTCwAA//8DADzIGRPCpLU1AAAAAElFTkSuQmCC</ImportTexture>
</Tiled2Unity>